[INFO] Error stacktraces are turned on.
[INFO] Scanning for projects...
[INFO] Inspecting build with total of 1 modules...
[INFO] Installing Nexus Staging features:
[INFO]   ... total of 1 executions of maven-deploy-plugin replaced with nexus-staging-maven-plugin
[INFO] 
[INFO] --------------------< com.github.sbaudoin:yamllint >--------------------
[INFO] Building YAMLLint 1.2.2
[INFO] --------------------------------[ jar ]---------------------------------
[INFO] 
[INFO] --- maven-license-plugin:1.10.b1:format (default) @ yamllint ---
[INFO] Updating license headers...
[INFO] 
[INFO] --- jacoco-maven-plugin:0.8.5:prepare-agent (default) @ yamllint ---
[INFO] argLine set to -javaagent:/home/jdbl/.m2/repository/org/jacoco/org.jacoco.agent/0.8.5/org.jacoco.agent-0.8.5-runtime.jar=destfile=/tmp/tmp3d3e7b_f/yamllint/target/jacoco.exec
[INFO] 
[INFO] --- maven-resources-plugin:2.6:resources (default-resources) @ yamllint ---
[INFO] Using 'UTF-8' encoding to copy filtered resources.
[INFO] Copying 3 resources
[INFO] 
[INFO] --- maven-compiler-plugin:3.6.0:compile (default-compile) @ yamllint ---
[INFO] Changes detected - recompiling the module!
[INFO] Compiling 35 source files to /tmp/tmp3d3e7b_f/yamllint/target/classes
[INFO] /tmp/tmp3d3e7b_f/yamllint/src/main/java/com/github/sbaudoin/yamllint/rules/KeyOrdering.java: Some input files use unchecked or unsafe operations.
[INFO] /tmp/tmp3d3e7b_f/yamllint/src/main/java/com/github/sbaudoin/yamllint/rules/KeyOrdering.java: Recompile with -Xlint:unchecked for details.
[INFO] 
[INFO] --- maven-resources-plugin:2.6:testResources (default-testResources) @ yamllint ---
[INFO] Using 'UTF-8' encoding to copy filtered resources.
[INFO] Copying 141 resources
[INFO] 
[INFO] --- maven-compiler-plugin:3.6.0:testCompile (default-testCompile) @ yamllint ---
[INFO] Changes detected - recompiling the module!
[INFO] Compiling 42 source files to /tmp/tmp3d3e7b_f/yamllint/target/test-classes
[INFO] /tmp/tmp3d3e7b_f/yamllint/src/test/java/com/github/sbaudoin/yamllint/SimpleYamlLintConfigTest.java: Some input files use unchecked or unsafe operations.
[INFO] /tmp/tmp3d3e7b_f/yamllint/src/test/java/com/github/sbaudoin/yamllint/SimpleYamlLintConfigTest.java: Recompile with -Xlint:unchecked for details.
[INFO] 
[INFO] --- maven-surefire-plugin:2.19.1:test (default-test) @ yamllint ---
[INFO] Surefire report directory: /tmp/tmp3d3e7b_f/yamllint/target/surefire-reports

-------------------------------------------------------
 T E S T S
-------------------------------------------------------
Running com.github.sbaudoin.yamllint.ExtendedLibraryYamlLintConfigTest
[main] INFO org.reflections.Reflections - Reflections took 302 ms to scan 2 urls, producing 10 keys and 64 values 
[main] INFO org.reflections.Reflections - Reflections took 146 ms to scan 2 urls, producing 10 keys and 64 values 
Jul 30, 2020 9:01:39 PM com.github.sbaudoin.yamllint.rules.RuleFactory getRule
WARNING: Cannot instantiate rule class com.github.sbaudoin.yamllint.rules.BrokenRule, will ignore it
java.lang.IllegalStateException: This exception is expected
	at com.github.sbaudoin.yamllint.rules.BrokenRule.<init>(BrokenRule.java:20)
	at sun.reflect.NativeConstructorAccessorImpl.newInstance0(Native Method)
	at sun.reflect.NativeConstructorAccessorImpl.newInstance(NativeConstructorAccessorImpl.java:62)
	at sun.reflect.DelegatingConstructorAccessorImpl.newInstance(DelegatingConstructorAccessorImpl.java:45)
	at java.lang.reflect.Constructor.newInstance(Constructor.java:423)
	at java.lang.Class.newInstance(Class.java:442)
	at com.github.sbaudoin.yamllint.rules.RuleFactory.getRule(RuleFactory.java:59)
	at com.github.sbaudoin.yamllint.YamlLintConfig.validate(YamlLintConfig.java:202)
	at com.github.sbaudoin.yamllint.YamlLintConfig.<init>(YamlLintConfig.java:82)
	at com.github.sbaudoin.yamllint.YamlLintConfig.parse(YamlLintConfig.java:178)
	at com.github.sbaudoin.yamllint.YamlLintConfig.<init>(YamlLintConfig.java:62)
	at com.github.sbaudoin.yamllint.rules.RuleTester.getFakeConfig(RuleTester.java:88)
	at com.github.sbaudoin.yamllint.ExtendedLibraryYamlLintConfigTest.testExtendConfigOverrideRulePartly(ExtendedLibraryYamlLintConfigTest.java:61)
	at sun.reflect.NativeMethodAccessorImpl.invoke0(Native Method)
	at sun.reflect.NativeMethodAccessorImpl.invoke(NativeMethodAccessorImpl.java:62)
	at sun.reflect.DelegatingMethodAccessorImpl.invoke(DelegatingMethodAccessorImpl.java:43)
	at java.lang.reflect.Method.invoke(Method.java:498)
	at junit.framework.TestCase.runTest(TestCase.java:176)
	at junit.framework.TestCase.runBare(TestCase.java:141)
	at junit.framework.TestResult$1.protect(TestResult.java:122)
	at junit.framework.TestResult.runProtected(TestResult.java:142)
	at junit.framework.TestResult.run(TestResult.java:125)
	at junit.framework.TestCase.run(TestCase.java:129)
	at junit.framework.TestSuite.runTest(TestSuite.java:252)
	at junit.framework.TestSuite.run(TestSuite.java:247)
	at org.junit.internal.runners.JUnit38ClassRunner.run(JUnit38ClassRunner.java:86)
	at org.apache.maven.surefire.junit4.JUnit4Provider.execute(JUnit4Provider.java:367)
	at org.apache.maven.surefire.junit4.JUnit4Provider.executeWithRerun(JUnit4Provider.java:274)
	at org.apache.maven.surefire.junit4.JUnit4Provider.executeTestSet(JUnit4Provider.java:238)
	at org.apache.maven.surefire.junit4.JUnit4Provider.invoke(JUnit4Provider.java:161)
	at org.apache.maven.surefire.booter.ForkedBooter.invokeProviderInSameClassLoader(ForkedBooter.java:290)
	at org.apache.maven.surefire.booter.ForkedBooter.runSuitesInProcess(ForkedBooter.java:242)
	at org.apache.maven.surefire.booter.ForkedBooter.main(ForkedBooter.java:121)

[main] INFO org.reflections.Reflections - Reflections took 94 ms to scan 2 urls, producing 10 keys and 64 values 
Jul 30, 2020 9:01:40 PM com.github.sbaudoin.yamllint.rules.RuleFactory getRule
WARNING: Cannot instantiate rule class com.github.sbaudoin.yamllint.rules.BrokenRule, will ignore it
java.lang.IllegalStateException: This exception is expected
	at com.github.sbaudoin.yamllint.rules.BrokenRule.<init>(BrokenRule.java:20)
	at sun.reflect.NativeConstructorAccessorImpl.newInstance0(Native Method)
	at sun.reflect.NativeConstructorAccessorImpl.newInstance(NativeConstructorAccessorImpl.java:62)
	at sun.reflect.DelegatingConstructorAccessorImpl.newInstance(DelegatingConstructorAccessorImpl.java:45)
	at java.lang.reflect.Constructor.newInstance(Constructor.java:423)
	at java.lang.Class.newInstance(Class.java:442)
	at com.github.sbaudoin.yamllint.rules.RuleFactory.getRule(RuleFactory.java:59)
	at com.github.sbaudoin.yamllint.YamlLintConfig.validate(YamlLintConfig.java:202)
	at com.github.sbaudoin.yamllint.YamlLintConfig.<init>(YamlLintConfig.java:82)
	at com.github.sbaudoin.yamllint.YamlLintConfig.parse(YamlLintConfig.java:178)
	at com.github.sbaudoin.yamllint.YamlLintConfig.<init>(YamlLintConfig.java:62)
	at com.github.sbaudoin.yamllint.rules.RuleTester.getFakeConfig(RuleTester.java:88)
	at com.github.sbaudoin.yamllint.ExtendedLibraryYamlLintConfigTest.testExtendConfigOverrideRulePartly(ExtendedLibraryYamlLintConfigTest.java:61)
	at sun.reflect.NativeMethodAccessorImpl.invoke0(Native Method)
	at sun.reflect.NativeMethodAccessorImpl.invoke(NativeMethodAccessorImpl.java:62)
	at sun.reflect.DelegatingMethodAccessorImpl.invoke(DelegatingMethodAccessorImpl.java:43)
	at java.lang.reflect.Method.invoke(Method.java:498)
	at junit.framework.TestCase.runTest(TestCase.java:176)
	at junit.framework.TestCase.runBare(TestCase.java:141)
	at junit.framework.TestResult$1.protect(TestResult.java:122)
	at junit.framework.TestResult.runProtected(TestResult.java:142)
	at junit.framework.TestResult.run(TestResult.java:125)
	at junit.framework.TestCase.run(TestCase.java:129)
	at junit.framework.TestSuite.runTest(TestSuite.java:252)
	at junit.framework.TestSuite.run(TestSuite.java:247)
	at org.junit.internal.runners.JUnit38ClassRunner.run(JUnit38ClassRunner.java:86)
	at org.apache.maven.surefire.junit4.JUnit4Provider.execute(JUnit4Provider.java:367)
	at org.apache.maven.surefire.junit4.JUnit4Provider.executeWithRerun(JUnit4Provider.java:274)
	at org.apache.maven.surefire.junit4.JUnit4Provider.executeTestSet(JUnit4Provider.java:238)
	at org.apache.maven.surefire.junit4.JUnit4Provider.invoke(JUnit4Provider.java:161)
	at org.apache.maven.surefire.booter.ForkedBooter.invokeProviderInSameClassLoader(ForkedBooter.java:290)
	at org.apache.maven.surefire.booter.ForkedBooter.runSuitesInProcess(ForkedBooter.java:242)
	at org.apache.maven.surefire.booter.ForkedBooter.main(ForkedBooter.java:121)

[main] INFO org.reflections.Reflections - Reflections took 125 ms to scan 2 urls, producing 10 keys and 64 values 
Jul 30, 2020 9:01:40 PM com.github.sbaudoin.yamllint.rules.RuleFactory getRule
WARNING: Cannot instantiate rule class com.github.sbaudoin.yamllint.rules.BrokenRule, will ignore it
java.lang.IllegalStateException: This exception is expected
	at com.github.sbaudoin.yamllint.rules.BrokenRule.<init>(BrokenRule.java:20)
	at sun.reflect.NativeConstructorAccessorImpl.newInstance0(Native Method)
	at sun.reflect.NativeConstructorAccessorImpl.newInstance(NativeConstructorAccessorImpl.java:62)
	at sun.reflect.DelegatingConstructorAccessorImpl.newInstance(DelegatingConstructorAccessorImpl.java:45)
	at java.lang.reflect.Constructor.newInstance(Constructor.java:423)
	at java.lang.Class.newInstance(Class.java:442)
	at com.github.sbaudoin.yamllint.rules.RuleFactory.getRule(RuleFactory.java:59)
	at com.github.sbaudoin.yamllint.YamlLintConfig.validate(YamlLintConfig.java:202)
	at com.github.sbaudoin.yamllint.YamlLintConfig.<init>(YamlLintConfig.java:82)
	at com.github.sbaudoin.yamllint.YamlLintConfig.parse(YamlLintConfig.java:178)
	at com.github.sbaudoin.yamllint.YamlLintConfig.<init>(YamlLintConfig.java:62)
	at com.github.sbaudoin.yamllint.rules.RuleTester.getFakeConfig(RuleTester.java:88)
	at com.github.sbaudoin.yamllint.ExtendedLibraryYamlLintConfigTest.testExtendConfigOverrideRulePartly(ExtendedLibraryYamlLintConfigTest.java:61)
	at sun.reflect.NativeMethodAccessorImpl.invoke0(Native Method)
	at sun.reflect.NativeMethodAccessorImpl.invoke(NativeMethodAccessorImpl.java:62)
	at sun.reflect.DelegatingMethodAccessorImpl.invoke(DelegatingMethodAccessorImpl.java:43)
	at java.lang.reflect.Method.invoke(Method.java:498)
	at junit.framework.TestCase.runTest(TestCase.java:176)
	at junit.framework.TestCase.runBare(TestCase.java:141)
	at junit.framework.TestResult$1.protect(TestResult.java:122)
	at junit.framework.TestResult.runProtected(TestResult.java:142)
	at junit.framework.TestResult.run(TestResult.java:125)
	at junit.framework.TestCase.run(TestCase.java:129)
	at junit.framework.TestSuite.runTest(TestSuite.java:252)
	at junit.framework.TestSuite.run(TestSuite.java:247)
	at org.junit.internal.runners.JUnit38ClassRunner.run(JUnit38ClassRunner.java:86)
	at org.apache.maven.surefire.junit4.JUnit4Provider.execute(JUnit4Provider.java:367)
	at org.apache.maven.surefire.junit4.JUnit4Provider.executeWithRerun(JUnit4Provider.java:274)
	at org.apache.maven.surefire.junit4.JUnit4Provider.executeTestSet(JUnit4Provider.java:238)
	at org.apache.maven.surefire.junit4.JUnit4Provider.invoke(JUnit4Provider.java:161)
	at org.apache.maven.surefire.booter.ForkedBooter.invokeProviderInSameClassLoader(ForkedBooter.java:290)
	at org.apache.maven.surefire.booter.ForkedBooter.runSuitesInProcess(ForkedBooter.java:242)
	at org.apache.maven.surefire.booter.ForkedBooter.main(ForkedBooter.java:121)

[main] INFO org.reflections.Reflections - Reflections took 43 ms to scan 2 urls, producing 10 keys and 64 values 
Jul 30, 2020 9:01:40 PM com.github.sbaudoin.yamllint.rules.RuleFactory getRule
WARNING: Cannot instantiate rule class com.github.sbaudoin.yamllint.rules.BrokenRule, will ignore it
java.lang.IllegalStateException: This exception is expected
	at com.github.sbaudoin.yamllint.rules.BrokenRule.<init>(BrokenRule.java:20)
	at sun.reflect.NativeConstructorAccessorImpl.newInstance0(Native Method)
	at sun.reflect.NativeConstructorAccessorImpl.newInstance(NativeConstructorAccessorImpl.java:62)
	at sun.reflect.DelegatingConstructorAccessorImpl.newInstance(DelegatingConstructorAccessorImpl.java:45)
	at java.lang.reflect.Constructor.newInstance(Constructor.java:423)
	at java.lang.Class.newInstance(Class.java:442)
	at com.github.sbaudoin.yamllint.rules.RuleFactory.getRule(RuleFactory.java:59)
	at com.github.sbaudoin.yamllint.YamlLintConfig.validate(YamlLintConfig.java:202)
	at com.github.sbaudoin.yamllint.YamlLintConfig.<init>(YamlLintConfig.java:82)
	at com.github.sbaudoin.yamllint.YamlLintConfig.parse(YamlLintConfig.java:178)
	at com.github.sbaudoin.yamllint.YamlLintConfig.<init>(YamlLintConfig.java:62)
	at com.github.sbaudoin.yamllint.rules.RuleTester.getFakeConfig(RuleTester.java:88)
	at com.github.sbaudoin.yamllint.ExtendedLibraryYamlLintConfigTest.testExtendConfigOverrideRulePartly(ExtendedLibraryYamlLintConfigTest.java:61)
	at sun.reflect.NativeMethodAccessorImpl.invoke0(Native Method)
	at sun.reflect.NativeMethodAccessorImpl.invoke(NativeMethodAccessorImpl.java:62)
	at sun.reflect.DelegatingMethodAccessorImpl.invoke(DelegatingMethodAccessorImpl.java:43)
	at java.lang.reflect.Method.invoke(Method.java:498)
	at junit.framework.TestCase.runTest(TestCase.java:176)
	at junit.framework.TestCase.runBare(TestCase.java:141)
	at junit.framework.TestResult$1.protect(TestResult.java:122)
	at junit.framework.TestResult.runProtected(TestResult.java:142)
	at junit.framework.TestResult.run(TestResult.java:125)
	at junit.framework.TestCase.run(TestCase.java:129)
	at junit.framework.TestSuite.runTest(TestSuite.java:252)
	at junit.framework.TestSuite.run(TestSuite.java:247)
	at org.junit.internal.runners.JUnit38ClassRunner.run(JUnit38ClassRunner.java:86)
	at org.apache.maven.surefire.junit4.JUnit4Provider.execute(JUnit4Provider.java:367)
	at org.apache.maven.surefire.junit4.JUnit4Provider.executeWithRerun(JUnit4Provider.java:274)
	at org.apache.maven.surefire.junit4.JUnit4Provider.executeTestSet(JUnit4Provider.java:238)
	at org.apache.maven.surefire.junit4.JUnit4Provider.invoke(JUnit4Provider.java:161)
	at org.apache.maven.surefire.booter.ForkedBooter.invokeProviderInSameClassLoader(ForkedBooter.java:290)
	at org.apache.maven.surefire.booter.ForkedBooter.runSuitesInProcess(ForkedBooter.java:242)
	at org.apache.maven.surefire.booter.ForkedBooter.main(ForkedBooter.java:121)

[main] INFO org.reflections.Reflections - Reflections took 42 ms to scan 2 urls, producing 10 keys and 64 values 
Jul 30, 2020 9:01:40 PM com.github.sbaudoin.yamllint.rules.RuleFactory getRule
WARNING: Cannot instantiate rule class com.github.sbaudoin.yamllint.rules.BrokenRule, will ignore it
java.lang.IllegalStateException: This exception is expected
	at com.github.sbaudoin.yamllint.rules.BrokenRule.<init>(BrokenRule.java:20)
	at sun.reflect.NativeConstructorAccessorImpl.newInstance0(Native Method)
	at sun.reflect.NativeConstructorAccessorImpl.newInstance(NativeConstructorAccessorImpl.java:62)
	at sun.reflect.DelegatingConstructorAccessorImpl.newInstance(DelegatingConstructorAccessorImpl.java:45)
	at java.lang.reflect.Constructor.newInstance(Constructor.java:423)
	at java.lang.Class.newInstance(Class.java:442)
	at com.github.sbaudoin.yamllint.rules.RuleFactory.getRule(RuleFactory.java:59)
	at com.github.sbaudoin.yamllint.YamlLintConfig.validate(YamlLintConfig.java:202)
	at com.github.sbaudoin.yamllint.YamlLintConfig.<init>(YamlLintConfig.java:82)
	at com.github.sbaudoin.yamllint.YamlLintConfig.parse(YamlLintConfig.java:178)
	at com.github.sbaudoin.yamllint.YamlLintConfig.<init>(YamlLintConfig.java:62)
	at com.github.sbaudoin.yamllint.rules.RuleTester.getFakeConfig(RuleTester.java:88)
	at com.github.sbaudoin.yamllint.ExtendedLibraryYamlLintConfigTest.testExtendConfigOverrideRulePartly(ExtendedLibraryYamlLintConfigTest.java:61)
	at sun.reflect.NativeMethodAccessorImpl.invoke0(Native Method)
	at sun.reflect.NativeMethodAccessorImpl.invoke(NativeMethodAccessorImpl.java:62)
	at sun.reflect.DelegatingMethodAccessorImpl.invoke(DelegatingMethodAccessorImpl.java:43)
	at java.lang.reflect.Method.invoke(Method.java:498)
	at junit.framework.TestCase.runTest(TestCase.java:176)
	at junit.framework.TestCase.runBare(TestCase.java:141)
	at junit.framework.TestResult$1.protect(TestResult.java:122)
	at junit.framework.TestResult.runProtected(TestResult.java:142)
	at junit.framework.TestResult.run(TestResult.java:125)
	at junit.framework.TestCase.run(TestCase.java:129)
	at junit.framework.TestSuite.runTest(TestSuite.java:252)
	at junit.framework.TestSuite.run(TestSuite.java:247)
	at org.junit.internal.runners.JUnit38ClassRunner.run(JUnit38ClassRunner.java:86)
	at org.apache.maven.surefire.junit4.JUnit4Provider.execute(JUnit4Provider.java:367)
	at org.apache.maven.surefire.junit4.JUnit4Provider.executeWithRerun(JUnit4Provider.java:274)
	at org.apache.maven.surefire.junit4.JUnit4Provider.executeTestSet(JUnit4Provider.java:238)
	at org.apache.maven.surefire.junit4.JUnit4Provider.invoke(JUnit4Provider.java:161)
	at org.apache.maven.surefire.booter.ForkedBooter.invokeProviderInSameClassLoader(ForkedBooter.java:290)
	at org.apache.maven.surefire.booter.ForkedBooter.runSuitesInProcess(ForkedBooter.java:242)
	at org.apache.maven.surefire.booter.ForkedBooter.main(ForkedBooter.java:121)

[main] INFO org.reflections.Reflections - Reflections took 39 ms to scan 2 urls, producing 10 keys and 64 values 
[main] INFO org.reflections.Reflections - Reflections took 56 ms to scan 2 urls, producing 10 keys and 64 values 
Jul 30, 2020 9:01:40 PM com.github.sbaudoin.yamllint.rules.RuleFactory getRule
WARNING: Cannot instantiate rule class com.github.sbaudoin.yamllint.rules.BrokenRule, will ignore it
java.lang.IllegalStateException: This exception is expected
	at com.github.sbaudoin.yamllint.rules.BrokenRule.<init>(BrokenRule.java:20)
	at sun.reflect.NativeConstructorAccessorImpl.newInstance0(Native Method)
	at sun.reflect.NativeConstructorAccessorImpl.newInstance(NativeConstructorAccessorImpl.java:62)
	at sun.reflect.DelegatingConstructorAccessorImpl.newInstance(DelegatingConstructorAccessorImpl.java:45)
	at java.lang.reflect.Constructor.newInstance(Constructor.java:423)
	at java.lang.Class.newInstance(Class.java:442)
	at com.github.sbaudoin.yamllint.rules.RuleFactory.getRule(RuleFactory.java:59)
	at com.github.sbaudoin.yamllint.YamlLintConfig.validate(YamlLintConfig.java:202)
	at com.github.sbaudoin.yamllint.YamlLintConfig.<init>(YamlLintConfig.java:82)
	at com.github.sbaudoin.yamllint.YamlLintConfig.parse(YamlLintConfig.java:178)
	at com.github.sbaudoin.yamllint.YamlLintConfig.<init>(YamlLintConfig.java:62)
	at com.github.sbaudoin.yamllint.rules.RuleTester.getFakeConfig(RuleTester.java:88)
	at com.github.sbaudoin.yamllint.ExtendedLibraryYamlLintConfigTest.testExtendConfigOverrideRulePartly(ExtendedLibraryYamlLintConfigTest.java:61)
	at sun.reflect.NativeMethodAccessorImpl.invoke0(Native Method)
	at sun.reflect.NativeMethodAccessorImpl.invoke(NativeMethodAccessorImpl.java:62)
	at sun.reflect.DelegatingMethodAccessorImpl.invoke(DelegatingMethodAccessorImpl.java:43)
	at java.lang.reflect.Method.invoke(Method.java:498)
	at junit.framework.TestCase.runTest(TestCase.java:176)
	at junit.framework.TestCase.runBare(TestCase.java:141)
	at junit.framework.TestResult$1.protect(TestResult.java:122)
	at junit.framework.TestResult.runProtected(TestResult.java:142)
	at junit.framework.TestResult.run(TestResult.java:125)
	at junit.framework.TestCase.run(TestCase.java:129)
	at junit.framework.TestSuite.runTest(TestSuite.java:252)
	at junit.framework.TestSuite.run(TestSuite.java:247)
	at org.junit.internal.runners.JUnit38ClassRunner.run(JUnit38ClassRunner.java:86)
	at org.apache.maven.surefire.junit4.JUnit4Provider.execute(JUnit4Provider.java:367)
	at org.apache.maven.surefire.junit4.JUnit4Provider.executeWithRerun(JUnit4Provider.java:274)
	at org.apache.maven.surefire.junit4.JUnit4Provider.executeTestSet(JUnit4Provider.java:238)
	at org.apache.maven.surefire.junit4.JUnit4Provider.invoke(JUnit4Provider.java:161)
	at org.apache.maven.surefire.booter.ForkedBooter.invokeProviderInSameClassLoader(ForkedBooter.java:290)
	at org.apache.maven.surefire.booter.ForkedBooter.runSuitesInProcess(ForkedBooter.java:242)
	at org.apache.maven.surefire.booter.ForkedBooter.main(ForkedBooter.java:121)

[main] INFO org.reflections.Reflections - Reflections took 69 ms to scan 2 urls, producing 10 keys and 64 values 
Jul 30, 2020 9:01:40 PM com.github.sbaudoin.yamllint.rules.RuleFactory getRule
WARNING: Cannot instantiate rule class com.github.sbaudoin.yamllint.rules.BrokenRule, will ignore it
java.lang.IllegalStateException: This exception is expected
	at com.github.sbaudoin.yamllint.rules.BrokenRule.<init>(BrokenRule.java:20)
	at sun.reflect.NativeConstructorAccessorImpl.newInstance0(Native Method)
	at sun.reflect.NativeConstructorAccessorImpl.newInstance(NativeConstructorAccessorImpl.java:62)
	at sun.reflect.DelegatingConstructorAccessorImpl.newInstance(DelegatingConstructorAccessorImpl.java:45)
	at java.lang.reflect.Constructor.newInstance(Constructor.java:423)
	at java.lang.Class.newInstance(Class.java:442)
	at com.github.sbaudoin.yamllint.rules.RuleFactory.getRule(RuleFactory.java:59)
	at com.github.sbaudoin.yamllint.YamlLintConfig.validate(YamlLintConfig.java:202)
	at com.github.sbaudoin.yamllint.YamlLintConfig.<init>(YamlLintConfig.java:82)
	at com.github.sbaudoin.yamllint.YamlLintConfig.parse(YamlLintConfig.java:178)
	at com.github.sbaudoin.yamllint.YamlLintConfig.<init>(YamlLintConfig.java:62)
	at com.github.sbaudoin.yamllint.rules.RuleTester.getFakeConfig(RuleTester.java:88)
	at com.github.sbaudoin.yamllint.ExtendedLibraryYamlLintConfigTest.testExtendConfigOverrideRulePartly(ExtendedLibraryYamlLintConfigTest.java:61)
	at sun.reflect.NativeMethodAccessorImpl.invoke0(Native Method)
	at sun.reflect.NativeMethodAccessorImpl.invoke(NativeMethodAccessorImpl.java:62)
	at sun.reflect.DelegatingMethodAccessorImpl.invoke(DelegatingMethodAccessorImpl.java:43)
	at java.lang.reflect.Method.invoke(Method.java:498)
	at junit.framework.TestCase.runTest(TestCase.java:176)
	at junit.framework.TestCase.runBare(TestCase.java:141)
	at junit.framework.TestResult$1.protect(TestResult.java:122)
	at junit.framework.TestResult.runProtected(TestResult.java:142)
	at junit.framework.TestResult.run(TestResult.java:125)
	at junit.framework.TestCase.run(TestCase.java:129)
	at junit.framework.TestSuite.runTest(TestSuite.java:252)
	at junit.framework.TestSuite.run(TestSuite.java:247)
	at org.junit.internal.runners.JUnit38ClassRunner.run(JUnit38ClassRunner.java:86)
	at org.apache.maven.surefire.junit4.JUnit4Provider.execute(JUnit4Provider.java:367)
	at org.apache.maven.surefire.junit4.JUnit4Provider.executeWithRerun(JUnit4Provider.java:274)
	at org.apache.maven.surefire.junit4.JUnit4Provider.executeTestSet(JUnit4Provider.java:238)
	at org.apache.maven.surefire.junit4.JUnit4Provider.invoke(JUnit4Provider.java:161)
	at org.apache.maven.surefire.booter.ForkedBooter.invokeProviderInSameClassLoader(ForkedBooter.java:290)
	at org.apache.maven.surefire.booter.ForkedBooter.runSuitesInProcess(ForkedBooter.java:242)
	at org.apache.maven.surefire.booter.ForkedBooter.main(ForkedBooter.java:121)

[main] INFO org.reflections.Reflections - Reflections took 69 ms to scan 2 urls, producing 10 keys and 64 values 
Jul 30, 2020 9:01:40 PM com.github.sbaudoin.yamllint.rules.RuleFactory getRule
WARNING: Cannot instantiate rule class com.github.sbaudoin.yamllint.rules.BrokenRule, will ignore it
java.lang.IllegalStateException: This exception is expected
	at com.github.sbaudoin.yamllint.rules.BrokenRule.<init>(BrokenRule.java:20)
	at sun.reflect.NativeConstructorAccessorImpl.newInstance0(Native Method)
	at sun.reflect.NativeConstructorAccessorImpl.newInstance(NativeConstructorAccessorImpl.java:62)
	at sun.reflect.DelegatingConstructorAccessorImpl.newInstance(DelegatingConstructorAccessorImpl.java:45)
	at java.lang.reflect.Constructor.newInstance(Constructor.java:423)
	at java.lang.Class.newInstance(Class.java:442)
	at com.github.sbaudoin.yamllint.rules.RuleFactory.getRule(RuleFactory.java:59)
	at com.github.sbaudoin.yamllint.YamlLintConfig.validate(YamlLintConfig.java:202)
	at com.github.sbaudoin.yamllint.YamlLintConfig.<init>(YamlLintConfig.java:82)
	at com.github.sbaudoin.yamllint.YamlLintConfig.parse(YamlLintConfig.java:178)
	at com.github.sbaudoin.yamllint.YamlLintConfig.<init>(YamlLintConfig.java:62)
	at com.github.sbaudoin.yamllint.rules.RuleTester.getFakeConfig(RuleTester.java:88)
	at com.github.sbaudoin.yamllint.ExtendedLibraryYamlLintConfigTest.testExtendConfigOverrideRulePartly(ExtendedLibraryYamlLintConfigTest.java:61)
	at sun.reflect.NativeMethodAccessorImpl.invoke0(Native Method)
	at sun.reflect.NativeMethodAccessorImpl.invoke(NativeMethodAccessorImpl.java:62)
	at sun.reflect.DelegatingMethodAccessorImpl.invoke(DelegatingMethodAccessorImpl.java:43)
	at java.lang.reflect.Method.invoke(Method.java:498)
	at junit.framework.TestCase.runTest(TestCase.java:176)
	at junit.framework.TestCase.runBare(TestCase.java:141)
	at junit.framework.TestResult$1.protect(TestResult.java:122)
	at junit.framework.TestResult.runProtected(TestResult.java:142)
	at junit.framework.TestResult.run(TestResult.java:125)
	at junit.framework.TestCase.run(TestCase.java:129)
	at junit.framework.TestSuite.runTest(TestSuite.java:252)
	at junit.framework.TestSuite.run(TestSuite.java:247)
	at org.junit.internal.runners.JUnit38ClassRunner.run(JUnit38ClassRunner.java:86)
	at org.apache.maven.surefire.junit4.JUnit4Provider.execute(JUnit4Provider.java:367)
	at org.apache.maven.surefire.junit4.JUnit4Provider.executeWithRerun(JUnit4Provider.java:274)
	at org.apache.maven.surefire.junit4.JUnit4Provider.executeTestSet(JUnit4Provider.java:238)
	at org.apache.maven.surefire.junit4.JUnit4Provider.invoke(JUnit4Provider.java:161)
	at org.apache.maven.surefire.booter.ForkedBooter.invokeProviderInSameClassLoader(ForkedBooter.java:290)
	at org.apache.maven.surefire.booter.ForkedBooter.runSuitesInProcess(ForkedBooter.java:242)
	at org.apache.maven.surefire.booter.ForkedBooter.main(ForkedBooter.java:121)

[main] INFO org.reflections.Reflections - Reflections took 39 ms to scan 2 urls, producing 10 keys and 64 values 
Jul 30, 2020 9:01:40 PM com.github.sbaudoin.yamllint.rules.RuleFactory getRule
WARNING: Cannot instantiate rule class com.github.sbaudoin.yamllint.rules.BrokenRule, will ignore it
java.lang.IllegalStateException: This exception is expected
	at com.github.sbaudoin.yamllint.rules.BrokenRule.<init>(BrokenRule.java:20)
	at sun.reflect.NativeConstructorAccessorImpl.newInstance0(Native Method)
	at sun.reflect.NativeConstructorAccessorImpl.newInstance(NativeConstructorAccessorImpl.java:62)
	at sun.reflect.DelegatingConstructorAccessorImpl.newInstance(DelegatingConstructorAccessorImpl.java:45)
	at java.lang.reflect.Constructor.newInstance(Constructor.java:423)
	at java.lang.Class.newInstance(Class.java:442)
	at com.github.sbaudoin.yamllint.rules.RuleFactory.getRule(RuleFactory.java:59)
	at com.github.sbaudoin.yamllint.YamlLintConfig.validate(YamlLintConfig.java:202)
	at com.github.sbaudoin.yamllint.YamlLintConfig.<init>(YamlLintConfig.java:82)
	at com.github.sbaudoin.yamllint.YamlLintConfig.parse(YamlLintConfig.java:178)
	at com.github.sbaudoin.yamllint.YamlLintConfig.<init>(YamlLintConfig.java:62)
	at com.github.sbaudoin.yamllint.rules.RuleTester.getFakeConfig(RuleTester.java:88)
	at com.github.sbaudoin.yamllint.ExtendedLibraryYamlLintConfigTest.testExtendConfigOverrideRulePartly(ExtendedLibraryYamlLintConfigTest.java:61)
	at sun.reflect.NativeMethodAccessorImpl.invoke0(Native Method)
	at sun.reflect.NativeMethodAccessorImpl.invoke(NativeMethodAccessorImpl.java:62)
	at sun.reflect.DelegatingMethodAccessorImpl.invoke(DelegatingMethodAccessorImpl.java:43)
	at java.lang.reflect.Method.invoke(Method.java:498)
	at junit.framework.TestCase.runTest(TestCase.java:176)
	at junit.framework.TestCase.runBare(TestCase.java:141)
	at junit.framework.TestResult$1.protect(TestResult.java:122)
	at junit.framework.TestResult.runProtected(TestResult.java:142)
	at junit.framework.TestResult.run(TestResult.java:125)
	at junit.framework.TestCase.run(TestCase.java:129)
	at junit.framework.TestSuite.runTest(TestSuite.java:252)
	at junit.framework.TestSuite.run(TestSuite.java:247)
	at org.junit.internal.runners.JUnit38ClassRunner.run(JUnit38ClassRunner.java:86)
	at org.apache.maven.surefire.junit4.JUnit4Provider.execute(JUnit4Provider.java:367)
	at org.apache.maven.surefire.junit4.JUnit4Provider.executeWithRerun(JUnit4Provider.java:274)
	at org.apache.maven.surefire.junit4.JUnit4Provider.executeTestSet(JUnit4Provider.java:238)
	at org.apache.maven.surefire.junit4.JUnit4Provider.invoke(JUnit4Provider.java:161)
	at org.apache.maven.surefire.booter.ForkedBooter.invokeProviderInSameClassLoader(ForkedBooter.java:290)
	at org.apache.maven.surefire.booter.ForkedBooter.runSuitesInProcess(ForkedBooter.java:242)
	at org.apache.maven.surefire.booter.ForkedBooter.main(ForkedBooter.java:121)

[main] INFO org.reflections.Reflections - Reflections took 55 ms to scan 2 urls, producing 10 keys and 64 values 
Jul 30, 2020 9:01:40 PM com.github.sbaudoin.yamllint.rules.RuleFactory getRule
WARNING: Cannot instantiate rule class com.github.sbaudoin.yamllint.rules.BrokenRule, will ignore it
java.lang.IllegalStateException: This exception is expected
	at com.github.sbaudoin.yamllint.rules.BrokenRule.<init>(BrokenRule.java:20)
	at sun.reflect.NativeConstructorAccessorImpl.newInstance0(Native Method)
	at sun.reflect.NativeConstructorAccessorImpl.newInstance(NativeConstructorAccessorImpl.java:62)
	at sun.reflect.DelegatingConstructorAccessorImpl.newInstance(DelegatingConstructorAccessorImpl.java:45)
	at java.lang.reflect.Constructor.newInstance(Constructor.java:423)
	at java.lang.Class.newInstance(Class.java:442)
	at com.github.sbaudoin.yamllint.rules.RuleFactory.getRule(RuleFactory.java:59)
	at com.github.sbaudoin.yamllint.YamlLintConfig.validate(YamlLintConfig.java:202)
	at com.github.sbaudoin.yamllint.YamlLintConfig.<init>(YamlLintConfig.java:82)
	at com.github.sbaudoin.yamllint.YamlLintConfig.parse(YamlLintConfig.java:178)
	at com.github.sbaudoin.yamllint.YamlLintConfig.<init>(YamlLintConfig.java:62)
	at com.github.sbaudoin.yamllint.rules.RuleTester.getFakeConfig(RuleTester.java:88)
	at com.github.sbaudoin.yamllint.ExtendedLibraryYamlLintConfigTest.testExtendConfigOverrideRulePartly(ExtendedLibraryYamlLintConfigTest.java:61)
	at sun.reflect.NativeMethodAccessorImpl.invoke0(Native Method)
	at sun.reflect.NativeMethodAccessorImpl.invoke(NativeMethodAccessorImpl.java:62)
	at sun.reflect.DelegatingMethodAccessorImpl.invoke(DelegatingMethodAccessorImpl.java:43)
	at java.lang.reflect.Method.invoke(Method.java:498)
	at junit.framework.TestCase.runTest(TestCase.java:176)
	at junit.framework.TestCase.runBare(TestCase.java:141)
	at junit.framework.TestResult$1.protect(TestResult.java:122)
	at junit.framework.TestResult.runProtected(TestResult.java:142)
	at junit.framework.TestResult.run(TestResult.java:125)
	at junit.framework.TestCase.run(TestCase.java:129)
	at junit.framework.TestSuite.runTest(TestSuite.java:252)
	at junit.framework.TestSuite.run(TestSuite.java:247)
	at org.junit.internal.runners.JUnit38ClassRunner.run(JUnit38ClassRunner.java:86)
	at org.apache.maven.surefire.junit4.JUnit4Provider.execute(JUnit4Provider.java:367)
	at org.apache.maven.surefire.junit4.JUnit4Provider.executeWithRerun(JUnit4Provider.java:274)
	at org.apache.maven.surefire.junit4.JUnit4Provider.executeTestSet(JUnit4Provider.java:238)
	at org.apache.maven.surefire.junit4.JUnit4Provider.invoke(JUnit4Provider.java:161)
	at org.apache.maven.surefire.booter.ForkedBooter.invokeProviderInSameClassLoader(ForkedBooter.java:290)
	at org.apache.maven.surefire.booter.ForkedBooter.runSuitesInProcess(ForkedBooter.java:242)
	at org.apache.maven.surefire.booter.ForkedBooter.main(ForkedBooter.java:121)

[main] INFO org.reflections.Reflections - Reflections took 42 ms to scan 2 urls, producing 10 keys and 64 values 
Jul 30, 2020 9:01:40 PM com.github.sbaudoin.yamllint.rules.RuleFactory getRule
WARNING: Cannot instantiate rule class com.github.sbaudoin.yamllint.rules.BrokenRule, will ignore it
java.lang.IllegalStateException: This exception is expected
	at com.github.sbaudoin.yamllint.rules.BrokenRule.<init>(BrokenRule.java:20)
	at sun.reflect.NativeConstructorAccessorImpl.newInstance0(Native Method)
	at sun.reflect.NativeConstructorAccessorImpl.newInstance(NativeConstructorAccessorImpl.java:62)
	at sun.reflect.DelegatingConstructorAccessorImpl.newInstance(DelegatingConstructorAccessorImpl.java:45)
	at java.lang.reflect.Constructor.newInstance(Constructor.java:423)
	at java.lang.Class.newInstance(Class.java:442)
	at com.github.sbaudoin.yamllint.rules.RuleFactory.getRule(RuleFactory.java:59)
	at com.github.sbaudoin.yamllint.YamlLintConfig.validate(YamlLintConfig.java:202)
	at com.github.sbaudoin.yamllint.YamlLintConfig.<init>(YamlLintConfig.java:82)
	at com.github.sbaudoin.yamllint.YamlLintConfig.parse(YamlLintConfig.java:178)
	at com.github.sbaudoin.yamllint.YamlLintConfig.<init>(YamlLintConfig.java:62)
	at com.github.sbaudoin.yamllint.rules.RuleTester.getFakeConfig(RuleTester.java:88)
	at com.github.sbaudoin.yamllint.ExtendedLibraryYamlLintConfigTest.testExtendConfigOverrideRulePartly(ExtendedLibraryYamlLintConfigTest.java:61)
	at sun.reflect.NativeMethodAccessorImpl.invoke0(Native Method)
	at sun.reflect.NativeMethodAccessorImpl.invoke(NativeMethodAccessorImpl.java:62)
	at sun.reflect.DelegatingMethodAccessorImpl.invoke(DelegatingMethodAccessorImpl.java:43)
	at java.lang.reflect.Method.invoke(Method.java:498)
	at junit.framework.TestCase.runTest(TestCase.java:176)
	at junit.framework.TestCase.runBare(TestCase.java:141)
	at junit.framework.TestResult$1.protect(TestResult.java:122)
	at junit.framework.TestResult.runProtected(TestResult.java:142)
	at junit.framework.TestResult.run(TestResult.java:125)
	at junit.framework.TestCase.run(TestCase.java:129)
	at junit.framework.TestSuite.runTest(TestSuite.java:252)
	at junit.framework.TestSuite.run(TestSuite.java:247)
	at org.junit.internal.runners.JUnit38ClassRunner.run(JUnit38ClassRunner.java:86)
	at org.apache.maven.surefire.junit4.JUnit4Provider.execute(JUnit4Provider.java:367)
	at org.apache.maven.surefire.junit4.JUnit4Provider.executeWithRerun(JUnit4Provider.java:274)
	at org.apache.maven.surefire.junit4.JUnit4Provider.executeTestSet(JUnit4Provider.java:238)
	at org.apache.maven.surefire.junit4.JUnit4Provider.invoke(JUnit4Provider.java:161)
	at org.apache.maven.surefire.booter.ForkedBooter.invokeProviderInSameClassLoader(ForkedBooter.java:290)
	at org.apache.maven.surefire.booter.ForkedBooter.runSuitesInProcess(ForkedBooter.java:242)
	at org.apache.maven.surefire.booter.ForkedBooter.main(ForkedBooter.java:121)

[main] INFO org.reflections.Reflections - Reflections took 48 ms to scan 2 urls, producing 10 keys and 64 values 
Jul 30, 2020 9:01:40 PM com.github.sbaudoin.yamllint.rules.RuleFactory getRule
WARNING: Cannot instantiate rule class com.github.sbaudoin.yamllint.rules.BrokenRule, will ignore it
java.lang.IllegalStateException: This exception is expected
	at com.github.sbaudoin.yamllint.rules.BrokenRule.<init>(BrokenRule.java:20)
	at sun.reflect.NativeConstructorAccessorImpl.newInstance0(Native Method)
	at sun.reflect.NativeConstructorAccessorImpl.newInstance(NativeConstructorAccessorImpl.java:62)
	at sun.reflect.DelegatingConstructorAccessorImpl.newInstance(DelegatingConstructorAccessorImpl.java:45)
	at java.lang.reflect.Constructor.newInstance(Constructor.java:423)
	at java.lang.Class.newInstance(Class.java:442)
	at com.github.sbaudoin.yamllint.rules.RuleFactory.getRule(RuleFactory.java:59)
	at com.github.sbaudoin.yamllint.YamlLintConfig.validate(YamlLintConfig.java:202)
	at com.github.sbaudoin.yamllint.YamlLintConfig.<init>(YamlLintConfig.java:82)
	at com.github.sbaudoin.yamllint.YamlLintConfig.parse(YamlLintConfig.java:178)
	at com.github.sbaudoin.yamllint.YamlLintConfig.<init>(YamlLintConfig.java:62)
	at com.github.sbaudoin.yamllint.rules.RuleTester.getFakeConfig(RuleTester.java:88)
	at com.github.sbaudoin.yamllint.ExtendedLibraryYamlLintConfigTest.testExtendConfigOverrideRulePartly(ExtendedLibraryYamlLintConfigTest.java:61)
	at sun.reflect.NativeMethodAccessorImpl.invoke0(Native Method)
	at sun.reflect.NativeMethodAccessorImpl.invoke(NativeMethodAccessorImpl.java:62)
	at sun.reflect.DelegatingMethodAccessorImpl.invoke(DelegatingMethodAccessorImpl.java:43)
	at java.lang.reflect.Method.invoke(Method.java:498)
	at junit.framework.TestCase.runTest(TestCase.java:176)
	at junit.framework.TestCase.runBare(TestCase.java:141)
	at junit.framework.TestResult$1.protect(TestResult.java:122)
	at junit.framework.TestResult.runProtected(TestResult.java:142)
	at junit.framework.TestResult.run(TestResult.java:125)
	at junit.framework.TestCase.run(TestCase.java:129)
	at junit.framework.TestSuite.runTest(TestSuite.java:252)
	at junit.framework.TestSuite.run(TestSuite.java:247)
	at org.junit.internal.runners.JUnit38ClassRunner.run(JUnit38ClassRunner.java:86)
	at org.apache.maven.surefire.junit4.JUnit4Provider.execute(JUnit4Provider.java:367)
	at org.apache.maven.surefire.junit4.JUnit4Provider.executeWithRerun(JUnit4Provider.java:274)
	at org.apache.maven.surefire.junit4.JUnit4Provider.executeTestSet(JUnit4Provider.java:238)
	at org.apache.maven.surefire.junit4.JUnit4Provider.invoke(JUnit4Provider.java:161)
	at org.apache.maven.surefire.booter.ForkedBooter.invokeProviderInSameClassLoader(ForkedBooter.java:290)
	at org.apache.maven.surefire.booter.ForkedBooter.runSuitesInProcess(ForkedBooter.java:242)
	at org.apache.maven.surefire.booter.ForkedBooter.main(ForkedBooter.java:121)

[main] INFO org.reflections.Reflections - Reflections took 43 ms to scan 2 urls, producing 10 keys and 64 values 
Jul 30, 2020 9:01:40 PM com.github.sbaudoin.yamllint.rules.RuleFactory getRule
WARNING: Cannot instantiate rule class com.github.sbaudoin.yamllint.rules.BrokenRule, will ignore it
java.lang.IllegalStateException: This exception is expected
	at com.github.sbaudoin.yamllint.rules.BrokenRule.<init>(BrokenRule.java:20)
	at sun.reflect.NativeConstructorAccessorImpl.newInstance0(Native Method)
	at sun.reflect.NativeConstructorAccessorImpl.newInstance(NativeConstructorAccessorImpl.java:62)
	at sun.reflect.DelegatingConstructorAccessorImpl.newInstance(DelegatingConstructorAccessorImpl.java:45)
	at java.lang.reflect.Constructor.newInstance(Constructor.java:423)
	at java.lang.Class.newInstance(Class.java:442)
	at com.github.sbaudoin.yamllint.rules.RuleFactory.getRule(RuleFactory.java:59)
	at com.github.sbaudoin.yamllint.YamlLintConfig.validate(YamlLintConfig.java:202)
	at com.github.sbaudoin.yamllint.YamlLintConfig.<init>(YamlLintConfig.java:82)
	at com.github.sbaudoin.yamllint.YamlLintConfig.parse(YamlLintConfig.java:178)
	at com.github.sbaudoin.yamllint.YamlLintConfig.<init>(YamlLintConfig.java:62)
	at com.github.sbaudoin.yamllint.rules.RuleTester.getFakeConfig(RuleTester.java:88)
	at com.github.sbaudoin.yamllint.ExtendedLibraryYamlLintConfigTest.testExtendConfigOverrideRulePartly(ExtendedLibraryYamlLintConfigTest.java:61)
	at sun.reflect.NativeMethodAccessorImpl.invoke0(Native Method)
	at sun.reflect.NativeMethodAccessorImpl.invoke(NativeMethodAccessorImpl.java:62)
	at sun.reflect.DelegatingMethodAccessorImpl.invoke(DelegatingMethodAccessorImpl.java:43)
	at java.lang.reflect.Method.invoke(Method.java:498)
	at junit.framework.TestCase.runTest(TestCase.java:176)
	at junit.framework.TestCase.runBare(TestCase.java:141)
	at junit.framework.TestResult$1.protect(TestResult.java:122)
	at junit.framework.TestResult.runProtected(TestResult.java:142)
	at junit.framework.TestResult.run(TestResult.java:125)
	at junit.framework.TestCase.run(TestCase.java:129)
	at junit.framework.TestSuite.runTest(TestSuite.java:252)
	at junit.framework.TestSuite.run(TestSuite.java:247)
	at org.junit.internal.runners.JUnit38ClassRunner.run(JUnit38ClassRunner.java:86)
	at org.apache.maven.surefire.junit4.JUnit4Provider.execute(JUnit4Provider.java:367)
	at org.apache.maven.surefire.junit4.JUnit4Provider.executeWithRerun(JUnit4Provider.java:274)
	at org.apache.maven.surefire.junit4.JUnit4Provider.executeTestSet(JUnit4Provider.java:238)
	at org.apache.maven.surefire.junit4.JUnit4Provider.invoke(JUnit4Provider.java:161)
	at org.apache.maven.surefire.booter.ForkedBooter.invokeProviderInSameClassLoader(ForkedBooter.java:290)
	at org.apache.maven.surefire.booter.ForkedBooter.runSuitesInProcess(ForkedBooter.java:242)
	at org.apache.maven.surefire.booter.ForkedBooter.main(ForkedBooter.java:121)

[main] INFO org.reflections.Reflections - Reflections took 40 ms to scan 2 urls, producing 10 keys and 64 values 
Jul 30, 2020 9:01:40 PM com.github.sbaudoin.yamllint.rules.RuleFactory getRule
WARNING: Cannot instantiate rule class com.github.sbaudoin.yamllint.rules.BrokenRule, will ignore it
java.lang.IllegalStateException: This exception is expected
	at com.github.sbaudoin.yamllint.rules.BrokenRule.<init>(BrokenRule.java:20)
	at sun.reflect.NativeConstructorAccessorImpl.newInstance0(Native Method)
	at sun.reflect.NativeConstructorAccessorImpl.newInstance(NativeConstructorAccessorImpl.java:62)
	at sun.reflect.DelegatingConstructorAccessorImpl.newInstance(DelegatingConstructorAccessorImpl.java:45)
	at java.lang.reflect.Constructor.newInstance(Constructor.java:423)
	at java.lang.Class.newInstance(Class.java:442)
	at com.github.sbaudoin.yamllint.rules.RuleFactory.getRule(RuleFactory.java:59)
	at com.github.sbaudoin.yamllint.YamlLintConfig.validate(YamlLintConfig.java:202)
	at com.github.sbaudoin.yamllint.YamlLintConfig.<init>(YamlLintConfig.java:82)
	at com.github.sbaudoin.yamllint.YamlLintConfig.parse(YamlLintConfig.java:178)
	at com.github.sbaudoin.yamllint.YamlLintConfig.<init>(YamlLintConfig.java:62)
	at com.github.sbaudoin.yamllint.rules.RuleTester.getFakeConfig(RuleTester.java:88)
	at com.github.sbaudoin.yamllint.ExtendedLibraryYamlLintConfigTest.testExtendConfigOverrideRulePartly(ExtendedLibraryYamlLintConfigTest.java:61)
	at sun.reflect.NativeMethodAccessorImpl.invoke0(Native Method)
	at sun.reflect.NativeMethodAccessorImpl.invoke(NativeMethodAccessorImpl.java:62)
	at sun.reflect.DelegatingMethodAccessorImpl.invoke(DelegatingMethodAccessorImpl.java:43)
	at java.lang.reflect.Method.invoke(Method.java:498)
	at junit.framework.TestCase.runTest(TestCase.java:176)
	at junit.framework.TestCase.runBare(TestCase.java:141)
	at junit.framework.TestResult$1.protect(TestResult.java:122)
	at junit.framework.TestResult.runProtected(TestResult.java:142)
	at junit.framework.TestResult.run(TestResult.java:125)
	at junit.framework.TestCase.run(TestCase.java:129)
	at junit.framework.TestSuite.runTest(TestSuite.java:252)
	at junit.framework.TestSuite.run(TestSuite.java:247)
	at org.junit.internal.runners.JUnit38ClassRunner.run(JUnit38ClassRunner.java:86)
	at org.apache.maven.surefire.junit4.JUnit4Provider.execute(JUnit4Provider.java:367)
	at org.apache.maven.surefire.junit4.JUnit4Provider.executeWithRerun(JUnit4Provider.java:274)
	at org.apache.maven.surefire.junit4.JUnit4Provider.executeTestSet(JUnit4Provider.java:238)
	at org.apache.maven.surefire.junit4.JUnit4Provider.invoke(JUnit4Provider.java:161)
	at org.apache.maven.surefire.booter.ForkedBooter.invokeProviderInSameClassLoader(ForkedBooter.java:290)
	at org.apache.maven.surefire.booter.ForkedBooter.runSuitesInProcess(ForkedBooter.java:242)
	at org.apache.maven.surefire.booter.ForkedBooter.main(ForkedBooter.java:121)

[main] INFO org.reflections.Reflections - Reflections took 100 ms to scan 2 urls, producing 10 keys and 64 values 
Jul 30, 2020 9:01:40 PM com.github.sbaudoin.yamllint.rules.RuleFactory getRule
WARNING: Cannot instantiate rule class com.github.sbaudoin.yamllint.rules.BrokenRule, will ignore it
java.lang.IllegalStateException: This exception is expected
	at com.github.sbaudoin.yamllint.rules.BrokenRule.<init>(BrokenRule.java:20)
	at sun.reflect.NativeConstructorAccessorImpl.newInstance0(Native Method)
	at sun.reflect.NativeConstructorAccessorImpl.newInstance(NativeConstructorAccessorImpl.java:62)
	at sun.reflect.DelegatingConstructorAccessorImpl.newInstance(DelegatingConstructorAccessorImpl.java:45)
	at java.lang.reflect.Constructor.newInstance(Constructor.java:423)
	at java.lang.Class.newInstance(Class.java:442)
	at com.github.sbaudoin.yamllint.rules.RuleFactory.getRule(RuleFactory.java:59)
	at com.github.sbaudoin.yamllint.YamlLintConfig.validate(YamlLintConfig.java:202)
	at com.github.sbaudoin.yamllint.YamlLintConfig.<init>(YamlLintConfig.java:82)
	at com.github.sbaudoin.yamllint.YamlLintConfig.parse(YamlLintConfig.java:178)
	at com.github.sbaudoin.yamllint.YamlLintConfig.<init>(YamlLintConfig.java:62)
	at com.github.sbaudoin.yamllint.rules.RuleTester.getFakeConfig(RuleTester.java:88)
	at com.github.sbaudoin.yamllint.ExtendedLibraryYamlLintConfigTest.testExtendConfigOverrideRulePartly(ExtendedLibraryYamlLintConfigTest.java:61)
	at sun.reflect.NativeMethodAccessorImpl.invoke0(Native Method)
	at sun.reflect.NativeMethodAccessorImpl.invoke(NativeMethodAccessorImpl.java:62)
	at sun.reflect.DelegatingMethodAccessorImpl.invoke(DelegatingMethodAccessorImpl.java:43)
	at java.lang.reflect.Method.invoke(Method.java:498)
	at junit.framework.TestCase.runTest(TestCase.java:176)
	at junit.framework.TestCase.runBare(TestCase.java:141)
	at junit.framework.TestResult$1.protect(TestResult.java:122)
	at junit.framework.TestResult.runProtected(TestResult.java:142)
	at junit.framework.TestResult.run(TestResult.java:125)
	at junit.framework.TestCase.run(TestCase.java:129)
	at junit.framework.TestSuite.runTest(TestSuite.java:252)
	at junit.framework.TestSuite.run(TestSuite.java:247)
	at org.junit.internal.runners.JUnit38ClassRunner.run(JUnit38ClassRunner.java:86)
	at org.apache.maven.surefire.junit4.JUnit4Provider.execute(JUnit4Provider.java:367)
	at org.apache.maven.surefire.junit4.JUnit4Provider.executeWithRerun(JUnit4Provider.java:274)
	at org.apache.maven.surefire.junit4.JUnit4Provider.executeTestSet(JUnit4Provider.java:238)
	at org.apache.maven.surefire.junit4.JUnit4Provider.invoke(JUnit4Provider.java:161)
	at org.apache.maven.surefire.booter.ForkedBooter.invokeProviderInSameClassLoader(ForkedBooter.java:290)
	at org.apache.maven.surefire.booter.ForkedBooter.runSuitesInProcess(ForkedBooter.java:242)
	at org.apache.maven.surefire.booter.ForkedBooter.main(ForkedBooter.java:121)

[main] INFO org.reflections.Reflections - Reflections took 37 ms to scan 2 urls, producing 10 keys and 64 values 
Jul 30, 2020 9:01:41 PM com.github.sbaudoin.yamllint.rules.RuleFactory getRule
WARNING: Cannot instantiate rule class com.github.sbaudoin.yamllint.rules.BrokenRule, will ignore it
java.lang.IllegalStateException: This exception is expected
	at com.github.sbaudoin.yamllint.rules.BrokenRule.<init>(BrokenRule.java:20)
	at sun.reflect.NativeConstructorAccessorImpl.newInstance0(Native Method)
	at sun.reflect.NativeConstructorAccessorImpl.newInstance(NativeConstructorAccessorImpl.java:62)
	at sun.reflect.DelegatingConstructorAccessorImpl.newInstance(DelegatingConstructorAccessorImpl.java:45)
	at java.lang.reflect.Constructor.newInstance(Constructor.java:423)
	at java.lang.Class.newInstance(Class.java:442)
	at com.github.sbaudoin.yamllint.rules.RuleFactory.getRule(RuleFactory.java:59)
	at com.github.sbaudoin.yamllint.YamlLintConfig.validate(YamlLintConfig.java:202)
	at com.github.sbaudoin.yamllint.YamlLintConfig.<init>(YamlLintConfig.java:82)
	at com.github.sbaudoin.yamllint.YamlLintConfig.parse(YamlLintConfig.java:178)
	at com.github.sbaudoin.yamllint.YamlLintConfig.<init>(YamlLintConfig.java:62)
	at com.github.sbaudoin.yamllint.rules.RuleTester.getFakeConfig(RuleTester.java:88)
	at com.github.sbaudoin.yamllint.ExtendedLibraryYamlLintConfigTest.testExtendConfigOverrideRulePartly(ExtendedLibraryYamlLintConfigTest.java:61)
	at sun.reflect.NativeMethodAccessorImpl.invoke0(Native Method)
	at sun.reflect.NativeMethodAccessorImpl.invoke(NativeMethodAccessorImpl.java:62)
	at sun.reflect.DelegatingMethodAccessorImpl.invoke(DelegatingMethodAccessorImpl.java:43)
	at java.lang.reflect.Method.invoke(Method.java:498)
	at junit.framework.TestCase.runTest(TestCase.java:176)
	at junit.framework.TestCase.runBare(TestCase.java:141)
	at junit.framework.TestResult$1.protect(TestResult.java:122)
	at junit.framework.TestResult.runProtected(TestResult.java:142)
	at junit.framework.TestResult.run(TestResult.java:125)
	at junit.framework.TestCase.run(TestCase.java:129)
	at junit.framework.TestSuite.runTest(TestSuite.java:252)
	at junit.framework.TestSuite.run(TestSuite.java:247)
	at org.junit.internal.runners.JUnit38ClassRunner.run(JUnit38ClassRunner.java:86)
	at org.apache.maven.surefire.junit4.JUnit4Provider.execute(JUnit4Provider.java:367)
	at org.apache.maven.surefire.junit4.JUnit4Provider.executeWithRerun(JUnit4Provider.java:274)
	at org.apache.maven.surefire.junit4.JUnit4Provider.executeTestSet(JUnit4Provider.java:238)
	at org.apache.maven.surefire.junit4.JUnit4Provider.invoke(JUnit4Provider.java:161)
	at org.apache.maven.surefire.booter.ForkedBooter.invokeProviderInSameClassLoader(ForkedBooter.java:290)
	at org.apache.maven.surefire.booter.ForkedBooter.runSuitesInProcess(ForkedBooter.java:242)
	at org.apache.maven.surefire.booter.ForkedBooter.main(ForkedBooter.java:121)

[main] INFO org.reflections.Reflections - Reflections took 37 ms to scan 2 urls, producing 10 keys and 64 values 
Jul 30, 2020 9:01:41 PM com.github.sbaudoin.yamllint.rules.RuleFactory getRule
WARNING: Cannot instantiate rule class com.github.sbaudoin.yamllint.rules.BrokenRule, will ignore it
java.lang.IllegalStateException: This exception is expected
	at com.github.sbaudoin.yamllint.rules.BrokenRule.<init>(BrokenRule.java:20)
	at sun.reflect.GeneratedConstructorAccessor3.newInstance(Unknown Source)
	at sun.reflect.DelegatingConstructorAccessorImpl.newInstance(DelegatingConstructorAccessorImpl.java:45)
	at java.lang.reflect.Constructor.newInstance(Constructor.java:423)
	at java.lang.Class.newInstance(Class.java:442)
	at com.github.sbaudoin.yamllint.rules.RuleFactory.getRule(RuleFactory.java:59)
	at com.github.sbaudoin.yamllint.YamlLintConfig.validate(YamlLintConfig.java:202)
	at com.github.sbaudoin.yamllint.YamlLintConfig.<init>(YamlLintConfig.java:82)
	at com.github.sbaudoin.yamllint.YamlLintConfig.parse(YamlLintConfig.java:178)
	at com.github.sbaudoin.yamllint.YamlLintConfig.<init>(YamlLintConfig.java:62)
	at com.github.sbaudoin.yamllint.rules.RuleTester.getFakeConfig(RuleTester.java:88)
	at com.github.sbaudoin.yamllint.ExtendedLibraryYamlLintConfigTest.testExtendConfigOverrideRulePartly(ExtendedLibraryYamlLintConfigTest.java:61)
	at sun.reflect.NativeMethodAccessorImpl.invoke0(Native Method)
	at sun.reflect.NativeMethodAccessorImpl.invoke(NativeMethodAccessorImpl.java:62)
	at sun.reflect.DelegatingMethodAccessorImpl.invoke(DelegatingMethodAccessorImpl.java:43)
	at java.lang.reflect.Method.invoke(Method.java:498)
	at junit.framework.TestCase.runTest(TestCase.java:176)
	at junit.framework.TestCase.runBare(TestCase.java:141)
	at junit.framework.TestResult$1.protect(TestResult.java:122)
	at junit.framework.TestResult.runProtected(TestResult.java:142)
	at junit.framework.TestResult.run(TestResult.java:125)
	at junit.framework.TestCase.run(TestCase.java:129)
	at junit.framework.TestSuite.runTest(TestSuite.java:252)
	at junit.framework.TestSuite.run(TestSuite.java:247)
	at org.junit.internal.runners.JUnit38ClassRunner.run(JUnit38ClassRunner.java:86)
	at org.apache.maven.surefire.junit4.JUnit4Provider.execute(JUnit4Provider.java:367)
	at org.apache.maven.surefire.junit4.JUnit4Provider.executeWithRerun(JUnit4Provider.java:274)
	at org.apache.maven.surefire.junit4.JUnit4Provider.executeTestSet(JUnit4Provider.java:238)
	at org.apache.maven.surefire.junit4.JUnit4Provider.invoke(JUnit4Provider.java:161)
	at org.apache.maven.surefire.booter.ForkedBooter.invokeProviderInSameClassLoader(ForkedBooter.java:290)
	at org.apache.maven.surefire.booter.ForkedBooter.runSuitesInProcess(ForkedBooter.java:242)
	at org.apache.maven.surefire.booter.ForkedBooter.main(ForkedBooter.java:121)

[main] INFO org.reflections.Reflections - Reflections took 64 ms to scan 2 urls, producing 10 keys and 64 values 
Jul 30, 2020 9:01:41 PM com.github.sbaudoin.yamllint.rules.RuleFactory getRule
WARNING: Cannot instantiate rule class com.github.sbaudoin.yamllint.rules.BrokenRule, will ignore it
java.lang.IllegalStateException: This exception is expected
	at com.github.sbaudoin.yamllint.rules.BrokenRule.<init>(BrokenRule.java:20)
	at sun.reflect.GeneratedConstructorAccessor3.newInstance(Unknown Source)
	at sun.reflect.DelegatingConstructorAccessorImpl.newInstance(DelegatingConstructorAccessorImpl.java:45)
	at java.lang.reflect.Constructor.newInstance(Constructor.java:423)
	at java.lang.Class.newInstance(Class.java:442)
	at com.github.sbaudoin.yamllint.rules.RuleFactory.getRule(RuleFactory.java:59)
	at com.github.sbaudoin.yamllint.YamlLintConfig.validate(YamlLintConfig.java:202)
	at com.github.sbaudoin.yamllint.YamlLintConfig.<init>(YamlLintConfig.java:82)
	at com.github.sbaudoin.yamllint.YamlLintConfig.parse(YamlLintConfig.java:178)
	at com.github.sbaudoin.yamllint.YamlLintConfig.<init>(YamlLintConfig.java:62)
	at com.github.sbaudoin.yamllint.rules.RuleTester.getFakeConfig(RuleTester.java:88)
	at com.github.sbaudoin.yamllint.ExtendedLibraryYamlLintConfigTest.testExtendConfigOverrideRulePartly(ExtendedLibraryYamlLintConfigTest.java:61)
	at sun.reflect.NativeMethodAccessorImpl.invoke0(Native Method)
	at sun.reflect.NativeMethodAccessorImpl.invoke(NativeMethodAccessorImpl.java:62)
	at sun.reflect.DelegatingMethodAccessorImpl.invoke(DelegatingMethodAccessorImpl.java:43)
	at java.lang.reflect.Method.invoke(Method.java:498)
	at junit.framework.TestCase.runTest(TestCase.java:176)
	at junit.framework.TestCase.runBare(TestCase.java:141)
	at junit.framework.TestResult$1.protect(TestResult.java:122)
	at junit.framework.TestResult.runProtected(TestResult.java:142)
	at junit.framework.TestResult.run(TestResult.java:125)
	at junit.framework.TestCase.run(TestCase.java:129)
	at junit.framework.TestSuite.runTest(TestSuite.java:252)
	at junit.framework.TestSuite.run(TestSuite.java:247)
	at org.junit.internal.runners.JUnit38ClassRunner.run(JUnit38ClassRunner.java:86)
	at org.apache.maven.surefire.junit4.JUnit4Provider.execute(JUnit4Provider.java:367)
	at org.apache.maven.surefire.junit4.JUnit4Provider.executeWithRerun(JUnit4Provider.java:274)
	at org.apache.maven.surefire.junit4.JUnit4Provider.executeTestSet(JUnit4Provider.java:238)
	at org.apache.maven.surefire.junit4.JUnit4Provider.invoke(JUnit4Provider.java:161)
	at org.apache.maven.surefire.booter.ForkedBooter.invokeProviderInSameClassLoader(ForkedBooter.java:290)
	at org.apache.maven.surefire.booter.ForkedBooter.runSuitesInProcess(ForkedBooter.java:242)
	at org.apache.maven.surefire.booter.ForkedBooter.main(ForkedBooter.java:121)

[main] INFO org.reflections.Reflections - Reflections took 32 ms to scan 2 urls, producing 10 keys and 64 values 
Jul 30, 2020 9:01:41 PM com.github.sbaudoin.yamllint.rules.RuleFactory getRule
WARNING: Cannot instantiate rule class com.github.sbaudoin.yamllint.rules.BrokenRule, will ignore it
java.lang.IllegalStateException: This exception is expected
	at com.github.sbaudoin.yamllint.rules.BrokenRule.<init>(BrokenRule.java:20)
	at sun.reflect.GeneratedConstructorAccessor3.newInstance(Unknown Source)
	at sun.reflect.DelegatingConstructorAccessorImpl.newInstance(DelegatingConstructorAccessorImpl.java:45)
	at java.lang.reflect.Constructor.newInstance(Constructor.java:423)
	at java.lang.Class.newInstance(Class.java:442)
	at com.github.sbaudoin.yamllint.rules.RuleFactory.getRule(RuleFactory.java:59)
	at com.github.sbaudoin.yamllint.YamlLintConfig.validate(YamlLintConfig.java:202)
	at com.github.sbaudoin.yamllint.YamlLintConfig.<init>(YamlLintConfig.java:82)
	at com.github.sbaudoin.yamllint.YamlLintConfig.parse(YamlLintConfig.java:178)
	at com.github.sbaudoin.yamllint.YamlLintConfig.<init>(YamlLintConfig.java:62)
	at com.github.sbaudoin.yamllint.rules.RuleTester.getFakeConfig(RuleTester.java:88)
	at com.github.sbaudoin.yamllint.ExtendedLibraryYamlLintConfigTest.testExtendConfigOverrideRulePartly(ExtendedLibraryYamlLintConfigTest.java:61)
	at sun.reflect.NativeMethodAccessorImpl.invoke0(Native Method)
	at sun.reflect.NativeMethodAccessorImpl.invoke(NativeMethodAccessorImpl.java:62)
	at sun.reflect.DelegatingMethodAccessorImpl.invoke(DelegatingMethodAccessorImpl.java:43)
	at java.lang.reflect.Method.invoke(Method.java:498)
	at junit.framework.TestCase.runTest(TestCase.java:176)
	at junit.framework.TestCase.runBare(TestCase.java:141)
	at junit.framework.TestResult$1.protect(TestResult.java:122)
	at junit.framework.TestResult.runProtected(TestResult.java:142)
	at junit.framework.TestResult.run(TestResult.java:125)
	at junit.framework.TestCase.run(TestCase.java:129)
	at junit.framework.TestSuite.runTest(TestSuite.java:252)
	at junit.framework.TestSuite.run(TestSuite.java:247)
	at org.junit.internal.runners.JUnit38ClassRunner.run(JUnit38ClassRunner.java:86)
	at org.apache.maven.surefire.junit4.JUnit4Provider.execute(JUnit4Provider.java:367)
	at org.apache.maven.surefire.junit4.JUnit4Provider.executeWithRerun(JUnit4Provider.java:274)
	at org.apache.maven.surefire.junit4.JUnit4Provider.executeTestSet(JUnit4Provider.java:238)
	at org.apache.maven.surefire.junit4.JUnit4Provider.invoke(JUnit4Provider.java:161)
	at org.apache.maven.surefire.booter.ForkedBooter.invokeProviderInSameClassLoader(ForkedBooter.java:290)
	at org.apache.maven.surefire.booter.ForkedBooter.runSuitesInProcess(ForkedBooter.java:242)
	at org.apache.maven.surefire.booter.ForkedBooter.main(ForkedBooter.java:121)

Tests run: 3, Failures: 0, Errors: 0, Skipped: 0, Time elapsed: 2.337 sec - in com.github.sbaudoin.yamllint.ExtendedLibraryYamlLintConfigTest
Running com.github.sbaudoin.yamllint.LinterTest
Tests run: 5, Failures: 0, Errors: 0, Skipped: 0, Time elapsed: 0.15 sec - in com.github.sbaudoin.yamllint.LinterTest
Running com.github.sbaudoin.yamllint.YamlLintDirectivesTest
2:8:too few spaces before comment (comments)
4:2:comment not indented like content (comments-indentation)
6:2:comment not indented like content (comments-indentation)
3:18:trailing spaces (trailing-spaces)
4:8:too many spaces before colon (colons)
6:7:too many spaces before colon (colons)
6:26:trailing spaces (trailing-spaces)
3:18:trailing spaces (trailing-spaces)
8:7:too many spaces before colon (colons)
8:26:trailing spaces (trailing-spaces)
4:18:trailing spaces (trailing-spaces)
5:8:too many spaces before colon (colons)
7:7:too many spaces before colon (colons)
7:26:trailing spaces (trailing-spaces)
3:55:trailing spaces (trailing-spaces)
4:8:too many spaces before colon (colons)
6:7:too many spaces before colon (colons)
6:26:trailing spaces (trailing-spaces)
3:18:trailing spaces (trailing-spaces)
7:7:too many spaces before colon (colons)
7:26:trailing spaces (trailing-spaces)
3:18:trailing spaces (trailing-spaces)
6:7:too many spaces before colon (colons)
6:26:trailing spaces (trailing-spaces)
3:18:trailing spaces (trailing-spaces)
4:8:too many spaces before colon (colons)
7:26:trailing spaces (trailing-spaces)
3:18:trailing spaces (trailing-spaces)
4:8:too many spaces before colon (colons)
4:12:too many spaces inside brackets (brackets)
3:18:trailing spaces (trailing-spaces)
5:8:too many spaces before colon (colons)
7:7:too many spaces before colon (colons)
5:8:too many spaces before colon (colons)
8:7:too many spaces before colon (colons)
8:26:trailing spaces (trailing-spaces)
5:8:too many spaces before colon (colons)
8:7:too many spaces before colon (colons)
8:26:trailing spaces (trailing-spaces)
8:26:trailing spaces (trailing-spaces)
4:18:trailing spaces (trailing-spaces)
9:7:too many spaces before colon (colons)
3:18:trailing spaces (trailing-spaces)
7:7:too many spaces before colon (colons)
7:26:trailing spaces (trailing-spaces)
3:18:trailing spaces (trailing-spaces)
6:7:too many spaces before colon (colons)
6:26:trailing spaces (trailing-spaces)
3:18:trailing spaces (trailing-spaces)
4:8:too many spaces before colon (colons)
6:7:too many spaces before colon (colons)
6:26:trailing spaces (trailing-spaces)
2:12:no new line character at the end of file (new-line-at-end-of-file)
Tests run: 7, Failures: 0, Errors: 0, Skipped: 0, Time elapsed: 0.473 sec - in com.github.sbaudoin.yamllint.YamlLintDirectivesTest
Running com.github.sbaudoin.yamllint.ParserTest
Tests run: 4, Failures: 0, Errors: 0, Skipped: 0, Time elapsed: 0.003 sec - in com.github.sbaudoin.yamllint.ParserTest
Running com.github.sbaudoin.yamllint.FormatTest
Tests run: 6, Failures: 0, Errors: 0, Skipped: 0, Time elapsed: 0.013 sec - in com.github.sbaudoin.yamllint.FormatTest
Running com.github.sbaudoin.yamllint.rules.ColonsTest
3:5:too many spaces before colon (colons)
3:8:too many spaces after colon (colons)
3:11:too many spaces after colon (colons)
4:4:too many spaces before colon (colons)
8:23:too many spaces after colon (colons)
8:28:too many spaces before colon (colons)
3:8:too many spaces before colon (colons)
4:5:too many spaces after colon (colons)
2:6:too many spaces after colon (colons)
3:7:too many spaces after colon (colons)
4:7:too many spaces after colon (colons)
3:16:too many spaces after colon (colons)
2:12:too many spaces after colon (colons)
2:20:too many spaces after colon (colons)
3:5:too many spaces before colon (colons)
2:4:too many spaces before colon (colons)
2:6:too many spaces before colon (colons)
2:10:too many spaces before colon (colons)
2:17:too many spaces before colon (colons)
2:3:too many spaces after question mark (colons)
2:3:too many spaces after question mark (colons)
3:3:too many spaces after colon (colons)
2:5:too many spaces after question mark (colons)
3:5:too many spaces after colon (colons)
3:9:too many spaces after colon (colons)
3:9:too many spaces after colon (colons)
3:18:too many spaces after colon (colons)
2:7:too many spaces before colon (colons)
5:5:too many spaces after colon (colons)
Tests run: 10, Failures: 0, Errors: 0, Skipped: 0, Time elapsed: 0.05 sec - in com.github.sbaudoin.yamllint.rules.ColonsTest
Running com.github.sbaudoin.yamllint.rules.RuleFactoryTest
[main] INFO org.reflections.Reflections - Reflections took 120 ms to scan 2 urls, producing 10 keys and 64 values 
Tests run: 1, Failures: 0, Errors: 0, Skipped: 0, Time elapsed: 0.127 sec - in com.github.sbaudoin.yamllint.rules.RuleFactoryTest
Running com.github.sbaudoin.yamllint.rules.RuleTest
Tests run: 18, Failures: 0, Errors: 0, Skipped: 0, Time elapsed: 0.004 sec - in com.github.sbaudoin.yamllint.rules.RuleTest
Running com.github.sbaudoin.yamllint.rules.NewLineAtEndOfFileTest
1:5:no new line character at the end of file (new-line-at-end-of-file)
3:4:no new line character at the end of file (new-line-at-end-of-file)
Tests run: 2, Failures: 0, Errors: 0, Skipped: 0, Time elapsed: 0.006 sec - in com.github.sbaudoin.yamllint.rules.NewLineAtEndOfFileTest
Running com.github.sbaudoin.yamllint.rules.DocumentStartTest
1:1:found forbidden document start "---" (document-start)
3:1:found forbidden document start "---" (document-start)
2:1:found forbidden document start "---" (document-start)
1:1:missing document start "---" (document-start)
3:1:missing document start "---" (document-start)
4:1:syntax error: expected '<document start>', but found '<block mapping start>'
Tests run: 5, Failures: 0, Errors: 0, Skipped: 0, Time elapsed: 0.033 sec - in com.github.sbaudoin.yamllint.rules.DocumentStartTest
Running com.github.sbaudoin.yamllint.rules.HyphensTest
3:3:too many spaces after hyphen (hyphens)
2:3:too many spaces after hyphen (hyphens)
3:3:too many spaces after hyphen (hyphens)
2:3:too many spaces after hyphen (hyphens)
4:5:too many spaces after hyphen (hyphens)
3:5:too many spaces after hyphen (hyphens)
4:5:too many spaces after hyphen (hyphens)
5:7:too many spaces after hyphen (hyphens)
4:7:too many spaces after hyphen (hyphens)
5:7:too many spaces after hyphen (hyphens)
2:5:too many spaces after hyphen (hyphens)
4:9:too many spaces after hyphen (hyphens)
5:9:too many spaces after hyphen (hyphens)
Tests run: 3, Failures: 0, Errors: 0, Skipped: 0, Time elapsed: 0.016 sec - in com.github.sbaudoin.yamllint.rules.HyphensTest
Running com.github.sbaudoin.yamllint.rules.EmptyValuesTest
2:5:empty value in block mapping (empty-values)
3:5:empty value in block mapping (empty-values)
4:8:empty value in block mapping (empty-values)
2:17:empty value in block mapping (empty-values)
2:36:empty value in block mapping (empty-values)
2:37:empty value in block mapping (empty-values)
2:5:empty value in block mapping (empty-values)
3:5:empty value in flow mapping (empty-values)
4:7:empty value in flow mapping (empty-values)
7:9:empty value in flow mapping (empty-values)
10:5:empty value in flow mapping (empty-values)
2:4:empty value in flow mapping (empty-values)
2:9:empty value in flow mapping (empty-values)
2:6:empty value in flow mapping (empty-values)
3:6:empty value in flow mapping (empty-values)
4:12:empty value in flow mapping (empty-values)
5:12:empty value in flow mapping (empty-values)
2:8:empty value in flow mapping (empty-values)
2:23:empty value in flow mapping (empty-values)
2:29:empty value in flow mapping (empty-values)
2:7:empty value in block mapping (empty-values)
4:7:empty value in block mapping (empty-values)
3:6:empty value in block mapping (empty-values)
2:5:empty value in block mapping (empty-values)
4:7:empty value in flow mapping (empty-values)
7:9:empty value in flow mapping (empty-values)
10:5:empty value in flow mapping (empty-values)
Tests run: 17, Failures: 0, Errors: 0, Skipped: 0, Time elapsed: 0.069 sec - in com.github.sbaudoin.yamllint.rules.EmptyValuesTest
Running com.github.sbaudoin.yamllint.rules.IndentationStackTest
Tests run: 7, Failures: 0, Errors: 0, Skipped: 0, Time elapsed: 0.036 sec - in com.github.sbaudoin.yamllint.rules.IndentationStackTest
Running com.github.sbaudoin.yamllint.rules.TrailingSpacesTest
1:1:trailing spaces (trailing-spaces)
1:1:syntax error: found character '\t(TAB)' that cannot start any token. (Do not use \t(TAB) for indentation)
2:11:trailing spaces (trailing-spaces)
2:11:trailing spaces (trailing-spaces)
Tests run: 3, Failures: 0, Errors: 0, Skipped: 0, Time elapsed: 0.004 sec - in com.github.sbaudoin.yamllint.rules.TrailingSpacesTest
Running com.github.sbaudoin.yamllint.rules.KeyDuplicatesTest
5:3:duplication of key 'key' in mapping (key-duplicates)
3:25:duplication of key 'key' in mapping (key-duplicates)
5:5:duplication of key 'k' in mapping (key-duplicates)
6:5:duplication of key 'k' in mapping (key-duplicates)
3:19:duplication of key 'k' in mapping (key-duplicates)
3:25:duplication of key 'k' in mapping (key-duplicates)
7:3:duplication of key 'd' in mapping (key-duplicates)
8:3:duplication of key 'b' in mapping (key-duplicates)
3:28:duplication of key 'd' in mapping (key-duplicates)
3:34:duplication of key 'b' in mapping (key-duplicates)
4:1:duplication of key 'at' in mapping (key-duplicates)
3:13:duplication of key 'a' in mapping (key-duplicates)
7:5:duplication of key 'd' in mapping (key-duplicates)
8:3:duplication of key 'b' in mapping (key-duplicates)
3:1:duplication of key 'duplicates with many styles' in mapping (key-duplicates)
4:1:duplication of key 'duplicates with many styles' in mapping (key-duplicates)
5:3:duplication of key 'duplicates with many styles' in mapping (key-duplicates)
7:3:duplication of key 'duplicates with many styles' in mapping (key-duplicates)
Tests run: 3, Failures: 0, Errors: 0, Skipped: 0, Time elapsed: 0.021 sec - in com.github.sbaudoin.yamllint.rules.KeyDuplicatesTest
Running com.github.sbaudoin.yamllint.rules.DocumentEndTest
4:1:found forbidden document end "..." (document-end)
3:1:missing document end "..." (document-end)
6:1:missing document end "..." (document-end)
Tests run: 4, Failures: 0, Errors: 0, Skipped: 0, Time elapsed: 0.04 sec - in com.github.sbaudoin.yamllint.rules.DocumentEndTest
Running com.github.sbaudoin.yamllint.rules.OctalValuesTest
1:16:forbidden explicit octal value "0o10" (octal-values)
2:9:forbidden explicit octal value "0o10" (octal-values)
1:17:forbidden explicit octal value "0o10" (octal-values)
1:26:forbidden explicit octal value "0o10" (octal-values)
1:15:forbidden implicit octal value "010" (octal-values)
2:8:forbidden implicit octal value "010" (octal-values)
1:16:forbidden implicit octal value "010" (octal-values)
1:25:forbidden implicit octal value "010" (octal-values)
Tests run: 3, Failures: 0, Errors: 0, Skipped: 0, Time elapsed: 0.026 sec - in com.github.sbaudoin.yamllint.rules.OctalValuesTest
Running com.github.sbaudoin.yamllint.rules.BracketsTest
2:9:too few spaces inside brackets (brackets)
2:13:too few spaces inside brackets (brackets)
2:9:too many spaces inside empty brackets (brackets)
2:9:too many spaces inside brackets (brackets)
2:14:too many spaces inside brackets (brackets)
2:9:too few spaces inside empty brackets (brackets)
2:9:too few spaces inside brackets (brackets)
2:15:too many spaces inside brackets (brackets)
2:9:too few spaces inside empty brackets (brackets)
2:11:too many spaces inside empty brackets (brackets)
2:9:too few spaces inside brackets (brackets)
2:13:too few spaces inside brackets (brackets)
2:9:too few spaces inside empty brackets (brackets)
2:9:too few spaces inside empty brackets (brackets)
2:11:too many spaces inside empty brackets (brackets)
2:9:too many spaces inside empty brackets (brackets)
2:10:too many spaces inside empty brackets (brackets)
2:12:too many spaces inside empty brackets (brackets)
2:9:too many spaces inside empty brackets (brackets)
2:9:too many spaces inside brackets (brackets)
2:14:too many spaces inside brackets (brackets)
2:11:too many spaces inside brackets (brackets)
2:18:too many spaces inside brackets (brackets)
2:12:too many spaces inside brackets (brackets)
2:21:too many spaces inside brackets (brackets)
2:9:too many spaces inside empty brackets (brackets)
2:11:too many spaces inside brackets (brackets)
2:9:too few spaces inside brackets (brackets)
2:11:too many spaces inside brackets (brackets)
2:9:too few spaces inside empty brackets (brackets)
2:9:too few spaces inside empty brackets (brackets)
2:9:too few spaces inside empty brackets (brackets)
2:9:too few spaces inside brackets (brackets)
2:13:too few spaces inside brackets (brackets)
2:10:too few spaces inside brackets (brackets)
2:15:too few spaces inside brackets (brackets)
Tests run: 8, Failures: 0, Errors: 0, Skipped: 0, Time elapsed: 0.028 sec - in com.github.sbaudoin.yamllint.rules.BracketsTest
Running com.github.sbaudoin.yamllint.rules.IndentationTest
3:14:wrong indentation: expected 12 but found 13 (indentation)
7:5:wrong indentation: expected 2 but found 4 (indentation)
3:1:wrong indentation: expected 2 but found 0 (indentation)
7:5:wrong indentation: expected 2 but found 4 (indentation)
7:1:wrong indentation: expected 2 but found 0 (indentation)
7:5:wrong indentation: expected 0 but found 4 (indentation)
7:3:wrong indentation: expected 0 but found 2 (indentation)
3:3:wrong indentation: expected 0 but found 2 (indentation)
7:5:wrong indentation: expected 0 but found 4 (indentation)
7:1:wrong indentation: expected 4 but found 0 (indentation)
7:5:wrong indentation: expected 2 but found 4 (indentation)
7:5:wrong indentation: expected 2 but found 4 (indentation)
3:4:wrong indentation: expected 2 but found 3 (indentation)
4:6:wrong indentation: expected 4 but found 5 (indentation)
5:12:syntax error: mapping values are not allowed here
3:6:wrong indentation: expected 4 but found 5 (indentation)
2:2:wrong indentation: expected 0 but found 1 (indentation)
4:6:wrong indentation: expected 6 but found 5 (indentation)
4:15:wrong indentation: expected 6 but found 14 (indentation)
2:3:wrong indentation: expected 0 but found 2 (indentation)
5:16:syntax error: mapping values are not allowed here
2:3:wrong indentation: expected 0 but found 2 (indentation)
3:3:wrong indentation: expected 0 but found 2 (indentation)
5:3:wrong indentation: expected 0 but found 2 (indentation)
7:5:wrong indentation: expected 0 but found 4 (indentation)
7:1:wrong indentation: expected 4 but found 0 (indentation)
3:2:wrong indentation: expected 4 but found 1 (indentation)
7:1:wrong indentation: expected 4 but found 0 (indentation)
3:6:wrong indentation: expected 4 but found 5 (indentation)
4:6:wrong indentation: expected 6 but found 5 (indentation)
4:8:wrong indentation: expected 6 but found 7 (indentation)
5:4:wrong indentation: expected 4 but found 3 (indentation)
3:2:syntax error: expected <block end>, but found '<block mapping start>'
3:4:wrong indentation: expected 4 but found 3 (indentation)
3:6:wrong indentation: expected 6 but found 5 (indentation)
3:8:wrong indentation: expected 6 but found 7 (indentation)
2:2:wrong indentation: expected 0 but found 1 (indentation)
5:8:wrong indentation: expected 8 but found 7 (indentation)
5:7:wrong indentation: expected 7 but found 6 (indentation)
4:8:wrong indentation: expected 8 but found 7 (indentation)
6:10:wrong indentation: expected 8 but found 9 (indentation)
4:10:wrong indentation: expected 8 but found 9 (indentation)
6:8:wrong indentation: expected 8 but found 7 (indentation)
4:3:wrong indentation: expected 3 but found 2 (indentation)
5:3:wrong indentation: expected 0 but found 2 (indentation)
4:3:wrong indentation: expected 3 but found 2 (indentation)
5:3:wrong indentation: expected 0 but found 2 (indentation)
4:4:wrong indentation: expected 2 but found 3 (indentation)
5:2:wrong indentation: expected 2 but found 1 (indentation)
4:4:wrong indentation: expected 2 but found 3 (indentation)
5:2:wrong indentation: expected 2 but found 1 (indentation)
5:1:wrong indentation: expected 2 but found 0 (indentation)
8:5:wrong indentation: expected 2 but found 4 (indentation)
7:7:wrong indentation: expected 4 but found 6 (indentation)
11:3:wrong indentation: expected 4 but found 2 (indentation)
3:4:wrong indentation: expected 2 but found 3 (indentation)
3:4:wrong indentation: expected 2 but found 3 (indentation)
1:3:wrong indentation: expected 0 but found 2 (indentation)
5:4:wrong indentation: expected 1 but found 3 (indentation)
5:4:wrong indentation: expected 1 but found 3 (indentation)
5:4:wrong indentation: expected 1 but found 3 (indentation)
4:4:wrong indentation: expected 4 but found 3 (indentation)
6:6:wrong indentation: expected 4 but found 5 (indentation)
4:6:wrong indentation: expected 4 but found 5 (indentation)
3:2:wrong indentation: expected 2 but found 1 (indentation)
5:4:wrong indentation: expected 2 but found 3 (indentation)
3:2:wrong indentation: expected 2 but found 1 (indentation)
5:4:wrong indentation: expected 2 but found 3 (indentation)
3:2:wrong indentation: expected 2 but found 1 (indentation)
5:4:wrong indentation: expected 2 but found 3 (indentation)
4:4:wrong indentation: expected 4 but found 3 (indentation)
6:6:wrong indentation: expected 4 but found 5 (indentation)
3:2:wrong indentation: expected 2 but found 1 (indentation)
4:4:wrong indentation: expected 4 but found 3 (indentation)
5:6:syntax error: expected <block end>, but found '<block mapping start>'
3:4:wrong indentation: expected 4 but found 3 (indentation)
4:4:wrong indentation: expected 6 but found 3 (indentation)
5:10:syntax error: expected <block end>, but found '<block mapping start>'
3:1:wrong indentation: expected 2 but found 0 (indentation)
5:1:wrong indentation: expected 2 but found 0 (indentation)
5:4:syntax error: expected <block end>, but found '<block mapping start>'
5:2:syntax error: expected <block end>, but found '<block mapping start>'
5:8:wrong indentation: expected 6 but found 7 (indentation)
4:4:wrong indentation: expected 4 but found 3 (indentation)
7:4:wrong indentation: expected 4 but found 3 (indentation)
7:6:wrong indentation: expected 4 but found 5 (indentation)
4:6:wrong indentation: expected 4 but found 5 (indentation)
4:6:wrong indentation: expected 6 but found 5 (indentation)
5:4:wrong indentation: expected 2 but found 3 (indentation)
5:6:wrong indentation: expected 6 but found 5 (indentation)
6:6:wrong indentation: expected 4 but found 5 (indentation)
9:9:wrong indentation: expected 6 but found 8 (indentation)
11:7:wrong indentation: expected 8 but found 6 (indentation)
13:1:wrong indentation: expected 2 but found 0 (indentation)
3:3:wrong indentation: expected 4 but found 2 (indentation)
7:3:wrong indentation: expected 4 but found 2 (indentation)
6:1:syntax error: expected <block end>, but found '-'
3:4:wrong indentation: expected 4 but found 3 (indentation)
3:6:wrong indentation: expected 4 but found 5 (indentation)
3:3:wrong indentation: expected 4 but found 2 (indentation)
3:3:wrong indentation: expected 4 but found 2 (indentation)
3:4:wrong indentation: expected 4 but found 3 (indentation)
3:6:wrong indentation: expected 4 but found 5 (indentation)
3:3:wrong indentation: expected 4 but found 2 (indentation)
3:3:wrong indentation: expected 4 but found 2 (indentation)
Tests run: 23, Failures: 0, Errors: 0, Skipped: 0, Time elapsed: 0.178 sec - in com.github.sbaudoin.yamllint.rules.IndentationTest
Running com.github.sbaudoin.yamllint.rules.QuotedStringsTest
4:10:string value is not quoted with double quotes (quoted-strings)
6:10:string value is not quoted with double quotes (quoted-strings)
9:3:string value is not quoted with double quotes (quoted-strings)
4:10:string value is not quoted with single quotes (quoted-strings)
5:10:string value is not quoted with single quotes (quoted-strings)
9:3:string value is not quoted with single quotes (quoted-strings)
12:3:string value is not quoted with single quotes (quoted-strings)
4:10:string value is not quoted with any quotes (quoted-strings)
9:3:string value is not quoted with any quotes (quoted-strings)
Tests run: 4, Failures: 0, Errors: 0, Skipped: 0, Time elapsed: 0.009 sec - in com.github.sbaudoin.yamllint.rules.QuotedStringsTest
Running com.github.sbaudoin.yamllint.rules.KeyOrderingTest
4:3:wrong ordering of key firstkey in mapping (key-ordering)
3:18:wrong ordering of key firstkey in mapping (key-ordering)
3:1:wrong ordering of key at in mapping (key-ordering)
3:1:wrong ordering of key hais in mapping (key-ordering)
3:1:wrong ordering of key hais in mapping (key-ordering)
4:1:wrong ordering of key T-shirts in mapping (key-ordering)
4:1:wrong ordering of key ab in mapping (key-ordering)
Tests run: 7, Failures: 0, Errors: 0, Skipped: 0, Time elapsed: 0.013 sec - in com.github.sbaudoin.yamllint.rules.KeyOrderingTest
Running com.github.sbaudoin.yamllint.rules.CommentsTest
2:2:missing starting space in comment (comments)
4:7:too few spaces before comment (comments)
6:11:too few spaces before comment (comments)
6:12:missing starting space in comment (comments)
9:2:missing starting space in comment (comments)
10:4:missing starting space in comment (comments)
15:3:missing starting space in comment (comments)
17:30:too few spaces before comment (comments)
4:7:too few spaces before comment (comments)
6:11:too few spaces before comment (comments)
8:30:too few spaces before comment (comments)
2:2:missing starting space in comment (comments)
6:13:missing starting space in comment (comments)
9:2:missing starting space in comment (comments)
10:4:missing starting space in comment (comments)
15:3:missing starting space in comment (comments)
Tests run: 8, Failures: 0, Errors: 0, Skipped: 0, Time elapsed: 0.011 sec - in com.github.sbaudoin.yamllint.rules.CommentsTest
Running com.github.sbaudoin.yamllint.rules.EmptyLinesTest
3:1:too many blank lines (1 > 0) (empty-lines)
3:1:too many blank lines (1 > 0) (empty-lines)
3:1:too many blank lines (1 > 0) (empty-lines)
3:1:too many blank lines (1 > 0) (empty-lines)
13:1:too many blank lines (11 > 10) (empty-lines)
13:1:too many blank lines (11 > 10) (empty-lines)
6:1:too many blank lines (2 > 1) (empty-lines)
6:1:too many blank lines (2 > 1) (empty-lines)
6:1:too many blank lines (5 > 4) (empty-lines)
6:1:too many blank lines (5 > 4) (empty-lines)
2:1:too many blank lines (1 > 0) (empty-lines)
2:1:too many blank lines (1 > 0) (empty-lines)
5:1:too many blank lines (5 > 4) (empty-lines)
5:1:too many blank lines (5 > 4) (empty-lines)
1:1:too many blank lines (1 > 0) (empty-lines)
1:1:too many blank lines (1 > 0) (empty-lines)
Tests run: 7, Failures: 0, Errors: 0, Skipped: 0, Time elapsed: 0.039 sec - in com.github.sbaudoin.yamllint.rules.EmptyLinesTest
Running com.github.sbaudoin.yamllint.rules.TruthyTest
2:4:truthy value should be true or false (truthy)
3:1:truthy value should be true or false (truthy)
6:3:truthy value should be true or false (truthy)
6:9:truthy value should be true or false (truthy)
7:3:truthy value should be true or false (truthy)
7:7:truthy value should be true or false (truthy)
8:3:truthy value should be true or false (truthy)
8:7:truthy value should be true or false (truthy)
Tests run: 3, Failures: 0, Errors: 0, Skipped: 0, Time elapsed: 0.001 sec - in com.github.sbaudoin.yamllint.rules.TruthyTest
Running com.github.sbaudoin.yamllint.rules.CommentsIndentationTest
2:2:comment not indented like content (comments-indentation)
2:3:comment not indented like content (comments-indentation)
3:2:comment not indented like content (comments-indentation)
3:1:comment not indented like content (comments-indentation)
3:4:comment not indented like content (comments-indentation)
3:2:comment not indented like content (comments-indentation)
4:4:comment not indented like content (comments-indentation)
6:1:comment not indented like content (comments-indentation)
7:7:comment not indented like content (comments-indentation)
5:3:comment not indented like content (comments-indentation)
3:2:comment not indented like content (comments-indentation)
2:2:comment not indented like content (comments-indentation)
1:3:comment not indented like content (comments-indentation)
1:3:comment not indented like content (comments-indentation)
4:2:comment not indented like content (comments-indentation)
Tests run: 6, Failures: 0, Errors: 0, Skipped: 0, Time elapsed: 0.006 sec - in com.github.sbaudoin.yamllint.rules.CommentsIndentationTest
Running com.github.sbaudoin.yamllint.rules.NewLinesTest
1:1:wrong new line character: expected \n (new-lines)
1:4:wrong new line character: expected \n (new-lines)
1:1:wrong new line character: expected \n (new-lines)
1:1:wrong new line character: expected \r\n (new-lines)
1:4:wrong new line character: expected \r\n (new-lines)
1:1:wrong new line character: expected \r\n (new-lines)
Tests run: 3, Failures: 0, Errors: 0, Skipped: 0, Time elapsed: 0.009 sec - in com.github.sbaudoin.yamllint.rules.NewLinesTest
Running com.github.sbaudoin.yamllint.rules.CommasTest
3:11:too many spaces before comma (commas)
3:11:too many spaces before comma (commas)
3:9:too many spaces before comma (commas)
3:9:too many spaces before comma (commas)
5:1:too many spaces before comma (commas)
5:1:too many spaces before comma (commas)
2:12:too many spaces before comma (commas)
2:16:too many spaces after comma (commas)
2:31:too many spaces after comma (commas)
2:36:too many spaces before comma (commas)
2:50:too many spaces after comma (commas)
4:8:too many spaces before comma (commas)
5:11:too many spaces before comma (commas)
8:13:too many spaces before comma (commas)
2:12:too many spaces before comma (commas)
2:21:too few spaces after comma (commas)
3:9:too few spaces after comma (commas)
3:12:too many spaces before comma (commas)
5:9:too many spaces after comma (commas)
6:2:too many spaces before comma (commas)
7:2:too many spaces before comma (commas)
7:4:too few spaces after comma (commas)
10:17:too many spaces after comma (commas)
11:2:too many spaces before comma (commas)
12:2:too many spaces before comma (commas)
12:4:too few spaces after comma (commas)
2:13:too many spaces before comma (commas)
2:10:too many spaces before comma (commas)
2:23:too many spaces before comma (commas)
2:24:too many spaces before comma (commas)
2:12:too many spaces before comma (commas)
2:42:too many spaces before comma (commas)
3:7:too many spaces before comma (commas)
4:13:too many spaces before comma (commas)
2:20:too many spaces before comma (commas)
4:11:too many spaces before comma (commas)
2:21:too many spaces after comma (commas)
2:31:too many spaces after comma (commas)
2:49:too many spaces after comma (commas)
2:15:too many spaces after comma (commas)
2:12:too many spaces after comma (commas)
2:22:too many spaces after comma (commas)
2:27:too many spaces after comma (commas)
2:15:too many spaces after comma (commas)
2:44:too many spaces after comma (commas)
3:9:too many spaces after comma (commas)
3:16:too many spaces after comma (commas)
3:30:too many spaces after comma (commas)
2:21:too few spaces after comma (commas)
3:9:too few spaces after comma (commas)
7:4:too few spaces after comma (commas)
12:4:too few spaces after comma (commas)
Tests run: 8, Failures: 0, Errors: 0, Skipped: 0, Time elapsed: 0.02 sec - in com.github.sbaudoin.yamllint.rules.CommasTest
Running com.github.sbaudoin.yamllint.rules.ScalarIndentationTest
2:2:wrong indentation: expected 0 but found 1 (indentation)
2:4:wrong indentation: expected 2 but found 3 (indentation)
2:3:wrong indentation: expected 7 but found 2 (indentation)
2:9:wrong indentation: expected 7 but found 8 (indentation)
3:4:wrong indentation: expected 2 but found 3 (indentation)
2:15:wrong indentation: expected 10 but found 14 (indentation)
3:9:wrong indentation: expected 4 but found 8 (indentation)
2:1:wrong indentation: expected 1 but found 0 (indentation)
2:3:wrong indentation: expected 1 but found 2 (indentation)
2:3:wrong indentation: expected 3 but found 2 (indentation)
2:5:wrong indentation: expected 3 but found 4 (indentation)
2:3:wrong indentation: expected 8 but found 2 (indentation)
2:8:wrong indentation: expected 8 but found 7 (indentation)
2:10:wrong indentation: expected 8 but found 9 (indentation)
3:3:wrong indentation: expected 3 but found 2 (indentation)
3:5:wrong indentation: expected 3 but found 4 (indentation)
2:14:wrong indentation: expected 11 but found 13 (indentation)
4:14:wrong indentation: expected 11 but found 13 (indentation)
3:8:wrong indentation: expected 5 but found 7 (indentation)
5:8:wrong indentation: expected 5 but found 7 (indentation)
2:2:wrong indentation: expected 2 but found 1 (indentation)
2:4:wrong indentation: expected 2 but found 3 (indentation)
3:12:wrong indentation: expected 12 but found 11 (indentation)
3:14:wrong indentation: expected 12 but found 13 (indentation)
3:4:wrong indentation: expected 2 but found 3 (indentation)
3:6:wrong indentation: expected 4 but found 5 (indentation)
3:6:wrong indentation: expected 4 but found 5 (indentation)
4:8:wrong indentation: expected 6 but found 7 (indentation)
3:8:wrong indentation: expected 6 but found 7 (indentation)
6:8:wrong indentation: expected 6 but found 7 (indentation)
4:8:wrong indentation: expected 6 but found 7 (indentation)
8:8:wrong indentation: expected 6 but found 7 (indentation)
3:7:wrong indentation: expected 4 but found 6 (indentation)
5:7:wrong indentation: expected 4 but found 6 (indentation)
2:2:wrong indentation: expected 0 but found 1 (indentation)
2:4:wrong indentation: expected 2 but found 3 (indentation)
2:3:wrong indentation: expected 7 but found 2 (indentation)
2:9:wrong indentation: expected 7 but found 8 (indentation)
3:4:wrong indentation: expected 2 but found 3 (indentation)
2:15:wrong indentation: expected 10 but found 14 (indentation)
3:9:wrong indentation: expected 4 but found 8 (indentation)
3:7:wrong indentation: expected 5 but found 6 (indentation)
3:6:wrong indentation: expected 4 but found 5 (indentation)
5:7:wrong indentation: expected 4 but found 6 (indentation)
6:8:wrong indentation: expected 4 but found 7 (indentation)
2:5:wrong indentation: expected 13 but found 4 (indentation)
4:5:wrong indentation: expected 13 but found 4 (indentation)
5:5:wrong indentation: expected 13 but found 4 (indentation)
3:6:wrong indentation: expected 4 but found 5 (indentation)
5:7:wrong indentation: expected 4 but found 6 (indentation)
6:8:wrong indentation: expected 4 but found 7 (indentation)
2:5:wrong indentation: expected 14 but found 4 (indentation)
4:5:wrong indentation: expected 14 but found 4 (indentation)
5:5:wrong indentation: expected 14 but found 4 (indentation)
2:1:wrong indentation: expected 14 but found 0 (indentation)
4:1:wrong indentation: expected 14 but found 0 (indentation)
5:1:wrong indentation: expected 14 but found 0 (indentation)
3:4:wrong indentation: expected 2 but found 3 (indentation)
3:6:wrong indentation: expected 4 but found 5 (indentation)
3:6:wrong indentation: expected 4 but found 5 (indentation)
4:8:wrong indentation: expected 6 but found 7 (indentation)
3:8:wrong indentation: expected 6 but found 7 (indentation)
6:8:wrong indentation: expected 6 but found 7 (indentation)
4:8:wrong indentation: expected 6 but found 7 (indentation)
8:8:wrong indentation: expected 6 but found 7 (indentation)
3:7:wrong indentation: expected 4 but found 6 (indentation)
5:7:wrong indentation: expected 4 but found 6 (indentation)
2:5:wrong indentation: expected 14 but found 4 (indentation)
4:5:wrong indentation: expected 14 but found 4 (indentation)
5:5:wrong indentation: expected 14 but found 4 (indentation)
2:1:wrong indentation: expected 14 but found 0 (indentation)
4:1:wrong indentation: expected 14 but found 0 (indentation)
5:1:wrong indentation: expected 14 but found 0 (indentation)
Tests run: 14, Failures: 0, Errors: 0, Skipped: 0, Time elapsed: 0.108 sec - in com.github.sbaudoin.yamllint.rules.ScalarIndentationTest
Running com.github.sbaudoin.yamllint.rules.LineLengthTest
2:11:line too long (11 > 10 characters) (line-length)
2:11:line too long (11 > 10 characters) (line-length)
2:21:line too long (46 > 20 characters) (line-length)
2:21:line too long (30 > 20 characters) (line-length)
5:21:line too long (38 > 20 characters) (line-length)
5:21:line too long (40 > 20 characters) (line-length)
5:21:line too long (40 > 20 characters) (line-length)
2:21:line too long (46 > 20 characters) (line-length)
2:21:line too long (51 > 20 characters) (line-length)
1:81:line too long (81 > 80 characters) (line-length)
2:81:line too long (81 > 80 characters) (line-length)
1:81:line too long (5003 > 80 characters) (line-length)
2:81:line too long (5003 > 80 characters) (line-length)
2:21:line too long (44 > 20 characters) (line-length)
3:21:line too long (44 > 20 characters) (line-length)
2:21:line too long (43 > 20 characters) (line-length)
2:21:line too long (43 > 20 characters) (line-length)
2:21:line too long (45 > 20 characters) (line-length)
3:81:line too long (718 > 80 characters) (line-length)
2:81:line too long (81 > 80 characters) (line-length)
2:81:line too long (81 > 80 characters) (line-length)
Tests run: 6, Failures: 0, Errors: 0, Skipped: 0, Time elapsed: 0.031 sec - in com.github.sbaudoin.yamllint.rules.LineLengthTest
Running com.github.sbaudoin.yamllint.rules.BracesTest
2:9:too few spaces inside braces (braces)
2:16:too few spaces inside braces (braces)
2:9:too many spaces inside empty braces (braces)
2:9:too many spaces inside braces (braces)
2:17:too many spaces inside braces (braces)
2:9:too few spaces inside empty braces (braces)
2:9:too few spaces inside braces (braces)
2:18:too many spaces inside braces (braces)
2:9:too few spaces inside empty braces (braces)
2:11:too many spaces inside empty braces (braces)
2:9:too few spaces inside braces (braces)
2:16:too few spaces inside braces (braces)
2:9:too few spaces inside empty braces (braces)
2:9:too few spaces inside empty braces (braces)
2:11:too many spaces inside empty braces (braces)
2:9:too many spaces inside empty braces (braces)
2:10:too many spaces inside empty braces (braces)
2:12:too many spaces inside empty braces (braces)
2:8:too many spaces inside empty braces (braces)
2:8:too many spaces inside braces (braces)
2:16:too many spaces inside braces (braces)
2:10:too many spaces inside braces (braces)
2:20:too many spaces inside braces (braces)
2:11:too many spaces inside braces (braces)
2:23:too many spaces inside braces (braces)
2:8:too many spaces inside empty braces (braces)
2:10:too many spaces inside braces (braces)
2:8:too few spaces inside braces (braces)
2:10:too many spaces inside braces (braces)
2:9:too few spaces inside empty braces (braces)
2:9:too few spaces inside empty braces (braces)
2:8:too few spaces inside empty braces (braces)
2:8:too few spaces inside braces (braces)
2:15:too few spaces inside braces (braces)
2:9:too few spaces inside braces (braces)
2:17:too few spaces inside braces (braces)
Tests run: 8, Failures: 0, Errors: 0, Skipped: 0, Time elapsed: 0.026 sec - in com.github.sbaudoin.yamllint.rules.BracesTest
Running com.github.sbaudoin.yamllint.CliTest
[main] INFO org.reflections.Reflections - Reflections took 229 ms to scan 2 urls, producing 10 keys and 64 values 
Jul 30, 2020 9:01:45 PM com.github.sbaudoin.yamllint.rules.RuleFactory getRule
WARNING: Cannot instantiate rule class com.github.sbaudoin.yamllint.rules.BrokenRule, will ignore it
java.lang.IllegalStateException: This exception is expected
	at com.github.sbaudoin.yamllint.rules.BrokenRule.<init>(BrokenRule.java:20)
	at sun.reflect.NativeConstructorAccessorImpl.newInstance0(Native Method)
	at sun.reflect.NativeConstructorAccessorImpl.newInstance(NativeConstructorAccessorImpl.java:62)
	at sun.reflect.DelegatingConstructorAccessorImpl.newInstance(DelegatingConstructorAccessorImpl.java:45)
	at java.lang.reflect.Constructor.newInstance(Constructor.java:423)
	at java.lang.Class.newInstance(Class.java:442)
	at com.github.sbaudoin.yamllint.rules.RuleFactory.getRule(RuleFactory.java:59)
	at com.github.sbaudoin.yamllint.YamlLintConfig.validate(YamlLintConfig.java:202)
	at com.github.sbaudoin.yamllint.YamlLintConfig.<init>(YamlLintConfig.java:82)
	at com.github.sbaudoin.yamllint.YamlLintConfig.parse(YamlLintConfig.java:178)
	at com.github.sbaudoin.yamllint.YamlLintConfig.<init>(YamlLintConfig.java:62)
	at com.github.sbaudoin.yamllint.Cli.getYamlLintConfig(Cli.java:265)
	at com.github.sbaudoin.yamllint.Cli.run(Cli.java:124)
	at com.github.sbaudoin.yamllint.CliTest.testDummy(CliTest.java:64)
	at sun.reflect.NativeMethodAccessorImpl.invoke0(Native Method)
	at sun.reflect.NativeMethodAccessorImpl.invoke(NativeMethodAccessorImpl.java:62)
	at sun.reflect.DelegatingMethodAccessorImpl.invoke(DelegatingMethodAccessorImpl.java:43)
	at java.lang.reflect.Method.invoke(Method.java:498)
	at org.junit.internal.runners.TestMethod.invoke(TestMethod.java:68)
	at org.powermock.modules.junit4.internal.impl.PowerMockJUnit44RunnerDelegateImpl$PowerMockJUnit44MethodRunner.runTestMethod(PowerMockJUnit44RunnerDelegateImpl.java:326)
	at org.junit.internal.runners.MethodRoadie$2.run(MethodRoadie.java:89)
	at org.junit.internal.runners.MethodRoadie.runBeforesThenTestThenAfters(MethodRoadie.java:97)
	at org.powermock.modules.junit4.internal.impl.PowerMockJUnit44RunnerDelegateImpl$PowerMockJUnit44MethodRunner.executeTest(PowerMockJUnit44RunnerDelegateImpl.java:310)
	at org.powermock.modules.junit4.internal.impl.PowerMockJUnit47RunnerDelegateImpl$PowerMockJUnit47MethodRunner.executeTestInSuper(PowerMockJUnit47RunnerDelegateImpl.java:131)
	at org.powermock.modules.junit4.internal.impl.PowerMockJUnit47RunnerDelegateImpl$PowerMockJUnit47MethodRunner.access$100(PowerMockJUnit47RunnerDelegateImpl.java:59)
	at org.powermock.modules.junit4.internal.impl.PowerMockJUnit47RunnerDelegateImpl$PowerMockJUnit47MethodRunner$TestExecutorStatement.evaluate(PowerMockJUnit47RunnerDelegateImpl.java:147)
	at org.junit.contrib.java.lang.system.ExpectedSystemExit$1.evaluate(ExpectedSystemExit.java:130)
	at org.junit.rules.ExternalResource$1.evaluate(ExternalResource.java:48)
	at org.junit.contrib.java.lang.system.EnvironmentVariables$EnvironmentVariablesStatement.evaluate(EnvironmentVariables.java:122)
	at org.powermock.modules.junit4.internal.impl.PowerMockJUnit47RunnerDelegateImpl$PowerMockJUnit47MethodRunner.evaluateStatement(PowerMockJUnit47RunnerDelegateImpl.java:107)
	at org.powermock.modules.junit4.internal.impl.PowerMockJUnit47RunnerDelegateImpl$PowerMockJUnit47MethodRunner.executeTest(PowerMockJUnit47RunnerDelegateImpl.java:82)
	at org.powermock.modules.junit4.internal.impl.PowerMockJUnit44RunnerDelegateImpl$PowerMockJUnit44MethodRunner.runBeforesThenTestThenAfters(PowerMockJUnit44RunnerDelegateImpl.java:298)
	at org.junit.internal.runners.MethodRoadie.runTest(MethodRoadie.java:87)
	at org.junit.internal.runners.MethodRoadie.run(MethodRoadie.java:50)
	at org.powermock.modules.junit4.internal.impl.PowerMockJUnit44RunnerDelegateImpl.invokeTestMethod(PowerMockJUnit44RunnerDelegateImpl.java:218)
	at org.powermock.modules.junit4.internal.impl.PowerMockJUnit44RunnerDelegateImpl.runMethods(PowerMockJUnit44RunnerDelegateImpl.java:160)
	at org.powermock.modules.junit4.internal.impl.PowerMockJUnit44RunnerDelegateImpl$1.run(PowerMockJUnit44RunnerDelegateImpl.java:134)
	at org.junit.internal.runners.ClassRoadie.runUnprotected(ClassRoadie.java:34)
	at org.junit.internal.runners.ClassRoadie.runProtected(ClassRoadie.java:44)
	at org.powermock.modules.junit4.internal.impl.PowerMockJUnit44RunnerDelegateImpl.run(PowerMockJUnit44RunnerDelegateImpl.java:136)
	at org.powermock.modules.junit4.common.internal.impl.JUnit4TestSuiteChunkerImpl.run(JUnit4TestSuiteChunkerImpl.java:121)
	at org.powermock.modules.junit4.common.internal.impl.AbstractCommonPowerMockRunner.run(AbstractCommonPowerMockRunner.java:57)
	at org.powermock.modules.junit4.PowerMockRunner.run(PowerMockRunner.java:59)
	at org.apache.maven.surefire.junit4.JUnit4Provider.execute(JUnit4Provider.java:367)
	at org.apache.maven.surefire.junit4.JUnit4Provider.executeWithRerun(JUnit4Provider.java:274)
	at org.apache.maven.surefire.junit4.JUnit4Provider.executeTestSet(JUnit4Provider.java:238)
	at org.apache.maven.surefire.junit4.JUnit4Provider.invoke(JUnit4Provider.java:161)
	at org.apache.maven.surefire.booter.ForkedBooter.invokeProviderInSameClassLoader(ForkedBooter.java:290)
	at org.apache.maven.surefire.booter.ForkedBooter.runSuitesInProcess(ForkedBooter.java:242)
	at org.apache.maven.surefire.booter.ForkedBooter.main(ForkedBooter.java:121)

[main] INFO org.reflections.Reflections - Reflections took 72 ms to scan 2 urls, producing 10 keys and 64 values 
[main] INFO org.reflections.Reflections - Reflections took 71 ms to scan 2 urls, producing 10 keys and 64 values 
[main] INFO org.reflections.Reflections - Reflections took 48 ms to scan 2 urls, producing 10 keys and 64 values 
Jul 30, 2020 9:01:45 PM com.github.sbaudoin.yamllint.rules.RuleFactory getRule
WARNING: Cannot instantiate rule class com.github.sbaudoin.yamllint.rules.BrokenRule, will ignore it
java.lang.IllegalStateException: This exception is expected
	at com.github.sbaudoin.yamllint.rules.BrokenRule.<init>(BrokenRule.java:20)
	at sun.reflect.NativeConstructorAccessorImpl.newInstance0(Native Method)
	at sun.reflect.NativeConstructorAccessorImpl.newInstance(NativeConstructorAccessorImpl.java:62)
	at sun.reflect.DelegatingConstructorAccessorImpl.newInstance(DelegatingConstructorAccessorImpl.java:45)
	at java.lang.reflect.Constructor.newInstance(Constructor.java:423)
	at java.lang.Class.newInstance(Class.java:442)
	at com.github.sbaudoin.yamllint.rules.RuleFactory.getRule(RuleFactory.java:59)
	at com.github.sbaudoin.yamllint.YamlLintConfig.validate(YamlLintConfig.java:202)
	at com.github.sbaudoin.yamllint.YamlLintConfig.<init>(YamlLintConfig.java:82)
	at com.github.sbaudoin.yamllint.YamlLintConfig.parse(YamlLintConfig.java:178)
	at com.github.sbaudoin.yamllint.YamlLintConfig.<init>(YamlLintConfig.java:62)
	at com.github.sbaudoin.yamllint.Cli.getYamlLintConfig(Cli.java:265)
	at com.github.sbaudoin.yamllint.Cli.run(Cli.java:124)
	at com.github.sbaudoin.yamllint.CliTest.testDummy(CliTest.java:64)
	at sun.reflect.NativeMethodAccessorImpl.invoke0(Native Method)
	at sun.reflect.NativeMethodAccessorImpl.invoke(NativeMethodAccessorImpl.java:62)
	at sun.reflect.DelegatingMethodAccessorImpl.invoke(DelegatingMethodAccessorImpl.java:43)
	at java.lang.reflect.Method.invoke(Method.java:498)
	at org.junit.internal.runners.TestMethod.invoke(TestMethod.java:68)
	at org.powermock.modules.junit4.internal.impl.PowerMockJUnit44RunnerDelegateImpl$PowerMockJUnit44MethodRunner.runTestMethod(PowerMockJUnit44RunnerDelegateImpl.java:326)
	at org.junit.internal.runners.MethodRoadie$2.run(MethodRoadie.java:89)
	at org.junit.internal.runners.MethodRoadie.runBeforesThenTestThenAfters(MethodRoadie.java:97)
	at org.powermock.modules.junit4.internal.impl.PowerMockJUnit44RunnerDelegateImpl$PowerMockJUnit44MethodRunner.executeTest(PowerMockJUnit44RunnerDelegateImpl.java:310)
	at org.powermock.modules.junit4.internal.impl.PowerMockJUnit47RunnerDelegateImpl$PowerMockJUnit47MethodRunner.executeTestInSuper(PowerMockJUnit47RunnerDelegateImpl.java:131)
	at org.powermock.modules.junit4.internal.impl.PowerMockJUnit47RunnerDelegateImpl$PowerMockJUnit47MethodRunner.access$100(PowerMockJUnit47RunnerDelegateImpl.java:59)
	at org.powermock.modules.junit4.internal.impl.PowerMockJUnit47RunnerDelegateImpl$PowerMockJUnit47MethodRunner$TestExecutorStatement.evaluate(PowerMockJUnit47RunnerDelegateImpl.java:147)
	at org.junit.contrib.java.lang.system.ExpectedSystemExit$1.evaluate(ExpectedSystemExit.java:130)
	at org.junit.rules.ExternalResource$1.evaluate(ExternalResource.java:48)
	at org.junit.contrib.java.lang.system.EnvironmentVariables$EnvironmentVariablesStatement.evaluate(EnvironmentVariables.java:122)
	at org.powermock.modules.junit4.internal.impl.PowerMockJUnit47RunnerDelegateImpl$PowerMockJUnit47MethodRunner.evaluateStatement(PowerMockJUnit47RunnerDelegateImpl.java:107)
	at org.powermock.modules.junit4.internal.impl.PowerMockJUnit47RunnerDelegateImpl$PowerMockJUnit47MethodRunner.executeTest(PowerMockJUnit47RunnerDelegateImpl.java:82)
	at org.powermock.modules.junit4.internal.impl.PowerMockJUnit44RunnerDelegateImpl$PowerMockJUnit44MethodRunner.runBeforesThenTestThenAfters(PowerMockJUnit44RunnerDelegateImpl.java:298)
	at org.junit.internal.runners.MethodRoadie.runTest(MethodRoadie.java:87)
	at org.junit.internal.runners.MethodRoadie.run(MethodRoadie.java:50)
	at org.powermock.modules.junit4.internal.impl.PowerMockJUnit44RunnerDelegateImpl.invokeTestMethod(PowerMockJUnit44RunnerDelegateImpl.java:218)
	at org.powermock.modules.junit4.internal.impl.PowerMockJUnit44RunnerDelegateImpl.runMethods(PowerMockJUnit44RunnerDelegateImpl.java:160)
	at org.powermock.modules.junit4.internal.impl.PowerMockJUnit44RunnerDelegateImpl$1.run(PowerMockJUnit44RunnerDelegateImpl.java:134)
	at org.junit.internal.runners.ClassRoadie.runUnprotected(ClassRoadie.java:34)
	at org.junit.internal.runners.ClassRoadie.runProtected(ClassRoadie.java:44)
	at org.powermock.modules.junit4.internal.impl.PowerMockJUnit44RunnerDelegateImpl.run(PowerMockJUnit44RunnerDelegateImpl.java:136)
	at org.powermock.modules.junit4.common.internal.impl.JUnit4TestSuiteChunkerImpl.run(JUnit4TestSuiteChunkerImpl.java:121)
	at org.powermock.modules.junit4.common.internal.impl.AbstractCommonPowerMockRunner.run(AbstractCommonPowerMockRunner.java:57)
	at org.powermock.modules.junit4.PowerMockRunner.run(PowerMockRunner.java:59)
	at org.apache.maven.surefire.junit4.JUnit4Provider.execute(JUnit4Provider.java:367)
	at org.apache.maven.surefire.junit4.JUnit4Provider.executeWithRerun(JUnit4Provider.java:274)
	at org.apache.maven.surefire.junit4.JUnit4Provider.executeTestSet(JUnit4Provider.java:238)
	at org.apache.maven.surefire.junit4.JUnit4Provider.invoke(JUnit4Provider.java:161)
	at org.apache.maven.surefire.booter.ForkedBooter.invokeProviderInSameClassLoader(ForkedBooter.java:290)
	at org.apache.maven.surefire.booter.ForkedBooter.runSuitesInProcess(ForkedBooter.java:242)
	at org.apache.maven.surefire.booter.ForkedBooter.main(ForkedBooter.java:121)

[main] INFO org.reflections.Reflections - Reflections took 57 ms to scan 2 urls, producing 10 keys and 64 values 
Jul 30, 2020 9:01:46 PM com.github.sbaudoin.yamllint.rules.RuleFactory getRule
WARNING: Cannot instantiate rule class com.github.sbaudoin.yamllint.rules.BrokenRule, will ignore it
java.lang.IllegalStateException: This exception is expected
	at com.github.sbaudoin.yamllint.rules.BrokenRule.<init>(BrokenRule.java:20)
	at sun.reflect.NativeConstructorAccessorImpl.newInstance0(Native Method)
	at sun.reflect.NativeConstructorAccessorImpl.newInstance(NativeConstructorAccessorImpl.java:62)
	at sun.reflect.DelegatingConstructorAccessorImpl.newInstance(DelegatingConstructorAccessorImpl.java:45)
	at java.lang.reflect.Constructor.newInstance(Constructor.java:423)
	at java.lang.Class.newInstance(Class.java:442)
	at com.github.sbaudoin.yamllint.rules.RuleFactory.getRule(RuleFactory.java:59)
	at com.github.sbaudoin.yamllint.YamlLintConfig.validate(YamlLintConfig.java:202)
	at com.github.sbaudoin.yamllint.YamlLintConfig.<init>(YamlLintConfig.java:82)
	at com.github.sbaudoin.yamllint.YamlLintConfig.parse(YamlLintConfig.java:178)
	at com.github.sbaudoin.yamllint.YamlLintConfig.<init>(YamlLintConfig.java:62)
	at com.github.sbaudoin.yamllint.Cli.getYamlLintConfig(Cli.java:265)
	at com.github.sbaudoin.yamllint.Cli.run(Cli.java:124)
	at com.github.sbaudoin.yamllint.CliTest.testDummy(CliTest.java:64)
	at sun.reflect.NativeMethodAccessorImpl.invoke0(Native Method)
	at sun.reflect.NativeMethodAccessorImpl.invoke(NativeMethodAccessorImpl.java:62)
	at sun.reflect.DelegatingMethodAccessorImpl.invoke(DelegatingMethodAccessorImpl.java:43)
	at java.lang.reflect.Method.invoke(Method.java:498)
	at org.junit.internal.runners.TestMethod.invoke(TestMethod.java:68)
	at org.powermock.modules.junit4.internal.impl.PowerMockJUnit44RunnerDelegateImpl$PowerMockJUnit44MethodRunner.runTestMethod(PowerMockJUnit44RunnerDelegateImpl.java:326)
	at org.junit.internal.runners.MethodRoadie$2.run(MethodRoadie.java:89)
	at org.junit.internal.runners.MethodRoadie.runBeforesThenTestThenAfters(MethodRoadie.java:97)
	at org.powermock.modules.junit4.internal.impl.PowerMockJUnit44RunnerDelegateImpl$PowerMockJUnit44MethodRunner.executeTest(PowerMockJUnit44RunnerDelegateImpl.java:310)
	at org.powermock.modules.junit4.internal.impl.PowerMockJUnit47RunnerDelegateImpl$PowerMockJUnit47MethodRunner.executeTestInSuper(PowerMockJUnit47RunnerDelegateImpl.java:131)
	at org.powermock.modules.junit4.internal.impl.PowerMockJUnit47RunnerDelegateImpl$PowerMockJUnit47MethodRunner.access$100(PowerMockJUnit47RunnerDelegateImpl.java:59)
	at org.powermock.modules.junit4.internal.impl.PowerMockJUnit47RunnerDelegateImpl$PowerMockJUnit47MethodRunner$TestExecutorStatement.evaluate(PowerMockJUnit47RunnerDelegateImpl.java:147)
	at org.junit.contrib.java.lang.system.ExpectedSystemExit$1.evaluate(ExpectedSystemExit.java:130)
	at org.junit.rules.ExternalResource$1.evaluate(ExternalResource.java:48)
	at org.junit.contrib.java.lang.system.EnvironmentVariables$EnvironmentVariablesStatement.evaluate(EnvironmentVariables.java:122)
	at org.powermock.modules.junit4.internal.impl.PowerMockJUnit47RunnerDelegateImpl$PowerMockJUnit47MethodRunner.evaluateStatement(PowerMockJUnit47RunnerDelegateImpl.java:107)
	at org.powermock.modules.junit4.internal.impl.PowerMockJUnit47RunnerDelegateImpl$PowerMockJUnit47MethodRunner.executeTest(PowerMockJUnit47RunnerDelegateImpl.java:82)
	at org.powermock.modules.junit4.internal.impl.PowerMockJUnit44RunnerDelegateImpl$PowerMockJUnit44MethodRunner.runBeforesThenTestThenAfters(PowerMockJUnit44RunnerDelegateImpl.java:298)
	at org.junit.internal.runners.MethodRoadie.runTest(MethodRoadie.java:87)
	at org.junit.internal.runners.MethodRoadie.run(MethodRoadie.java:50)
	at org.powermock.modules.junit4.internal.impl.PowerMockJUnit44RunnerDelegateImpl.invokeTestMethod(PowerMockJUnit44RunnerDelegateImpl.java:218)
	at org.powermock.modules.junit4.internal.impl.PowerMockJUnit44RunnerDelegateImpl.runMethods(PowerMockJUnit44RunnerDelegateImpl.java:160)
	at org.powermock.modules.junit4.internal.impl.PowerMockJUnit44RunnerDelegateImpl$1.run(PowerMockJUnit44RunnerDelegateImpl.java:134)
	at org.junit.internal.runners.ClassRoadie.runUnprotected(ClassRoadie.java:34)
	at org.junit.internal.runners.ClassRoadie.runProtected(ClassRoadie.java:44)
	at org.powermock.modules.junit4.internal.impl.PowerMockJUnit44RunnerDelegateImpl.run(PowerMockJUnit44RunnerDelegateImpl.java:136)
	at org.powermock.modules.junit4.common.internal.impl.JUnit4TestSuiteChunkerImpl.run(JUnit4TestSuiteChunkerImpl.java:121)
	at org.powermock.modules.junit4.common.internal.impl.AbstractCommonPowerMockRunner.run(AbstractCommonPowerMockRunner.java:57)
	at org.powermock.modules.junit4.PowerMockRunner.run(PowerMockRunner.java:59)
	at org.apache.maven.surefire.junit4.JUnit4Provider.execute(JUnit4Provider.java:367)
	at org.apache.maven.surefire.junit4.JUnit4Provider.executeWithRerun(JUnit4Provider.java:274)
	at org.apache.maven.surefire.junit4.JUnit4Provider.executeTestSet(JUnit4Provider.java:238)
	at org.apache.maven.surefire.junit4.JUnit4Provider.invoke(JUnit4Provider.java:161)
	at org.apache.maven.surefire.booter.ForkedBooter.invokeProviderInSameClassLoader(ForkedBooter.java:290)
	at org.apache.maven.surefire.booter.ForkedBooter.runSuitesInProcess(ForkedBooter.java:242)
	at org.apache.maven.surefire.booter.ForkedBooter.main(ForkedBooter.java:121)

[main] INFO org.reflections.Reflections - Reflections took 80 ms to scan 2 urls, producing 10 keys and 64 values 
[main] INFO org.reflections.Reflections - Reflections took 47 ms to scan 2 urls, producing 10 keys and 64 values 
[main] INFO org.reflections.Reflections - Reflections took 44 ms to scan 2 urls, producing 10 keys and 64 values 
Jul 30, 2020 9:01:46 PM com.github.sbaudoin.yamllint.rules.RuleFactory getRule
WARNING: Cannot instantiate rule class com.github.sbaudoin.yamllint.rules.BrokenRule, will ignore it
java.lang.IllegalStateException: This exception is expected
	at com.github.sbaudoin.yamllint.rules.BrokenRule.<init>(BrokenRule.java:20)
	at sun.reflect.NativeConstructorAccessorImpl.newInstance0(Native Method)
	at sun.reflect.NativeConstructorAccessorImpl.newInstance(NativeConstructorAccessorImpl.java:62)
	at sun.reflect.DelegatingConstructorAccessorImpl.newInstance(DelegatingConstructorAccessorImpl.java:45)
	at java.lang.reflect.Constructor.newInstance(Constructor.java:423)
	at java.lang.Class.newInstance(Class.java:442)
	at com.github.sbaudoin.yamllint.rules.RuleFactory.getRule(RuleFactory.java:59)
	at com.github.sbaudoin.yamllint.YamlLintConfig.validate(YamlLintConfig.java:202)
	at com.github.sbaudoin.yamllint.YamlLintConfig.<init>(YamlLintConfig.java:82)
	at com.github.sbaudoin.yamllint.YamlLintConfig.parse(YamlLintConfig.java:178)
	at com.github.sbaudoin.yamllint.YamlLintConfig.<init>(YamlLintConfig.java:62)
	at com.github.sbaudoin.yamllint.Cli.getYamlLintConfig(Cli.java:265)
	at com.github.sbaudoin.yamllint.Cli.run(Cli.java:124)
	at com.github.sbaudoin.yamllint.CliTest.testDummy(CliTest.java:64)
	at sun.reflect.NativeMethodAccessorImpl.invoke0(Native Method)
	at sun.reflect.NativeMethodAccessorImpl.invoke(NativeMethodAccessorImpl.java:62)
	at sun.reflect.DelegatingMethodAccessorImpl.invoke(DelegatingMethodAccessorImpl.java:43)
	at java.lang.reflect.Method.invoke(Method.java:498)
	at org.junit.internal.runners.TestMethod.invoke(TestMethod.java:68)
	at org.powermock.modules.junit4.internal.impl.PowerMockJUnit44RunnerDelegateImpl$PowerMockJUnit44MethodRunner.runTestMethod(PowerMockJUnit44RunnerDelegateImpl.java:326)
	at org.junit.internal.runners.MethodRoadie$2.run(MethodRoadie.java:89)
	at org.junit.internal.runners.MethodRoadie.runBeforesThenTestThenAfters(MethodRoadie.java:97)
	at org.powermock.modules.junit4.internal.impl.PowerMockJUnit44RunnerDelegateImpl$PowerMockJUnit44MethodRunner.executeTest(PowerMockJUnit44RunnerDelegateImpl.java:310)
	at org.powermock.modules.junit4.internal.impl.PowerMockJUnit47RunnerDelegateImpl$PowerMockJUnit47MethodRunner.executeTestInSuper(PowerMockJUnit47RunnerDelegateImpl.java:131)
	at org.powermock.modules.junit4.internal.impl.PowerMockJUnit47RunnerDelegateImpl$PowerMockJUnit47MethodRunner.access$100(PowerMockJUnit47RunnerDelegateImpl.java:59)
	at org.powermock.modules.junit4.internal.impl.PowerMockJUnit47RunnerDelegateImpl$PowerMockJUnit47MethodRunner$TestExecutorStatement.evaluate(PowerMockJUnit47RunnerDelegateImpl.java:147)
	at org.junit.contrib.java.lang.system.ExpectedSystemExit$1.evaluate(ExpectedSystemExit.java:130)
	at org.junit.rules.ExternalResource$1.evaluate(ExternalResource.java:48)
	at org.junit.contrib.java.lang.system.EnvironmentVariables$EnvironmentVariablesStatement.evaluate(EnvironmentVariables.java:122)
	at org.powermock.modules.junit4.internal.impl.PowerMockJUnit47RunnerDelegateImpl$PowerMockJUnit47MethodRunner.evaluateStatement(PowerMockJUnit47RunnerDelegateImpl.java:107)
	at org.powermock.modules.junit4.internal.impl.PowerMockJUnit47RunnerDelegateImpl$PowerMockJUnit47MethodRunner.executeTest(PowerMockJUnit47RunnerDelegateImpl.java:82)
	at org.powermock.modules.junit4.internal.impl.PowerMockJUnit44RunnerDelegateImpl$PowerMockJUnit44MethodRunner.runBeforesThenTestThenAfters(PowerMockJUnit44RunnerDelegateImpl.java:298)
	at org.junit.internal.runners.MethodRoadie.runTest(MethodRoadie.java:87)
	at org.junit.internal.runners.MethodRoadie.run(MethodRoadie.java:50)
	at org.powermock.modules.junit4.internal.impl.PowerMockJUnit44RunnerDelegateImpl.invokeTestMethod(PowerMockJUnit44RunnerDelegateImpl.java:218)
	at org.powermock.modules.junit4.internal.impl.PowerMockJUnit44RunnerDelegateImpl.runMethods(PowerMockJUnit44RunnerDelegateImpl.java:160)
	at org.powermock.modules.junit4.internal.impl.PowerMockJUnit44RunnerDelegateImpl$1.run(PowerMockJUnit44RunnerDelegateImpl.java:134)
	at org.junit.internal.runners.ClassRoadie.runUnprotected(ClassRoadie.java:34)
	at org.junit.internal.runners.ClassRoadie.runProtected(ClassRoadie.java:44)
	at org.powermock.modules.junit4.internal.impl.PowerMockJUnit44RunnerDelegateImpl.run(PowerMockJUnit44RunnerDelegateImpl.java:136)
	at org.powermock.modules.junit4.common.internal.impl.JUnit4TestSuiteChunkerImpl.run(JUnit4TestSuiteChunkerImpl.java:121)
	at org.powermock.modules.junit4.common.internal.impl.AbstractCommonPowerMockRunner.run(AbstractCommonPowerMockRunner.java:57)
	at org.powermock.modules.junit4.PowerMockRunner.run(PowerMockRunner.java:59)
	at org.apache.maven.surefire.junit4.JUnit4Provider.execute(JUnit4Provider.java:367)
	at org.apache.maven.surefire.junit4.JUnit4Provider.executeWithRerun(JUnit4Provider.java:274)
	at org.apache.maven.surefire.junit4.JUnit4Provider.executeTestSet(JUnit4Provider.java:238)
	at org.apache.maven.surefire.junit4.JUnit4Provider.invoke(JUnit4Provider.java:161)
	at org.apache.maven.surefire.booter.ForkedBooter.invokeProviderInSameClassLoader(ForkedBooter.java:290)
	at org.apache.maven.surefire.booter.ForkedBooter.runSuitesInProcess(ForkedBooter.java:242)
	at org.apache.maven.surefire.booter.ForkedBooter.main(ForkedBooter.java:121)

[main] INFO org.reflections.Reflections - Reflections took 44 ms to scan 2 urls, producing 10 keys and 64 values 
[main] INFO org.reflections.Reflections - Reflections took 48 ms to scan 2 urls, producing 10 keys and 64 values 
[main] INFO org.reflections.Reflections - Reflections took 45 ms to scan 2 urls, producing 10 keys and 64 values 
Jul 30, 2020 9:01:46 PM com.github.sbaudoin.yamllint.rules.RuleFactory getRule
WARNING: Cannot instantiate rule class com.github.sbaudoin.yamllint.rules.BrokenRule, will ignore it
java.lang.IllegalStateException: This exception is expected
	at com.github.sbaudoin.yamllint.rules.BrokenRule.<init>(BrokenRule.java:20)
	at sun.reflect.NativeConstructorAccessorImpl.newInstance0(Native Method)
	at sun.reflect.NativeConstructorAccessorImpl.newInstance(NativeConstructorAccessorImpl.java:62)
	at sun.reflect.DelegatingConstructorAccessorImpl.newInstance(DelegatingConstructorAccessorImpl.java:45)
	at java.lang.reflect.Constructor.newInstance(Constructor.java:423)
	at java.lang.Class.newInstance(Class.java:442)
	at com.github.sbaudoin.yamllint.rules.RuleFactory.getRule(RuleFactory.java:59)
	at com.github.sbaudoin.yamllint.YamlLintConfig.validate(YamlLintConfig.java:202)
	at com.github.sbaudoin.yamllint.YamlLintConfig.<init>(YamlLintConfig.java:82)
	at com.github.sbaudoin.yamllint.YamlLintConfig.parse(YamlLintConfig.java:178)
	at com.github.sbaudoin.yamllint.YamlLintConfig.<init>(YamlLintConfig.java:62)
	at com.github.sbaudoin.yamllint.Cli.getYamlLintConfig(Cli.java:265)
	at com.github.sbaudoin.yamllint.Cli.run(Cli.java:124)
	at com.github.sbaudoin.yamllint.CliTest.testDummy(CliTest.java:64)
	at sun.reflect.NativeMethodAccessorImpl.invoke0(Native Method)
	at sun.reflect.NativeMethodAccessorImpl.invoke(NativeMethodAccessorImpl.java:62)
	at sun.reflect.DelegatingMethodAccessorImpl.invoke(DelegatingMethodAccessorImpl.java:43)
	at java.lang.reflect.Method.invoke(Method.java:498)
	at org.junit.internal.runners.TestMethod.invoke(TestMethod.java:68)
	at org.powermock.modules.junit4.internal.impl.PowerMockJUnit44RunnerDelegateImpl$PowerMockJUnit44MethodRunner.runTestMethod(PowerMockJUnit44RunnerDelegateImpl.java:326)
	at org.junit.internal.runners.MethodRoadie$2.run(MethodRoadie.java:89)
	at org.junit.internal.runners.MethodRoadie.runBeforesThenTestThenAfters(MethodRoadie.java:97)
	at org.powermock.modules.junit4.internal.impl.PowerMockJUnit44RunnerDelegateImpl$PowerMockJUnit44MethodRunner.executeTest(PowerMockJUnit44RunnerDelegateImpl.java:310)
	at org.powermock.modules.junit4.internal.impl.PowerMockJUnit47RunnerDelegateImpl$PowerMockJUnit47MethodRunner.executeTestInSuper(PowerMockJUnit47RunnerDelegateImpl.java:131)
	at org.powermock.modules.junit4.internal.impl.PowerMockJUnit47RunnerDelegateImpl$PowerMockJUnit47MethodRunner.access$100(PowerMockJUnit47RunnerDelegateImpl.java:59)
	at org.powermock.modules.junit4.internal.impl.PowerMockJUnit47RunnerDelegateImpl$PowerMockJUnit47MethodRunner$TestExecutorStatement.evaluate(PowerMockJUnit47RunnerDelegateImpl.java:147)
	at org.junit.contrib.java.lang.system.ExpectedSystemExit$1.evaluate(ExpectedSystemExit.java:130)
	at org.junit.rules.ExternalResource$1.evaluate(ExternalResource.java:48)
	at org.junit.contrib.java.lang.system.EnvironmentVariables$EnvironmentVariablesStatement.evaluate(EnvironmentVariables.java:122)
	at org.powermock.modules.junit4.internal.impl.PowerMockJUnit47RunnerDelegateImpl$PowerMockJUnit47MethodRunner.evaluateStatement(PowerMockJUnit47RunnerDelegateImpl.java:107)
	at org.powermock.modules.junit4.internal.impl.PowerMockJUnit47RunnerDelegateImpl$PowerMockJUnit47MethodRunner.executeTest(PowerMockJUnit47RunnerDelegateImpl.java:82)
	at org.powermock.modules.junit4.internal.impl.PowerMockJUnit44RunnerDelegateImpl$PowerMockJUnit44MethodRunner.runBeforesThenTestThenAfters(PowerMockJUnit44RunnerDelegateImpl.java:298)
	at org.junit.internal.runners.MethodRoadie.runTest(MethodRoadie.java:87)
	at org.junit.internal.runners.MethodRoadie.run(MethodRoadie.java:50)
	at org.powermock.modules.junit4.internal.impl.PowerMockJUnit44RunnerDelegateImpl.invokeTestMethod(PowerMockJUnit44RunnerDelegateImpl.java:218)
	at org.powermock.modules.junit4.internal.impl.PowerMockJUnit44RunnerDelegateImpl.runMethods(PowerMockJUnit44RunnerDelegateImpl.java:160)
	at org.powermock.modules.junit4.internal.impl.PowerMockJUnit44RunnerDelegateImpl$1.run(PowerMockJUnit44RunnerDelegateImpl.java:134)
	at org.junit.internal.runners.ClassRoadie.runUnprotected(ClassRoadie.java:34)
	at org.junit.internal.runners.ClassRoadie.runProtected(ClassRoadie.java:44)
	at org.powermock.modules.junit4.internal.impl.PowerMockJUnit44RunnerDelegateImpl.run(PowerMockJUnit44RunnerDelegateImpl.java:136)
	at org.powermock.modules.junit4.common.internal.impl.JUnit4TestSuiteChunkerImpl.run(JUnit4TestSuiteChunkerImpl.java:121)
	at org.powermock.modules.junit4.common.internal.impl.AbstractCommonPowerMockRunner.run(AbstractCommonPowerMockRunner.java:57)
	at org.powermock.modules.junit4.PowerMockRunner.run(PowerMockRunner.java:59)
	at org.apache.maven.surefire.junit4.JUnit4Provider.execute(JUnit4Provider.java:367)
	at org.apache.maven.surefire.junit4.JUnit4Provider.executeWithRerun(JUnit4Provider.java:274)
	at org.apache.maven.surefire.junit4.JUnit4Provider.executeTestSet(JUnit4Provider.java:238)
	at org.apache.maven.surefire.junit4.JUnit4Provider.invoke(JUnit4Provider.java:161)
	at org.apache.maven.surefire.booter.ForkedBooter.invokeProviderInSameClassLoader(ForkedBooter.java:290)
	at org.apache.maven.surefire.booter.ForkedBooter.runSuitesInProcess(ForkedBooter.java:242)
	at org.apache.maven.surefire.booter.ForkedBooter.main(ForkedBooter.java:121)

[main] INFO org.reflections.Reflections - Reflections took 45 ms to scan 2 urls, producing 10 keys and 64 values 
[main] INFO org.reflections.Reflections - Reflections took 44 ms to scan 2 urls, producing 10 keys and 64 values 
Jul 30, 2020 9:01:46 PM com.github.sbaudoin.yamllint.rules.RuleFactory getRule
WARNING: Cannot instantiate rule class com.github.sbaudoin.yamllint.rules.BrokenRule, will ignore it
java.lang.IllegalStateException: This exception is expected
	at com.github.sbaudoin.yamllint.rules.BrokenRule.<init>(BrokenRule.java:20)
	at sun.reflect.NativeConstructorAccessorImpl.newInstance0(Native Method)
	at sun.reflect.NativeConstructorAccessorImpl.newInstance(NativeConstructorAccessorImpl.java:62)
	at sun.reflect.DelegatingConstructorAccessorImpl.newInstance(DelegatingConstructorAccessorImpl.java:45)
	at java.lang.reflect.Constructor.newInstance(Constructor.java:423)
	at java.lang.Class.newInstance(Class.java:442)
	at com.github.sbaudoin.yamllint.rules.RuleFactory.getRule(RuleFactory.java:59)
	at com.github.sbaudoin.yamllint.YamlLintConfig.validate(YamlLintConfig.java:202)
	at com.github.sbaudoin.yamllint.YamlLintConfig.<init>(YamlLintConfig.java:82)
	at com.github.sbaudoin.yamllint.YamlLintConfig.parse(YamlLintConfig.java:178)
	at com.github.sbaudoin.yamllint.YamlLintConfig.<init>(YamlLintConfig.java:62)
	at com.github.sbaudoin.yamllint.Cli.getYamlLintConfig(Cli.java:265)
	at com.github.sbaudoin.yamllint.Cli.run(Cli.java:124)
	at com.github.sbaudoin.yamllint.CliTest.testDummy(CliTest.java:64)
	at sun.reflect.NativeMethodAccessorImpl.invoke0(Native Method)
	at sun.reflect.NativeMethodAccessorImpl.invoke(NativeMethodAccessorImpl.java:62)
	at sun.reflect.DelegatingMethodAccessorImpl.invoke(DelegatingMethodAccessorImpl.java:43)
	at java.lang.reflect.Method.invoke(Method.java:498)
	at org.junit.internal.runners.TestMethod.invoke(TestMethod.java:68)
	at org.powermock.modules.junit4.internal.impl.PowerMockJUnit44RunnerDelegateImpl$PowerMockJUnit44MethodRunner.runTestMethod(PowerMockJUnit44RunnerDelegateImpl.java:326)
	at org.junit.internal.runners.MethodRoadie$2.run(MethodRoadie.java:89)
	at org.junit.internal.runners.MethodRoadie.runBeforesThenTestThenAfters(MethodRoadie.java:97)
	at org.powermock.modules.junit4.internal.impl.PowerMockJUnit44RunnerDelegateImpl$PowerMockJUnit44MethodRunner.executeTest(PowerMockJUnit44RunnerDelegateImpl.java:310)
	at org.powermock.modules.junit4.internal.impl.PowerMockJUnit47RunnerDelegateImpl$PowerMockJUnit47MethodRunner.executeTestInSuper(PowerMockJUnit47RunnerDelegateImpl.java:131)
	at org.powermock.modules.junit4.internal.impl.PowerMockJUnit47RunnerDelegateImpl$PowerMockJUnit47MethodRunner.access$100(PowerMockJUnit47RunnerDelegateImpl.java:59)
	at org.powermock.modules.junit4.internal.impl.PowerMockJUnit47RunnerDelegateImpl$PowerMockJUnit47MethodRunner$TestExecutorStatement.evaluate(PowerMockJUnit47RunnerDelegateImpl.java:147)
	at org.junit.contrib.java.lang.system.ExpectedSystemExit$1.evaluate(ExpectedSystemExit.java:130)
	at org.junit.rules.ExternalResource$1.evaluate(ExternalResource.java:48)
	at org.junit.contrib.java.lang.system.EnvironmentVariables$EnvironmentVariablesStatement.evaluate(EnvironmentVariables.java:122)
	at org.powermock.modules.junit4.internal.impl.PowerMockJUnit47RunnerDelegateImpl$PowerMockJUnit47MethodRunner.evaluateStatement(PowerMockJUnit47RunnerDelegateImpl.java:107)
	at org.powermock.modules.junit4.internal.impl.PowerMockJUnit47RunnerDelegateImpl$PowerMockJUnit47MethodRunner.executeTest(PowerMockJUnit47RunnerDelegateImpl.java:82)
	at org.powermock.modules.junit4.internal.impl.PowerMockJUnit44RunnerDelegateImpl$PowerMockJUnit44MethodRunner.runBeforesThenTestThenAfters(PowerMockJUnit44RunnerDelegateImpl.java:298)
	at org.junit.internal.runners.MethodRoadie.runTest(MethodRoadie.java:87)
	at org.junit.internal.runners.MethodRoadie.run(MethodRoadie.java:50)
	at org.powermock.modules.junit4.internal.impl.PowerMockJUnit44RunnerDelegateImpl.invokeTestMethod(PowerMockJUnit44RunnerDelegateImpl.java:218)
	at org.powermock.modules.junit4.internal.impl.PowerMockJUnit44RunnerDelegateImpl.runMethods(PowerMockJUnit44RunnerDelegateImpl.java:160)
	at org.powermock.modules.junit4.internal.impl.PowerMockJUnit44RunnerDelegateImpl$1.run(PowerMockJUnit44RunnerDelegateImpl.java:134)
	at org.junit.internal.runners.ClassRoadie.runUnprotected(ClassRoadie.java:34)
	at org.junit.internal.runners.ClassRoadie.runProtected(ClassRoadie.java:44)
	at org.powermock.modules.junit4.internal.impl.PowerMockJUnit44RunnerDelegateImpl.run(PowerMockJUnit44RunnerDelegateImpl.java:136)
	at org.powermock.modules.junit4.common.internal.impl.JUnit4TestSuiteChunkerImpl.run(JUnit4TestSuiteChunkerImpl.java:121)
	at org.powermock.modules.junit4.common.internal.impl.AbstractCommonPowerMockRunner.run(AbstractCommonPowerMockRunner.java:57)
	at org.powermock.modules.junit4.PowerMockRunner.run(PowerMockRunner.java:59)
	at org.apache.maven.surefire.junit4.JUnit4Provider.execute(JUnit4Provider.java:367)
	at org.apache.maven.surefire.junit4.JUnit4Provider.executeWithRerun(JUnit4Provider.java:274)
	at org.apache.maven.surefire.junit4.JUnit4Provider.executeTestSet(JUnit4Provider.java:238)
	at org.apache.maven.surefire.junit4.JUnit4Provider.invoke(JUnit4Provider.java:161)
	at org.apache.maven.surefire.booter.ForkedBooter.invokeProviderInSameClassLoader(ForkedBooter.java:290)
	at org.apache.maven.surefire.booter.ForkedBooter.runSuitesInProcess(ForkedBooter.java:242)
	at org.apache.maven.surefire.booter.ForkedBooter.main(ForkedBooter.java:121)

[main] INFO org.reflections.Reflections - Reflections took 91 ms to scan 2 urls, producing 10 keys and 64 values 
[main] INFO org.reflections.Reflections - Reflections took 40 ms to scan 2 urls, producing 10 keys and 64 values 
[main] INFO org.reflections.Reflections - Reflections took 41 ms to scan 2 urls, producing 10 keys and 64 values 
Jul 30, 2020 9:01:46 PM com.github.sbaudoin.yamllint.rules.RuleFactory getRule
WARNING: Cannot instantiate rule class com.github.sbaudoin.yamllint.rules.BrokenRule, will ignore it
java.lang.IllegalStateException: This exception is expected
	at com.github.sbaudoin.yamllint.rules.BrokenRule.<init>(BrokenRule.java:20)
	at sun.reflect.NativeConstructorAccessorImpl.newInstance0(Native Method)
	at sun.reflect.NativeConstructorAccessorImpl.newInstance(NativeConstructorAccessorImpl.java:62)
	at sun.reflect.DelegatingConstructorAccessorImpl.newInstance(DelegatingConstructorAccessorImpl.java:45)
	at java.lang.reflect.Constructor.newInstance(Constructor.java:423)
	at java.lang.Class.newInstance(Class.java:442)
	at com.github.sbaudoin.yamllint.rules.RuleFactory.getRule(RuleFactory.java:59)
	at com.github.sbaudoin.yamllint.YamlLintConfig.validate(YamlLintConfig.java:202)
	at com.github.sbaudoin.yamllint.YamlLintConfig.<init>(YamlLintConfig.java:82)
	at com.github.sbaudoin.yamllint.YamlLintConfig.parse(YamlLintConfig.java:178)
	at com.github.sbaudoin.yamllint.YamlLintConfig.<init>(YamlLintConfig.java:62)
	at com.github.sbaudoin.yamllint.Cli.getYamlLintConfig(Cli.java:265)
	at com.github.sbaudoin.yamllint.Cli.run(Cli.java:124)
	at com.github.sbaudoin.yamllint.CliTest.testDummy(CliTest.java:64)
	at sun.reflect.NativeMethodAccessorImpl.invoke0(Native Method)
	at sun.reflect.NativeMethodAccessorImpl.invoke(NativeMethodAccessorImpl.java:62)
	at sun.reflect.DelegatingMethodAccessorImpl.invoke(DelegatingMethodAccessorImpl.java:43)
	at java.lang.reflect.Method.invoke(Method.java:498)
	at org.junit.internal.runners.TestMethod.invoke(TestMethod.java:68)
	at org.powermock.modules.junit4.internal.impl.PowerMockJUnit44RunnerDelegateImpl$PowerMockJUnit44MethodRunner.runTestMethod(PowerMockJUnit44RunnerDelegateImpl.java:326)
	at org.junit.internal.runners.MethodRoadie$2.run(MethodRoadie.java:89)
	at org.junit.internal.runners.MethodRoadie.runBeforesThenTestThenAfters(MethodRoadie.java:97)
	at org.powermock.modules.junit4.internal.impl.PowerMockJUnit44RunnerDelegateImpl$PowerMockJUnit44MethodRunner.executeTest(PowerMockJUnit44RunnerDelegateImpl.java:310)
	at org.powermock.modules.junit4.internal.impl.PowerMockJUnit47RunnerDelegateImpl$PowerMockJUnit47MethodRunner.executeTestInSuper(PowerMockJUnit47RunnerDelegateImpl.java:131)
	at org.powermock.modules.junit4.internal.impl.PowerMockJUnit47RunnerDelegateImpl$PowerMockJUnit47MethodRunner.access$100(PowerMockJUnit47RunnerDelegateImpl.java:59)
	at org.powermock.modules.junit4.internal.impl.PowerMockJUnit47RunnerDelegateImpl$PowerMockJUnit47MethodRunner$TestExecutorStatement.evaluate(PowerMockJUnit47RunnerDelegateImpl.java:147)
	at org.junit.contrib.java.lang.system.ExpectedSystemExit$1.evaluate(ExpectedSystemExit.java:130)
	at org.junit.rules.ExternalResource$1.evaluate(ExternalResource.java:48)
	at org.junit.contrib.java.lang.system.EnvironmentVariables$EnvironmentVariablesStatement.evaluate(EnvironmentVariables.java:122)
	at org.powermock.modules.junit4.internal.impl.PowerMockJUnit47RunnerDelegateImpl$PowerMockJUnit47MethodRunner.evaluateStatement(PowerMockJUnit47RunnerDelegateImpl.java:107)
	at org.powermock.modules.junit4.internal.impl.PowerMockJUnit47RunnerDelegateImpl$PowerMockJUnit47MethodRunner.executeTest(PowerMockJUnit47RunnerDelegateImpl.java:82)
	at org.powermock.modules.junit4.internal.impl.PowerMockJUnit44RunnerDelegateImpl$PowerMockJUnit44MethodRunner.runBeforesThenTestThenAfters(PowerMockJUnit44RunnerDelegateImpl.java:298)
	at org.junit.internal.runners.MethodRoadie.runTest(MethodRoadie.java:87)
	at org.junit.internal.runners.MethodRoadie.run(MethodRoadie.java:50)
	at org.powermock.modules.junit4.internal.impl.PowerMockJUnit44RunnerDelegateImpl.invokeTestMethod(PowerMockJUnit44RunnerDelegateImpl.java:218)
	at org.powermock.modules.junit4.internal.impl.PowerMockJUnit44RunnerDelegateImpl.runMethods(PowerMockJUnit44RunnerDelegateImpl.java:160)
	at org.powermock.modules.junit4.internal.impl.PowerMockJUnit44RunnerDelegateImpl$1.run(PowerMockJUnit44RunnerDelegateImpl.java:134)
	at org.junit.internal.runners.ClassRoadie.runUnprotected(ClassRoadie.java:34)
	at org.junit.internal.runners.ClassRoadie.runProtected(ClassRoadie.java:44)
	at org.powermock.modules.junit4.internal.impl.PowerMockJUnit44RunnerDelegateImpl.run(PowerMockJUnit44RunnerDelegateImpl.java:136)
	at org.powermock.modules.junit4.common.internal.impl.JUnit4TestSuiteChunkerImpl.run(JUnit4TestSuiteChunkerImpl.java:121)
	at org.powermock.modules.junit4.common.internal.impl.AbstractCommonPowerMockRunner.run(AbstractCommonPowerMockRunner.java:57)
	at org.powermock.modules.junit4.PowerMockRunner.run(PowerMockRunner.java:59)
	at org.apache.maven.surefire.junit4.JUnit4Provider.execute(JUnit4Provider.java:367)
	at org.apache.maven.surefire.junit4.JUnit4Provider.executeWithRerun(JUnit4Provider.java:274)
	at org.apache.maven.surefire.junit4.JUnit4Provider.executeTestSet(JUnit4Provider.java:238)
	at org.apache.maven.surefire.junit4.JUnit4Provider.invoke(JUnit4Provider.java:161)
	at org.apache.maven.surefire.booter.ForkedBooter.invokeProviderInSameClassLoader(ForkedBooter.java:290)
	at org.apache.maven.surefire.booter.ForkedBooter.runSuitesInProcess(ForkedBooter.java:242)
	at org.apache.maven.surefire.booter.ForkedBooter.main(ForkedBooter.java:121)

[main] INFO org.reflections.Reflections - Reflections took 37 ms to scan 2 urls, producing 10 keys and 64 values 
[main] INFO org.reflections.Reflections - Reflections took 35 ms to scan 2 urls, producing 10 keys and 64 values 
Jul 30, 2020 9:01:46 PM com.github.sbaudoin.yamllint.rules.RuleFactory getRule
WARNING: Cannot instantiate rule class com.github.sbaudoin.yamllint.rules.BrokenRule, will ignore it
java.lang.IllegalStateException: This exception is expected
	at com.github.sbaudoin.yamllint.rules.BrokenRule.<init>(BrokenRule.java:20)
	at sun.reflect.NativeConstructorAccessorImpl.newInstance0(Native Method)
	at sun.reflect.NativeConstructorAccessorImpl.newInstance(NativeConstructorAccessorImpl.java:62)
	at sun.reflect.DelegatingConstructorAccessorImpl.newInstance(DelegatingConstructorAccessorImpl.java:45)
	at java.lang.reflect.Constructor.newInstance(Constructor.java:423)
	at java.lang.Class.newInstance(Class.java:442)
	at com.github.sbaudoin.yamllint.rules.RuleFactory.getRule(RuleFactory.java:59)
	at com.github.sbaudoin.yamllint.YamlLintConfig.validate(YamlLintConfig.java:202)
	at com.github.sbaudoin.yamllint.YamlLintConfig.<init>(YamlLintConfig.java:82)
	at com.github.sbaudoin.yamllint.YamlLintConfig.parse(YamlLintConfig.java:178)
	at com.github.sbaudoin.yamllint.YamlLintConfig.<init>(YamlLintConfig.java:62)
	at com.github.sbaudoin.yamllint.Cli.getYamlLintConfig(Cli.java:265)
	at com.github.sbaudoin.yamllint.Cli.run(Cli.java:124)
	at com.github.sbaudoin.yamllint.CliTest.testDummy(CliTest.java:64)
	at sun.reflect.NativeMethodAccessorImpl.invoke0(Native Method)
	at sun.reflect.NativeMethodAccessorImpl.invoke(NativeMethodAccessorImpl.java:62)
	at sun.reflect.DelegatingMethodAccessorImpl.invoke(DelegatingMethodAccessorImpl.java:43)
	at java.lang.reflect.Method.invoke(Method.java:498)
	at org.junit.internal.runners.TestMethod.invoke(TestMethod.java:68)
	at org.powermock.modules.junit4.internal.impl.PowerMockJUnit44RunnerDelegateImpl$PowerMockJUnit44MethodRunner.runTestMethod(PowerMockJUnit44RunnerDelegateImpl.java:326)
	at org.junit.internal.runners.MethodRoadie$2.run(MethodRoadie.java:89)
	at org.junit.internal.runners.MethodRoadie.runBeforesThenTestThenAfters(MethodRoadie.java:97)
	at org.powermock.modules.junit4.internal.impl.PowerMockJUnit44RunnerDelegateImpl$PowerMockJUnit44MethodRunner.executeTest(PowerMockJUnit44RunnerDelegateImpl.java:310)
	at org.powermock.modules.junit4.internal.impl.PowerMockJUnit47RunnerDelegateImpl$PowerMockJUnit47MethodRunner.executeTestInSuper(PowerMockJUnit47RunnerDelegateImpl.java:131)
	at org.powermock.modules.junit4.internal.impl.PowerMockJUnit47RunnerDelegateImpl$PowerMockJUnit47MethodRunner.access$100(PowerMockJUnit47RunnerDelegateImpl.java:59)
	at org.powermock.modules.junit4.internal.impl.PowerMockJUnit47RunnerDelegateImpl$PowerMockJUnit47MethodRunner$TestExecutorStatement.evaluate(PowerMockJUnit47RunnerDelegateImpl.java:147)
	at org.junit.contrib.java.lang.system.ExpectedSystemExit$1.evaluate(ExpectedSystemExit.java:130)
	at org.junit.rules.ExternalResource$1.evaluate(ExternalResource.java:48)
	at org.junit.contrib.java.lang.system.EnvironmentVariables$EnvironmentVariablesStatement.evaluate(EnvironmentVariables.java:122)
	at org.powermock.modules.junit4.internal.impl.PowerMockJUnit47RunnerDelegateImpl$PowerMockJUnit47MethodRunner.evaluateStatement(PowerMockJUnit47RunnerDelegateImpl.java:107)
	at org.powermock.modules.junit4.internal.impl.PowerMockJUnit47RunnerDelegateImpl$PowerMockJUnit47MethodRunner.executeTest(PowerMockJUnit47RunnerDelegateImpl.java:82)
	at org.powermock.modules.junit4.internal.impl.PowerMockJUnit44RunnerDelegateImpl$PowerMockJUnit44MethodRunner.runBeforesThenTestThenAfters(PowerMockJUnit44RunnerDelegateImpl.java:298)
	at org.junit.internal.runners.MethodRoadie.runTest(MethodRoadie.java:87)
	at org.junit.internal.runners.MethodRoadie.run(MethodRoadie.java:50)
	at org.powermock.modules.junit4.internal.impl.PowerMockJUnit44RunnerDelegateImpl.invokeTestMethod(PowerMockJUnit44RunnerDelegateImpl.java:218)
	at org.powermock.modules.junit4.internal.impl.PowerMockJUnit44RunnerDelegateImpl.runMethods(PowerMockJUnit44RunnerDelegateImpl.java:160)
	at org.powermock.modules.junit4.internal.impl.PowerMockJUnit44RunnerDelegateImpl$1.run(PowerMockJUnit44RunnerDelegateImpl.java:134)
	at org.junit.internal.runners.ClassRoadie.runUnprotected(ClassRoadie.java:34)
	at org.junit.internal.runners.ClassRoadie.runProtected(ClassRoadie.java:44)
	at org.powermock.modules.junit4.internal.impl.PowerMockJUnit44RunnerDelegateImpl.run(PowerMockJUnit44RunnerDelegateImpl.java:136)
	at org.powermock.modules.junit4.common.internal.impl.JUnit4TestSuiteChunkerImpl.run(JUnit4TestSuiteChunkerImpl.java:121)
	at org.powermock.modules.junit4.common.internal.impl.AbstractCommonPowerMockRunner.run(AbstractCommonPowerMockRunner.java:57)
	at org.powermock.modules.junit4.PowerMockRunner.run(PowerMockRunner.java:59)
	at org.apache.maven.surefire.junit4.JUnit4Provider.execute(JUnit4Provider.java:367)
	at org.apache.maven.surefire.junit4.JUnit4Provider.executeWithRerun(JUnit4Provider.java:274)
	at org.apache.maven.surefire.junit4.JUnit4Provider.executeTestSet(JUnit4Provider.java:238)
	at org.apache.maven.surefire.junit4.JUnit4Provider.invoke(JUnit4Provider.java:161)
	at org.apache.maven.surefire.booter.ForkedBooter.invokeProviderInSameClassLoader(ForkedBooter.java:290)
	at org.apache.maven.surefire.booter.ForkedBooter.runSuitesInProcess(ForkedBooter.java:242)
	at org.apache.maven.surefire.booter.ForkedBooter.main(ForkedBooter.java:121)

[main] INFO org.reflections.Reflections - Reflections took 41 ms to scan 2 urls, producing 10 keys and 64 values 
[main] INFO org.reflections.Reflections - Reflections took 38 ms to scan 2 urls, producing 10 keys and 64 values 
[main] INFO org.reflections.Reflections - Reflections took 38 ms to scan 2 urls, producing 10 keys and 64 values 
Tests run: 19, Failures: 0, Errors: 0, Skipped: 0, Time elapsed: 4.815 sec - in com.github.sbaudoin.yamllint.CliTest
Running com.github.sbaudoin.yamllint.ExtendedYamlLintConfigTest
Tests run: 6, Failures: 0, Errors: 0, Skipped: 0, Time elapsed: 0.006 sec - in com.github.sbaudoin.yamllint.ExtendedYamlLintConfigTest
Running com.github.sbaudoin.yamllint.YamlLintConfigExceptionTest
Tests run: 1, Failures: 0, Errors: 0, Skipped: 0, Time elapsed: 0 sec - in com.github.sbaudoin.yamllint.YamlLintConfigExceptionTest
Running com.github.sbaudoin.yamllint.SyntaxErrorTest
2:19:syntax error: mapping values are not allowed here
6:1:syntax error: expected the node content, but found '<document end>'
3:1:syntax error: expected '<document start>', but found '<scalar>'
5:1:syntax error: expected the node content, but found ','
Tests run: 7, Failures: 0, Errors: 0, Skipped: 0, Time elapsed: 0.078 sec - in com.github.sbaudoin.yamllint.SyntaxErrorTest
Running com.github.sbaudoin.yamllint.LintScannerTest
Tests run: 3, Failures: 0, Errors: 0, Skipped: 0, Time elapsed: 0 sec - in com.github.sbaudoin.yamllint.LintScannerTest
Running com.github.sbaudoin.yamllint.LintStreamReaderTest
Tests run: 3, Failures: 0, Errors: 0, Skipped: 0, Time elapsed: 0.002 sec - in com.github.sbaudoin.yamllint.LintStreamReaderTest
Running com.github.sbaudoin.yamllint.OOMETest
Tests run: 1, Failures: 0, Errors: 0, Skipped: 0, Time elapsed: 0.243 sec - in com.github.sbaudoin.yamllint.OOMETest
Running com.github.sbaudoin.yamllint.LintProblemTest
Tests run: 6, Failures: 0, Errors: 0, Skipped: 0, Time elapsed: 0.013 sec - in com.github.sbaudoin.yamllint.LintProblemTest
Running com.github.sbaudoin.yamllint.SimpleYamlLintConfigTest
[main] INFO org.reflections.Reflections - Reflections took 57 ms to scan 2 urls, producing 10 keys and 64 values 
Jul 30, 2020 9:01:48 PM com.github.sbaudoin.yamllint.rules.RuleFactory getRule
WARNING: Cannot instantiate rule class com.github.sbaudoin.yamllint.rules.BrokenRule, will ignore it
java.lang.IllegalStateException: This exception is expected
	at com.github.sbaudoin.yamllint.rules.BrokenRule.<init>(BrokenRule.java:20)
	at sun.reflect.GeneratedConstructorAccessor3.newInstance(Unknown Source)
	at sun.reflect.DelegatingConstructorAccessorImpl.newInstance(DelegatingConstructorAccessorImpl.java:45)
	at java.lang.reflect.Constructor.newInstance(Constructor.java:423)
	at java.lang.Class.newInstance(Class.java:442)
	at com.github.sbaudoin.yamllint.rules.RuleFactory.getRule(RuleFactory.java:59)
	at com.github.sbaudoin.yamllint.YamlLintConfig.validate(YamlLintConfig.java:202)
	at com.github.sbaudoin.yamllint.YamlLintConfig.<init>(YamlLintConfig.java:63)
	at com.github.sbaudoin.yamllint.SimpleYamlLintConfigTest.testUnknownRule(SimpleYamlLintConfigTest.java:85)
	at sun.reflect.NativeMethodAccessorImpl.invoke0(Native Method)
	at sun.reflect.NativeMethodAccessorImpl.invoke(NativeMethodAccessorImpl.java:62)
	at sun.reflect.DelegatingMethodAccessorImpl.invoke(DelegatingMethodAccessorImpl.java:43)
	at java.lang.reflect.Method.invoke(Method.java:498)
	at junit.framework.TestCase.runTest(TestCase.java:176)
	at junit.framework.TestCase.runBare(TestCase.java:141)
	at junit.framework.TestResult$1.protect(TestResult.java:122)
	at junit.framework.TestResult.runProtected(TestResult.java:142)
	at junit.framework.TestResult.run(TestResult.java:125)
	at junit.framework.TestCase.run(TestCase.java:129)
	at junit.framework.TestSuite.runTest(TestSuite.java:252)
	at junit.framework.TestSuite.run(TestSuite.java:247)
	at org.junit.internal.runners.JUnit38ClassRunner.run(JUnit38ClassRunner.java:86)
	at org.apache.maven.surefire.junit4.JUnit4Provider.execute(JUnit4Provider.java:367)
	at org.apache.maven.surefire.junit4.JUnit4Provider.executeWithRerun(JUnit4Provider.java:274)
	at org.apache.maven.surefire.junit4.JUnit4Provider.executeTestSet(JUnit4Provider.java:238)
	at org.apache.maven.surefire.junit4.JUnit4Provider.invoke(JUnit4Provider.java:161)
	at org.apache.maven.surefire.booter.ForkedBooter.invokeProviderInSameClassLoader(ForkedBooter.java:290)
	at org.apache.maven.surefire.booter.ForkedBooter.runSuitesInProcess(ForkedBooter.java:242)
	at org.apache.maven.surefire.booter.ForkedBooter.main(ForkedBooter.java:121)

Tests run: 9, Failures: 0, Errors: 0, Skipped: 0, Time elapsed: 0.08 sec - in com.github.sbaudoin.yamllint.SimpleYamlLintConfigTest
Running com.github.sbaudoin.yamllint.SpecExamplesTest
Tests run: 94, Failures: 0, Errors: 0, Skipped: 0, Time elapsed: 0.588 sec - in com.github.sbaudoin.yamllint.SpecExamplesTest

Results :

Tests run: 355, Failures: 0, Errors: 0, Skipped: 0

[INFO] 
[INFO] --- jacoco-maven-plugin:0.8.5:report (report) @ yamllint ---
[INFO] Loading execution data file /tmp/tmp3d3e7b_f/yamllint/target/jacoco.exec
[INFO] Analyzed bundle 'YAMLLint' with 2551 classes
[INFO] ------------------------------------------------------------------------
[INFO] BUILD SUCCESS
[INFO] ------------------------------------------------------------------------
[INFO] Total time:  36.577 s
[INFO] Finished at: 2020-07-30T21:01:54Z
[INFO] ------------------------------------------------------------------------
