[INFO] Error stacktraces are turned on.
[INFO] Scanning for projects...
[WARNING] 
[WARNING] Some problems were encountered while building the effective model for com.github.bthink-bgu:BPjs:jar:0.10.5-SNAPSHOT
[WARNING] 'build.plugins.plugin.(groupId:artifactId)' must be unique but found duplicate declaration of plugin org.apache.maven.plugins:maven-jar-plugin @ line 119, column 15
[WARNING] 
[WARNING] It is highly recommended to fix these problems because they threaten the stability of your build.
[WARNING] 
[WARNING] For this reason, future Maven versions might no longer support building such malformed projects.
[WARNING] 
[INFO] 
[INFO] ---------------------< com.github.bthink-bgu:BPjs >---------------------
[INFO] Building BPjs 0.10.5-SNAPSHOT
[INFO] --------------------------------[ jar ]---------------------------------
[INFO] 
[INFO] --- jacoco-maven-plugin:0.8.5:prepare-agent (default) @ BPjs ---
[INFO] argLine set to -javaagent:/home/jdbl/.m2/repository/org/jacoco/org.jacoco.agent/0.8.5/org.jacoco.agent-0.8.5-runtime.jar=destfile=/tmp/tmp3yj1pw63/BPjs/target/jacoco.exec
[INFO] 
[INFO] --- maven-resources-plugin:2.6:resources (default-resources) @ BPjs ---
[INFO] Using 'UTF-8' encoding to copy filtered resources.
[INFO] Copying 4 resources
[INFO] 
[INFO] --- maven-compiler-plugin:3.8.0:compile (default-compile) @ BPjs ---
[INFO] Changes detected - recompiling the module!
[INFO] Compiling 78 source files to /tmp/tmp3yj1pw63/BPjs/target/classes
[INFO] /tmp/tmp3yj1pw63/BPjs/src/main/java/il/ac/bgu/cs/bp/bpjs/model/BProgram.java: Some input files use unchecked or unsafe operations.
[INFO] /tmp/tmp3yj1pw63/BPjs/src/main/java/il/ac/bgu/cs/bp/bpjs/model/BProgram.java: Recompile with -Xlint:unchecked for details.
[INFO] 
[INFO] --- maven-resources-plugin:2.6:testResources (default-testResources) @ BPjs ---
[INFO] Using 'UTF-8' encoding to copy filtered resources.
[INFO] Copying 50 resources
[INFO] 
[INFO] --- maven-compiler-plugin:3.8.0:testCompile (default-testCompile) @ BPjs ---
[INFO] Changes detected - recompiling the module!
[INFO] Compiling 82 source files to /tmp/tmp3yj1pw63/BPjs/target/test-classes
[INFO] /tmp/tmp3yj1pw63/BPjs/src/test/java/il/ac/bgu/cs/bp/bpjs/analysis/NodeEqualsTest.java: Some input files use or override a deprecated API.
[INFO] /tmp/tmp3yj1pw63/BPjs/src/test/java/il/ac/bgu/cs/bp/bpjs/analysis/NodeEqualsTest.java: Recompile with -Xlint:deprecation for details.
[INFO] /tmp/tmp3yj1pw63/BPjs/src/test/java/il/ac/bgu/cs/bp/bpjs/model/eventselection/LoggingEventSelectionStrategyDecoratorTest.java: Some input files use unchecked or unsafe operations.
[INFO] /tmp/tmp3yj1pw63/BPjs/src/test/java/il/ac/bgu/cs/bp/bpjs/model/eventselection/LoggingEventSelectionStrategyDecoratorTest.java: Recompile with -Xlint:unchecked for details.
[INFO] 
[INFO] --- maven-surefire-plugin:2.19.1:test (default-test) @ BPjs ---
[INFO] Surefire report directory: /tmp/tmp3yj1pw63/BPjs/target/surefire-reports

-------------------------------------------------------
 T E S T S
-------------------------------------------------------
Running il.ac.bgu.cs.bp.bpjs.model.eventselection.OrderedEventSelectionStrategyTest
Tests run: 2, Failures: 0, Errors: 0, Skipped: 0, Time elapsed: 0.79 sec - in il.ac.bgu.cs.bp.bpjs.model.eventselection.OrderedEventSelectionStrategyTest
Running il.ac.bgu.cs.bp.bpjs.model.eventselection.PrioritizedBSyncEventSelectionStrategyTest
Tests run: 3, Failures: 0, Errors: 0, Skipped: 0, Time elapsed: 0.042 sec - in il.ac.bgu.cs.bp.bpjs.model.eventselection.PrioritizedBSyncEventSelectionStrategyTest
Running il.ac.bgu.cs.bp.bpjs.model.eventselection.SimpleEventSelectionStrategyTest
Tests run: 9, Failures: 0, Errors: 0, Skipped: 0, Time elapsed: 1.284 sec - in il.ac.bgu.cs.bp.bpjs.model.eventselection.SimpleEventSelectionStrategyTest
Running il.ac.bgu.cs.bp.bpjs.model.eventselection.LoggingEventSelectionStrategyDecoratorTest
---:HotNCold.js+ Starting
  -:HotNCold.js+ Added HotBt
  -:HotNCold.js+ Added ColdBt
  -:HotNCold.js+ Added AlternatorBt
[BP][Info] Setup done.
---:HotNCold.js+ Started
 --:HotNCold.js+ Event [BEvent name:coldEvent]
 --:HotNCold.js+ Event [BEvent name:hotEvent]
 --:HotNCold.js+ Event [BEvent name:coldEvent]
 --:HotNCold.js+ Event [BEvent name:hotEvent]
 --:HotNCold.js+ Event [BEvent name:coldEvent]
  -:HotNCold.js+ Done ColdBt
 --:HotNCold.js+ Event [BEvent name:hotEvent]
  -:HotNCold.js+ Done HotBt
 --:HotNCold.js+ Event [BEvent name:allDone]
  -:HotNCold.js+ Done AlternatorBt
---:HotNCold.js+ Ended
output = == Choosing Selectable Events ==
BThread Sync Statements:
+ ColdBt:
    Request: [OrderedSet [[BEvent name:coldEvent]]]
    WaitFor: {none}
    Block: {none}
    Interrupt: {none}
+ AlternatorBt:
    Request: [OrderedSet []]
    WaitFor: [BEvent name:coldEvent]
    Block: [BEvent name:hotEvent]
    Interrupt: {none}
+ HotBt:
    Request: [OrderedSet [[BEvent name:hotEvent]]]
    WaitFor: {none}
    Block: {none}
    Interrupt: {none}
+ ExternalEvents: []
-- Selectable Events -----------
 + [BEvent name:coldEvent]
================================
== Actual Event Selection ======
Optional[[EventSelectionResult event:[BEvent name:coldEvent] indices:[]]]
================================
== Choosing Selectable Events ==
BThread Sync Statements:
+ ColdBt:
    Request: [OrderedSet [[BEvent name:coldEvent]]]
    WaitFor: {none}
    Block: {none}
    Interrupt: {none}
+ HotBt:
    Request: [OrderedSet [[BEvent name:hotEvent]]]
    WaitFor: {none}
    Block: {none}
    Interrupt: {none}
+ AlternatorBt:
    Request: [OrderedSet []]
    WaitFor: [BEvent name:hotEvent]
    Block: [BEvent name:coldEvent]
    Interrupt: {none}
+ ExternalEvents: []
-- Selectable Events -----------
 + [BEvent name:hotEvent]
================================
== Actual Event Selection ======
Optional[[EventSelectionResult event:[BEvent name:hotEvent] indices:[]]]
================================
== Choosing Selectable Events ==
BThread Sync Statements:
+ ColdBt:
    Request: [OrderedSet [[BEvent name:coldEvent]]]
    WaitFor: {none}
    Block: {none}
    Interrupt: {none}
+ AlternatorBt:
    Request: [OrderedSet []]
    WaitFor: [BEvent name:coldEvent]
    Block: [BEvent name:hotEvent]
    Interrupt: {none}
+ HotBt:
    Request: [OrderedSet [[BEvent name:hotEvent]]]
    WaitFor: {none}
    Block: {none}
    Interrupt: {none}
+ ExternalEvents: []
-- Selectable Events -----------
 + [BEvent name:coldEvent]
================================
== Actual Event Selection ======
Optional[[EventSelectionResult event:[BEvent name:coldEvent] indices:[]]]
================================
== Choosing Selectable Events ==
BThread Sync Statements:
+ ColdBt:
    Request: [OrderedSet [[BEvent name:coldEvent]]]
    WaitFor: {none}
    Block: {none}
    Interrupt: {none}
+ HotBt:
    Request: [OrderedSet [[BEvent name:hotEvent]]]
    WaitFor: {none}
    Block: {none}
    Interrupt: {none}
+ AlternatorBt:
    Request: [OrderedSet []]
    WaitFor: [BEvent name:hotEvent]
    Block: [BEvent name:coldEvent]
    Interrupt: {none}
+ ExternalEvents: []
-- Selectable Events -----------
 + [BEvent name:hotEvent]
================================
== Actual Event Selection ======
Optional[[EventSelectionResult event:[BEvent name:hotEvent] indices:[]]]
================================
== Choosing Selectable Events ==
BThread Sync Statements:
+ ColdBt:
    Request: [OrderedSet [[BEvent name:coldEvent]]]
    WaitFor: {none}
    Block: {none}
    Interrupt: {none}
+ AlternatorBt:
    Request: [OrderedSet []]
    WaitFor: [BEvent name:coldEvent]
    Block: [BEvent name:hotEvent]
    Interrupt: {none}
+ HotBt:
    Request: [OrderedSet [[BEvent name:hotEvent]]]
    WaitFor: {none}
    Block: {none}
    Interrupt: {none}
+ ExternalEvents: []
-- Selectable Events -----------
 + [BEvent name:coldEvent]
================================
== Actual Event Selection ======
Optional[[EventSelectionResult event:[BEvent name:coldEvent] indices:[]]]
================================
== Choosing Selectable Events ==
BThread Sync Statements:
+ HotBt:
    Request: [OrderedSet [[BEvent name:hotEvent]]]
    WaitFor: {none}
    Block: {none}
    Interrupt: {none}
+ AlternatorBt:
    Request: [OrderedSet []]
    WaitFor: [BEvent name:hotEvent]
    Block: [BEvent name:coldEvent]
    Interrupt: {none}
+ ExternalEvents: []
-- Selectable Events -----------
 + [BEvent name:hotEvent]
================================
== Actual Event Selection ======
Optional[[EventSelectionResult event:[BEvent name:hotEvent] indices:[]]]
================================
== Choosing Selectable Events ==
BThread Sync Statements:
+ AlternatorBt:
    Request: [OrderedSet [[BEvent name:allDone]]]
    WaitFor: {none}
    Block: {none}
    Interrupt: {none}
+ ExternalEvents: []
-- Selectable Events -----------
 + [BEvent name:allDone]
================================
== Actual Event Selection ======
Optional[[EventSelectionResult event:[BEvent name:allDone] indices:[]]]
================================

Tests run: 1, Failures: 0, Errors: 0, Skipped: 0, Time elapsed: 0.785 sec - in il.ac.bgu.cs.bp.bpjs.model.eventselection.LoggingEventSelectionStrategyDecoratorTest
Running il.ac.bgu.cs.bp.bpjs.model.eventselection.PriorityBasedSelectionTest
Tests run: 1, Failures: 0, Errors: 0, Skipped: 0, Time elapsed: 0.036 sec - in il.ac.bgu.cs.bp.bpjs.model.eventselection.PriorityBasedSelectionTest
Running il.ac.bgu.cs.bp.bpjs.model.eventselection.EventSelectionResultTest
Tests run: 2, Failures: 0, Errors: 0, Skipped: 0, Time elapsed: 0.014 sec - in il.ac.bgu.cs.bp.bpjs.model.eventselection.EventSelectionResultTest
Running il.ac.bgu.cs.bp.bpjs.model.eventselection.PausingEventSelectionStrategyDecoratorTest
---:HotNCold.js+ Starting
  -:HotNCold.js+ Added HotBt
  -:HotNCold.js+ Added ColdBt
  -:HotNCold.js+ Added AlternatorBt
[BP][Info] Setup done.
---:HotNCold.js+ Started
 --:HotNCold.js+ Event [BEvent name:coldEvent]
 --:HotNCold.js+ Event [BEvent name:hotEvent]
 --:HotNCold.js+ Event [BEvent name:coldEvent]
 --:HotNCold.js+ Event [BEvent name:hotEvent]
 --:HotNCold.js+ Event [BEvent name:coldEvent]
  -:HotNCold.js+ Done ColdBt
 --:HotNCold.js+ Event [BEvent name:hotEvent]
  -:HotNCold.js+ Done HotBt
 --:HotNCold.js+ Event [BEvent name:allDone]
  -:HotNCold.js+ Done AlternatorBt
---:HotNCold.js+ Ended
Tests run: 2, Failures: 0, Errors: 0, Skipped: 0, Time elapsed: 3.589 sec - in il.ac.bgu.cs.bp.bpjs.model.eventselection.PausingEventSelectionStrategyDecoratorTest
Running il.ac.bgu.cs.bp.bpjs.model.eventselection.PrioritizedBThreadsEventSelectionStrategyTest
Tests run: 8, Failures: 0, Errors: 0, Skipped: 0, Time elapsed: 0.019 sec - in il.ac.bgu.cs.bp.bpjs.model.eventselection.PrioritizedBThreadsEventSelectionStrategyTest
Running il.ac.bgu.cs.bp.bpjs.model.BProgramSyncSnapshotTest
Tests run: 5, Failures: 0, Errors: 0, Skipped: 0, Time elapsed: 0.165 sec - in il.ac.bgu.cs.bp.bpjs.model.BProgramSyncSnapshotTest
Running il.ac.bgu.cs.bp.bpjs.model.eventsets.ComposableEventSetTest
Tests run: 12, Failures: 0, Errors: 0, Skipped: 0, Time elapsed: 0.021 sec - in il.ac.bgu.cs.bp.bpjs.model.eventsets.ComposableEventSetTest
Running il.ac.bgu.cs.bp.bpjs.model.eventsets.EventSetsTest
Tests run: 3, Failures: 0, Errors: 0, Skipped: 0, Time elapsed: 0.024 sec - in il.ac.bgu.cs.bp.bpjs.model.eventsets.EventSetsTest
Running il.ac.bgu.cs.bp.bpjs.model.eventsets.ExplicitEventSetTest
Tests run: 5, Failures: 0, Errors: 0, Skipped: 0, Time elapsed: 0.001 sec - in il.ac.bgu.cs.bp.bpjs.model.eventsets.ExplicitEventSetTest
Running il.ac.bgu.cs.bp.bpjs.model.eventsets.BEventSetsJsTest
[BP][Info] esDataObjVizIsViz
[BP][Info] [BEvent name:aName data:{viz=>viz}]
[BP][Info] esDataIsViz
[BP][Info] [BEvent name:aName data:viz]
[BP][Info] viz
[BP][Info] esDataIsViz
[BP][Info] [BEvent name:aName data:{viz=>viz}]
[BP][Info] [object Object]
[BP][Info] esDataObjVizIsViz
[BP][Info] [BEvent name:aName data:viz]
[BP][Info] esDataObjVizIsViz
[BP][Info] [BEvent name:Name]
[BP][Info] esDataIsViz
[BP][Info] [BEvent name:Name]
[BP][Info] null
[BP][Info] esName
[BP][Info] [BEvent name:Name]
[BP][Info] Name
[BP][Info] false
[BP][Info] esName
[BP][Info] [BEvent name:NotName]
[BP][Info] NotName
[BP][Info] false
Tests run: 2, Failures: 0, Errors: 0, Skipped: 0, Time elapsed: 0.094 sec - in il.ac.bgu.cs.bp.bpjs.model.eventsets.BEventSetsJsTest
Running il.ac.bgu.cs.bp.bpjs.model.BSyncDataPassingTest
---:BSyncDataPassingTest.js+ Starting
  -:BSyncDataPassingTest.js+ Added autoadded-1
  -:BSyncDataPassingTest.js+ Added autoadded-2
  -:BSyncDataPassingTest.js+ Added autoadded-3
  -:BSyncDataPassingTest.js+ Added autoadded-4
  -:BSyncDataPassingTest.js+ Added autoadded-5
  -:BSyncDataPassingTest.js+ Added autoadded-6
---:BSyncDataPassingTest.js+ Started
 --:BSyncDataPassingTest.js+ Event [BEvent name:p30]
  -:BSyncDataPassingTest.js+ Done autoadded-6
 --:BSyncDataPassingTest.js+ Event [BEvent name:p20]
  -:BSyncDataPassingTest.js+ Done autoadded-5
 --:BSyncDataPassingTest.js+ Event [BEvent name:p10]
  -:BSyncDataPassingTest.js+ Done autoadded-4
 --:BSyncDataPassingTest.js+ Event [BEvent name:p3]
  -:BSyncDataPassingTest.js+ Done autoadded-3
 --:BSyncDataPassingTest.js+ Event [BEvent name:p2]
  -:BSyncDataPassingTest.js+ Done autoadded-2
 --:BSyncDataPassingTest.js+ Event [BEvent name:p1]
  -:BSyncDataPassingTest.js+ Done autoadded-1
---:BSyncDataPassingTest.js+ Ended
---:BSyncDataPassingTest.js+ Starting
  -:BSyncDataPassingTest.js+ Added autoadded-1
  -:BSyncDataPassingTest.js+ Added autoadded-2
  -:BSyncDataPassingTest.js+ Added autoadded-3
  -:BSyncDataPassingTest.js+ Added autoadded-4
  -:BSyncDataPassingTest.js+ Added autoadded-5
  -:BSyncDataPassingTest.js+ Added autoadded-6
  -:BSyncDataPassingTest.js+ Added autoadded-7
---:BSyncDataPassingTest.js+ Started
 --:BSyncDataPassingTest.js+ Event [BEvent name:p20]
  -:BSyncDataPassingTest.js+ Done autoadded-5
 --:BSyncDataPassingTest.js+ Event [BEvent name:p10]
  -:BSyncDataPassingTest.js+ Done autoadded-4
 --:BSyncDataPassingTest.js+ Event [BEvent name:p3]
  -:BSyncDataPassingTest.js+ Done autoadded-3
 --:BSyncDataPassingTest.js+ Event [BEvent name:p2]
  -:BSyncDataPassingTest.js+ Done autoadded-2
 --:BSyncDataPassingTest.js+ Event [BEvent name:p1]
  -:BSyncDataPassingTest.js+ Done autoadded-1
---:BSyncDataPassingTest.js+ No Event Selected
---:BSyncDataPassingTest.js+ Ended
Tests run: 2, Failures: 0, Errors: 0, Skipped: 0, Time elapsed: 0.158 sec - in il.ac.bgu.cs.bp.bpjs.model.BSyncDataPassingTest
Running il.ac.bgu.cs.bp.bpjs.model.SyncStatementTest
Tests run: 3, Failures: 0, Errors: 0, Skipped: 0, Time elapsed: 0 sec - in il.ac.bgu.cs.bp.bpjs.model.SyncStatementTest
Running il.ac.bgu.cs.bp.bpjs.model.BThreadSyncSnapshotTest
Tests run: 2, Failures: 0, Errors: 0, Skipped: 0, Time elapsed: 0.092 sec - in il.ac.bgu.cs.bp.bpjs.model.BThreadSyncSnapshotTest
Running il.ac.bgu.cs.bp.bpjs.model.PutInContextTest
[BP][Info] I'm an outside object
[BP][Info] I'm an outside object
Tests run: 2, Failures: 0, Errors: 0, Skipped: 0, Time elapsed: 0.037 sec - in il.ac.bgu.cs.bp.bpjs.model.PutInContextTest
Running il.ac.bgu.cs.bp.bpjs.model.ResourceBProgramTest
[BP][Info] Setup done.
[BP][Info] Setup done.
Tests run: 3, Failures: 0, Errors: 0, Skipped: 0, Time elapsed: 0.186 sec - in il.ac.bgu.cs.bp.bpjs.model.ResourceBProgramTest
Running il.ac.bgu.cs.bp.bpjs.model.BProgramTest


testPrependAndAppendSource
---:BProgram-35 Starting
[BP][Info] prepended code evaluated
  -:BProgram-35 Added autoadded-1
[BP][Info] main code evaluated
  -:BProgram-35 Added autoadded-2
[BP][Info] appended code evaluated
---:BProgram-35 Started
 --:BProgram-35 Event [BEvent name:1]
 --:BProgram-35 Event [BEvent name:2]
 --:BProgram-35 Event [BEvent name:2a]
  -:BProgram-35 Done autoadded-2
 --:BProgram-35 Event [BEvent name:3]
  -:BProgram-35 Done autoadded-1
---:BProgram-35 Ended
-- testPrependAndAppendSource DONE
Sanity run
---:BProgram-36 Starting
  -:BProgram-36 Added autoadded-1
[BP][Info] Source code evaluated
---:BProgram-36 Started
 --:BProgram-36 Event [BEvent name:1]
 --:BProgram-36 Event [BEvent name:2]
 --:BProgram-36 Event [BEvent name:3]
  -:BProgram-36 Done autoadded-1
---:BProgram-36 Ended
/Sanity run

Test Run
---:BProgram-37 Starting
  -:BProgram-37 Added autoadded-1
[BP][Info] Source code evaluated
  -:BProgram-37 Added autoadded-2
[BP][Info] Additional code evaluated
---:BProgram-37 Started
 --:BProgram-37 Event [BEvent name:1]
 --:BProgram-37 Event [BEvent name:2]
 --:BProgram-37 Event [BEvent name:2a]
  -:BProgram-37 Done autoadded-2
 --:BProgram-37 Event [BEvent name:3]
  -:BProgram-37 Done autoadded-1
---:BProgram-37 Ended
[BP][Info] Source code evaluated
---:BProgram-40 Starting
[BP][Info] Prepended code evaluated
  -:BProgram-40 Added autoadded-1
[BP][Info] Source code evaluated
---:BProgram-40 Started
 --:BProgram-40 Event [BEvent name:1]
 --:BProgram-40 Event [BEvent name:2]
 --:BProgram-40 Event [BEvent name:3]
  -:BProgram-40 Done autoadded-1
---:BProgram-40 Ended
[BP][Info] Source code evaluated
Tests run: 7, Failures: 0, Errors: 0, Skipped: 0, Time elapsed: 0.342 sec - in il.ac.bgu.cs.bp.bpjs.model.BProgramTest
Running il.ac.bgu.cs.bp.bpjs.model.BEventsJsTest
Tests run: 4, Failures: 0, Errors: 0, Skipped: 0, Time elapsed: 0.034 sec - in il.ac.bgu.cs.bp.bpjs.model.BEventsJsTest
Running il.ac.bgu.cs.bp.bpjs.model.BEventTest
Tests run: 7, Failures: 0, Errors: 0, Skipped: 0, Time elapsed: 0.003 sec - in il.ac.bgu.cs.bp.bpjs.model.BEventTest
Running il.ac.bgu.cs.bp.bpjs.GeneralTest
Task 1000 started
Task 1002 started
Task 1009 started
Task 1008 started
Task 1009 ended
Task 1004 started
Task 1000 ended
Task 1006 started
Task 1002 ended
Task 1008 ended
Task 1005 started
Task 1007 started
Task 1004 ended
Task 1003 started
Task 1006 ended
Task 1001 started
Task 1007 ended
Task 1010 started
Task 1005 ended
Task 1003 ended
Task 1010 ended
Task 1001 ended
Result: 1000
Result: 1001
Result: 1002
Result: 1003
Result: 1004
Result: 1005
Result: 1006
Result: 1007
Result: 1008
Result: 1009
Result: 1010
Tests run: 1, Failures: 0, Errors: 0, Skipped: 0, Time elapsed: 3.742 sec - in il.ac.bgu.cs.bp.bpjs.GeneralTest
Running il.ac.bgu.cs.bp.bpjs.execution.NoBSyncTest
Tests run: 1, Failures: 0, Errors: 0, Skipped: 0, Time elapsed: 0 sec - in il.ac.bgu.cs.bp.bpjs.execution.NoBSyncTest
Running il.ac.bgu.cs.bp.bpjs.execution.HotNColdTest
---:HotNCold.js+ Starting
  -:HotNCold.js+ Added HotBt
  -:HotNCold.js+ Added ColdBt
  -:HotNCold.js+ Added AlternatorBt
[BP][Info] Setup done.
---:HotNCold.js+ Started
 --:HotNCold.js+ Event [BEvent name:coldEvent]
 --:HotNCold.js+ Event [BEvent name:hotEvent]
 --:HotNCold.js+ Event [BEvent name:coldEvent]
 --:HotNCold.js+ Event [BEvent name:hotEvent]
 --:HotNCold.js+ Event [BEvent name:coldEvent]
  -:HotNCold.js+ Done ColdBt
 --:HotNCold.js+ Event [BEvent name:hotEvent]
  -:HotNCold.js+ Done HotBt
 --:HotNCold.js+ Event [BEvent name:allDone]
  -:HotNCold.js+ Done AlternatorBt
---:HotNCold.js+ Ended
[BEvent name:coldEvent]
[BEvent name:hotEvent]
[BEvent name:coldEvent]
[BEvent name:hotEvent]
[BEvent name:coldEvent]
[BEvent name:hotEvent]
[BEvent name:allDone]
Tests run: 1, Failures: 0, Errors: 0, Skipped: 0, Time elapsed: 0.063 sec - in il.ac.bgu.cs.bp.bpjs.execution.HotNColdTest
Running il.ac.bgu.cs.bp.bpjs.execution.EventsArraysTest
---:EventArrays.js+ Starting
  -:EventArrays.js+ Added requestor1
  -:EventArrays.js+ Added requestor2
  -:EventArrays.js+ Added blocker
---:EventArrays.js+ Started
 --:EventArrays.js+ Event [BEvent name:e11]
  -:EventArrays.js+ Done blocker
  -:EventArrays.js+ Done requestor1
 --:EventArrays.js+ Event [BEvent name:e21]
  -:EventArrays.js+ Done requestor2
---:EventArrays.js+ Ended
Tests run: 1, Failures: 0, Errors: 0, Skipped: 0, Time elapsed: 0.035 sec - in il.ac.bgu.cs.bp.bpjs.execution.EventsArraysTest
Running il.ac.bgu.cs.bp.bpjs.execution.EngineExceptionTest
Error message details: 
null
Tests run: 2, Failures: 0, Errors: 0, Skipped: 0, Time elapsed: 0.008 sec - in il.ac.bgu.cs.bp.bpjs.execution.EngineExceptionTest
Running il.ac.bgu.cs.bp.bpjs.execution.ForkTest
---:bp-fork.js+ Starting
  -:bp-fork.js+ Added source
---:bp-fork.js+ Started
[BP][Info] XX IN Parent
  -:bp-fork.js+ Added f1$source
[BP][Info] XX IN Child
 --:bp-fork.js+ Event [BEvent name:childPrint]
[BP][Info] myInt: 2
[BP][Info] myString: base/child/
[BP][Info] myObj: {"forkReturn":1,"childMessage":"Child b-t"}
 --:bp-fork.js+ Event [BEvent name:parentPrint]
[BP][Info] myInt: 1
[BP][Info] myString: base/parent/
[BP][Info] myObj: {"forkReturn":2,"parentMessage":"Parent b-t"}
 --:bp-fork.js+ Event [BEvent name:base/parent/1]
  -:bp-fork.js+ Done source
 --:bp-fork.js+ Event [BEvent name:base/child/2]
  -:bp-fork.js+ Done f1$source
---:bp-fork.js+ Ended

Events: 
[BEvent name:childPrint]
[BEvent name:parentPrint]
[BEvent name:base/parent/1]
[BEvent name:base/child/2]
Tests run: 1, Failures: 0, Errors: 0, Skipped: 0, Time elapsed: 0.692 sec - in il.ac.bgu.cs.bp.bpjs.execution.ForkTest
Running il.ac.bgu.cs.bp.bpjs.execution.ExternalEventsDaemonTest
---:ExternalEventsDaemon.js+ Starting
  -:ExternalEventsDaemon.js+ Added handler
---:ExternalEventsDaemon.js+ Started
---:ExternalEventsDaemon.js+ No Event Selected
 --:ExternalEventsDaemon.js+ Event [BEvent name:ext1]
 --:ExternalEventsDaemon.js+ Event [BEvent name:in1a]
 --:ExternalEventsDaemon.js+ Event [BEvent name:in1b]
---:ExternalEventsDaemon.js+ No Event Selected
 --:ExternalEventsDaemon.js+ Event [BEvent name:ext1]
 --:ExternalEventsDaemon.js+ Event [BEvent name:in1a]
 --:ExternalEventsDaemon.js+ Event [BEvent name:in1b]
---:ExternalEventsDaemon.js+ No Event Selected
 --:ExternalEventsDaemon.js+ Event [BEvent name:ext1]
 --:ExternalEventsDaemon.js+ Event [BEvent name:in1a]
 --:ExternalEventsDaemon.js+ Event [BEvent name:in1b]
  -:ExternalEventsDaemon.js+ Done handler
---:ExternalEventsDaemon.js+ Ended
[BEvent name:ext1]
[BEvent name:in1a]
[BEvent name:in1b]
[BEvent name:ext1]
[BEvent name:in1a]
[BEvent name:in1b]
[BEvent name:ext1]
[BEvent name:in1a]
[BEvent name:in1b]
Tests run: 1, Failures: 0, Errors: 0, Skipped: 0, Time elapsed: 1.502 sec - in il.ac.bgu.cs.bp.bpjs.execution.ExternalEventsDaemonTest
Running il.ac.bgu.cs.bp.bpjs.execution.StatementsWithDataTest
---:StatementsWithData.js+ Starting
  -:StatementsWithData.js+ Added bt-1
  -:StatementsWithData.js+ Added bt-2
  -:StatementsWithData.js+ Added bt-3
---:StatementsWithData.js+ Started
 --:StatementsWithData.js+ Event [BEvent name:1]
  -:StatementsWithData.js+ Done bt-1
 --:StatementsWithData.js+ Event [BEvent name:2]
  -:StatementsWithData.js+ Done bt-2
 --:StatementsWithData.js+ Event [BEvent name:3]
  -:StatementsWithData.js+ Done bt-3
---:StatementsWithData.js+ Ended
[BEvent name:1]
[BEvent name:2]
[BEvent name:3]
Tests run: 1, Failures: 0, Errors: 0, Skipped: 0, Time elapsed: 0.045 sec - in il.ac.bgu.cs.bp.bpjs.execution.StatementsWithDataTest
Running il.ac.bgu.cs.bp.bpjs.execution.InterruptTest
---:Interrupt.js+ Starting
  -:Interrupt.js+ Added requestor
  -:Interrupt.js+ Added InterruptOnFirst
  -:Interrupt.js+ Added InterruptOnSecond
---:Interrupt.js+ Started
 --:Interrupt.js+ Event [BEvent name:breaking]
  -:Interrupt.js+ Removed InterruptOnFirst
 --:Interrupt.js+ Event [BEvent name:breaking]
  -:Interrupt.js+ Removed InterruptOnSecond
  -:Interrupt.js+ Done requestor
---:Interrupt.js+ Ended
[BEvent name:breaking]
[BEvent name:breaking]
Tests run: 1, Failures: 0, Errors: 0, Skipped: 0, Time elapsed: 0.046 sec - in il.ac.bgu.cs.bp.bpjs.execution.InterruptTest
Running il.ac.bgu.cs.bp.bpjs.execution.DynamicBThreadAdditionTest
---:dynamicBthreadAddition.js+ Starting
  -:dynamicBthreadAddition.js+ Added coutner
  -:dynamicBthreadAddition.js+ Added beeperMaker
---:dynamicBthreadAddition.js+ Started
 --:dynamicBthreadAddition.js+ Event [BEvent name:COUNT]
[BP][Info] c=1
  -:dynamicBthreadAddition.js+ Added bp1
 --:dynamicBthreadAddition.js+ Event [BEvent name:COUNT]
[BP][Info] c=2
  -:dynamicBthreadAddition.js+ Added bp2
 --:dynamicBthreadAddition.js+ Event [BEvent name:beep-1]
 --:dynamicBthreadAddition.js+ Event [BEvent name:COUNT]
[BP][Info] c=3
  -:dynamicBthreadAddition.js+ Added bp3
 --:dynamicBthreadAddition.js+ Event [BEvent name:beep-1]
 --:dynamicBthreadAddition.js+ Event [BEvent name:beep-2]
 --:dynamicBthreadAddition.js+ Event [BEvent name:COUNT]
[BP][Info] c=4
  -:dynamicBthreadAddition.js+ Added bp4
  -:dynamicBthreadAddition.js+ Done coutner
 --:dynamicBthreadAddition.js+ Event [BEvent name:beep-1]
 --:dynamicBthreadAddition.js+ Event [BEvent name:beep-3]
 --:dynamicBthreadAddition.js+ Event [BEvent name:beep-2]
---:dynamicBthreadAddition.js+ No Event Selected
---:dynamicBthreadAddition.js+ Ended
COUNT
COUNT
beep-1
COUNT
beep-1
beep-2
COUNT
beep-1
beep-3
beep-2
---:dynamicBthreadAddition.js+ Starting
  -:dynamicBthreadAddition.js+ Added requestor-0
  -:dynamicBthreadAddition.js+ Added requestor-1
  -:dynamicBthreadAddition.js+ Added requestor-2
  -:dynamicBthreadAddition.js+ Added requestor-3
---:dynamicBthreadAddition.js+ Started
[BP][Info] I'll request e2!
[BP][Info] I'll request e3!
[BP][Info] I'll request e1!
[BP][Info] I'll request e0!
 --:dynamicBthreadAddition.js+ Event [BEvent name:e2]
  -:dynamicBthreadAddition.js+ Done requestor-2
 --:dynamicBthreadAddition.js+ Event [BEvent name:e3]
  -:dynamicBthreadAddition.js+ Done requestor-3
 --:dynamicBthreadAddition.js+ Event [BEvent name:e0]
  -:dynamicBthreadAddition.js+ Done requestor-0
 --:dynamicBthreadAddition.js+ Event [BEvent name:e1]
  -:dynamicBthreadAddition.js+ Done requestor-1
---:dynamicBthreadAddition.js+ Ended
Tests run: 2, Failures: 0, Errors: 0, Skipped: 0, Time elapsed: 0.12 sec - in il.ac.bgu.cs.bp.bpjs.execution.DynamicBThreadAdditionTest
Running il.ac.bgu.cs.bp.bpjs.execution.AddingBthreadsTest
---:AddingBthreads.js+ Starting
[BP][Info] Program Loaded
  -:AddingBthreads.js+ Added parentBThread
---:AddingBthreads.js+ Started
[BP][Info] parent started
  -:AddingBthreads.js+ Added kid a1
  -:AddingBthreads.js+ Added kid b1
[BP][Info] kid a1 started
[BP][Info] kid b1 started
 --:AddingBthreads.js+ Event [BEvent name:kidADone]
  -:AddingBthreads.js+ Done kid a1
 --:AddingBthreads.js+ Event [BEvent name:kidBDone]
  -:AddingBthreads.js+ Done kid b1
 --:AddingBthreads.js+ Event [BEvent name:parentDone]
  -:AddingBthreads.js+ Added kid a2
  -:AddingBthreads.js+ Added kid b2
 --:AddingBthreads.js+ Event [BEvent name:kidADone]
  -:AddingBthreads.js+ Done kid a2
 --:AddingBthreads.js+ Event [BEvent name:kidBDone]
  -:AddingBthreads.js+ Done kid b2
 --:AddingBthreads.js+ Event [BEvent name:parentDone]
  -:AddingBthreads.js+ Done parentBThread
---:AddingBthreads.js+ Ended
Actual events:
[BEvent name:kidADone]
[BEvent name:kidBDone]
[BEvent name:parentDone]
[BEvent name:kidADone]
[BEvent name:kidBDone]
[BEvent name:parentDone]
/Actual events
Tests run: 1, Failures: 0, Errors: 0, Skipped: 0, Time elapsed: 0.088 sec - in il.ac.bgu.cs.bp.bpjs.execution.AddingBthreadsTest
Running il.ac.bgu.cs.bp.bpjs.execution.JsEventSetTest
---:JsEventSet.js+ Starting
  -:JsEventSet.js+ Added first
  -:JsEventSet.js+ Added second
---:JsEventSet.js+ Started
 --:JsEventSet.js+ Event [BEvent name:1stEvent]
  -:JsEventSet.js+ Done first
 --:JsEventSet.js+ Event [BEvent name:2ndEvent]
  -:JsEventSet.js+ Done second
---:JsEventSet.js+ Ended
Bad predicate:JS Predicate did not return a boolean value.
null predicateAn event set predicate has to be a function.
Tests run: 4, Failures: 0, Errors: 0, Skipped: 0, Time elapsed: 0.073 sec - in il.ac.bgu.cs.bp.bpjs.execution.JsEventSetTest
Running il.ac.bgu.cs.bp.bpjs.execution.jsproxy.BProgramJsProxyTest
Warning: B-thread is blocking an event it is also requesting, this may lead to a deadlock.
Warning: B-thread is blocking an event it is also requesting, this may lead to a deadlock.
Tests run: 4, Failures: 0, Errors: 0, Skipped: 0, Time elapsed: 0.294 sec - in il.ac.bgu.cs.bp.bpjs.execution.jsproxy.BProgramJsProxyTest
Running il.ac.bgu.cs.bp.bpjs.execution.jsproxy.SyncStatementTempTest
---:statementtemp/basicTempTest.js+ Starting
  -:statementtemp/basicTempTest.js+ Added autoadded-1
---:statementtemp/basicTempTest.js+ Started
 --:statementtemp/basicTempTest.js+ Event [BEvent name:Standard]
 --:statementtemp/basicTempTest.js+ Event [BEvent name:hot1]
 --:statementtemp/basicTempTest.js+ Event [BEvent name:hot2]
 --:statementtemp/basicTempTest.js+ Event [BEvent name:cold2]
  -:statementtemp/basicTempTest.js+ Done autoadded-1
---:statementtemp/basicTempTest.js+ Ended
Tests run: 1, Failures: 0, Errors: 0, Skipped: 0, Time elapsed: 0.03 sec - in il.ac.bgu.cs.bp.bpjs.execution.jsproxy.SyncStatementTempTest
Running il.ac.bgu.cs.bp.bpjs.execution.FailedAssertionTest
testNoAssertion: About to start program
---:FailedAssertionTest.js+ Starting
  -:FailedAssertionTest.js+ Added violator
---:FailedAssertionTest.js+ Started
 --:FailedAssertionTest.js+ Event [BEvent name:piff]
 --:FailedAssertionTest.js+ Event [BEvent name:puff]
 --:FailedAssertionTest.js+ Event [BEvent name:poof!]
 --:FailedAssertionTest.js+ Event [BEvent name:peff]
  -:FailedAssertionTest.js+ Done violator
---:FailedAssertionTest.js+ Ended
testNoAssertion: post-run
testNoAssertion: done
testAssertion: About to start program
---:FailedAssertionTest.js+ Starting
  -:FailedAssertionTest.js+ Added assertor
  -:FailedAssertionTest.js+ Added violator
---:FailedAssertionTest.js+ Started
[BP][Info] Assertor: pre 'poof'
 --:FailedAssertionTest.js+ Event [BEvent name:piff]
 --:FailedAssertionTest.js+ Event [BEvent name:puff]
 --:FailedAssertionTest.js+ Event [BEvent name:poof!]
[BP][Info] Assertor: After 'poof'
  -:FailedAssertionTest.js+ Done assertor
---:FailedAssertionTest.js+ B-thread assertor is in invalid state: Poof has happened.
---:FailedAssertionTest.js+ Ended
testAssertion: post-run
testAssertion: done
Tests run: 2, Failures: 0, Errors: 0, Skipped: 0, Time elapsed: 0.11 sec - in il.ac.bgu.cs.bp.bpjs.execution.FailedAssertionTest
Running il.ac.bgu.cs.bp.bpjs.execution.NamedArgsHotNColdTest
---:NamedArgsHotNCold.js+ Starting
  -:NamedArgsHotNCold.js+ Added HotBt
  -:NamedArgsHotNCold.js+ Added ColdBt
  -:NamedArgsHotNCold.js+ Added AlternatorBt
---:NamedArgsHotNCold.js+ Started
 --:NamedArgsHotNCold.js+ Event [BEvent name:coldEvent]
 --:NamedArgsHotNCold.js+ Event [BEvent name:hotEvent]
 --:NamedArgsHotNCold.js+ Event [BEvent name:coldEvent]
 --:NamedArgsHotNCold.js+ Event [BEvent name:hotEvent]
 --:NamedArgsHotNCold.js+ Event [BEvent name:coldEvent]
  -:NamedArgsHotNCold.js+ Done ColdBt
 --:NamedArgsHotNCold.js+ Event [BEvent name:hotEvent]
  -:NamedArgsHotNCold.js+ Done HotBt
 --:NamedArgsHotNCold.js+ Event [BEvent name:allDone]
  -:NamedArgsHotNCold.js+ Done AlternatorBt
---:NamedArgsHotNCold.js+ Ended
[BEvent name:coldEvent]
[BEvent name:hotEvent]
[BEvent name:coldEvent]
[BEvent name:hotEvent]
[BEvent name:coldEvent]
[BEvent name:hotEvent]
[BEvent name:allDone]
Tests run: 1, Failures: 0, Errors: 0, Skipped: 0, Time elapsed: 0.124 sec - in il.ac.bgu.cs.bp.bpjs.execution.NamedArgsHotNColdTest
Running il.ac.bgu.cs.bp.bpjs.execution.BProgramRunnerTest
Jul 30, 2020 8:41:29 PM il.ac.bgu.cs.bp.bpjs.model.BProgramSyncSnapshot safeGet
SEVERE: null
java.util.concurrent.ExecutionException: il.ac.bgu.cs.bp.bpjs.exceptions.BPjsRuntimeException: JavaScript error: TypeError: Cannot call method "isNullAndSoThisInvocationShouldCrash" of undefined (StringBProgram#6)
	at java.util.concurrent.FutureTask.report(FutureTask.java:122)
	at java.util.concurrent.FutureTask.get(FutureTask.java:192)
	at il.ac.bgu.cs.bp.bpjs.model.BProgramSyncSnapshot.safeGet(BProgramSyncSnapshot.java:269)
	at il.ac.bgu.cs.bp.bpjs.model.BProgramSyncSnapshot.lambda$triggerEvent$4(BProgramSyncSnapshot.java:155)
	at java.util.stream.ReferencePipeline$3$1.accept(ReferencePipeline.java:193)
	at java.util.ArrayList$ArrayListSpliterator.forEachRemaining(ArrayList.java:1384)
	at java.util.stream.AbstractPipeline.copyInto(AbstractPipeline.java:482)
	at java.util.stream.AbstractPipeline.wrapAndCopyInto(AbstractPipeline.java:472)
	at java.util.stream.ReduceOps$ReduceOp.evaluateSequential(ReduceOps.java:708)
	at java.util.stream.AbstractPipeline.evaluate(AbstractPipeline.java:234)
	at java.util.stream.ReferencePipeline.collect(ReferencePipeline.java:566)
	at il.ac.bgu.cs.bp.bpjs.model.BProgramSyncSnapshot.triggerEvent(BProgramSyncSnapshot.java:155)
	at il.ac.bgu.cs.bp.bpjs.execution.BProgramRunner.run(BProgramRunner.java:133)
	at il.ac.bgu.cs.bp.bpjs.execution.BProgramRunnerTest.testErrorReport(BProgramRunnerTest.java:123)
	at sun.reflect.NativeMethodAccessorImpl.invoke0(Native Method)
	at sun.reflect.NativeMethodAccessorImpl.invoke(NativeMethodAccessorImpl.java:62)
	at sun.reflect.DelegatingMethodAccessorImpl.invoke(DelegatingMethodAccessorImpl.java:43)
	at java.lang.reflect.Method.invoke(Method.java:498)
	at org.junit.runners.model.FrameworkMethod$1.runReflectiveCall(FrameworkMethod.java:47)
	at org.junit.internal.runners.model.ReflectiveCallable.run(ReflectiveCallable.java:12)
	at org.junit.runners.model.FrameworkMethod.invokeExplosively(FrameworkMethod.java:44)
	at org.junit.internal.runners.statements.InvokeMethod.evaluate(InvokeMethod.java:17)
	at org.junit.runners.ParentRunner.runLeaf(ParentRunner.java:271)
	at org.junit.runners.BlockJUnit4ClassRunner.runChild(BlockJUnit4ClassRunner.java:70)
	at org.junit.runners.BlockJUnit4ClassRunner.runChild(BlockJUnit4ClassRunner.java:50)
	at org.junit.runners.ParentRunner$3.run(ParentRunner.java:238)
	at org.junit.runners.ParentRunner$1.schedule(ParentRunner.java:63)
	at org.junit.runners.ParentRunner.runChildren(ParentRunner.java:236)
	at org.junit.runners.ParentRunner.access$000(ParentRunner.java:53)
	at org.junit.runners.ParentRunner$2.evaluate(ParentRunner.java:229)
	at org.junit.runners.ParentRunner.run(ParentRunner.java:309)
	at org.apache.maven.surefire.junit4.JUnit4Provider.execute(JUnit4Provider.java:367)
	at org.apache.maven.surefire.junit4.JUnit4Provider.executeWithRerun(JUnit4Provider.java:274)
	at org.apache.maven.surefire.junit4.JUnit4Provider.executeTestSet(JUnit4Provider.java:238)
	at org.apache.maven.surefire.junit4.JUnit4Provider.invoke(JUnit4Provider.java:161)
	at org.apache.maven.surefire.booter.ForkedBooter.invokeProviderInSameClassLoader(ForkedBooter.java:290)
	at org.apache.maven.surefire.booter.ForkedBooter.runSuitesInProcess(ForkedBooter.java:242)
	at org.apache.maven.surefire.booter.ForkedBooter.main(ForkedBooter.java:121)
Caused by: il.ac.bgu.cs.bp.bpjs.exceptions.BPjsRuntimeException: JavaScript error: TypeError: Cannot call method "isNullAndSoThisInvocationShouldCrash" of undefined (StringBProgram#6)
	at il.ac.bgu.cs.bp.bpjs.execution.tasks.BPEngineTask.call(BPEngineTask.java:65)
	at il.ac.bgu.cs.bp.bpjs.execution.tasks.BPEngineTask.call(BPEngineTask.java:30)
	at java.util.concurrent.FutureTask.run(FutureTask.java:266)
	at java.util.concurrent.ThreadPoolExecutor.runWorker(ThreadPoolExecutor.java:1149)
	at java.util.concurrent.ThreadPoolExecutor$Worker.run(ThreadPoolExecutor.java:624)
	at java.lang.Thread.run(Thread.java:748)
Caused by: org.mozilla.javascript.EcmaError: TypeError: Cannot call method "isNullAndSoThisInvocationShouldCrash" of undefined (StringBProgram#6)
	at org.mozilla.javascript.ScriptRuntime.constructError(ScriptRuntime.java:4236)
	at org.mozilla.javascript.ScriptRuntime.constructError(ScriptRuntime.java:4214)
	at org.mozilla.javascript.ScriptRuntime.typeError(ScriptRuntime.java:4247)
	at org.mozilla.javascript.ScriptRuntime.typeError2(ScriptRuntime.java:4266)
	at org.mozilla.javascript.ScriptRuntime.undefCallError(ScriptRuntime.java:4283)
	at org.mozilla.javascript.ScriptRuntime.getPropFunctionAndThisHelper(ScriptRuntime.java:2553)
	at org.mozilla.javascript.ScriptRuntime.getPropFunctionAndThis(ScriptRuntime.java:2546)
	at org.mozilla.javascript.Interpreter.interpretLoop(Interpreter.java:1514)
	at org.mozilla.javascript.Interpreter.restartContinuation(Interpreter.java:1069)
	at org.mozilla.javascript.NativeContinuation.call(NativeContinuation.java:52)
	at org.mozilla.javascript.ContextFactory.doTopCall(ContextFactory.java:412)
	at org.mozilla.javascript.ScriptRuntime.doTopCall(ScriptRuntime.java:3545)
	at org.mozilla.javascript.Interpreter.restartContinuation(Interpreter.java:1050)
	at org.mozilla.javascript.Context.resumeContinuation(Context.java:1406)
	at il.ac.bgu.cs.bp.bpjs.execution.tasks.ResumeBThread.callImpl(ResumeBThread.java:21)
	at il.ac.bgu.cs.bp.bpjs.execution.tasks.BPEngineTask.call(BPEngineTask.java:56)
	... 5 more

JavaScript Error: TypeError: Cannot call method "isNullAndSoThisInvocationShouldCrash" of undefined (StringBProgram#6)
TypeError: Cannot call method "isNullAndSoThisInvocationShouldCrash" of undefined (StringBProgram#6)
---:HotNCold.js+ Starting
  -:HotNCold.js+ Added HotBt
  -:HotNCold.js+ Added ColdBt
  -:HotNCold.js+ Added AlternatorBt
[BP][Info] Setup done.
---:HotNCold.js+ Started
 --:HotNCold.js+ Event [BEvent name:coldEvent]
 --:HotNCold.js+ Event [BEvent name:hotEvent]
 --:HotNCold.js+ Event [BEvent name:coldEvent]
 --:HotNCold.js+ Event [BEvent name:hotEvent]
 --:HotNCold.js+ Event [BEvent name:coldEvent]
  -:HotNCold.js+ Done ColdBt
 --:HotNCold.js+ Event [BEvent name:hotEvent]
  -:HotNCold.js+ Done HotBt
 --:HotNCold.js+ Event [BEvent name:allDone]
  -:HotNCold.js+ Done AlternatorBt
---:HotNCold.js+ Ended
Tests run: 5, Failures: 0, Errors: 0, Skipped: 0, Time elapsed: 1.152 sec - in il.ac.bgu.cs.bp.bpjs.execution.BProgramRunnerTest
Running il.ac.bgu.cs.bp.bpjs.execution.InterruptHandlerTest
---:InterruptHandler.js+ Starting
  -:InterruptHandler.js+ Added interrupted
  -:InterruptHandler.js+ Added request-and-wait
---:InterruptHandler.js+ Started
 --:InterruptHandler.js+ Event [BEvent name:boom]
  -:InterruptHandler.js+ Removed interrupted
 --:InterruptHandler.js+ Event [BEvent name:boom]
 --:InterruptHandler.js+ Event [BEvent name:internalValue]
  -:InterruptHandler.js+ Done request-and-wait
---:InterruptHandler.js+ Ended
[BEvent name:boom]
[BEvent name:boom]
[BEvent name:internalValue]
---:InterruptHandler_illegal.js+ Starting
  -:InterruptHandler_illegal.js+ Added autoadded-1
  -:InterruptHandler_illegal.js+ Added autoadded-2
---:InterruptHandler_illegal.js+ Started
 --:InterruptHandler_illegal.js+ Event [BEvent name:boom]
  -:InterruptHandler_illegal.js+ Removed autoadded-1
JavaScript Error during program execution: Cannot call bp.sync or fork from a break-upon handler. Please consider pushing an external event.
Trace: 
il.ac.bgu.cs.bp.bpjs.exceptions.BPjsRuntimeException: Cannot call bp.sync or fork from a break-upon handler. Please consider pushing an external event.
	at il.ac.bgu.cs.bp.bpjs.model.BProgramSyncSnapshot.lambda$null$11(BProgramSyncSnapshot.java:201)
	at java.util.Optional.ifPresent(Optional.java:159)
	at il.ac.bgu.cs.bp.bpjs.model.BProgramSyncSnapshot.lambda$handleInterrupts$12(BProgramSyncSnapshot.java:196)
	at java.lang.Iterable.forEach(Iterable.java:75)
	at il.ac.bgu.cs.bp.bpjs.model.BProgramSyncSnapshot.handleInterrupts(BProgramSyncSnapshot.java:193)
	at il.ac.bgu.cs.bp.bpjs.model.BProgramSyncSnapshot.triggerEvent(BProgramSyncSnapshot.java:135)
	at il.ac.bgu.cs.bp.bpjs.execution.BProgramRunner.run(BProgramRunner.java:133)
	at il.ac.bgu.cs.bp.bpjs.execution.InterruptHandlerTest.illegalBsyncTest(InterruptHandlerTest.java:56)
	at sun.reflect.NativeMethodAccessorImpl.invoke0(Native Method)
	at sun.reflect.NativeMethodAccessorImpl.invoke(NativeMethodAccessorImpl.java:62)
	at sun.reflect.DelegatingMethodAccessorImpl.invoke(DelegatingMethodAccessorImpl.java:43)
	at java.lang.reflect.Method.invoke(Method.java:498)
	at org.junit.runners.model.FrameworkMethod$1.runReflectiveCall(FrameworkMethod.java:47)
	at org.junit.internal.runners.model.ReflectiveCallable.run(ReflectiveCallable.java:12)
	at org.junit.runners.model.FrameworkMethod.invokeExplosively(FrameworkMethod.java:44)
	at org.junit.internal.runners.statements.InvokeMethod.evaluate(InvokeMethod.java:17)
	at org.junit.runners.ParentRunner.runLeaf(ParentRunner.java:271)
	at org.junit.runners.BlockJUnit4ClassRunner.runChild(BlockJUnit4ClassRunner.java:70)
	at org.junit.runners.BlockJUnit4ClassRunner.runChild(BlockJUnit4ClassRunner.java:50)
	at org.junit.runners.ParentRunner$3.run(ParentRunner.java:238)
	at org.junit.runners.ParentRunner$1.schedule(ParentRunner.java:63)
	at org.junit.runners.ParentRunner.runChildren(ParentRunner.java:236)
	at org.junit.runners.ParentRunner.access$000(ParentRunner.java:53)
	at org.junit.runners.ParentRunner$2.evaluate(ParentRunner.java:229)
	at org.junit.runners.ParentRunner.run(ParentRunner.java:309)
	at org.apache.maven.surefire.junit4.JUnit4Provider.execute(JUnit4Provider.java:367)
	at org.apache.maven.surefire.junit4.JUnit4Provider.executeWithRerun(JUnit4Provider.java:274)
	at org.apache.maven.surefire.junit4.JUnit4Provider.executeTestSet(JUnit4Provider.java:238)
	at org.apache.maven.surefire.junit4.JUnit4Provider.invoke(JUnit4Provider.java:161)
	at org.apache.maven.surefire.booter.ForkedBooter.invokeProviderInSameClassLoader(ForkedBooter.java:290)
	at org.apache.maven.surefire.booter.ForkedBooter.runSuitesInProcess(ForkedBooter.java:242)
	at org.apache.maven.surefire.booter.ForkedBooter.main(ForkedBooter.java:121)
Cannot call bp.sync or fork from a break-upon handler. Please consider pushing an external event.
Tests run: 2, Failures: 0, Errors: 0, Skipped: 0, Time elapsed: 0.065 sec - in il.ac.bgu.cs.bp.bpjs.execution.InterruptHandlerTest
Running il.ac.bgu.cs.bp.bpjs.execution.EventsWithDataTest
---:programName Starting
  -:programName Added requestor
  -:programName Added waitForVisible
  -:programName Added waitForHidden
---:programName Started
 --:programName Event [BEvent name:e1 data:{eventType=>visible,nextEventName=>e2}]
  -:programName Done requestor
 --:programName Event [BEvent name:e2 data:{eventType=>hidden}]
  -:programName Done waitForVisible
 --:programName Event [BEvent name:e1e2]
  -:programName Done waitForHidden
---:programName Ended
Tests run: 1, Failures: 0, Errors: 0, Skipped: 0, Time elapsed: 0.057 sec - in il.ac.bgu.cs.bp.bpjs.execution.EventsWithDataTest
Running il.ac.bgu.cs.bp.bpjs.execution.PushingExternalEventTest
---:PushingExternalEvent.js+ Starting
  -:PushingExternalEvent.js+ Added autoadded-1
---:PushingExternalEvent.js+ Started
 --:PushingExternalEvent.js+ Event [BEvent name:start]
 --:PushingExternalEvent.js+ Event [BEvent name:external]
 --:PushingExternalEvent.js+ Event [BEvent name:done]
  -:PushingExternalEvent.js+ Done autoadded-1
---:PushingExternalEvent.js+ Ended
[BEvent name:start]
[BEvent name:external]
[BEvent name:done]
---:TopLevelExternalEvents.js+ Starting
  -:TopLevelExternalEvents.js+ Added autoadded-1
---:TopLevelExternalEvents.js+ Started
 --:TopLevelExternalEvents.js+ Event [BEvent name:ext1]
 --:TopLevelExternalEvents.js+ Event [BEvent name:ext2]
 --:TopLevelExternalEvents.js+ Event [BEvent name:ext3]
 --:TopLevelExternalEvents.js+ Event [BEvent name:internal]
  -:TopLevelExternalEvents.js+ Done autoadded-1
---:TopLevelExternalEvents.js+ Ended
[BEvent name:ext1]
[BEvent name:ext2]
[BEvent name:ext3]
[BEvent name:internal]
Tests run: 2, Failures: 0, Errors: 0, Skipped: 0, Time elapsed: 0.062 sec - in il.ac.bgu.cs.bp.bpjs.execution.PushingExternalEventTest
Running il.ac.bgu.cs.bp.bpjs.execution.LoggingTest
result:
[BP][Warn] 1
[BP][Info] 2
[BP][Warn] 2
[BP][Fine] 3
[BP][Info] 3
[BP][Warn] 3

Result 1:
[BP][Fine] msg
[BP][Info] msg
[BP][Warn] msg


Result 2:
[BP][Warn] msg

Tests run: 2, Failures: 0, Errors: 0, Skipped: 0, Time elapsed: 0.065 sec - in il.ac.bgu.cs.bp.bpjs.execution.LoggingTest
Running il.ac.bgu.cs.bp.bpjs.execution.tasks.ResumeBThreadTest
Tests run: 1, Failures: 0, Errors: 0, Skipped: 0, Time elapsed: 0.012 sec - in il.ac.bgu.cs.bp.bpjs.execution.tasks.ResumeBThreadTest
Running il.ac.bgu.cs.bp.bpjs.execution.tasks.StartBThreadTest
Tests run: 1, Failures: 0, Errors: 0, Skipped: 0, Time elapsed: 0.001 sec - in il.ac.bgu.cs.bp.bpjs.execution.tasks.StartBThreadTest
Running il.ac.bgu.cs.bp.bpjs.execution.ExternalEventsTest
---:ExternalEvents.js+ Starting
  -:ExternalEvents.js+ Added In1
---:ExternalEvents.js+ Started
== Choosing Selectable Events ==
BThread Sync Statements:
+ In1:
    Request: [OrderedSet [[BEvent name:in1a]]]
    WaitFor: {none}
    Block: {none}
    Interrupt: {none}
+ ExternalEvents: [[BEvent name:ext1]]
-- Selectable Events -----------
 + [BEvent name:in1a]
================================
== Actual Event Selection ======
Optional[[EventSelectionResult event:[BEvent name:in1a] indices:[]]]
================================
 --:ExternalEvents.js+ Event [BEvent name:in1a]
== Choosing Selectable Events ==
BThread Sync Statements:
+ In1:
    Request: [OrderedSet []]
    WaitFor: [BEvent name:ext1]
    Block: {none}
    Interrupt: {none}
+ ExternalEvents: [[BEvent name:ext1]]
-- Selectable Events -----------
 + [BEvent name:ext1]
================================
== Actual Event Selection ======
Optional[[EventSelectionResult event:[BEvent name:ext1] indices:[0]]]
================================
 --:ExternalEvents.js+ Event [BEvent name:ext1]
== Choosing Selectable Events ==
BThread Sync Statements:
+ In1:
    Request: [OrderedSet [[BEvent name:in1b]]]
    WaitFor: {none}
    Block: {none}
    Interrupt: {none}
+ ExternalEvents: []
-- Selectable Events -----------
 + [BEvent name:in1b]
================================
== Actual Event Selection ======
Optional[[EventSelectionResult event:[BEvent name:in1b] indices:[]]]
================================
 --:ExternalEvents.js+ Event [BEvent name:in1b]
  -:ExternalEvents.js+ Done In1
---:ExternalEvents.js+ Ended
[BEvent name:in1a]
[BEvent name:ext1]
[BEvent name:in1b]
Tests run: 1, Failures: 0, Errors: 0, Skipped: 0, Time elapsed: 0.027 sec - in il.ac.bgu.cs.bp.bpjs.execution.ExternalEventsTest
Running il.ac.bgu.cs.bp.bpjs.execution.GetTimeTest
[BP][Warn] Time is: 1596141690930
Tests run: 1, Failures: 0, Errors: 0, Skipped: 0, Time elapsed: 0.002 sec - in il.ac.bgu.cs.bp.bpjs.execution.GetTimeTest
Running il.ac.bgu.cs.bp.bpjs.analysis.ContinuationProgramStateTest
[BP][Info] iteration.fVar content 1,2,3,4
[BP][Info] iteration.fVar content 1,2,3,4
[BP][Info] iteration.fVar content 1,2,3,4
[BP][Info] iteration.fVar content 1,2,3,4
[BP][Info] iteration.fVar content 1,2,3,4
[BP][Info] iteration.fVar content 1,2,3,4
[BP][Info] iteration.fVar content 1,2,3,4
[BP][Info] iteration.fVar content 1,2,3,4
[BP][Info] iteration.fVar content 1,2,3,4
[BP][Info] iteration.fVar content 1,2,3,4
[BP][Info] iteration.fVar content 1,2,3,4
[BP][Info] dbl=47
[BP][Info] dbl=52
Tests run: 7, Failures: 0, Errors: 0, Skipped: 0, Time elapsed: 0.108 sec - in il.ac.bgu.cs.bp.bpjs.analysis.ContinuationProgramStateTest
Running il.ac.bgu.cs.bp.bpjs.analysis.DfsBProgramVerifierTest
/v/ verification of 'doubleWithVar' started
eventTrace = -
eventTrace = A-
eventTrace = AB2-
eventTrace = AB2C
eventTrace = AB1-
eventTrace = AB1C
/v/ verification of doubleWithVar done
/v/ verification of 'BProgram-63' started
/v/ BProgram-63: iterations: 1 statesHit: 2
/v/ BProgram-63: iterations: 2 statesHit: 3
/v/ BProgram-63: iterations: 3 statesHit: 3
/v/ BProgram-63: iterations: 4 statesHit: 3
/v/ BProgram-63: iterations: 5 statesHit: 4
/v/ BProgram-63: iterations: 6 statesHit: 4
/v/ BProgram-63: iterations: 7 statesHit: 4
/v/ verification of BProgram-63 done
/v/ verification of 'BProgram-64' started
Iteration 1
  visited: 1
  null
-visiting: 
	event: [BEvent name:X]
	[BThreadSyncSnapshot: bt1 @246884835] {[SyncStatement r:[OrderedSet []] w:anyOf([BEvent name:X]) b:{none} i:{none} d:null]} 
	[BThreadSyncSnapshot: bt2 @1996126354] {[SyncStatement r:[OrderedSet [[BEvent name:X]]] w:{none} b:{none} i:{none} d:null]} 

/v/ BProgram-64: iterations: 1 statesHit: 2
Iteration 2
  visited: 2
  null
  [BEvent name:X]
-visiting: 
	event: [BEvent name:X]
	[BThreadSyncSnapshot: bt1 @-1159255581] {[SyncStatement r:[OrderedSet []] w:anyOf([BEvent name:X]) b:{none} i:{none} d:null]} 
	[BThreadSyncSnapshot: bt2 @1996126354] {[SyncStatement r:[OrderedSet [[BEvent name:X]]] w:{none} b:{none} i:{none} d:null]} 

/v/ BProgram-64: iterations: 2 statesHit: 3
Iteration 3
  visited: 3
  null
  [BEvent name:X]
  [BEvent name:X]
-visiting: 
	event: [BEvent name:X]
	[BThreadSyncSnapshot: bt1 @285157859] {[SyncStatement r:[OrderedSet []] w:anyOf([BEvent name:X]) b:{none} i:{none} d:null]} 
	[BThreadSyncSnapshot: bt2 @1996126354] {[SyncStatement r:[OrderedSet [[BEvent name:X]]] w:{none} b:{none} i:{none} d:null]} 

/v/ BProgram-64: iterations: 3 statesHit: 4
Iteration 4
  visited: 4
  null
  [BEvent name:X]
  [BEvent name:X]
  [BEvent name:X]
-visiting: 
	event: [BEvent name:X]
	[BThreadSyncSnapshot: bt1 @1729571299] {[SyncStatement r:[OrderedSet []] w:anyOf([BEvent name:X]) b:{none} i:{none} d:null]} 
	[BThreadSyncSnapshot: bt2 @1996126354] {[SyncStatement r:[OrderedSet [[BEvent name:X]]] w:{none} b:{none} i:{none} d:null]} 

/v/ BProgram-64: iterations: 4 statesHit: 5
Iteration 5
  visited: 5
  null
  [BEvent name:X]
  [BEvent name:X]
  [BEvent name:X]
  [BEvent name:X]
-visiting: 
	event: [BEvent name:X]
	[BThreadSyncSnapshot: bt1 @304294371] {[SyncStatement r:[OrderedSet []] w:anyOf([BEvent name:X]) b:{none} i:{none} d:null]} 
	[BThreadSyncSnapshot: bt2 @1996126354] {[SyncStatement r:[OrderedSet [[BEvent name:X]]] w:{none} b:{none} i:{none} d:null]} 

/v/ BProgram-64: iterations: 5 statesHit: 6
Iteration 6
  visited: 6
  null
  [BEvent name:X]
  [BEvent name:X]
  [BEvent name:X]
  [BEvent name:X]
  [BEvent name:X]
-visiting: 
	event: [BEvent name:X]
	[BThreadSyncSnapshot: bt1 @-1120982557] {[SyncStatement r:[OrderedSet []] w:anyOf([BEvent name:X]) b:{none} i:{none} d:null]} 
	[BThreadSyncSnapshot: bt2 @1996126354] {[SyncStatement r:[OrderedSet [[BEvent name:X]]] w:{none} b:{none} i:{none} d:null]} 

/v/ BProgram-64: iterations: 6 statesHit: 7
Iteration 7
  visited: 7
  null
  [BEvent name:X]
  [BEvent name:X]
  [BEvent name:X]
  [BEvent name:X]
  [BEvent name:X]
  [BEvent name:X]
-visiting: 
	event: [BEvent name:X]
	[BThreadSyncSnapshot: bt1 @1748707811] {[SyncStatement r:[OrderedSet []] w:anyOf([BEvent name:X]) b:{none} i:{none} d:null]} 
	[BThreadSyncSnapshot: bt2 @1996126354] {[SyncStatement r:[OrderedSet [[BEvent name:X]]] w:{none} b:{none} i:{none} d:null]} 

/v/ BProgram-64: iterations: 7 statesHit: 8
Iteration 8
  visited: 8
  null
  [BEvent name:X]
  [BEvent name:X]
  [BEvent name:X]
  [BEvent name:X]
  [BEvent name:X]
  [BEvent name:X]
  [BEvent name:X]
-visiting: 
	event: [BEvent name:X]
	[BThreadSyncSnapshot: bt1 @323430883] {[SyncStatement r:[OrderedSet []] w:anyOf([BEvent name:X]) b:{none} i:{none} d:null]} 
	[BThreadSyncSnapshot: bt2 @1996126354] {[SyncStatement r:[OrderedSet [[BEvent name:X]]] w:{none} b:{none} i:{none} d:null]} 

/v/ BProgram-64: iterations: 8 statesHit: 9
Iteration 9
  visited: 9
  null
  [BEvent name:X]
  [BEvent name:X]
  [BEvent name:X]
  [BEvent name:X]
  [BEvent name:X]
  [BEvent name:X]
  [BEvent name:X]
  [BEvent name:X]
-visiting: 
	event: [BEvent name:X]
	[BThreadSyncSnapshot: bt2 @1996126354] {[SyncStatement r:[OrderedSet [[BEvent name:X]]] w:{none} b:{none} i:{none} d:null]} 
	[BThreadSyncSnapshot: bt1 @1758276067] {[SyncStatement r:[OrderedSet []] w:anyOf([BEvent name:X]) b:{none} i:{none} d:null]} 

/v/ BProgram-64: iterations: 9 statesHit: 10
Iteration 10
  visited: 10
  null
  [BEvent name:X]
  [BEvent name:X]
  [BEvent name:X]
  [BEvent name:X]
  [BEvent name:X]
  [BEvent name:X]
  [BEvent name:X]
  [BEvent name:X]
  [BEvent name:X]
-visiting: 
	event: [BEvent name:X]
	[BThreadSyncSnapshot: bt2 @1996126354] {[SyncStatement r:[OrderedSet [[BEvent name:X]]] w:{none} b:{none} i:{none} d:null]} 
	[BThreadSyncSnapshot: bt1 @228359762] {[SyncStatement r:[OrderedSet []] w:{none} b:anyOf([BEvent name:X]) i:{none} d:null]} 

/v/ Violation found: Deadlock: [BEvent name:X] requested by:{bt2} blocked by:{bt1}
/v/ verification of BProgram-64 done
Iteration 1
  visited: 1
  null
-visiting: 
	event: [BEvent name:A]
	[BThreadSyncSnapshot: autoadded-1 @-1989245676] {[SyncStatement r:[OrderedSet [[BEvent name:A]]] w:{none} b:{none} i:{none} d:null]} 

Iteration 2
  visited: 2
  null
  [BEvent name:A]
-visiting: 
	event: [BEvent name:A]
	[BThreadSyncSnapshot: autoadded-1 @-1989244825] {[SyncStatement r:[OrderedSet [[BEvent name:A]]] w:{none} b:{none} i:{none} d:null]} 

Iteration 3
  visited: 3
  null
  [BEvent name:A]
  [BEvent name:A]
Iteration 4
  visited: 3
  null
  [BEvent name:A]
-pop!-
Iteration 5
  visited: 3
  null
-pop!-
/v/ verification of 'BProgram-65' started
Iteration 1
  visited: 1
  null
-visiting: 
	event: [BEvent name:X0]
	[BThreadSyncSnapshot: bt1 @680670193] {[SyncStatement r:[OrderedSet [[BEvent name:X1]]] w:{none} b:{none} i:{none} d:null]} 

/v/ Violation found: Failed assertion on b-thread bt2: Poof
/v/ verification of BProgram-65 done
Jul 30, 2020 8:41:32 PM il.ac.bgu.cs.bp.bpjs.model.BProgramSyncSnapshot safeGet
SEVERE: null
java.util.concurrent.ExecutionException: il.ac.bgu.cs.bp.bpjs.exceptions.BPjsRuntimeException: JavaScript error: TypeError: Cannot call method "isNullAndSoThisInvocationShouldCrash" of undefined (StringBProgram#6)
	at java.util.concurrent.FutureTask.report(FutureTask.java:122)
	at java.util.concurrent.FutureTask.get(FutureTask.java:192)
	at il.ac.bgu.cs.bp.bpjs.model.BProgramSyncSnapshot.safeGet(BProgramSyncSnapshot.java:269)
	at il.ac.bgu.cs.bp.bpjs.model.BProgramSyncSnapshot.lambda$triggerEvent$4(BProgramSyncSnapshot.java:155)
	at java.util.stream.ReferencePipeline$3$1.accept(ReferencePipeline.java:193)
	at java.util.ArrayList$ArrayListSpliterator.forEachRemaining(ArrayList.java:1384)
	at java.util.stream.AbstractPipeline.copyInto(AbstractPipeline.java:482)
	at java.util.stream.AbstractPipeline.wrapAndCopyInto(AbstractPipeline.java:472)
	at java.util.stream.ReduceOps$ReduceOp.evaluateSequential(ReduceOps.java:708)
	at java.util.stream.AbstractPipeline.evaluate(AbstractPipeline.java:234)
	at java.util.stream.ReferencePipeline.collect(ReferencePipeline.java:566)
	at il.ac.bgu.cs.bp.bpjs.model.BProgramSyncSnapshot.triggerEvent(BProgramSyncSnapshot.java:155)
	at il.ac.bgu.cs.bp.bpjs.analysis.DfsTraversalNode.getNextNode(DfsTraversalNode.java:90)
	at il.ac.bgu.cs.bp.bpjs.analysis.DfsBProgramVerifier.getUnvisitedNextNode(DfsBProgramVerifier.java:234)
	at il.ac.bgu.cs.bp.bpjs.analysis.DfsBProgramVerifier.dfsUsingStack(DfsBProgramVerifier.java:196)
	at il.ac.bgu.cs.bp.bpjs.analysis.DfsBProgramVerifier.verify(DfsBProgramVerifier.java:166)
	at il.ac.bgu.cs.bp.bpjs.analysis.DfsBProgramVerifierTest.testJavaScriptError(DfsBProgramVerifierTest.java:500)
	at sun.reflect.NativeMethodAccessorImpl.invoke0(Native Method)
	at sun.reflect.NativeMethodAccessorImpl.invoke(NativeMethodAccessorImpl.java:62)
	at sun.reflect.DelegatingMethodAccessorImpl.invoke(DelegatingMethodAccessorImpl.java:43)
	at java.lang.reflect.Method.invoke(Method.java:498)
	at org.junit.runners.model.FrameworkMethod$1.runReflectiveCall(FrameworkMethod.java:47)
	at org.junit.internal.runners.model.ReflectiveCallable.run(ReflectiveCallable.java:12)
	at org.junit.runners.model.FrameworkMethod.invokeExplosively(FrameworkMethod.java:44)
	at org.junit.internal.runners.statements.InvokeMethod.evaluate(InvokeMethod.java:17)
	at org.junit.runners.ParentRunner.runLeaf(ParentRunner.java:271)
	at org.junit.runners.BlockJUnit4ClassRunner.runChild(BlockJUnit4ClassRunner.java:70)
	at org.junit.runners.BlockJUnit4ClassRunner.runChild(BlockJUnit4ClassRunner.java:50)
	at org.junit.runners.ParentRunner$3.run(ParentRunner.java:238)
	at org.junit.runners.ParentRunner$1.schedule(ParentRunner.java:63)
	at org.junit.runners.ParentRunner.runChildren(ParentRunner.java:236)
	at org.junit.runners.ParentRunner.access$000(ParentRunner.java:53)
	at org.junit.runners.ParentRunner$2.evaluate(ParentRunner.java:229)
	at org.junit.runners.ParentRunner.run(ParentRunner.java:309)
	at org.apache.maven.surefire.junit4.JUnit4Provider.execute(JUnit4Provider.java:367)
	at org.apache.maven.surefire.junit4.JUnit4Provider.executeWithRerun(JUnit4Provider.java:274)
	at org.apache.maven.surefire.junit4.JUnit4Provider.executeTestSet(JUnit4Provider.java:238)
	at org.apache.maven.surefire.junit4.JUnit4Provider.invoke(JUnit4Provider.java:161)
	at org.apache.maven.surefire.booter.ForkedBooter.invokeProviderInSameClassLoader(ForkedBooter.java:290)
	at org.apache.maven.surefire.booter.ForkedBooter.runSuitesInProcess(ForkedBooter.java:242)
	at org.apache.maven.surefire.booter.ForkedBooter.main(ForkedBooter.java:121)
Caused by: il.ac.bgu.cs.bp.bpjs.exceptions.BPjsRuntimeException: JavaScript error: TypeError: Cannot call method "isNullAndSoThisInvocationShouldCrash" of undefined (StringBProgram#6)
	at il.ac.bgu.cs.bp.bpjs.execution.tasks.BPEngineTask.call(BPEngineTask.java:65)
	at il.ac.bgu.cs.bp.bpjs.execution.tasks.BPEngineTask.call(BPEngineTask.java:30)
	at java.util.concurrent.FutureTask.run(FutureTask.java:266)
	at java.util.concurrent.ThreadPoolExecutor.runWorker(ThreadPoolExecutor.java:1149)
	at java.util.concurrent.ThreadPoolExecutor$Worker.run(ThreadPoolExecutor.java:624)
	at java.lang.Thread.run(Thread.java:748)
Caused by: org.mozilla.javascript.EcmaError: TypeError: Cannot call method "isNullAndSoThisInvocationShouldCrash" of undefined (StringBProgram#6)
	at org.mozilla.javascript.ScriptRuntime.constructError(ScriptRuntime.java:4236)
	at org.mozilla.javascript.ScriptRuntime.constructError(ScriptRuntime.java:4214)
	at org.mozilla.javascript.ScriptRuntime.typeError(ScriptRuntime.java:4247)
	at org.mozilla.javascript.ScriptRuntime.typeError2(ScriptRuntime.java:4266)
	at org.mozilla.javascript.ScriptRuntime.undefCallError(ScriptRuntime.java:4283)
	at org.mozilla.javascript.ScriptRuntime.getPropFunctionAndThisHelper(ScriptRuntime.java:2553)
	at org.mozilla.javascript.ScriptRuntime.getPropFunctionAndThis(ScriptRuntime.java:2546)
	at org.mozilla.javascript.Interpreter.interpretLoop(Interpreter.java:1514)
	at org.mozilla.javascript.Interpreter.restartContinuation(Interpreter.java:1069)
	at org.mozilla.javascript.NativeContinuation.call(NativeContinuation.java:52)
	at org.mozilla.javascript.ContextFactory.doTopCall(ContextFactory.java:412)
	at org.mozilla.javascript.ScriptRuntime.doTopCall(ScriptRuntime.java:3545)
	at org.mozilla.javascript.Interpreter.restartContinuation(Interpreter.java:1050)
	at org.mozilla.javascript.Context.resumeContinuation(Context.java:1406)
	at il.ac.bgu.cs.bp.bpjs.execution.tasks.ResumeBThread.callImpl(ResumeBThread.java:21)
	at il.ac.bgu.cs.bp.bpjs.execution.tasks.BPEngineTask.call(BPEngineTask.java:56)
	... 5 more

JavaScript Error: TypeError: Cannot call method "isNullAndSoThisInvocationShouldCrash" of undefined (StringBProgram#6)
/v/ verification of 'BProgram-67' started
Iteration 1
  visited: 1
  null
-pop!-
/v/ BProgram-67: iterations: 1 statesHit: 1
/v/ verification of BProgram-67 done
/v/ verification of 'BProgram-68' started
eventTrace = -
eventTrace = A-
eventTrace = AB1-
eventTrace = AB1C
eventTrace = AB2-
/v/ verification of BProgram-68 done
Event traces: -, A-, AB1-, AB1C, AB2-
/v/ verification of 'DFSVerifierTests/AAABTrace.js+' started
Iteration 1
  visited: 1
  null
-visiting: 
	event: [BEvent name:A]
	[BThreadSyncSnapshot: autoadded-1 @-1989245676] {[SyncStatement r:[OrderedSet [[BEvent name:A]]] w:{none} b:{none} i:{none} d:null]} 
	[BThreadSyncSnapshot: eventNotSelected-B @2049346776] {[SyncStatement r:[OrderedSet []] w:[BEvent name:B] b:{none} i:{none} d:null]} 

Iteration 2
  visited: 2
  null
  [BEvent name:A]
-visiting: 
	event: [BEvent name:A]
	[BThreadSyncSnapshot: autoadded-1 @-1989244825] {[SyncStatement r:[OrderedSet [[BEvent name:A]]] w:{none} b:{none} i:{none} d:null]} 
	[BThreadSyncSnapshot: eventNotSelected-B @2049346776] {[SyncStatement r:[OrderedSet []] w:[BEvent name:B] b:{none} i:{none} d:null]} 

Iteration 3
  visited: 3
  null
  [BEvent name:A]
  [BEvent name:A]
-visiting: 
	event: [BEvent name:A]
	[BThreadSyncSnapshot: autoadded-1 @1988424114] {[SyncStatement r:[OrderedSet [[BEvent name:B]]] w:{none} b:{none} i:{none} d:null]} 
	[BThreadSyncSnapshot: eventNotSelected-B @2049346776] {[SyncStatement r:[OrderedSet []] w:[BEvent name:B] b:{none} i:{none} d:null]} 

Iteration 4
  visited: 4
  null
  [BEvent name:A]
  [BEvent name:A]
  [BEvent name:A]
-visiting: 
	event: [BEvent name:B]
	[BThreadSyncSnapshot: autoadded-1 @1818132929] {[SyncStatement r:[OrderedSet [[BEvent name:A]]] w:{none} b:{none} i:{none} d:null]} 

/v/ Violation found: Failed assertion on b-thread eventNotSelected-B: event "B" selected.
/v/ verification of DFSVerifierTests/AAABTrace.js+ done
/v/ verification of 'DFSVerifierTests/AAABTrace.js+' started
/v/ Violation found: Failed assertion on b-thread eventNotSelected-B: event "B" selected.
/v/ verification of DFSVerifierTests/AAABTrace.js+ done
/v/ verification of 'BProgram-69' started
Iteration 1
  visited: 1
  null
-visiting: 
	event: [BEvent name:X]
	[BThreadSyncSnapshot: bt2 @1996126354] {[SyncStatement r:[OrderedSet [[BEvent name:X]]] w:{none} b:{none} i:{none} d:null]} 
	[BThreadSyncSnapshot: bt1 @-85513128] {[SyncStatement r:[OrderedSet []] w:anyOf([BEvent name:X]) b:{none} i:{none} d:null]} 

/v/ BProgram-69: iterations: 1 statesHit: 2
Iteration 2
  visited: 2
  null
  [BEvent name:X]
-visiting: 
	event: [BEvent name:X]
	[BThreadSyncSnapshot: bt2 @1996126354] {[SyncStatement r:[OrderedSet [[BEvent name:X]]] w:{none} b:{none} i:{none} d:null]} 
	[BThreadSyncSnapshot: bt1 @-85512129] {[SyncStatement r:[OrderedSet []] w:anyOf([BEvent name:X]) b:{none} i:{none} d:null]} 

/v/ BProgram-69: iterations: 2 statesHit: 3
Iteration 3
  visited: 3
  null
  [BEvent name:X]
  [BEvent name:X]
-visiting: 
	event: [BEvent name:X]
	[BThreadSyncSnapshot: bt2 @1996126354] {[SyncStatement r:[OrderedSet [[BEvent name:X]]] w:{none} b:{none} i:{none} d:null]} 
	[BThreadSyncSnapshot: bt1 @-85511130] {[SyncStatement r:[OrderedSet []] w:anyOf([BEvent name:X]) b:{none} i:{none} d:null]} 

/v/ BProgram-69: iterations: 3 statesHit: 4
Iteration 4
  visited: 4
  null
  [BEvent name:X]
  [BEvent name:X]
  [BEvent name:X]
-visiting: 
	event: [BEvent name:X]
	[BThreadSyncSnapshot: bt2 @1996126354] {[SyncStatement r:[OrderedSet [[BEvent name:X]]] w:{none} b:{none} i:{none} d:null]} 

/v/ BProgram-69: iterations: 4 statesHit: 5
Iteration 5
  visited: 5
  null
  [BEvent name:X]
  [BEvent name:X]
  [BEvent name:X]
  [BEvent name:X]
-pop!-
/v/ BProgram-69: iterations: 5 statesHit: 5
Iteration 6
  visited: 5
  null
  [BEvent name:X]
  [BEvent name:X]
  [BEvent name:X]
-pop!-
/v/ BProgram-69: iterations: 6 statesHit: 5
Iteration 7
  visited: 5
  null
  [BEvent name:X]
  [BEvent name:X]
-pop!-
/v/ BProgram-69: iterations: 7 statesHit: 5
Iteration 8
  visited: 5
  null
  [BEvent name:X]
-pop!-
/v/ BProgram-69: iterations: 8 statesHit: 5
Iteration 9
  visited: 5
  null
-pop!-
/v/ BProgram-69: iterations: 9 statesHit: 5
/v/ verification of BProgram-69 done
/v/ verification of 'BProgram-70' started
Iteration 1
  visited: 1
  null
-visiting: 
	event: [BEvent name:X]
	[BThreadSyncSnapshot: bt1 @1996126170] {[SyncStatement r:[OrderedSet [[BEvent name:X]]] w:{none} b:{none} i:{none} d:null]} 

/v/ BProgram-70: iterations: 1 statesHit: 2
Iteration 2
  visited: 2
  null
  [BEvent name:X]
-visiting: 
	event: [BEvent name:X]
	[BThreadSyncSnapshot: bt1 @1996127169] {[SyncStatement r:[OrderedSet [[BEvent name:X]]] w:{none} b:{none} i:{none} d:null]} 

/v/ BProgram-70: iterations: 2 statesHit: 3
Iteration 3
  visited: 3
  null
  [BEvent name:X]
  [BEvent name:X]
-visiting: 
	event: [BEvent name:X]
	[BThreadSyncSnapshot: bt1 @1996128168] {[SyncStatement r:[OrderedSet [[BEvent name:X]]] w:{none} b:{none} i:{none} d:null]} 

/v/ BProgram-70: iterations: 3 statesHit: 4
Iteration 4
  visited: 4
  null
  [BEvent name:X]
  [BEvent name:X]
  [BEvent name:X]
-visiting: 
	event: [BEvent name:X]
	[BThreadSyncSnapshot: bt1 @1996129167] {[SyncStatement r:[OrderedSet [[BEvent name:X]]] w:{none} b:{none} i:{none} d:null]} 

/v/ BProgram-70: iterations: 4 statesHit: 5
Iteration 5
  visited: 5
  null
  [BEvent name:X]
  [BEvent name:X]
  [BEvent name:X]
  [BEvent name:X]
-visiting: 
	event: [BEvent name:X]
	[BThreadSyncSnapshot: bt1 @1996130166] {[SyncStatement r:[OrderedSet [[BEvent name:X]]] w:{none} b:{none} i:{none} d:null]} 

/v/ BProgram-70: iterations: 5 statesHit: 6
Iteration 6
  visited: 6
  null
  [BEvent name:X]
  [BEvent name:X]
  [BEvent name:X]
  [BEvent name:X]
  [BEvent name:X]
-visiting: 
	event: [BEvent name:X]

/v/ Violation found: Failed assertion on b-thread bt1: 
/v/ verification of BProgram-70 done
/v/ verification of 'BProgram-71' started
Iteration 1
  visited: 1
  null
-visiting: 
	event: [BEvent name:X]
	[BThreadSyncSnapshot: bt1 @1996126170] {[SyncStatement r:[OrderedSet [[BEvent name:X]]] w:{none} b:{none} i:{none} d:null]} 

/v/ BProgram-71: iterations: 1 statesHit: 2
Iteration 2
  visited: 2
  null
  [BEvent name:X]
-visiting: 
	event: [BEvent name:X]
	[BThreadSyncSnapshot: bt1 @1996127169] {[SyncStatement r:[OrderedSet [[BEvent name:X]]] w:{none} b:{none} i:{none} d:null]} 

/v/ BProgram-71: iterations: 2 statesHit: 3
Iteration 3
  visited: 3
  null
  [BEvent name:X]
  [BEvent name:X]
-visiting: 
	event: [BEvent name:X]
	[BThreadSyncSnapshot: bt1 @1996128168] {[SyncStatement r:[OrderedSet [[BEvent name:X]]] w:{none} b:{none} i:{none} d:null]} 

/v/ BProgram-71: iterations: 3 statesHit: 4
Iteration 4
  visited: 4
  null
  [BEvent name:X]
  [BEvent name:X]
  [BEvent name:X]
-visiting: 
	event: [BEvent name:X]
	[BThreadSyncSnapshot: bt1 @1996129167] {[SyncStatement r:[OrderedSet [[BEvent name:X]]] w:{none} b:{none} i:{none} d:null]} 

/v/ BProgram-71: iterations: 4 statesHit: 5
Iteration 5
  visited: 5
  null
  [BEvent name:X]
  [BEvent name:X]
  [BEvent name:X]
  [BEvent name:X]
-visiting: 
	event: [BEvent name:X]
	[BThreadSyncSnapshot: bt1 @1996130166] {[SyncStatement r:[OrderedSet [[BEvent name:X]]] w:{none} b:{none} i:{none} d:null]} 

/v/ BProgram-71: iterations: 5 statesHit: 6
Iteration 6
  visited: 6
  null
  [BEvent name:X]
  [BEvent name:X]
  [BEvent name:X]
  [BEvent name:X]
  [BEvent name:X]
/v/ BProgram-71: hit max trace length.
/v/ BProgram-71: iterations: 6 statesHit: 6
Iteration 7
  visited: 6
  null
  [BEvent name:X]
  [BEvent name:X]
  [BEvent name:X]
  [BEvent name:X]
-pop!-
/v/ BProgram-71: iterations: 7 statesHit: 6
Iteration 8
  visited: 6
  null
  [BEvent name:X]
  [BEvent name:X]
  [BEvent name:X]
-pop!-
/v/ BProgram-71: iterations: 8 statesHit: 6
Iteration 9
  visited: 6
  null
  [BEvent name:X]
  [BEvent name:X]
-pop!-
/v/ BProgram-71: iterations: 9 statesHit: 6
Iteration 10
  visited: 6
  null
  [BEvent name:X]
-pop!-
/v/ BProgram-71: iterations: 10 statesHit: 6
Iteration 11
  visited: 6
  null
-pop!-
/v/ BProgram-71: iterations: 11 statesHit: 6
/v/ verification of BProgram-71 done
---:DFSVerifierTests/deadlocking.js+ Starting
  -:DFSVerifierTests/deadlocking.js+ Added Requester
  -:DFSVerifierTests/deadlocking.js+ Added Deadlocker
---:DFSVerifierTests/deadlocking.js+ Started
 --:DFSVerifierTests/deadlocking.js+ Event [BEvent name:A]
---:DFSVerifierTests/deadlocking.js+ No Event Selected
---:DFSVerifierTests/deadlocking.js+ Ended
[BEvent name:A]
---:DFSVerifierTests/AAABTrace.js+ Starting
  -:DFSVerifierTests/AAABTrace.js+ Added autoadded-1
---:DFSVerifierTests/AAABTrace.js+ Started
 --:DFSVerifierTests/AAABTrace.js+ Event [BEvent name:A]
 --:DFSVerifierTests/AAABTrace.js+ Event [BEvent name:A]
 --:DFSVerifierTests/AAABTrace.js+ Event [BEvent name:A]
 --:DFSVerifierTests/AAABTrace.js+ Event [BEvent name:B]
 --:DFSVerifierTests/AAABTrace.js+ Event [BEvent name:A]
 --:DFSVerifierTests/AAABTrace.js+ Event [BEvent name:A]
 --:DFSVerifierTests/AAABTrace.js+ Event [BEvent name:A]
 --:DFSVerifierTests/AAABTrace.js+ Event [BEvent name:B]
 --:DFSVerifierTests/AAABTrace.js+ Event [BEvent name:A]
 --:DFSVerifierTests/AAABTrace.js+ Event [BEvent name:A]
 --:DFSVerifierTests/AAABTrace.js+ Event [BEvent name:A]
 --:DFSVerifierTests/AAABTrace.js+ Event [BEvent name:B]
 --:DFSVerifierTests/AAABTrace.js+ Event [BEvent name:A]
 --:DFSVerifierTests/AAABTrace.js+ Event [BEvent name:A]
 --:DFSVerifierTests/AAABTrace.js+ Event [BEvent name:A]
 --:DFSVerifierTests/AAABTrace.js+ Event [BEvent name:B]
 --:DFSVerifierTests/AAABTrace.js+ Event [BEvent name:A]
 --:DFSVerifierTests/AAABTrace.js+ Event [BEvent name:A]
 --:DFSVerifierTests/AAABTrace.js+ Event [BEvent name:A]
 --:DFSVerifierTests/AAABTrace.js+ Event [BEvent name:B]
 --:DFSVerifierTests/AAABTrace.js+ Event [BEvent name:A]
 --:DFSVerifierTests/AAABTrace.js+ Event [BEvent name:A]
 --:DFSVerifierTests/AAABTrace.js+ Event [BEvent name:A]
 --:DFSVerifierTests/AAABTrace.js+ Event [BEvent name:B]
 --:DFSVerifierTests/AAABTrace.js+ Event [BEvent name:A]
 --:DFSVerifierTests/AAABTrace.js+ Event [BEvent name:A]
 --:DFSVerifierTests/AAABTrace.js+ Event [BEvent name:A]
 --:DFSVerifierTests/AAABTrace.js+ Event [BEvent name:B]
 --:DFSVerifierTests/AAABTrace.js+ Event [BEvent name:A]
 --:DFSVerifierTests/AAABTrace.js+ Event [BEvent name:A]
 --:DFSVerifierTests/AAABTrace.js+ Event [BEvent name:A]
 --:DFSVerifierTests/AAABTrace.js+ Event [BEvent name:B]
 --:DFSVerifierTests/AAABTrace.js+ Event [BEvent name:A]
 --:DFSVerifierTests/AAABTrace.js+ Event [BEvent name:A]
 --:DFSVerifierTests/AAABTrace.js+ Event [BEvent name:A]
 --:DFSVerifierTests/AAABTrace.js+ Event [BEvent name:B]
 --:DFSVerifierTests/AAABTrace.js+ Event [BEvent name:A]
 --:DFSVerifierTests/AAABTrace.js+ Event [BEvent name:A]
 --:DFSVerifierTests/AAABTrace.js+ Event [BEvent name:A]
 --:DFSVerifierTests/AAABTrace.js+ Event [BEvent name:B]
  -:DFSVerifierTests/AAABTrace.js+ Done autoadded-1
---:DFSVerifierTests/AAABTrace.js+ Ended
[BEvent name:A]
[BEvent name:A]
[BEvent name:A]
[BEvent name:B]
[BEvent name:A]
[BEvent name:A]
[BEvent name:A]
[BEvent name:B]
[BEvent name:A]
[BEvent name:A]
[BEvent name:A]
[BEvent name:B]
[BEvent name:A]
[BEvent name:A]
[BEvent name:A]
[BEvent name:B]
[BEvent name:A]
[BEvent name:A]
[BEvent name:A]
[BEvent name:B]
[BEvent name:A]
[BEvent name:A]
[BEvent name:A]
[BEvent name:B]
[BEvent name:A]
[BEvent name:A]
[BEvent name:A]
[BEvent name:B]
[BEvent name:A]
[BEvent name:A]
[BEvent name:A]
[BEvent name:B]
[BEvent name:A]
[BEvent name:A]
[BEvent name:A]
[BEvent name:B]
[BEvent name:A]
[BEvent name:A]
[BEvent name:A]
[BEvent name:B]
/v/ verification of 'DFSVerifierTests/AAABTrace.js+' started
Iteration 1
  visited: 1
  null
-visiting: 
	event: [BEvent name:A]
	[BThreadSyncSnapshot: autoadded-1 @-1989245676] {[SyncStatement r:[OrderedSet [[BEvent name:A]]] w:{none} b:{none} i:{none} d:null]} 
	[BThreadSyncSnapshot: eventNotSelected-B @2049346776] {[SyncStatement r:[OrderedSet []] w:[BEvent name:B] b:{none} i:{none} d:null]} 

Iteration 2
  visited: 2
  null
  [BEvent name:A]
-visiting: 
	event: [BEvent name:A]
	[BThreadSyncSnapshot: autoadded-1 @-1989244825] {[SyncStatement r:[OrderedSet [[BEvent name:A]]] w:{none} b:{none} i:{none} d:null]} 
	[BThreadSyncSnapshot: eventNotSelected-B @2049346776] {[SyncStatement r:[OrderedSet []] w:[BEvent name:B] b:{none} i:{none} d:null]} 

Iteration 3
  visited: 3
  null
  [BEvent name:A]
  [BEvent name:A]
-visiting: 
	event: [BEvent name:A]
	[BThreadSyncSnapshot: autoadded-1 @1988424114] {[SyncStatement r:[OrderedSet [[BEvent name:B]]] w:{none} b:{none} i:{none} d:null]} 
	[BThreadSyncSnapshot: eventNotSelected-B @2049346776] {[SyncStatement r:[OrderedSet []] w:[BEvent name:B] b:{none} i:{none} d:null]} 

Iteration 4
  visited: 4
  null
  [BEvent name:A]
  [BEvent name:A]
  [BEvent name:A]
-visiting: 
	event: [BEvent name:B]
	[BThreadSyncSnapshot: autoadded-1 @1818132929] {[SyncStatement r:[OrderedSet [[BEvent name:A]]] w:{none} b:{none} i:{none} d:null]} 

/v/ Violation found: Failed assertion on b-thread eventNotSelected-B: event "B" selected.
/v/ verification of DFSVerifierTests/AAABTrace.js+ done
Tests run: 17, Failures: 0, Errors: 0, Skipped: 0, Time elapsed: 2.114 sec - in il.ac.bgu.cs.bp.bpjs.analysis.DfsBProgramVerifierTest
Running il.ac.bgu.cs.bp.bpjs.analysis.ExecutionTraceEntryTest
Tests run: 3, Failures: 0, Errors: 0, Skipped: 0, Time elapsed: 0 sec - in il.ac.bgu.cs.bp.bpjs.analysis.ExecutionTraceEntryTest
Running il.ac.bgu.cs.bp.bpjs.analysis.TemperatureVerificationsTest
Hot b-program cycle violation: returning to index 4 in the trace because of event [BEvent name:e]
Trace:
a
b
c
e
b
c
e
Cycle-to Index:4
Cycle-to Event:[BEvent name:e]
Hot b-thread cycle violation: b-threads cycled-thread can get to an infinite hot loop. Cycle returns to index 4 because of event [BEvent name:e]
Trace:
a
b
c
e
b
c
e
Cycle-to Index:4
Cycle-to Event:[BEvent name:e]
Hot Termination - The following b-threads were hot when the b-program ended: hotter
Tests run: 6, Failures: 0, Errors: 0, Skipped: 0, Time elapsed: 1.529 sec - in il.ac.bgu.cs.bp.bpjs.analysis.TemperatureVerificationsTest
Running il.ac.bgu.cs.bp.bpjs.analysis.ArrayExecutionTraceTest
Tests run: 3, Failures: 0, Errors: 0, Skipped: 0, Time elapsed: 0.003 sec - in il.ac.bgu.cs.bp.bpjs.analysis.ArrayExecutionTraceTest
Running il.ac.bgu.cs.bp.bpjs.analysis.VerificationResultOptionsTest
Tests run: 5, Failures: 0, Errors: 0, Skipped: 0, Time elapsed: 0.191 sec - in il.ac.bgu.cs.bp.bpjs.analysis.VerificationResultOptionsTest
Running il.ac.bgu.cs.bp.bpjs.analysis.ExecutionTraceInspectionTest
Tests run: 1, Failures: 0, Errors: 0, Skipped: 0, Time elapsed: 0 sec - in il.ac.bgu.cs.bp.bpjs.analysis.ExecutionTraceInspectionTest
Running il.ac.bgu.cs.bp.bpjs.analysis.eventpattern.EventPatternTest
Tests run: 6, Failures: 0, Errors: 0, Skipped: 0, Time elapsed: 0.001 sec - in il.ac.bgu.cs.bp.bpjs.analysis.eventpattern.EventPatternTest
Running il.ac.bgu.cs.bp.bpjs.analysis.bprogramio.BProgramSyncSnapshotClonerTest
---:SnapshotTests/BProgramSyncSnapshotClonerTest.js+ Starting
  -:SnapshotTests/BProgramSyncSnapshotClonerTest.js+ Added EventStore
  -:SnapshotTests/BProgramSyncSnapshotClonerTest.js+ Added requestor
---:SnapshotTests/BProgramSyncSnapshotClonerTest.js+ Started
 --:SnapshotTests/BProgramSyncSnapshotClonerTest.js+ Event [BEvent name:e]
  -:SnapshotTests/BProgramSyncSnapshotClonerTest.js+ Done requestor
---:SnapshotTests/BProgramSyncSnapshotClonerTest.js+ No Event Selected
---:SnapshotTests/BProgramSyncSnapshotClonerTest.js+ Ended
[BEvent name:e]
Tests run: 4, Failures: 0, Errors: 0, Skipped: 0, Time elapsed: 0.155 sec - in il.ac.bgu.cs.bp.bpjs.analysis.bprogramio.BProgramSyncSnapshotClonerTest
Running il.ac.bgu.cs.bp.bpjs.analysis.MultipleViolationsTest
Violation 1: Failed assertion on b-thread boom3: EVT3 Happened.
Violation 2: Failed assertion on b-thread boom1: EVT1 Happened.
Violation 3: Failed assertion on b-thread boom2: EVT2 Happened.
Violation 1: Hot b-thread cycle violation: b-threads hc-1 can get to an infinite hot loop. Cycle returns to index 2 because of event [BEvent name:1]
Violation 2: Hot b-thread cycle violation: b-threads hc-2 can get to an infinite hot loop. Cycle returns to index 2 because of event [BEvent name:2]
Violation 1: Hot Termination - The following b-threads were hot when the b-program ended: boom3
Violation 2: Hot Termination - The following b-threads were hot when the b-program ended: boom2
Violation 3: Hot Termination - The following b-threads were hot when the b-program ended: boom1
Tests run: 3, Failures: 0, Errors: 0, Skipped: 0, Time elapsed: 0.467 sec - in il.ac.bgu.cs.bp.bpjs.analysis.MultipleViolationsTest
Running il.ac.bgu.cs.bp.bpjs.analysis.NodeEqualsTest
[BP][Info] Dinning philosophers with 5 philosophers
Tests run: 3, Failures: 0, Errors: 0, Skipped: 0, Time elapsed: 0.401 sec - in il.ac.bgu.cs.bp.bpjs.analysis.NodeEqualsTest
Running il.ac.bgu.cs.bp.bpjs.examples.analysis.DiningPhilTest
[BP][Info] Dinning philosophers with 5 philosophers
Scanned 18 states
Time: 676 milliseconds
Found a counterexample
 Optional[[BEvent name:Pick4R]]
 Optional[[BEvent name:Pick3R]]
 Optional[[BEvent name:Pick5R]]
 Optional[[BEvent name:Pick3L]]
 Optional[[BEvent name:Pick1R]]
 Optional[[BEvent name:Rel3L]]
 Optional[[BEvent name:Pick2R]]
 Optional[[BEvent name:Rel3R]]
 Optional[[BEvent name:Pick4L]]
 Optional[[BEvent name:Rel4L]]
 Optional[[BEvent name:Rel4R]]
 Optional[[BEvent name:Pick5L]]
 Optional[[BEvent name:Pick3R]]
 Optional[[BEvent name:Rel5L]]
 Optional[[BEvent name:Rel5R]]
 Optional[[BEvent name:Pick4R]]
 Optional[[BEvent name:Pick5R]]
 Optional.empty
selectableEvents: []
Phil1
[SyncStatement r:[OrderedSet [[BEvent name:Pick1L]]] w:{none} b:{none} i:{none} d:null]

Phil2
[SyncStatement r:[OrderedSet [[BEvent name:Pick2L]]] w:{none} b:{none} i:{none} d:null]

Phil3
[SyncStatement r:[OrderedSet [[BEvent name:Pick3L]]] w:{none} b:{none} i:{none} d:null]

Phil4
[SyncStatement r:[OrderedSet [[BEvent name:Pick4L]]] w:{none} b:{none} i:{none} d:null]

Phil5
[SyncStatement r:[OrderedSet [[BEvent name:Pick5L]]] w:{none} b:{none} i:{none} d:null]

Stick1
[SyncStatement r:[OrderedSet []] w:anyOf([BEvent name:Rel1R],[BEvent name:Rel2L]) b:anyOf([BEvent name:Pick1R],[BEvent name:Pick2L]) i:{none} d:null]

Stick2
[SyncStatement r:[OrderedSet []] w:anyOf([BEvent name:Rel2R],[BEvent name:Rel3L]) b:anyOf([BEvent name:Pick2R],[BEvent name:Pick3L]) i:{none} d:null]

Stick3
[SyncStatement r:[OrderedSet []] w:anyOf([BEvent name:Rel3R],[BEvent name:Rel4L]) b:anyOf([BEvent name:Pick3R],[BEvent name:Pick4L]) i:{none} d:null]

Stick4
[SyncStatement r:[OrderedSet []] w:anyOf([BEvent name:Rel4R],[BEvent name:Rel5L]) b:anyOf([BEvent name:Pick4R],[BEvent name:Pick5L]) i:{none} d:null]

Stick5
[SyncStatement r:[OrderedSet []] w:anyOf([BEvent name:Rel1L],[BEvent name:Rel5R]) b:anyOf([BEvent name:Pick1L],[BEvent name:Pick5R]) i:{none} d:null]

Tests run: 1, Failures: 0, Errors: 0, Skipped: 0, Time elapsed: 0.766 sec - in il.ac.bgu.cs.bp.bpjs.examples.analysis.DiningPhilTest
Running il.ac.bgu.cs.bp.bpjs.internal.PairTest
Tests run: 5, Failures: 0, Errors: 0, Skipped: 0, Time elapsed: 0.013 sec - in il.ac.bgu.cs.bp.bpjs.internal.PairTest
Running il.ac.bgu.cs.bp.bpjs.internal.ScriptableUtilsTest
Tests run: 2, Failures: 0, Errors: 0, Skipped: 0, Time elapsed: 0.07 sec - in il.ac.bgu.cs.bp.bpjs.internal.ScriptableUtilsTest
Running il.ac.bgu.cs.bp.bpjs.internal.OrderedSetTest
Tests run: 8, Failures: 0, Errors: 0, Skipped: 0, Time elapsed: 0.002 sec - in il.ac.bgu.cs.bp.bpjs.internal.OrderedSetTest

Results :

Tests run: 200, Failures: 0, Errors: 0, Skipped: 0

[INFO] 
[INFO] --- jacoco-maven-plugin:0.8.5:report (report) @ BPjs ---
[INFO] Loading execution data file /tmp/tmp3yj1pw63/BPjs/target/jacoco.exec
[INFO] Analyzed bundle 'BPjs' with 101 classes
[INFO] ------------------------------------------------------------------------
[INFO] BUILD SUCCESS
[INFO] ------------------------------------------------------------------------
[INFO] Total time:  43.959 s
[INFO] Finished at: 2020-07-30T20:41:38Z
[INFO] ------------------------------------------------------------------------
