[INFO] Error stacktraces are turned on.
[INFO] Scanning for projects...
[INFO] 
[INFO] -------------< org.sonarsource.dotnet:sonar-fxcop-plugin >--------------
[INFO] Building SonarQube FxCop Plugin 1.4.2_Snapshot3
[INFO] ----------------------------[ sonar-plugin ]----------------------------
[INFO] 
[INFO] --- sonar-packaging-maven-plugin:1.16:check (default-check) @ sonar-fxcop-plugin ---
[INFO] 
[INFO] --- jacoco-maven-plugin:0.8.5:prepare-agent (default) @ sonar-fxcop-plugin ---
[INFO] argLine set to -javaagent:/home/jdbl/.m2/repository/org/jacoco/org.jacoco.agent/0.8.5/org.jacoco.agent-0.8.5-runtime.jar=destfile=/tmp/tmp65ti4xmd/sonar-fxcop/target/jacoco.exec
[INFO] 
[INFO] --- maven-resources-plugin:3.1.0:resources (default-resources) @ sonar-fxcop-plugin ---
[WARNING] Using platform encoding (UTF-8 actually) to copy filtered resources, i.e. build is platform dependent!
[INFO] Copying 4 resources
[INFO] 
[INFO] --- maven-compiler-plugin:3.5.1:compile (default-compile) @ sonar-fxcop-plugin ---
[INFO] Changes detected - recompiling the module!
[WARNING] File encoding has not been set, using platform encoding UTF-8, i.e. build is platform dependent!
[INFO] Compiling 13 source files to /tmp/tmp65ti4xmd/sonar-fxcop/target/classes
[INFO] /tmp/tmp65ti4xmd/sonar-fxcop/src/main/java/org/sonar/plugins/fxcop/FxCopPlugin.java: /tmp/tmp65ti4xmd/sonar-fxcop/src/main/java/org/sonar/plugins/fxcop/FxCopPlugin.java uses or overrides a deprecated API.
[INFO] /tmp/tmp65ti4xmd/sonar-fxcop/src/main/java/org/sonar/plugins/fxcop/FxCopPlugin.java: Recompile with -Xlint:deprecation for details.
[INFO] Some messages have been simplified; recompile with -Xdiags:verbose to get full output
[INFO] -------------------------------------------------------------
[ERROR] COMPILATION ERROR : 
[INFO] -------------------------------------------------------------
[ERROR] /tmp/tmp65ti4xmd/sonar-fxcop/src/main/java/org/sonar/plugins/fxcop/FxCopPlugin.java:[27,22] cannot find symbol
  symbol:   class Context
  location: class org.sonar.plugins.fxcop.FxCopPlugin
[ERROR] /tmp/tmp65ti4xmd/sonar-fxcop/src/main/java/org/sonar/plugins/fxcop/FxCopSensor.java:[65,7] cannot find symbol
  symbol:   method createIssuesForRuleRepository(java.lang.String)
  location: interface org.sonar.api.batch.sensor.SensorDescriptor
[ERROR] /tmp/tmp65ti4xmd/sonar-fxcop/src/main/java/org/sonar/plugins/fxcop/FxCopSensor.java:[82,35] cannot find symbol
  symbol:   method config()
  location: variable context of type org.sonar.api.batch.sensor.SensorContext
[ERROR] /tmp/tmp65ti4xmd/sonar-fxcop/src/main/java/org/sonar/plugins/fxcop/FxCopSensor.java:[95,43] cannot find symbol
  symbol:   method config()
  location: variable context of type org.sonar.api.batch.sensor.SensorContext
[ERROR] /tmp/tmp65ti4xmd/sonar-fxcop/src/main/java/org/sonar/plugins/fxcop/FxCopSensor.java:[187,51] cannot find symbol
  symbol:   method config()
  location: variable context of type org.sonar.api.batch.sensor.SensorContext
[ERROR] /tmp/tmp65ti4xmd/sonar-fxcop/src/main/java/org/sonar/plugins/fxcop/FxCopSensor.java:[265,34] cannot find symbol
  symbol:   method newIssue()
  location: variable context of type org.sonar.api.batch.sensor.SensorContext
[ERROR] /tmp/tmp65ti4xmd/sonar-fxcop/src/main/java/org/sonar/plugins/fxcop/FxCopSensor.java:[269,15] incompatible types: org.sonar.api.batch.fs.InputFile cannot be converted to org.sonar.api.batch.fs.InputComponent
[ERROR] /tmp/tmp65ti4xmd/sonar-fxcop/src/main/java/org/sonar/plugins/fxcop/FxCopSensor.java:[273,32] cannot find symbol
  symbol:   method selectLine(java.lang.Integer)
  location: variable inputFile of type org.sonar.api.batch.fs.InputFile
[ERROR] /tmp/tmp65ti4xmd/sonar-fxcop/src/main/java/org/sonar/plugins/fxcop/FxCopSensor.java:[278,22] cannot find symbol
  symbol:   method module()
  location: variable context of type org.sonar.api.batch.sensor.SensorContext
[ERROR] /tmp/tmp65ti4xmd/sonar-fxcop/src/main/java/org/sonar/plugins/fxcop/FxCopPlugin.java:[24,8] org.sonar.plugins.fxcop.FxCopPlugin is not abstract and does not override abstract method getExtensions() in org.sonar.api.Plugin
[ERROR] /tmp/tmp65ti4xmd/sonar-fxcop/src/main/java/org/sonar/plugins/fxcop/FxCopPlugin.java:[26,3] method does not override or implement a method from a supertype
[INFO] 11 errors 
[INFO] -------------------------------------------------------------
[INFO] ------------------------------------------------------------------------
[INFO] BUILD FAILURE
[INFO] ------------------------------------------------------------------------
[INFO] Total time:  7.547 s
[INFO] Finished at: 2020-08-03T11:05:50Z
[INFO] ------------------------------------------------------------------------
[ERROR] Failed to execute goal org.apache.maven.plugins:maven-compiler-plugin:3.5.1:compile (default-compile) on project sonar-fxcop-plugin: Compilation failure: Compilation failure: 
[ERROR] /tmp/tmp65ti4xmd/sonar-fxcop/src/main/java/org/sonar/plugins/fxcop/FxCopPlugin.java:[27,22] cannot find symbol
[ERROR]   symbol:   class Context
[ERROR]   location: class org.sonar.plugins.fxcop.FxCopPlugin
[ERROR] /tmp/tmp65ti4xmd/sonar-fxcop/src/main/java/org/sonar/plugins/fxcop/FxCopSensor.java:[65,7] cannot find symbol
[ERROR]   symbol:   method createIssuesForRuleRepository(java.lang.String)
[ERROR]   location: interface org.sonar.api.batch.sensor.SensorDescriptor
[ERROR] /tmp/tmp65ti4xmd/sonar-fxcop/src/main/java/org/sonar/plugins/fxcop/FxCopSensor.java:[82,35] cannot find symbol
[ERROR]   symbol:   method config()
[ERROR]   location: variable context of type org.sonar.api.batch.sensor.SensorContext
[ERROR] /tmp/tmp65ti4xmd/sonar-fxcop/src/main/java/org/sonar/plugins/fxcop/FxCopSensor.java:[95,43] cannot find symbol
[ERROR]   symbol:   method config()
[ERROR]   location: variable context of type org.sonar.api.batch.sensor.SensorContext
[ERROR] /tmp/tmp65ti4xmd/sonar-fxcop/src/main/java/org/sonar/plugins/fxcop/FxCopSensor.java:[187,51] cannot find symbol
[ERROR]   symbol:   method config()
[ERROR]   location: variable context of type org.sonar.api.batch.sensor.SensorContext
[ERROR] /tmp/tmp65ti4xmd/sonar-fxcop/src/main/java/org/sonar/plugins/fxcop/FxCopSensor.java:[265,34] cannot find symbol
[ERROR]   symbol:   method newIssue()
[ERROR]   location: variable context of type org.sonar.api.batch.sensor.SensorContext
[ERROR] /tmp/tmp65ti4xmd/sonar-fxcop/src/main/java/org/sonar/plugins/fxcop/FxCopSensor.java:[269,15] incompatible types: org.sonar.api.batch.fs.InputFile cannot be converted to org.sonar.api.batch.fs.InputComponent
[ERROR] /tmp/tmp65ti4xmd/sonar-fxcop/src/main/java/org/sonar/plugins/fxcop/FxCopSensor.java:[273,32] cannot find symbol
[ERROR]   symbol:   method selectLine(java.lang.Integer)
[ERROR]   location: variable inputFile of type org.sonar.api.batch.fs.InputFile
[ERROR] /tmp/tmp65ti4xmd/sonar-fxcop/src/main/java/org/sonar/plugins/fxcop/FxCopSensor.java:[278,22] cannot find symbol
[ERROR]   symbol:   method module()
[ERROR]   location: variable context of type org.sonar.api.batch.sensor.SensorContext
[ERROR] /tmp/tmp65ti4xmd/sonar-fxcop/src/main/java/org/sonar/plugins/fxcop/FxCopPlugin.java:[24,8] org.sonar.plugins.fxcop.FxCopPlugin is not abstract and does not override abstract method getExtensions() in org.sonar.api.Plugin
[ERROR] /tmp/tmp65ti4xmd/sonar-fxcop/src/main/java/org/sonar/plugins/fxcop/FxCopPlugin.java:[26,3] method does not override or implement a method from a supertype
[ERROR] -> [Help 1]
org.apache.maven.lifecycle.LifecycleExecutionException: Failed to execute goal org.apache.maven.plugins:maven-compiler-plugin:3.5.1:compile (default-compile) on project sonar-fxcop-plugin: Compilation failure
    at org.apache.maven.lifecycle.internal.MojoExecutor.execute (MojoExecutor.java:215)
    at org.apache.maven.lifecycle.internal.MojoExecutor.execute (MojoExecutor.java:156)
    at org.apache.maven.lifecycle.internal.MojoExecutor.execute (MojoExecutor.java:148)
    at org.apache.maven.lifecycle.internal.LifecycleModuleBuilder.buildProject (LifecycleModuleBuilder.java:117)
    at org.apache.maven.lifecycle.internal.LifecycleModuleBuilder.buildProject (LifecycleModuleBuilder.java:81)
    at org.apache.maven.lifecycle.internal.builder.singlethreaded.SingleThreadedBuilder.build (SingleThreadedBuilder.java:56)
    at org.apache.maven.lifecycle.internal.LifecycleStarter.execute (LifecycleStarter.java:128)
    at org.apache.maven.DefaultMaven.doExecute (DefaultMaven.java:305)
    at org.apache.maven.DefaultMaven.doExecute (DefaultMaven.java:192)
    at org.apache.maven.DefaultMaven.execute (DefaultMaven.java:105)
    at org.apache.maven.cli.MavenCli.execute (MavenCli.java:957)
    at org.apache.maven.cli.MavenCli.doMain (MavenCli.java:289)
    at org.apache.maven.cli.MavenCli.main (MavenCli.java:193)
    at sun.reflect.NativeMethodAccessorImpl.invoke0 (Native Method)
    at sun.reflect.NativeMethodAccessorImpl.invoke (NativeMethodAccessorImpl.java:62)
    at sun.reflect.DelegatingMethodAccessorImpl.invoke (DelegatingMethodAccessorImpl.java:43)
    at java.lang.reflect.Method.invoke (Method.java:498)
    at org.codehaus.plexus.classworlds.launcher.Launcher.launchEnhanced (Launcher.java:282)
    at org.codehaus.plexus.classworlds.launcher.Launcher.launch (Launcher.java:225)
    at org.codehaus.plexus.classworlds.launcher.Launcher.mainWithExitCode (Launcher.java:406)
    at org.codehaus.plexus.classworlds.launcher.Launcher.main (Launcher.java:347)
Caused by: org.apache.maven.plugin.compiler.CompilationFailureException: Compilation failure
    at org.apache.maven.plugin.compiler.AbstractCompilerMojo.execute (AbstractCompilerMojo.java:972)
    at org.apache.maven.plugin.compiler.CompilerMojo.execute (CompilerMojo.java:129)
    at org.apache.maven.plugin.DefaultBuildPluginManager.executeMojo (DefaultBuildPluginManager.java:137)
    at org.apache.maven.lifecycle.internal.MojoExecutor.execute (MojoExecutor.java:210)
    at org.apache.maven.lifecycle.internal.MojoExecutor.execute (MojoExecutor.java:156)
    at org.apache.maven.lifecycle.internal.MojoExecutor.execute (MojoExecutor.java:148)
    at org.apache.maven.lifecycle.internal.LifecycleModuleBuilder.buildProject (LifecycleModuleBuilder.java:117)
    at org.apache.maven.lifecycle.internal.LifecycleModuleBuilder.buildProject (LifecycleModuleBuilder.java:81)
    at org.apache.maven.lifecycle.internal.builder.singlethreaded.SingleThreadedBuilder.build (SingleThreadedBuilder.java:56)
    at org.apache.maven.lifecycle.internal.LifecycleStarter.execute (LifecycleStarter.java:128)
    at org.apache.maven.DefaultMaven.doExecute (DefaultMaven.java:305)
    at org.apache.maven.DefaultMaven.doExecute (DefaultMaven.java:192)
    at org.apache.maven.DefaultMaven.execute (DefaultMaven.java:105)
    at org.apache.maven.cli.MavenCli.execute (MavenCli.java:957)
    at org.apache.maven.cli.MavenCli.doMain (MavenCli.java:289)
    at org.apache.maven.cli.MavenCli.main (MavenCli.java:193)
    at sun.reflect.NativeMethodAccessorImpl.invoke0 (Native Method)
    at sun.reflect.NativeMethodAccessorImpl.invoke (NativeMethodAccessorImpl.java:62)
    at sun.reflect.DelegatingMethodAccessorImpl.invoke (DelegatingMethodAccessorImpl.java:43)
    at java.lang.reflect.Method.invoke (Method.java:498)
    at org.codehaus.plexus.classworlds.launcher.Launcher.launchEnhanced (Launcher.java:282)
    at org.codehaus.plexus.classworlds.launcher.Launcher.launch (Launcher.java:225)
    at org.codehaus.plexus.classworlds.launcher.Launcher.mainWithExitCode (Launcher.java:406)
    at org.codehaus.plexus.classworlds.launcher.Launcher.main (Launcher.java:347)
[ERROR] 
[ERROR] Re-run Maven using the -X switch to enable full debug logging.
[ERROR] 
[ERROR] For more information about the errors and possible solutions, please read the following articles:
[ERROR] [Help 1] http://cwiki.apache.org/confluence/display/MAVEN/MojoFailureException
[INFO] Build failures were ignored.
