[INFO] Error stacktraces are turned on.
[INFO] Scanning for projects...
[INFO] 
[INFO] ----------------------< com.gitblit.iciql:iciql >-----------------------
[INFO] Building Iciql 2.2.1-SNAPSHOT
[INFO] --------------------------------[ jar ]---------------------------------
[INFO] 
[INFO] --- jacoco-maven-plugin:0.8.5:prepare-agent (default) @ iciql ---
[INFO] argLine set to -javaagent:/home/jdbl/.m2/repository/org/jacoco/org.jacoco.agent/0.8.5/org.jacoco.agent-0.8.5-runtime.jar=destfile=/tmp/tmpekatsj5s/iciql/target/jacoco.exec
[INFO] 
[INFO] --- maven-resources-plugin:2.6:resources (default-resources) @ iciql ---
[WARNING] Using platform encoding (UTF-8 actually) to copy filtered resources, i.e. build is platform dependent!
[INFO] skip non existing resourceDirectory /tmp/tmpekatsj5s/iciql/src/main/resources
[INFO] 
[INFO] --- maven-compiler-plugin:3.1:compile (default-compile) @ iciql ---
[INFO] Changes detected - recompiling the module!
[WARNING] File encoding has not been set, using platform encoding UTF-8, i.e. build is platform dependent!
[INFO] Compiling 86 source files to /tmp/tmpekatsj5s/iciql/target/classes
[WARNING] /tmp/tmpekatsj5s/iciql/src/main/java/com/iciql/Query.java: Some input files use unchecked or unsafe operations.
[WARNING] /tmp/tmpekatsj5s/iciql/src/main/java/com/iciql/Query.java: Recompile with -Xlint:unchecked for details.
[INFO] 
[INFO] --- maven-resources-plugin:2.6:testResources (default-testResources) @ iciql ---
[WARNING] Using platform encoding (UTF-8 actually) to copy filtered resources, i.e. build is platform dependent!
[INFO] Copying 1 resource
[INFO] 
[INFO] --- maven-compiler-plugin:3.1:testCompile (default-testCompile) @ iciql ---
[INFO] Changes detected - recompiling the module!
[WARNING] File encoding has not been set, using platform encoding UTF-8, i.e. build is platform dependent!
[INFO] Compiling 45 source files to /tmp/tmpekatsj5s/iciql/target/test-classes
[INFO] 
[INFO] --- maven-surefire-plugin:2.19.1:test (default-test) @ iciql ---
[INFO] Surefire report directory: /tmp/tmpekatsj5s/iciql/target/surefire-reports

-------------------------------------------------------
 T E S T S
-------------------------------------------------------
Running com.iciql.test.IciqlSuite
Tests run: 187, Failures: 0, Errors: 184, Skipped: 3, Time elapsed: 1.249 sec <<< FAILURE! - in com.iciql.test.IciqlSuite
testObjectAliasMapping(com.iciql.test.AliasMapTest)  Time elapsed: 0.835 sec  <<< ERROR!
com.iciql.IciqlException: Unsupported type [Z
	at com.iciql.test.AliasMapTest.testObjectAliasMapping(AliasMapTest.java:44)

testPrimitiveAliasMapping(com.iciql.test.AliasMapTest)  Time elapsed: 0.004 sec  <<< ERROR!
com.iciql.IciqlException: Unsupported type [Z
	at com.iciql.test.AliasMapTest.testPrimitiveAliasMapping(AliasMapTest.java:93)

testCreateTableIfRequiredAnnotation(com.iciql.test.AnnotationsTest)  Time elapsed: 0.005 sec  <<< ERROR!
com.iciql.IciqlException: Unsupported type [Z
	at com.iciql.test.AnnotationsTest.setUp(AnnotationsTest.java:54)

testCreateTableIfRequiredAnnotation(com.iciql.test.AnnotationsTest)  Time elapsed: 0.006 sec  <<< ERROR!
java.lang.NullPointerException
	at com.iciql.test.AnnotationsTest.tearDown(AnnotationsTest.java:62)

testProductAnnotationOnly(com.iciql.test.AnnotationsTest)  Time elapsed: 0.006 sec  <<< ERROR!
com.iciql.IciqlException: Unsupported type [Z
	at com.iciql.test.AnnotationsTest.setUp(AnnotationsTest.java:54)

testProductAnnotationOnly(com.iciql.test.AnnotationsTest)  Time elapsed: 0.006 sec  <<< ERROR!
java.lang.NullPointerException
	at com.iciql.test.AnnotationsTest.tearDown(AnnotationsTest.java:62)

testTrimStringAnnotation(com.iciql.test.AnnotationsTest)  Time elapsed: 0.008 sec  <<< ERROR!
com.iciql.IciqlException: Unsupported type [Z
	at com.iciql.test.AnnotationsTest.setUp(AnnotationsTest.java:54)

testTrimStringAnnotation(com.iciql.test.AnnotationsTest)  Time elapsed: 0.008 sec  <<< ERROR!
java.lang.NullPointerException
	at com.iciql.test.AnnotationsTest.tearDown(AnnotationsTest.java:62)

testColumnInheritanceAnnotation(com.iciql.test.AnnotationsTest)  Time elapsed: 0.004 sec  <<< ERROR!
com.iciql.IciqlException: Unsupported type [Z
	at com.iciql.test.AnnotationsTest.setUp(AnnotationsTest.java:54)

testColumnInheritanceAnnotation(com.iciql.test.AnnotationsTest)  Time elapsed: 0.004 sec  <<< ERROR!
java.lang.NullPointerException
	at com.iciql.test.AnnotationsTest.tearDown(AnnotationsTest.java:62)

testIndexCreation(com.iciql.test.AnnotationsTest)  Time elapsed: 0.003 sec  <<< ERROR!
com.iciql.IciqlException: Unsupported type [Z
	at com.iciql.test.AnnotationsTest.setUp(AnnotationsTest.java:54)

testIndexCreation(com.iciql.test.AnnotationsTest)  Time elapsed: 0.003 sec  <<< ERROR!
java.lang.NullPointerException
	at com.iciql.test.AnnotationsTest.tearDown(AnnotationsTest.java:62)

testProductMixedAnnotation(com.iciql.test.AnnotationsTest)  Time elapsed: 0.01 sec  <<< ERROR!
com.iciql.IciqlException: Unsupported type [Z
	at com.iciql.test.AnnotationsTest.setUp(AnnotationsTest.java:54)

testProductMixedAnnotation(com.iciql.test.AnnotationsTest)  Time elapsed: 0.01 sec  <<< ERROR!
java.lang.NullPointerException
	at com.iciql.test.AnnotationsTest.tearDown(AnnotationsTest.java:62)

testBooleanColumn(com.iciql.test.BooleanModelTest)  Time elapsed: 0.007 sec  <<< ERROR!
com.iciql.IciqlException: Unsupported type [Z
	at com.iciql.test.BooleanModelTest.testBooleanColumn(BooleanModelTest.java:43)

testIntColumn(com.iciql.test.BooleanModelTest)  Time elapsed: 0.006 sec  <<< ERROR!
com.iciql.IciqlException: Unsupported type [Z
	at com.iciql.test.BooleanModelTest.testIntColumn(BooleanModelTest.java:86)

testPrimitiveShortBooleanColumn(com.iciql.test.BooleanModelTest)  Time elapsed: 0.003 sec  <<< ERROR!
com.iciql.IciqlException: Unsupported type [Z
	at com.iciql.test.BooleanModelTest.testPrimitiveShortBooleanColumn(BooleanModelTest.java:132)

testClob(com.iciql.test.ClobTest)  Time elapsed: 0.003 sec  <<< ERROR!
com.iciql.IciqlException: Unsupported type [Z
	at com.iciql.test.ClobTest.testClob(ClobTest.java:40)

testAliasSharing(com.iciql.test.ConcurrencyTest)  Time elapsed: 0.002 sec  <<< ERROR!
com.iciql.IciqlException: Unsupported type [Z
	at com.iciql.test.ConcurrencyTest.setUp(ConcurrencyTest.java:43)

testMultipleEnumInstances(com.iciql.test.EnumsTest)  Time elapsed: 0.002 sec  <<< ERROR!
com.iciql.IciqlException: Unsupported type [Z
	at com.iciql.test.EnumsTest.setUp(EnumsTest.java:45)

testMultipleEnumInstances(com.iciql.test.EnumsTest)  Time elapsed: 0.003 sec  <<< ERROR!
java.lang.NullPointerException
	at com.iciql.test.EnumsTest.tearDown(EnumsTest.java:53)

testEnumQueries(com.iciql.test.EnumsTest)  Time elapsed: 0.003 sec  <<< ERROR!
com.iciql.IciqlException: Unsupported type [Z
	at com.iciql.test.EnumsTest.setUp(EnumsTest.java:45)

testEnumQueries(com.iciql.test.EnumsTest)  Time elapsed: 0.003 sec  <<< ERROR!
java.lang.NullPointerException
	at com.iciql.test.EnumsTest.tearDown(EnumsTest.java:53)

testDiscreteUpdateStringTrimming(com.iciql.test.ModelsTest)  Time elapsed: 0.003 sec  <<< ERROR!
com.iciql.IciqlException: Unsupported type [Z
	at com.iciql.test.ModelsTest.setUp(ModelsTest.java:59)

testDiscreteUpdateStringTrimming(com.iciql.test.ModelsTest)  Time elapsed: 0.004 sec  <<< ERROR!
java.lang.NullPointerException
	at com.iciql.test.ModelsTest.tearDown(ModelsTest.java:67)

testValidateModels(com.iciql.test.ModelsTest)  Time elapsed: 0.003 sec  <<< ERROR!
com.iciql.IciqlException: Unsupported type [Z
	at com.iciql.test.ModelsTest.setUp(ModelsTest.java:59)

testValidateModels(com.iciql.test.ModelsTest)  Time elapsed: 0.003 sec  <<< ERROR!
java.lang.NullPointerException
	at com.iciql.test.ModelsTest.tearDown(ModelsTest.java:67)

testModelGeneration(com.iciql.test.ModelsTest)  Time elapsed: 0.002 sec  <<< ERROR!
com.iciql.IciqlException: Unsupported type [Z
	at com.iciql.test.ModelsTest.setUp(ModelsTest.java:59)

testModelGeneration(com.iciql.test.ModelsTest)  Time elapsed: 0.003 sec  <<< ERROR!
java.lang.NullPointerException
	at com.iciql.test.ModelsTest.tearDown(ModelsTest.java:67)

testFilteredGroupByCountDesc(com.iciql.test.ModelsTest)  Time elapsed: 0.002 sec  <<< ERROR!
com.iciql.IciqlException: Unsupported type [Z
	at com.iciql.test.ModelsTest.setUp(ModelsTest.java:59)

testFilteredGroupByCountDesc(com.iciql.test.ModelsTest)  Time elapsed: 0.002 sec  <<< ERROR!
java.lang.NullPointerException
	at com.iciql.test.ModelsTest.tearDown(ModelsTest.java:67)

testWhereByString(com.iciql.test.ModelsTest)  Time elapsed: 0.004 sec  <<< ERROR!
com.iciql.IciqlException: Unsupported type [Z
	at com.iciql.test.ModelsTest.setUp(ModelsTest.java:59)

testWhereByString(com.iciql.test.ModelsTest)  Time elapsed: 0.004 sec  <<< ERROR!
java.lang.NullPointerException
	at com.iciql.test.ModelsTest.tearDown(ModelsTest.java:67)

testFilteredGroupByCount(com.iciql.test.ModelsTest)  Time elapsed: 0.002 sec  <<< ERROR!
com.iciql.IciqlException: Unsupported type [Z
	at com.iciql.test.ModelsTest.setUp(ModelsTest.java:59)

testFilteredGroupByCount(com.iciql.test.ModelsTest)  Time elapsed: 0.002 sec  <<< ERROR!
java.lang.NullPointerException
	at com.iciql.test.ModelsTest.tearDown(ModelsTest.java:67)

testColumnSelection(com.iciql.test.ModelsTest)  Time elapsed: 0.008 sec  <<< ERROR!
com.iciql.IciqlException: Unsupported type [Z
	at com.iciql.test.ModelsTest.setUp(ModelsTest.java:59)

testColumnSelection(com.iciql.test.ModelsTest)  Time elapsed: 0.009 sec  <<< ERROR!
java.lang.NullPointerException
	at com.iciql.test.ModelsTest.tearDown(ModelsTest.java:67)

testGroupByCount(com.iciql.test.ModelsTest)  Time elapsed: 0.002 sec  <<< ERROR!
com.iciql.IciqlException: Unsupported type [Z
	at com.iciql.test.ModelsTest.setUp(ModelsTest.java:59)

testGroupByCount(com.iciql.test.ModelsTest)  Time elapsed: 0.002 sec  <<< ERROR!
java.lang.NullPointerException
	at com.iciql.test.ModelsTest.tearDown(ModelsTest.java:67)

testSupportedTypes(com.iciql.test.ModelsTest)  Time elapsed: 0.002 sec  <<< ERROR!
com.iciql.IciqlException: Unsupported type [Z
	at com.iciql.test.ModelsTest.setUp(ModelsTest.java:59)

testSupportedTypes(com.iciql.test.ModelsTest)  Time elapsed: 0.002 sec  <<< ERROR!
java.lang.NullPointerException
	at com.iciql.test.ModelsTest.tearDown(ModelsTest.java:67)

testGroupByCountDesc(com.iciql.test.ModelsTest)  Time elapsed: 0.003 sec  <<< ERROR!
com.iciql.IciqlException: Unsupported type [Z
	at com.iciql.test.ModelsTest.setUp(ModelsTest.java:59)

testGroupByCountDesc(com.iciql.test.ModelsTest)  Time elapsed: 0.003 sec  <<< ERROR!
java.lang.NullPointerException
	at com.iciql.test.ModelsTest.tearDown(ModelsTest.java:67)

testMultipleBooleans(com.iciql.test.PrimitivesTest)  Time elapsed: 0.002 sec  <<< ERROR!
com.iciql.IciqlException: Unsupported type [Z
	at com.iciql.test.PrimitivesTest.testMultipleBooleans(PrimitivesTest.java:90)

testPrimitives(com.iciql.test.PrimitivesTest)  Time elapsed: 0.013 sec  <<< ERROR!
com.iciql.IciqlException: Unsupported type [Z
	at com.iciql.test.PrimitivesTest.testPrimitives(PrimitivesTest.java:39)

testPrimitiveColumnSelection(com.iciql.test.PrimitivesTest)  Time elapsed: 0.003 sec  <<< ERROR!
com.iciql.IciqlException: Unsupported type [Z
	at com.iciql.test.PrimitivesTest.testPrimitiveColumnSelection(PrimitivesTest.java:105)

testPrimitiveGroupByCount(com.iciql.test.PrimitivesTest)  Time elapsed: 0.012 sec  <<< ERROR!
com.iciql.IciqlException: Unsupported type [Z
	at com.iciql.test.PrimitivesTest.testPrimitiveGroupByCount(PrimitivesTest.java:121)

noneOfSyntaxTest(com.iciql.test.OneOfTest)  Time elapsed: 0.001 sec  <<< ERROR!
com.iciql.IciqlException: Unsupported type [Z
	at com.iciql.test.OneOfTest.setUp(OneOfTest.java:40)

noneOfSyntaxTest(com.iciql.test.OneOfTest)  Time elapsed: 0.001 sec  <<< ERROR!
java.lang.NullPointerException
	at com.iciql.test.OneOfTest.tearDown(OneOfTest.java:46)

oneOfSyntaxTest(com.iciql.test.OneOfTest)  Time elapsed: 0.003 sec  <<< ERROR!
com.iciql.IciqlException: Unsupported type [Z
	at com.iciql.test.OneOfTest.setUp(OneOfTest.java:40)

oneOfSyntaxTest(com.iciql.test.OneOfTest)  Time elapsed: 0.003 sec  <<< ERROR!
java.lang.NullPointerException
	at com.iciql.test.OneOfTest.tearDown(OneOfTest.java:46)

testRuntimeSelectWildcards(com.iciql.test.RuntimeQueryTest)  Time elapsed: 0.003 sec  <<< ERROR!
com.iciql.IciqlException: Unsupported type [Z
	at com.iciql.test.RuntimeQueryTest.testRuntimeSelectWildcards(RuntimeQueryTest.java:102)

testBuildObjects(com.iciql.test.RuntimeQueryTest)  Time elapsed: 0.005 sec  <<< ERROR!
com.iciql.IciqlException: Unsupported type [Z
	at com.iciql.test.RuntimeQueryTest.testBuildObjects(RuntimeQueryTest.java:187)

testRuntimeQuery(com.iciql.test.RuntimeQueryTest)  Time elapsed: 0.002 sec  <<< ERROR!
com.iciql.IciqlException: Unsupported type [Z
	at com.iciql.test.RuntimeQueryTest.testRuntimeQuery(RuntimeQueryTest.java:142)

testRuntimeSet(com.iciql.test.RuntimeQueryTest)  Time elapsed: 0.002 sec  <<< ERROR!
com.iciql.IciqlException: Unsupported type [Z
	at com.iciql.test.RuntimeQueryTest.testRuntimeSet(RuntimeQueryTest.java:87)

testExecuteQuery(com.iciql.test.RuntimeQueryTest)  Time elapsed: 0.002 sec  <<< ERROR!
com.iciql.IciqlException: Unsupported type [Z
	at com.iciql.test.RuntimeQueryTest.testExecuteQuery(RuntimeQueryTest.java:163)

testParameters(com.iciql.test.RuntimeQueryTest)  Time elapsed: 0.002 sec  <<< ERROR!
com.iciql.IciqlException: Unsupported type [Z
	at com.iciql.test.RuntimeQueryTest.testParameters(RuntimeQueryTest.java:43)

testWhereSimple2(com.iciql.test.SamplesTest)  Time elapsed: 0.002 sec  <<< ERROR!
com.iciql.IciqlException: Unsupported type [Z
	at com.iciql.test.SamplesTest.setUp(SamplesTest.java:59)

testWhereSimple2(com.iciql.test.SamplesTest)  Time elapsed: 0.002 sec  <<< ERROR!
java.lang.NullPointerException
	at com.iciql.test.SamplesTest.tearDown(SamplesTest.java:68)

testWhereSimple3(com.iciql.test.SamplesTest)  Time elapsed: 0.002 sec  <<< ERROR!
com.iciql.IciqlException: Unsupported type [Z
	at com.iciql.test.SamplesTest.setUp(SamplesTest.java:59)

testWhereSimple3(com.iciql.test.SamplesTest)  Time elapsed: 0.003 sec  <<< ERROR!
java.lang.NullPointerException
	at com.iciql.test.SamplesTest.tearDown(SamplesTest.java:68)

testWhereSimple4(com.iciql.test.SamplesTest)  Time elapsed: 0.002 sec  <<< ERROR!
com.iciql.IciqlException: Unsupported type [Z
	at com.iciql.test.SamplesTest.setUp(SamplesTest.java:59)

testWhereSimple4(com.iciql.test.SamplesTest)  Time elapsed: 0.002 sec  <<< ERROR!
java.lang.NullPointerException
	at com.iciql.test.SamplesTest.tearDown(SamplesTest.java:68)

testReverseColumns(com.iciql.test.SamplesTest)  Time elapsed: 0.002 sec  <<< ERROR!
com.iciql.IciqlException: Unsupported type [Z
	at com.iciql.test.SamplesTest.setUp(SamplesTest.java:59)

testReverseColumns(com.iciql.test.SamplesTest)  Time elapsed: 0.002 sec  <<< ERROR!
java.lang.NullPointerException
	at com.iciql.test.SamplesTest.tearDown(SamplesTest.java:68)

testSum(com.iciql.test.SamplesTest)  Time elapsed: 0.002 sec  <<< ERROR!
com.iciql.IciqlException: Unsupported type [Z
	at com.iciql.test.SamplesTest.setUp(SamplesTest.java:59)

testSum(com.iciql.test.SamplesTest)  Time elapsed: 0.002 sec  <<< ERROR!
java.lang.NullPointerException
	at com.iciql.test.SamplesTest.tearDown(SamplesTest.java:68)

testCount(com.iciql.test.SamplesTest)  Time elapsed: 0.004 sec  <<< ERROR!
com.iciql.IciqlException: Unsupported type [Z
	at com.iciql.test.SamplesTest.setUp(SamplesTest.java:59)

testCount(com.iciql.test.SamplesTest)  Time elapsed: 0.006 sec  <<< ERROR!
java.lang.NullPointerException
	at com.iciql.test.SamplesTest.tearDown(SamplesTest.java:68)

testGroup(com.iciql.test.SamplesTest)  Time elapsed: 0.002 sec  <<< ERROR!
com.iciql.IciqlException: Unsupported type [Z
	at com.iciql.test.SamplesTest.setUp(SamplesTest.java:59)

testGroup(com.iciql.test.SamplesTest)  Time elapsed: 0.003 sec  <<< ERROR!
java.lang.NullPointerException
	at com.iciql.test.SamplesTest.tearDown(SamplesTest.java:68)

testLike(com.iciql.test.SamplesTest)  Time elapsed: 0.002 sec  <<< ERROR!
com.iciql.IciqlException: Unsupported type [Z
	at com.iciql.test.SamplesTest.setUp(SamplesTest.java:59)

testLike(com.iciql.test.SamplesTest)  Time elapsed: 0.002 sec  <<< ERROR!
java.lang.NullPointerException
	at com.iciql.test.SamplesTest.tearDown(SamplesTest.java:68)

testKeyRetrieval(com.iciql.test.SamplesTest)  Time elapsed: 0.002 sec  <<< ERROR!
com.iciql.IciqlException: Unsupported type [Z
	at com.iciql.test.SamplesTest.setUp(SamplesTest.java:59)

testKeyRetrieval(com.iciql.test.SamplesTest)  Time elapsed: 0.003 sec  <<< ERROR!
java.lang.NullPointerException
	at com.iciql.test.SamplesTest.tearDown(SamplesTest.java:68)

testSelectManyCompoundFrom2(com.iciql.test.SamplesTest)  Time elapsed: 0.002 sec  <<< ERROR!
com.iciql.IciqlException: Unsupported type [Z
	at com.iciql.test.SamplesTest.setUp(SamplesTest.java:59)

testSelectManyCompoundFrom2(com.iciql.test.SamplesTest)  Time elapsed: 0.002 sec  <<< ERROR!
java.lang.NullPointerException
	at com.iciql.test.SamplesTest.tearDown(SamplesTest.java:68)

testSelectSimple2(com.iciql.test.SamplesTest)  Time elapsed: 0.002 sec  <<< ERROR!
com.iciql.IciqlException: Unsupported type [Z
	at com.iciql.test.SamplesTest.setUp(SamplesTest.java:59)

testSelectSimple2(com.iciql.test.SamplesTest)  Time elapsed: 0.002 sec  <<< ERROR!
java.lang.NullPointerException
	at com.iciql.test.SamplesTest.tearDown(SamplesTest.java:68)

testLimitOffset(com.iciql.test.SamplesTest)  Time elapsed: 0.002 sec  <<< ERROR!
com.iciql.IciqlException: Unsupported type [Z
	at com.iciql.test.SamplesTest.setUp(SamplesTest.java:59)

testLimitOffset(com.iciql.test.SamplesTest)  Time elapsed: 0.002 sec  <<< ERROR!
java.lang.NullPointerException
	at com.iciql.test.SamplesTest.tearDown(SamplesTest.java:68)

testComplexObject2(com.iciql.test.SamplesTest)  Time elapsed: 0 sec  <<< ERROR!
com.iciql.IciqlException: Unsupported type [Z
	at com.iciql.test.SamplesTest.setUp(SamplesTest.java:59)

testComplexObject2(com.iciql.test.SamplesTest)  Time elapsed: 0 sec  <<< ERROR!
java.lang.NullPointerException
	at com.iciql.test.SamplesTest.tearDown(SamplesTest.java:68)

testComplexObject(com.iciql.test.SamplesTest)  Time elapsed: 0.004 sec  <<< ERROR!
com.iciql.IciqlException: Unsupported type [Z
	at com.iciql.test.SamplesTest.setUp(SamplesTest.java:59)

testComplexObject(com.iciql.test.SamplesTest)  Time elapsed: 0.004 sec  <<< ERROR!
java.lang.NullPointerException
	at com.iciql.test.SamplesTest.tearDown(SamplesTest.java:68)

testOrAndNot(com.iciql.test.SamplesTest)  Time elapsed: 0.004 sec  <<< ERROR!
com.iciql.IciqlException: Unsupported type [Z
	at com.iciql.test.SamplesTest.setUp(SamplesTest.java:59)

testOrAndNot(com.iciql.test.SamplesTest)  Time elapsed: 0.004 sec  <<< ERROR!
java.lang.NullPointerException
	at com.iciql.test.SamplesTest.tearDown(SamplesTest.java:68)

testAnonymousTypes3(com.iciql.test.SamplesTest)  Time elapsed: 0.003 sec  <<< ERROR!
com.iciql.IciqlException: Unsupported type [Z
	at com.iciql.test.SamplesTest.setUp(SamplesTest.java:59)

testAnonymousTypes3(com.iciql.test.SamplesTest)  Time elapsed: 0.003 sec  <<< ERROR!
java.lang.NullPointerException
	at com.iciql.test.SamplesTest.tearDown(SamplesTest.java:68)

testDelete(com.iciql.test.SamplesTest)  Time elapsed: 0.002 sec  <<< ERROR!
com.iciql.IciqlException: Unsupported type [Z
	at com.iciql.test.SamplesTest.setUp(SamplesTest.java:59)

testDelete(com.iciql.test.SamplesTest)  Time elapsed: 0.002 sec  <<< ERROR!
java.lang.NullPointerException
	at com.iciql.test.SamplesTest.tearDown(SamplesTest.java:68)

testIsNull(com.iciql.test.SamplesTest)  Time elapsed: 0.003 sec  <<< ERROR!
com.iciql.IciqlException: Unsupported type [Z
	at com.iciql.test.SamplesTest.setUp(SamplesTest.java:59)

testIsNull(com.iciql.test.SamplesTest)  Time elapsed: 0.003 sec  <<< ERROR!
java.lang.NullPointerException
	at com.iciql.test.SamplesTest.tearDown(SamplesTest.java:68)

testLength(com.iciql.test.SamplesTest)  Time elapsed: 0.002 sec  <<< ERROR!
com.iciql.IciqlException: Unsupported type [Z
	at com.iciql.test.SamplesTest.setUp(SamplesTest.java:59)

testLength(com.iciql.test.SamplesTest)  Time elapsed: 0.002 sec  <<< ERROR!
java.lang.NullPointerException
	at com.iciql.test.SamplesTest.tearDown(SamplesTest.java:68)

testMinMax(com.iciql.test.SamplesTest)  Time elapsed: 0.002 sec  <<< ERROR!
com.iciql.IciqlException: Unsupported type [Z
	at com.iciql.test.SamplesTest.setUp(SamplesTest.java:59)

testMinMax(com.iciql.test.SamplesTest)  Time elapsed: 0.002 sec  <<< ERROR!
java.lang.NullPointerException
	at com.iciql.test.SamplesTest.tearDown(SamplesTest.java:68)

testSimpleMerge(com.iciql.test.UpdateTest)  Time elapsed: 0.002 sec  <<< ERROR!
com.iciql.IciqlException: Unsupported type [Z
	at com.iciql.test.UpdateTest.setUp(UpdateTest.java:42)

testSimpleMerge(com.iciql.test.UpdateTest)  Time elapsed: 0.002 sec  <<< ERROR!
java.lang.NullPointerException
	at com.iciql.test.UpdateTest.tearDown(UpdateTest.java:50)

testSetColumns(com.iciql.test.UpdateTest)  Time elapsed: 0.002 sec  <<< ERROR!
com.iciql.IciqlException: Unsupported type [Z
	at com.iciql.test.UpdateTest.setUp(UpdateTest.java:42)

testSetColumns(com.iciql.test.UpdateTest)  Time elapsed: 0.002 sec  <<< ERROR!
java.lang.NullPointerException
	at com.iciql.test.UpdateTest.tearDown(UpdateTest.java:50)

testSimpleUpdateWithCombinedPrimaryKey(com.iciql.test.UpdateTest)  Time elapsed: 0.002 sec  <<< ERROR!
com.iciql.IciqlException: Unsupported type [Z
	at com.iciql.test.UpdateTest.setUp(UpdateTest.java:42)

testSimpleUpdateWithCombinedPrimaryKey(com.iciql.test.UpdateTest)  Time elapsed: 0.002 sec  <<< ERROR!
java.lang.NullPointerException
	at com.iciql.test.UpdateTest.tearDown(UpdateTest.java:50)

testSimpleUpdate(com.iciql.test.UpdateTest)  Time elapsed: 0.002 sec  <<< ERROR!
com.iciql.IciqlException: Unsupported type [Z
	at com.iciql.test.UpdateTest.setUp(UpdateTest.java:42)

testSimpleUpdate(com.iciql.test.UpdateTest)  Time elapsed: 0.002 sec  <<< ERROR!
java.lang.NullPointerException
	at com.iciql.test.UpdateTest.tearDown(UpdateTest.java:50)

testSimpleMergeWithCombinedPrimaryKey(com.iciql.test.UpdateTest)  Time elapsed: 0.002 sec  <<< ERROR!
com.iciql.IciqlException: Unsupported type [Z
	at com.iciql.test.UpdateTest.setUp(UpdateTest.java:42)

testSimpleMergeWithCombinedPrimaryKey(com.iciql.test.UpdateTest)  Time elapsed: 0.002 sec  <<< ERROR!
java.lang.NullPointerException
	at com.iciql.test.UpdateTest.tearDown(UpdateTest.java:50)

testSetNull(com.iciql.test.UpdateTest)  Time elapsed: 0.002 sec  <<< ERROR!
com.iciql.IciqlException: Unsupported type [Z
	at com.iciql.test.UpdateTest.setUp(UpdateTest.java:42)

testSetNull(com.iciql.test.UpdateTest)  Time elapsed: 0.002 sec  <<< ERROR!
java.lang.NullPointerException
	at com.iciql.test.UpdateTest.tearDown(UpdateTest.java:50)

testTableUpgrade(com.iciql.test.UpgradesTest)  Time elapsed: 0.002 sec  <<< ERROR!
com.iciql.IciqlException: Unsupported type [Z
	at com.iciql.test.UpgradesTest.testTableUpgrade(UpgradesTest.java:113)

testDatabaseUpgrade(com.iciql.test.UpgradesTest)  Time elapsed: 0.002 sec  <<< ERROR!
com.iciql.IciqlException: Unsupported type [Z
	at com.iciql.test.UpgradesTest.testDatabaseUpgrade(UpgradesTest.java:39)

testDatabaseInheritedUpgrade(com.iciql.test.UpgradesTest)  Time elapsed: 0.001 sec  <<< ERROR!
com.iciql.IciqlException: Unsupported type [Z
	at com.iciql.test.UpgradesTest.testDatabaseInheritedUpgrade(UpgradesTest.java:76)

testLeftJoin(com.iciql.test.JoinTest)  Time elapsed: 0.002 sec  <<< ERROR!
com.iciql.IciqlException: Unsupported type [Z
	at com.iciql.test.JoinTest.setup(JoinTest.java:41)

testLeftJoin(com.iciql.test.JoinTest)  Time elapsed: 0.002 sec  <<< ERROR!
java.lang.NullPointerException
	at com.iciql.test.JoinTest.tearDown(JoinTest.java:49)

testSubQuery(com.iciql.test.JoinTest)  Time elapsed: 0.002 sec  <<< ERROR!
com.iciql.IciqlException: Unsupported type [Z
	at com.iciql.test.JoinTest.setup(JoinTest.java:41)

testSubQuery(com.iciql.test.JoinTest)  Time elapsed: 0.002 sec  <<< ERROR!
java.lang.NullPointerException
	at com.iciql.test.JoinTest.tearDown(JoinTest.java:49)

testPrimitiveJoin(com.iciql.test.JoinTest)  Time elapsed: 0.001 sec  <<< ERROR!
com.iciql.IciqlException: Unsupported type [Z
	at com.iciql.test.JoinTest.setup(JoinTest.java:41)

testPrimitiveJoin(com.iciql.test.JoinTest)  Time elapsed: 0.001 sec  <<< ERROR!
java.lang.NullPointerException
	at com.iciql.test.JoinTest.tearDown(JoinTest.java:49)

testJoin(com.iciql.test.JoinTest)  Time elapsed: 0.002 sec  <<< ERROR!
com.iciql.IciqlException: Unsupported type [Z
	at com.iciql.test.JoinTest.setup(JoinTest.java:41)

testJoin(com.iciql.test.JoinTest)  Time elapsed: 0.002 sec  <<< ERROR!
java.lang.NullPointerException
	at com.iciql.test.JoinTest.tearDown(JoinTest.java:49)

testUUIDs(com.iciql.test.UUIDTest)  Time elapsed: 0.002 sec  <<< ERROR!
com.iciql.IciqlException: Unsupported type [Z
	at com.iciql.test.UUIDTest.setup(UUIDTest.java:45)

testUUIDs(com.iciql.test.UUIDTest)  Time elapsed: 0.002 sec  <<< ERROR!
java.lang.NullPointerException
	at com.iciql.test.UUIDTest.tearDown(UUIDTest.java:50)

testCreateViewFromQuery(com.iciql.test.ViewsTest)  Time elapsed: 0.001 sec  <<< ERROR!
com.iciql.IciqlException: Unsupported type [Z
	at com.iciql.test.ViewsTest.setUp(ViewsTest.java:49)

testCreateViewFromQuery(com.iciql.test.ViewsTest)  Time elapsed: 0.001 sec  <<< ERROR!
java.lang.NullPointerException
	at com.iciql.test.ViewsTest.tearDown(ViewsTest.java:55)

testComplexInheritance(com.iciql.test.ViewsTest)  Time elapsed: 0.002 sec  <<< ERROR!
com.iciql.IciqlException: Unsupported type [Z
	at com.iciql.test.ViewsTest.setUp(ViewsTest.java:49)

testComplexInheritance(com.iciql.test.ViewsTest)  Time elapsed: 0.002 sec  <<< ERROR!
java.lang.NullPointerException
	at com.iciql.test.ViewsTest.tearDown(ViewsTest.java:55)

testProductViewInherited(com.iciql.test.ViewsTest)  Time elapsed: 0.002 sec  <<< ERROR!
com.iciql.IciqlException: Unsupported type [Z
	at com.iciql.test.ViewsTest.setUp(ViewsTest.java:49)

testProductViewInherited(com.iciql.test.ViewsTest)  Time elapsed: 0.002 sec  <<< ERROR!
java.lang.NullPointerException
	at com.iciql.test.ViewsTest.tearDown(ViewsTest.java:55)

testProductView(com.iciql.test.ViewsTest)  Time elapsed: 0.002 sec  <<< ERROR!
com.iciql.IciqlException: Unsupported type [Z
	at com.iciql.test.ViewsTest.setUp(ViewsTest.java:49)

testProductView(com.iciql.test.ViewsTest)  Time elapsed: 0.002 sec  <<< ERROR!
java.lang.NullPointerException
	at com.iciql.test.ViewsTest.tearDown(ViewsTest.java:55)

testForeignKeyWithOnDeleteCascade(com.iciql.test.ForeignKeyTest)  Time elapsed: 0.003 sec  <<< ERROR!
com.iciql.IciqlException: Unsupported type [Z
	at com.iciql.test.ForeignKeyTest.setUp(ForeignKeyTest.java:45)

testForeignKeyWithOnDeleteCascade(com.iciql.test.ForeignKeyTest)  Time elapsed: 0.003 sec  <<< ERROR!
java.lang.NullPointerException
	at com.iciql.test.ForeignKeyTest.tearDown(ForeignKeyTest.java:52)

testTransaction(com.iciql.test.TransactionTest)  Time elapsed: 0.002 sec  <<< ERROR!
com.iciql.IciqlException: Unsupported type [Z
	at com.iciql.test.TransactionTest.setUp(TransactionTest.java:44)

testTransaction(com.iciql.test.TransactionTest)  Time elapsed: 0.002 sec  <<< ERROR!
java.lang.NullPointerException
	at com.iciql.test.TransactionTest.endTransactionMode(TransactionTest.java:109)
	at com.iciql.test.TransactionTest.tearDown(TransactionTest.java:56)

andOrSyntaxTest(com.iciql.test.NestedConditionsTest)  Time elapsed: 0.002 sec  <<< ERROR!
com.iciql.IciqlException: Unsupported type [Z
	at com.iciql.test.NestedConditionsTest.setUp(NestedConditionsTest.java:47)

andOrSyntaxTest(com.iciql.test.NestedConditionsTest)  Time elapsed: 0.002 sec  <<< ERROR!
java.lang.NullPointerException
	at com.iciql.test.NestedConditionsTest.tearDown(NestedConditionsTest.java:53)

compoundConditionsTest(com.iciql.test.NestedConditionsTest)  Time elapsed: 0.002 sec  <<< ERROR!
com.iciql.IciqlException: Unsupported type [Z
	at com.iciql.test.NestedConditionsTest.setUp(NestedConditionsTest.java:47)

compoundConditionsTest(com.iciql.test.NestedConditionsTest)  Time elapsed: 0.002 sec  <<< ERROR!
java.lang.NullPointerException
	at com.iciql.test.NestedConditionsTest.tearDown(NestedConditionsTest.java:53)

errorTest(com.iciql.test.NestedConditionsTest)  Time elapsed: 0.001 sec  <<< ERROR!
com.iciql.IciqlException: Unsupported type [Z
	at com.iciql.test.NestedConditionsTest.setUp(NestedConditionsTest.java:47)

errorTest(com.iciql.test.NestedConditionsTest)  Time elapsed: 0.001 sec  <<< ERROR!
java.lang.NullPointerException
	at com.iciql.test.NestedConditionsTest.tearDown(NestedConditionsTest.java:53)

fluentSyntaxTest(com.iciql.test.NestedConditionsTest)  Time elapsed: 0.001 sec  <<< ERROR!
com.iciql.IciqlException: Unsupported type [Z
	at com.iciql.test.NestedConditionsTest.setUp(NestedConditionsTest.java:47)

fluentSyntaxTest(com.iciql.test.NestedConditionsTest)  Time elapsed: 0.001 sec  <<< ERROR!
java.lang.NullPointerException
	at com.iciql.test.NestedConditionsTest.tearDown(NestedConditionsTest.java:53)

testSerializedObjectDataType(com.iciql.test.DataTypeAdapterTest)  Time elapsed: 0.002 sec  <<< ERROR!
com.iciql.IciqlException: Unsupported type [Z
	at com.iciql.test.DataTypeAdapterTest.setUp(DataTypeAdapterTest.java:47)

testSerializedObjectDataType(com.iciql.test.DataTypeAdapterTest)  Time elapsed: 0.002 sec  <<< ERROR!
java.lang.NullPointerException
	at com.iciql.test.DataTypeAdapterTest.tearDown(DataTypeAdapterTest.java:52)

testTestResourceQueryReturnModels(com.iciql.test.ProductDaoTest)  Time elapsed: 0.002 sec  <<< ERROR!
com.iciql.IciqlException: Unsupported type [Z
	at com.iciql.test.ProductDaoTest.setUp(ProductDaoTest.java:49)

testTestResourceQueryReturnModels(com.iciql.test.ProductDaoTest)  Time elapsed: 0.002 sec  <<< ERROR!
java.lang.NullPointerException
	at com.iciql.test.ProductDaoTest.tearDown(ProductDaoTest.java:57)

testQueryWithDataTypeAdapter(com.iciql.test.ProductDaoTest)  Time elapsed: 0.001 sec  <<< ERROR!
com.iciql.IciqlException: Unsupported type [Z
	at com.iciql.test.ProductDaoTest.setUp(ProductDaoTest.java:49)

testQueryWithDataTypeAdapter(com.iciql.test.ProductDaoTest)  Time elapsed: 0.001 sec  <<< ERROR!
java.lang.NullPointerException
	at com.iciql.test.ProductDaoTest.tearDown(ProductDaoTest.java:57)

testUpdateIllegalReturnType(com.iciql.test.ProductDaoTest)  Time elapsed: 0.002 sec  <<< ERROR!
com.iciql.IciqlException: Unsupported type [Z
	at com.iciql.test.ProductDaoTest.setUp(ProductDaoTest.java:49)

testUpdateIllegalReturnType(com.iciql.test.ProductDaoTest)  Time elapsed: 0.002 sec  <<< ERROR!
java.lang.NullPointerException
	at com.iciql.test.ProductDaoTest.tearDown(ProductDaoTest.java:57)

testUpdateStatementsReturnsSuccess(com.iciql.test.ProductDaoTest)  Time elapsed: 0.001 sec  <<< ERROR!
com.iciql.IciqlException: Unsupported type [Z
	at com.iciql.test.ProductDaoTest.setUp(ProductDaoTest.java:49)

testUpdateStatementsReturnsSuccess(com.iciql.test.ProductDaoTest)  Time elapsed: 0.001 sec  <<< ERROR!
java.lang.NullPointerException
	at com.iciql.test.ProductDaoTest.tearDown(ProductDaoTest.java:57)

testUpdateWithDataTypeAdapter(com.iciql.test.ProductDaoTest)  Time elapsed: 0.002 sec  <<< ERROR!
com.iciql.IciqlException: Unsupported type [Z
	at com.iciql.test.ProductDaoTest.setUp(ProductDaoTest.java:49)

testUpdateWithDataTypeAdapter(com.iciql.test.ProductDaoTest)  Time elapsed: 0.002 sec  <<< ERROR!
java.lang.NullPointerException
	at com.iciql.test.ProductDaoTest.tearDown(ProductDaoTest.java:57)

testDefaultProdResourceQueryReturnModels(com.iciql.test.ProductDaoTest)  Time elapsed: 0.001 sec  <<< ERROR!
com.iciql.IciqlException: Unsupported type [Z
	at com.iciql.test.ProductDaoTest.setUp(ProductDaoTest.java:49)

testDefaultProdResourceQueryReturnModels(com.iciql.test.ProductDaoTest)  Time elapsed: 0.001 sec  <<< ERROR!
java.lang.NullPointerException
	at com.iciql.test.ProductDaoTest.tearDown(ProductDaoTest.java:57)

testUpdateStatementsReturnsCount(com.iciql.test.ProductDaoTest)  Time elapsed: 0.002 sec  <<< ERROR!
com.iciql.IciqlException: Unsupported type [Z
	at com.iciql.test.ProductDaoTest.setUp(ProductDaoTest.java:49)

testUpdateStatementsReturnsCount(com.iciql.test.ProductDaoTest)  Time elapsed: 0.002 sec  <<< ERROR!
java.lang.NullPointerException
	at com.iciql.test.ProductDaoTest.tearDown(ProductDaoTest.java:57)

testQueryReturnFields(com.iciql.test.ProductDaoTest)  Time elapsed: 0.001 sec  <<< ERROR!
com.iciql.IciqlException: Unsupported type [Z
	at com.iciql.test.ProductDaoTest.setUp(ProductDaoTest.java:49)

testQueryReturnFields(com.iciql.test.ProductDaoTest)  Time elapsed: 0.002 sec  <<< ERROR!
java.lang.NullPointerException
	at com.iciql.test.ProductDaoTest.tearDown(ProductDaoTest.java:57)

testQueryReturnModels(com.iciql.test.ProductDaoTest)  Time elapsed: 0.001 sec  <<< ERROR!
com.iciql.IciqlException: Unsupported type [Z
	at com.iciql.test.ProductDaoTest.setUp(ProductDaoTest.java:49)

testQueryReturnModels(com.iciql.test.ProductDaoTest)  Time elapsed: 0.001 sec  <<< ERROR!
java.lang.NullPointerException
	at com.iciql.test.ProductDaoTest.tearDown(ProductDaoTest.java:57)

testQueryCollectionReturnType(com.iciql.test.ProductDaoTest)  Time elapsed: 0.003 sec  <<< ERROR!
com.iciql.IciqlException: Unsupported type [Z
	at com.iciql.test.ProductDaoTest.setUp(ProductDaoTest.java:49)

testQueryCollectionReturnType(com.iciql.test.ProductDaoTest)  Time elapsed: 0.003 sec  <<< ERROR!
java.lang.NullPointerException
	at com.iciql.test.ProductDaoTest.tearDown(ProductDaoTest.java:57)

testQueryBeanBinding(com.iciql.test.ProductDaoTest)  Time elapsed: 0.002 sec  <<< ERROR!
com.iciql.IciqlException: Unsupported type [Z
	at com.iciql.test.ProductDaoTest.setUp(ProductDaoTest.java:49)

testQueryBeanBinding(com.iciql.test.ProductDaoTest)  Time elapsed: 0.002 sec  <<< ERROR!
java.lang.NullPointerException
	at com.iciql.test.ProductDaoTest.tearDown(ProductDaoTest.java:57)

testJDBCPlaceholderParameterBinding(com.iciql.test.ProductDaoTest)  Time elapsed: 0.002 sec  <<< ERROR!
com.iciql.IciqlException: Unsupported type [Z
	at com.iciql.test.ProductDaoTest.setUp(ProductDaoTest.java:49)

testJDBCPlaceholderParameterBinding(com.iciql.test.ProductDaoTest)  Time elapsed: 0.002 sec  <<< ERROR!
java.lang.NullPointerException
	at com.iciql.test.ProductDaoTest.tearDown(ProductDaoTest.java:57)

testQueryVoidReturnType(com.iciql.test.ProductDaoTest)  Time elapsed: 0.002 sec  <<< ERROR!
com.iciql.IciqlException: Unsupported type [Z
	at com.iciql.test.ProductDaoTest.setUp(ProductDaoTest.java:49)

testQueryVoidReturnType(com.iciql.test.ProductDaoTest)  Time elapsed: 0.002 sec  <<< ERROR!
java.lang.NullPointerException
	at com.iciql.test.ProductDaoTest.tearDown(ProductDaoTest.java:57)

testQueryReturnField(com.iciql.test.ProductDaoTest)  Time elapsed: 0.001 sec  <<< ERROR!
com.iciql.IciqlException: Unsupported type [Z
	at com.iciql.test.ProductDaoTest.setUp(ProductDaoTest.java:49)

testQueryReturnField(com.iciql.test.ProductDaoTest)  Time elapsed: 0.001 sec  <<< ERROR!
java.lang.NullPointerException
	at com.iciql.test.ProductDaoTest.tearDown(ProductDaoTest.java:57)

testDevResourceQueryReturnModels(com.iciql.test.ProductDaoTest)  Time elapsed: 0.002 sec  <<< ERROR!
com.iciql.IciqlException: Unsupported type [Z
	at com.iciql.test.ProductDaoTest.setUp(ProductDaoTest.java:49)

testDevResourceQueryReturnModels(com.iciql.test.ProductDaoTest)  Time elapsed: 0.002 sec  <<< ERROR!
java.lang.NullPointerException
	at com.iciql.test.ProductDaoTest.tearDown(ProductDaoTest.java:57)

testUpdateStatements(com.iciql.test.ProductDaoTest)  Time elapsed: 0.002 sec  <<< ERROR!
com.iciql.IciqlException: Unsupported type [Z
	at com.iciql.test.ProductDaoTest.setUp(ProductDaoTest.java:49)

testUpdateStatements(com.iciql.test.ProductDaoTest)  Time elapsed: 0.002 sec  <<< ERROR!
java.lang.NullPointerException
	at com.iciql.test.ProductDaoTest.tearDown(ProductDaoTest.java:57)

testQueryNamedOrIndexedParameterBinding(com.iciql.test.ProductDaoTest)  Time elapsed: 0.001 sec  <<< ERROR!
com.iciql.IciqlException: Unsupported type [Z
	at com.iciql.test.ProductDaoTest.setUp(ProductDaoTest.java:49)

testQueryNamedOrIndexedParameterBinding(com.iciql.test.ProductDaoTest)  Time elapsed: 0.001 sec  <<< ERROR!
java.lang.NullPointerException
	at com.iciql.test.ProductDaoTest.tearDown(ProductDaoTest.java:57)

testQueryIgnoreDoubleDelimiter(com.iciql.test.ProductDaoTest)  Time elapsed: 0.002 sec  <<< ERROR!
com.iciql.IciqlException: Unsupported type [Z
	at com.iciql.test.ProductDaoTest.setUp(ProductDaoTest.java:49)

testQueryIgnoreDoubleDelimiter(com.iciql.test.ProductDaoTest)  Time elapsed: 0.002 sec  <<< ERROR!
java.lang.NullPointerException
	at com.iciql.test.ProductDaoTest.tearDown(ProductDaoTest.java:57)

testBitwiseAndWhereCondition(com.iciql.test.BitwiseConditionTest)  Time elapsed: 0.001 sec  <<< ERROR!
com.iciql.IciqlException: Unsupported type [Z
	at com.iciql.test.BitwiseConditionTest.setUp(BitwiseConditionTest.java:48)

testBitwiseAndWhereCondition(com.iciql.test.BitwiseConditionTest)  Time elapsed: 0.002 sec  <<< ERROR!
java.lang.NullPointerException
	at com.iciql.test.BitwiseConditionTest.tearDown(BitwiseConditionTest.java:54)

testBitwiseXorWhereCondition(com.iciql.test.BitwiseConditionTest)  Time elapsed: 0.001 sec  <<< ERROR!
com.iciql.IciqlException: Unsupported type [Z
	at com.iciql.test.BitwiseConditionTest.setUp(BitwiseConditionTest.java:48)

testBitwiseXorWhereCondition(com.iciql.test.BitwiseConditionTest)  Time elapsed: 0.001 sec  <<< ERROR!
java.lang.NullPointerException
	at com.iciql.test.BitwiseConditionTest.tearDown(BitwiseConditionTest.java:54)


Results :

Tests in error: 
  AliasMapTest.testObjectAliasMapping:44 » Iciql Unsupported type [Z
  AliasMapTest.testPrimitiveAliasMapping:93 » Iciql Unsupported type [Z
com.iciql.test.AnnotationsTest.testColumnInheritanceAnnotation(com.iciql.test.AnnotationsTest)
  Run 1: AnnotationsTest.setUp:54 » Iciql Unsupported type [Z
  Run 2: AnnotationsTest.tearDown:62 NullPointer

com.iciql.test.AnnotationsTest.testCreateTableIfRequiredAnnotation(com.iciql.test.AnnotationsTest)
  Run 1: AnnotationsTest.setUp:54 » Iciql Unsupported type [Z
  Run 2: AnnotationsTest.tearDown:62 NullPointer

com.iciql.test.AnnotationsTest.testIndexCreation(com.iciql.test.AnnotationsTest)
  Run 1: AnnotationsTest.setUp:54 » Iciql Unsupported type [Z
  Run 2: AnnotationsTest.tearDown:62 NullPointer

com.iciql.test.AnnotationsTest.testProductAnnotationOnly(com.iciql.test.AnnotationsTest)
  Run 1: AnnotationsTest.setUp:54 » Iciql Unsupported type [Z
  Run 2: AnnotationsTest.tearDown:62 NullPointer

com.iciql.test.AnnotationsTest.testProductMixedAnnotation(com.iciql.test.AnnotationsTest)
  Run 1: AnnotationsTest.setUp:54 » Iciql Unsupported type [Z
  Run 2: AnnotationsTest.tearDown:62 NullPointer

com.iciql.test.AnnotationsTest.testTrimStringAnnotation(com.iciql.test.AnnotationsTest)
  Run 1: AnnotationsTest.setUp:54 » Iciql Unsupported type [Z
  Run 2: AnnotationsTest.tearDown:62 NullPointer

com.iciql.test.BitwiseConditionTest.testBitwiseAndWhereCondition(com.iciql.test.BitwiseConditionTest)
  Run 1: BitwiseConditionTest.setUp:48 » Iciql Unsupported type [Z
  Run 2: BitwiseConditionTest.tearDown:54 NullPointer

com.iciql.test.BitwiseConditionTest.testBitwiseXorWhereCondition(com.iciql.test.BitwiseConditionTest)
  Run 1: BitwiseConditionTest.setUp:48 » Iciql Unsupported type [Z
  Run 2: BitwiseConditionTest.tearDown:54 NullPointer

  BooleanModelTest.testBooleanColumn:43 » Iciql Unsupported type [Z
  BooleanModelTest.testIntColumn:86 » Iciql Unsupported type [Z
  BooleanModelTest.testPrimitiveShortBooleanColumn:132 » Iciql Unsupported type ...
  ClobTest.testClob:40 » Iciql Unsupported type [Z
  ConcurrencyTest.setUp:43 » Iciql Unsupported type [Z
com.iciql.test.DataTypeAdapterTest.testSerializedObjectDataType(com.iciql.test.DataTypeAdapterTest)
  Run 1: DataTypeAdapterTest.setUp:47 » Iciql Unsupported type [Z
  Run 2: DataTypeAdapterTest.tearDown:52 NullPointer

com.iciql.test.EnumsTest.testEnumQueries(com.iciql.test.EnumsTest)
  Run 1: EnumsTest.setUp:45 » Iciql Unsupported type [Z
  Run 2: EnumsTest.tearDown:53 NullPointer

com.iciql.test.EnumsTest.testMultipleEnumInstances(com.iciql.test.EnumsTest)
  Run 1: EnumsTest.setUp:45 » Iciql Unsupported type [Z
  Run 2: EnumsTest.tearDown:53 NullPointer

com.iciql.test.ForeignKeyTest.testForeignKeyWithOnDeleteCascade(com.iciql.test.ForeignKeyTest)
  Run 1: ForeignKeyTest.setUp:45 » Iciql Unsupported type [Z
  Run 2: ForeignKeyTest.tearDown:52 NullPointer

com.iciql.test.JoinTest.testJoin(com.iciql.test.JoinTest)
  Run 1: JoinTest.setup:41 » Iciql Unsupported type [Z
  Run 2: JoinTest.tearDown:49 NullPointer

com.iciql.test.JoinTest.testLeftJoin(com.iciql.test.JoinTest)
  Run 1: JoinTest.setup:41 » Iciql Unsupported type [Z
  Run 2: JoinTest.tearDown:49 NullPointer

com.iciql.test.JoinTest.testPrimitiveJoin(com.iciql.test.JoinTest)
  Run 1: JoinTest.setup:41 » Iciql Unsupported type [Z
  Run 2: JoinTest.tearDown:49 NullPointer

com.iciql.test.JoinTest.testSubQuery(com.iciql.test.JoinTest)
  Run 1: JoinTest.setup:41 » Iciql Unsupported type [Z
  Run 2: JoinTest.tearDown:49 NullPointer

com.iciql.test.ModelsTest.testColumnSelection(com.iciql.test.ModelsTest)
  Run 1: ModelsTest.setUp:59 » Iciql Unsupported type [Z
  Run 2: ModelsTest.tearDown:67 NullPointer

com.iciql.test.ModelsTest.testDiscreteUpdateStringTrimming(com.iciql.test.ModelsTest)
  Run 1: ModelsTest.setUp:59 » Iciql Unsupported type [Z
  Run 2: ModelsTest.tearDown:67 NullPointer

com.iciql.test.ModelsTest.testFilteredGroupByCount(com.iciql.test.ModelsTest)
  Run 1: ModelsTest.setUp:59 » Iciql Unsupported type [Z
  Run 2: ModelsTest.tearDown:67 NullPointer

com.iciql.test.ModelsTest.testFilteredGroupByCountDesc(com.iciql.test.ModelsTest)
  Run 1: ModelsTest.setUp:59 » Iciql Unsupported type [Z
  Run 2: ModelsTest.tearDown:67 NullPointer

com.iciql.test.ModelsTest.testGroupByCount(com.iciql.test.ModelsTest)
  Run 1: ModelsTest.setUp:59 » Iciql Unsupported type [Z
  Run 2: ModelsTest.tearDown:67 NullPointer

com.iciql.test.ModelsTest.testGroupByCountDesc(com.iciql.test.ModelsTest)
  Run 1: ModelsTest.setUp:59 » Iciql Unsupported type [Z
  Run 2: ModelsTest.tearDown:67 NullPointer

com.iciql.test.ModelsTest.testModelGeneration(com.iciql.test.ModelsTest)
  Run 1: ModelsTest.setUp:59 » Iciql Unsupported type [Z
  Run 2: ModelsTest.tearDown:67 NullPointer

com.iciql.test.ModelsTest.testSupportedTypes(com.iciql.test.ModelsTest)
  Run 1: ModelsTest.setUp:59 » Iciql Unsupported type [Z
  Run 2: ModelsTest.tearDown:67 NullPointer

com.iciql.test.ModelsTest.testValidateModels(com.iciql.test.ModelsTest)
  Run 1: ModelsTest.setUp:59 » Iciql Unsupported type [Z
  Run 2: ModelsTest.tearDown:67 NullPointer

com.iciql.test.ModelsTest.testWhereByString(com.iciql.test.ModelsTest)
  Run 1: ModelsTest.setUp:59 » Iciql Unsupported type [Z
  Run 2: ModelsTest.tearDown:67 NullPointer

com.iciql.test.NestedConditionsTest.andOrSyntaxTest(com.iciql.test.NestedConditionsTest)
  Run 1: NestedConditionsTest.setUp:47 » Iciql Unsupported type [Z
  Run 2: NestedConditionsTest.tearDown:53 NullPointer

com.iciql.test.NestedConditionsTest.compoundConditionsTest(com.iciql.test.NestedConditionsTest)
  Run 1: NestedConditionsTest.setUp:47 » Iciql Unsupported type [Z
  Run 2: NestedConditionsTest.tearDown:53 NullPointer

com.iciql.test.NestedConditionsTest.errorTest(com.iciql.test.NestedConditionsTest)
  Run 1: NestedConditionsTest.setUp:47 » Iciql Unsupported type [Z
  Run 2: NestedConditionsTest.tearDown:53 NullPointer

com.iciql.test.NestedConditionsTest.fluentSyntaxTest(com.iciql.test.NestedConditionsTest)
  Run 1: NestedConditionsTest.setUp:47 » Iciql Unsupported type [Z
  Run 2: NestedConditionsTest.tearDown:53 NullPointer

com.iciql.test.OneOfTest.noneOfSyntaxTest(com.iciql.test.OneOfTest)
  Run 1: OneOfTest.setUp:40 » Iciql Unsupported type [Z
  Run 2: OneOfTest.tearDown:46 NullPointer

com.iciql.test.OneOfTest.oneOfSyntaxTest(com.iciql.test.OneOfTest)
  Run 1: OneOfTest.setUp:40 » Iciql Unsupported type [Z
  Run 2: OneOfTest.tearDown:46 NullPointer

  PrimitivesTest.testMultipleBooleans:90 » Iciql Unsupported type [Z
  PrimitivesTest.testPrimitiveColumnSelection:105 » Iciql Unsupported type [Z
  PrimitivesTest.testPrimitiveGroupByCount:121 » Iciql Unsupported type [Z
  PrimitivesTest.testPrimitives:39 » Iciql Unsupported type [Z
com.iciql.test.ProductDaoTest.testDefaultProdResourceQueryReturnModels(com.iciql.test.ProductDaoTest)
  Run 1: ProductDaoTest.setUp:49 » Iciql Unsupported type [Z
  Run 2: ProductDaoTest.tearDown:57 NullPointer

com.iciql.test.ProductDaoTest.testDevResourceQueryReturnModels(com.iciql.test.ProductDaoTest)
  Run 1: ProductDaoTest.setUp:49 » Iciql Unsupported type [Z
  Run 2: ProductDaoTest.tearDown:57 NullPointer

com.iciql.test.ProductDaoTest.testJDBCPlaceholderParameterBinding(com.iciql.test.ProductDaoTest)
  Run 1: ProductDaoTest.setUp:49 » Iciql Unsupported type [Z
  Run 2: ProductDaoTest.tearDown:57 NullPointer

com.iciql.test.ProductDaoTest.testQueryBeanBinding(com.iciql.test.ProductDaoTest)
  Run 1: ProductDaoTest.setUp:49 » Iciql Unsupported type [Z
  Run 2: ProductDaoTest.tearDown:57 NullPointer

com.iciql.test.ProductDaoTest.testQueryCollectionReturnType(com.iciql.test.ProductDaoTest)
  Run 1: ProductDaoTest.setUp:49 » Iciql Unsupported type [Z
  Run 2: ProductDaoTest.tearDown:57 NullPointer

com.iciql.test.ProductDaoTest.testQueryIgnoreDoubleDelimiter(com.iciql.test.ProductDaoTest)
  Run 1: ProductDaoTest.setUp:49 » Iciql Unsupported type [Z
  Run 2: ProductDaoTest.tearDown:57 NullPointer

com.iciql.test.ProductDaoTest.testQueryNamedOrIndexedParameterBinding(com.iciql.test.ProductDaoTest)
  Run 1: ProductDaoTest.setUp:49 » Iciql Unsupported type [Z
  Run 2: ProductDaoTest.tearDown:57 NullPointer

com.iciql.test.ProductDaoTest.testQueryReturnField(com.iciql.test.ProductDaoTest)
  Run 1: ProductDaoTest.setUp:49 » Iciql Unsupported type [Z
  Run 2: ProductDaoTest.tearDown:57 NullPointer

com.iciql.test.ProductDaoTest.testQueryReturnFields(com.iciql.test.ProductDaoTest)
  Run 1: ProductDaoTest.setUp:49 » Iciql Unsupported type [Z
  Run 2: ProductDaoTest.tearDown:57 NullPointer

com.iciql.test.ProductDaoTest.testQueryReturnModels(com.iciql.test.ProductDaoTest)
  Run 1: ProductDaoTest.setUp:49 » Iciql Unsupported type [Z
  Run 2: ProductDaoTest.tearDown:57 NullPointer

com.iciql.test.ProductDaoTest.testQueryVoidReturnType(com.iciql.test.ProductDaoTest)
  Run 1: ProductDaoTest.setUp:49 » Iciql Unsupported type [Z
  Run 2: ProductDaoTest.tearDown:57 NullPointer

com.iciql.test.ProductDaoTest.testQueryWithDataTypeAdapter(com.iciql.test.ProductDaoTest)
  Run 1: ProductDaoTest.setUp:49 » Iciql Unsupported type [Z
  Run 2: ProductDaoTest.tearDown:57 NullPointer

com.iciql.test.ProductDaoTest.testTestResourceQueryReturnModels(com.iciql.test.ProductDaoTest)
  Run 1: ProductDaoTest.setUp:49 » Iciql Unsupported type [Z
  Run 2: ProductDaoTest.tearDown:57 NullPointer

com.iciql.test.ProductDaoTest.testUpdateIllegalReturnType(com.iciql.test.ProductDaoTest)
  Run 1: ProductDaoTest.setUp:49 » Iciql Unsupported type [Z
  Run 2: ProductDaoTest.tearDown:57 NullPointer

com.iciql.test.ProductDaoTest.testUpdateStatements(com.iciql.test.ProductDaoTest)
  Run 1: ProductDaoTest.setUp:49 » Iciql Unsupported type [Z
  Run 2: ProductDaoTest.tearDown:57 NullPointer

com.iciql.test.ProductDaoTest.testUpdateStatementsReturnsCount(com.iciql.test.ProductDaoTest)
  Run 1: ProductDaoTest.setUp:49 » Iciql Unsupported type [Z
  Run 2: ProductDaoTest.tearDown:57 NullPointer

com.iciql.test.ProductDaoTest.testUpdateStatementsReturnsSuccess(com.iciql.test.ProductDaoTest)
  Run 1: ProductDaoTest.setUp:49 » Iciql Unsupported type [Z
  Run 2: ProductDaoTest.tearDown:57 NullPointer

com.iciql.test.ProductDaoTest.testUpdateWithDataTypeAdapter(com.iciql.test.ProductDaoTest)
  Run 1: ProductDaoTest.setUp:49 » Iciql Unsupported type [Z
  Run 2: ProductDaoTest.tearDown:57 NullPointer

  RuntimeQueryTest.testBuildObjects:187 » Iciql Unsupported type [Z
  RuntimeQueryTest.testExecuteQuery:163 » Iciql Unsupported type [Z
  RuntimeQueryTest.testParameters:43 » Iciql Unsupported type [Z
  RuntimeQueryTest.testRuntimeQuery:142 » Iciql Unsupported type [Z
  RuntimeQueryTest.testRuntimeSelectWildcards:102 » Iciql Unsupported type [Z
  RuntimeQueryTest.testRuntimeSet:87 » Iciql Unsupported type [Z
com.iciql.test.SamplesTest.testAnonymousTypes3(com.iciql.test.SamplesTest)
  Run 1: SamplesTest.setUp:59 » Iciql Unsupported type [Z
  Run 2: SamplesTest.tearDown:68 NullPointer

com.iciql.test.SamplesTest.testComplexObject(com.iciql.test.SamplesTest)
  Run 1: SamplesTest.setUp:59 » Iciql Unsupported type [Z
  Run 2: SamplesTest.tearDown:68 NullPointer

com.iciql.test.SamplesTest.testComplexObject2(com.iciql.test.SamplesTest)
  Run 1: SamplesTest.setUp:59 » Iciql Unsupported type [Z
  Run 2: SamplesTest.tearDown:68 NullPointer

com.iciql.test.SamplesTest.testCount(com.iciql.test.SamplesTest)
  Run 1: SamplesTest.setUp:59 » Iciql Unsupported type [Z
  Run 2: SamplesTest.tearDown:68 NullPointer

com.iciql.test.SamplesTest.testDelete(com.iciql.test.SamplesTest)
  Run 1: SamplesTest.setUp:59 » Iciql Unsupported type [Z
  Run 2: SamplesTest.tearDown:68 NullPointer

com.iciql.test.SamplesTest.testGroup(com.iciql.test.SamplesTest)
  Run 1: SamplesTest.setUp:59 » Iciql Unsupported type [Z
  Run 2: SamplesTest.tearDown:68 NullPointer

com.iciql.test.SamplesTest.testIsNull(com.iciql.test.SamplesTest)
  Run 1: SamplesTest.setUp:59 » Iciql Unsupported type [Z
  Run 2: SamplesTest.tearDown:68 NullPointer

com.iciql.test.SamplesTest.testKeyRetrieval(com.iciql.test.SamplesTest)
  Run 1: SamplesTest.setUp:59 » Iciql Unsupported type [Z
  Run 2: SamplesTest.tearDown:68 NullPointer

com.iciql.test.SamplesTest.testLength(com.iciql.test.SamplesTest)
  Run 1: SamplesTest.setUp:59 » Iciql Unsupported type [Z
  Run 2: SamplesTest.tearDown:68 NullPointer

com.iciql.test.SamplesTest.testLike(com.iciql.test.SamplesTest)
  Run 1: SamplesTest.setUp:59 » Iciql Unsupported type [Z
  Run 2: SamplesTest.tearDown:68 NullPointer

com.iciql.test.SamplesTest.testLimitOffset(com.iciql.test.SamplesTest)
  Run 1: SamplesTest.setUp:59 » Iciql Unsupported type [Z
  Run 2: SamplesTest.tearDown:68 NullPointer

com.iciql.test.SamplesTest.testMinMax(com.iciql.test.SamplesTest)
  Run 1: SamplesTest.setUp:59 » Iciql Unsupported type [Z
  Run 2: SamplesTest.tearDown:68 NullPointer

com.iciql.test.SamplesTest.testOrAndNot(com.iciql.test.SamplesTest)
  Run 1: SamplesTest.setUp:59 » Iciql Unsupported type [Z
  Run 2: SamplesTest.tearDown:68 NullPointer

com.iciql.test.SamplesTest.testReverseColumns(com.iciql.test.SamplesTest)
  Run 1: SamplesTest.setUp:59 » Iciql Unsupported type [Z
  Run 2: SamplesTest.tearDown:68 NullPointer

com.iciql.test.SamplesTest.testSelectManyCompoundFrom2(com.iciql.test.SamplesTest)
  Run 1: SamplesTest.setUp:59 » Iciql Unsupported type [Z
  Run 2: SamplesTest.tearDown:68 NullPointer

com.iciql.test.SamplesTest.testSelectSimple2(com.iciql.test.SamplesTest)
  Run 1: SamplesTest.setUp:59 » Iciql Unsupported type [Z
  Run 2: SamplesTest.tearDown:68 NullPointer

com.iciql.test.SamplesTest.testSum(com.iciql.test.SamplesTest)
  Run 1: SamplesTest.setUp:59 » Iciql Unsupported type [Z
  Run 2: SamplesTest.tearDown:68 NullPointer

com.iciql.test.SamplesTest.testWhereSimple2(com.iciql.test.SamplesTest)
  Run 1: SamplesTest.setUp:59 » Iciql Unsupported type [Z
  Run 2: SamplesTest.tearDown:68 NullPointer

com.iciql.test.SamplesTest.testWhereSimple3(com.iciql.test.SamplesTest)
  Run 1: SamplesTest.setUp:59 » Iciql Unsupported type [Z
  Run 2: SamplesTest.tearDown:68 NullPointer

com.iciql.test.SamplesTest.testWhereSimple4(com.iciql.test.SamplesTest)
  Run 1: SamplesTest.setUp:59 » Iciql Unsupported type [Z
  Run 2: SamplesTest.tearDown:68 NullPointer

com.iciql.test.TransactionTest.testTransaction(com.iciql.test.TransactionTest)
  Run 1: TransactionTest.setUp:44 » Iciql Unsupported type [Z
  Run 2: TransactionTest.tearDown:56->endTransactionMode:109 NullPointer

com.iciql.test.UUIDTest.testUUIDs(com.iciql.test.UUIDTest)
  Run 1: UUIDTest.setup:45 » Iciql Unsupported type [Z
  Run 2: UUIDTest.tearDown:50 NullPointer

com.iciql.test.UpdateTest.testSetColumns(com.iciql.test.UpdateTest)
  Run 1: UpdateTest.setUp:42 » Iciql Unsupported type [Z
  Run 2: UpdateTest.tearDown:50 NullPointer

com.iciql.test.UpdateTest.testSetNull(com.iciql.test.UpdateTest)
  Run 1: UpdateTest.setUp:42 » Iciql Unsupported type [Z
  Run 2: UpdateTest.tearDown:50 NullPointer

com.iciql.test.UpdateTest.testSimpleMerge(com.iciql.test.UpdateTest)
  Run 1: UpdateTest.setUp:42 » Iciql Unsupported type [Z
  Run 2: UpdateTest.tearDown:50 NullPointer

com.iciql.test.UpdateTest.testSimpleMergeWithCombinedPrimaryKey(com.iciql.test.UpdateTest)
  Run 1: UpdateTest.setUp:42 » Iciql Unsupported type [Z
  Run 2: UpdateTest.tearDown:50 NullPointer

com.iciql.test.UpdateTest.testSimpleUpdate(com.iciql.test.UpdateTest)
  Run 1: UpdateTest.setUp:42 » Iciql Unsupported type [Z
  Run 2: UpdateTest.tearDown:50 NullPointer

com.iciql.test.UpdateTest.testSimpleUpdateWithCombinedPrimaryKey(com.iciql.test.UpdateTest)
  Run 1: UpdateTest.setUp:42 » Iciql Unsupported type [Z
  Run 2: UpdateTest.tearDown:50 NullPointer

  UpgradesTest.testDatabaseInheritedUpgrade:76 » Iciql Unsupported type [Z
  UpgradesTest.testDatabaseUpgrade:39 » Iciql Unsupported type [Z
  UpgradesTest.testTableUpgrade:113 » Iciql Unsupported type [Z
com.iciql.test.ViewsTest.testComplexInheritance(com.iciql.test.ViewsTest)
  Run 1: ViewsTest.setUp:49 » Iciql Unsupported type [Z
  Run 2: ViewsTest.tearDown:55 NullPointer

com.iciql.test.ViewsTest.testCreateViewFromQuery(com.iciql.test.ViewsTest)
  Run 1: ViewsTest.setUp:49 » Iciql Unsupported type [Z
  Run 2: ViewsTest.tearDown:55 NullPointer

com.iciql.test.ViewsTest.testProductView(com.iciql.test.ViewsTest)
  Run 1: ViewsTest.setUp:49 » Iciql Unsupported type [Z
  Run 2: ViewsTest.tearDown:55 NullPointer

com.iciql.test.ViewsTest.testProductViewInherited(com.iciql.test.ViewsTest)
  Run 1: ViewsTest.setUp:49 » Iciql Unsupported type [Z
  Run 2: ViewsTest.tearDown:55 NullPointer


Tests run: 105, Failures: 0, Errors: 102, Skipped: 3

[ERROR] There are test failures.

Please refer to /tmp/tmpekatsj5s/iciql/target/surefire-reports for the individual test results.
[INFO] 
[INFO] --- jacoco-maven-plugin:0.8.5:report (report) @ iciql ---
[INFO] Loading execution data file /tmp/tmpekatsj5s/iciql/target/jacoco.exec
[INFO] Analyzed bundle 'Iciql' with 209 classes
[INFO] ------------------------------------------------------------------------
[INFO] BUILD SUCCESS
[INFO] ------------------------------------------------------------------------
[INFO] Total time:  10.077 s
[INFO] Finished at: 2020-07-30T22:06:13Z
[INFO] ------------------------------------------------------------------------
