[INFO] Error stacktraces are turned on.
[INFO] Scanning for projects...
[INFO] 
[INFO] --------------< com.emeraldsquad:sonar-shellcheck-plugin >--------------
[INFO] Building Shellcheck Plugin for SonarQube ${revision}
[INFO] ----------------------------[ sonar-plugin ]----------------------------
[INFO] 
[INFO] --- sonar-packaging-maven-plugin:1.18.0.372:check (default-check) @ sonar-shellcheck-plugin ---
[INFO] 
[INFO] --- jacoco-maven-plugin:0.8.5:prepare-agent (default) @ sonar-shellcheck-plugin ---
[INFO] argLine set to -javaagent:/home/jdbl/.m2/repository/org/jacoco/org.jacoco.agent/0.8.5/org.jacoco.agent-0.8.5-runtime.jar=destfile=/tmp/tmpr_nhrok2/sonar-shellcheck-plugin/target/jacoco.exec
[INFO] 
[INFO] --- replacer:1.5.3:replace (default) @ sonar-shellcheck-plugin ---
[INFO] Replacement run on 0 file.
[INFO] 
[INFO] --- markdown-page-generator-plugin:2.1.0:generate (default) @ sonar-shellcheck-plugin ---
[INFO] Pre-processing markdown files from input directory: /tmp/tmpr_nhrok2/sonar-shellcheck-plugin/target/doc/md
[INFO] There is no input folder for the project. Skipping.
[INFO] 
[INFO] --- maven-resources-plugin:3.1.0:resources (default-resources) @ sonar-shellcheck-plugin ---
[INFO] Using 'UTF-8' encoding to copy filtered resources.
[INFO] skip non existing resourceDirectory /tmp/tmpr_nhrok2/sonar-shellcheck-plugin/target/doc/html
[INFO] 
[INFO] --- maven-compiler-plugin:3.5.1:compile (default-compile) @ sonar-shellcheck-plugin ---
[INFO] Changes detected - recompiling the module!
[INFO] Compiling 11 source files to /tmp/tmpr_nhrok2/sonar-shellcheck-plugin/target/classes
[INFO] 
[INFO] --- native2ascii-maven-plugin:1.0-beta-1:native2ascii (default) @ sonar-shellcheck-plugin ---
[INFO] Includes: [**/*.properties]
[INFO] Excludes: []
[INFO] Processing /tmp/tmpr_nhrok2/sonar-shellcheck-plugin/target/classes/META-INF/maven/org.apache.commons/commons-lang3/pom.properties
[INFO] 
[INFO] --- maven-resources-plugin:3.1.0:testResources (default-testResources) @ sonar-shellcheck-plugin ---
[INFO] Using 'UTF-8' encoding to copy filtered resources.
[INFO] Copying 6 resources
[INFO] 
[INFO] --- maven-compiler-plugin:3.5.1:testCompile (default-testCompile) @ sonar-shellcheck-plugin ---
[INFO] Changes detected - recompiling the module!
[INFO] Compiling 10 source files to /tmp/tmpr_nhrok2/sonar-shellcheck-plugin/target/test-classes
[INFO] /tmp/tmpr_nhrok2/sonar-shellcheck-plugin/src/test/java/com/emeraldsquad/sonar/plugin/shellcheck/ShellCheckPluginTest.java: /tmp/tmpr_nhrok2/sonar-shellcheck-plugin/src/test/java/com/emeraldsquad/sonar/plugin/shellcheck/ShellCheckPluginTest.java uses unchecked or unsafe operations.
[INFO] /tmp/tmpr_nhrok2/sonar-shellcheck-plugin/src/test/java/com/emeraldsquad/sonar/plugin/shellcheck/ShellCheckPluginTest.java: Recompile with -Xlint:unchecked for details.
[INFO] 
[INFO] --- maven-surefire-plugin:2.19.1:test (default-test) @ sonar-shellcheck-plugin ---
[INFO] Surefire report directory: /tmp/tmpr_nhrok2/sonar-shellcheck-plugin/target/surefire-reports

-------------------------------------------------------
 T E S T S
-------------------------------------------------------
Running com.emeraldsquad.sonar.plugin.shellcheck.ShellCheckPluginTest
Tests run: 3, Failures: 0, Errors: 0, Skipped: 0, Time elapsed: 0.517 sec - in com.emeraldsquad.sonar.plugin.shellcheck.ShellCheckPluginTest
Running com.emeraldsquad.sonar.plugin.shellcheck.rules.BashRulesDefinitionTest
Tests run: 1, Failures: 0, Errors: 0, Skipped: 0, Time elapsed: 1.746 sec - in com.emeraldsquad.sonar.plugin.shellcheck.rules.BashRulesDefinitionTest
Running com.emeraldsquad.sonar.plugin.shellcheck.languages.BashQualityProfileTest
Tests run: 1, Failures: 0, Errors: 0, Skipped: 0, Time elapsed: 1.047 sec - in com.emeraldsquad.sonar.plugin.shellcheck.languages.BashQualityProfileTest
Running com.emeraldsquad.sonar.plugin.shellcheck.languages.BashLanguageTest
Tests run: 2, Failures: 0, Errors: 0, Skipped: 0, Time elapsed: 0.034 sec - in com.emeraldsquad.sonar.plugin.shellcheck.languages.BashLanguageTest
Running com.emeraldsquad.sonar.plugin.shellcheck.issues.BashIssuesLoaderSensorTest
INFO  Parsing file src/test/resources/sensor/allcases.json
INFO  Parsing 'Shellcheck' Analysis Results
INFO  Downloading file https://shellcheck.storage.googleapis.com/shellcheck-v0.7.0.linux.x86_64.tar.xz
INFO  Checking checksum
ERROR An error occured while analysing your script files
java.util.concurrent.RejectedExecutionException: The downloaded shellcheck binary does not match the expected sha512sum
	at com.emeraldsquad.sonar.plugin.shellcheck.issues.TaskRunnerFetcher.downloadExe(TaskRunnerFetcher.java:118)
	at com.emeraldsquad.sonar.plugin.shellcheck.issues.TaskRunnerFetcher.fetchReport(TaskRunnerFetcher.java:58)
	at com.emeraldsquad.sonar.plugin.shellcheck.issues.BashIssuesLoaderSensor.execute(BashIssuesLoaderSensor.java:93)
	at com.emeraldsquad.sonar.plugin.shellcheck.issues.BashIssuesLoaderSensorTest.should_run_and_analyse(BashIssuesLoaderSensorTest.java:76)
	at sun.reflect.NativeMethodAccessorImpl.invoke0(Native Method)
	at sun.reflect.NativeMethodAccessorImpl.invoke(NativeMethodAccessorImpl.java:62)
	at sun.reflect.DelegatingMethodAccessorImpl.invoke(DelegatingMethodAccessorImpl.java:43)
	at java.lang.reflect.Method.invoke(Method.java:498)
	at org.junit.runners.model.FrameworkMethod$1.runReflectiveCall(FrameworkMethod.java:50)
	at org.junit.internal.runners.model.ReflectiveCallable.run(ReflectiveCallable.java:12)
	at org.junit.runners.model.FrameworkMethod.invokeExplosively(FrameworkMethod.java:47)
	at org.junit.internal.runners.statements.InvokeMethod.evaluate(InvokeMethod.java:17)
	at org.junit.internal.runners.statements.RunBefores.evaluate(RunBefores.java:26)
	at org.junit.rules.ExternalResource$1.evaluate(ExternalResource.java:48)
	at org.junit.rules.ExpectedException$ExpectedExceptionStatement.evaluate(ExpectedException.java:239)
	at org.junit.rules.RunRules.evaluate(RunRules.java:20)
	at org.junit.runners.ParentRunner.runLeaf(ParentRunner.java:325)
	at org.junit.runners.BlockJUnit4ClassRunner.runChild(BlockJUnit4ClassRunner.java:78)
	at org.junit.runners.BlockJUnit4ClassRunner.runChild(BlockJUnit4ClassRunner.java:57)
	at org.junit.runners.ParentRunner$3.run(ParentRunner.java:290)
	at org.junit.runners.ParentRunner$1.schedule(ParentRunner.java:71)
	at org.junit.runners.ParentRunner.runChildren(ParentRunner.java:288)
	at org.junit.runners.ParentRunner.access$000(ParentRunner.java:58)
	at org.junit.runners.ParentRunner$2.evaluate(ParentRunner.java:268)
	at org.junit.runners.ParentRunner.run(ParentRunner.java:363)
	at org.apache.maven.surefire.junit4.JUnit4Provider.execute(JUnit4Provider.java:367)
	at org.apache.maven.surefire.junit4.JUnit4Provider.executeWithRerun(JUnit4Provider.java:274)
	at org.apache.maven.surefire.junit4.JUnit4Provider.executeTestSet(JUnit4Provider.java:238)
	at org.apache.maven.surefire.junit4.JUnit4Provider.invoke(JUnit4Provider.java:161)
	at org.apache.maven.surefire.booter.ForkedBooter.invokeProviderInSameClassLoader(ForkedBooter.java:290)
	at org.apache.maven.surefire.booter.ForkedBooter.runSuitesInProcess(ForkedBooter.java:242)
	at org.apache.maven.surefire.booter.ForkedBooter.main(ForkedBooter.java:121)
Tests run: 3, Failures: 1, Errors: 0, Skipped: 0, Time elapsed: 0.813 sec <<< FAILURE! - in com.emeraldsquad.sonar.plugin.shellcheck.issues.BashIssuesLoaderSensorTest
should_run_and_analyse(com.emeraldsquad.sonar.plugin.shellcheck.issues.BashIssuesLoaderSensorTest)  Time elapsed: 0.41 sec  <<< FAILURE!
org.junit.ComparisonFailure: expected:<[3]> but was:<[0]>
	at com.emeraldsquad.sonar.plugin.shellcheck.issues.BashIssuesLoaderSensorTest.should_run_and_analyse(BashIssuesLoaderSensorTest.java:77)

Running com.emeraldsquad.sonar.plugin.shellcheck.issues.OfflineFetcherTest
INFO  Parsing file src/test/resources/sensor/report.json
Tests run: 1, Failures: 0, Errors: 0, Skipped: 0, Time elapsed: 0.001 sec - in com.emeraldsquad.sonar.plugin.shellcheck.issues.OfflineFetcherTest
Running com.emeraldsquad.sonar.plugin.shellcheck.issues.TaskRunnerFetcherTest
INFO  Downloading file https://shellcheck.storage.googleapis.com/shellcheck-v0.7.0.linux.x86_64.tar.xz
INFO  Checking checksum
Tests run: 1, Failures: 0, Errors: 1, Skipped: 0, Time elapsed: 0.003 sec <<< FAILURE! - in com.emeraldsquad.sonar.plugin.shellcheck.issues.TaskRunnerFetcherTest
fetchAFile(com.emeraldsquad.sonar.plugin.shellcheck.issues.TaskRunnerFetcherTest)  Time elapsed: 0.003 sec  <<< ERROR!
java.util.concurrent.RejectedExecutionException: The downloaded shellcheck binary does not match the expected sha512sum
	at com.emeraldsquad.sonar.plugin.shellcheck.issues.TaskRunnerFetcherTest.fetchAFile(TaskRunnerFetcherTest.java:35)

Running com.emeraldsquad.sonar.plugin.shellcheck.settings.BashLanguagePropertiesTest
Tests run: 1, Failures: 0, Errors: 0, Skipped: 0, Time elapsed: 0 sec - in com.emeraldsquad.sonar.plugin.shellcheck.settings.BashLanguagePropertiesTest
Running com.emeraldsquad.sonar.plugin.shellcheck.measures.LineOfCodeSensorTest
Tests run: 2, Failures: 0, Errors: 0, Skipped: 0, Time elapsed: 0.032 sec - in com.emeraldsquad.sonar.plugin.shellcheck.measures.LineOfCodeSensorTest

Results :

Failed tests: 
  BashIssuesLoaderSensorTest.should_run_and_analyse:77 expected:<[3]> but was:<[0]>
Tests in error: 
  TaskRunnerFetcherTest.fetchAFile:35 Â» RejectedExecution The downloaded shellch...

Tests run: 15, Failures: 1, Errors: 1, Skipped: 0

[ERROR] There are test failures.

Please refer to /tmp/tmpr_nhrok2/sonar-shellcheck-plugin/target/surefire-reports for the individual test results.
[INFO] 
[INFO] --- jacoco-maven-plugin:0.8.5:report (report) @ sonar-shellcheck-plugin ---
[INFO] Loading execution data file /tmp/tmpr_nhrok2/sonar-shellcheck-plugin/target/jacoco.exec
[INFO] Analyzed bundle 'Shellcheck Plugin for SonarQube' with 259 classes
[WARNING] Classes in bundle 'Shellcheck Plugin for SonarQube' do no match with execution data. For report generation the same class files must be used as at runtime.
[WARNING] Execution data for class com/emeraldsquad/sonar/plugin/shellcheck/utils/ResourceList does not match.
[INFO] ------------------------------------------------------------------------
[INFO] BUILD SUCCESS
[INFO] ------------------------------------------------------------------------
[INFO] Total time:  20.785 s
[INFO] Finished at: 2020-07-30T23:10:38Z
[INFO] ------------------------------------------------------------------------
