[INFO] Error stacktraces are turned on.
[INFO] Scanning for projects...
[WARNING] 
[WARNING] Some problems were encountered while building the effective model for ibm.research.drl:hbcpIE:war:0.0.1-SNAPSHOT
[WARNING] 'dependencies.dependency.(groupId:artifactId:type:classifier)' must be unique: com.google.code.gson:gson:jar -> version 2.8.5 vs (?) @ line 226, column 17
[WARNING] 
[WARNING] It is highly recommended to fix these problems because they threaten the stability of your build.
[WARNING] 
[WARNING] For this reason, future Maven versions might no longer support building such malformed projects.
[WARNING] 
[INFO] 
[INFO] ----------------------< ibm.research.drl:hbcpIE >-----------------------
[INFO] Building hbcpIE 0.0.1-SNAPSHOT
[INFO] --------------------------------[ war ]---------------------------------
[WARNING] The POM for de.jungblut.common:thomasjungblut-common:jar:1.0 is invalid, transitive dependencies (if any) will not be available, enable debug logging for more details
[INFO] 
[INFO] --- jacoco-maven-plugin:0.8.5:prepare-agent (default) @ hbcpIE ---
[INFO] argLine set to -javaagent:/home/jdbl/.m2/repository/org/jacoco/org.jacoco.agent/0.8.5/org.jacoco.agent-0.8.5-runtime.jar=destfile=/tmp/tmpc0d_ctt1/Info-extract/target/jacoco.exec
[INFO] 
[INFO] --- maven-resources-plugin:3.1.0:resources (default-resources) @ hbcpIE ---
[INFO] Using 'UTF-8' encoding to copy filtered resources.
[INFO] Copying 2 resources
[INFO] Copying 177 resources
[INFO] 
[INFO] --- maven-compiler-plugin:3.1:compile (default-compile) @ hbcpIE ---
[INFO] Changes detected - recompiling the module!
[INFO] Compiling 370 source files to /tmp/tmpc0d_ctt1/Info-extract/target/classes
[WARNING] /tmp/tmpc0d_ctt1/Info-extract/src/main/java/com/ibm/drl/hbcp/extraction/indexing/IndexManager.java: Some input files use or override a deprecated API.
[WARNING] /tmp/tmpc0d_ctt1/Info-extract/src/main/java/com/ibm/drl/hbcp/extraction/indexing/IndexManager.java: Recompile with -Xlint:deprecation for details.
[WARNING] /tmp/tmpc0d_ctt1/Info-extract/src/main/java/com/ibm/drl/hbcp/parser/pdf/grobid/NLPLeaderboardTable.java: Some input files use unchecked or unsafe operations.
[WARNING] /tmp/tmpc0d_ctt1/Info-extract/src/main/java/com/ibm/drl/hbcp/parser/pdf/grobid/NLPLeaderboardTable.java: Recompile with -Xlint:unchecked for details.
[INFO] 
[INFO] --- maven-resources-plugin:3.1.0:testResources (default-testResources) @ hbcpIE ---
[INFO] Using 'UTF-8' encoding to copy filtered resources.
[INFO] skip non existing resourceDirectory /tmp/tmpc0d_ctt1/Info-extract/src/test/resources
[INFO] 
[INFO] --- maven-compiler-plugin:3.1:testCompile (default-testCompile) @ hbcpIE ---
[INFO] Changes detected - recompiling the module!
[INFO] Compiling 23 source files to /tmp/tmpc0d_ctt1/Info-extract/target/test-classes
[INFO] 
[INFO] --- maven-surefire-plugin:2.19.1:test (default-test) @ hbcpIE ---
[INFO] Surefire report directory: /tmp/tmpc0d_ctt1/Info-extract/target/surefire-reports

-------------------------------------------------------
 T E S T S
-------------------------------------------------------
Running com.ibm.drl.hbcp.core.attributes.collection.AttributeValueCollectionTest
Tests run: 4, Failures: 0, Errors: 0, Skipped: 0, Time elapsed: 0.43 sec - in com.ibm.drl.hbcp.core.attributes.collection.AttributeValueCollectionTest
Running com.ibm.drl.hbcp.extractor.InformationExtractorTest
Creating index before IE
SLF4J: Class path contains multiple SLF4J bindings.
SLF4J: Found binding in [jar:file:/home/jdbl/.m2/repository/org/apache/tika/tika-app/1.22/tika-app-1.22.jar!/org/slf4j/impl/StaticLoggerBinder.class]
SLF4J: Found binding in [jar:file:/home/jdbl/.m2/repository/org/slf4j/slf4j-log4j12/1.7.25/slf4j-log4j12-1.7.25.jar!/org/slf4j/impl/StaticLoggerBinder.class]
SLF4J: Found binding in [jar:file:/home/jdbl/.m2/repository/org/slf4j/slf4j-jdk14/1.7.25/slf4j-jdk14-1.7.25.jar!/org/slf4j/impl/StaticLoggerBinder.class]
SLF4J: See http://www.slf4j.org/codes.html#multiple_bindings for an explanation.
SLF4J: Actual binding is of type [org.slf4j.impl.Log4jLoggerFactory]
Indexing file: Ames 2014.pdf
Jul 30, 2020 9:57:47 PM org.apache.tika.config.InitializableProblemHandler$3 handleInitializableProblem
WARNING: J2KImageReader not loaded. JPEG2000 files will not be processed.
See https://pdfbox.apache.org/2.0/dependencies.html#jai-image-io
for optional dependencies.

Jul 30, 2020 9:57:47 PM org.apache.tika.config.InitializableProblemHandler$3 handleInitializableProblem
WARNING: org.xerial's sqlite-jdbc is not loaded.
Please provide the jar on your classpath to parse sqlite files.
See tika-parsers/pom.xml for the correct version.
testScoreNormalization
testExtractBCT
Similarity of best matching passage: 0.40543902
testExtractMinAge
Running test for InformationExtractor.extractInformation()
loadGroundTruth
buildParaIndex
Tests run: 6, Failures: 0, Errors: 0, Skipped: 0, Time elapsed: 15.906 sec - in com.ibm.drl.hbcp.extractor.InformationExtractorTest
Running com.ibm.drl.hbcp.extractor.AbstractPercentageDoubleValueAttributesFactoryTest
Creating index before IE
Indexing file: Ames 2014.pdf
Testing construction of TypeDetectAttribute objects
Tests run: 1, Failures: 0, Errors: 0, Skipped: 0, Time elapsed: 1.994 sec - in com.ibm.drl.hbcp.extractor.AbstractPercentageDoubleValueAttributesFactoryTest
Running com.ibm.drl.hbcp.extractor.AbstractDetectPresenceAttributesFactoryTest
Creating index before IE
Indexing file: Ames 2014.pdf
Testing construction of TypeDetectAttribute objects
Tests run: 1, Failures: 0, Errors: 0, Skipped: 0, Time elapsed: 4.559 sec - in com.ibm.drl.hbcp.extractor.AbstractDetectPresenceAttributesFactoryTest
Running com.ibm.drl.hbcp.predictor.queries.NodeQueryTest
Starting training using input graph.
300000
Unigram table initialized...
Iteration 0 done...
Iteration 1 done...
Iteration 2 done...
Iteration 3 done...
Iteration 4 done...
Loading word vecs
Loaded word vecs
No NN file to load NN data!
Tests run: 3, Failures: 0, Errors: 0, Skipped: 0, Time elapsed: 0.895 sec - in com.ibm.drl.hbcp.predictor.queries.NodeQueryTest
Running com.ibm.drl.hbcp.predictor.queries.AndQueryTest
Loading word vecs
Loaded word vecs
No NN file to load NN data!
Tests run: 1, Failures: 0, Errors: 0, Skipped: 0, Time elapsed: 0.183 sec - in com.ibm.drl.hbcp.predictor.queries.AndQueryTest
Running com.ibm.drl.hbcp.predictor.Node2VecConsistencyTest
Starting training using input graph.
300000
Unigram table initialized...
Iteration 0 done...
Iteration 1 done...
Iteration 2 done...
Iteration 3 done...
Iteration 4 done...
Iteration 5 done...
Iteration 6 done...
Iteration 7 done...
Iteration 8 done...
Iteration 9 done...
Iteration 10 done...
Iteration 11 done...
Iteration 12 done...
Iteration 13 done...
Iteration 14 done...
Iteration 15 done...
Iteration 16 done...
Iteration 17 done...
Iteration 18 done...
Iteration 19 done...
Iteration 20 done...
Iteration 21 done...
Iteration 22 done...
Iteration 23 done...
Iteration 24 done...
Iteration 25 done...
Iteration 26 done...
Iteration 27 done...
Iteration 28 done...
Iteration 29 done...
Iteration 30 done...
Iteration 31 done...
Iteration 32 done...
Iteration 33 done...
Iteration 34 done...
Iteration 35 done...
Iteration 36 done...
Iteration 37 done...
Iteration 38 done...
Iteration 39 done...
Iteration 40 done...
Iteration 41 done...
Iteration 42 done...
Iteration 43 done...
Iteration 44 done...
Iteration 45 done...
Iteration 46 done...
Iteration 47 done...
Iteration 48 done...
Iteration 49 done...
Loading word vecs
Loaded word vecs
No NN file to load NN data!
Tests run: 1, Failures: 0, Errors: 0, Skipped: 0, Time elapsed: 1.692 sec - in com.ibm.drl.hbcp.predictor.Node2VecConsistencyTest
Running com.ibm.drl.hbcp.predictor.Node2VecPortTest
Starting training using input graph.
300000
Tests run: 1, Failures: 0, Errors: 1, Skipped: 0, Time elapsed: 6.762 sec <<< FAILURE! - in com.ibm.drl.hbcp.predictor.Node2VecPortTest
com.ibm.drl.hbcp.predictor.Node2VecPortTest  Time elapsed: 6.761 sec  <<< ERROR!
java.lang.OutOfMemoryError: Java heap space
	at com.ibm.drl.hbcp.predictor.Node2VecPortTest.setUpClass(Node2VecPortTest.java:78)

Running com.ibm.drl.hbcp.predictor.WorkflowTest
Jul 30, 2020 9:58:27 PM com.github.fommil.netlib.ARPACK <clinit>
WARNING: Failed to load implementation from: com.github.fommil.netlib.NativeSystemARPACK
Jul 30, 2020 9:58:27 PM com.github.fommil.netlib.ARPACK <clinit>
WARNING: Failed to load implementation from: com.github.fommil.netlib.NativeRefARPACK
Number of results: 171
RMSE: 11.647665233996639
MAE: 8.681417203549287
Loose Classification Accuracy: 0.11695906432748537
Tests run: 1, Failures: 0, Errors: 0, Skipped: 0, Time elapsed: 12.84 sec - in com.ibm.drl.hbcp.predictor.WorkflowTest
Running com.ibm.drl.hbcp.predictor.regression.AbstractPredictorTest
Tests run: 1, Failures: 0, Errors: 0, Skipped: 0, Time elapsed: 0 sec - in com.ibm.drl.hbcp.predictor.regression.AbstractPredictorTest
Running com.ibm.drl.hbcp.predictor.nodes.AttributeValueNodeTest
Tests run: 1, Failures: 0, Errors: 0, Skipped: 0, Time elapsed: 0 sec - in com.ibm.drl.hbcp.predictor.nodes.AttributeValueNodeTest
Running com.ibm.drl.hbcp.predictor.nodes.normalization.NumericNormalizerTest
Tests run: 1, Failures: 0, Errors: 0, Skipped: 0, Time elapsed: 0 sec - in com.ibm.drl.hbcp.predictor.nodes.normalization.NumericNormalizerTest
Running com.ibm.drl.hbcp.predictor.nodes.normalization.MixedGenderNormalizerTest
Tests run: 1, Failures: 0, Errors: 0, Skipped: 0, Time elapsed: 0.006 sec - in com.ibm.drl.hbcp.predictor.nodes.normalization.MixedGenderNormalizerTest
Running com.ibm.drl.hbcp.predictor.nodes.normalization.TextValueNormalizerTest
Tests run: 1, Failures: 0, Errors: 0, Skipped: 0, Time elapsed: 0.001 sec - in com.ibm.drl.hbcp.predictor.nodes.normalization.TextValueNormalizerTest
Running com.ibm.drl.hbcp.predictor.nodes.normalization.NormalizersTest
Tests run: 1, Failures: 0, Errors: 0, Skipped: 0, Time elapsed: 0 sec - in com.ibm.drl.hbcp.predictor.nodes.normalization.NormalizersTest
Running com.ibm.drl.hbcp.predictor.graph.RelationGraphBuilderTest
Tests run: 2, Failures: 0, Errors: 0, Skipped: 0, Time elapsed: 0.044 sec - in com.ibm.drl.hbcp.predictor.graph.RelationGraphBuilderTest
Running com.ibm.drl.hbcp.predictor.graph.GraphCoarsenerTest
Tests run: 1, Failures: 0, Errors: 0, Skipped: 0, Time elapsed: 0.017 sec - in com.ibm.drl.hbcp.predictor.graph.GraphCoarsenerTest
Running com.ibm.drl.hbcp.parser.JSONRefParserTest
Tests run: 6, Failures: 0, Errors: 0, Skipped: 0, Time elapsed: 0.039 sec - in com.ibm.drl.hbcp.parser.JSONRefParserTest
Running com.ibm.drl.hbcp.parser.OldJSONRefParserTest
Testing loading of reference values...
Testing convert codeset1 to codeset 2...
Testing loading of codesets
Tests run: 3, Failures: 0, Errors: 0, Skipped: 0, Time elapsed: 15.16 sec - in com.ibm.drl.hbcp.parser.OldJSONRefParserTest
Running com.ibm.drl.hbcp.inforetrieval.indexer.PaperIndexerTest
Indexing file: Ames 2014.pdf
Tests run: 1, Failures: 0, Errors: 0, Skipped: 0, Time elapsed: 1.119 sec - in com.ibm.drl.hbcp.inforetrieval.indexer.PaperIndexerTest
Running com.ibm.drl.hbcp.inforetrieval.indexer.ExtractedInfoIndexerTest
Creating index before IE
Indexing file: Ames 2014.pdf
Testing saving of extracted information
Tests run: 1, Failures: 0, Errors: 0, Skipped: 0, Time elapsed: 2.39 sec - in com.ibm.drl.hbcp.inforetrieval.indexer.ExtractedInfoIndexerTest
Running com.ibm.drl.hbcp.inforetrieval.indexer.PassageRetrieverTest
Creating index before IE
Indexing file: Ames 2014.pdf
Testing analyze() of PassageRetriever...
Testing retrieve() of PassageRetriever...
Tests run: 2, Failures: 0, Errors: 0, Skipped: 0, Time elapsed: 1.147 sec - in com.ibm.drl.hbcp.inforetrieval.indexer.PassageRetrieverTest
Running com.ibm.drl.hbcp.inforetrieval.indexer.ExtractedInfoRetrieverTest
Creating index before IE
Indexing file: Ames 2014.pdf
Inserting into IE index
Testing loading of per-document records from IE index
Testing loading of per-document records from IE index
Tests run: 2, Failures: 0, Errors: 0, Skipped: 0, Time elapsed: 1.992 sec - in com.ibm.drl.hbcp.inforetrieval.indexer.ExtractedInfoRetrieverTest

Results :

Tests in error: 
  Node2VecPortTest.setUpClass:78 Â» OutOfMemory Java heap space

Tests run: 43, Failures: 0, Errors: 1, Skipped: 0

[ERROR] There are test failures.

Please refer to /tmp/tmpc0d_ctt1/Info-extract/target/surefire-reports for the individual test results.
[INFO] 
[INFO] --- jacoco-maven-plugin:0.8.5:report (report) @ hbcpIE ---
[INFO] Loading execution data file /tmp/tmpc0d_ctt1/Info-extract/target/jacoco.exec
[INFO] Analyzed bundle 'hbcpIE' with 702 classes
[INFO] ------------------------------------------------------------------------
[INFO] BUILD SUCCESS
[INFO] ------------------------------------------------------------------------
[INFO] Total time:  05:10 min
[INFO] Finished at: 2020-07-30T21:58:55Z
[INFO] ------------------------------------------------------------------------
