<?xml version="1.0" encoding="UTF-8"?>
<testsuite xmlns:xsi="http://www.w3.org/2001/XMLSchema-instance" xsi:schemaLocation="https://maven.apache.org/surefire/maven-surefire-plugin/xsd/surefire-test-report.xsd" name="emissary.core.BaseDataObjectTest" time="0.024" tests="95" errors="0" skipped="0" failures="95">
  <properties>
    <property name="java.runtime.name" value="OpenJDK Runtime Environment"/>
    <property name="sun.boot.library.path" value="/usr/local/openjdk-8/jre/lib/amd64"/>
    <property name="java.vm.version" value="25.262-b10"/>
    <property name="animal.sniffer.skip" value="true"/>
    <property name="java.vm.vendor" value="Oracle Corporation"/>
    <property name="maven.multiModuleProjectDirectory" value="/tmp/tmpxu7eej5y/emissary"/>
    <property name="maven.javadoc.skip" value="true"/>
    <property name="java.vendor.url" value="http://java.oracle.com/"/>
    <property name="path.separator" value=":"/>
    <property name="guice.disable.misplaced.annotation.check" value="true"/>
    <property name="java.vm.name" value="OpenJDK 64-Bit Server VM"/>
    <property name="file.encoding.pkg" value="sun.io"/>
    <property name="sun.java.launcher" value="SUN_STANDARD"/>
    <property name="sun.os.patch.level" value="unknown"/>
    <property name="source.skip" value="true"/>
    <property name="java.vm.specification.name" value="Java Virtual Machine Specification"/>
    <property name="user.dir" value="/tmp/tmpxu7eej5y/emissary"/>
    <property name="java.runtime.version" value="1.8.0_262-b10"/>
    <property name="java.awt.graphicsenv" value="sun.awt.X11GraphicsEnvironment"/>
    <property name="java.endorsed.dirs" value="/usr/local/openjdk-8/jre/lib/endorsed"/>
    <property name="os.arch" value="amd64"/>
    <property name="java.io.tmpdir" value="/tmp"/>
    <property name="line.separator" value="&#10;"/>
    <property name="java.vm.specification.vendor" value="Oracle Corporation"/>
    <property name="os.name" value="Linux"/>
    <property name="classworlds.conf" value="/usr/share/maven/bin/m2.conf"/>
    <property name="sun.jnu.encoding" value="UTF-8"/>
    <property name="java.library.path" value="/usr/java/packages/lib/amd64:/usr/lib64:/lib64:/lib:/usr/lib"/>
    <property name="license.skip" value="true"/>
    <property name="maven.conf" value="/usr/share/maven/conf"/>
    <property name="java.specification.name" value="Java Platform API Specification"/>
    <property name="java.class.version" value="52.0"/>
    <property name="sun.management.compiler" value="HotSpot 64-Bit Tiered Compilers"/>
    <property name="maven.test.failure.ignore" value="true"/>
    <property name="os.version" value="4.15.0-109-generic"/>
    <property name="library.jansi.path" value="/usr/share/maven/lib/jansi-native"/>
    <property name="user.home" value="/home/jdbl"/>
    <property name="user.timezone" value="Etc/UTC"/>
    <property name="java.awt.printerjob" value="sun.print.PSPrinterJob"/>
    <property name="java.specification.version" value="1.8"/>
    <property name="file.encoding" value="UTF-8"/>
    <property name="user.name" value="jdbl"/>
    <property name="java.class.path" value="/usr/share/maven/boot/plexus-classworlds-2.6.0.jar"/>
    <property name="java.vm.specification.version" value="1.8"/>
    <property name="sun.arch.data.model" value="64"/>
    <property name="java.home" value="/usr/local/openjdk-8/jre"/>
    <property name="sun.java.command" value="org.codehaus.plexus.classworlds.launcher.Launcher test -e --fail-never -ntp -Dmaven.test.failure.ignore=true -B -Dmaven.javadoc.skip=true -Drat.skip=true -Danimal.sniffer.skip=true -Dmaven.javadoc.skip=true -Dlicense.skip=true -Dsource.skip=true"/>
    <property name="java.specification.vendor" value="Oracle Corporation"/>
    <property name="user.language" value="en"/>
    <property name="awt.toolkit" value="sun.awt.X11.XToolkit"/>
    <property name="java.vm.info" value="mixed mode"/>
    <property name="java.version" value="1.8.0_262"/>
    <property name="java.ext.dirs" value="/usr/local/openjdk-8/jre/lib/ext:/usr/java/packages/lib/ext"/>
    <property name="securerandom.source" value="file:/dev/./urandom"/>
    <property name="sun.boot.class.path" value="/usr/local/openjdk-8/jre/lib/resources.jar:/usr/local/openjdk-8/jre/lib/rt.jar:/usr/local/openjdk-8/jre/lib/sunrsasign.jar:/usr/local/openjdk-8/jre/lib/jsse.jar:/usr/local/openjdk-8/jre/lib/jce.jar:/usr/local/openjdk-8/jre/lib/charsets.jar:/usr/local/openjdk-8/jre/lib/jfr.jar:/usr/local/openjdk-8/jre/classes"/>
    <property name="java.vendor" value="Oracle Corporation"/>
    <property name="rat.skip" value="true"/>
    <property name="maven.home" value="/usr/share/maven"/>
    <property name="file.separator" value="/"/>
    <property name="java.vendor.url.bug" value="http://bugreport.sun.com/bugreport/"/>
    <property name="sun.cpu.endian" value="little"/>
    <property name="sun.io.unicode.encoding" value="UnicodeLittle"/>
    <property name="sun.cpu.isalist" value=""/>
  </properties>
  <testcase name="testAppendParameter" classname="emissary.core.BaseDataObjectTest" time="0">
    <failure message="PROJECT_BASE is not set" type="java.lang.AssertionError"><![CDATA[java.lang.AssertionError: PROJECT_BASE is not set
	at emissary.core.BaseDataObjectTest.<init>(BaseDataObjectTest.java:37)
]]></failure>
  </testcase>
  <testcase name="testDeleteFormFromBottom" classname="emissary.core.BaseDataObjectTest" time="0.001">
    <failure message="PROJECT_BASE is not set" type="java.lang.AssertionError"><![CDATA[java.lang.AssertionError: PROJECT_BASE is not set
	at emissary.core.BaseDataObjectTest.<init>(BaseDataObjectTest.java:37)
]]></failure>
  </testcase>
  <testcase name="testNullDataLength" classname="emissary.core.BaseDataObjectTest" time="0">
    <failure message="PROJECT_BASE is not set" type="java.lang.AssertionError"><![CDATA[java.lang.AssertionError: PROJECT_BASE is not set
	at emissary.core.BaseDataObjectTest.<init>(BaseDataObjectTest.java:37)
]]></failure>
  </testcase>
  <testcase name="testNonExistentAltViewBuffer" classname="emissary.core.BaseDataObjectTest" time="0">
    <failure message="PROJECT_BASE is not set" type="java.lang.AssertionError"><![CDATA[java.lang.AssertionError: PROJECT_BASE is not set
	at emissary.core.BaseDataObjectTest.<init>(BaseDataObjectTest.java:37)
]]></failure>
  </testcase>
  <testcase name="testSetCurrentFormEmpty" classname="emissary.core.BaseDataObjectTest" time="0">
    <failure message="PROJECT_BASE is not set" type="java.lang.AssertionError"><![CDATA[java.lang.AssertionError: PROJECT_BASE is not set
	at emissary.core.BaseDataObjectTest.<init>(BaseDataObjectTest.java:37)
]]></failure>
  </testcase>
  <testcase name="testDefaultConstructor_setDateTime" classname="emissary.core.BaseDataObjectTest" time="0">
    <failure message="PROJECT_BASE is not set" type="java.lang.AssertionError"><![CDATA[java.lang.AssertionError: PROJECT_BASE is not set
	at emissary.core.BaseDataObjectTest.<init>(BaseDataObjectTest.java:37)
]]></failure>
  </testcase>
  <testcase name="testBeforeStart" classname="emissary.core.BaseDataObjectTest" time="0">
    <failure message="PROJECT_BASE is not set" type="java.lang.AssertionError"><![CDATA[java.lang.AssertionError: PROJECT_BASE is not set
	at emissary.core.BaseDataObjectTest.<init>(BaseDataObjectTest.java:37)
]]></failure>
  </testcase>
  <testcase name="testStringParameterOnNonStringValue" classname="emissary.core.BaseDataObjectTest" time="0">
    <failure message="PROJECT_BASE is not set" type="java.lang.AssertionError"><![CDATA[java.lang.AssertionError: PROJECT_BASE is not set
	at emissary.core.BaseDataObjectTest.<init>(BaseDataObjectTest.java:37)
]]></failure>
  </testcase>
  <testcase name="testDeleteFormFromMiddle" classname="emissary.core.BaseDataObjectTest" time="0">
    <failure message="PROJECT_BASE is not set" type="java.lang.AssertionError"><![CDATA[java.lang.AssertionError: PROJECT_BASE is not set
	at emissary.core.BaseDataObjectTest.<init>(BaseDataObjectTest.java:37)
]]></failure>
  </testcase>
  <testcase name="testPullToTopFromBottom" classname="emissary.core.BaseDataObjectTest" time="0">
    <failure message="PROJECT_BASE is not set" type="java.lang.AssertionError"><![CDATA[java.lang.AssertionError: PROJECT_BASE is not set
	at emissary.core.BaseDataObjectTest.<init>(BaseDataObjectTest.java:37)
]]></failure>
  </testcase>
  <testcase name="testAltViews" classname="emissary.core.BaseDataObjectTest" time="0">
    <failure message="PROJECT_BASE is not set" type="java.lang.AssertionError"><![CDATA[java.lang.AssertionError: PROJECT_BASE is not set
	at emissary.core.BaseDataObjectTest.<init>(BaseDataObjectTest.java:37)
]]></failure>
  </testcase>
  <testcase name="testWhereAmI" classname="emissary.core.BaseDataObjectTest" time="0">
    <failure message="PROJECT_BASE is not set" type="java.lang.AssertionError"><![CDATA[java.lang.AssertionError: PROJECT_BASE is not set
	at emissary.core.BaseDataObjectTest.<init>(BaseDataObjectTest.java:37)
]]></failure>
  </testcase>
  <testcase name="testPullToTopFromTop" classname="emissary.core.BaseDataObjectTest" time="0">
    <failure message="PROJECT_BASE is not set" type="java.lang.AssertionError"><![CDATA[java.lang.AssertionError: PROJECT_BASE is not set
	at emissary.core.BaseDataObjectTest.<init>(BaseDataObjectTest.java:37)
]]></failure>
  </testcase>
  <testcase name="testNumSiblings" classname="emissary.core.BaseDataObjectTest" time="0">
    <failure message="PROJECT_BASE is not set" type="java.lang.AssertionError"><![CDATA[java.lang.AssertionError: PROJECT_BASE is not set
	at emissary.core.BaseDataObjectTest.<init>(BaseDataObjectTest.java:37)
]]></failure>
  </testcase>
  <testcase name="testHistoryInToString" classname="emissary.core.BaseDataObjectTest" time="0">
    <failure message="PROJECT_BASE is not set" type="java.lang.AssertionError"><![CDATA[java.lang.AssertionError: PROJECT_BASE is not set
	at emissary.core.BaseDataObjectTest.<init>(BaseDataObjectTest.java:37)
]]></failure>
  </testcase>
  <testcase name="testSetParameters" classname="emissary.core.BaseDataObjectTest" time="0.001">
    <failure message="PROJECT_BASE is not set" type="java.lang.AssertionError"><![CDATA[java.lang.AssertionError: PROJECT_BASE is not set
	at emissary.core.BaseDataObjectTest.<init>(BaseDataObjectTest.java:37)
]]></failure>
  </testcase>
  <testcase name="testShortName" classname="emissary.core.BaseDataObjectTest" time="0">
    <failure message="PROJECT_BASE is not set" type="java.lang.AssertionError"><![CDATA[java.lang.AssertionError: PROJECT_BASE is not set
	at emissary.core.BaseDataObjectTest.<init>(BaseDataObjectTest.java:37)
]]></failure>
  </testcase>
  <testcase name="testPullToTopFromMiddle" classname="emissary.core.BaseDataObjectTest" time="0">
    <failure message="PROJECT_BASE is not set" type="java.lang.AssertionError"><![CDATA[java.lang.AssertionError: PROJECT_BASE is not set
	at emissary.core.BaseDataObjectTest.<init>(BaseDataObjectTest.java:37)
]]></failure>
  </testcase>
  <testcase name="testNullDataSlice" classname="emissary.core.BaseDataObjectTest" time="0">
    <failure message="PROJECT_BASE is not set" type="java.lang.AssertionError"><![CDATA[java.lang.AssertionError: PROJECT_BASE is not set
	at emissary.core.BaseDataObjectTest.<init>(BaseDataObjectTest.java:37)
]]></failure>
  </testcase>
  <testcase name="testAlternateViewCount" classname="emissary.core.BaseDataObjectTest" time="0">
    <failure message="PROJECT_BASE is not set" type="java.lang.AssertionError"><![CDATA[java.lang.AssertionError: PROJECT_BASE is not set
	at emissary.core.BaseDataObjectTest.<init>(BaseDataObjectTest.java:37)
]]></failure>
  </testcase>
  <testcase name="testBadSearchCurrentForm" classname="emissary.core.BaseDataObjectTest" time="0.001">
    <failure message="PROJECT_BASE is not set" type="java.lang.AssertionError"><![CDATA[java.lang.AssertionError: PROJECT_BASE is not set
	at emissary.core.BaseDataObjectTest.<init>(BaseDataObjectTest.java:37)
]]></failure>
  </testcase>
  <testcase name="testSetOfAltViewNames" classname="emissary.core.BaseDataObjectTest" time="0">
    <failure message="PROJECT_BASE is not set" type="java.lang.AssertionError"><![CDATA[java.lang.AssertionError: PROJECT_BASE is not set
	at emissary.core.BaseDataObjectTest.<init>(BaseDataObjectTest.java:37)
]]></failure>
  </testcase>
  <testcase name="testClone" classname="emissary.core.BaseDataObjectTest" time="0">
    <failure message="PROJECT_BASE is not set" type="java.lang.AssertionError"><![CDATA[java.lang.AssertionError: PROJECT_BASE is not set
	at emissary.core.BaseDataObjectTest.<init>(BaseDataObjectTest.java:37)
]]></failure>
  </testcase>
  <testcase name="testNullData" classname="emissary.core.BaseDataObjectTest" time="0">
    <failure message="PROJECT_BASE is not set" type="java.lang.AssertionError"><![CDATA[java.lang.AssertionError: PROJECT_BASE is not set
	at emissary.core.BaseDataObjectTest.<init>(BaseDataObjectTest.java:37)
]]></failure>
  </testcase>
  <testcase name="testAltViewRemapping" classname="emissary.core.BaseDataObjectTest" time="0">
    <failure message="PROJECT_BASE is not set" type="java.lang.AssertionError"><![CDATA[java.lang.AssertionError: PROJECT_BASE is not set
	at emissary.core.BaseDataObjectTest.<init>(BaseDataObjectTest.java:37)
]]></failure>
  </testcase>
  <testcase name="testPrintMeta" classname="emissary.core.BaseDataObjectTest" time="0">
    <failure message="PROJECT_BASE is not set" type="java.lang.AssertionError"><![CDATA[java.lang.AssertionError: PROJECT_BASE is not set
	at emissary.core.BaseDataObjectTest.<init>(BaseDataObjectTest.java:37)
]]></failure>
  </testcase>
  <testcase name="testGetAllForms" classname="emissary.core.BaseDataObjectTest" time="0">
    <failure message="PROJECT_BASE is not set" type="java.lang.AssertionError"><![CDATA[java.lang.AssertionError: PROJECT_BASE is not set
	at emissary.core.BaseDataObjectTest.<init>(BaseDataObjectTest.java:37)
]]></failure>
  </testcase>
  <testcase name="testAltViewSlice" classname="emissary.core.BaseDataObjectTest" time="0">
    <failure message="PROJECT_BASE is not set" type="java.lang.AssertionError"><![CDATA[java.lang.AssertionError: PROJECT_BASE is not set
	at emissary.core.BaseDataObjectTest.<init>(BaseDataObjectTest.java:37)
]]></failure>
  </testcase>
  <testcase name="testAppendAltViewOnEmpty" classname="emissary.core.BaseDataObjectTest" time="0">
    <failure message="PROJECT_BASE is not set" type="java.lang.AssertionError"><![CDATA[java.lang.AssertionError: PROJECT_BASE is not set
	at emissary.core.BaseDataObjectTest.<init>(BaseDataObjectTest.java:37)
]]></failure>
  </testcase>
  <testcase name="testAppendAltViewSliceOnEmpty" classname="emissary.core.BaseDataObjectTest" time="0">
    <failure message="PROJECT_BASE is not set" type="java.lang.AssertionError"><![CDATA[java.lang.AssertionError: PROJECT_BASE is not set
	at emissary.core.BaseDataObjectTest.<init>(BaseDataObjectTest.java:37)
]]></failure>
  </testcase>
  <testcase name="testConstructors" classname="emissary.core.BaseDataObjectTest" time="0">
    <failure message="PROJECT_BASE is not set" type="java.lang.AssertionError"><![CDATA[java.lang.AssertionError: PROJECT_BASE is not set
	at emissary.core.BaseDataObjectTest.<init>(BaseDataObjectTest.java:37)
]]></failure>
  </testcase>
  <testcase name="testExtractedRecordClone" classname="emissary.core.BaseDataObjectTest" time="0">
    <failure message="PROJECT_BASE is not set" type="java.lang.AssertionError"><![CDATA[java.lang.AssertionError: PROJECT_BASE is not set
	at emissary.core.BaseDataObjectTest.<init>(BaseDataObjectTest.java:37)
]]></failure>
  </testcase>
  <testcase name="testDefaultConstructor_getSetDateTime" classname="emissary.core.BaseDataObjectTest" time="0">
    <failure message="PROJECT_BASE is not set" type="java.lang.AssertionError"><![CDATA[java.lang.AssertionError: PROJECT_BASE is not set
	at emissary.core.BaseDataObjectTest.<init>(BaseDataObjectTest.java:37)
]]></failure>
  </testcase>
  <testcase name="testByteArrays" classname="emissary.core.BaseDataObjectTest" time="0">
    <failure message="PROJECT_BASE is not set" type="java.lang.AssertionError"><![CDATA[java.lang.AssertionError: PROJECT_BASE is not set
	at emissary.core.BaseDataObjectTest.<init>(BaseDataObjectTest.java:37)
]]></failure>
  </testcase>
  <testcase name="testDataSliceData" classname="emissary.core.BaseDataObjectTest" time="0">
    <failure message="PROJECT_BASE is not set" type="java.lang.AssertionError"><![CDATA[java.lang.AssertionError: PROJECT_BASE is not set
	at emissary.core.BaseDataObjectTest.<init>(BaseDataObjectTest.java:37)
]]></failure>
  </testcase>
  <testcase name="testPopCurrentForm" classname="emissary.core.BaseDataObjectTest" time="0">
    <failure message="PROJECT_BASE is not set" type="java.lang.AssertionError"><![CDATA[java.lang.AssertionError: PROJECT_BASE is not set
	at emissary.core.BaseDataObjectTest.<init>(BaseDataObjectTest.java:37)
]]></failure>
  </testcase>
  <testcase name="testPutParametersWithMultimapAsMap" classname="emissary.core.BaseDataObjectTest" time="0">
    <failure message="PROJECT_BASE is not set" type="java.lang.AssertionError"><![CDATA[java.lang.AssertionError: PROJECT_BASE is not set
	at emissary.core.BaseDataObjectTest.<init>(BaseDataObjectTest.java:37)
]]></failure>
  </testcase>
  <testcase name="testAppendDuplicateParameters" classname="emissary.core.BaseDataObjectTest" time="0">
    <failure message="PROJECT_BASE is not set" type="java.lang.AssertionError"><![CDATA[java.lang.AssertionError: PROJECT_BASE is not set
	at emissary.core.BaseDataObjectTest.<init>(BaseDataObjectTest.java:37)
]]></failure>
  </testcase>
  <testcase name="testCurrentFormAt" classname="emissary.core.BaseDataObjectTest" time="0">
    <failure message="PROJECT_BASE is not set" type="java.lang.AssertionError"><![CDATA[java.lang.AssertionError: PROJECT_BASE is not set
	at emissary.core.BaseDataObjectTest.<init>(BaseDataObjectTest.java:37)
]]></failure>
  </testcase>
  <testcase name="testCurrentFormNullHandling" classname="emissary.core.BaseDataObjectTest" time="0.001">
    <failure message="PROJECT_BASE is not set" type="java.lang.AssertionError"><![CDATA[java.lang.AssertionError: PROJECT_BASE is not set
	at emissary.core.BaseDataObjectTest.<init>(BaseDataObjectTest.java:37)
]]></failure>
  </testcase>
  <testcase name="testHasParameterAfterDelete" classname="emissary.core.BaseDataObjectTest" time="0">
    <failure message="PROJECT_BASE is not set" type="java.lang.AssertionError"><![CDATA[java.lang.AssertionError: PROJECT_BASE is not set
	at emissary.core.BaseDataObjectTest.<init>(BaseDataObjectTest.java:37)
]]></failure>
  </testcase>
  <testcase name="testSetCurrentFormWithBoolean" classname="emissary.core.BaseDataObjectTest" time="0">
    <failure message="PROJECT_BASE is not set" type="java.lang.AssertionError"><![CDATA[java.lang.AssertionError: PROJECT_BASE is not set
	at emissary.core.BaseDataObjectTest.<init>(BaseDataObjectTest.java:37)
]]></failure>
  </testcase>
  <testcase name="testParametersMapSignature" classname="emissary.core.BaseDataObjectTest" time="0">
    <failure message="PROJECT_BASE is not set" type="java.lang.AssertionError"><![CDATA[java.lang.AssertionError: PROJECT_BASE is not set
	at emissary.core.BaseDataObjectTest.<init>(BaseDataObjectTest.java:37)
]]></failure>
  </testcase>
  <testcase name="testCurrentFormEnqueue" classname="emissary.core.BaseDataObjectTest" time="0">
    <failure message="PROJECT_BASE is not set" type="java.lang.AssertionError"><![CDATA[java.lang.AssertionError: PROJECT_BASE is not set
	at emissary.core.BaseDataObjectTest.<init>(BaseDataObjectTest.java:37)
]]></failure>
  </testcase>
  <testcase name="testReplaceCurrentForm" classname="emissary.core.BaseDataObjectTest" time="0">
    <failure message="PROJECT_BASE is not set" type="java.lang.AssertionError"><![CDATA[java.lang.AssertionError: PROJECT_BASE is not set
	at emissary.core.BaseDataObjectTest.<init>(BaseDataObjectTest.java:37)
]]></failure>
  </testcase>
  <testcase name="testParameters" classname="emissary.core.BaseDataObjectTest" time="0">
    <failure message="PROJECT_BASE is not set" type="java.lang.AssertionError"><![CDATA[java.lang.AssertionError: PROJECT_BASE is not set
	at emissary.core.BaseDataObjectTest.<init>(BaseDataObjectTest.java:37)
]]></failure>
  </testcase>
  <testcase name="testParametersWithMixtureOfSingleValuesAndSets" classname="emissary.core.BaseDataObjectTest" time="0">
    <failure message="PROJECT_BASE is not set" type="java.lang.AssertionError"><![CDATA[java.lang.AssertionError: PROJECT_BASE is not set
	at emissary.core.BaseDataObjectTest.<init>(BaseDataObjectTest.java:37)
]]></failure>
  </testcase>
  <testcase name="testMergeParameters" classname="emissary.core.BaseDataObjectTest" time="0">
    <failure message="PROJECT_BASE is not set" type="java.lang.AssertionError"><![CDATA[java.lang.AssertionError: PROJECT_BASE is not set
	at emissary.core.BaseDataObjectTest.<init>(BaseDataObjectTest.java:37)
]]></failure>
  </testcase>
  <testcase name="testWindowsShortName" classname="emissary.core.BaseDataObjectTest" time="0">
    <failure message="PROJECT_BASE is not set" type="java.lang.AssertionError"><![CDATA[java.lang.AssertionError: PROJECT_BASE is not set
	at emissary.core.BaseDataObjectTest.<init>(BaseDataObjectTest.java:37)
]]></failure>
  </testcase>
  <testcase name="testFilename" classname="emissary.core.BaseDataObjectTest" time="0">
    <failure message="PROJECT_BASE is not set" type="java.lang.AssertionError"><![CDATA[java.lang.AssertionError: PROJECT_BASE is not set
	at emissary.core.BaseDataObjectTest.<init>(BaseDataObjectTest.java:37)
]]></failure>
  </testcase>
  <testcase name="testFiletype" classname="emissary.core.BaseDataObjectTest" time="0">
    <failure message="PROJECT_BASE is not set" type="java.lang.AssertionError"><![CDATA[java.lang.AssertionError: PROJECT_BASE is not set
	at emissary.core.BaseDataObjectTest.<init>(BaseDataObjectTest.java:37)
]]></failure>
  </testcase>
  <testcase name="testMapOfAltViews" classname="emissary.core.BaseDataObjectTest" time="0">
    <failure message="PROJECT_BASE is not set" type="java.lang.AssertionError"><![CDATA[java.lang.AssertionError: PROJECT_BASE is not set
	at emissary.core.BaseDataObjectTest.<init>(BaseDataObjectTest.java:37)
]]></failure>
  </testcase>
  <testcase name="testHasParameterMiss" classname="emissary.core.BaseDataObjectTest" time="0">
    <failure message="PROJECT_BASE is not set" type="java.lang.AssertionError"><![CDATA[java.lang.AssertionError: PROJECT_BASE is not set
	at emissary.core.BaseDataObjectTest.<init>(BaseDataObjectTest.java:37)
]]></failure>
  </testcase>
  <testcase name="testPullNonExistentToTop" classname="emissary.core.BaseDataObjectTest" time="0">
    <failure message="PROJECT_BASE is not set" type="java.lang.AssertionError"><![CDATA[java.lang.AssertionError: PROJECT_BASE is not set
	at emissary.core.BaseDataObjectTest.<init>(BaseDataObjectTest.java:37)
]]></failure>
  </testcase>
  <testcase name="testVisitHistory" classname="emissary.core.BaseDataObjectTest" time="0">
    <failure message="PROJECT_BASE is not set" type="java.lang.AssertionError"><![CDATA[java.lang.AssertionError: PROJECT_BASE is not set
	at emissary.core.BaseDataObjectTest.<init>(BaseDataObjectTest.java:37)
]]></failure>
  </testcase>
  <testcase name="testDataLength" classname="emissary.core.BaseDataObjectTest" time="0">
    <failure message="PROJECT_BASE is not set" type="java.lang.AssertionError"><![CDATA[java.lang.AssertionError: PROJECT_BASE is not set
	at emissary.core.BaseDataObjectTest.<init>(BaseDataObjectTest.java:37)
]]></failure>
  </testcase>
  <testcase name="testDeleteFormFromIllegalPosition" classname="emissary.core.BaseDataObjectTest" time="0">
    <failure message="PROJECT_BASE is not set" type="java.lang.AssertionError"><![CDATA[java.lang.AssertionError: PROJECT_BASE is not set
	at emissary.core.BaseDataObjectTest.<init>(BaseDataObjectTest.java:37)
]]></failure>
  </testcase>
  <testcase name="testFileTypeIsEmpty" classname="emissary.core.BaseDataObjectTest" time="0">
    <failure message="PROJECT_BASE is not set" type="java.lang.AssertionError"><![CDATA[java.lang.AssertionError: PROJECT_BASE is not set
	at emissary.core.BaseDataObjectTest.<init>(BaseDataObjectTest.java:37)
]]></failure>
  </testcase>
  <testcase name="testBirthOrder" classname="emissary.core.BaseDataObjectTest" time="0.001">
    <failure message="PROJECT_BASE is not set" type="java.lang.AssertionError"><![CDATA[java.lang.AssertionError: PROJECT_BASE is not set
	at emissary.core.BaseDataObjectTest.<init>(BaseDataObjectTest.java:37)
]]></failure>
  </testcase>
  <testcase name="testDefaultPriority" classname="emissary.core.BaseDataObjectTest" time="0">
    <failure message="PROJECT_BASE is not set" type="java.lang.AssertionError"><![CDATA[java.lang.AssertionError: PROJECT_BASE is not set
	at emissary.core.BaseDataObjectTest.<init>(BaseDataObjectTest.java:37)
]]></failure>
  </testcase>
  <testcase name="testAppendAltView" classname="emissary.core.BaseDataObjectTest" time="0">
    <failure message="PROJECT_BASE is not set" type="java.lang.AssertionError"><![CDATA[java.lang.AssertionError: PROJECT_BASE is not set
	at emissary.core.BaseDataObjectTest.<init>(BaseDataObjectTest.java:37)
]]></failure>
  </testcase>
  <testcase name="testStringParameterOnNullValue" classname="emissary.core.BaseDataObjectTest" time="0">
    <failure message="PROJECT_BASE is not set" type="java.lang.AssertionError"><![CDATA[java.lang.AssertionError: PROJECT_BASE is not set
	at emissary.core.BaseDataObjectTest.<init>(BaseDataObjectTest.java:37)
]]></failure>
  </testcase>
  <testcase name="testSetBroken" classname="emissary.core.BaseDataObjectTest" time="0">
    <failure message="PROJECT_BASE is not set" type="java.lang.AssertionError"><![CDATA[java.lang.AssertionError: PROJECT_BASE is not set
	at emissary.core.BaseDataObjectTest.<init>(BaseDataObjectTest.java:37)
]]></failure>
  </testcase>
  <testcase name="testCurrentFormTop" classname="emissary.core.BaseDataObjectTest" time="0">
    <failure message="PROJECT_BASE is not set" type="java.lang.AssertionError"><![CDATA[java.lang.AssertionError: PROJECT_BASE is not set
	at emissary.core.BaseDataObjectTest.<init>(BaseDataObjectTest.java:37)
]]></failure>
  </testcase>
  <testcase name="testAppendUniqueParameters" classname="emissary.core.BaseDataObjectTest" time="0">
    <failure message="PROJECT_BASE is not set" type="java.lang.AssertionError"><![CDATA[java.lang.AssertionError: PROJECT_BASE is not set
	at emissary.core.BaseDataObjectTest.<init>(BaseDataObjectTest.java:37)
]]></failure>
  </testcase>
  <testcase name="testSearchCurrentForm" classname="emissary.core.BaseDataObjectTest" time="0">
    <failure message="PROJECT_BASE is not set" type="java.lang.AssertionError"><![CDATA[java.lang.AssertionError: PROJECT_BASE is not set
	at emissary.core.BaseDataObjectTest.<init>(BaseDataObjectTest.java:37)
]]></failure>
  </testcase>
  <testcase name="testPutUniqueParameters" classname="emissary.core.BaseDataObjectTest" time="0">
    <failure message="PROJECT_BASE is not set" type="java.lang.AssertionError"><![CDATA[java.lang.AssertionError: PROJECT_BASE is not set
	at emissary.core.BaseDataObjectTest.<init>(BaseDataObjectTest.java:37)
]]></failure>
  </testcase>
  <testcase name="testDeleteCurrentFormFromNull" classname="emissary.core.BaseDataObjectTest" time="0">
    <failure message="PROJECT_BASE is not set" type="java.lang.AssertionError"><![CDATA[java.lang.AssertionError: PROJECT_BASE is not set
	at emissary.core.BaseDataObjectTest.<init>(BaseDataObjectTest.java:37)
]]></failure>
  </testcase>
  <testcase name="testDeleteFormFromTop" classname="emissary.core.BaseDataObjectTest" time="0.001">
    <failure message="PROJECT_BASE is not set" type="java.lang.AssertionError"><![CDATA[java.lang.AssertionError: PROJECT_BASE is not set
	at emissary.core.BaseDataObjectTest.<init>(BaseDataObjectTest.java:37)
]]></failure>
  </testcase>
  <testcase name="testPutParametersWithPolicy" classname="emissary.core.BaseDataObjectTest" time="0">
    <failure message="PROJECT_BASE is not set" type="java.lang.AssertionError"><![CDATA[java.lang.AssertionError: PROJECT_BASE is not set
	at emissary.core.BaseDataObjectTest.<init>(BaseDataObjectTest.java:37)
]]></failure>
  </testcase>
  <testcase name="testDeleteFormByName" classname="emissary.core.BaseDataObjectTest" time="0">
    <failure message="PROJECT_BASE is not set" type="java.lang.AssertionError"><![CDATA[java.lang.AssertionError: PROJECT_BASE is not set
	at emissary.core.BaseDataObjectTest.<init>(BaseDataObjectTest.java:37)
]]></failure>
  </testcase>
  <testcase name="testInterface" classname="emissary.core.BaseDataObjectTest" time="0">
    <failure message="PROJECT_BASE is not set" type="java.lang.AssertionError"><![CDATA[java.lang.AssertionError: PROJECT_BASE is not set
	at emissary.core.BaseDataObjectTest.<init>(BaseDataObjectTest.java:37)
]]></failure>
  </testcase>
  <testcase name="testFormSize" classname="emissary.core.BaseDataObjectTest" time="0">
    <failure message="PROJECT_BASE is not set" type="java.lang.AssertionError"><![CDATA[java.lang.AssertionError: PROJECT_BASE is not set
	at emissary.core.BaseDataObjectTest.<init>(BaseDataObjectTest.java:37)
]]></failure>
  </testcase>
  <testcase name="testSetCurrentForm" classname="emissary.core.BaseDataObjectTest" time="0">
    <failure message="PROJECT_BASE is not set" type="java.lang.AssertionError"><![CDATA[java.lang.AssertionError: PROJECT_BASE is not set
	at emissary.core.BaseDataObjectTest.<init>(BaseDataObjectTest.java:37)
]]></failure>
  </testcase>
  <testcase name="testAppendAltViewSlice" classname="emissary.core.BaseDataObjectTest" time="0">
    <failure message="PROJECT_BASE is not set" type="java.lang.AssertionError"><![CDATA[java.lang.AssertionError: PROJECT_BASE is not set
	at emissary.core.BaseDataObjectTest.<init>(BaseDataObjectTest.java:37)
]]></failure>
  </testcase>
  <testcase name="testNullTimestampSettingThrowsException" classname="emissary.core.BaseDataObjectTest" time="0">
    <failure message="PROJECT_BASE is not set" type="java.lang.AssertionError"><![CDATA[java.lang.AssertionError: PROJECT_BASE is not set
	at emissary.core.BaseDataObjectTest.<init>(BaseDataObjectTest.java:37)
]]></failure>
  </testcase>
  <testcase name="testParametersWithMixtureOfSingleValuesAndLists" classname="emissary.core.BaseDataObjectTest" time="0">
    <failure message="PROJECT_BASE is not set" type="java.lang.AssertionError"><![CDATA[java.lang.AssertionError: PROJECT_BASE is not set
	at emissary.core.BaseDataObjectTest.<init>(BaseDataObjectTest.java:37)
]]></failure>
  </testcase>
  <testcase name="testAddCurrentFormAtTop" classname="emissary.core.BaseDataObjectTest" time="0">
    <failure message="PROJECT_BASE is not set" type="java.lang.AssertionError"><![CDATA[java.lang.AssertionError: PROJECT_BASE is not set
	at emissary.core.BaseDataObjectTest.<init>(BaseDataObjectTest.java:37)
]]></failure>
  </testcase>
  <testcase name="testUnixShortName" classname="emissary.core.BaseDataObjectTest" time="0.001">
    <failure message="PROJECT_BASE is not set" type="java.lang.AssertionError"><![CDATA[java.lang.AssertionError: PROJECT_BASE is not set
	at emissary.core.BaseDataObjectTest.<init>(BaseDataObjectTest.java:37)
]]></failure>
  </testcase>
  <testcase name="testExtractedRecords" classname="emissary.core.BaseDataObjectTest" time="0">
    <failure message="PROJECT_BASE is not set" type="java.lang.AssertionError"><![CDATA[java.lang.AssertionError: PROJECT_BASE is not set
	at emissary.core.BaseDataObjectTest.<init>(BaseDataObjectTest.java:37)
]]></failure>
  </testcase>
  <testcase name="testCookedParameters" classname="emissary.core.BaseDataObjectTest" time="0">
    <failure message="PROJECT_BASE is not set" type="java.lang.AssertionError"><![CDATA[java.lang.AssertionError: PROJECT_BASE is not set
	at emissary.core.BaseDataObjectTest.<init>(BaseDataObjectTest.java:37)
]]></failure>
  </testcase>
  <testcase name="testZeroLengthDataSlice" classname="emissary.core.BaseDataObjectTest" time="0">
    <failure message="PROJECT_BASE is not set" type="java.lang.AssertionError"><![CDATA[java.lang.AssertionError: PROJECT_BASE is not set
	at emissary.core.BaseDataObjectTest.<init>(BaseDataObjectTest.java:37)
]]></failure>
  </testcase>
  <testcase name="testDataSliceLength" classname="emissary.core.BaseDataObjectTest" time="0">
    <failure message="PROJECT_BASE is not set" type="java.lang.AssertionError"><![CDATA[java.lang.AssertionError: PROJECT_BASE is not set
	at emissary.core.BaseDataObjectTest.<init>(BaseDataObjectTest.java:37)
]]></failure>
  </testcase>
  <testcase name="testParameterKeys" classname="emissary.core.BaseDataObjectTest" time="0.001">
    <failure message="PROJECT_BASE is not set" type="java.lang.AssertionError"><![CDATA[java.lang.AssertionError: PROJECT_BASE is not set
	at emissary.core.BaseDataObjectTest.<init>(BaseDataObjectTest.java:37)
]]></failure>
  </testcase>
  <testcase name="testProcessingError" classname="emissary.core.BaseDataObjectTest" time="0">
    <failure message="PROJECT_BASE is not set" type="java.lang.AssertionError"><![CDATA[java.lang.AssertionError: PROJECT_BASE is not set
	at emissary.core.BaseDataObjectTest.<init>(BaseDataObjectTest.java:37)
]]></failure>
  </testcase>
  <testcase name="testAppendParameterIterables" classname="emissary.core.BaseDataObjectTest" time="0">
    <failure message="PROJECT_BASE is not set" type="java.lang.AssertionError"><![CDATA[java.lang.AssertionError: PROJECT_BASE is not set
	at emissary.core.BaseDataObjectTest.<init>(BaseDataObjectTest.java:37)
]]></failure>
  </testcase>
  <testcase name="testAddCurrentFormAtBottom" classname="emissary.core.BaseDataObjectTest" time="0">
    <failure message="PROJECT_BASE is not set" type="java.lang.AssertionError"><![CDATA[java.lang.AssertionError: PROJECT_BASE is not set
	at emissary.core.BaseDataObjectTest.<init>(BaseDataObjectTest.java:37)
]]></failure>
  </testcase>
  <testcase name="testFontEncoding" classname="emissary.core.BaseDataObjectTest" time="0">
    <failure message="PROJECT_BASE is not set" type="java.lang.AssertionError"><![CDATA[java.lang.AssertionError: PROJECT_BASE is not set
	at emissary.core.BaseDataObjectTest.<init>(BaseDataObjectTest.java:37)
]]></failure>
  </testcase>
  <testcase name="testParametersMapInterfaceSignature" classname="emissary.core.BaseDataObjectTest" time="0">
    <failure message="PROJECT_BASE is not set" type="java.lang.AssertionError"><![CDATA[java.lang.AssertionError: PROJECT_BASE is not set
	at emissary.core.BaseDataObjectTest.<init>(BaseDataObjectTest.java:37)
]]></failure>
  </testcase>
  <testcase name="testNonExistentAltViews" classname="emissary.core.BaseDataObjectTest" time="0">
    <failure message="PROJECT_BASE is not set" type="java.lang.AssertionError"><![CDATA[java.lang.AssertionError: PROJECT_BASE is not set
	at emissary.core.BaseDataObjectTest.<init>(BaseDataObjectTest.java:37)
]]></failure>
  </testcase>
  <testcase name="testUpdatedPriority" classname="emissary.core.BaseDataObjectTest" time="0">
    <failure message="PROJECT_BASE is not set" type="java.lang.AssertionError"><![CDATA[java.lang.AssertionError: PROJECT_BASE is not set
	at emissary.core.BaseDataObjectTest.<init>(BaseDataObjectTest.java:37)
]]></failure>
  </testcase>
  <testcase name="testHasParameter" classname="emissary.core.BaseDataObjectTest" time="0">
    <failure message="PROJECT_BASE is not set" type="java.lang.AssertionError"><![CDATA[java.lang.AssertionError: PROJECT_BASE is not set
	at emissary.core.BaseDataObjectTest.<init>(BaseDataObjectTest.java:37)
]]></failure>
  </testcase>
  <testcase name="testAddCurrentFormInMiddle" classname="emissary.core.BaseDataObjectTest" time="0">
    <failure message="PROJECT_BASE is not set" type="java.lang.AssertionError"><![CDATA[java.lang.AssertionError: PROJECT_BASE is not set
	at emissary.core.BaseDataObjectTest.<init>(BaseDataObjectTest.java:37)
]]></failure>
  </testcase>
  <testcase name="testHeaderEncoding" classname="emissary.core.BaseDataObjectTest" time="0">
    <failure message="PROJECT_BASE is not set" type="java.lang.AssertionError"><![CDATA[java.lang.AssertionError: PROJECT_BASE is not set
	at emissary.core.BaseDataObjectTest.<init>(BaseDataObjectTest.java:37)
]]></failure>
  </testcase>
  <testcase name="testAppendParameterOntoEmpty" classname="emissary.core.BaseDataObjectTest" time="0">
    <failure message="PROJECT_BASE is not set" type="java.lang.AssertionError"><![CDATA[java.lang.AssertionError: PROJECT_BASE is not set
	at emissary.core.BaseDataObjectTest.<init>(BaseDataObjectTest.java:37)
]]></failure>
  </testcase>
</testsuite>