[INFO] Error stacktraces are turned on.
[INFO] Scanning for projects...
[INFO] 
[INFO] ----------------< com.samsungsds.analyst:code-analyst >-----------------
[INFO] Building Code-Analyst 2.9.2
[INFO] --------------------------------[ jar ]---------------------------------
[INFO] 
[INFO] --- jacoco-maven-plugin:0.8.5:prepare-agent (default) @ code-analyst ---
[INFO] argLine set to -javaagent:/home/jdbl/.m2/repository/org/jacoco/org.jacoco.agent/0.8.5/org.jacoco.agent-0.8.5-runtime.jar=destfile=/tmp/tmp_qy4nobi/code-analyst/target/jacoco.exec
[INFO] 
[INFO] --- maven-resources-plugin:2.6:resources (default-resources) @ code-analyst ---
[INFO] Using 'utf-8' encoding to copy filtered resources.
[INFO] Copying 66 resources
[INFO] 
[INFO] --- maven-compiler-plugin:3.6.1:compile (default-compile) @ code-analyst ---
[INFO] Changes detected - recompiling the module!
[INFO] Compiling 194 source files to /tmp/tmp_qy4nobi/code-analyst/target/classes
[INFO] /tmp/tmp_qy4nobi/code-analyst/src/main/java/com/samsungsds/analyst/code/ckmetrics/gr/spinellis/ckjm/MethodVisitor.java: Some input files use or override a deprecated API.
[INFO] /tmp/tmp_qy4nobi/code-analyst/src/main/java/com/samsungsds/analyst/code/ckmetrics/gr/spinellis/ckjm/MethodVisitor.java: Recompile with -Xlint:deprecation for details.
[INFO] /tmp/tmp_qy4nobi/code-analyst/src/main/java/com/samsungsds/analyst/code/main/AppForSonarAnalysisForCSharp.java: /tmp/tmp_qy4nobi/code-analyst/src/main/java/com/samsungsds/analyst/code/main/AppForSonarAnalysisForCSharp.java uses unchecked or unsafe operations.
[INFO] /tmp/tmp_qy4nobi/code-analyst/src/main/java/com/samsungsds/analyst/code/main/AppForSonarAnalysisForCSharp.java: Recompile with -Xlint:unchecked for details.
[INFO] 
[INFO] --- maven-resources-plugin:2.6:testResources (default-testResources) @ code-analyst ---
[INFO] Using 'utf-8' encoding to copy filtered resources.
[INFO] Copying 1 resource
[INFO] 
[INFO] --- maven-compiler-plugin:3.6.1:testCompile (default-testCompile) @ code-analyst ---
[INFO] Changes detected - recompiling the module!
[INFO] Compiling 9 source files to /tmp/tmp_qy4nobi/code-analyst/target/test-classes
[INFO] /tmp/tmp_qy4nobi/code-analyst/src/test/java/com/samsungsds/analyst/code/pmd/ComplexityAnalysisLauncherTest.java: Some input files use or override a deprecated API.
[INFO] /tmp/tmp_qy4nobi/code-analyst/src/test/java/com/samsungsds/analyst/code/pmd/ComplexityAnalysisLauncherTest.java: Recompile with -Xlint:deprecation for details.
[INFO] /tmp/tmp_qy4nobi/code-analyst/src/test/java/com/samsungsds/analyst/code/pmd/ComplexityAnalysisLauncherTest.java: Some input files use unchecked or unsafe operations.
[INFO] /tmp/tmp_qy4nobi/code-analyst/src/test/java/com/samsungsds/analyst/code/pmd/ComplexityAnalysisLauncherTest.java: Recompile with -Xlint:unchecked for details.
[INFO] 
[INFO] --- maven-surefire-plugin:2.19.1:test (default-test) @ code-analyst ---
[INFO] Surefire report directory: /tmp/tmp_qy4nobi/code-analyst/target/surefire-reports

-------------------------------------------------------
 T E S T S
-------------------------------------------------------
Running com.samsungsds.analyst.code.pmd.ComplexityAnalysisLauncherTest
22:48:39.800 INFO  c.s.a.c.u.CSVFileCollectionList - Writer opended : DuplicationResult (File = /tmp/collection2793791136939923126.csv)
22:48:39.807 INFO  c.s.a.c.u.CSVFileCollectionList - Writer opended : ComplexityResult (File = /tmp/collection7027912378473658711.csv)
22:48:39.807 INFO  c.s.a.c.u.CSVFileCollectionList - Writer opended : SonarIssueResult (File = /tmp/collection926191558698133821.csv)
22:48:39.808 INFO  c.s.a.c.u.CSVFileCollectionList - Writer opended : PmdResult (File = /tmp/collection7143932825703065311.csv)
22:48:39.809 INFO  c.s.a.c.u.CSVFileCollectionList - Writer opended : FindBugsResult (File = /tmp/collection1564040578923508728.csv)
22:48:39.809 INFO  c.s.a.c.u.CSVFileCollectionList - Writer opended : FindBugsResult (File = /tmp/collection2359099885136443189.csv)
22:48:39.809 INFO  c.s.a.c.u.CSVFileCollectionList - Writer opended : JDependResult (File = /tmp/collection5799088471012903523.csv)
22:48:39.810 INFO  c.s.a.c.u.CSVFileCollectionList - Writer opended : CkMetricsResult (File = /tmp/collection4755868026467577749.csv)
22:48:39.811 INFO  c.s.a.c.u.CSVFileCollectionList - Writer opended : UnusedCodeResult (File = /tmp/collection4014606384564119935.csv)
22:48:39.811 INFO  c.s.a.c.u.CSVFileCollectionList - Writer opended : CheckStyleResult (File = /tmp/collection5906589809013510813.csv)
22:48:45.616 INFO  c.s.a.c.u.CSVFileCollectionList - Writer opended : DuplicationResult (File = /tmp/collection5745553779455733800.csv)
22:48:45.616 INFO  c.s.a.c.u.CSVFileCollectionList - Writer opended : ComplexityResult (File = /tmp/collection8244217754746155154.csv)
22:48:45.617 INFO  c.s.a.c.u.CSVFileCollectionList - Writer opended : SonarIssueResult (File = /tmp/collection2836806442055299453.csv)
22:48:45.618 INFO  c.s.a.c.u.CSVFileCollectionList - Writer opended : PmdResult (File = /tmp/collection6350798243552740610.csv)
22:48:45.618 INFO  c.s.a.c.u.CSVFileCollectionList - Writer opended : FindBugsResult (File = /tmp/collection3735447638507157059.csv)
22:48:45.618 INFO  c.s.a.c.u.CSVFileCollectionList - Writer opended : FindBugsResult (File = /tmp/collection2567130290227745745.csv)
22:48:45.618 INFO  c.s.a.c.u.CSVFileCollectionList - Writer opended : JDependResult (File = /tmp/collection2865813045881426191.csv)
22:48:45.619 INFO  c.s.a.c.u.CSVFileCollectionList - Writer opended : CkMetricsResult (File = /tmp/collection4008625782698232590.csv)
22:48:45.619 INFO  c.s.a.c.u.CSVFileCollectionList - Writer opended : UnusedCodeResult (File = /tmp/collection5450454616675521484.csv)
22:48:45.619 INFO  c.s.a.c.u.CSVFileCollectionList - Writer opended : CheckStyleResult (File = /tmp/collection2293874124481868505.csv)
22:48:45.628 INFO  c.s.a.c.u.CSVFileCollectionList - Writer opended : DuplicationResult (File = /tmp/collection8171028500596968006.csv)
22:48:45.628 INFO  c.s.a.c.u.CSVFileCollectionList - Writer opended : ComplexityResult (File = /tmp/collection2498900271501547918.csv)
22:48:45.628 INFO  c.s.a.c.u.CSVFileCollectionList - Writer opended : SonarIssueResult (File = /tmp/collection5876975822955458155.csv)
22:48:45.629 INFO  c.s.a.c.u.CSVFileCollectionList - Writer opended : PmdResult (File = /tmp/collection7790265294451619258.csv)
22:48:45.641 INFO  c.s.a.c.u.CSVFileCollectionList - Writer opended : FindBugsResult (File = /tmp/collection6191969152798545367.csv)
22:48:45.642 INFO  c.s.a.c.u.CSVFileCollectionList - Writer opended : FindBugsResult (File = /tmp/collection6581400090466072947.csv)
22:48:45.642 INFO  c.s.a.c.u.CSVFileCollectionList - Writer opended : JDependResult (File = /tmp/collection6465145568972299349.csv)
22:48:45.643 INFO  c.s.a.c.u.CSVFileCollectionList - Writer opended : CkMetricsResult (File = /tmp/collection9170870817169459971.csv)
22:48:45.644 INFO  c.s.a.c.u.CSVFileCollectionList - Writer opended : UnusedCodeResult (File = /tmp/collection3880919771998190460.csv)
22:48:45.644 INFO  c.s.a.c.u.CSVFileCollectionList - Writer opended : CheckStyleResult (File = /tmp/collection5006876359045148642.csv)
Tests run: 3, Failures: 0, Errors: 0, Skipped: 0, Time elapsed: 7.224 sec - in com.samsungsds.analyst.code.pmd.ComplexityAnalysisLauncherTest
Running com.samsungsds.analyst.code.pmd.PmdAnalysisLauncherTest
22:48:45.728 INFO  c.s.a.c.u.CSVFileCollectionList - Writer opended : DuplicationResult (File = /tmp/collection3371344176963117730.csv)
22:48:45.729 INFO  c.s.a.c.u.CSVFileCollectionList - Writer opended : ComplexityResult (File = /tmp/collection663899288908048521.csv)
22:48:45.729 INFO  c.s.a.c.u.CSVFileCollectionList - Writer opended : SonarIssueResult (File = /tmp/collection7171306079242219160.csv)
22:48:45.730 INFO  c.s.a.c.u.CSVFileCollectionList - Writer opended : PmdResult (File = /tmp/collection2652521303405836386.csv)
22:48:45.730 INFO  c.s.a.c.u.CSVFileCollectionList - Writer opended : FindBugsResult (File = /tmp/collection4869920859352948865.csv)
22:48:45.730 INFO  c.s.a.c.u.CSVFileCollectionList - Writer opended : FindBugsResult (File = /tmp/collection3212747897736448473.csv)
22:48:45.731 INFO  c.s.a.c.u.CSVFileCollectionList - Writer opended : JDependResult (File = /tmp/collection2797378351236869677.csv)
22:48:45.731 INFO  c.s.a.c.u.CSVFileCollectionList - Writer opended : CkMetricsResult (File = /tmp/collection6073670527329679217.csv)
22:48:45.765 INFO  c.s.a.c.u.CSVFileCollectionList - Writer opended : UnusedCodeResult (File = /tmp/collection3611275247029669067.csv)
22:48:45.765 INFO  c.s.a.c.u.CSVFileCollectionList - Writer opended : CheckStyleResult (File = /tmp/collection4637859575412794817.csv)
22:48:52.795 INFO  c.s.a.c.u.CSVFileCollectionList - Writer opended : DuplicationResult (File = /tmp/collection2883369113106116958.csv)
22:48:52.796 INFO  c.s.a.c.u.CSVFileCollectionList - Writer opended : ComplexityResult (File = /tmp/collection8177014478714574148.csv)
22:48:52.799 INFO  c.s.a.c.u.CSVFileCollectionList - Writer opended : SonarIssueResult (File = /tmp/collection7970506511243969721.csv)
22:48:52.800 INFO  c.s.a.c.u.CSVFileCollectionList - Writer opended : PmdResult (File = /tmp/collection3298033328376247279.csv)
22:48:52.800 INFO  c.s.a.c.u.CSVFileCollectionList - Writer opended : FindBugsResult (File = /tmp/collection8187737878026687400.csv)
22:48:52.800 INFO  c.s.a.c.u.CSVFileCollectionList - Writer opended : FindBugsResult (File = /tmp/collection8511015945561816891.csv)
22:48:52.800 INFO  c.s.a.c.u.CSVFileCollectionList - Writer opended : JDependResult (File = /tmp/collection3927023654569757247.csv)
22:48:52.801 INFO  c.s.a.c.u.CSVFileCollectionList - Writer opended : CkMetricsResult (File = /tmp/collection1299500021028885990.csv)
22:48:52.801 INFO  c.s.a.c.u.CSVFileCollectionList - Writer opended : UnusedCodeResult (File = /tmp/collection5871173128703658689.csv)
22:48:52.801 INFO  c.s.a.c.u.CSVFileCollectionList - Writer opended : CheckStyleResult (File = /tmp/collection5268640917462284295.csv)
22:48:52.802 INFO  c.s.a.c.u.CSVFileCollectionList - Writer opended : DuplicationResult (File = /tmp/collection5460481208464027481.csv)
22:48:52.802 INFO  c.s.a.c.u.CSVFileCollectionList - Writer opended : ComplexityResult (File = /tmp/collection8049298291507640131.csv)
22:48:52.802 INFO  c.s.a.c.u.CSVFileCollectionList - Writer opended : SonarIssueResult (File = /tmp/collection4896390912736307027.csv)
22:48:52.803 INFO  c.s.a.c.u.CSVFileCollectionList - Writer opended : PmdResult (File = /tmp/collection7931581680520034999.csv)
22:48:52.803 INFO  c.s.a.c.u.CSVFileCollectionList - Writer opended : FindBugsResult (File = /tmp/collection3781067339365460621.csv)
22:48:52.803 INFO  c.s.a.c.u.CSVFileCollectionList - Writer opended : FindBugsResult (File = /tmp/collection4568091352483740918.csv)
22:48:52.803 INFO  c.s.a.c.u.CSVFileCollectionList - Writer opended : JDependResult (File = /tmp/collection2741116856522479034.csv)
22:48:52.803 INFO  c.s.a.c.u.CSVFileCollectionList - Writer opended : CkMetricsResult (File = /tmp/collection7915137009113777068.csv)
22:48:52.803 INFO  c.s.a.c.u.CSVFileCollectionList - Writer opended : UnusedCodeResult (File = /tmp/collection6476237475548754505.csv)
22:48:52.804 INFO  c.s.a.c.u.CSVFileCollectionList - Writer opended : CheckStyleResult (File = /tmp/collection910609244282066123.csv)
Tests run: 3, Failures: 0, Errors: 0, Skipped: 0, Time elapsed: 7.131 sec - in com.samsungsds.analyst.code.pmd.PmdAnalysisLauncherTest
Running com.samsungsds.analyst.code.unusedcode.UnusedCodeAnalysisLauncherTest
22:48:53.110 INFO  c.s.a.c.u.CSVFileCollectionList - Writer opended : DuplicationResult (File = /tmp/collection8902075941152629333.csv)
22:48:53.111 INFO  c.s.a.c.u.CSVFileCollectionList - Writer opended : ComplexityResult (File = /tmp/collection4419185305443081139.csv)
22:48:53.112 INFO  c.s.a.c.u.CSVFileCollectionList - Writer opended : SonarIssueResult (File = /tmp/collection547006302571721318.csv)
22:48:53.113 INFO  c.s.a.c.u.CSVFileCollectionList - Writer opended : PmdResult (File = /tmp/collection5186783255061656964.csv)
22:48:53.114 INFO  c.s.a.c.u.CSVFileCollectionList - Writer opended : FindBugsResult (File = /tmp/collection5679202889923324960.csv)
22:48:53.114 INFO  c.s.a.c.u.CSVFileCollectionList - Writer opended : FindBugsResult (File = /tmp/collection106210514773635571.csv)
22:48:53.116 INFO  c.s.a.c.u.CSVFileCollectionList - Writer opended : JDependResult (File = /tmp/collection1123406529470558925.csv)
22:48:53.117 INFO  c.s.a.c.u.CSVFileCollectionList - Writer opended : CkMetricsResult (File = /tmp/collection5227011513423241882.csv)
22:48:53.117 INFO  c.s.a.c.u.CSVFileCollectionList - Writer opended : UnusedCodeResult (File = /tmp/collection8156868483352910747.csv)
22:48:53.118 INFO  c.s.a.c.u.CSVFileCollectionList - Writer opended : CheckStyleResult (File = /tmp/collection6900674220810164338.csv)
22:48:54.203 INFO  c.s.a.c.u.CSVFileCollectionList - Writer opended : DuplicationResult (File = /tmp/collection1405141342270566416.csv)
22:48:54.204 INFO  c.s.a.c.u.CSVFileCollectionList - Writer opended : ComplexityResult (File = /tmp/collection5783265241613039914.csv)
22:48:54.204 INFO  c.s.a.c.u.CSVFileCollectionList - Writer opended : SonarIssueResult (File = /tmp/collection3113772938757628975.csv)
22:48:54.204 INFO  c.s.a.c.u.CSVFileCollectionList - Writer opended : PmdResult (File = /tmp/collection806557241355289214.csv)
22:48:54.205 INFO  c.s.a.c.u.CSVFileCollectionList - Writer opended : FindBugsResult (File = /tmp/collection2201099154107002196.csv)
22:48:54.205 INFO  c.s.a.c.u.CSVFileCollectionList - Writer opended : FindBugsResult (File = /tmp/collection5112061672733906577.csv)
22:48:54.205 INFO  c.s.a.c.u.CSVFileCollectionList - Writer opended : JDependResult (File = /tmp/collection1714362003148690602.csv)
22:48:54.206 INFO  c.s.a.c.u.CSVFileCollectionList - Writer opended : CkMetricsResult (File = /tmp/collection6579723677236106889.csv)
22:48:54.206 INFO  c.s.a.c.u.CSVFileCollectionList - Writer opended : UnusedCodeResult (File = /tmp/collection3012811143919678451.csv)
22:48:54.206 INFO  c.s.a.c.u.CSVFileCollectionList - Writer opended : CheckStyleResult (File = /tmp/collection4518211968217359019.csv)
22:48:54.216 INFO  c.s.a.c.u.CSVFileCollectionList - Writer opended : DuplicationResult (File = /tmp/collection6340389442088798708.csv)
22:48:54.217 INFO  c.s.a.c.u.CSVFileCollectionList - Writer opended : ComplexityResult (File = /tmp/collection2032535509337651844.csv)
22:48:54.218 INFO  c.s.a.c.u.CSVFileCollectionList - Writer opended : SonarIssueResult (File = /tmp/collection7001322007766237716.csv)
22:48:54.218 INFO  c.s.a.c.u.CSVFileCollectionList - Writer opended : PmdResult (File = /tmp/collection7316195543944016364.csv)
22:48:54.218 INFO  c.s.a.c.u.CSVFileCollectionList - Writer opended : FindBugsResult (File = /tmp/collection1261649625545085189.csv)
22:48:54.219 INFO  c.s.a.c.u.CSVFileCollectionList - Writer opended : FindBugsResult (File = /tmp/collection4277707742845497419.csv)
22:48:54.219 INFO  c.s.a.c.u.CSVFileCollectionList - Writer opended : JDependResult (File = /tmp/collection1473448947989643064.csv)
22:48:54.219 INFO  c.s.a.c.u.CSVFileCollectionList - Writer opended : CkMetricsResult (File = /tmp/collection7715498230213425272.csv)
22:48:54.219 INFO  c.s.a.c.u.CSVFileCollectionList - Writer opended : UnusedCodeResult (File = /tmp/collection4160517982478664274.csv)
22:48:54.220 INFO  c.s.a.c.u.CSVFileCollectionList - Writer opended : CheckStyleResult (File = /tmp/collection8656275850754175419.csv)
22:48:54.436 INFO  c.s.a.c.u.CSVFileCollectionList - Writer opended : DuplicationResult (File = /tmp/collection6082539394179297618.csv)
22:48:54.437 INFO  c.s.a.c.u.CSVFileCollectionList - Writer opended : ComplexityResult (File = /tmp/collection8137542439607000424.csv)
22:48:54.437 INFO  c.s.a.c.u.CSVFileCollectionList - Writer opended : SonarIssueResult (File = /tmp/collection8833140224566072251.csv)
22:48:54.437 INFO  c.s.a.c.u.CSVFileCollectionList - Writer opended : PmdResult (File = /tmp/collection3644004501404472100.csv)
22:48:54.438 INFO  c.s.a.c.u.CSVFileCollectionList - Writer opended : FindBugsResult (File = /tmp/collection2690781145129031275.csv)
22:48:54.438 INFO  c.s.a.c.u.CSVFileCollectionList - Writer opended : FindBugsResult (File = /tmp/collection3447463756859622319.csv)
22:48:54.438 INFO  c.s.a.c.u.CSVFileCollectionList - Writer opended : JDependResult (File = /tmp/collection6571953485629413209.csv)
22:48:54.438 INFO  c.s.a.c.u.CSVFileCollectionList - Writer opended : CkMetricsResult (File = /tmp/collection9218545597371887047.csv)
22:48:54.439 INFO  c.s.a.c.u.CSVFileCollectionList - Writer opended : UnusedCodeResult (File = /tmp/collection6766842855103749432.csv)
22:48:54.439 INFO  c.s.a.c.u.CSVFileCollectionList - Writer opended : CheckStyleResult (File = /tmp/collection8429430157605363255.csv)
22:48:54.446 INFO  c.s.a.c.u.CSVFileCollectionList - Writer opended : DuplicationResult (File = /tmp/collection4448298133753143794.csv)
22:48:54.446 INFO  c.s.a.c.u.CSVFileCollectionList - Writer opended : ComplexityResult (File = /tmp/collection6504111359385356602.csv)
22:48:54.447 INFO  c.s.a.c.u.CSVFileCollectionList - Writer opended : SonarIssueResult (File = /tmp/collection6316872512570414049.csv)
22:48:54.447 INFO  c.s.a.c.u.CSVFileCollectionList - Writer opended : PmdResult (File = /tmp/collection3306664916885697484.csv)
22:48:54.447 INFO  c.s.a.c.u.CSVFileCollectionList - Writer opended : FindBugsResult (File = /tmp/collection145443364005567193.csv)
22:48:54.447 INFO  c.s.a.c.u.CSVFileCollectionList - Writer opended : FindBugsResult (File = /tmp/collection8721594215387184564.csv)
22:48:54.448 INFO  c.s.a.c.u.CSVFileCollectionList - Writer opended : JDependResult (File = /tmp/collection2941784340350164542.csv)
22:48:54.448 INFO  c.s.a.c.u.CSVFileCollectionList - Writer opended : CkMetricsResult (File = /tmp/collection8740601343418793728.csv)
22:48:54.448 INFO  c.s.a.c.u.CSVFileCollectionList - Writer opended : UnusedCodeResult (File = /tmp/collection4866282479168731483.csv)
22:48:54.448 INFO  c.s.a.c.u.CSVFileCollectionList - Writer opended : CheckStyleResult (File = /tmp/collection5420177065462586923.csv)
22:48:54.463 INFO  c.s.a.c.u.CSVFileCollectionList - Writer opended : DuplicationResult (File = /tmp/collection2270632021088820278.csv)
22:48:54.463 INFO  c.s.a.c.u.CSVFileCollectionList - Writer opended : ComplexityResult (File = /tmp/collection2321363220419385043.csv)
22:48:54.464 INFO  c.s.a.c.u.CSVFileCollectionList - Writer opended : SonarIssueResult (File = /tmp/collection7983137908718221927.csv)
22:48:54.464 INFO  c.s.a.c.u.CSVFileCollectionList - Writer opended : PmdResult (File = /tmp/collection2678668311151914985.csv)
22:48:54.464 INFO  c.s.a.c.u.CSVFileCollectionList - Writer opended : FindBugsResult (File = /tmp/collection5681733286516930498.csv)
22:48:54.464 INFO  c.s.a.c.u.CSVFileCollectionList - Writer opended : FindBugsResult (File = /tmp/collection4172312199434679286.csv)
22:48:54.464 INFO  c.s.a.c.u.CSVFileCollectionList - Writer opended : JDependResult (File = /tmp/collection3141908307891418848.csv)
22:48:54.464 INFO  c.s.a.c.u.CSVFileCollectionList - Writer opended : CkMetricsResult (File = /tmp/collection4347237794732619624.csv)
22:48:54.466 INFO  c.s.a.c.u.CSVFileCollectionList - Writer opended : UnusedCodeResult (File = /tmp/collection6332576437380714880.csv)
22:48:54.466 INFO  c.s.a.c.u.CSVFileCollectionList - Writer opended : CheckStyleResult (File = /tmp/collection3029362860070779028.csv)
22:48:54.471 INFO  c.s.a.c.u.CSVFileCollectionList - Writer opended : DuplicationResult (File = /tmp/collection6134089968058961023.csv)
22:48:54.471 INFO  c.s.a.c.u.CSVFileCollectionList - Writer opended : ComplexityResult (File = /tmp/collection22069851006963108.csv)
22:48:54.471 INFO  c.s.a.c.u.CSVFileCollectionList - Writer opended : SonarIssueResult (File = /tmp/collection1301425407236857705.csv)
22:48:54.472 INFO  c.s.a.c.u.CSVFileCollectionList - Writer opended : PmdResult (File = /tmp/collection2940657801137750662.csv)
22:48:54.472 INFO  c.s.a.c.u.CSVFileCollectionList - Writer opended : FindBugsResult (File = /tmp/collection6883149156802327859.csv)
22:48:54.472 INFO  c.s.a.c.u.CSVFileCollectionList - Writer opended : FindBugsResult (File = /tmp/collection2367050435596925368.csv)
22:48:54.472 INFO  c.s.a.c.u.CSVFileCollectionList - Writer opended : JDependResult (File = /tmp/collection8986344134669298747.csv)
22:48:54.472 INFO  c.s.a.c.u.CSVFileCollectionList - Writer opended : CkMetricsResult (File = /tmp/collection5481359125485459782.csv)
22:48:54.473 INFO  c.s.a.c.u.CSVFileCollectionList - Writer opended : UnusedCodeResult (File = /tmp/collection4792497224606693009.csv)
22:48:54.473 INFO  c.s.a.c.u.CSVFileCollectionList - Writer opended : CheckStyleResult (File = /tmp/collection3704857374927850905.csv)
Tests run: 7, Failures: 0, Errors: 0, Skipped: 0, Time elapsed: 1.674 sec - in com.samsungsds.analyst.code.unusedcode.UnusedCodeAnalysisLauncherTest
Running com.samsungsds.analyst.code.sonar.server.JettySurrogateSonarServerTest
22:48:55.011 INFO  c.s.a.c.s.s.s.SubmitServlet - Project Key : local:test
22:48:55.017 INFO  c.s.a.c.s.s.s.SubmitServlet - Project Key : local:test
22:48:55.058 INFO  c.s.a.c.s.s.JettySurrogateSonarServer - Shutting down http://127.0.0.1:42609/shutdown?token=55dca24b-8192-48c2-9ff6-222090f961a2 : Connectors closed, commencing full shutdown
Tests run: 2, Failures: 0, Errors: 0, Skipped: 0, Time elapsed: 0.577 sec - in com.samsungsds.analyst.code.sonar.server.JettySurrogateSonarServerTest
Running com.samsungsds.analyst.code.main.CliParserTest
22:48:55.102 INFO  c.s.a.c.m.c.AbstractCliParseProcessor - webapp option not found => disable Web Resources inspection
22:48:55.104 INFO  c.s.a.c.m.c.AbstractCliParseProcessor - webapp option not found => disable Web Resources inspection
22:48:55.114 INFO  c.s.a.c.m.c.AbstractCliParseProcessor - webapp option not found => disable Web Resources inspection
22:48:55.114 INFO  c.s.a.c.m.c.AbstractCliParseProcessor - webapp option not found => disable Web Resources inspection
22:48:55.116 INFO  c.s.a.c.m.c.AbstractCliParseProcessor - webapp option not found => disable Web Resources inspection
22:48:55.120 INFO  c.s.a.c.m.c.AbstractCliParseProcessor - webapp option not found => disable Web Resources inspection
22:48:55.137 INFO  c.s.a.c.m.c.AbstractCliParseProcessor - Rerun with following options
22:48:55.137 INFO  c.s.a.c.m.c.AbstractCliParseProcessor -  - language : java
22:48:55.137 INFO  c.s.a.c.m.c.AbstractCliParseProcessor -  - project : C:\Project
22:48:55.137 INFO  c.s.a.c.m.c.AbstractCliParseProcessor -  - src : src\main\java
22:48:55.137 INFO  c.s.a.c.m.c.AbstractCliParseProcessor -  - binary : target\classes
22:48:55.137 INFO  c.s.a.c.m.c.AbstractCliParseProcessor -  - encoding : UTF-8
22:48:55.137 INFO  c.s.a.c.m.c.AbstractCliParseProcessor -  - java : 1.8
22:48:55.137 INFO  c.s.a.c.m.c.AbstractCliParseProcessor -  - detailAnalysis = true
22:48:55.137 INFO  c.s.a.c.m.c.AbstractCliParseProcessor -  - seperatedOutput = true
22:48:55.137 INFO  c.s.a.c.m.c.AbstractCliParseProcessor - - saveCatalog = true
22:48:55.137 INFO  c.s.a.c.m.c.AbstractCliParseProcessor - - duplication = token
22:48:55.137 INFO  c.s.a.c.m.c.AbstractCliParseProcessor - - tokens = 200
22:48:55.142 INFO  c.s.a.c.m.c.AbstractCliParseProcessor - webapp option not found => disable Web Resources inspection
22:48:55.143 INFO  c.s.a.c.m.c.AbstractCliParseProcessor - webapp option not found => disable Web Resources inspection
22:48:55.144 INFO  c.s.a.c.m.c.AbstractCliParseProcessor - webapp option not found => disable Web Resources inspection
22:48:55.144 INFO  c.s.a.c.m.c.AbstractCliParseProcessor - webapp option not found => disable Web Resources inspection
22:48:55.145 INFO  c.s.a.c.m.c.AbstractCliParseProcessor - webapp option not found => disable Web Resources inspection
22:48:55.146 INFO  c.s.a.c.m.c.AbstractCliParseProcessor - webapp option not found => disable Web Resources inspection
22:48:55.148 INFO  c.s.a.c.m.c.AbstractCliParseProcessor - webapp option not found => disable Web Resources inspection
22:48:55.148 INFO  c.s.a.c.m.c.AbstractCliParseProcessor - webapp option not found => disable Web Resources inspection
22:48:55.148 INFO  c.s.a.c.m.c.AbstractCliParseProcessor - Rerun with following options
22:48:55.148 INFO  c.s.a.c.m.c.AbstractCliParseProcessor -  - language : java
22:48:55.149 INFO  c.s.a.c.m.c.AbstractCliParseProcessor -  - project : C:\Project
22:48:55.149 INFO  c.s.a.c.m.c.AbstractCliParseProcessor -  - src : src\main\java
22:48:55.149 INFO  c.s.a.c.m.c.AbstractCliParseProcessor -  - binary : target\classes
22:48:55.149 INFO  c.s.a.c.m.c.AbstractCliParseProcessor -  - encoding : UTF-8
22:48:55.149 INFO  c.s.a.c.m.c.AbstractCliParseProcessor -  - java : 1.8
22:48:55.149 INFO  c.s.a.c.m.c.AbstractCliParseProcessor -  - mode : code-size,-duplication
22:48:55.150 INFO  c.s.a.c.m.c.AbstractCliParseProcessor - webapp option not found => disable Web Resources inspection
22:48:55.151 INFO  c.s.a.c.m.c.AbstractCliParseProcessor - webapp option not found => disable Web Resources inspection
22:48:55.152 INFO  c.s.a.c.m.c.AbstractCliParseProcessor - webapp option not found => disable Web Resources inspection
22:48:55.153 INFO  c.s.a.c.m.c.AbstractCliParseProcessor - webapp option not found => disable Web Resources inspection
22:48:55.153 INFO  c.s.a.c.m.c.AbstractCliParseProcessor - webapp option not found => disable Web Resources inspection
22:48:55.154 ERROR c.s.a.c.m.c.CliParseProcessorForJava - Failed to parse command line
org.apache.commons.cli.MissingArgumentException: Missing argument for option: p
	at org.apache.commons.cli.DefaultParser.checkRequiredArgs(DefaultParser.java:211) ~[commons-cli-1.3.1.jar:1.3.1]
	at org.apache.commons.cli.DefaultParser.handleOption(DefaultParser.java:599) ~[commons-cli-1.3.1.jar:1.3.1]
	at org.apache.commons.cli.DefaultParser.handleShortAndLongOption(DefaultParser.java:480) ~[commons-cli-1.3.1.jar:1.3.1]
	at org.apache.commons.cli.DefaultParser.handleToken(DefaultParser.java:243) ~[commons-cli-1.3.1.jar:1.3.1]
	at org.apache.commons.cli.DefaultParser.parse(DefaultParser.java:120) ~[commons-cli-1.3.1.jar:1.3.1]
	at org.apache.commons.cli.DefaultParser.parse(DefaultParser.java:76) ~[commons-cli-1.3.1.jar:1.3.1]
	at org.apache.commons.cli.DefaultParser.parse(DefaultParser.java:60) ~[commons-cli-1.3.1.jar:1.3.1]
	at com.samsungsds.analyst.code.main.cli.CliParseProcessorForJava.parseAndSaveParsedValue(CliParseProcessorForJava.java:114) [classes/:?]
	at com.samsungsds.analyst.code.main.CliParser.parse(CliParser.java:61) [classes/:?]
	at com.samsungsds.analyst.code.main.CliParserTest.testForParseError(CliParserTest.java:572) [test-classes/:?]
	at sun.reflect.NativeMethodAccessorImpl.invoke0(Native Method) ~[?:1.8.0_262]
	at sun.reflect.NativeMethodAccessorImpl.invoke(NativeMethodAccessorImpl.java:62) ~[?:1.8.0_262]
	at sun.reflect.DelegatingMethodAccessorImpl.invoke(DelegatingMethodAccessorImpl.java:43) ~[?:1.8.0_262]
	at java.lang.reflect.Method.invoke(Method.java:498) ~[?:1.8.0_262]
	at org.junit.runners.model.FrameworkMethod$1.runReflectiveCall(FrameworkMethod.java:50) [junit-4.12.jar:4.12]
	at org.junit.internal.runners.model.ReflectiveCallable.run(ReflectiveCallable.java:12) [junit-4.12.jar:4.12]
	at org.junit.runners.model.FrameworkMethod.invokeExplosively(FrameworkMethod.java:47) [junit-4.12.jar:4.12]
	at org.junit.internal.runners.statements.InvokeMethod.evaluate(InvokeMethod.java:17) [junit-4.12.jar:4.12]
	at org.junit.internal.runners.statements.RunBefores.evaluate(RunBefores.java:26) [junit-4.12.jar:4.12]
	at org.junit.internal.runners.statements.RunAfters.evaluate(RunAfters.java:27) [junit-4.12.jar:4.12]
	at org.junit.runners.ParentRunner.runLeaf(ParentRunner.java:325) [junit-4.12.jar:4.12]
	at org.junit.runners.BlockJUnit4ClassRunner.runChild(BlockJUnit4ClassRunner.java:78) [junit-4.12.jar:4.12]
	at org.junit.runners.BlockJUnit4ClassRunner.runChild(BlockJUnit4ClassRunner.java:57) [junit-4.12.jar:4.12]
	at org.junit.runners.ParentRunner$3.run(ParentRunner.java:290) [junit-4.12.jar:4.12]
	at org.junit.runners.ParentRunner$1.schedule(ParentRunner.java:71) [junit-4.12.jar:4.12]
	at org.junit.runners.ParentRunner.runChildren(ParentRunner.java:288) [junit-4.12.jar:4.12]
	at org.junit.runners.ParentRunner.access$000(ParentRunner.java:58) [junit-4.12.jar:4.12]
	at org.junit.runners.ParentRunner$2.evaluate(ParentRunner.java:268) [junit-4.12.jar:4.12]
	at org.junit.runners.ParentRunner.run(ParentRunner.java:363) [junit-4.12.jar:4.12]
	at org.apache.maven.surefire.junit4.JUnit4Provider.execute(JUnit4Provider.java:367) [surefire-junit4-2.19.1.jar:2.19.1]
	at org.apache.maven.surefire.junit4.JUnit4Provider.executeWithRerun(JUnit4Provider.java:274) [surefire-junit4-2.19.1.jar:2.19.1]
	at org.apache.maven.surefire.junit4.JUnit4Provider.executeTestSet(JUnit4Provider.java:238) [surefire-junit4-2.19.1.jar:2.19.1]
	at org.apache.maven.surefire.junit4.JUnit4Provider.invoke(JUnit4Provider.java:161) [surefire-junit4-2.19.1.jar:2.19.1]
	at org.apache.maven.surefire.booter.ForkedBooter.invokeProviderInSameClassLoader(ForkedBooter.java:290) [surefire-booter-2.19.1.jar:2.19.1]
	at org.apache.maven.surefire.booter.ForkedBooter.runSuitesInProcess(ForkedBooter.java:242) [surefire-booter-2.19.1.jar:2.19.1]
	at org.apache.maven.surefire.booter.ForkedBooter.main(ForkedBooter.java:121) [surefire-booter-2.19.1.jar:2.19.1]
22:48:55.162 INFO  c.s.a.c.m.c.AbstractCliParseProcessor - webapp option not found => disable Web Resources inspection
22:48:55.163 INFO  c.s.a.c.m.c.AbstractCliParseProcessor - webapp option not found => disable Web Resources inspection
22:48:55.165 INFO  c.s.a.c.m.c.AbstractCliParseProcessor - webapp option not found => disable Web Resources inspection
22:48:55.166 INFO  c.s.a.c.m.c.AbstractCliParseProcessor - webapp option not found => disable Web Resources inspection
22:48:55.167 INFO  c.s.a.c.m.c.AbstractCliParseProcessor - Rerun with following options
22:48:55.167 INFO  c.s.a.c.m.c.AbstractCliParseProcessor -  - language : java
22:48:55.167 INFO  c.s.a.c.m.c.AbstractCliParseProcessor -  - project : C:\Project
22:48:55.167 INFO  c.s.a.c.m.c.AbstractCliParseProcessor -  - src : src\main\java
22:48:55.167 INFO  c.s.a.c.m.c.AbstractCliParseProcessor -  - binary : target\classes
22:48:55.167 INFO  c.s.a.c.m.c.AbstractCliParseProcessor -  - encoding : UTF-8
22:48:55.167 INFO  c.s.a.c.m.c.AbstractCliParseProcessor -  - java : 1.8
Tests run: 32, Failures: 0, Errors: 0, Skipped: 0, Time elapsed: 0.116 sec - in com.samsungsds.analyst.code.main.CliParserTest
Running com.samsungsds.analyst.code.main.detailed.DuplicationDetailAnalystTest
Tests run: 4, Failures: 0, Errors: 0, Skipped: 0, Time elapsed: 0 sec - in com.samsungsds.analyst.code.main.detailed.DuplicationDetailAnalystTest
Running com.samsungsds.analyst.code.main.SourceFileHandlerTest
22:48:55.173 INFO  c.s.a.c.m.SourceFileHandler - Modified directories or files : ./src/main/java
22:48:55.177 INFO  c.s.a.c.m.SourceFileHandler - Modified directories or files : ./src/main/java
Tests run: 3, Failures: 0, Errors: 0, Skipped: 0, Time elapsed: 0.001 sec - in com.samsungsds.analyst.code.main.SourceFileHandlerTest
Running com.samsungsds.analyst.code.util.CSVUtilTest
Tests run: 5, Failures: 0, Errors: 0, Skipped: 0, Time elapsed: 0 sec - in com.samsungsds.analyst.code.util.CSVUtilTest

Results :

Tests run: 59, Failures: 0, Errors: 0, Skipped: 0

[INFO] 
[INFO] --- jacoco-maven-plugin:0.8.5:report (report) @ code-analyst ---
[INFO] Loading execution data file /tmp/tmp_qy4nobi/code-analyst/target/jacoco.exec
[INFO] ------------------------------------------------------------------------
[INFO] BUILD FAILURE
[INFO] ------------------------------------------------------------------------
[INFO] Total time:  43.321 s
[INFO] Finished at: 2020-07-30T22:48:56Z
[INFO] ------------------------------------------------------------------------
[ERROR] Failed to execute goal org.jacoco:jacoco-maven-plugin:0.8.5:report (report) on project code-analyst: An error has occurred in JaCoCo report generation. Error while creating report: Error while analyzing /tmp/tmp_qy4nobi/code-analyst/target/classes/statics/sonar-python-plugin-1.14.1.3143.jar@javax/annotation/CheckForNull.class. Can't add different class with same name: javax/annotation/CheckForNull -> [Help 1]
org.apache.maven.lifecycle.LifecycleExecutionException: Failed to execute goal org.jacoco:jacoco-maven-plugin:0.8.5:report (report) on project code-analyst: An error has occurred in JaCoCo report generation.
    at org.apache.maven.lifecycle.internal.MojoExecutor.execute (MojoExecutor.java:215)
    at org.apache.maven.lifecycle.internal.MojoExecutor.execute (MojoExecutor.java:156)
    at org.apache.maven.lifecycle.internal.MojoExecutor.execute (MojoExecutor.java:148)
    at org.apache.maven.lifecycle.internal.LifecycleModuleBuilder.buildProject (LifecycleModuleBuilder.java:117)
    at org.apache.maven.lifecycle.internal.LifecycleModuleBuilder.buildProject (LifecycleModuleBuilder.java:81)
    at org.apache.maven.lifecycle.internal.builder.singlethreaded.SingleThreadedBuilder.build (SingleThreadedBuilder.java:56)
    at org.apache.maven.lifecycle.internal.LifecycleStarter.execute (LifecycleStarter.java:128)
    at org.apache.maven.DefaultMaven.doExecute (DefaultMaven.java:305)
    at org.apache.maven.DefaultMaven.doExecute (DefaultMaven.java:192)
    at org.apache.maven.DefaultMaven.execute (DefaultMaven.java:105)
    at org.apache.maven.cli.MavenCli.execute (MavenCli.java:957)
    at org.apache.maven.cli.MavenCli.doMain (MavenCli.java:289)
    at org.apache.maven.cli.MavenCli.main (MavenCli.java:193)
    at sun.reflect.NativeMethodAccessorImpl.invoke0 (Native Method)
    at sun.reflect.NativeMethodAccessorImpl.invoke (NativeMethodAccessorImpl.java:62)
    at sun.reflect.DelegatingMethodAccessorImpl.invoke (DelegatingMethodAccessorImpl.java:43)
    at java.lang.reflect.Method.invoke (Method.java:498)
    at org.codehaus.plexus.classworlds.launcher.Launcher.launchEnhanced (Launcher.java:282)
    at org.codehaus.plexus.classworlds.launcher.Launcher.launch (Launcher.java:225)
    at org.codehaus.plexus.classworlds.launcher.Launcher.mainWithExitCode (Launcher.java:406)
    at org.codehaus.plexus.classworlds.launcher.Launcher.main (Launcher.java:347)
Caused by: org.apache.maven.plugin.MojoExecutionException: An error has occurred in JaCoCo report generation.
    at org.jacoco.maven.AbstractReportMojo.execute (AbstractReportMojo.java:168)
    at org.apache.maven.plugin.DefaultBuildPluginManager.executeMojo (DefaultBuildPluginManager.java:137)
    at org.apache.maven.lifecycle.internal.MojoExecutor.execute (MojoExecutor.java:210)
    at org.apache.maven.lifecycle.internal.MojoExecutor.execute (MojoExecutor.java:156)
    at org.apache.maven.lifecycle.internal.MojoExecutor.execute (MojoExecutor.java:148)
    at org.apache.maven.lifecycle.internal.LifecycleModuleBuilder.buildProject (LifecycleModuleBuilder.java:117)
    at org.apache.maven.lifecycle.internal.LifecycleModuleBuilder.buildProject (LifecycleModuleBuilder.java:81)
    at org.apache.maven.lifecycle.internal.builder.singlethreaded.SingleThreadedBuilder.build (SingleThreadedBuilder.java:56)
    at org.apache.maven.lifecycle.internal.LifecycleStarter.execute (LifecycleStarter.java:128)
    at org.apache.maven.DefaultMaven.doExecute (DefaultMaven.java:305)
    at org.apache.maven.DefaultMaven.doExecute (DefaultMaven.java:192)
    at org.apache.maven.DefaultMaven.execute (DefaultMaven.java:105)
    at org.apache.maven.cli.MavenCli.execute (MavenCli.java:957)
    at org.apache.maven.cli.MavenCli.doMain (MavenCli.java:289)
    at org.apache.maven.cli.MavenCli.main (MavenCli.java:193)
    at sun.reflect.NativeMethodAccessorImpl.invoke0 (Native Method)
    at sun.reflect.NativeMethodAccessorImpl.invoke (NativeMethodAccessorImpl.java:62)
    at sun.reflect.DelegatingMethodAccessorImpl.invoke (DelegatingMethodAccessorImpl.java:43)
    at java.lang.reflect.Method.invoke (Method.java:498)
    at org.codehaus.plexus.classworlds.launcher.Launcher.launchEnhanced (Launcher.java:282)
    at org.codehaus.plexus.classworlds.launcher.Launcher.launch (Launcher.java:225)
    at org.codehaus.plexus.classworlds.launcher.Launcher.mainWithExitCode (Launcher.java:406)
    at org.codehaus.plexus.classworlds.launcher.Launcher.main (Launcher.java:347)
Caused by: org.apache.maven.reporting.MavenReportException: Error while creating report: Error while analyzing /tmp/tmp_qy4nobi/code-analyst/target/classes/statics/sonar-python-plugin-1.14.1.3143.jar@javax/annotation/CheckForNull.class.
    at org.jacoco.maven.AbstractReportMojo.executeReport (AbstractReportMojo.java:184)
    at org.jacoco.maven.AbstractReportMojo.execute (AbstractReportMojo.java:166)
    at org.apache.maven.plugin.DefaultBuildPluginManager.executeMojo (DefaultBuildPluginManager.java:137)
    at org.apache.maven.lifecycle.internal.MojoExecutor.execute (MojoExecutor.java:210)
    at org.apache.maven.lifecycle.internal.MojoExecutor.execute (MojoExecutor.java:156)
    at org.apache.maven.lifecycle.internal.MojoExecutor.execute (MojoExecutor.java:148)
    at org.apache.maven.lifecycle.internal.LifecycleModuleBuilder.buildProject (LifecycleModuleBuilder.java:117)
    at org.apache.maven.lifecycle.internal.LifecycleModuleBuilder.buildProject (LifecycleModuleBuilder.java:81)
    at org.apache.maven.lifecycle.internal.builder.singlethreaded.SingleThreadedBuilder.build (SingleThreadedBuilder.java:56)
    at org.apache.maven.lifecycle.internal.LifecycleStarter.execute (LifecycleStarter.java:128)
    at org.apache.maven.DefaultMaven.doExecute (DefaultMaven.java:305)
    at org.apache.maven.DefaultMaven.doExecute (DefaultMaven.java:192)
    at org.apache.maven.DefaultMaven.execute (DefaultMaven.java:105)
    at org.apache.maven.cli.MavenCli.execute (MavenCli.java:957)
    at org.apache.maven.cli.MavenCli.doMain (MavenCli.java:289)
    at org.apache.maven.cli.MavenCli.main (MavenCli.java:193)
    at sun.reflect.NativeMethodAccessorImpl.invoke0 (Native Method)
    at sun.reflect.NativeMethodAccessorImpl.invoke (NativeMethodAccessorImpl.java:62)
    at sun.reflect.DelegatingMethodAccessorImpl.invoke (DelegatingMethodAccessorImpl.java:43)
    at java.lang.reflect.Method.invoke (Method.java:498)
    at org.codehaus.plexus.classworlds.launcher.Launcher.launchEnhanced (Launcher.java:282)
    at org.codehaus.plexus.classworlds.launcher.Launcher.launch (Launcher.java:225)
    at org.codehaus.plexus.classworlds.launcher.Launcher.mainWithExitCode (Launcher.java:406)
    at org.codehaus.plexus.classworlds.launcher.Launcher.main (Launcher.java:347)
Caused by: java.io.IOException: Error while analyzing /tmp/tmp_qy4nobi/code-analyst/target/classes/statics/sonar-python-plugin-1.14.1.3143.jar@javax/annotation/CheckForNull.class.
    at org.jacoco.core.analysis.Analyzer.analyzerError (Analyzer.java:162)
    at org.jacoco.core.analysis.Analyzer.analyzeClass (Analyzer.java:134)
    at org.jacoco.core.analysis.Analyzer.analyzeClass (Analyzer.java:157)
    at org.jacoco.core.analysis.Analyzer.analyzeAll (Analyzer.java:193)
    at org.jacoco.core.analysis.Analyzer.analyzeZip (Analyzer.java:265)
    at org.jacoco.core.analysis.Analyzer.analyzeAll (Analyzer.java:196)
    at org.jacoco.core.analysis.Analyzer.analyzeAll (Analyzer.java:226)
    at org.jacoco.maven.ReportSupport.processProject (ReportSupport.java:202)
    at org.jacoco.maven.ReportSupport.processProject (ReportSupport.java:185)
    at org.jacoco.maven.ReportMojo.createReport (ReportMojo.java:74)
    at org.jacoco.maven.AbstractReportMojo.executeReport (AbstractReportMojo.java:181)
    at org.jacoco.maven.AbstractReportMojo.execute (AbstractReportMojo.java:166)
    at org.apache.maven.plugin.DefaultBuildPluginManager.executeMojo (DefaultBuildPluginManager.java:137)
    at org.apache.maven.lifecycle.internal.MojoExecutor.execute (MojoExecutor.java:210)
    at org.apache.maven.lifecycle.internal.MojoExecutor.execute (MojoExecutor.java:156)
    at org.apache.maven.lifecycle.internal.MojoExecutor.execute (MojoExecutor.java:148)
    at org.apache.maven.lifecycle.internal.LifecycleModuleBuilder.buildProject (LifecycleModuleBuilder.java:117)
    at org.apache.maven.lifecycle.internal.LifecycleModuleBuilder.buildProject (LifecycleModuleBuilder.java:81)
    at org.apache.maven.lifecycle.internal.builder.singlethreaded.SingleThreadedBuilder.build (SingleThreadedBuilder.java:56)
    at org.apache.maven.lifecycle.internal.LifecycleStarter.execute (LifecycleStarter.java:128)
    at org.apache.maven.DefaultMaven.doExecute (DefaultMaven.java:305)
    at org.apache.maven.DefaultMaven.doExecute (DefaultMaven.java:192)
    at org.apache.maven.DefaultMaven.execute (DefaultMaven.java:105)
    at org.apache.maven.cli.MavenCli.execute (MavenCli.java:957)
    at org.apache.maven.cli.MavenCli.doMain (MavenCli.java:289)
    at org.apache.maven.cli.MavenCli.main (MavenCli.java:193)
    at sun.reflect.NativeMethodAccessorImpl.invoke0 (Native Method)
    at sun.reflect.NativeMethodAccessorImpl.invoke (NativeMethodAccessorImpl.java:62)
    at sun.reflect.DelegatingMethodAccessorImpl.invoke (DelegatingMethodAccessorImpl.java:43)
    at java.lang.reflect.Method.invoke (Method.java:498)
    at org.codehaus.plexus.classworlds.launcher.Launcher.launchEnhanced (Launcher.java:282)
    at org.codehaus.plexus.classworlds.launcher.Launcher.launch (Launcher.java:225)
    at org.codehaus.plexus.classworlds.launcher.Launcher.mainWithExitCode (Launcher.java:406)
    at org.codehaus.plexus.classworlds.launcher.Launcher.main (Launcher.java:347)
Caused by: java.lang.IllegalStateException: Can't add different class with same name: javax/annotation/CheckForNull
    at org.jacoco.core.analysis.CoverageBuilder.visitCoverage (CoverageBuilder.java:106)
    at org.jacoco.core.analysis.Analyzer$1.visitEnd (Analyzer.java:99)
    at org.objectweb.asm.ClassVisitor.visitEnd (ClassVisitor.java:326)
    at org.jacoco.core.internal.flow.ClassProbesAdapter.visitEnd (ClassProbesAdapter.java:100)
    at org.objectweb.asm.ClassReader.accept (ClassReader.java:692)
    at org.objectweb.asm.ClassReader.accept (ClassReader.java:400)
    at org.jacoco.core.analysis.Analyzer.analyzeClass (Analyzer.java:116)
    at org.jacoco.core.analysis.Analyzer.analyzeClass (Analyzer.java:132)
    at org.jacoco.core.analysis.Analyzer.analyzeClass (Analyzer.java:157)
    at org.jacoco.core.analysis.Analyzer.analyzeAll (Analyzer.java:193)
    at org.jacoco.core.analysis.Analyzer.analyzeZip (Analyzer.java:265)
    at org.jacoco.core.analysis.Analyzer.analyzeAll (Analyzer.java:196)
    at org.jacoco.core.analysis.Analyzer.analyzeAll (Analyzer.java:226)
    at org.jacoco.maven.ReportSupport.processProject (ReportSupport.java:202)
    at org.jacoco.maven.ReportSupport.processProject (ReportSupport.java:185)
    at org.jacoco.maven.ReportMojo.createReport (ReportMojo.java:74)
    at org.jacoco.maven.AbstractReportMojo.executeReport (AbstractReportMojo.java:181)
    at org.jacoco.maven.AbstractReportMojo.execute (AbstractReportMojo.java:166)
    at org.apache.maven.plugin.DefaultBuildPluginManager.executeMojo (DefaultBuildPluginManager.java:137)
    at org.apache.maven.lifecycle.internal.MojoExecutor.execute (MojoExecutor.java:210)
    at org.apache.maven.lifecycle.internal.MojoExecutor.execute (MojoExecutor.java:156)
    at org.apache.maven.lifecycle.internal.MojoExecutor.execute (MojoExecutor.java:148)
    at org.apache.maven.lifecycle.internal.LifecycleModuleBuilder.buildProject (LifecycleModuleBuilder.java:117)
    at org.apache.maven.lifecycle.internal.LifecycleModuleBuilder.buildProject (LifecycleModuleBuilder.java:81)
    at org.apache.maven.lifecycle.internal.builder.singlethreaded.SingleThreadedBuilder.build (SingleThreadedBuilder.java:56)
    at org.apache.maven.lifecycle.internal.LifecycleStarter.execute (LifecycleStarter.java:128)
    at org.apache.maven.DefaultMaven.doExecute (DefaultMaven.java:305)
    at org.apache.maven.DefaultMaven.doExecute (DefaultMaven.java:192)
    at org.apache.maven.DefaultMaven.execute (DefaultMaven.java:105)
    at org.apache.maven.cli.MavenCli.execute (MavenCli.java:957)
    at org.apache.maven.cli.MavenCli.doMain (MavenCli.java:289)
    at org.apache.maven.cli.MavenCli.main (MavenCli.java:193)
    at sun.reflect.NativeMethodAccessorImpl.invoke0 (Native Method)
    at sun.reflect.NativeMethodAccessorImpl.invoke (NativeMethodAccessorImpl.java:62)
    at sun.reflect.DelegatingMethodAccessorImpl.invoke (DelegatingMethodAccessorImpl.java:43)
    at java.lang.reflect.Method.invoke (Method.java:498)
    at org.codehaus.plexus.classworlds.launcher.Launcher.launchEnhanced (Launcher.java:282)
    at org.codehaus.plexus.classworlds.launcher.Launcher.launch (Launcher.java:225)
    at org.codehaus.plexus.classworlds.launcher.Launcher.mainWithExitCode (Launcher.java:406)
    at org.codehaus.plexus.classworlds.launcher.Launcher.main (Launcher.java:347)
[ERROR] 
[ERROR] Re-run Maven using the -X switch to enable full debug logging.
[ERROR] 
[ERROR] For more information about the errors and possible solutions, please read the following articles:
[ERROR] [Help 1] http://cwiki.apache.org/confluence/display/MAVEN/MojoExecutionException
[INFO] Build failures were ignored.
