[INFO] Error stacktraces are turned on.
[INFO] Scanning for projects...
[WARNING] The POM for org.jenkins-ci.tools:maven-hpi-plugin:jar:3.3 is missing, no dependency information available
[WARNING] Failed to build parent project for org.jenkins-ci.plugins:google-kubernetes-engine:hpi:0.8.2-SNAPSHOT
[WARNING] 
[WARNING] Some problems were encountered while building the effective model for org.jenkins-ci.plugins:google-kubernetes-engine:hpi:0.8.2-SNAPSHOT
[WARNING] 'build.plugins.plugin.(groupId:artifactId)' must be unique but found duplicate declaration of plugin org.apache.maven.plugins:maven-surefire-plugin @ line 345, column 15
[WARNING] 
[WARNING] It is highly recommended to fix these problems because they threaten the stability of your build.
[WARNING] 
[WARNING] For this reason, future Maven versions might no longer support building such malformed projects.
[WARNING] 
[INFO] 
[INFO] ----------< org.jenkins-ci.plugins:google-kubernetes-engine >-----------
[INFO] Building Google Kubernetes Engine Plugin 0.8.2-SNAPSHOT
[INFO] --------------------------------[ hpi ]---------------------------------
[INFO] 
[INFO] --- maven-hpi-plugin:3.3:validate (default-validate) @ google-kubernetes-engine ---
[INFO] 
[INFO] --- maven-enforcer-plugin:3.0.0-M2:display-info (display-info) @ google-kubernetes-engine ---
[INFO] Maven Version: 3.6.3
[INFO] JDK Version: 1.8.0_262 normalized as: 1.8.0-262
[INFO] OS Info: Arch: amd64 Family: unix Name: linux Version: 4.15.0-109-generic
[INFO] 
[INFO] --- maven-enforcer-plugin:3.0.0-M2:enforce (display-info) @ google-kubernetes-engine ---
[INFO] Ignoring requireUpperBoundDeps in com.google.code.findbugs:jsr305
[INFO] 
[INFO] >>> maven-javadoc-plugin:3.1.1:javadoc (validate) > generate-sources @ google-kubernetes-engine >>>
[INFO] 
[INFO] --- maven-hpi-plugin:3.3:validate (default-validate) @ google-kubernetes-engine ---
[INFO] 
[INFO] --- maven-enforcer-plugin:3.0.0-M2:display-info (display-info) @ google-kubernetes-engine ---
[INFO] Maven Version: 3.6.3
[INFO] JDK Version: 1.8.0_262 normalized as: 1.8.0-262
[INFO] OS Info: Arch: amd64 Family: unix Name: linux Version: 4.15.0-109-generic
[INFO] 
[INFO] --- maven-enforcer-plugin:3.0.0-M2:enforce (display-info) @ google-kubernetes-engine ---
[INFO] Ignoring requireUpperBoundDeps in com.google.code.findbugs:jsr305
[INFO] 
[INFO] --- xml-format-maven-plugin:3.0.7:xml-format (validate) @ google-kubernetes-engine ---
[INFO] 
[INFO] --- tidy-maven-plugin:1.1.0:pom (validate) @ google-kubernetes-engine ---
[INFO] 
[INFO] --- jacoco-maven-plugin:0.8.5:prepare-agent (default) @ google-kubernetes-engine ---
[INFO] argLine set to -javaagent:/home/jdbl/.m2/repository/org/jacoco/org.jacoco.agent/0.8.5/org.jacoco.agent-0.8.5-runtime.jar=destfile=/tmp/tmp74s9u28d/google-kubernetes-engine-plugin/target/jacoco.exec -Xmx768M -Djava.awt.headless=true
[INFO] 
[INFO] --- maven-localizer-plugin:1.24:generate (default) @ google-kubernetes-engine ---
[INFO] 
[INFO] <<< maven-javadoc-plugin:3.1.1:javadoc (validate) < generate-sources @ google-kubernetes-engine <<<
[INFO] 
[INFO] 
[INFO] --- maven-javadoc-plugin:3.1.1:javadoc (validate) @ google-kubernetes-engine ---
[INFO] Skipping javadoc generation
[INFO] 
[INFO] --- xml-format-maven-plugin:3.0.7:xml-format (validate) @ google-kubernetes-engine ---
[INFO] 
[INFO] --- tidy-maven-plugin:1.1.0:pom (validate) @ google-kubernetes-engine ---
[INFO] 
[INFO] --- jacoco-maven-plugin:0.8.5:prepare-agent (default) @ google-kubernetes-engine ---
[INFO] argLine set to -javaagent:/home/jdbl/.m2/repository/org/jacoco/org.jacoco.agent/0.8.5/org.jacoco.agent-0.8.5-runtime.jar=destfile=/tmp/tmp74s9u28d/google-kubernetes-engine-plugin/target/jacoco.exec -Xmx768M -Djava.awt.headless=true
[INFO] 
[INFO] --- maven-localizer-plugin:1.24:generate (default) @ google-kubernetes-engine ---
[INFO] 
[INFO] --- fmt-maven-plugin:2.8:format (default) @ google-kubernetes-engine ---
[INFO] Processed 24 files (0 reformatted).
[INFO] 
[INFO] --- maven-resources-plugin:3.1.0:resources (default-resources) @ google-kubernetes-engine ---
[INFO] Using 'UTF-8' encoding to copy filtered resources.
[INFO] Copying 18 resources
[INFO] 
[INFO] --- maven-compiler-plugin:3.8.0:compile (default-compile) @ google-kubernetes-engine ---
[INFO] Changes detected - recompiling the module!
[INFO] Compiling 13 source files to /tmp/tmp74s9u28d/google-kubernetes-engine-plugin/target/classes
[INFO] 
[INFO] --- access-modifier-checker:1.16:enforce (default-enforce) @ google-kubernetes-engine ---
[INFO] 
[INFO] --- animal-sniffer-maven-plugin:1.17:check (check) @ google-kubernetes-engine ---
[INFO] Signature checking is skipped.
[INFO] 
[INFO] --- maven-hpi-plugin:3.3:insert-test (default-insert-test) @ google-kubernetes-engine ---
[INFO] 
[INFO] --- gmaven-plugin:1.5-jenkins-3:generateTestStubs (test-in-groovy) @ google-kubernetes-engine ---
[INFO] No sources found for Java stub generation
[INFO] 
[INFO] --- maven-antrun-plugin:1.3:run (createTempDir) @ google-kubernetes-engine ---
[INFO] Executing tasks
    [mkdir] Created dir: /tmp/tmp74s9u28d/google-kubernetes-engine-plugin/target/tmp
[INFO] Executed tasks
[INFO] 
[INFO] --- maven-resources-plugin:3.1.0:testResources (default-testResources) @ google-kubernetes-engine ---
[INFO] Using 'UTF-8' encoding to copy filtered resources.
[INFO] Copying 12 resources
[INFO] 
[INFO] --- maven-compiler-plugin:3.8.0:testCompile (default-testCompile) @ google-kubernetes-engine ---
[INFO] Changes detected - recompiling the module!
[INFO] Compiling 14 source files to /tmp/tmp74s9u28d/google-kubernetes-engine-plugin/target/test-classes
[INFO] -------------------------------------------------------------
[ERROR] COMPILATION ERROR : 
[INFO] -------------------------------------------------------------
[ERROR] /tmp/tmp74s9u28d/google-kubernetes-engine-plugin/src/test/java/com/google/jenkins/plugins/k8sengine/KubeConfigTest.java:[112,47] incompatible types: java.lang.Object cannot be converted to java.util.Map<java.lang.String,java.lang.Object>
[ERROR] /tmp/tmp74s9u28d/google-kubernetes-engine-plugin/src/test/java/com/google/jenkins/plugins/k8sengine/KubeConfigTest.java:[114,18] incompatible types: java.lang.Object cannot be converted to java.util.Map<java.lang.String,java.lang.Object>
[INFO] 2 errors 
[INFO] -------------------------------------------------------------
[INFO] ------------------------------------------------------------------------
[INFO] BUILD FAILURE
[INFO] ------------------------------------------------------------------------
[INFO] Total time:  06:29 min
[INFO] Finished at: 2020-08-03T11:13:31Z
[INFO] ------------------------------------------------------------------------
[ERROR] Failed to execute goal org.apache.maven.plugins:maven-compiler-plugin:3.8.0:testCompile (default-testCompile) on project google-kubernetes-engine: Compilation failure: Compilation failure: 
[ERROR] /tmp/tmp74s9u28d/google-kubernetes-engine-plugin/src/test/java/com/google/jenkins/plugins/k8sengine/KubeConfigTest.java:[112,47] incompatible types: java.lang.Object cannot be converted to java.util.Map<java.lang.String,java.lang.Object>
[ERROR] /tmp/tmp74s9u28d/google-kubernetes-engine-plugin/src/test/java/com/google/jenkins/plugins/k8sengine/KubeConfigTest.java:[114,18] incompatible types: java.lang.Object cannot be converted to java.util.Map<java.lang.String,java.lang.Object>
[ERROR] -> [Help 1]
org.apache.maven.lifecycle.LifecycleExecutionException: Failed to execute goal org.apache.maven.plugins:maven-compiler-plugin:3.8.0:testCompile (default-testCompile) on project google-kubernetes-engine: Compilation failure
    at org.apache.maven.lifecycle.internal.MojoExecutor.execute (MojoExecutor.java:215)
    at org.apache.maven.lifecycle.internal.MojoExecutor.execute (MojoExecutor.java:156)
    at org.apache.maven.lifecycle.internal.MojoExecutor.execute (MojoExecutor.java:148)
    at org.apache.maven.lifecycle.internal.LifecycleModuleBuilder.buildProject (LifecycleModuleBuilder.java:117)
    at org.apache.maven.lifecycle.internal.LifecycleModuleBuilder.buildProject (LifecycleModuleBuilder.java:81)
    at org.apache.maven.lifecycle.internal.builder.singlethreaded.SingleThreadedBuilder.build (SingleThreadedBuilder.java:56)
    at org.apache.maven.lifecycle.internal.LifecycleStarter.execute (LifecycleStarter.java:128)
    at org.apache.maven.DefaultMaven.doExecute (DefaultMaven.java:305)
    at org.apache.maven.DefaultMaven.doExecute (DefaultMaven.java:192)
    at org.apache.maven.DefaultMaven.execute (DefaultMaven.java:105)
    at org.apache.maven.cli.MavenCli.execute (MavenCli.java:957)
    at org.apache.maven.cli.MavenCli.doMain (MavenCli.java:289)
    at org.apache.maven.cli.MavenCli.main (MavenCli.java:193)
    at sun.reflect.NativeMethodAccessorImpl.invoke0 (Native Method)
    at sun.reflect.NativeMethodAccessorImpl.invoke (NativeMethodAccessorImpl.java:62)
    at sun.reflect.DelegatingMethodAccessorImpl.invoke (DelegatingMethodAccessorImpl.java:43)
    at java.lang.reflect.Method.invoke (Method.java:498)
    at org.codehaus.plexus.classworlds.launcher.Launcher.launchEnhanced (Launcher.java:282)
    at org.codehaus.plexus.classworlds.launcher.Launcher.launch (Launcher.java:225)
    at org.codehaus.plexus.classworlds.launcher.Launcher.mainWithExitCode (Launcher.java:406)
    at org.codehaus.plexus.classworlds.launcher.Launcher.main (Launcher.java:347)
Caused by: org.apache.maven.plugin.compiler.CompilationFailureException: Compilation failure
    at org.apache.maven.plugin.compiler.AbstractCompilerMojo.execute (AbstractCompilerMojo.java:1215)
    at org.apache.maven.plugin.compiler.TestCompilerMojo.execute (TestCompilerMojo.java:181)
    at org.apache.maven.plugin.DefaultBuildPluginManager.executeMojo (DefaultBuildPluginManager.java:137)
    at org.apache.maven.lifecycle.internal.MojoExecutor.execute (MojoExecutor.java:210)
    at org.apache.maven.lifecycle.internal.MojoExecutor.execute (MojoExecutor.java:156)
    at org.apache.maven.lifecycle.internal.MojoExecutor.execute (MojoExecutor.java:148)
    at org.apache.maven.lifecycle.internal.LifecycleModuleBuilder.buildProject (LifecycleModuleBuilder.java:117)
    at org.apache.maven.lifecycle.internal.LifecycleModuleBuilder.buildProject (LifecycleModuleBuilder.java:81)
    at org.apache.maven.lifecycle.internal.builder.singlethreaded.SingleThreadedBuilder.build (SingleThreadedBuilder.java:56)
    at org.apache.maven.lifecycle.internal.LifecycleStarter.execute (LifecycleStarter.java:128)
    at org.apache.maven.DefaultMaven.doExecute (DefaultMaven.java:305)
    at org.apache.maven.DefaultMaven.doExecute (DefaultMaven.java:192)
    at org.apache.maven.DefaultMaven.execute (DefaultMaven.java:105)
    at org.apache.maven.cli.MavenCli.execute (MavenCli.java:957)
    at org.apache.maven.cli.MavenCli.doMain (MavenCli.java:289)
    at org.apache.maven.cli.MavenCli.main (MavenCli.java:193)
    at sun.reflect.NativeMethodAccessorImpl.invoke0 (Native Method)
    at sun.reflect.NativeMethodAccessorImpl.invoke (NativeMethodAccessorImpl.java:62)
    at sun.reflect.DelegatingMethodAccessorImpl.invoke (DelegatingMethodAccessorImpl.java:43)
    at java.lang.reflect.Method.invoke (Method.java:498)
    at org.codehaus.plexus.classworlds.launcher.Launcher.launchEnhanced (Launcher.java:282)
    at org.codehaus.plexus.classworlds.launcher.Launcher.launch (Launcher.java:225)
    at org.codehaus.plexus.classworlds.launcher.Launcher.mainWithExitCode (Launcher.java:406)
    at org.codehaus.plexus.classworlds.launcher.Launcher.main (Launcher.java:347)
[ERROR] 
[ERROR] Re-run Maven using the -X switch to enable full debug logging.
[ERROR] 
[ERROR] For more information about the errors and possible solutions, please read the following articles:
[ERROR] [Help 1] http://cwiki.apache.org/confluence/display/MAVEN/MojoFailureException
[INFO] Build failures were ignored.
