[INFO] Error stacktraces are turned on.
[INFO] Scanning for projects...
[INFO] 
[INFO] ----------------< org.apache.commons:commons-compress >-----------------
[INFO] Building Apache Commons Compress 1.11
[INFO] --------------------------------[ jar ]---------------------------------
[INFO] 
[INFO] --- maven-enforcer-plugin:1.3.1:enforce (enforce-maven-3) @ commons-compress ---
[INFO] 
[INFO] --- build-helper-maven-plugin:1.9.1:parse-version (parse-version) @ commons-compress ---
[INFO] 
[INFO] --- maven-antrun-plugin:1.8:run (javadoc.resources) @ commons-compress ---
[INFO] Executing tasks

main:
     [copy] Copying 2 files to /tmp/tmpky1xchy_/commons-compress/target/apidocs/META-INF
[INFO] Executed tasks
[INFO] 
[INFO] --- maven-remote-resources-plugin:1.5:process (default) @ commons-compress ---
[INFO] 
[INFO] --- buildnumber-maven-plugin:1.3:create (default) @ commons-compress ---
[INFO] Executing: /bin/sh -c cd /tmp/tmpky1xchy_/commons-compress && git rev-parse --verify HEAD
[INFO] Working directory: /tmp/tmpky1xchy_/commons-compress
[INFO] Storing buildNumber: null at timestamp: 1596448390108
[WARNING] Cannot get the branch information from the git repository: 
Detecting the current branch failed: fatal: ref HEAD is not a symbolic ref

[INFO] Executing: /bin/sh -c cd /tmp/tmpky1xchy_/commons-compress && git rev-parse --verify HEAD
[INFO] Working directory: /tmp/tmpky1xchy_/commons-compress
[INFO] Storing buildScmBranch: UNKNOWN
[INFO] 
[INFO] --- maven-resources-plugin:2.7:resources (default-resources) @ commons-compress ---
[INFO] Using 'iso-8859-1' encoding to copy filtered resources.
[INFO] skip non existing resourceDirectory /tmp/tmpky1xchy_/commons-compress/src/main/resources
[INFO] Copying 2 resources to META-INF
[INFO] 
[INFO] --- maven-compiler-plugin:3.3:compile (default-compile) @ commons-compress ---
[INFO] Changes detected - recompiling the module!
[INFO] Compiling 165 source files to /tmp/tmpky1xchy_/commons-compress/target/classes
[INFO] 
[INFO] --- maven-bundle-plugin:2.5.3:manifest (bundle-manifest) @ commons-compress ---
[INFO] 
[INFO] --- animal-sniffer-maven-plugin:1.14:check (checkAPIcompatibility) @ commons-compress ---
[INFO] Signature checking is skipped.
[INFO] 
[INFO] --- maven-resources-plugin:2.7:testResources (default-testResources) @ commons-compress ---
[INFO] Using 'iso-8859-1' encoding to copy filtered resources.
[INFO] Copying 148 resources
[INFO] Copying 2 resources to META-INF
[INFO] 
[INFO] --- maven-compiler-plugin:3.3:testCompile (default-testCompile) @ commons-compress ---
[INFO] Changes detected - recompiling the module!
[INFO] Compiling 98 source files to /tmp/tmpky1xchy_/commons-compress/target/test-classes
[INFO] /tmp/tmpky1xchy_/commons-compress/src/test/java/org/apache/commons/compress/archivers/zip/X5455_ExtendedTimestampTest.java: /tmp/tmpky1xchy_/commons-compress/src/test/java/org/apache/commons/compress/archivers/zip/X5455_ExtendedTimestampTest.java uses or overrides a deprecated API.
[INFO] /tmp/tmpky1xchy_/commons-compress/src/test/java/org/apache/commons/compress/archivers/zip/X5455_ExtendedTimestampTest.java: Recompile with -Xlint:deprecation for details.
[INFO] 
[INFO] --- maven-surefire-plugin:2.18.1:test (default-test) @ commons-compress ---
[INFO] Surefire report directory: /tmp/tmpky1xchy_/commons-compress/target/surefire-reports

-------------------------------------------------------
 T E S T S
-------------------------------------------------------
Running org.apache.commons.compress.utils.CountingStreamTest
Tests run: 2, Failures: 0, Errors: 0, Skipped: 0, Time elapsed: 0.001 sec - in org.apache.commons.compress.utils.CountingStreamTest
Running org.apache.commons.compress.utils.BitInputStreamTest
Tests run: 12, Failures: 0, Errors: 0, Skipped: 0, Time elapsed: 0 sec - in org.apache.commons.compress.utils.BitInputStreamTest
Running org.apache.commons.compress.utils.IOUtilsTest
Tests run: 3, Failures: 0, Errors: 0, Skipped: 0, Time elapsed: 0 sec - in org.apache.commons.compress.utils.IOUtilsTest
Running org.apache.commons.compress.utils.CharsetsTest
Tests run: 7, Failures: 0, Errors: 0, Skipped: 0, Time elapsed: 0 sec - in org.apache.commons.compress.utils.CharsetsTest
Running org.apache.commons.compress.ChainingTestCase
Tests run: 2, Failures: 0, Errors: 0, Skipped: 0, Time elapsed: 0.011 sec - in org.apache.commons.compress.ChainingTestCase
Running org.apache.commons.compress.DetectArchiverTestCase
Tests run: 7, Failures: 0, Errors: 0, Skipped: 0, Time elapsed: 0.053 sec - in org.apache.commons.compress.DetectArchiverTestCase
Running org.apache.commons.compress.compressors.BZip2UtilsTestCase
Tests run: 3, Failures: 0, Errors: 0, Skipped: 0, Time elapsed: 0.001 sec - in org.apache.commons.compress.compressors.BZip2UtilsTestCase
Running org.apache.commons.compress.compressors.pack200.Pack200UtilsTest
Tests run: 2, Failures: 0, Errors: 0, Skipped: 0, Time elapsed: 0.047 sec - in org.apache.commons.compress.compressors.pack200.Pack200UtilsTest
Running org.apache.commons.compress.compressors.bzip2.PythonTruncatedBzip2Test
Attempt to read the whole thing in, should throw ...
Tests run: 2, Failures: 0, Errors: 0, Skipped: 0, Time elapsed: 0.011 sec - in org.apache.commons.compress.compressors.bzip2.PythonTruncatedBzip2Test
Running org.apache.commons.compress.compressors.bzip2.BZip2CompressorInputStreamTest
Tests run: 2, Failures: 0, Errors: 0, Skipped: 0, Time elapsed: 0.465 sec - in org.apache.commons.compress.compressors.bzip2.BZip2CompressorInputStreamTest
Running org.apache.commons.compress.compressors.bzip2.BlockSortTest
Tests run: 7, Failures: 0, Errors: 0, Skipped: 0, Time elapsed: 0.003 sec - in org.apache.commons.compress.compressors.bzip2.BlockSortTest
Running org.apache.commons.compress.compressors.FramedSnappyTestCase
Tests run: 3, Failures: 0, Errors: 0, Skipped: 0, Time elapsed: 0.006 sec - in org.apache.commons.compress.compressors.FramedSnappyTestCase
Running org.apache.commons.compress.compressors.DeflateTestCase
Tests run: 4, Failures: 0, Errors: 0, Skipped: 0, Time elapsed: 0.002 sec - in org.apache.commons.compress.compressors.DeflateTestCase
Running org.apache.commons.compress.compressors.snappy.FramedSnappyCompressorInputStreamTest
Tests run: 6, Failures: 0, Errors: 0, Skipped: 0, Time elapsed: 0.031 sec - in org.apache.commons.compress.compressors.snappy.FramedSnappyCompressorInputStreamTest
Running org.apache.commons.compress.compressors.LZMATestCase
Tests run: 2, Failures: 0, Errors: 0, Skipped: 0, Time elapsed: 0.015 sec - in org.apache.commons.compress.compressors.LZMATestCase
Running org.apache.commons.compress.compressors.deflate.DeflateCompressorOutputStreamTest
Tests run: 1, Failures: 0, Errors: 0, Skipped: 0, Time elapsed: 0.001 sec - in org.apache.commons.compress.compressors.deflate.DeflateCompressorOutputStreamTest
Running org.apache.commons.compress.compressors.deflate.DeflateParametersTest
Tests run: 3, Failures: 0, Errors: 0, Skipped: 0, Time elapsed: 0.001 sec - in org.apache.commons.compress.compressors.deflate.DeflateParametersTest
Running org.apache.commons.compress.compressors.deflate.DeflateCompressorInputStreamTest
Tests run: 4, Failures: 0, Errors: 0, Skipped: 0, Time elapsed: 0 sec - in org.apache.commons.compress.compressors.deflate.DeflateCompressorInputStreamTest
Running org.apache.commons.compress.compressors.BZip2TestCase
Tests run: 5, Failures: 0, Errors: 0, Skipped: 0, Time elapsed: 0.003 sec - in org.apache.commons.compress.compressors.BZip2TestCase
Running org.apache.commons.compress.compressors.GZipTestCase
Tests run: 13, Failures: 0, Errors: 0, Skipped: 0, Time elapsed: 0.009 sec - in org.apache.commons.compress.compressors.GZipTestCase
Running org.apache.commons.compress.compressors.GzipUtilsTestCase
Tests run: 3, Failures: 0, Errors: 0, Skipped: 0, Time elapsed: 0 sec - in org.apache.commons.compress.compressors.GzipUtilsTestCase
Running org.apache.commons.compress.compressors.XZTestCase
XZTestCase: HeapMax=1193279488 bytes 1138.0 MB
Tests run: 4, Failures: 0, Errors: 0, Skipped: 0, Time elapsed: 0.063 sec - in org.apache.commons.compress.compressors.XZTestCase
Running org.apache.commons.compress.compressors.DetectCompressorTestCase
Tests run: 3, Failures: 0, Errors: 0, Skipped: 0, Time elapsed: 0.011 sec - in org.apache.commons.compress.compressors.DetectCompressorTestCase
Running org.apache.commons.compress.compressors.ZTestCase
Tests run: 4, Failures: 0, Errors: 0, Skipped: 0, Time elapsed: 0.006 sec - in org.apache.commons.compress.compressors.ZTestCase
Running org.apache.commons.compress.compressors.xz.XZUtilsTestCase
Tests run: 7, Failures: 0, Errors: 0, Skipped: 0, Time elapsed: 0 sec - in org.apache.commons.compress.compressors.xz.XZUtilsTestCase
Running org.apache.commons.compress.compressors.xz.XZCompressorInputStreamTest
Tests run: 1, Failures: 0, Errors: 0, Skipped: 0, Time elapsed: 0 sec - in org.apache.commons.compress.compressors.xz.XZCompressorInputStreamTest
Running org.apache.commons.compress.compressors.lzma.LZMAUtilsTestCase
Tests run: 7, Failures: 0, Errors: 0, Skipped: 0, Time elapsed: 0 sec - in org.apache.commons.compress.compressors.lzma.LZMAUtilsTestCase
Running org.apache.commons.compress.compressors.Pack200TestCase
Tests run: 11, Failures: 0, Errors: 0, Skipped: 0, Time elapsed: 0.054 sec - in org.apache.commons.compress.compressors.Pack200TestCase
Running org.apache.commons.compress.ArchiveUtilsTest
Tests run: 3, Failures: 0, Errors: 0, Skipped: 0, Time elapsed: 0.001 sec - in org.apache.commons.compress.ArchiveUtilsTest
Running org.apache.commons.compress.ArchiveReadTest
Tests run: 18, Failures: 0, Errors: 0, Skipped: 0, Time elapsed: 0.032 sec - in org.apache.commons.compress.ArchiveReadTest
Running org.apache.commons.compress.archivers.ArchiveOutputStreamTest
Tests run: 7, Failures: 0, Errors: 0, Skipped: 0, Time elapsed: 0.007 sec - in org.apache.commons.compress.archivers.ArchiveOutputStreamTest
Running org.apache.commons.compress.archivers.ZipTestCase
Tests run: 13, Failures: 0, Errors: 0, Skipped: 0, Time elapsed: 0.043 sec - in org.apache.commons.compress.archivers.ZipTestCase
Running org.apache.commons.compress.archivers.sevenz.SevenZOutputFileTest
Tests run: 30, Failures: 0, Errors: 0, Skipped: 0, Time elapsed: 0.574 sec - in org.apache.commons.compress.archivers.sevenz.SevenZOutputFileTest
Running org.apache.commons.compress.archivers.sevenz.SevenZMethodConfigurationTest
Tests run: 6, Failures: 0, Errors: 0, Skipped: 0, Time elapsed: 0.001 sec - in org.apache.commons.compress.archivers.sevenz.SevenZMethodConfigurationTest
Running org.apache.commons.compress.archivers.sevenz.SevenZArchiveEntryTest
Tests run: 3, Failures: 0, Errors: 0, Skipped: 0, Time elapsed: 0 sec - in org.apache.commons.compress.archivers.sevenz.SevenZArchiveEntryTest
Running org.apache.commons.compress.archivers.sevenz.SevenZFileTest
Tests run: 13, Failures: 0, Errors: 0, Skipped: 0, Time elapsed: 0.389 sec - in org.apache.commons.compress.archivers.sevenz.SevenZFileTest
Running org.apache.commons.compress.archivers.cpio.CpioUtilTest
Tests run: 4, Failures: 0, Errors: 0, Skipped: 0, Time elapsed: 0 sec - in org.apache.commons.compress.archivers.cpio.CpioUtilTest
Running org.apache.commons.compress.archivers.cpio.CpioArchiveInputStreamTest
Tests run: 2, Failures: 0, Errors: 0, Skipped: 0, Time elapsed: 0 sec - in org.apache.commons.compress.archivers.cpio.CpioArchiveInputStreamTest
Running org.apache.commons.compress.archivers.cpio.CpioArchiveOutputStreamTest
Tests run: 1, Failures: 0, Errors: 0, Skipped: 0, Time elapsed: 0 sec - in org.apache.commons.compress.archivers.cpio.CpioArchiveOutputStreamTest
Running org.apache.commons.compress.archivers.arj.ArjArchiveInputStreamTest
Tests run: 3, Failures: 0, Errors: 0, Skipped: 0, Time elapsed: 0.001 sec - in org.apache.commons.compress.archivers.arj.ArjArchiveInputStreamTest
Running org.apache.commons.compress.archivers.tar.TarUtilsTest
Tests run: 16, Failures: 0, Errors: 0, Skipped: 0, Time elapsed: 0 sec - in org.apache.commons.compress.archivers.tar.TarUtilsTest
Running org.apache.commons.compress.archivers.tar.SparseFilesTest
Tests run: 2, Failures: 0, Errors: 0, Skipped: 0, Time elapsed: 0 sec - in org.apache.commons.compress.archivers.tar.SparseFilesTest
Running org.apache.commons.compress.archivers.tar.TarArchiveOutputStreamTest
Tests run: 27, Failures: 0, Errors: 0, Skipped: 0, Time elapsed: 2.039 sec - in org.apache.commons.compress.archivers.tar.TarArchiveOutputStreamTest
Running org.apache.commons.compress.archivers.tar.TarArchiveInputStreamTest
Tests run: 15, Failures: 0, Errors: 0, Skipped: 0, Time elapsed: 0.016 sec - in org.apache.commons.compress.archivers.tar.TarArchiveInputStreamTest
Running org.apache.commons.compress.archivers.tar.TarArchiveEntryTest
Tests run: 6, Failures: 0, Errors: 0, Skipped: 0, Time elapsed: 0 sec - in org.apache.commons.compress.archivers.tar.TarArchiveEntryTest
Running org.apache.commons.compress.archivers.ar.ArArchiveOutputStreamTest
Tests run: 2, Failures: 0, Errors: 0, Skipped: 0, Time elapsed: 0.001 sec - in org.apache.commons.compress.archivers.ar.ArArchiveOutputStreamTest
Running org.apache.commons.compress.archivers.ar.ArArchiveInputStreamTest
Tests run: 2, Failures: 0, Errors: 0, Skipped: 0, Time elapsed: 0.001 sec - in org.apache.commons.compress.archivers.ar.ArArchiveInputStreamTest
Running org.apache.commons.compress.archivers.ArchiveStreamFactoryTest
Tests run: 12, Failures: 0, Errors: 0, Skipped: 0, Time elapsed: 0.076 sec - in org.apache.commons.compress.archivers.ArchiveStreamFactoryTest
Running org.apache.commons.compress.archivers.DumpTestCase
Tests run: 6, Failures: 0, Errors: 0, Skipped: 0, Time elapsed: 0.005 sec - in org.apache.commons.compress.archivers.DumpTestCase
Running org.apache.commons.compress.archivers.jar.JarArchiveOutputStreamTest
Tests run: 1, Failures: 0, Errors: 0, Skipped: 0, Time elapsed: 0.001 sec - in org.apache.commons.compress.archivers.jar.JarArchiveOutputStreamTest
Running org.apache.commons.compress.archivers.zip.X7875_NewUnixTest
Tests run: 5, Failures: 0, Errors: 0, Skipped: 0, Time elapsed: 0.002 sec - in org.apache.commons.compress.archivers.zip.X7875_NewUnixTest
Running org.apache.commons.compress.archivers.zip.ExplodeSupportTest
Tests run: 6, Failures: 0, Errors: 0, Skipped: 0, Time elapsed: 0.02 sec - in org.apache.commons.compress.archivers.zip.ExplodeSupportTest
Running org.apache.commons.compress.archivers.zip.ParallelScatterZipCreatorTest
Tests run: 2, Failures: 0, Errors: 0, Skipped: 0, Time elapsed: 0.357 sec - in org.apache.commons.compress.archivers.zip.ParallelScatterZipCreatorTest
Running org.apache.commons.compress.archivers.zip.BinaryTreeTest
Tests run: 1, Failures: 0, Errors: 0, Skipped: 0, Time elapsed: 0 sec - in org.apache.commons.compress.archivers.zip.BinaryTreeTest
Running org.apache.commons.compress.archivers.zip.ZipEightByteIntegerTest
Tests run: 6, Failures: 0, Errors: 0, Skipped: 0, Time elapsed: 0 sec - in org.apache.commons.compress.archivers.zip.ZipEightByteIntegerTest
Running org.apache.commons.compress.archivers.zip.ExtraFieldUtilsTest
Tests run: 5, Failures: 0, Errors: 0, Skipped: 0, Time elapsed: 0.001 sec - in org.apache.commons.compress.archivers.zip.ExtraFieldUtilsTest
Running org.apache.commons.compress.archivers.zip.ZipEncodingTest
Tests run: 3, Failures: 0, Errors: 0, Skipped: 0, Time elapsed: 0.001 sec - in org.apache.commons.compress.archivers.zip.ZipEncodingTest
Running org.apache.commons.compress.archivers.zip.Zip64ExtendedInformationExtraFieldTest
Tests run: 12, Failures: 0, Errors: 0, Skipped: 0, Time elapsed: 0 sec - in org.apache.commons.compress.archivers.zip.Zip64ExtendedInformationExtraFieldTest
Running org.apache.commons.compress.archivers.zip.Maven221MultiVolumeTest
Tests run: 2, Failures: 0, Errors: 0, Skipped: 0, Time elapsed: 0.041 sec - in org.apache.commons.compress.archivers.zip.Maven221MultiVolumeTest
Running org.apache.commons.compress.archivers.zip.ScatterZipOutputStreamTest
Tests run: 1, Failures: 0, Errors: 0, Skipped: 0, Time elapsed: 0 sec - in org.apache.commons.compress.archivers.zip.ScatterZipOutputStreamTest
Running org.apache.commons.compress.archivers.zip.GeneralPurposeBitTest
Tests run: 7, Failures: 0, Errors: 0, Skipped: 0, Time elapsed: 0 sec - in org.apache.commons.compress.archivers.zip.GeneralPurposeBitTest
Running org.apache.commons.compress.archivers.zip.BitStreamTest
Tests run: 5, Failures: 0, Errors: 0, Skipped: 0, Time elapsed: 0 sec - in org.apache.commons.compress.archivers.zip.BitStreamTest
Running org.apache.commons.compress.archivers.zip.UTF8ZipFilesTest
Tests run: 17, Failures: 0, Errors: 0, Skipped: 0, Time elapsed: 0.083 sec - in org.apache.commons.compress.archivers.zip.UTF8ZipFilesTest
Running org.apache.commons.compress.archivers.zip.X5455_ExtendedTimestampTest
Tests run: 7, Failures: 0, Errors: 0, Skipped: 0, Time elapsed: 0.002 sec - in org.apache.commons.compress.archivers.zip.X5455_ExtendedTimestampTest
Running org.apache.commons.compress.archivers.zip.ZipArchiveInputStreamTest
Tests run: 7, Failures: 0, Errors: 0, Skipped: 0, Time elapsed: 0.002 sec - in org.apache.commons.compress.archivers.zip.ZipArchiveInputStreamTest
Running org.apache.commons.compress.archivers.zip.ScatterSampleTest
Tests run: 1, Failures: 0, Errors: 0, Skipped: 0, Time elapsed: 0.002 sec - in org.apache.commons.compress.archivers.zip.ScatterSampleTest
Running org.apache.commons.compress.archivers.zip.EncryptedArchiveTest
Tests run: 2, Failures: 0, Errors: 0, Skipped: 0, Time elapsed: 0 sec - in org.apache.commons.compress.archivers.zip.EncryptedArchiveTest
Running org.apache.commons.compress.archivers.zip.X000A_NTFSTest
Tests run: 1, Failures: 0, Errors: 0, Skipped: 0, Time elapsed: 0 sec - in org.apache.commons.compress.archivers.zip.X000A_NTFSTest
Running org.apache.commons.compress.archivers.zip.ZipLongTest
Tests run: 6, Failures: 0, Errors: 0, Skipped: 0, Time elapsed: 0 sec - in org.apache.commons.compress.archivers.zip.ZipLongTest
Running org.apache.commons.compress.archivers.zip.CircularBufferTest
Tests run: 2, Failures: 0, Errors: 0, Skipped: 0, Time elapsed: 0 sec - in org.apache.commons.compress.archivers.zip.CircularBufferTest
Running org.apache.commons.compress.archivers.zip.ZipArchiveEntryTest
Tests run: 8, Failures: 0, Errors: 0, Skipped: 0, Time elapsed: 0.001 sec - in org.apache.commons.compress.archivers.zip.ZipArchiveEntryTest
Running org.apache.commons.compress.archivers.zip.ZipFileTest
Tests run: 12, Failures: 0, Errors: 0, Skipped: 0, Time elapsed: 0.005 sec - in org.apache.commons.compress.archivers.zip.ZipFileTest
Running org.apache.commons.compress.archivers.zip.AsiExtraFieldTest
Tests run: 4, Failures: 0, Errors: 0, Skipped: 0, Time elapsed: 0 sec - in org.apache.commons.compress.archivers.zip.AsiExtraFieldTest
Running org.apache.commons.compress.archivers.zip.ZipUtilTest
Tests run: 10, Failures: 0, Errors: 0, Skipped: 0, Time elapsed: 0 sec - in org.apache.commons.compress.archivers.zip.ZipUtilTest
Running org.apache.commons.compress.archivers.zip.ZipShortTest
Tests run: 6, Failures: 0, Errors: 0, Skipped: 0, Time elapsed: 0 sec - in org.apache.commons.compress.archivers.zip.ZipShortTest
Running org.apache.commons.compress.archivers.zip.StreamCompressorTest
Tests run: 2, Failures: 0, Errors: 0, Skipped: 0, Time elapsed: 0 sec - in org.apache.commons.compress.archivers.zip.StreamCompressorTest
Running org.apache.commons.compress.archivers.memory.MemoryArchiveTestCase
Tests run: 1, Failures: 0, Errors: 0, Skipped: 0, Time elapsed: 0 sec - in org.apache.commons.compress.archivers.memory.MemoryArchiveTestCase
Running org.apache.commons.compress.archivers.CpioTestCase
Tests run: 6, Failures: 0, Errors: 0, Skipped: 0, Time elapsed: 0.002 sec - in org.apache.commons.compress.archivers.CpioTestCase
Running org.apache.commons.compress.archivers.ArTestCase
Tests run: 7, Failures: 0, Errors: 0, Skipped: 2, Time elapsed: 0.003 sec - in org.apache.commons.compress.archivers.ArTestCase
Running org.apache.commons.compress.archivers.LongPathTest
Tests run: 24, Failures: 0, Errors: 0, Skipped: 0, Time elapsed: 0.048 sec - in org.apache.commons.compress.archivers.LongPathTest
Running org.apache.commons.compress.archivers.TarTestCase
Tests run: 9, Failures: 0, Errors: 0, Skipped: 0, Time elapsed: 0.004 sec - in org.apache.commons.compress.archivers.TarTestCase
Running org.apache.commons.compress.archivers.dump.DumpArchiveUtilTest
Tests run: 3, Failures: 0, Errors: 0, Skipped: 0, Time elapsed: 0.001 sec - in org.apache.commons.compress.archivers.dump.DumpArchiveUtilTest
Running org.apache.commons.compress.archivers.dump.DumpArchiveInputStreamTest
Tests run: 3, Failures: 0, Errors: 0, Skipped: 0, Time elapsed: 0.001 sec - in org.apache.commons.compress.archivers.dump.DumpArchiveInputStreamTest
Running org.apache.commons.compress.archivers.dump.DumpArchiveEntryTest
Tests run: 2, Failures: 0, Errors: 0, Skipped: 0, Time elapsed: 0 sec - in org.apache.commons.compress.archivers.dump.DumpArchiveEntryTest
Running org.apache.commons.compress.archivers.LongSymLinkTest
Tests run: 1, Failures: 0, Errors: 0, Skipped: 0, Time elapsed: 0 sec - in org.apache.commons.compress.archivers.LongSymLinkTest
Running org.apache.commons.compress.archivers.SevenZTestCase
Tests run: 4, Failures: 0, Errors: 0, Skipped: 0, Time elapsed: 0.059 sec - in org.apache.commons.compress.archivers.SevenZTestCase
Running org.apache.commons.compress.archivers.JarTestCase
Tests run: 3, Failures: 0, Errors: 0, Skipped: 0, Time elapsed: 0.005 sec - in org.apache.commons.compress.archivers.JarTestCase
Running org.apache.commons.compress.archivers.ExceptionMessageTest
Tests run: 4, Failures: 0, Errors: 0, Skipped: 0, Time elapsed: 0 sec - in org.apache.commons.compress.archivers.ExceptionMessageTest
Running org.apache.commons.compress.IOMethodsTest
Tests run: 10, Failures: 0, Errors: 0, Skipped: 0, Time elapsed: 0.01 sec - in org.apache.commons.compress.IOMethodsTest
Running org.apache.commons.compress.changes.ChangeSetTestCase
Tests run: 28, Failures: 0, Errors: 0, Skipped: 0, Time elapsed: 0.091 sec - in org.apache.commons.compress.changes.ChangeSetTestCase

Results :

Tests run: 567, Failures: 0, Errors: 0, Skipped: 2

[INFO] 
[INFO] --- maven-jar-plugin:2.6:jar (default-jar) @ commons-compress ---
[INFO] Building jar: /tmp/tmpky1xchy_/commons-compress/target/commons-compress-1.11.jar
[INFO] 
[INFO] --- maven-site-plugin:3.4:attach-descriptor (attach-descriptor) @ commons-compress ---
[INFO] 
[INFO] --- maven-assembly-plugin:3.2.0:single (default) @ commons-compress ---
[INFO] Reading assembly descriptor: src/assembly/src.xml
[INFO] ------------------------------------------------------------------------
[INFO] BUILD FAILURE
[INFO] ------------------------------------------------------------------------
[INFO] Total time:  18.805 s
[INFO] Finished at: 2020-08-03T09:53:24Z
[INFO] ------------------------------------------------------------------------
[ERROR] Failed to execute goal org.apache.maven.plugins:maven-assembly-plugin:3.2.0:single (default) on project commons-compress: Error reading assemblies: Error locating assembly descriptor: src/assembly/src.xml
[ERROR] 
[ERROR] [1] [INFO] Searching for file location: /tmp/tmpky1xchy_/commons-compress/src/assembly/src.xml
[ERROR] 
[ERROR] [2] [INFO] File: /tmp/tmpky1xchy_/commons-compress/src/assembly/src.xml does not exist.
[ERROR] 
[ERROR] [3] [INFO] File: /tmp/tmpky1xchy_/commons-compress/src/assembly/src.xml does not exist.
[ERROR] -> [Help 1]
org.apache.maven.lifecycle.LifecycleExecutionException: Failed to execute goal org.apache.maven.plugins:maven-assembly-plugin:3.2.0:single (default) on project commons-compress: Error reading assemblies: Error locating assembly descriptor: src/assembly/src.xml

[1] [INFO] Searching for file location: /tmp/tmpky1xchy_/commons-compress/src/assembly/src.xml

[2] [INFO] File: /tmp/tmpky1xchy_/commons-compress/src/assembly/src.xml does not exist.

[3] [INFO] File: /tmp/tmpky1xchy_/commons-compress/src/assembly/src.xml does not exist.
    at org.apache.maven.lifecycle.internal.MojoExecutor.execute (MojoExecutor.java:215)
    at org.apache.maven.lifecycle.internal.MojoExecutor.execute (MojoExecutor.java:156)
    at org.apache.maven.lifecycle.internal.MojoExecutor.execute (MojoExecutor.java:148)
    at org.apache.maven.lifecycle.internal.LifecycleModuleBuilder.buildProject (LifecycleModuleBuilder.java:117)
    at org.apache.maven.lifecycle.internal.LifecycleModuleBuilder.buildProject (LifecycleModuleBuilder.java:81)
    at org.apache.maven.lifecycle.internal.builder.singlethreaded.SingleThreadedBuilder.build (SingleThreadedBuilder.java:56)
    at org.apache.maven.lifecycle.internal.LifecycleStarter.execute (LifecycleStarter.java:128)
    at org.apache.maven.DefaultMaven.doExecute (DefaultMaven.java:305)
    at org.apache.maven.DefaultMaven.doExecute (DefaultMaven.java:192)
    at org.apache.maven.DefaultMaven.execute (DefaultMaven.java:105)
    at org.apache.maven.cli.MavenCli.execute (MavenCli.java:957)
    at org.apache.maven.cli.MavenCli.doMain (MavenCli.java:289)
    at org.apache.maven.cli.MavenCli.main (MavenCli.java:193)
    at sun.reflect.NativeMethodAccessorImpl.invoke0 (Native Method)
    at sun.reflect.NativeMethodAccessorImpl.invoke (NativeMethodAccessorImpl.java:62)
    at sun.reflect.DelegatingMethodAccessorImpl.invoke (DelegatingMethodAccessorImpl.java:43)
    at java.lang.reflect.Method.invoke (Method.java:498)
    at org.codehaus.plexus.classworlds.launcher.Launcher.launchEnhanced (Launcher.java:282)
    at org.codehaus.plexus.classworlds.launcher.Launcher.launch (Launcher.java:225)
    at org.codehaus.plexus.classworlds.launcher.Launcher.mainWithExitCode (Launcher.java:406)
    at org.codehaus.plexus.classworlds.launcher.Launcher.main (Launcher.java:347)
Caused by: org.apache.maven.plugin.MojoExecutionException: Error reading assemblies: Error locating assembly descriptor: src/assembly/src.xml

[1] [INFO] Searching for file location: /tmp/tmpky1xchy_/commons-compress/src/assembly/src.xml

[2] [INFO] File: /tmp/tmpky1xchy_/commons-compress/src/assembly/src.xml does not exist.

[3] [INFO] File: /tmp/tmpky1xchy_/commons-compress/src/assembly/src.xml does not exist.
    at org.apache.maven.plugins.assembly.mojos.AbstractAssemblyMojo.execute (AbstractAssemblyMojo.java:454)
    at org.apache.maven.plugins.assembly.mojos.SingleAssemblyMojo.execute (SingleAssemblyMojo.java:61)
    at org.apache.maven.plugin.DefaultBuildPluginManager.executeMojo (DefaultBuildPluginManager.java:137)
    at org.apache.maven.lifecycle.internal.MojoExecutor.execute (MojoExecutor.java:210)
    at org.apache.maven.lifecycle.internal.MojoExecutor.execute (MojoExecutor.java:156)
    at org.apache.maven.lifecycle.internal.MojoExecutor.execute (MojoExecutor.java:148)
    at org.apache.maven.lifecycle.internal.LifecycleModuleBuilder.buildProject (LifecycleModuleBuilder.java:117)
    at org.apache.maven.lifecycle.internal.LifecycleModuleBuilder.buildProject (LifecycleModuleBuilder.java:81)
    at org.apache.maven.lifecycle.internal.builder.singlethreaded.SingleThreadedBuilder.build (SingleThreadedBuilder.java:56)
    at org.apache.maven.lifecycle.internal.LifecycleStarter.execute (LifecycleStarter.java:128)
    at org.apache.maven.DefaultMaven.doExecute (DefaultMaven.java:305)
    at org.apache.maven.DefaultMaven.doExecute (DefaultMaven.java:192)
    at org.apache.maven.DefaultMaven.execute (DefaultMaven.java:105)
    at org.apache.maven.cli.MavenCli.execute (MavenCli.java:957)
    at org.apache.maven.cli.MavenCli.doMain (MavenCli.java:289)
    at org.apache.maven.cli.MavenCli.main (MavenCli.java:193)
    at sun.reflect.NativeMethodAccessorImpl.invoke0 (Native Method)
    at sun.reflect.NativeMethodAccessorImpl.invoke (NativeMethodAccessorImpl.java:62)
    at sun.reflect.DelegatingMethodAccessorImpl.invoke (DelegatingMethodAccessorImpl.java:43)
    at java.lang.reflect.Method.invoke (Method.java:498)
    at org.codehaus.plexus.classworlds.launcher.Launcher.launchEnhanced (Launcher.java:282)
    at org.codehaus.plexus.classworlds.launcher.Launcher.launch (Launcher.java:225)
    at org.codehaus.plexus.classworlds.launcher.Launcher.mainWithExitCode (Launcher.java:406)
    at org.codehaus.plexus.classworlds.launcher.Launcher.main (Launcher.java:347)
Caused by: org.apache.maven.plugins.assembly.io.AssemblyReadException: Error locating assembly descriptor: src/assembly/src.xml

[1] [INFO] Searching for file location: /tmp/tmpky1xchy_/commons-compress/src/assembly/src.xml

[2] [INFO] File: /tmp/tmpky1xchy_/commons-compress/src/assembly/src.xml does not exist.

[3] [INFO] File: /tmp/tmpky1xchy_/commons-compress/src/assembly/src.xml does not exist.
    at org.apache.maven.plugins.assembly.io.DefaultAssemblyReader.addAssemblyFromDescriptor (DefaultAssemblyReader.java:294)
    at org.apache.maven.plugins.assembly.io.DefaultAssemblyReader.readAssemblies (DefaultAssemblyReader.java:116)
    at org.apache.maven.plugins.assembly.mojos.AbstractAssemblyMojo.execute (AbstractAssemblyMojo.java:450)
    at org.apache.maven.plugins.assembly.mojos.SingleAssemblyMojo.execute (SingleAssemblyMojo.java:61)
    at org.apache.maven.plugin.DefaultBuildPluginManager.executeMojo (DefaultBuildPluginManager.java:137)
    at org.apache.maven.lifecycle.internal.MojoExecutor.execute (MojoExecutor.java:210)
    at org.apache.maven.lifecycle.internal.MojoExecutor.execute (MojoExecutor.java:156)
    at org.apache.maven.lifecycle.internal.MojoExecutor.execute (MojoExecutor.java:148)
    at org.apache.maven.lifecycle.internal.LifecycleModuleBuilder.buildProject (LifecycleModuleBuilder.java:117)
    at org.apache.maven.lifecycle.internal.LifecycleModuleBuilder.buildProject (LifecycleModuleBuilder.java:81)
    at org.apache.maven.lifecycle.internal.builder.singlethreaded.SingleThreadedBuilder.build (SingleThreadedBuilder.java:56)
    at org.apache.maven.lifecycle.internal.LifecycleStarter.execute (LifecycleStarter.java:128)
    at org.apache.maven.DefaultMaven.doExecute (DefaultMaven.java:305)
    at org.apache.maven.DefaultMaven.doExecute (DefaultMaven.java:192)
    at org.apache.maven.DefaultMaven.execute (DefaultMaven.java:105)
    at org.apache.maven.cli.MavenCli.execute (MavenCli.java:957)
    at org.apache.maven.cli.MavenCli.doMain (MavenCli.java:289)
    at org.apache.maven.cli.MavenCli.main (MavenCli.java:193)
    at sun.reflect.NativeMethodAccessorImpl.invoke0 (Native Method)
    at sun.reflect.NativeMethodAccessorImpl.invoke (NativeMethodAccessorImpl.java:62)
    at sun.reflect.DelegatingMethodAccessorImpl.invoke (DelegatingMethodAccessorImpl.java:43)
    at java.lang.reflect.Method.invoke (Method.java:498)
    at org.codehaus.plexus.classworlds.launcher.Launcher.launchEnhanced (Launcher.java:282)
    at org.codehaus.plexus.classworlds.launcher.Launcher.launch (Launcher.java:225)
    at org.codehaus.plexus.classworlds.launcher.Launcher.mainWithExitCode (Launcher.java:406)
    at org.codehaus.plexus.classworlds.launcher.Launcher.main (Launcher.java:347)
[ERROR] 
[ERROR] Re-run Maven using the -X switch to enable full debug logging.
[ERROR] 
[ERROR] For more information about the errors and possible solutions, please read the following articles:
[ERROR] [Help 1] http://cwiki.apache.org/confluence/display/MAVEN/MojoExecutionException
[INFO] Build failures were ignored.
