[INFO] Error stacktraces are turned on.
[INFO] Scanning for projects...
[INFO] 
[INFO] ------------< com.cognifide.aemrules:sonar-aemrules-plugin >------------
[INFO] Building AEM Rules for SonarQube 1.2-SNAPSHOT
[INFO] ----------------------------[ sonar-plugin ]----------------------------
[INFO] 
[INFO] --- license-maven-plugin:3.0:format (default) @ sonar-aemrules-plugin ---
[INFO] 
[INFO] --- sonar-packaging-maven-plugin:1.18.0.372:check (default-check) @ sonar-aemrules-plugin ---
[INFO] 
[INFO] --- jacoco-maven-plugin:0.8.5:prepare-agent (default) @ sonar-aemrules-plugin ---
[INFO] argLine set to -javaagent:/home/jdbl/.m2/repository/org/jacoco/org.jacoco.agent/0.8.5/org.jacoco.agent-0.8.5-runtime.jar=destfile=/tmp/tmpk4wm0bqp/AEM-Rules-for-SonarQube/target/jacoco.exec
[INFO] 
[INFO] --- maven-resources-plugin:3.1.0:resources (default-resources) @ sonar-aemrules-plugin ---
[INFO] Using 'UTF-8' encoding to copy filtered resources.
[INFO] Copying 32 resources
[INFO] 
[INFO] --- maven-compiler-plugin:3.5.1:compile (default-compile) @ sonar-aemrules-plugin ---
[INFO] Changes detected - recompiling the module!
[INFO] Compiling 76 source files to /tmp/tmpk4wm0bqp/AEM-Rules-for-SonarQube/target/classes
[INFO] /tmp/tmpk4wm0bqp/AEM-Rules-for-SonarQube/src/main/java/com/cognifide/aemrules/AemRulesSonarPlugin.java: Some input files use or override a deprecated API.
[INFO] /tmp/tmpk4wm0bqp/AEM-Rules-for-SonarQube/src/main/java/com/cognifide/aemrules/AemRulesSonarPlugin.java: Recompile with -Xlint:deprecation for details.
[INFO] /tmp/tmpk4wm0bqp/AEM-Rules-for-SonarQube/src/main/java/com/cognifide/aemrules/htl/lex/HtlLexer.java: Some input files use unchecked or unsafe operations.
[INFO] /tmp/tmpk4wm0bqp/AEM-Rules-for-SonarQube/src/main/java/com/cognifide/aemrules/htl/lex/HtlLexer.java: Recompile with -Xlint:unchecked for details.
[INFO] Some messages have been simplified; recompile with -Xdiags:verbose to get full output
[INFO] -------------------------------------------------------------
[ERROR] COMPILATION ERROR : 
[INFO] -------------------------------------------------------------
[ERROR] /tmp/tmpk4wm0bqp/AEM-Rules-for-SonarQube/src/main/java/com/cognifide/aemrules/AemRulesSonarPlugin.java:[57,24] cannot find symbol
  symbol:   class Context
  location: class com.cognifide.aemrules.AemRulesSonarPlugin
[ERROR] /tmp/tmpk4wm0bqp/AEM-Rules-for-SonarQube/src/main/java/com/cognifide/aemrules/AemRulesSonarPlugin.java:[33,8] com.cognifide.aemrules.AemRulesSonarPlugin is not abstract and does not override abstract method getExtensions() in org.sonar.api.Plugin
[ERROR] /tmp/tmpk4wm0bqp/AEM-Rules-for-SonarQube/src/main/java/com/cognifide/aemrules/AemRulesSonarPlugin.java:[56,5] method does not override or implement a method from a supertype
[ERROR] /tmp/tmpk4wm0bqp/AEM-Rules-for-SonarQube/src/main/java/com/cognifide/aemrules/htl/MetricsSaver.java:[44,40] cannot find symbol
  symbol:   method newIssue()
  location: variable context of type org.sonar.api.batch.sensor.SensorContext
[ERROR] /tmp/tmpk4wm0bqp/AEM-Rules-for-SonarQube/src/main/java/com/cognifide/aemrules/htl/MetricsSaver.java:[49,21] incompatible types: org.sonar.api.batch.fs.InputFile cannot be converted to org.sonar.api.batch.fs.InputComponent
[ERROR] /tmp/tmpk4wm0bqp/AEM-Rules-for-SonarQube/src/main/java/com/cognifide/aemrules/htl/MetricsSaver.java:[52,38] cannot find symbol
  symbol:   method selectLine(java.lang.Integer)
  location: variable inputFile of type org.sonar.api.batch.fs.InputFile
[ERROR] /tmp/tmpk4wm0bqp/AEM-Rules-for-SonarQube/src/main/java/com/cognifide/aemrules/htl/MetricsSaver.java:[62,20] cannot find symbol
  symbol:   method <java.lang.Integer>newMeasure()
  location: variable context of type org.sonar.api.batch.sensor.SensorContext
[ERROR] /tmp/tmpk4wm0bqp/AEM-Rules-for-SonarQube/src/main/java/com/cognifide/aemrules/htl/HtlFilesAnalyzer.java:[76,22] cannot find symbol
  symbol:   method newAnalysisError()
  location: variable sensorContext of type org.sonar.api.batch.sensor.SensorContext
[ERROR] /tmp/tmpk4wm0bqp/AEM-Rules-for-SonarQube/src/main/java/com/cognifide/aemrules/htl/HtlFilesAnalyzer.java:[86,28] cannot find symbol
  symbol:   method isCancelled()
  location: variable context of type org.sonar.api.batch.sensor.SensorContext
[ERROR] /tmp/tmpk4wm0bqp/AEM-Rules-for-SonarQube/src/main/java/com/cognifide/aemrules/htl/HtlFilesAnalyzer.java:[109,62] cannot find symbol
  symbol:   method uri()
  location: variable inputFile of type org.sonar.api.batch.fs.InputFile
[ERROR] /tmp/tmpk4wm0bqp/AEM-Rules-for-SonarQube/src/main/java/com/cognifide/aemrules/htl/HtlFilesAnalyzer.java:[115,64] cannot find symbol
  symbol:   method uri()
  location: variable inputFile of type org.sonar.api.batch.fs.InputFile
[ERROR] /tmp/tmpk4wm0bqp/AEM-Rules-for-SonarQube/src/main/java/com/cognifide/aemrules/htl/HtlFilesAnalyzer.java:[128,26] cannot find symbol
  symbol:   method newPointer(int,int)
  location: variable inputFile of type org.sonar.api.batch.fs.InputFile
[ERROR] /tmp/tmpk4wm0bqp/AEM-Rules-for-SonarQube/src/main/java/com/cognifide/aemrules/htl/HtlFilesAnalyzer.java:[126,22] cannot find symbol
  symbol:   method newAnalysisError()
  location: variable sensorContext of type org.sonar.api.batch.sensor.SensorContext
[ERROR] /tmp/tmpk4wm0bqp/AEM-Rules-for-SonarQube/src/main/java/com/cognifide/aemrules/htl/HtlFilesAnalyzer.java:[134,42] cannot find symbol
  symbol:   method newIssue()
  location: variable sensorContext of type org.sonar.api.batch.sensor.SensorContext
[ERROR] /tmp/tmpk4wm0bqp/AEM-Rules-for-SonarQube/src/main/java/com/cognifide/aemrules/htl/HtlFilesAnalyzer.java:[139,26] cannot find symbol
  symbol:   method selectLine(int)
  location: variable inputFile of type org.sonar.api.batch.fs.InputFile
[ERROR] /tmp/tmpk4wm0bqp/AEM-Rules-for-SonarQube/src/main/java/com/cognifide/aemrules/htl/HtlFilesAnalyzer.java:[138,17] incompatible types: org.sonar.api.batch.fs.InputFile cannot be converted to org.sonar.api.batch.fs.InputComponent
[ERROR] /tmp/tmpk4wm0bqp/AEM-Rules-for-SonarQube/src/main/java/com/cognifide/aemrules/htl/HtlSensor.java:[69,13] cannot find symbol
  symbol:   method onlyOnFileType(org.sonar.api.batch.fs.InputFile.Type)
  location: interface org.sonar.api.batch.sensor.SensorDescriptor
[ERROR] /tmp/tmpk4wm0bqp/AEM-Rules-for-SonarQube/src/main/java/com/cognifide/aemrules/htl/HtlSensor.java:[78,18] invalid method reference
  cannot find symbol
    symbol:   method uri()
    location: interface org.sonar.api.batch.fs.InputFile
[ERROR] /tmp/tmpk4wm0bqp/AEM-Rules-for-SonarQube/src/main/java/com/cognifide/aemrules/htl/HtlSensor.java:[93,56] cannot find symbol
  symbol:   method contents()
  location: variable inputFile of type org.sonar.api.batch.fs.InputFile
[ERROR] /tmp/tmpk4wm0bqp/AEM-Rules-for-SonarQube/src/main/java/com/cognifide/aemrules/htl/HtlFilePredicateProvider.java:[60,22] invalid method reference
  cannot find symbol
    symbol:   method hasExtension()
    location: interface org.sonar.api.batch.fs.FilePredicates
[INFO] 20 errors 
[INFO] -------------------------------------------------------------
[INFO] ------------------------------------------------------------------------
[INFO] BUILD FAILURE
[INFO] ------------------------------------------------------------------------
[INFO] Total time:  05:20 min
[INFO] Finished at: 2020-08-03T11:15:25Z
[INFO] ------------------------------------------------------------------------
[ERROR] Failed to execute goal org.apache.maven.plugins:maven-compiler-plugin:3.5.1:compile (default-compile) on project sonar-aemrules-plugin: Compilation failure: Compilation failure: 
[ERROR] /tmp/tmpk4wm0bqp/AEM-Rules-for-SonarQube/src/main/java/com/cognifide/aemrules/AemRulesSonarPlugin.java:[57,24] cannot find symbol
[ERROR]   symbol:   class Context
[ERROR]   location: class com.cognifide.aemrules.AemRulesSonarPlugin
[ERROR] /tmp/tmpk4wm0bqp/AEM-Rules-for-SonarQube/src/main/java/com/cognifide/aemrules/AemRulesSonarPlugin.java:[33,8] com.cognifide.aemrules.AemRulesSonarPlugin is not abstract and does not override abstract method getExtensions() in org.sonar.api.Plugin
[ERROR] /tmp/tmpk4wm0bqp/AEM-Rules-for-SonarQube/src/main/java/com/cognifide/aemrules/AemRulesSonarPlugin.java:[56,5] method does not override or implement a method from a supertype
[ERROR] /tmp/tmpk4wm0bqp/AEM-Rules-for-SonarQube/src/main/java/com/cognifide/aemrules/htl/MetricsSaver.java:[44,40] cannot find symbol
[ERROR]   symbol:   method newIssue()
[ERROR]   location: variable context of type org.sonar.api.batch.sensor.SensorContext
[ERROR] /tmp/tmpk4wm0bqp/AEM-Rules-for-SonarQube/src/main/java/com/cognifide/aemrules/htl/MetricsSaver.java:[49,21] incompatible types: org.sonar.api.batch.fs.InputFile cannot be converted to org.sonar.api.batch.fs.InputComponent
[ERROR] /tmp/tmpk4wm0bqp/AEM-Rules-for-SonarQube/src/main/java/com/cognifide/aemrules/htl/MetricsSaver.java:[52,38] cannot find symbol
[ERROR]   symbol:   method selectLine(java.lang.Integer)
[ERROR]   location: variable inputFile of type org.sonar.api.batch.fs.InputFile
[ERROR] /tmp/tmpk4wm0bqp/AEM-Rules-for-SonarQube/src/main/java/com/cognifide/aemrules/htl/MetricsSaver.java:[62,20] cannot find symbol
[ERROR]   symbol:   method <java.lang.Integer>newMeasure()
[ERROR]   location: variable context of type org.sonar.api.batch.sensor.SensorContext
[ERROR] /tmp/tmpk4wm0bqp/AEM-Rules-for-SonarQube/src/main/java/com/cognifide/aemrules/htl/HtlFilesAnalyzer.java:[76,22] cannot find symbol
[ERROR]   symbol:   method newAnalysisError()
[ERROR]   location: variable sensorContext of type org.sonar.api.batch.sensor.SensorContext
[ERROR] /tmp/tmpk4wm0bqp/AEM-Rules-for-SonarQube/src/main/java/com/cognifide/aemrules/htl/HtlFilesAnalyzer.java:[86,28] cannot find symbol
[ERROR]   symbol:   method isCancelled()
[ERROR]   location: variable context of type org.sonar.api.batch.sensor.SensorContext
[ERROR] /tmp/tmpk4wm0bqp/AEM-Rules-for-SonarQube/src/main/java/com/cognifide/aemrules/htl/HtlFilesAnalyzer.java:[109,62] cannot find symbol
[ERROR]   symbol:   method uri()
[ERROR]   location: variable inputFile of type org.sonar.api.batch.fs.InputFile
[ERROR] /tmp/tmpk4wm0bqp/AEM-Rules-for-SonarQube/src/main/java/com/cognifide/aemrules/htl/HtlFilesAnalyzer.java:[115,64] cannot find symbol
[ERROR]   symbol:   method uri()
[ERROR]   location: variable inputFile of type org.sonar.api.batch.fs.InputFile
[ERROR] /tmp/tmpk4wm0bqp/AEM-Rules-for-SonarQube/src/main/java/com/cognifide/aemrules/htl/HtlFilesAnalyzer.java:[128,26] cannot find symbol
[ERROR]   symbol:   method newPointer(int,int)
[ERROR]   location: variable inputFile of type org.sonar.api.batch.fs.InputFile
[ERROR] /tmp/tmpk4wm0bqp/AEM-Rules-for-SonarQube/src/main/java/com/cognifide/aemrules/htl/HtlFilesAnalyzer.java:[126,22] cannot find symbol
[ERROR]   symbol:   method newAnalysisError()
[ERROR]   location: variable sensorContext of type org.sonar.api.batch.sensor.SensorContext
[ERROR] /tmp/tmpk4wm0bqp/AEM-Rules-for-SonarQube/src/main/java/com/cognifide/aemrules/htl/HtlFilesAnalyzer.java:[134,42] cannot find symbol
[ERROR]   symbol:   method newIssue()
[ERROR]   location: variable sensorContext of type org.sonar.api.batch.sensor.SensorContext
[ERROR] /tmp/tmpk4wm0bqp/AEM-Rules-for-SonarQube/src/main/java/com/cognifide/aemrules/htl/HtlFilesAnalyzer.java:[139,26] cannot find symbol
[ERROR]   symbol:   method selectLine(int)
[ERROR]   location: variable inputFile of type org.sonar.api.batch.fs.InputFile
[ERROR] /tmp/tmpk4wm0bqp/AEM-Rules-for-SonarQube/src/main/java/com/cognifide/aemrules/htl/HtlFilesAnalyzer.java:[138,17] incompatible types: org.sonar.api.batch.fs.InputFile cannot be converted to org.sonar.api.batch.fs.InputComponent
[ERROR] /tmp/tmpk4wm0bqp/AEM-Rules-for-SonarQube/src/main/java/com/cognifide/aemrules/htl/HtlSensor.java:[69,13] cannot find symbol
[ERROR]   symbol:   method onlyOnFileType(org.sonar.api.batch.fs.InputFile.Type)
[ERROR]   location: interface org.sonar.api.batch.sensor.SensorDescriptor
[ERROR] /tmp/tmpk4wm0bqp/AEM-Rules-for-SonarQube/src/main/java/com/cognifide/aemrules/htl/HtlSensor.java:[78,18] invalid method reference
[ERROR]   cannot find symbol
[ERROR]     symbol:   method uri()
[ERROR]     location: interface org.sonar.api.batch.fs.InputFile
[ERROR] /tmp/tmpk4wm0bqp/AEM-Rules-for-SonarQube/src/main/java/com/cognifide/aemrules/htl/HtlSensor.java:[93,56] cannot find symbol
[ERROR]   symbol:   method contents()
[ERROR]   location: variable inputFile of type org.sonar.api.batch.fs.InputFile
[ERROR] /tmp/tmpk4wm0bqp/AEM-Rules-for-SonarQube/src/main/java/com/cognifide/aemrules/htl/HtlFilePredicateProvider.java:[60,22] invalid method reference
[ERROR]   cannot find symbol
[ERROR]     symbol:   method hasExtension()
[ERROR]     location: interface org.sonar.api.batch.fs.FilePredicates
[ERROR] -> [Help 1]
org.apache.maven.lifecycle.LifecycleExecutionException: Failed to execute goal org.apache.maven.plugins:maven-compiler-plugin:3.5.1:compile (default-compile) on project sonar-aemrules-plugin: Compilation failure
    at org.apache.maven.lifecycle.internal.MojoExecutor.execute (MojoExecutor.java:215)
    at org.apache.maven.lifecycle.internal.MojoExecutor.execute (MojoExecutor.java:156)
    at org.apache.maven.lifecycle.internal.MojoExecutor.execute (MojoExecutor.java:148)
    at org.apache.maven.lifecycle.internal.LifecycleModuleBuilder.buildProject (LifecycleModuleBuilder.java:117)
    at org.apache.maven.lifecycle.internal.LifecycleModuleBuilder.buildProject (LifecycleModuleBuilder.java:81)
    at org.apache.maven.lifecycle.internal.builder.singlethreaded.SingleThreadedBuilder.build (SingleThreadedBuilder.java:56)
    at org.apache.maven.lifecycle.internal.LifecycleStarter.execute (LifecycleStarter.java:128)
    at org.apache.maven.DefaultMaven.doExecute (DefaultMaven.java:305)
    at org.apache.maven.DefaultMaven.doExecute (DefaultMaven.java:192)
    at org.apache.maven.DefaultMaven.execute (DefaultMaven.java:105)
    at org.apache.maven.cli.MavenCli.execute (MavenCli.java:957)
    at org.apache.maven.cli.MavenCli.doMain (MavenCli.java:289)
    at org.apache.maven.cli.MavenCli.main (MavenCli.java:193)
    at sun.reflect.NativeMethodAccessorImpl.invoke0 (Native Method)
    at sun.reflect.NativeMethodAccessorImpl.invoke (NativeMethodAccessorImpl.java:62)
    at sun.reflect.DelegatingMethodAccessorImpl.invoke (DelegatingMethodAccessorImpl.java:43)
    at java.lang.reflect.Method.invoke (Method.java:498)
    at org.codehaus.plexus.classworlds.launcher.Launcher.launchEnhanced (Launcher.java:282)
    at org.codehaus.plexus.classworlds.launcher.Launcher.launch (Launcher.java:225)
    at org.codehaus.plexus.classworlds.launcher.Launcher.mainWithExitCode (Launcher.java:406)
    at org.codehaus.plexus.classworlds.launcher.Launcher.main (Launcher.java:347)
Caused by: org.apache.maven.plugin.compiler.CompilationFailureException: Compilation failure
    at org.apache.maven.plugin.compiler.AbstractCompilerMojo.execute (AbstractCompilerMojo.java:972)
    at org.apache.maven.plugin.compiler.CompilerMojo.execute (CompilerMojo.java:129)
    at org.apache.maven.plugin.DefaultBuildPluginManager.executeMojo (DefaultBuildPluginManager.java:137)
    at org.apache.maven.lifecycle.internal.MojoExecutor.execute (MojoExecutor.java:210)
    at org.apache.maven.lifecycle.internal.MojoExecutor.execute (MojoExecutor.java:156)
    at org.apache.maven.lifecycle.internal.MojoExecutor.execute (MojoExecutor.java:148)
    at org.apache.maven.lifecycle.internal.LifecycleModuleBuilder.buildProject (LifecycleModuleBuilder.java:117)
    at org.apache.maven.lifecycle.internal.LifecycleModuleBuilder.buildProject (LifecycleModuleBuilder.java:81)
    at org.apache.maven.lifecycle.internal.builder.singlethreaded.SingleThreadedBuilder.build (SingleThreadedBuilder.java:56)
    at org.apache.maven.lifecycle.internal.LifecycleStarter.execute (LifecycleStarter.java:128)
    at org.apache.maven.DefaultMaven.doExecute (DefaultMaven.java:305)
    at org.apache.maven.DefaultMaven.doExecute (DefaultMaven.java:192)
    at org.apache.maven.DefaultMaven.execute (DefaultMaven.java:105)
    at org.apache.maven.cli.MavenCli.execute (MavenCli.java:957)
    at org.apache.maven.cli.MavenCli.doMain (MavenCli.java:289)
    at org.apache.maven.cli.MavenCli.main (MavenCli.java:193)
    at sun.reflect.NativeMethodAccessorImpl.invoke0 (Native Method)
    at sun.reflect.NativeMethodAccessorImpl.invoke (NativeMethodAccessorImpl.java:62)
    at sun.reflect.DelegatingMethodAccessorImpl.invoke (DelegatingMethodAccessorImpl.java:43)
    at java.lang.reflect.Method.invoke (Method.java:498)
    at org.codehaus.plexus.classworlds.launcher.Launcher.launchEnhanced (Launcher.java:282)
    at org.codehaus.plexus.classworlds.launcher.Launcher.launch (Launcher.java:225)
    at org.codehaus.plexus.classworlds.launcher.Launcher.mainWithExitCode (Launcher.java:406)
    at org.codehaus.plexus.classworlds.launcher.Launcher.main (Launcher.java:347)
[ERROR] 
[ERROR] Re-run Maven using the -X switch to enable full debug logging.
[ERROR] 
[ERROR] For more information about the errors and possible solutions, please read the following articles:
[ERROR] [Help 1] http://cwiki.apache.org/confluence/display/MAVEN/MojoFailureException
[INFO] Build failures were ignored.
