[INFO] Error stacktraces are turned on.
[INFO] Scanning for projects...
[INFO] 
[INFO] ------------------< org.easytesting:fest-assert-core >------------------
[INFO] Building FEST Fluent Assertions 2.0M7
[INFO] --------------------------------[ jar ]---------------------------------
[INFO] 
[INFO] --- maven-enforcer-plugin:1.0:enforce (enforce-maven) @ fest-assert-core ---
[INFO] 
[INFO] --- maven-resources-plugin:2.5:resources (default-resources) @ fest-assert-core ---
[debug] execute contextualize
[INFO] Using 'UTF-8' encoding to copy filtered resources.
[INFO] skip non existing resourceDirectory /tmp/tmpf5c75m3d/fest-assert-2.x/src/main/resources
[INFO] 
[INFO] --- maven-compiler-plugin:2.5.1:compile (default-compile) @ fest-assert-core ---
[INFO] Compiling 228 source files to /tmp/tmpf5c75m3d/fest-assert-2.x/target/classes
[INFO] 
[INFO] --- maven-resources-plugin:2.5:testResources (default-testResources) @ fest-assert-core ---
[debug] execute contextualize
[INFO] Using 'UTF-8' encoding to copy filtered resources.
[INFO] Copying 3 resources
[INFO] 
[INFO] --- maven-compiler-plugin:2.5.1:testCompile (default-testCompile) @ fest-assert-core ---
[INFO] Compiling 1188 source files to /tmp/tmpf5c75m3d/fest-assert-2.x/target/test-classes
[INFO] 
[INFO] --- maven-surefire-plugin:2.12:test (default-test) @ fest-assert-core ---
[INFO] Surefire report directory: /tmp/tmpf5c75m3d/fest-assert-2.x/target/surefire-reports

-------------------------------------------------------
 T E S T S
-------------------------------------------------------
Running org.fest.assertions.core.WritableAssertionInfo_toString_Test
Tests run: 1, Failures: 0, Errors: 0, Skipped: 0, Time elapsed: 0.098 sec
Running org.fest.assertions.core.WritableAssertionInfo_descriptionText_Test
Tests run: 2, Failures: 0, Errors: 0, Skipped: 0, Time elapsed: 0.001 sec
Running org.fest.assertions.core.Condition_default_constructor_Test
Tests run: 1, Failures: 0, Errors: 0, Skipped: 0, Time elapsed: 0 sec
Running org.fest.assertions.core.Condition_constructor_with_text_description_Test
Tests run: 2, Failures: 0, Errors: 0, Skipped: 0, Time elapsed: 0.001 sec
Running org.fest.assertions.core.Condition_description_Test
Tests run: 1, Failures: 0, Errors: 0, Skipped: 0, Time elapsed: 0 sec
Running org.fest.assertions.core.Condition_as_String_Test
Tests run: 3, Failures: 0, Errors: 0, Skipped: 0, Time elapsed: 0 sec
Running org.fest.assertions.core.Condition_describedAs_String_Test
Tests run: 3, Failures: 0, Errors: 0, Skipped: 0, Time elapsed: 0 sec
Running org.fest.assertions.core.Condition_as_Description_Test
Tests run: 3, Failures: 0, Errors: 0, Skipped: 0, Time elapsed: 0 sec
Running org.fest.assertions.core.Condition_constructor_with_description_Test
Tests run: 2, Failures: 0, Errors: 0, Skipped: 0, Time elapsed: 0 sec
Running org.fest.assertions.core.DescriptionValidator_notNull_Test
Tests run: 4, Failures: 0, Errors: 0, Skipped: 0, Time elapsed: 0.001 sec
Running org.fest.assertions.core.Condition_describedAs_Description_Test
Tests run: 3, Failures: 0, Errors: 0, Skipped: 0, Time elapsed: 0 sec
Running org.fest.assertions.error.ShouldBeExactlyInstance_create_Test
Tests run: 1, Failures: 0, Errors: 0, Skipped: 0, Time elapsed: 0.003 sec
Running org.fest.assertions.error.ShouldBeLenientEqualByAccepting_create_Test
Tests run: 2, Failures: 0, Errors: 0, Skipped: 0, Time elapsed: 0.002 sec
Running org.fest.assertions.error.DescriptionFormatter_format_Test
Tests run: 1, Failures: 0, Errors: 0, Skipped: 0, Time elapsed: 0.001 sec
Running org.fest.assertions.error.ShouldBeInSameMillisecond_create_Test
Tests run: 1, Failures: 0, Errors: 0, Skipped: 0, Time elapsed: 0.011 sec
Running org.fest.assertions.error.ShouldBeBeforeOrEqualsTo_create_Test
Tests run: 1, Failures: 0, Errors: 0, Skipped: 0, Time elapsed: 0.002 sec
Running org.fest.assertions.error.ElementsShouldNotBeAtLeast_create_Test
Tests run: 1, Failures: 0, Errors: 0, Skipped: 0, Time elapsed: 0.001 sec
Running org.fest.assertions.error.ShouldBeInstance_create_Test
Tests run: 1, Failures: 0, Errors: 0, Skipped: 0, Time elapsed: 0 sec
Running org.fest.assertions.error.ShouldBeLess_create_Test
Tests run: 2, Failures: 0, Errors: 0, Skipped: 0, Time elapsed: 0.001 sec
Running org.fest.assertions.error.ShouldBeOfClassIn_Test
Tests run: 1, Failures: 0, Errors: 0, Skipped: 0, Time elapsed: 0 sec
Running org.fest.assertions.error.ShouldNotContainString_create_Test
Tests run: 2, Failures: 0, Errors: 0, Skipped: 0, Time elapsed: 0.001 sec
Running org.fest.assertions.error.ShouldStartWith_create_Test
Tests run: 2, Failures: 0, Errors: 0, Skipped: 0, Time elapsed: 0.001 sec
Running org.fest.assertions.error.ShouldBeBefore_create_Test
Tests run: 1, Failures: 0, Errors: 0, Skipped: 0, Time elapsed: 0.001 sec
Running org.fest.assertions.error.ShouldNotBeEmpty_create_Test
Tests run: 1, Failures: 0, Errors: 0, Skipped: 0, Time elapsed: 0.001 sec
Running org.fest.assertions.error.MessageFormatter_format_Test
Tests run: 3, Failures: 0, Errors: 0, Skipped: 0, Time elapsed: 0.06 sec
Running org.fest.assertions.error.ShouldBeBetween_create_Test
Tests run: 4, Failures: 0, Errors: 0, Skipped: 0, Time elapsed: 0.006 sec
Running org.fest.assertions.error.ShouldBeEqualColors_create_Test
Tests run: 1, Failures: 0, Errors: 0, Skipped: 0, Time elapsed: 0.003 sec
Running org.fest.assertions.error.ElementsShouldBeAtMost_create_Test
Tests run: 1, Failures: 0, Errors: 0, Skipped: 0, Time elapsed: 0.001 sec
Running org.fest.assertions.error.ShouldNotBeInstanceOfAny_create_Test
Tests run: 1, Failures: 0, Errors: 0, Skipped: 0, Time elapsed: 0.001 sec
Running org.fest.assertions.error.ShouldNotContainValue_create_Test
Tests run: 1, Failures: 0, Errors: 0, Skipped: 0, Time elapsed: 0.002 sec
Running org.fest.assertions.error.ShouldBeLenientEqualByIgnoring_create_Test
Tests run: 4, Failures: 0, Errors: 0, Skipped: 0, Time elapsed: 0.003 sec
Running org.fest.assertions.error.ShouldBeInstanceOfAny_create_Test
Tests run: 1, Failures: 0, Errors: 0, Skipped: 0, Time elapsed: 0.001 sec
Running org.fest.assertions.error.ShouldHaveEqualContent_create_Test
Tests run: 2, Failures: 0, Errors: 0, Skipped: 0, Time elapsed: 0.002 sec
Running org.fest.assertions.error.ShouldBeLowerCase_create_Test
Tests run: 1, Failures: 0, Errors: 0, Skipped: 0, Time elapsed: 0 sec
Running org.fest.assertions.error.ElementsShouldHaveExactly_create_Test
Tests run: 1, Failures: 0, Errors: 0, Skipped: 0, Time elapsed: 0 sec
Running org.fest.assertions.error.ShouldNotBeInstance_create_Test
Tests run: 1, Failures: 0, Errors: 0, Skipped: 0, Time elapsed: 0 sec
Running org.fest.assertions.error.ElementsShouldNotHaveAtLeast_create_Test
Tests run: 1, Failures: 0, Errors: 0, Skipped: 0, Time elapsed: 0 sec
Running org.fest.assertions.error.ShouldBeAbsolutePath_create_Test
Tests run: 1, Failures: 0, Errors: 0, Skipped: 0, Time elapsed: 0 sec
Running org.fest.assertions.error.ShouldNotBeIn_create_Test
Tests run: 2, Failures: 0, Errors: 0, Skipped: 0, Time elapsed: 0 sec
Running org.fest.assertions.error.ShouldHaveSameSizeAs_create_Test
Tests run: 1, Failures: 0, Errors: 0, Skipped: 0, Time elapsed: 0.001 sec
Running org.fest.assertions.error.ShouldBeIn_create_Test
Tests run: 2, Failures: 0, Errors: 0, Skipped: 0, Time elapsed: 0.001 sec
Running org.fest.assertions.error.ShouldBeNullOrEmpty_create_Test
Tests run: 1, Failures: 0, Errors: 0, Skipped: 0, Time elapsed: 0 sec
Running org.fest.assertions.error.ShouldNotHave_create_Test
Tests run: 1, Failures: 0, Errors: 0, Skipped: 0, Time elapsed: 0 sec
Running org.fest.assertions.error.ShouldNotContainAtIndex_create_Test
Tests run: 2, Failures: 0, Errors: 0, Skipped: 0, Time elapsed: 0 sec
Running org.fest.assertions.error.DescriptionFormatter_format_expectingEmptyText_Test
Tests run: 3, Failures: 0, Errors: 0, Skipped: 0, Time elapsed: 0.001 sec
Running org.fest.assertions.error.ShouldContainSequence_create_Test
Tests run: 2, Failures: 0, Errors: 0, Skipped: 0, Time elapsed: 0 sec
Running org.fest.assertions.error.ShouldBeEqual_newAssertionError_differentiating_expected_and_actual_Test
Tests run: 3, Failures: 0, Errors: 0, Skipped: 0, Time elapsed: 0.011 sec
Running org.fest.assertions.error.ShouldBeEqual_equals_hashCode_Test
Tests run: 8, Failures: 0, Errors: 0, Skipped: 0, Time elapsed: 0.032 sec
Running org.fest.assertions.error.ShouldHaveSize_create_Test
Tests run: 1, Failures: 0, Errors: 0, Skipped: 0, Time elapsed: 0 sec
Running org.fest.assertions.error.ShouldContainValue_create_Test
Tests run: 1, Failures: 0, Errors: 0, Skipped: 0, Time elapsed: 0 sec
Running org.fest.assertions.error.ShouldNotBeEqual_create_Test
Tests run: 2, Failures: 0, Errors: 0, Skipped: 0, Time elapsed: 0.001 sec
Running org.fest.assertions.error.ShouldBeEqualWithinOffset_create_Test
Tests run: 1, Failures: 0, Errors: 0, Skipped: 0, Time elapsed: 0.001 sec
Running org.fest.assertions.error.ShouldNotBeExactlyInstance_create_Test
Tests run: 1, Failures: 0, Errors: 0, Skipped: 0, Time elapsed: 0.001 sec
Running org.fest.assertions.error.ShouldNotContain_create_Test
Tests run: 2, Failures: 0, Errors: 0, Skipped: 0, Time elapsed: 0.001 sec
Running org.fest.assertions.error.ShouldBeInSameHour_create_Test
Tests run: 1, Failures: 0, Errors: 0, Skipped: 0, Time elapsed: 0.001 sec
Running org.fest.assertions.error.ShouldBeExecutableTest
Tests run: 1, Failures: 0, Errors: 0, Skipped: 0, Time elapsed: 0 sec
Running org.fest.assertions.error.ShouldNotMatchPattern_create_Test
Tests run: 1, Failures: 0, Errors: 0, Skipped: 0, Time elapsed: 0.001 sec
Running org.fest.assertions.error.ShouldNotBeSame_create_Test
Tests run: 1, Failures: 0, Errors: 0, Skipped: 0, Time elapsed: 0.001 sec
Running org.fest.assertions.error.ShouldBeSubsetOf_create_Test
Tests run: 2, Failures: 0, Errors: 0, Skipped: 0, Time elapsed: 0.001 sec
Running org.fest.assertions.error.ShouldBeAfterOrEqualsTo_create_Test
Tests run: 1, Failures: 0, Errors: 0, Skipped: 0, Time elapsed: 0 sec
Running org.fest.assertions.error.ShouldContainString_create_Test
Tests run: 3, Failures: 0, Errors: 0, Skipped: 0, Time elapsed: 0.001 sec
Running org.fest.assertions.error.ElementsShouldBeAtLeast_create_Test
Tests run: 1, Failures: 0, Errors: 0, Skipped: 0, Time elapsed: 0.001 sec
Running org.fest.assertions.error.ElementsShouldHaveAtMost_create_Test
Tests run: 1, Failures: 0, Errors: 0, Skipped: 0, Time elapsed: 0 sec
Running org.fest.assertions.error.ShouldBeSameGenericBetweenIterableAndCondition_create_Test
Tests run: 1, Failures: 0, Errors: 0, Skipped: 0, Time elapsed: 0.001 sec
Running org.fest.assertions.error.ShouldBe_create_Test
Tests run: 1, Failures: 0, Errors: 0, Skipped: 0, Time elapsed: 0 sec
Running org.fest.assertions.error.ShouldBeSortedAccordingToComparator_create_Test
Tests run: 2, Failures: 0, Errors: 0, Skipped: 0, Time elapsed: 0.001 sec
Running org.fest.assertions.error.ShouldBeSorted_create_Test
Tests run: 2, Failures: 0, Errors: 0, Skipped: 0, Time elapsed: 0.001 sec
Running org.fest.assertions.error.ShouldNotHaveSameClass_create_Test
Tests run: 1, Failures: 0, Errors: 0, Skipped: 0, Time elapsed: 0 sec
Running org.fest.assertions.error.ElementsShouldNotBeAtMost_create_Test
Tests run: 1, Failures: 0, Errors: 0, Skipped: 0, Time elapsed: 0.001 sec
Running org.fest.assertions.error.ShouldBeInSameMinute_create_Test
Tests run: 1, Failures: 0, Errors: 0, Skipped: 0, Time elapsed: 0.001 sec
Running org.fest.assertions.error.ConstructorInvoker_newInstance_Test
Tests run: 1, Failures: 0, Errors: 0, Skipped: 0, Time elapsed: 0 sec
Running org.fest.assertions.error.ShouldHave_create_Test
Tests run: 1, Failures: 0, Errors: 0, Skipped: 0, Time elapsed: 0 sec
Running org.fest.assertions.error.ShouldBeReadableTest
Tests run: 1, Failures: 0, Errors: 0, Skipped: 0, Time elapsed: 0 sec
Running org.fest.assertions.error.ShouldExist_create_Test
Tests run: 1, Failures: 0, Errors: 0, Skipped: 0, Time elapsed: 0.001 sec
Running org.fest.assertions.error.ShouldHaveSameClass_create_Test
Tests run: 1, Failures: 0, Errors: 0, Skipped: 0, Time elapsed: 0 sec
Running org.fest.assertions.error.ShouldBeFile_create_Test
Tests run: 1, Failures: 0, Errors: 0, Skipped: 0, Time elapsed: 0 sec
Running org.fest.assertions.error.ShouldBeEqual_newAssertionError_Test
Tests run: 2, Failures: 0, Errors: 0, Skipped: 0, Time elapsed: 0.001 sec
Running org.fest.assertions.error.ElementsShouldNotBeExactly_create_Test
Tests run: 1, Failures: 0, Errors: 0, Skipped: 0, Time elapsed: 0 sec
Running org.fest.assertions.error.ShouldBeSame_create_Test
Tests run: 1, Failures: 0, Errors: 0, Skipped: 0, Time elapsed: 0 sec
Running org.fest.assertions.error.ShouldNotBeEqualImages_create_Test
Tests run: 1, Failures: 0, Errors: 0, Skipped: 0, Time elapsed: 0 sec
Running org.fest.assertions.error.ShouldHaveComparableElements_create_Test
Tests run: 1, Failures: 0, Errors: 0, Skipped: 0, Time elapsed: 0 sec
Running org.fest.assertions.error.ShouldBeInSameMonth_create_Test
Tests run: 1, Failures: 0, Errors: 0, Skipped: 0, Time elapsed: 0.001 sec
Running org.fest.assertions.error.ShouldBeCloseTo_create_Test
Tests run: 1, Failures: 0, Errors: 0, Skipped: 0, Time elapsed: 0 sec
Running org.fest.assertions.error.ShouldContainOnly_create_Test
Tests run: 2, Failures: 0, Errors: 0, Skipped: 0, Time elapsed: 0 sec
Running org.fest.assertions.error.ShouldContain_create_Test
Tests run: 3, Failures: 0, Errors: 0, Skipped: 0, Time elapsed: 0.001 sec
Running org.fest.assertions.error.ShouldBeEqualIgnoringCase_create_Test
Tests run: 1, Failures: 0, Errors: 0, Skipped: 0, Time elapsed: 0 sec
Running org.fest.assertions.error.ShouldNotBeNull_create_Test
Tests run: 1, Failures: 0, Errors: 0, Skipped: 0, Time elapsed: 0 sec
Running org.fest.assertions.error.ShouldNotContainKey_create_Test
Tests run: 1, Failures: 0, Errors: 0, Skipped: 0, Time elapsed: 0 sec
Running org.fest.assertions.error.ShouldBeWritableTest
Tests run: 1, Failures: 0, Errors: 0, Skipped: 0, Time elapsed: 0.001 sec
Running org.fest.assertions.error.ElementsShouldBe_create_Test
Tests run: 1, Failures: 0, Errors: 0, Skipped: 0, Time elapsed: 0 sec
Running org.fest.assertions.error.ShouldNotExist_create_Test
Tests run: 1, Failures: 0, Errors: 0, Skipped: 0, Time elapsed: 0 sec
Running org.fest.assertions.error.ShouldBeRelativePath_create_Test
Tests run: 1, Failures: 0, Errors: 0, Skipped: 0, Time elapsed: 0 sec
Running org.fest.assertions.error.ShouldBeGreater_create_Test
Tests run: 2, Failures: 0, Errors: 0, Skipped: 0, Time elapsed: 0 sec
Running org.fest.assertions.error.ShouldMatchPattern_create_Test
Tests run: 1, Failures: 0, Errors: 0, Skipped: 0, Time elapsed: 0 sec
Running org.fest.assertions.error.ElementsShouldHaveAtLeast_create_Test
Tests run: 1, Failures: 0, Errors: 0, Skipped: 0, Time elapsed: 0 sec
Running org.fest.assertions.error.ShouldBeGreaterOrEqual_create_Test
Tests run: 2, Failures: 0, Errors: 0, Skipped: 0, Time elapsed: 0 sec
Running org.fest.assertions.error.ElementsShouldNotHaveExactly_create_Test
Tests run: 1, Failures: 0, Errors: 0, Skipped: 0, Time elapsed: 0 sec
Running org.fest.assertions.error.ElementsShouldHave_create_Test
Tests run: 1, Failures: 0, Errors: 0, Skipped: 0, Time elapsed: 0 sec
Running org.fest.assertions.error.ElementsShouldBeExactly_create_Test
Tests run: 1, Failures: 0, Errors: 0, Skipped: 0, Time elapsed: 0.001 sec
Running org.fest.assertions.error.BasicErrorMessageFactory_equals_hashCode_Test
Tests run: 8, Failures: 0, Errors: 0, Skipped: 0, Time elapsed: 0 sec
Running org.fest.assertions.error.ShouldBeInSameSecond_create_Test
Tests run: 1, Failures: 0, Errors: 0, Skipped: 0, Time elapsed: 0 sec
Running org.fest.assertions.error.ShouldBeEmpty_create_Test
Tests run: 1, Failures: 0, Errors: 0, Skipped: 0, Time elapsed: 0 sec
Running org.fest.assertions.error.ShouldNotBeBetween_create_Test
Tests run: 4, Failures: 0, Errors: 0, Skipped: 0, Time elapsed: 0.001 sec
Running org.fest.assertions.error.BasicErrorMessageFactory_create_Test
Tests run: 1, Failures: 0, Errors: 0, Skipped: 0, Time elapsed: 0.003 sec
Running org.fest.assertions.error.ShouldBeInSameYear_create_Test
Tests run: 1, Failures: 0, Errors: 0, Skipped: 0, Time elapsed: 0 sec
Running org.fest.assertions.error.ShouldBeUpperCase_create_Test
Tests run: 1, Failures: 0, Errors: 0, Skipped: 0, Time elapsed: 0 sec
Running org.fest.assertions.error.ShouldHaveTime_create_Test
Tests run: 1, Failures: 0, Errors: 0, Skipped: 0, Time elapsed: 0 sec
Running org.fest.assertions.error.ShouldBeEqual_fest_elements_stack_trace_filtering_Test
Tests run: 2, Failures: 0, Errors: 0, Skipped: 0, Time elapsed: 0.004 sec
Running org.fest.assertions.error.ShouldBeDirectory_create_Test
Tests run: 1, Failures: 0, Errors: 0, Skipped: 0, Time elapsed: 0 sec
Running org.fest.assertions.error.ShouldContainKey_create_Test
Tests run: 1, Failures: 0, Errors: 0, Skipped: 0, Time elapsed: 0 sec
Running org.fest.assertions.error.ShouldNotBeOfClassIn_Test
Tests run: 1, Failures: 0, Errors: 0, Skipped: 0, Time elapsed: 0 sec
Running org.fest.assertions.error.ShouldEndWith_create_Test
Tests run: 2, Failures: 0, Errors: 0, Skipped: 0, Time elapsed: 0 sec
Running org.fest.assertions.error.ElementsShouldNotHave_create_Test
Tests run: 1, Failures: 0, Errors: 0, Skipped: 0, Time elapsed: 0 sec
Running org.fest.assertions.error.ShouldBeInSameDay_create_Test
Tests run: 1, Failures: 0, Errors: 0, Skipped: 0, Time elapsed: 0 sec
Running org.fest.assertions.error.ShouldNotHaveDuplicates_create_Test
Tests run: 2, Failures: 0, Errors: 0, Skipped: 0, Time elapsed: 0.052 sec
Running org.fest.assertions.error.ShouldBeEqual_newAssertionError_without_JUnit_Test
Tests run: 2, Failures: 0, Errors: 0, Skipped: 0, Time elapsed: 0.006 sec
Running org.fest.assertions.error.BasicErrorMessageFactory_toString_Test
Tests run: 1, Failures: 0, Errors: 0, Skipped: 0, Time elapsed: 0.001 sec
Running org.fest.assertions.error.ShouldBeAfter_create_Test
Tests run: 1, Failures: 0, Errors: 0, Skipped: 0, Time elapsed: 0 sec
Running org.fest.assertions.error.ShouldNotBe_create_Test
Tests run: 1, Failures: 0, Errors: 0, Skipped: 0, Time elapsed: 0 sec
Running org.fest.assertions.error.ElementsShouldNotHaveAtMost_create_Test
Tests run: 1, Failures: 0, Errors: 0, Skipped: 0, Time elapsed: 0.001 sec
Running org.fest.assertions.error.ElementsShouldNotBe_create_Test
Tests run: 1, Failures: 0, Errors: 0, Skipped: 0, Time elapsed: 0 sec
Running org.fest.assertions.error.ShouldContainAtIndex_create_Test
Tests run: 2, Failures: 0, Errors: 0, Skipped: 0, Time elapsed: 0 sec
Running org.fest.assertions.error.ShouldHaveComparableElementsAccordingToComparator_create_Test
Tests run: 1, Failures: 0, Errors: 0, Skipped: 0, Time elapsed: 0 sec
Running org.fest.assertions.error.ShouldBeEqualImages_create_Test
Tests run: 1, Failures: 0, Errors: 0, Skipped: 0, Time elapsed: 0.001 sec
Running org.fest.assertions.api.ByteAssert_isNotEqualTo_byte_Test
Tests run: 2, Failures: 0, Errors: 0, Skipped: 0, Time elapsed: 0.009 sec
Running org.fest.assertions.api.DateAssert_isInSameHourOfDayAs_Test
Tests run: 5, Failures: 0, Errors: 0, Skipped: 0, Time elapsed: 0.012 sec
Running org.fest.assertions.api.ObjectArrayAssert_doesNotContain_Test
Tests run: 2, Failures: 0, Errors: 0, Skipped: 0, Time elapsed: 0.013 sec
Running org.fest.assertions.api.DateAssert_usingComparator_Test
Tests run: 2, Failures: 0, Errors: 0, Skipped: 0, Time elapsed: 0.013 sec
Running org.fest.assertions.api.IterableAssert_isSubsetOf_Test
Tests run: 2, Failures: 0, Errors: 0, Skipped: 0, Time elapsed: 0.058 sec
Running org.fest.assertions.api.IntegerAssert_isNotEqualTo_int_Test
Tests run: 2, Failures: 0, Errors: 0, Skipped: 0, Time elapsed: 0.009 sec
Running org.fest.assertions.api.IterableAssert_haveExactly_Test
Tests run: 2, Failures: 0, Errors: 0, Skipped: 0, Time elapsed: 0 sec
Running org.fest.assertions.api.LongArrayAssert_doesNotHaveDuplicates_Test
Tests run: 2, Failures: 0, Errors: 0, Skipped: 0, Time elapsed: 0 sec
Running org.fest.assertions.api.ByteArrayAssert_containsOnly_Test
Tests run: 2, Failures: 0, Errors: 0, Skipped: 0, Time elapsed: 0.006 sec
Running org.fest.assertions.api.CharacterAssert_usingComparator_Test
Tests run: 2, Failures: 0, Errors: 0, Skipped: 0, Time elapsed: 0.001 sec
Running org.fest.assertions.api.ObjectArrayAssert_containsExactly_Test
Tests run: 2, Failures: 0, Errors: 0, Skipped: 0, Time elapsed: 0.005 sec
Running org.fest.assertions.api.DoubleAssert_usingComparator_Test
Tests run: 2, Failures: 0, Errors: 0, Skipped: 0, Time elapsed: 0.002 sec
Running org.fest.assertions.api.DoubleArrayAssert_isEmpty_Test
Tests run: 1, Failures: 0, Errors: 0, Skipped: 0, Time elapsed: 0.006 sec
Running org.fest.assertions.api.ObjectArrayAssert_endsWith_Test
Tests run: 2, Failures: 0, Errors: 0, Skipped: 0, Time elapsed: 0.001 sec
Running org.fest.assertions.api.AbstractAssert_isInstanceOfAny_Test
Tests run: 2, Failures: 0, Errors: 0, Skipped: 0, Time elapsed: 0 sec
Running org.fest.assertions.api.ShortArrayAssert_isSortedAccordingToComparator_Test
Tests run: 2, Failures: 0, Errors: 0, Skipped: 0, Time elapsed: 0.043 sec
Running org.fest.assertions.api.ObjectArrayAssert_containsSequence_Test
Tests run: 2, Failures: 0, Errors: 0, Skipped: 0, Time elapsed: 0 sec
Running org.fest.assertions.api.DoubleArrayAssert_hasSize_Test
Tests run: 2, Failures: 0, Errors: 0, Skipped: 0, Time elapsed: 0.001 sec
Running org.fest.assertions.api.FileAssert_isRelative_Test
Tests run: 2, Failures: 0, Errors: 0, Skipped: 0, Time elapsed: 0.005 sec
Running org.fest.assertions.api.DateAssert_isInSameYearAs_Test
Tests run: 5, Failures: 0, Errors: 0, Skipped: 0, Time elapsed: 0.003 sec
Running org.fest.assertions.api.ShortAssert_isNotEqualTo_short_Test
Tests run: 2, Failures: 0, Errors: 0, Skipped: 0, Time elapsed: 0.005 sec
Running org.fest.assertions.api.IterableAssert_doNotHaveExactly_Test
Tests run: 2, Failures: 0, Errors: 0, Skipped: 0, Time elapsed: 0 sec
Running org.fest.assertions.api.ObjectArrayAssert_containsOnly_Test
Tests run: 2, Failures: 0, Errors: 0, Skipped: 0, Time elapsed: 0 sec
Running org.fest.assertions.api.ShortAssert_isLessThanOrEqualTo_short_Test
Tests run: 2, Failures: 0, Errors: 0, Skipped: 0, Time elapsed: 0.001 sec
Running org.fest.assertions.api.BigDecimalAssert_isNegative_Test
Tests run: 2, Failures: 0, Errors: 0, Skipped: 0, Time elapsed: 0.007 sec
Running org.fest.assertions.api.ByteAssert_isNotZero_Test
Tests run: 2, Failures: 0, Errors: 0, Skipped: 0, Time elapsed: 0 sec
Running org.fest.assertions.api.CharArrayAssert_doesNotContain_Test
Tests run: 2, Failures: 0, Errors: 0, Skipped: 0, Time elapsed: 0.005 sec
Running org.fest.assertions.api.StringAssert_doesNotContain_Test
Tests run: 2, Failures: 0, Errors: 0, Skipped: 0, Time elapsed: 0.003 sec
Running org.fest.assertions.api.DoubleArrayAssert_usingComparator_Test
Tests run: 3, Failures: 0, Errors: 0, Skipped: 0, Time elapsed: 0.001 sec
Running org.fest.assertions.api.StringAssert_isNotEmpty_Test
Tests run: 2, Failures: 0, Errors: 0, Skipped: 0, Time elapsed: 0 sec
Running org.fest.assertions.api.IntArrayAssert_doesNotContain_at_Index_Test
Tests run: 2, Failures: 0, Errors: 0, Skipped: 0, Time elapsed: 0.007 sec
Running org.fest.assertions.api.DoubleAssert_isNaN_Test
Tests run: 2, Failures: 0, Errors: 0, Skipped: 0, Time elapsed: 0.005 sec
Running org.fest.assertions.api.IterableAssert_areExactly_Test
Tests run: 2, Failures: 0, Errors: 0, Skipped: 0, Time elapsed: 0 sec
Running org.fest.assertions.api.IterableAssert_areNotExactly_Test
Tests run: 2, Failures: 0, Errors: 0, Skipped: 0, Time elapsed: 0 sec
Running org.fest.assertions.api.StringAssert_hasSize_Test
Tests run: 2, Failures: 0, Errors: 0, Skipped: 0, Time elapsed: 0.001 sec
Running org.fest.assertions.api.IterableAssert_containsOnly_Test
Tests run: 2, Failures: 0, Errors: 0, Skipped: 0, Time elapsed: 0 sec
Running org.fest.assertions.api.DoubleArrayAssert_containsOnly_Test
Tests run: 2, Failures: 0, Errors: 0, Skipped: 0, Time elapsed: 0 sec
Running org.fest.assertions.api.ObjectArrayAssert_areNotExactly_Test
Tests run: 2, Failures: 0, Errors: 0, Skipped: 0, Time elapsed: 0.001 sec
Running org.fest.assertions.api.ByteAssert_isZero_Test
Tests run: 2, Failures: 0, Errors: 0, Skipped: 0, Time elapsed: 0.001 sec
Running org.fest.assertions.api.IterableAssert_containsExactly_Test
Tests run: 2, Failures: 0, Errors: 0, Skipped: 0, Time elapsed: 0 sec
Running org.fest.assertions.api.DoubleAssert_isGreaterThanOrEqualTo_double_Test
Tests run: 2, Failures: 0, Errors: 0, Skipped: 0, Time elapsed: 0 sec
Running org.fest.assertions.api.Assertions_assertThat_with_primitive_double_Test
Tests run: 2, Failures: 0, Errors: 0, Skipped: 0, Time elapsed: 0.037 sec
Running org.fest.assertions.api.IterableAssert_areNotAtLeast_Test
Tests run: 2, Failures: 0, Errors: 0, Skipped: 0, Time elapsed: 0.001 sec
Running org.fest.assertions.api.MapAssert_isEmpty_Test
Tests run: 1, Failures: 0, Errors: 0, Skipped: 0, Time elapsed: 0.002 sec
Running org.fest.assertions.api.ThrowableAssert_hasMessageEndingWith_Test
Tests run: 2, Failures: 0, Errors: 0, Skipped: 0, Time elapsed: 0.003 sec
Running org.fest.assertions.api.BooleanArrayAssert_doesNotContain_at_Index_Test
Tests run: 2, Failures: 0, Errors: 0, Skipped: 0, Time elapsed: 0.005 sec
Running org.fest.assertions.api.StringAssert_isEmpty_Test
Tests run: 1, Failures: 0, Errors: 0, Skipped: 0, Time elapsed: 0 sec
Running org.fest.assertions.api.ObjectArrayAssert_areNot_Test
Tests run: 2, Failures: 0, Errors: 0, Skipped: 0, Time elapsed: 0 sec
Running org.fest.assertions.api.ThrowableAssert_hasMessageStartingWith_Test
Tests run: 2, Failures: 0, Errors: 0, Skipped: 0, Time elapsed: 0 sec
Running org.fest.assertions.api.IntegerAssert_isGreaterThanOrEqualTo_int_Test
Tests run: 2, Failures: 0, Errors: 0, Skipped: 0, Time elapsed: 0.001 sec
Running org.fest.assertions.api.MapAssert_containsKey_Test
Tests run: 2, Failures: 0, Errors: 0, Skipped: 0, Time elapsed: 0.001 sec
Running org.fest.assertions.api.FloatArrayAssert_hasSameSizeAs_with_Iterable_Test
Tests run: 2, Failures: 0, Errors: 0, Skipped: 0, Time elapsed: 0.004 sec
Running org.fest.assertions.api.Assertions_assertThat_with_Double_Test
Tests run: 2, Failures: 0, Errors: 0, Skipped: 0, Time elapsed: 0 sec
Running org.fest.assertions.api.FileAssert_usingCharset_Test
Tests run: 5, Failures: 0, Errors: 0, Skipped: 0, Time elapsed: 0.12 sec
Running org.fest.assertions.api.ByteAssert_isPositive_Test
Tests run: 2, Failures: 0, Errors: 0, Skipped: 0, Time elapsed: 0 sec
Running org.fest.assertions.api.IntArrayAssert_hasSameSizeAs_with_Iterable_Test
Tests run: 2, Failures: 0, Errors: 0, Skipped: 0, Time elapsed: 0.001 sec
Running org.fest.assertions.api.BigDecimalAssert_isZero_Test
Tests run: 2, Failures: 0, Errors: 0, Skipped: 0, Time elapsed: 0 sec
Running org.fest.assertions.api.ObjectArrayAssert_haveAtMost_Test
Tests run: 2, Failures: 0, Errors: 0, Skipped: 0, Time elapsed: 0 sec
Running org.fest.assertions.api.IterableAssert_isNullOrEmpty_Test
Tests run: 1, Failures: 0, Errors: 0, Skipped: 0, Time elapsed: 0 sec
Running org.fest.assertions.api.ShortAssert_isLessThan_short_Test
Tests run: 2, Failures: 0, Errors: 0, Skipped: 0, Time elapsed: 0 sec
Running org.fest.assertions.api.FloatArrayAssert_usingComparator_Test
Tests run: 3, Failures: 0, Errors: 0, Skipped: 0, Time elapsed: 0 sec
Running org.fest.assertions.api.DateAssert_isToday_Test
Tests run: 2, Failures: 0, Errors: 0, Skipped: 0, Time elapsed: 0 sec
Running org.fest.assertions.api.Assertions_assertThat_with_List_Test
Tests run: 2, Failures: 0, Errors: 0, Skipped: 0, Time elapsed: 0 sec
Running org.fest.assertions.api.ByteArrayAssert_contains_Test
Tests run: 2, Failures: 0, Errors: 0, Skipped: 0, Time elapsed: 0 sec
Running org.fest.assertions.api.DoubleAssert_isGreaterThan_double_Test
Tests run: 2, Failures: 0, Errors: 0, Skipped: 0, Time elapsed: 0 sec
Running org.fest.assertions.api.LongArrayAssert_isSortedAccordingToComparator_Test
Tests run: 2, Failures: 0, Errors: 0, Skipped: 0, Time elapsed: 0 sec
Running org.fest.assertions.api.IntegerAssert_isPositive_Test
Tests run: 2, Failures: 0, Errors: 0, Skipped: 0, Time elapsed: 0 sec
Running org.fest.assertions.api.FloatAssert_isNaN_Test
Tests run: 2, Failures: 0, Errors: 0, Skipped: 0, Time elapsed: 0 sec
Running org.fest.assertions.api.DateAssert_isWithinMillisecond_Test
Tests run: 2, Failures: 0, Errors: 0, Skipped: 0, Time elapsed: 0 sec
Running org.fest.assertions.api.BooleanAssert_isNotEqualTo_boolean_Test
Tests run: 2, Failures: 0, Errors: 0, Skipped: 0, Time elapsed: 0.001 sec
Running org.fest.assertions.api.AbstractAssert_isExactlyInstanceOf_Test
Tests run: 2, Failures: 0, Errors: 0, Skipped: 0, Time elapsed: 0 sec
Running org.fest.assertions.api.Assertions_assertThat_with_Map_Test
Tests run: 2, Failures: 0, Errors: 0, Skipped: 0, Time elapsed: 0 sec
Running org.fest.assertions.api.StringAssert_usingComparator_Test
Tests run: 2, Failures: 0, Errors: 0, Skipped: 0, Time elapsed: 0 sec
Running org.fest.assertions.api.IntArrayAssert_hasSameSizeAs_with_Array_Test
Tests run: 2, Failures: 0, Errors: 0, Skipped: 0, Time elapsed: 0 sec
Running org.fest.assertions.api.ObjectAssert_isLenientEqualsToByAcceptingFields_Test
Tests run: 2, Failures: 0, Errors: 0, Skipped: 0, Time elapsed: 0 sec
Running org.fest.assertions.api.ByteArrayAssert_usingComparator_Test
Tests run: 3, Failures: 0, Errors: 0, Skipped: 0, Time elapsed: 0 sec
Running org.fest.assertions.api.IterableAssert_have_Test
Tests run: 2, Failures: 0, Errors: 0, Skipped: 0, Time elapsed: 0 sec
Running org.fest.assertions.api.ByteArrayAssert_doesNotHaveDuplicates_Test
Tests run: 2, Failures: 0, Errors: 0, Skipped: 0, Time elapsed: 0 sec
Running org.fest.assertions.api.CharacterAssert_isLessThan_char_Test
Tests run: 2, Failures: 0, Errors: 0, Skipped: 0, Time elapsed: 0 sec
Running org.fest.assertions.api.FileAssert_hasBinaryContent_Test
Tests run: 2, Failures: 0, Errors: 0, Skipped: 0, Time elapsed: 0.001 sec
Running org.fest.assertions.api.FloatAssert_isEqualTo_float_Test
Tests run: 2, Failures: 0, Errors: 0, Skipped: 0, Time elapsed: 0 sec
Running org.fest.assertions.api.IntegerAssert_usingComparator_Test
Tests run: 2, Failures: 0, Errors: 0, Skipped: 0, Time elapsed: 0 sec
Running org.fest.assertions.api.ShortAssert_usingComparator_Test
Tests run: 2, Failures: 0, Errors: 0, Skipped: 0, Time elapsed: 0 sec
Running org.fest.assertions.api.FloatArrayAssert_containsSequence_Test
Tests run: 2, Failures: 0, Errors: 0, Skipped: 0, Time elapsed: 0.001 sec
Running org.fest.assertions.api.BooleanArrayAssert_contains_at_Index_Test
Tests run: 2, Failures: 0, Errors: 0, Skipped: 0, Time elapsed: 0 sec
Running org.fest.assertions.api.ObjectArrayAssert_contains_Test
Tests run: 2, Failures: 0, Errors: 0, Skipped: 0, Time elapsed: 0 sec
Running org.fest.assertions.api.LongAssert_isPositive_Test
Tests run: 2, Failures: 0, Errors: 0, Skipped: 0, Time elapsed: 0 sec
Running org.fest.assertions.api.CharArrayAssert_isNullOrEmpty_Test
Tests run: 1, Failures: 0, Errors: 0, Skipped: 0, Time elapsed: 0 sec
Running org.fest.assertions.api.BooleanArrayAssert_usingComparator_Test
Tests run: 3, Failures: 0, Errors: 0, Skipped: 0, Time elapsed: 0 sec
Running org.fest.assertions.api.ShortAssert_isEqualTo_short_Test
Tests run: 2, Failures: 0, Errors: 0, Skipped: 0, Time elapsed: 0 sec
Running org.fest.assertions.api.CharacterAssert_isNotEqualTo_char_Test
Tests run: 2, Failures: 0, Errors: 0, Skipped: 0, Time elapsed: 0 sec
Running org.fest.assertions.api.ShortArrayAssert_usingComparator_Test
Tests run: 3, Failures: 0, Errors: 0, Skipped: 0, Time elapsed: 0 sec
Running org.fest.assertions.api.IterableAssert_doesNotHaveDuplicates_Test
Tests run: 2, Failures: 0, Errors: 0, Skipped: 0, Time elapsed: 0 sec
Running org.fest.assertions.api.LongArrayAssert_startsWith_Test
Tests run: 2, Failures: 0, Errors: 0, Skipped: 0, Time elapsed: 0 sec
Running org.fest.assertions.api.MapAssert_contains_Test
Tests run: 2, Failures: 0, Errors: 0, Skipped: 0, Time elapsed: 0 sec
Running org.fest.assertions.api.AbstractAssert_isOfAnyClassIn_Test
Tests run: 2, Failures: 0, Errors: 0, Skipped: 0, Time elapsed: 0.001 sec
Running org.fest.assertions.api.ListAssert_contains_at_Index_Test
Tests run: 2, Failures: 0, Errors: 0, Skipped: 0, Time elapsed: 0.002 sec
Running org.fest.assertions.api.LongArrayAssert_hasSameSizeAs_with_Iterable_Test
Tests run: 2, Failures: 0, Errors: 0, Skipped: 0, Time elapsed: 0 sec
Running org.fest.assertions.api.Assertions_assertThat_with_FloatArray_Test
Tests run: 2, Failures: 0, Errors: 0, Skipped: 0, Time elapsed: 0 sec
Running org.fest.assertions.api.InputStreamAssert_hasContentEqualTo_Test
Tests run: 2, Failures: 0, Errors: 0, Skipped: 0, Time elapsed: 0.002 sec
Running org.fest.assertions.api.ObjectArrayAssert_areNotAtLeast_Test
Tests run: 2, Failures: 0, Errors: 0, Skipped: 0, Time elapsed: 0 sec
Running org.fest.assertions.api.CharArrayAssert_containsSequence_Test
Tests run: 2, Failures: 0, Errors: 0, Skipped: 0, Time elapsed: 0.001 sec
Running org.fest.assertions.api.IterableAssert_haveAtLeast_Test
Tests run: 2, Failures: 0, Errors: 0, Skipped: 0, Time elapsed: 0 sec
Running org.fest.assertions.api.IntegerAssert_isZero_Test
Tests run: 2, Failures: 0, Errors: 0, Skipped: 0, Time elapsed: 0.001 sec
Running org.fest.assertions.api.ByteAssert_isGreaterThanOrEqualTo_byte_Test
Tests run: 2, Failures: 0, Errors: 0, Skipped: 0, Time elapsed: 0 sec
Running org.fest.assertions.api.ByteArrayAssert_isSortedAccordingToComparator_Test
Tests run: 2, Failures: 0, Errors: 0, Skipped: 0, Time elapsed: 0 sec
Running org.fest.assertions.api.DoubleAssert_isEqualTo_double_Test
Tests run: 2, Failures: 0, Errors: 0, Skipped: 0, Time elapsed: 0 sec
Running org.fest.assertions.api.ByteArrayAssert_hasSameSizeAs_with_Iterable_Test
Tests run: 2, Failures: 0, Errors: 0, Skipped: 0, Time elapsed: 0 sec
Running org.fest.assertions.api.BigDecimalAssert_isEqualToWithStringParameter_Test
Tests run: 2, Failures: 0, Errors: 0, Skipped: 0, Time elapsed: 0 sec
Running org.fest.assertions.api.FloatArrayAssert_hasSize_Test
Tests run: 2, Failures: 0, Errors: 0, Skipped: 0, Time elapsed: 0 sec
Running org.fest.assertions.api.FloatAssert_isNegative_Test
Tests run: 2, Failures: 0, Errors: 0, Skipped: 0, Time elapsed: 0 sec
Running org.fest.assertions.api.ComparableAssertion_should_be_flexible_Test
Tests run: 1, Failures: 0, Errors: 0, Skipped: 0, Time elapsed: 0.001 sec
Running org.fest.assertions.api.DoubleAssert_isNotZero_Test
Tests run: 2, Failures: 0, Errors: 0, Skipped: 0, Time elapsed: 0 sec
Running org.fest.assertions.api.ShortArrayAssert_contains_Test
Tests run: 2, Failures: 0, Errors: 0, Skipped: 0, Time elapsed: 0.001 sec
Running org.fest.assertions.api.ObjectAssert_isLenientEqualsToByIgnoringFields_Test
Tests run: 2, Failures: 0, Errors: 0, Skipped: 0, Time elapsed: 0 sec
Running org.fest.assertions.api.AbstractAssert_hasTheSameClassAs_Test
Tests run: 2, Failures: 0, Errors: 0, Skipped: 0, Time elapsed: 0 sec
Running org.fest.assertions.api.DateAssert_isCloseTo_Test
Tests run: 5, Failures: 0, Errors: 0, Skipped: 0, Time elapsed: 0.001 sec
Running org.fest.assertions.api.AbstractAssert_is_Test
Tests run: 2, Failures: 0, Errors: 0, Skipped: 0, Time elapsed: 0.002 sec
Running org.fest.assertions.api.BooleanArrayAssert_doesNotContain_Test
Tests run: 2, Failures: 0, Errors: 0, Skipped: 0, Time elapsed: 0 sec
Running org.fest.assertions.api.BigDecimalAssert_isEqualByComparingToWithStringParameter_Test
Tests run: 2, Failures: 0, Errors: 0, Skipped: 0, Time elapsed: 0.002 sec
Running org.fest.assertions.api.FloatArrayAssert_doesNotHaveDuplicates_Test
Tests run: 2, Failures: 0, Errors: 0, Skipped: 0, Time elapsed: 0 sec
Running org.fest.assertions.api.IntArrayAssert_contains_at_Index_Test
Tests run: 2, Failures: 0, Errors: 0, Skipped: 0, Time elapsed: 0 sec
Running org.fest.assertions.api.ObjectArrayAssert_startsWith_Test
Tests run: 2, Failures: 0, Errors: 0, Skipped: 0, Time elapsed: 0 sec
Running org.fest.assertions.api.MapAssert_doesNotContain_Test
Tests run: 2, Failures: 0, Errors: 0, Skipped: 0, Time elapsed: 0.001 sec
Running org.fest.assertions.api.StringAssert_contains_String_Test
Tests run: 2, Failures: 0, Errors: 0, Skipped: 0, Time elapsed: 0 sec
Running org.fest.assertions.api.IterableAssert_hasSameSizeAs_with_Iterable_Test
Tests run: 2, Failures: 0, Errors: 0, Skipped: 0, Time elapsed: 0.001 sec
Running org.fest.assertions.api.Assertions_assertThat_with_primitive_char_Test
Tests run: 2, Failures: 0, Errors: 0, Skipped: 0, Time elapsed: 0 sec
Running org.fest.assertions.api.DateAssert_isNotBetweenSpecifyingBoundariesInclusion_Test
Tests run: 5, Failures: 0, Errors: 0, Skipped: 0, Time elapsed: 0.002 sec
Running org.fest.assertions.api.IntegerAssert_isLessThanOrEqualTo_int_Test
Tests run: 2, Failures: 0, Errors: 0, Skipped: 0, Time elapsed: 0 sec
Running org.fest.assertions.api.ByteArrayAssert_isEmpty_Test
Tests run: 1, Failures: 0, Errors: 0, Skipped: 0, Time elapsed: 0 sec
Running org.fest.assertions.api.ObjectArrayAssert_doNothave_Test
Tests run: 2, Failures: 0, Errors: 0, Skipped: 0, Time elapsed: 0 sec
Running org.fest.assertions.api.ObjectArrayAssert_hasSameSizeAs_with_Iterable_Test
Tests run: 2, Failures: 0, Errors: 0, Skipped: 0, Time elapsed: 0 sec
Running org.fest.assertions.api.CharArrayAssert_hasSameSizeAs_with_Iterable_Test
Tests run: 2, Failures: 0, Errors: 0, Skipped: 0, Time elapsed: 0 sec
Running org.fest.assertions.api.LongAssert_isNotNegative_Test
Tests run: 2, Failures: 0, Errors: 0, Skipped: 0, Time elapsed: 0 sec
Running org.fest.assertions.api.CharArrayAssert_containsOnly_Test
Tests run: 2, Failures: 0, Errors: 0, Skipped: 0, Time elapsed: 0 sec
Running org.fest.assertions.api.Assertions_assertThat_with_DoubleArray_Test
Tests run: 2, Failures: 0, Errors: 0, Skipped: 0, Time elapsed: 0 sec
Running org.fest.assertions.api.CollectionAssert_usingComparator_Test
Tests run: 2, Failures: 0, Errors: 0, Skipped: 0, Time elapsed: 0.001 sec
Running org.fest.assertions.api.DoubleArrayAssert_hasSameSizeAs_with_Iterable_Test
Tests run: 2, Failures: 0, Errors: 0, Skipped: 0, Time elapsed: 0 sec
Running org.fest.assertions.api.IterableAssert_doesNotContainNull_Test
Tests run: 2, Failures: 0, Errors: 0, Skipped: 0, Time elapsed: 0 sec
Running org.fest.assertions.api.ObjectArrayAssert_isNullOrEmpty_Test
Tests run: 1, Failures: 0, Errors: 0, Skipped: 0, Time elapsed: 0.001 sec
Running org.fest.assertions.api.AbstractAssert_isNotExactlyInstanceOf_Test
Tests run: 2, Failures: 0, Errors: 0, Skipped: 0, Time elapsed: 0 sec
Running org.fest.assertions.api.DateAssert_isWithinDayOfWeek_Test
Tests run: 2, Failures: 0, Errors: 0, Skipped: 0, Time elapsed: 0 sec
Running org.fest.assertions.api.StringAssert_isNullOrEmpty_Test
Tests run: 1, Failures: 0, Errors: 0, Skipped: 0, Time elapsed: 0 sec
Running org.fest.assertions.api.DateAssert_isBetweenSpecifyingBoundariesInclusion_Test
Tests run: 5, Failures: 0, Errors: 0, Skipped: 0, Time elapsed: 0.001 sec
Running org.fest.assertions.api.LongAssert_usingComparator_Test
Tests run: 2, Failures: 0, Errors: 0, Skipped: 0, Time elapsed: 0 sec
Running org.fest.assertions.api.AbstractAssert_describedAs_with_text_description_Test
Tests run: 3, Failures: 0, Errors: 0, Skipped: 0, Time elapsed: 0 sec
Running org.fest.assertions.api.IntegerAssert_isNotNegative_Test
Tests run: 2, Failures: 0, Errors: 0, Skipped: 0, Time elapsed: 0 sec
Running org.fest.assertions.api.DateAssert_isNotEqualTo_Test
Tests run: 5, Failures: 0, Errors: 0, Skipped: 0, Time elapsed: 0.001 sec
Running org.fest.assertions.api.Assertions_assertThat_with_primitive_boolean_Test
Tests run: 2, Failures: 0, Errors: 0, Skipped: 0, Time elapsed: 0 sec
Running org.fest.assertions.api.FloatAssert_isNotNaN_Test
Tests run: 2, Failures: 0, Errors: 0, Skipped: 0, Time elapsed: 0 sec
Running org.fest.assertions.api.ObjectArrayAssert_doesNotContain_at_Index_Test
Tests run: 2, Failures: 0, Errors: 0, Skipped: 0, Time elapsed: 0 sec
Running org.fest.assertions.api.DateAssert_isWithinMinute_Test
Tests run: 2, Failures: 0, Errors: 0, Skipped: 0, Time elapsed: 0 sec
Running org.fest.assertions.api.FloatAssert_isNotPositive_Test
Tests run: 2, Failures: 0, Errors: 0, Skipped: 0, Time elapsed: 0 sec
Running org.fest.assertions.api.IterableAssert_doesNotContain_Test
Tests run: 2, Failures: 0, Errors: 0, Skipped: 0, Time elapsed: 0 sec
Running org.fest.assertions.api.DateAssert_isInSameMonthAs_Test
Tests run: 5, Failures: 0, Errors: 0, Skipped: 0, Time elapsed: 0.001 sec
Running org.fest.assertions.api.AbstractComparableAssert_isLessThan_Test
Tests run: 2, Failures: 0, Errors: 0, Skipped: 0, Time elapsed: 0 sec
Running org.fest.assertions.api.StringAssert_startsWith_Test
Tests run: 2, Failures: 0, Errors: 0, Skipped: 0, Time elapsed: 0 sec
Running org.fest.assertions.api.ShortAssert_isNegative_Test
Tests run: 2, Failures: 0, Errors: 0, Skipped: 0, Time elapsed: 0 sec
Running org.fest.assertions.api.BigDecimalAssert_isNotNegative_Test
Tests run: 2, Failures: 0, Errors: 0, Skipped: 0, Time elapsed: 0 sec
Running org.fest.assertions.api.FloatArrayAssert_isSortedAccordingToComparator_Test
Tests run: 2, Failures: 0, Errors: 0, Skipped: 0, Time elapsed: 0.001 sec
Running org.fest.assertions.api.LongArrayAssert_isSorted_Test
Tests run: 2, Failures: 0, Errors: 0, Skipped: 0, Time elapsed: 0 sec
Running org.fest.assertions.api.LongArrayAssert_doesNotContain_Test
Tests run: 2, Failures: 0, Errors: 0, Skipped: 0, Time elapsed: 0.001 sec
Running org.fest.assertions.api.Assertions_assertThat_with_Float_Test
Tests run: 2, Failures: 0, Errors: 0, Skipped: 0, Time elapsed: 0 sec
Running org.fest.assertions.api.IntArrayAssert_endsWith_Test
Tests run: 2, Failures: 0, Errors: 0, Skipped: 0, Time elapsed: 0 sec
Running org.fest.assertions.api.ByteArrayAssert_hasSameSizeAs_with_Array_Test
Tests run: 2, Failures: 0, Errors: 0, Skipped: 0, Time elapsed: 0 sec
Running org.fest.assertions.api.ByteArrayAssert_doesNotContain_Test
Tests run: 2, Failures: 0, Errors: 0, Skipped: 0, Time elapsed: 0 sec
Running org.fest.assertions.api.ObjectArrayAssert_doesNotContainNull_Test
Tests run: 2, Failures: 0, Errors: 0, Skipped: 0, Time elapsed: 0 sec
Running org.fest.assertions.api.ShortAssert_isNotZero_Test
Tests run: 2, Failures: 0, Errors: 0, Skipped: 0, Time elapsed: 0 sec
Running org.fest.assertions.api.MapAssert_isNotEmpty_Test
Tests run: 2, Failures: 0, Errors: 0, Skipped: 0, Time elapsed: 0 sec
Running org.fest.assertions.api.ObjectArrayAssert_containsAll_Test
Tests run: 2, Failures: 0, Errors: 0, Skipped: 0, Time elapsed: 0 sec
Running org.fest.assertions.api.LongArrayAssert_endsWith_Test
Tests run: 2, Failures: 0, Errors: 0, Skipped: 0, Time elapsed: 0 sec
Running org.fest.assertions.api.AbstractAssert_isInstanceOf_Test
Tests run: 2, Failures: 0, Errors: 0, Skipped: 0, Time elapsed: 0 sec
Running org.fest.assertions.api.LongArrayAssert_isNotEmpty_Test
Tests run: 2, Failures: 0, Errors: 0, Skipped: 0, Time elapsed: 0 sec
Running org.fest.assertions.api.FloatArrayAssert_containsOnly_Test
Tests run: 2, Failures: 0, Errors: 0, Skipped: 0, Time elapsed: 0 sec
Running org.fest.assertions.api.ObjectArrayAssert_doNotHaveExactly_Test
Tests run: 2, Failures: 0, Errors: 0, Skipped: 0, Time elapsed: 0 sec
Running org.fest.assertions.api.CharArrayAssert_doesNotHaveDuplicates_Test
Tests run: 2, Failures: 0, Errors: 0, Skipped: 0, Time elapsed: 0 sec
Running org.fest.assertions.api.IntegerAssert_isNegative_Test
Tests run: 2, Failures: 0, Errors: 0, Skipped: 0, Time elapsed: 0 sec
Running org.fest.assertions.api.ObjectArrayAssert_areAtMost_Test
Tests run: 2, Failures: 0, Errors: 0, Skipped: 0, Time elapsed: 0.001 sec
Running org.fest.assertions.api.Fail_fail_withMessageAndCause_Test
Tests run: 1, Failures: 0, Errors: 0, Skipped: 0, Time elapsed: 0 sec
Running org.fest.assertions.api.Assertions_assertThat_with_Character_Test
Tests run: 2, Failures: 0, Errors: 0, Skipped: 0, Time elapsed: 0 sec
Running org.fest.assertions.api.ListAssert_doesNotContain_at_Index_Test
Tests run: 2, Failures: 0, Errors: 0, Skipped: 0, Time elapsed: 0.001 sec
Running org.fest.assertions.api.CharacterAssert_isEqualTo_char_Test
Tests run: 2, Failures: 0, Errors: 0, Skipped: 0, Time elapsed: 0 sec
Running org.fest.assertions.api.DateAssert_isInTheFuture_Test
Tests run: 2, Failures: 0, Errors: 0, Skipped: 0, Time elapsed: 0 sec
Running org.fest.assertions.api.ShortArrayAssert_hasSameSizeAs_with_Array_Test
Tests run: 2, Failures: 0, Errors: 0, Skipped: 0, Time elapsed: 0.001 sec
Running org.fest.assertions.api.LongArrayAssert_isEmpty_Test
Tests run: 1, Failures: 0, Errors: 0, Skipped: 0, Time elapsed: 0 sec
Running org.fest.assertions.api.ObjectArrayAssert_contains_at_Index_Test
Tests run: 2, Failures: 0, Errors: 0, Skipped: 0, Time elapsed: 0 sec
Running org.fest.assertions.api.CharArrayAssert_contains_Test
Tests run: 2, Failures: 0, Errors: 0, Skipped: 0, Time elapsed: 0 sec
Running org.fest.assertions.api.AbstractAssert_isSameAs_Test
Tests run: 2, Failures: 0, Errors: 0, Skipped: 0, Time elapsed: 0 sec
Running org.fest.assertions.api.IterableAssert_areNotAtMost_Test
Tests run: 2, Failures: 0, Errors: 0, Skipped: 0, Time elapsed: 0 sec
Running org.fest.assertions.api.ShortArrayAssert_doesNotHaveDuplicates_Test
Tests run: 2, Failures: 0, Errors: 0, Skipped: 0, Time elapsed: 0.001 sec
Running org.fest.assertions.api.DoubleArrayAssert_isSortedAccordingToComparator_Test
Tests run: 2, Failures: 0, Errors: 0, Skipped: 0, Time elapsed: 0 sec
Running org.fest.assertions.api.IntArrayAssert_isEmpty_Test
Tests run: 1, Failures: 0, Errors: 0, Skipped: 0, Time elapsed: 0 sec
Running org.fest.assertions.api.FloatAssert_usingComparator_Test
Tests run: 2, Failures: 0, Errors: 0, Skipped: 0, Time elapsed: 0 sec
Running org.fest.assertions.api.CharArrayAssert_isSorted_Test
Tests run: 2, Failures: 0, Errors: 0, Skipped: 0, Time elapsed: 0 sec
Running org.fest.assertions.api.BooleanArrayAssert_doesNotHaveDuplicates_Test
Tests run: 2, Failures: 0, Errors: 0, Skipped: 0, Time elapsed: 0.001 sec
Running org.fest.assertions.api.FloatArrayAssert_isNullOrEmpty_Test
Tests run: 1, Failures: 0, Errors: 0, Skipped: 0, Time elapsed: 0 sec
Running org.fest.assertions.api.IntArrayAssert_usingComparator_Test
Tests run: 3, Failures: 0, Errors: 0, Skipped: 0, Time elapsed: 0 sec
Running org.fest.assertions.api.IntArrayAssert_doesNotHaveDuplicates_Test
Tests run: 2, Failures: 0, Errors: 0, Skipped: 0, Time elapsed: 0 sec
Running org.fest.assertions.api.FileAssert_canRead_Test
Tests run: 2, Failures: 0, Errors: 0, Skipped: 0, Time elapsed: 0.001 sec
Running org.fest.assertions.api.ObjectArrayAssert_areAtLeast_Test
Tests run: 2, Failures: 0, Errors: 0, Skipped: 0, Time elapsed: 0 sec
Running org.fest.assertions.api.DoubleArrayAssert_contains_at_Index_Test
Tests run: 2, Failures: 0, Errors: 0, Skipped: 0, Time elapsed: 0.001 sec
Running org.fest.assertions.api.LongAssert_isNotPositive_Test
Tests run: 2, Failures: 0, Errors: 0, Skipped: 0, Time elapsed: 0 sec
Running org.fest.assertions.api.ObjectAssert_usingComparator_Test
Tests run: 2, Failures: 0, Errors: 0, Skipped: 0, Time elapsed: 0.001 sec
Running org.fest.assertions.api.BigDecimalAssert_isNotZero_Test
Tests run: 2, Failures: 0, Errors: 0, Skipped: 0, Time elapsed: 0 sec
Running org.fest.assertions.api.AbstractComparableAssert_isLessThanOrEqualTo_Test
Tests run: 2, Failures: 0, Errors: 0, Skipped: 0, Time elapsed: 0.001 sec
Running org.fest.assertions.api.ObjectArrayAssert_isEmpty_Test
Tests run: 1, Failures: 0, Errors: 0, Skipped: 0, Time elapsed: 0 sec
Running org.fest.assertions.api.ByteAssert_isLessThan_byte_Test
Tests run: 2, Failures: 0, Errors: 0, Skipped: 0, Time elapsed: 0.001 sec
Running org.fest.assertions.api.DateAssert_isWithinYear_Test
Tests run: 2, Failures: 0, Errors: 0, Skipped: 0, Time elapsed: 0 sec
Running org.fest.assertions.api.IntegerAssert_isNotPostitive_Test
Tests run: 2, Failures: 0, Errors: 0, Skipped: 0, Time elapsed: 0.001 sec
Running org.fest.assertions.api.ObjectArrayAssert_hasSameSizeAs_with_Arrays_Test
Tests run: 2, Failures: 0, Errors: 0, Skipped: 0, Time elapsed: 0 sec
Running org.fest.assertions.api.ImageAssert_isEqualTo_Test
Tests run: 2, Failures: 0, Errors: 0, Skipped: 0, Time elapsed: 0.105 sec
Running org.fest.assertions.api.FileAssert_doesNotExist_Test
Tests run: 2, Failures: 0, Errors: 0, Skipped: 0, Time elapsed: 0.001 sec
Running org.fest.assertions.api.ByteArrayAssert_hasSize_Test
Tests run: 2, Failures: 0, Errors: 0, Skipped: 0, Time elapsed: 0.001 sec
Running org.fest.assertions.api.DateAssert_isWithinMonth_Test
Tests run: 2, Failures: 0, Errors: 0, Skipped: 0, Time elapsed: 0 sec
Running org.fest.assertions.api.FileAssert_hasContentEqualTo_Test
Tests run: 2, Failures: 0, Errors: 0, Skipped: 0, Time elapsed: 0 sec
Running org.fest.assertions.api.IterableAssert_areNot_Test
Tests run: 2, Failures: 0, Errors: 0, Skipped: 0, Time elapsed: 0 sec
Running org.fest.assertions.api.CharArrayAssert_isEmpty_Test
Tests run: 1, Failures: 0, Errors: 0, Skipped: 0, Time elapsed: 0 sec
Running org.fest.assertions.api.DoubleAssert_isNotPositive_Test
Tests run: 2, Failures: 0, Errors: 0, Skipped: 0, Time elapsed: 0 sec
Running org.fest.assertions.api.DoubleArrayAssert_doesNotHaveDuplicates_Test
Tests run: 2, Failures: 0, Errors: 0, Skipped: 0, Time elapsed: 0 sec
Running org.fest.assertions.api.DoubleArrayAssert_doesNotContain_at_Index_Test
Tests run: 2, Failures: 0, Errors: 0, Skipped: 0, Time elapsed: 0 sec
Running org.fest.assertions.api.Assertions_assertThat_with_ByteArray_Test
Tests run: 2, Failures: 0, Errors: 0, Skipped: 0, Time elapsed: 0 sec
Running org.fest.assertions.api.Assertions_assertThat_with_Integer_Test
Tests run: 2, Failures: 0, Errors: 0, Skipped: 0, Time elapsed: 0 sec
Running org.fest.assertions.api.ThrowableAssert_hasMessage_Test
Tests run: 2, Failures: 0, Errors: 0, Skipped: 0, Time elapsed: 0 sec
Running org.fest.assertions.api.FloatAssert_isNotEqualTo_float_Test
Tests run: 2, Failures: 0, Errors: 0, Skipped: 0, Time elapsed: 0.001 sec
Running org.fest.assertions.api.Fail_fest_elements_stack_trace_filtering_Test
Tests run: 2, Failures: 0, Errors: 0, Skipped: 0, Time elapsed: 0 sec
Running org.fest.assertions.api.CharacterAssert_isLowerCase_Test
Tests run: 2, Failures: 0, Errors: 0, Skipped: 0, Time elapsed: 0 sec
Running org.fest.assertions.api.ShortAssert_isPositive_Test
Tests run: 2, Failures: 0, Errors: 0, Skipped: 0, Time elapsed: 0 sec
Running org.fest.assertions.api.ImageAssert_isEqualTo_WithOffset_Test
Tests run: 2, Failures: 0, Errors: 0, Skipped: 0, Time elapsed: 0 sec
Running org.fest.assertions.api.ByteAssert_isSameAs_Test
Tests run: 2, Failures: 0, Errors: 0, Skipped: 0, Time elapsed: 0 sec
Running org.fest.assertions.api.Assertions_assertThat_with_String_Test
Tests run: 2, Failures: 0, Errors: 0, Skipped: 0, Time elapsed: 0 sec
Running org.fest.assertions.api.FloatAssert_isLessThanOrEqualTo_float_Test
Tests run: 2, Failures: 0, Errors: 0, Skipped: 0, Time elapsed: 0 sec
Running org.fest.assertions.api.IterableAssert_contains_Test
Tests run: 2, Failures: 0, Errors: 0, Skipped: 0, Time elapsed: 0 sec
Running org.fest.assertions.api.AbstractComparableAssert_isGreaterThan_Test
Tests run: 2, Failures: 0, Errors: 0, Skipped: 0, Time elapsed: 0 sec
Running org.fest.assertions.api.FloatAssert_isEqualTo_with_offset_Test
Tests run: 2, Failures: 0, Errors: 0, Skipped: 0, Time elapsed: 0 sec
Running org.fest.assertions.api.BooleanAssert_usingComparator_Test
Tests run: 2, Failures: 0, Errors: 0, Skipped: 0, Time elapsed: 0 sec
Running org.fest.assertions.api.CharacterAssert_isGreaterThan_char_Test
Tests run: 2, Failures: 0, Errors: 0, Skipped: 0, Time elapsed: 0 sec
Running org.fest.assertions.api.IterableAssert_haveAtMost_Test
Tests run: 2, Failures: 0, Errors: 0, Skipped: 0, Time elapsed: 0 sec
Running org.fest.assertions.api.DateAssert_isAfter_Test
Tests run: 5, Failures: 0, Errors: 0, Skipped: 0, Time elapsed: 0.001 sec
Running org.fest.assertions.api.FloatArrayAssert_hasSameSizeAs_with_Array_Test
Tests run: 2, Failures: 0, Errors: 0, Skipped: 0, Time elapsed: 0 sec
Running org.fest.assertions.api.StringAssert_endsWith_Test
Tests run: 2, Failures: 0, Errors: 0, Skipped: 0, Time elapsed: 0.001 sec
Running org.fest.assertions.api.FileAssert_canWrite_Test
Tests run: 2, Failures: 0, Errors: 0, Skipped: 0, Time elapsed: 0 sec
Running org.fest.assertions.api.LongArrayAssert_hasSize_Test
Tests run: 2, Failures: 0, Errors: 0, Skipped: 0, Time elapsed: 0 sec
Running org.fest.assertions.api.DoubleArrayAssert_startsWith_Test
Tests run: 2, Failures: 0, Errors: 0, Skipped: 0, Time elapsed: 0 sec
Running org.fest.assertions.api.StringAssert_containsIgnoringCase_String_Test
Tests run: 2, Failures: 0, Errors: 0, Skipped: 0, Time elapsed: 0 sec
Running org.fest.assertions.api.ByteAssert_isNotPositive_Test
Tests run: 2, Failures: 0, Errors: 0, Skipped: 0, Time elapsed: 0 sec
Running org.fest.assertions.api.ListAssert_usingComparator_Test
Tests run: 2, Failures: 0, Errors: 0, Skipped: 0, Time elapsed: 0 sec
Running org.fest.assertions.api.CharArrayAssert_hasSize_Test
Tests run: 2, Failures: 0, Errors: 0, Skipped: 0, Time elapsed: 0 sec
Running org.fest.assertions.api.ObjectArrayAssert_have_Test
Tests run: 2, Failures: 0, Errors: 0, Skipped: 0, Time elapsed: 0.001 sec
Running org.fest.assertions.api.ObjectArrayAssert_usingComparator_Test
Tests run: 3, Failures: 0, Errors: 0, Skipped: 0, Time elapsed: 0.001 sec
Running org.fest.assertions.api.ByteAssert_isNotNegative_Test
Tests run: 2, Failures: 0, Errors: 0, Skipped: 0, Time elapsed: 0 sec
Running org.fest.assertions.api.ShortAssert_isNotPositive_Test
Tests run: 2, Failures: 0, Errors: 0, Skipped: 0, Time elapsed: 0 sec
Running org.fest.assertions.api.DoubleAssert_isNotNegative_Test
Tests run: 2, Failures: 0, Errors: 0, Skipped: 0, Time elapsed: 0.001 sec
Running org.fest.assertions.api.ShortArrayAssert_doesNotContain_Test
Tests run: 2, Failures: 0, Errors: 0, Skipped: 0, Time elapsed: 0 sec
Running org.fest.assertions.api.ObjectArrayAssert_areNotAtMost_Test
Tests run: 2, Failures: 0, Errors: 0, Skipped: 0, Time elapsed: 0.001 sec
Running org.fest.assertions.api.IIterableAssert_areNotAtMost_Test
Tests run: 2, Failures: 0, Errors: 0, Skipped: 0, Time elapsed: 0 sec
Running org.fest.assertions.api.ObjectArrayAssert_are_Test
Tests run: 2, Failures: 0, Errors: 0, Skipped: 0, Time elapsed: 0 sec
Running org.fest.assertions.api.LongAssert_isLessThan_long_Test
Tests run: 2, Failures: 0, Errors: 0, Skipped: 0, Time elapsed: 0 sec
Running org.fest.assertions.api.DoubleArrayAssert_isNotEmpty_Test
Tests run: 2, Failures: 0, Errors: 0, Skipped: 0, Time elapsed: 0 sec
Running org.fest.assertions.api.Assertions_assertThat_with_primitive_int_Test
Tests run: 2, Failures: 0, Errors: 0, Skipped: 0, Time elapsed: 0 sec
Running org.fest.assertions.api.ImageAssert_hasSize_Test
Tests run: 2, Failures: 0, Errors: 0, Skipped: 0, Time elapsed: 0.001 sec
Running org.fest.assertions.api.CharArrayAssert_contains_at_Index_Test
Tests run: 2, Failures: 0, Errors: 0, Skipped: 0, Time elapsed: 0.001 sec
Running org.fest.assertions.api.ObjectAssert_isEqualsToByComparingFields_Test
Tests run: 2, Failures: 0, Errors: 0, Skipped: 0, Time elapsed: 0 sec
Running org.fest.assertions.api.ListAssert_isSortedAccordingToComparator_Test
Tests run: 2, Failures: 0, Errors: 0, Skipped: 0, Time elapsed: 0.001 sec
Running org.fest.assertions.api.FloatArrayAssert_doesNotContain_at_Index_Test
Tests run: 2, Failures: 0, Errors: 0, Skipped: 0, Time elapsed: 0 sec
Running org.fest.assertions.api.BooleanAssert_isEqualTo_boolean_Test
Tests run: 2, Failures: 0, Errors: 0, Skipped: 0, Time elapsed: 0 sec
Running org.fest.assertions.api.LongAssert_isLessThanOrEqualTo_long_Test
Tests run: 2, Failures: 0, Errors: 0, Skipped: 0, Time elapsed: 0 sec
Running org.fest.assertions.api.StringAssert_doesNotMatch_String_Test
Tests run: 2, Failures: 0, Errors: 0, Skipped: 0, Time elapsed: 0 sec
Running org.fest.assertions.api.BooleanArrayAssert_isSorted_Test
Tests run: 2, Failures: 0, Errors: 0, Skipped: 0, Time elapsed: 0 sec
Running org.fest.assertions.api.AbstractAssert_isNull_Test
Tests run: 1, Failures: 0, Errors: 0, Skipped: 0, Time elapsed: 0.001 sec
Running org.fest.assertions.api.Assertions_assertThat_with_primitive_long_Test
Tests run: 2, Failures: 0, Errors: 0, Skipped: 0, Time elapsed: 0 sec
Running org.fest.assertions.api.Assertions_assertThat_with_Byte_Test
Tests run: 2, Failures: 0, Errors: 0, Skipped: 0, Time elapsed: 0 sec
Running org.fest.assertions.api.BooleanArrayAssert_hasSameSizeAs_with_Array_Test
Tests run: 2, Failures: 0, Errors: 0, Skipped: 0, Time elapsed: 0.001 sec
Running org.fest.assertions.api.IntegerAssert_isNotZero_Test
Tests run: 2, Failures: 0, Errors: 0, Skipped: 0, Time elapsed: 0 sec
Running org.fest.assertions.api.BooleanAssert_isTrue_Test
Tests run: 2, Failures: 0, Errors: 0, Skipped: 0, Time elapsed: 0.001 sec
Running org.fest.assertions.api.DoubleArrayAssert_doesNotContain_Test
Tests run: 2, Failures: 0, Errors: 0, Skipped: 0, Time elapsed: 0 sec
Running org.fest.assertions.api.IterableAssert_are_Test
Tests run: 2, Failures: 0, Errors: 0, Skipped: 0, Time elapsed: 0.001 sec
Running org.fest.assertions.api.Assertions_assertThat_with_primitive_float_Test
Tests run: 2, Failures: 0, Errors: 0, Skipped: 0, Time elapsed: 0 sec
Running org.fest.assertions.api.DoubleAssert_isNotNaN_Test
Tests run: 2, Failures: 0, Errors: 0, Skipped: 0, Time elapsed: 0 sec
Running org.fest.assertions.api.DoubleAssert_isNegative_Test
Tests run: 2, Failures: 0, Errors: 0, Skipped: 0, Time elapsed: 0 sec
Running org.fest.assertions.api.MapAssert_containsValue_Test
Tests run: 2, Failures: 0, Errors: 0, Skipped: 0, Time elapsed: 0 sec
Running org.fest.assertions.api.MapAssert_doesNotContainValue_Test
Tests run: 2, Failures: 0, Errors: 0, Skipped: 0, Time elapsed: 0 sec
Running org.fest.assertions.api.ListAssert_isSorted_Test
Tests run: 2, Failures: 0, Errors: 0, Skipped: 0, Time elapsed: 0 sec
Running org.fest.assertions.api.LongArrayAssert_contains_Test
Tests run: 2, Failures: 0, Errors: 0, Skipped: 0, Time elapsed: 0 sec
Running org.fest.assertions.api.StringAssert_doesNotMatch_Pattern_Test
Tests run: 2, Failures: 0, Errors: 0, Skipped: 0, Time elapsed: 0 sec
Running org.fest.assertions.api.ObjectArrayAssert_doNotHaveAtMost_Test
Tests run: 2, Failures: 0, Errors: 0, Skipped: 0, Time elapsed: 0 sec
Running org.fest.assertions.api.ShortAssert_isGreaterThanOrEqualTo_short_Test
Tests run: 2, Failures: 0, Errors: 0, Skipped: 0, Time elapsed: 0 sec
Running org.fest.assertions.api.DateAssert_isInSameMinuteAs_Test
Tests run: 5, Failures: 0, Errors: 0, Skipped: 0, Time elapsed: 0.028 sec
Running org.fest.assertions.api.BooleanArrayAssert_endsWith_Test
Tests run: 2, Failures: 0, Errors: 0, Skipped: 0, Time elapsed: 0 sec
Running org.fest.assertions.api.ObjectArrayAssert_isNotEmpty_Test
Tests run: 2, Failures: 0, Errors: 0, Skipped: 0, Time elapsed: 0.001 sec
Running org.fest.assertions.api.ByteAssert_isGreaterThan_byte_Test
Tests run: 2, Failures: 0, Errors: 0, Skipped: 0, Time elapsed: 0 sec
Running org.fest.assertions.api.ShortArrayAssert_containsOnly_Test
Tests run: 2, Failures: 0, Errors: 0, Skipped: 0, Time elapsed: 0.001 sec
Running org.fest.assertions.api.ShortAssert_isZero_Test
Tests run: 2, Failures: 0, Errors: 0, Skipped: 0, Time elapsed: 0 sec
Running org.fest.assertions.api.DoubleAssert_isLessThan_double_Test
Tests run: 2, Failures: 0, Errors: 0, Skipped: 0, Time elapsed: 0.001 sec
Running org.fest.assertions.api.IterableAssert_hasSize_Test
Tests run: 2, Failures: 0, Errors: 0, Skipped: 0, Time elapsed: 0 sec
Running org.fest.assertions.api.ByteAssert_isLessThanOrEqualTo_long_Test
Tests run: 2, Failures: 0, Errors: 0, Skipped: 0, Time elapsed: 0.001 sec
Running org.fest.assertions.api.IterableAssert_isNotEmpty_Test
Tests run: 2, Failures: 0, Errors: 0, Skipped: 0, Time elapsed: 0 sec
Running org.fest.assertions.api.ByteArrayAssert_isNullOrEmpty_Test
Tests run: 1, Failures: 0, Errors: 0, Skipped: 0, Time elapsed: 0 sec
Running org.fest.assertions.api.AbstractAssert_has_Test
Tests run: 2, Failures: 0, Errors: 0, Skipped: 0, Time elapsed: 0 sec
Running org.fest.assertions.api.AbstractUnevenComparableAssert_isEqualToByComparingTo_Test
Tests run: 2, Failures: 0, Errors: 0, Skipped: 0, Time elapsed: 0.001 sec
Running org.fest.assertions.api.DoubleArrayAssert_isSorted_Test
Tests run: 2, Failures: 0, Errors: 0, Skipped: 0, Time elapsed: 0 sec
Running org.fest.assertions.api.IntArrayAssert_isSortedAccordingToComparator_Test
Tests run: 2, Failures: 0, Errors: 0, Skipped: 0, Time elapsed: 0.001 sec
Running org.fest.assertions.api.Assertions_assertThat_with_ShortArray_Test
Tests run: 2, Failures: 0, Errors: 0, Skipped: 0, Time elapsed: 0 sec
Running org.fest.assertions.api.BooleanArrayAssert_startsWith_Test
Tests run: 2, Failures: 0, Errors: 0, Skipped: 0, Time elapsed: 0.001 sec
Running org.fest.assertions.api.DoubleArrayAssert_hasSameSizeAs_with_Array_Test
Tests run: 2, Failures: 0, Errors: 0, Skipped: 0, Time elapsed: 0 sec
Running org.fest.assertions.api.FloatArrayAssert_contains_Test
Tests run: 2, Failures: 0, Errors: 0, Skipped: 0, Time elapsed: 0.001 sec
Running org.fest.assertions.api.MapAssert_hasSameSizeAs_with_Array_Test
Tests run: 2, Failures: 0, Errors: 0, Skipped: 0, Time elapsed: 0 sec
Running org.fest.assertions.api.DoubleAssert_isZero_Test
Tests run: 2, Failures: 0, Errors: 0, Skipped: 0, Time elapsed: 0 sec
Running org.fest.assertions.api.ShortArrayAssert_endsWith_Test
Tests run: 2, Failures: 0, Errors: 0, Skipped: 0, Time elapsed: 0 sec
Running org.fest.assertions.api.IntArrayAssert_contains_Test
Tests run: 2, Failures: 0, Errors: 0, Skipped: 0, Time elapsed: 0 sec
Running org.fest.assertions.api.CharacterAssert_isLessThanOrEqualTo_char_Test
Tests run: 2, Failures: 0, Errors: 0, Skipped: 0, Time elapsed: 0 sec
Running org.fest.assertions.api.MapAssert_doesNotContainKey_Test
Tests run: 2, Failures: 0, Errors: 0, Skipped: 0, Time elapsed: 0 sec
Running org.fest.assertions.api.LongArrayAssert_isNullOrEmpty_Test
Tests run: 1, Failures: 0, Errors: 0, Skipped: 0, Time elapsed: 0.001 sec
Running org.fest.assertions.api.Assertions_assertThat_with_LongArray_Test
Tests run: 2, Failures: 0, Errors: 0, Skipped: 0, Time elapsed: 0 sec
Running org.fest.assertions.api.DateAssert_isBeforeOrEqualsTo_Test
Tests run: 5, Failures: 0, Errors: 0, Skipped: 0, Time elapsed: 0.002 sec
Running org.fest.assertions.api.IntArrayAssert_isSorted_Test
Tests run: 2, Failures: 0, Errors: 0, Skipped: 0, Time elapsed: 0 sec
Running org.fest.assertions.api.AbstractAssert_isNotInstanceOf_Test
Tests run: 2, Failures: 0, Errors: 0, Skipped: 0, Time elapsed: 0.001 sec
Running org.fest.assertions.api.AbstractAssert_isNotIn_with_array_Test
Tests run: 2, Failures: 0, Errors: 0, Skipped: 0, Time elapsed: 0 sec
Running org.fest.assertions.api.ByteArrayAssert_endsWith_Test
Tests run: 2, Failures: 0, Errors: 0, Skipped: 0, Time elapsed: 0.001 sec
Running org.fest.assertions.api.DateAssert_isBefore_Test
Tests run: 5, Failures: 0, Errors: 0, Skipped: 0, Time elapsed: 0.001 sec
Running org.fest.assertions.api.IntArrayAssert_hasSize_Test
Tests run: 2, Failures: 0, Errors: 0, Skipped: 0, Time elapsed: 0 sec
Running org.fest.assertions.api.LongAssert_isNotEqualTo_long_Test
Tests run: 2, Failures: 0, Errors: 0, Skipped: 0, Time elapsed: 0 sec
Running org.fest.assertions.api.ByteArrayAssert_isSorted_Test
Tests run: 2, Failures: 0, Errors: 0, Skipped: 0, Time elapsed: 0 sec
Running org.fest.assertions.api.BooleanArrayAssert_contains_Test
Tests run: 2, Failures: 0, Errors: 0, Skipped: 0, Time elapsed: 0 sec
Running org.fest.assertions.api.IterableAssert_doNotHaveAtMost_Test
Tests run: 2, Failures: 0, Errors: 0, Skipped: 0, Time elapsed: 0.001 sec
Running org.fest.assertions.api.LongAssert_isNotZero_Test
Tests run: 2, Failures: 0, Errors: 0, Skipped: 0, Time elapsed: 0 sec
Running org.fest.assertions.api.DoubleAssert_isEqualTo_with_offset_Test
Tests run: 2, Failures: 0, Errors: 0, Skipped: 0, Time elapsed: 0.001 sec
Running org.fest.assertions.api.DateAssert_isInSameSecondAs_Test
Tests run: 5, Failures: 0, Errors: 0, Skipped: 0, Time elapsed: 0.002 sec
Running org.fest.assertions.api.ShortArrayAssert_doesNotContain_at_Index_Test
Tests run: 2, Failures: 0, Errors: 0, Skipped: 0, Time elapsed: 0.001 sec
Running org.fest.assertions.api.ObjectArrayAssert_doNotHaveAtLeast_Test
Tests run: 2, Failures: 0, Errors: 0, Skipped: 0, Time elapsed: 0 sec
Running org.fest.assertions.api.AbstractAssert_doesNotHave_Test
Tests run: 2, Failures: 0, Errors: 0, Skipped: 0, Time elapsed: 0 sec
Running org.fest.assertions.api.IterableAssert_doNotHave_Test
Tests run: 2, Failures: 0, Errors: 0, Skipped: 0, Time elapsed: 0.001 sec
Running org.fest.assertions.api.BooleanArrayAssert_isNotEmpty_Test
Tests run: 2, Failures: 0, Errors: 0, Skipped: 0, Time elapsed: 0 sec
Running org.fest.assertions.api.IterableAssert_containsNull_Test
Tests run: 2, Failures: 0, Errors: 0, Skipped: 0, Time elapsed: 0 sec
Running org.fest.assertions.api.Assertions_assertThat_with_Boolean_Test
Tests run: 2, Failures: 0, Errors: 0, Skipped: 0, Time elapsed: 0 sec
Running org.fest.assertions.api.ShortAssert_isNotNegative_Test
Tests run: 2, Failures: 0, Errors: 0, Skipped: 0, Time elapsed: 0 sec
Running org.fest.assertions.api.CharArrayAssert_isNotEmpty_Test
Tests run: 2, Failures: 0, Errors: 0, Skipped: 0, Time elapsed: 0 sec
Running org.fest.assertions.api.ShortArrayAssert_hasSameSizeAs_with_Iterable_Test
Tests run: 2, Failures: 0, Errors: 0, Skipped: 0, Time elapsed: 0 sec
Running org.fest.assertions.api.AbstractAssert_doesNotHaveTheSameClassAs_Test
Tests run: 2, Failures: 0, Errors: 0, Skipped: 0, Time elapsed: 0 sec
Running org.fest.assertions.api.ByteAssert_isEqualTo_byte_Test
Tests run: 2, Failures: 0, Errors: 0, Skipped: 0, Time elapsed: 0.001 sec
Running org.fest.assertions.api.IntArrayAssert_isNullOrEmpty_Test
Tests run: 1, Failures: 0, Errors: 0, Skipped: 0, Time elapsed: 0 sec
Running org.fest.assertions.api.LongAssert_isGreaterThan_long_Test
Tests run: 2, Failures: 0, Errors: 0, Skipped: 0, Time elapsed: 0 sec
Running org.fest.assertions.api.Assertions_assertThat_with_ObjectArray_Test
Tests run: 2, Failures: 0, Errors: 0, Skipped: 0, Time elapsed: 0 sec
Running org.fest.assertions.api.LongArrayAssert_usingComparator_Test
Tests run: 3, Failures: 0, Errors: 0, Skipped: 0, Time elapsed: 0 sec
Running org.fest.assertions.api.LongArrayAssert_contains_at_Index_Test
Tests run: 2, Failures: 0, Errors: 0, Skipped: 0, Time elapsed: 0 sec
Running org.fest.assertions.api.Assertions_assertThat_with_Iterable_Test
Tests run: 2, Failures: 0, Errors: 0, Skipped: 0, Time elapsed: 0 sec
Running org.fest.assertions.api.ObjectArrayAssert_isSorted_Test
Tests run: 2, Failures: 0, Errors: 0, Skipped: 0, Time elapsed: 0 sec
Running org.fest.assertions.api.FloatAssert_isPositive_Test
Tests run: 2, Failures: 0, Errors: 0, Skipped: 0, Time elapsed: 0 sec
Running org.fest.assertions.api.CharArrayAssert_endsWith_Test
Tests run: 2, Failures: 0, Errors: 0, Skipped: 0, Time elapsed: 0 sec
Running org.fest.assertions.api.DateAssert_isAfterYear_Test
Tests run: 2, Failures: 0, Errors: 0, Skipped: 0, Time elapsed: 0 sec
Running org.fest.assertions.api.FloatArrayAssert_startsWith_Test
Tests run: 2, Failures: 0, Errors: 0, Skipped: 0, Time elapsed: 0 sec
Running org.fest.assertions.api.Assertions_assertThat_with_IntArray_Test
Tests run: 2, Failures: 0, Errors: 0, Skipped: 0, Time elapsed: 0 sec
Running org.fest.assertions.api.ImageAssert_usingComparator_Test
Tests run: 2, Failures: 0, Errors: 0, Skipped: 0, Time elapsed: 0 sec
Running org.fest.assertions.api.Assertions_assertThat_with_InputStream_Test
Tests run: 2, Failures: 0, Errors: 0, Skipped: 0, Time elapsed: 0 sec
Running org.fest.assertions.api.IntArrayAssert_containsSequence_Test
Tests run: 2, Failures: 0, Errors: 0, Skipped: 0, Time elapsed: 0.001 sec
Running org.fest.assertions.api.StringAssert_hasSameSizeAs_with_Array_Test
Tests run: 2, Failures: 0, Errors: 0, Skipped: 0, Time elapsed: 0 sec
Running org.fest.assertions.api.Assertions_assertThat_with_Object_Test
Tests run: 2, Failures: 0, Errors: 0, Skipped: 0, Time elapsed: 0 sec
Running org.fest.assertions.api.FloatArrayAssert_isNotEmpty_Test
Tests run: 2, Failures: 0, Errors: 0, Skipped: 0, Time elapsed: 0.001 sec
Running org.fest.assertions.api.ByteAssert_isNegative_Test
Tests run: 2, Failures: 0, Errors: 0, Skipped: 0, Time elapsed: 0 sec
Running org.fest.assertions.api.BooleanArrayAssert_isNullOrEmpty_Test
Tests run: 1, Failures: 0, Errors: 0, Skipped: 0, Time elapsed: 0.001 sec
Running org.fest.assertions.api.DateAssert_isWithinSecond_Test
Tests run: 2, Failures: 0, Errors: 0, Skipped: 0, Time elapsed: 0 sec
Running org.fest.assertions.api.AbstractComparableAssert_isGreaterThanOrEqualTo_Test
Tests run: 2, Failures: 0, Errors: 0, Skipped: 0, Time elapsed: 0 sec
Running org.fest.assertions.api.FileAssert_isAbsolute_Test
Tests run: 2, Failures: 0, Errors: 0, Skipped: 0, Time elapsed: 0 sec
Running org.fest.assertions.api.IterableAssert_endsWith_Test
Tests run: 2, Failures: 0, Errors: 0, Skipped: 0, Time elapsed: 0 sec
Running org.fest.assertions.api.ObjectArrayAssert_isSortedAccordingToComparator_Test
Tests run: 2, Failures: 0, Errors: 0, Skipped: 0, Time elapsed: 0.001 sec
Running org.fest.assertions.api.ImageAssert_isNotEqualTo_Test
Tests run: 2, Failures: 0, Errors: 0, Skipped: 0, Time elapsed: 0.001 sec
Running org.fest.assertions.api.Fail_fail_withMessage_Test
Tests run: 1, Failures: 0, Errors: 0, Skipped: 0, Time elapsed: 0 sec
Running org.fest.assertions.api.IntegerAssert_isEqualTo_int_Test
Tests run: 2, Failures: 0, Errors: 0, Skipped: 0, Time elapsed: 0.001 sec
Running org.fest.assertions.api.Assertions_assertThat_with_CharArray_Test
Tests run: 2, Failures: 0, Errors: 0, Skipped: 0, Time elapsed: 0 sec
Running org.fest.assertions.api.FloatAssert_isLessThan_float_Test
Tests run: 2, Failures: 0, Errors: 0, Skipped: 0, Time elapsed: 0 sec
Running org.fest.assertions.api.StringAssert_matches_Pattern_Test
Tests run: 2, Failures: 0, Errors: 0, Skipped: 0, Time elapsed: 0.001 sec
Running org.fest.assertions.api.DateAssert_isWithinDayOfMonth_Test
Tests run: 2, Failures: 0, Errors: 0, Skipped: 0, Time elapsed: 0 sec
Running org.fest.assertions.api.Assertions_assertThat_with_File_Test
Tests run: 2, Failures: 0, Errors: 0, Skipped: 0, Time elapsed: 0 sec
Running org.fest.assertions.api.CharArrayAssert_startsWith_Test
Tests run: 2, Failures: 0, Errors: 0, Skipped: 0, Time elapsed: 0 sec
Running org.fest.assertions.api.DateAssert_isBeforeYear_Test
Tests run: 2, Failures: 0, Errors: 0, Skipped: 0, Time elapsed: 0 sec
Running org.fest.assertions.api.Assertions_assertThat_with_Short_Test
Tests run: 2, Failures: 0, Errors: 0, Skipped: 0, Time elapsed: 0 sec
Running org.fest.assertions.api.DateAssert_isInSameDayAs_Test
Tests run: 5, Failures: 0, Errors: 0, Skipped: 0, Time elapsed: 0.002 sec
Running org.fest.assertions.api.Fail_fail_because_exception_was_not_thrown_Test
Tests run: 1, Failures: 0, Errors: 0, Skipped: 0, Time elapsed: 0 sec
Running org.fest.assertions.api.ShortArrayAssert_startsWith_Test
Tests run: 2, Failures: 0, Errors: 0, Skipped: 0, Time elapsed: 0 sec
Running org.fest.assertions.api.IterableAssert_isEmpty_Test
Tests run: 1, Failures: 0, Errors: 0, Skipped: 0, Time elapsed: 0 sec
Running org.fest.assertions.api.AbstractAssert_isNotNull_Test
Tests run: 2, Failures: 0, Errors: 0, Skipped: 0, Time elapsed: 0 sec
Running org.fest.assertions.api.ObjectArrayAssert_hasSize_Test
Tests run: 2, Failures: 0, Errors: 0, Skipped: 0, Time elapsed: 0.001 sec
Running org.fest.assertions.api.LongAssert_isZero_Test
Tests run: 2, Failures: 0, Errors: 0, Skipped: 0, Time elapsed: 0 sec
Running org.fest.assertions.api.BigDecimalAssert_isNotPositive_Test
Tests run: 2, Failures: 0, Errors: 0, Skipped: 0, Time elapsed: 0.001 sec
Running org.fest.assertions.api.CharArrayAssert_isSortedAccordingToComparator_Test
Tests run: 2, Failures: 0, Errors: 0, Skipped: 0, Time elapsed: 0 sec
Running org.fest.assertions.api.LongArrayAssert_doesNotContain_at_Index_Test
Tests run: 2, Failures: 0, Errors: 0, Skipped: 0, Time elapsed: 0 sec
Running org.fest.assertions.api.LongAssert_isGreaterThanOrEqualTo_long_Test
Tests run: 2, Failures: 0, Errors: 0, Skipped: 0, Time elapsed: 0 sec
Running org.fest.assertions.api.FloatAssert_isNotNegative_Test
Tests run: 2, Failures: 0, Errors: 0, Skipped: 0, Time elapsed: 0 sec
Running org.fest.assertions.api.FloatArrayAssert_isSorted_Test
Tests run: 2, Failures: 0, Errors: 0, Skipped: 0, Time elapsed: 0 sec
Running org.fest.assertions.api.Assertions_assertThat_with_primitive_byte_Test
Tests run: 2, Failures: 0, Errors: 0, Skipped: 0, Time elapsed: 0 sec
Running org.fest.assertions.api.CharArrayAssert_hasSameSizeAs_with_Array_Test
Tests run: 2, Failures: 0, Errors: 0, Skipped: 0, Time elapsed: 0 sec
Running org.fest.assertions.api.ObjectArrayAssert_doesNotHaveDuplicates_Test
Tests run: 2, Failures: 0, Errors: 0, Skipped: 0, Time elapsed: 0 sec
Running org.fest.assertions.api.ThrowableAssert_hasNoCause_Test
Tests run: 2, Failures: 0, Errors: 0, Skipped: 0, Time elapsed: 0 sec
Running org.fest.assertions.api.LongAssert_isEqualTo_long_Test
Tests run: 2, Failures: 0, Errors: 0, Skipped: 0, Time elapsed: 0 sec
Running org.fest.assertions.api.ByteArrayAssert_containsSequence_Test
Tests run: 2, Failures: 0, Errors: 0, Skipped: 0, Time elapsed: 0 sec
Running org.fest.assertions.api.DoubleArrayAssert_contains_Test
Tests run: 2, Failures: 0, Errors: 0, Skipped: 0, Time elapsed: 0 sec
Running org.fest.assertions.api.FileAssert_hasContent_Test
Tests run: 2, Failures: 0, Errors: 0, Skipped: 0, Time elapsed: 0 sec
Running org.fest.assertions.api.AbstractAssert_as_with_text_description_Test
Tests run: 3, Failures: 0, Errors: 0, Skipped: 0, Time elapsed: 0 sec
Running org.fest.assertions.api.BooleanArrayAssert_containsOnly_Test
Tests run: 2, Failures: 0, Errors: 0, Skipped: 0, Time elapsed: 0 sec
Running org.fest.assertions.api.LongArrayAssert_containsOnly_Test
Tests run: 2, Failures: 0, Errors: 0, Skipped: 0, Time elapsed: 0 sec
Running org.fest.assertions.api.FloatAssert_isGreaterThanOrEqualTo_float_Test
Tests run: 2, Failures: 0, Errors: 0, Skipped: 0, Time elapsed: 0.001 sec
Running org.fest.assertions.api.DoubleAssert_isPositive_Test
Tests run: 2, Failures: 0, Errors: 0, Skipped: 0, Time elapsed: 0 sec
Running org.fest.assertions.api.Assertions_assertThat_with_BufferedImage_Test
Tests run: 2, Failures: 0, Errors: 0, Skipped: 0, Time elapsed: 0.001 sec
Running org.fest.assertions.api.ShortArrayAssert_hasSize_Test
Tests run: 2, Failures: 0, Errors: 0, Skipped: 0, Time elapsed: 0 sec
Running org.fest.assertions.api.BigDecimalAssert_isPositive_Test
Tests run: 2, Failures: 0, Errors: 0, Skipped: 0, Time elapsed: 0.001 sec
Running org.fest.assertions.api.AbstractAssert_isNotOfAnyClassIn_Test
Tests run: 2, Failures: 0, Errors: 0, Skipped: 0, Time elapsed: 0 sec
Running org.fest.assertions.api.ObjectArrayAssert_haveExactly_Test
Tests run: 2, Failures: 0, Errors: 0, Skipped: 0, Time elapsed: 0 sec
Running org.fest.assertions.api.DateAssert_isWithinHourOfDay_Test
Tests run: 2, Failures: 0, Errors: 0, Skipped: 0, Time elapsed: 0 sec
Running org.fest.assertions.api.ByteArrayAssert_contains_at_Index_Test
Tests run: 2, Failures: 0, Errors: 0, Skipped: 0, Time elapsed: 0 sec
Running org.fest.assertions.api.DateAssert_isInThePast_Test
Tests run: 2, Failures: 0, Errors: 0, Skipped: 0, Time elapsed: 0 sec
Running org.fest.assertions.api.FileAssert_exists_Test
Tests run: 2, Failures: 0, Errors: 0, Skipped: 0, Time elapsed: 0 sec
Running org.fest.assertions.api.ObjectArrayAssert_containsNull_Test
Tests run: 2, Failures: 0, Errors: 0, Skipped: 0, Time elapsed: 0.001 sec
Running org.fest.assertions.api.IterableAssert_areAtLeast_Test
Tests run: 2, Failures: 0, Errors: 0, Skipped: 0, Time elapsed: 0 sec
Running org.fest.assertions.api.FloatArrayAssert_isEmpty_Test
Tests run: 1, Failures: 0, Errors: 0, Skipped: 0, Time elapsed: 0 sec
Running org.fest.assertions.api.IntArrayAssert_startsWith_Test
Tests run: 2, Failures: 0, Errors: 0, Skipped: 0, Time elapsed: 0 sec
Running org.fest.assertions.api.ShortArrayAssert_isEmpty_Test
Tests run: 1, Failures: 0, Errors: 0, Skipped: 0, Time elapsed: 0 sec
Running org.fest.assertions.api.IntegerAssert_isLessThan_int_Test
Tests run: 2, Failures: 0, Errors: 0, Skipped: 0, Time elapsed: 0.001 sec
Running org.fest.assertions.api.IntegerAssert_isGreaterThan_int_Test
Tests run: 2, Failures: 0, Errors: 0, Skipped: 0, Time elapsed: 0.001 sec
Running org.fest.assertions.api.LongAssert_isNegative_Test
Tests run: 2, Failures: 0, Errors: 0, Skipped: 0, Time elapsed: 0 sec
Running org.fest.assertions.api.CharacterAssert_isUpperCase_Test
Tests run: 2, Failures: 0, Errors: 0, Skipped: 0, Time elapsed: 0 sec
Running org.fest.assertions.api.Assertions_assertThat_with_Long_Test
Tests run: 2, Failures: 0, Errors: 0, Skipped: 0, Time elapsed: 0.001 sec
Running org.fest.assertions.api.BooleanArrayAssert_isEmpty_Test
Tests run: 1, Failures: 0, Errors: 0, Skipped: 0, Time elapsed: 0 sec
Running org.fest.assertions.api.FloatArrayAssert_contains_at_Index_Test
Tests run: 2, Failures: 0, Errors: 0, Skipped: 0, Time elapsed: 0 sec
Running org.fest.assertions.api.MapAssert_hasSize_Test
Tests run: 2, Failures: 0, Errors: 0, Skipped: 0, Time elapsed: 0 sec
Running org.fest.assertions.api.CharArrayAssert_doesNotContain_at_Index_Test
Tests run: 2, Failures: 0, Errors: 0, Skipped: 0, Time elapsed: 0 sec
Running org.fest.assertions.api.FloatArrayAssert_doesNotContain_Test
Tests run: 2, Failures: 0, Errors: 0, Skipped: 0, Time elapsed: 0 sec
Running org.fest.assertions.api.ByteArrayAssert_doesNotContain_at_Index_Test
Tests run: 2, Failures: 0, Errors: 0, Skipped: 0, Time elapsed: 0 sec
Running org.fest.assertions.api.DateAssert_isBetween_Test
Tests run: 5, Failures: 0, Errors: 0, Skipped: 0, Time elapsed: 0 sec
Running org.fest.assertions.api.IterableAssert_containsAll_Test
Tests run: 2, Failures: 0, Errors: 0, Skipped: 0, Time elapsed: 0 sec
Running org.fest.assertions.api.CharacterAssert_isGreaterThanOrEqualTo_char_Test
Tests run: 2, Failures: 0, Errors: 0, Skipped: 0, Time elapsed: 0 sec
Running org.fest.assertions.api.BooleanAssert_isFalse_Test
Tests run: 2, Failures: 0, Errors: 0, Skipped: 0, Time elapsed: 0 sec
Running org.fest.assertions.api.AbstractAssert_equal_hashCode_Test
Tests run: 2, Failures: 0, Errors: 0, Skipped: 0, Time elapsed: 0.001 sec
Running org.fest.assertions.api.AbstractAssert_isNotEqualTo_Test
Tests run: 2, Failures: 0, Errors: 0, Skipped: 0, Time elapsed: 0 sec
Running org.fest.assertions.api.IntArrayAssert_doesNotContain_Test
Tests run: 2, Failures: 0, Errors: 0, Skipped: 0, Time elapsed: 0 sec
Running org.fest.assertions.api.AbstractAssert_isNotInstanceOfAny_Test
Tests run: 2, Failures: 0, Errors: 0, Skipped: 0, Time elapsed: 0 sec
Running org.fest.assertions.api.IntArrayAssert_containsOnly_Test
Tests run: 2, Failures: 0, Errors: 0, Skipped: 0, Time elapsed: 0.001 sec
Running org.fest.assertions.api.MapAssert_isNullOrEmpty_Test
Tests run: 1, Failures: 0, Errors: 0, Skipped: 0, Time elapsed: 0 sec
Running org.fest.assertions.api.StringAssert_hasSameSizeAs_with_Iterable_Test
Tests run: 2, Failures: 0, Errors: 0, Skipped: 0, Time elapsed: 0 sec
Running org.fest.assertions.api.BooleanArrayAssert_isSortedAccordingToComparator_Test
Tests run: 2, Failures: 0, Errors: 0, Skipped: 0, Time elapsed: 0 sec
Running org.fest.assertions.api.ShortArrayAssert_isSorted_Test
Tests run: 2, Failures: 0, Errors: 0, Skipped: 0, Time elapsed: 0 sec
Running org.fest.assertions.api.AbstractAssert_isNot_Test
Tests run: 2, Failures: 0, Errors: 0, Skipped: 0, Time elapsed: 0 sec
Running org.fest.assertions.api.AbstractAssert_isEqualTo_Test
Tests run: 2, Failures: 0, Errors: 0, Skipped: 0, Time elapsed: 0 sec
Running org.fest.assertions.api.DateAssert_isNotBetween_Test
Tests run: 5, Failures: 0, Errors: 0, Skipped: 0, Time elapsed: 0 sec
Running org.fest.assertions.api.DoubleArrayAssert_isNullOrEmpty_Test
Tests run: 1, Failures: 0, Errors: 0, Skipped: 0, Time elapsed: 0.001 sec
Running org.fest.assertions.api.FloatAssert_isZero_Test
Tests run: 2, Failures: 0, Errors: 0, Skipped: 0, Time elapsed: 0 sec
Running org.fest.assertions.api.ObjectArrayAssert_areExactly_Test
Tests run: 2, Failures: 0, Errors: 0, Skipped: 0, Time elapsed: 0.002 sec
Running org.fest.assertions.api.AbstractAssert_as_with_description_Test
Tests run: 3, Failures: 0, Errors: 0, Skipped: 0, Time elapsed: 0 sec
Running org.fest.assertions.api.AbstractAssert_describedAs_with_description_Test
Tests run: 3, Failures: 0, Errors: 0, Skipped: 0, Time elapsed: 0.001 sec
Running org.fest.assertions.api.ObjectAssert_isLenientEqualsToByIgnoringNullFields_Test
Tests run: 2, Failures: 0, Errors: 0, Skipped: 0, Time elapsed: 0 sec
Running org.fest.assertions.api.IterableAssert_hasSameSizeAs_with_Array_Test
Tests run: 2, Failures: 0, Errors: 0, Skipped: 0, Time elapsed: 0 sec
Running org.fest.assertions.api.DoubleArrayAssert_containsSequence_Test
Tests run: 2, Failures: 0, Errors: 0, Skipped: 0, Time elapsed: 0 sec
Running org.fest.assertions.api.StringAssert_isEqualToIgnoringCase_Test
Tests run: 2, Failures: 0, Errors: 0, Skipped: 0, Time elapsed: 0 sec
Running org.fest.assertions.api.DateAssert_isAfterOrEqualsTo_Test
Tests run: 5, Failures: 0, Errors: 0, Skipped: 0, Time elapsed: 0.001 sec
Running org.fest.assertions.api.DoubleAssert_isNotEqualTo_double_Test
Tests run: 2, Failures: 0, Errors: 0, Skipped: 0, Time elapsed: 0 sec
Running org.fest.assertions.api.IterableAssert_doNotHaveAtLeast_Test
Tests run: 2, Failures: 0, Errors: 0, Skipped: 0, Time elapsed: 0 sec
Running org.fest.assertions.api.IterableAssert_containsSequence_Test
Tests run: 2, Failures: 0, Errors: 0, Skipped: 0, Time elapsed: 0 sec
Running org.fest.assertions.api.ShortArrayAssert_isNullOrEmpty_Test
Tests run: 1, Failures: 0, Errors: 0, Skipped: 0, Time elapsed: 0 sec
Running org.fest.assertions.api.FloatAssert_isNotZero_Test
Tests run: 2, Failures: 0, Errors: 0, Skipped: 0, Time elapsed: 0 sec
Running org.fest.assertions.api.AbstractAssert_isNotIn_with_Iterable_Test
Tests run: 3, Failures: 0, Errors: 0, Skipped: 0, Time elapsed: 0 sec
Running org.fest.assertions.api.IterableAssert_startsWith_Test
Tests run: 2, Failures: 0, Errors: 0, Skipped: 0, Time elapsed: 0.001 sec
Running org.fest.assertions.api.FileAssert_isDirectory_Test
Tests run: 2, Failures: 0, Errors: 0, Skipped: 0, Time elapsed: 0 sec
Running org.fest.assertions.api.ShortArrayAssert_containsSequence_Test
Tests run: 2, Failures: 0, Errors: 0, Skipped: 0, Time elapsed: 0 sec
Running org.fest.assertions.api.BooleanArrayAssert_hasSize_Test
Tests run: 2, Failures: 0, Errors: 0, Skipped: 0, Time elapsed: 0 sec
Running org.fest.assertions.api.ByteAssert_usingComparator_Test
Tests run: 2, Failures: 0, Errors: 0, Skipped: 0, Time elapsed: 0 sec
Running org.fest.assertions.api.ShortArrayAssert_isNotEmpty_Test
Tests run: 2, Failures: 0, Errors: 0, Skipped: 0, Time elapsed: 0 sec
Running org.fest.assertions.api.IterableAssert_areAtMost_Test
Tests run: 2, Failures: 0, Errors: 0, Skipped: 0, Time elapsed: 0 sec
Running org.fest.assertions.api.DateAssert_isEqualTo_Test
Tests run: 5, Failures: 0, Errors: 0, Skipped: 0, Time elapsed: 0 sec
Running org.fest.assertions.api.ShortAssert_isGreaterThan_short_Test
Tests run: 2, Failures: 0, Errors: 0, Skipped: 0, Time elapsed: 0.001 sec
Running org.fest.assertions.api.DoubleArrayAssert_endsWith_Test
Tests run: 2, Failures: 0, Errors: 0, Skipped: 0, Time elapsed: 0 sec
Running org.fest.assertions.api.FloatAssert_isGreaterThan_float_Test
Tests run: 2, Failures: 0, Errors: 0, Skipped: 0, Time elapsed: 0 sec
Running org.fest.assertions.api.filter.Filter_with_property_equals_to_given_value_Test
Tests run: 3, Failures: 0, Errors: 0, Skipped: 0, Time elapsed: 0.004 sec
Running org.fest.assertions.api.filter.Filter_being_condition_Test
Tests run: 2, Failures: 0, Errors: 0, Skipped: 0, Time elapsed: 0 sec
Running org.fest.assertions.api.filter.Filter_create_Test
Tests run: 4, Failures: 0, Errors: 0, Skipped: 0, Time elapsed: 0 sec
Running org.fest.assertions.api.filter.Filter_with_property_equals_to_null_value_Test
Tests run: 1, Failures: 0, Errors: 0, Skipped: 0, Time elapsed: 0 sec
Running org.fest.assertions.api.filter.Filter_with_property_equals_to_given_value_short_version_Test
Tests run: 3, Failures: 0, Errors: 0, Skipped: 0, Time elapsed: 0.001 sec
Running org.fest.assertions.api.filter.Filter_on_differents_properties_Test
Tests run: 3, Failures: 0, Errors: 0, Skipped: 0, Time elapsed: 0 sec
Running org.fest.assertions.api.filter.Filter_with_property_in_given_values_Test
Tests run: 3, Failures: 0, Errors: 0, Skipped: 0, Time elapsed: 0 sec
Running org.fest.assertions.api.filter.Filter_having_condition_Test
Tests run: 2, Failures: 0, Errors: 0, Skipped: 0, Time elapsed: 0.001 sec
Running org.fest.assertions.api.filter.Filter_with_property_not_in_given_values_Test
Tests run: 3, Failures: 0, Errors: 0, Skipped: 0, Time elapsed: 0.001 sec
Running org.fest.assertions.api.filter.Filter_with_property_not_equals_to_given_value_Test
Tests run: 3, Failures: 0, Errors: 0, Skipped: 0, Time elapsed: 0 sec
Running org.fest.assertions.api.MapAssert_hasSameSizeAs_with_Iterable_Test
Tests run: 2, Failures: 0, Errors: 0, Skipped: 0, Time elapsed: 0 sec
Running org.fest.assertions.api.AbstractAssert_isNotSameAs_Test
Tests run: 2, Failures: 0, Errors: 0, Skipped: 0, Time elapsed: 0 sec
Running org.fest.assertions.api.AbstractAssert_isIn_with_array_Test
Tests run: 2, Failures: 0, Errors: 0, Skipped: 0, Time elapsed: 0.001 sec
Running org.fest.assertions.api.FileAssert_isFile_Test
Tests run: 2, Failures: 0, Errors: 0, Skipped: 0, Time elapsed: 0 sec
Running org.fest.assertions.api.BigDecimalAssert_usingComparator_Test
Tests run: 2, Failures: 0, Errors: 0, Skipped: 0, Time elapsed: 0.001 sec
Running org.fest.assertions.api.ObjectArrayAssert_haveAtLeast_Test
Tests run: 2, Failures: 0, Errors: 0, Skipped: 0, Time elapsed: 0 sec
Running org.fest.assertions.api.DoubleAssert_isLessThanOrEqualTo_double_Test
Tests run: 2, Failures: 0, Errors: 0, Skipped: 0, Time elapsed: 0 sec
Running org.fest.assertions.api.ByteArrayAssert_startsWith_Test
Tests run: 2, Failures: 0, Errors: 0, Skipped: 0, Time elapsed: 0 sec
Running org.fest.assertions.api.ShortArrayAssert_contains_at_Index_Test
Tests run: 2, Failures: 0, Errors: 0, Skipped: 0, Time elapsed: 0 sec
Running org.fest.assertions.api.StringAssert_matches_String_Test
Tests run: 2, Failures: 0, Errors: 0, Skipped: 0, Time elapsed: 0.001 sec
Running org.fest.assertions.api.Assertions_assertThat_with_BooleanArray_Test
Tests run: 2, Failures: 0, Errors: 0, Skipped: 0, Time elapsed: 0 sec
Running org.fest.assertions.api.IntArrayAssert_isNotEmpty_Test
Tests run: 2, Failures: 0, Errors: 0, Skipped: 0, Time elapsed: 0 sec
Running org.fest.assertions.api.LongArrayAssert_hasSameSizeAs_with_Array_Test
Tests run: 2, Failures: 0, Errors: 0, Skipped: 0, Time elapsed: 0.001 sec
Running org.fest.assertions.api.BooleanArrayAssert_hasSameSizeAs_with_Iterable_Test
Tests run: 2, Failures: 0, Errors: 0, Skipped: 0, Time elapsed: 0 sec
Running org.fest.assertions.api.LongArrayAssert_containsSequence_Test
Tests run: 2, Failures: 0, Errors: 0, Skipped: 0, Time elapsed: 0.001 sec
Running org.fest.assertions.api.Assertions_assertThat_with_BigDecimal_Test
Tests run: 2, Failures: 0, Errors: 0, Skipped: 0, Time elapsed: 0 sec
Running org.fest.assertions.api.AbstractAssert_overridingErrorMessage_Test
Tests run: 5, Failures: 0, Errors: 0, Skipped: 0, Time elapsed: 0 sec
Running org.fest.assertions.api.AbstractAssert_isIn_with_Iterable_Test
Tests run: 3, Failures: 0, Errors: 0, Skipped: 0, Time elapsed: 0 sec
Running org.fest.assertions.api.DateAssert_hasTime_Test
Tests run: 2, Failures: 0, Errors: 0, Skipped: 0, Time elapsed: 0.001 sec
Running org.fest.assertions.api.DoubleAssert_isEqualTo_double_with_offset_Test
Tests run: 2, Failures: 0, Errors: 0, Skipped: 0, Time elapsed: 0 sec
Running org.fest.assertions.api.AbstractUnevenComparableAssert_isNotEqualToByComparingTo_Test
Tests run: 2, Failures: 0, Errors: 0, Skipped: 0, Time elapsed: 0.001 sec
Running org.fest.assertions.api.CharArrayAssert_usingComparator_Test
Tests run: 3, Failures: 0, Errors: 0, Skipped: 0, Time elapsed: 0 sec
Running org.fest.assertions.api.Assertions_assertThat_with_primitive_short_Test
Tests run: 2, Failures: 0, Errors: 0, Skipped: 0, Time elapsed: 0.001 sec
Running org.fest.assertions.api.FloatArrayAssert_endsWith_Test
Tests run: 2, Failures: 0, Errors: 0, Skipped: 0, Time elapsed: 0 sec
Running org.fest.assertions.api.BooleanArrayAssert_containsSequence_Test
Tests run: 2, Failures: 0, Errors: 0, Skipped: 0, Time elapsed: 0 sec
Running org.fest.assertions.api.ByteArrayAssert_isNotEmpty_Test
Tests run: 2, Failures: 0, Errors: 0, Skipped: 0, Time elapsed: 0 sec
Running org.fest.assertions.api.FloatAssert_isEqualTo_float_with_offset_Test
Tests run: 2, Failures: 0, Errors: 0, Skipped: 0, Time elapsed: 0 sec
Running org.fest.assertions.api.ThrowableAssert_hasMessageContaining_Test
Tests run: 2, Failures: 0, Errors: 0, Skipped: 0, Time elapsed: 0 sec
Running org.fest.assertions.util.ArrayWrapperList_wrap_Test
Tests run: 3, Failures: 0, Errors: 0, Skipped: 0, Time elapsed: 0 sec
Running org.fest.assertions.util.ArrayWrapperList_get_Test
Tests run: 4, Failures: 0, Errors: 0, Skipped: 0, Time elapsed: 0.002 sec
Running org.fest.assertions.util.ImageReader_readImageFrom_Test
Tests run: 3, Failures: 0, Errors: 0, Skipped: 0, Time elapsed: 0.053 sec
Running org.fest.assertions.util.ArrayWrapperList_size_Test
Tests run: 3, Failures: 0, Errors: 0, Skipped: 0, Time elapsed: 0 sec
Running org.fest.assertions.data.Offset_offset_with_Integer_Test
Tests run: 3, Failures: 0, Errors: 0, Skipped: 0, Time elapsed: 0.001 sec
Running org.fest.assertions.data.MapEntry_equals_hashCode_Test
Tests run: 7, Failures: 0, Errors: 0, Skipped: 0, Time elapsed: 0 sec
Running org.fest.assertions.data.Point_equals_hashCode_Test
Tests run: 8, Failures: 0, Errors: 0, Skipped: 0, Time elapsed: 0.001 sec
Running org.fest.assertions.data.Offset_offset_with_Double_Test
Tests run: 3, Failures: 0, Errors: 0, Skipped: 0, Time elapsed: 0 sec
Running org.fest.assertions.data.RgbColor_equals_hashCode_Test
Tests run: 9, Failures: 0, Errors: 0, Skipped: 0, Time elapsed: 0.001 sec
Running org.fest.assertions.data.Point_toString_Test
Tests run: 1, Failures: 0, Errors: 0, Skipped: 0, Time elapsed: 0 sec
Running org.fest.assertions.data.Index_toString_Test
Tests run: 1, Failures: 0, Errors: 0, Skipped: 0, Time elapsed: 0 sec
Running org.fest.assertions.data.Offset_offset_with_Float_Test
Tests run: 3, Failures: 0, Errors: 0, Skipped: 0, Time elapsed: 0.001 sec
Running org.fest.assertions.data.RgbColor_toString_Test
Tests run: 1, Failures: 0, Errors: 0, Skipped: 0, Time elapsed: 0 sec
Running org.fest.assertions.data.RgbColor_isEqualTo_Test
Tests run: 7, Failures: 0, Errors: 0, Skipped: 0, Time elapsed: 0.001 sec
Running org.fest.assertions.data.Index_equals_hashCode_Test
Tests run: 7, Failures: 0, Errors: 0, Skipped: 0, Time elapsed: 0 sec
Running org.fest.assertions.data.Index_atIndex_Test
Tests run: 2, Failures: 0, Errors: 0, Skipped: 0, Time elapsed: 0 sec
Running org.fest.assertions.data.Offset_toString_Test
Tests run: 1, Failures: 0, Errors: 0, Skipped: 0, Time elapsed: 0 sec
Running org.fest.assertions.data.RgbColor_color_with_single_RGB_Test
Tests run: 1, Failures: 0, Errors: 0, Skipped: 0, Time elapsed: 0 sec
Running org.fest.assertions.data.Offset_equals_hashCode_Test
Tests run: 7, Failures: 0, Errors: 0, Skipped: 0, Time elapsed: 0 sec
Running org.fest.assertions.data.MapEntry_toString_Test
Tests run: 1, Failures: 0, Errors: 0, Skipped: 0, Time elapsed: 0 sec
Running org.fest.assertions.groups.Properties_ofType_Test
Tests run: 1, Failures: 0, Errors: 0, Skipped: 0, Time elapsed: 0 sec
Running org.fest.assertions.groups.Properties_from_with_array_Test
Tests run: 1, Failures: 0, Errors: 0, Skipped: 0, Time elapsed: 0.003 sec
Running org.fest.assertions.groups.Properties_extractProperty_Test
Tests run: 3, Failures: 0, Errors: 0, Skipped: 0, Time elapsed: 0.001 sec
Running org.fest.assertions.groups.Properties_from_with_Collection_Test
Tests run: 1, Failures: 0, Errors: 0, Skipped: 0, Time elapsed: 0 sec
Running org.fest.assertions.condition.Join_constructor_with_array_Test
Tests run: 3, Failures: 0, Errors: 0, Skipped: 0, Time elapsed: 0.001 sec
Running org.fest.assertions.condition.AllOf_matches_Test
Tests run: 2, Failures: 0, Errors: 0, Skipped: 0, Time elapsed: 0 sec
Running org.fest.assertions.condition.Not_toString_Test
Tests run: 1, Failures: 0, Errors: 0, Skipped: 0, Time elapsed: 0 sec
Running org.fest.assertions.condition.AnyOf_toString_Test
Tests run: 1, Failures: 0, Errors: 0, Skipped: 0, Time elapsed: 0 sec
Running org.fest.assertions.condition.Not_matches_Test
Tests run: 2, Failures: 0, Errors: 0, Skipped: 0, Time elapsed: 0 sec
Running org.fest.assertions.condition.DoesNotHave_matches_Test
Tests run: 2, Failures: 0, Errors: 0, Skipped: 0, Time elapsed: 0 sec
Running org.fest.assertions.condition.AllOf_toString_Test
Tests run: 1, Failures: 0, Errors: 0, Skipped: 0, Time elapsed: 0 sec
Running org.fest.assertions.condition.AllOf_allOf_with_Collection_Test
Tests run: 1, Failures: 0, Errors: 0, Skipped: 0, Time elapsed: 0 sec
Running org.fest.assertions.condition.AnyOf_matches_Test
Tests run: 2, Failures: 0, Errors: 0, Skipped: 0, Time elapsed: 0 sec
Running org.fest.assertions.condition.AllOf_allOf_with_array_Test
Tests run: 1, Failures: 0, Errors: 0, Skipped: 0, Time elapsed: 0 sec
Running org.fest.assertions.condition.DoesNotHave_toString_Test
Tests run: 1, Failures: 0, Errors: 0, Skipped: 0, Time elapsed: 0 sec
Running org.fest.assertions.condition.AnyOf_anyOf_with_Collection_Test
Tests run: 1, Failures: 0, Errors: 0, Skipped: 0, Time elapsed: 0 sec
Running org.fest.assertions.condition.Join_constructor_with_Collection_Test
Tests run: 3, Failures: 0, Errors: 0, Skipped: 0, Time elapsed: 0 sec
Running org.fest.assertions.condition.AnyOf_anyOf_with_array_Test
Tests run: 1, Failures: 0, Errors: 0, Skipped: 0, Time elapsed: 0 sec
Running org.fest.assertions.internal.Doubles_assertIsZero_Test
Tests run: 4, Failures: 0, Errors: 0, Skipped: 0, Time elapsed: 0.007 sec
Running org.fest.assertions.internal.CharArrays_assertHasSameSizeAs_with_Iterable_Test
Tests run: 3, Failures: 0, Errors: 0, Skipped: 0, Time elapsed: 0.001 sec
Running org.fest.assertions.internal.Doubles_NaN_Test
Tests run: 1, Failures: 0, Errors: 0, Skipped: 0, Time elapsed: 0 sec
Running org.fest.assertions.internal.Objects_assertIsInstanceOfAny_Test
Tests run: 6, Failures: 0, Errors: 0, Skipped: 0, Time elapsed: 0.002 sec
Running org.fest.assertions.internal.CharArrays_assertHasSize_Test
Tests run: 3, Failures: 0, Errors: 0, Skipped: 0, Time elapsed: 0.001 sec
Running org.fest.assertions.internal.BooleanArrays_assertIsSortedAccordingToComparator_Test
Tests run: 5, Failures: 0, Errors: 0, Skipped: 0, Time elapsed: 0.002 sec
Running org.fest.assertions.internal.Objects_assertIsNotIn_with_array_Test
Tests run: 7, Failures: 0, Errors: 0, Skipped: 0, Time elapsed: 0.002 sec
Running org.fest.assertions.internal.LongArrays_assertDoesNotContain_Test
Tests run: 12, Failures: 0, Errors: 0, Skipped: 0, Time elapsed: 0.003 sec
Running org.fest.assertions.internal.Maps_assertNullOrEmpty_Test
Tests run: 3, Failures: 0, Errors: 0, Skipped: 0, Time elapsed: 0.001 sec
Running org.fest.assertions.internal.ShortArrays_assertHasSameSizeAs_with_Array_Test
Tests run: 3, Failures: 0, Errors: 0, Skipped: 0, Time elapsed: 0.001 sec
Running org.fest.assertions.internal.Diff_diff_InputStream_Test
Tests run: 4, Failures: 0, Errors: 0, Skipped: 0, Time elapsed: 0.002 sec
Running org.fest.assertions.internal.ShortArrays_assertContains_at_Index_Test
Tests run: 12, Failures: 0, Errors: 0, Skipped: 0, Time elapsed: 0.004 sec
Running org.fest.assertions.internal.ByteArrays_assertEndsWith_Test
Tests run: 16, Failures: 0, Errors: 0, Skipped: 0, Time elapsed: 0.004 sec
Running org.fest.assertions.internal.Objects_assertIsLenientEqualsToIgnoringNullFields_Test
Tests run: 5, Failures: 0, Errors: 0, Skipped: 0, Time elapsed: 0.003 sec
Running org.fest.assertions.internal.Bytes_assertIsNotZero_Test
Tests run: 4, Failures: 0, Errors: 0, Skipped: 0, Time elapsed: 0.001 sec
Running org.fest.assertions.internal.FloatArrays_assertStartsWith_Test
Tests run: 16, Failures: 0, Errors: 0, Skipped: 0, Time elapsed: 0.005 sec
Running org.fest.assertions.internal.ByteArrays_assertHasSameSizeAs_with_Array_Test
Tests run: 3, Failures: 0, Errors: 0, Skipped: 0, Time elapsed: 0.001 sec
Running org.fest.assertions.internal.Doubles_assertIsNotNaN_Test
Tests run: 4, Failures: 0, Errors: 0, Skipped: 0, Time elapsed: 0 sec
Running org.fest.assertions.internal.Floats_assertIsNegative_Test
Tests run: 4, Failures: 0, Errors: 0, Skipped: 0, Time elapsed: 0.001 sec
Running org.fest.assertions.internal.BooleanArrays_assertContains_at_Index_Test
Tests run: 6, Failures: 0, Errors: 0, Skipped: 0, Time elapsed: 0.001 sec
Running org.fest.assertions.internal.Throwables_assertHasMessageEndingWith_Test
Tests run: 3, Failures: 0, Errors: 0, Skipped: 0, Time elapsed: 0 sec
Running org.fest.assertions.internal.ObjectArrays_assertAreNotExactly_Test
Tests run: 4, Failures: 0, Errors: 0, Skipped: 0, Time elapsed: 0.004 sec
Running org.fest.assertions.internal.Images_assertEqual_Test
Tests run: 7, Failures: 0, Errors: 0, Skipped: 0, Time elapsed: 0.001 sec
Running org.fest.assertions.internal.FloatArrays_assertEndsWith_Test
Tests run: 16, Failures: 0, Errors: 0, Skipped: 0, Time elapsed: 0.003 sec
Running org.fest.assertions.internal.BigDecimals_assertIsNotZero_Test
Tests run: 4, Failures: 0, Errors: 0, Skipped: 0, Time elapsed: 0.001 sec
Running org.fest.assertions.internal.ObjectArrays_assertContainsSequence_Test
Tests run: 16, Failures: 0, Errors: 0, Skipped: 0, Time elapsed: 0.003 sec
Running org.fest.assertions.internal.ObjectArrays_assertHasSize_Test
Tests run: 3, Failures: 0, Errors: 0, Skipped: 0, Time elapsed: 0 sec
Running org.fest.assertions.internal.ObjectArrays_assertHaveNot_Test
Tests run: 3, Failures: 0, Errors: 0, Skipped: 0, Time elapsed: 0 sec
Running org.fest.assertions.internal.DoubleArrays_assertIsSortedAccordingToComparator_Test
Tests run: 5, Failures: 0, Errors: 0, Skipped: 0, Time elapsed: 0.002 sec
Running org.fest.assertions.internal.ObjectArrays_assertContainsOnly_Test
Tests run: 16, Failures: 0, Errors: 0, Skipped: 0, Time elapsed: 0.011 sec
Running org.fest.assertions.internal.Files_assertIsAbsolute_Test
Tests run: 3, Failures: 0, Errors: 0, Skipped: 0, Time elapsed: 0.008 sec
Running org.fest.assertions.internal.Iterables_assertNotEmpty_Test
Tests run: 6, Failures: 0, Errors: 0, Skipped: 0, Time elapsed: 0.001 sec
Running org.fest.assertions.internal.Comparables_assertNotEqualByComparison_Test
Tests run: 6, Failures: 0, Errors: 0, Skipped: 0, Time elapsed: 0.007 sec
Running org.fest.assertions.internal.Longs_assertEqual_Test
Tests run: 6, Failures: 0, Errors: 0, Skipped: 0, Time elapsed: 0.001 sec
Running org.fest.assertions.internal.CharArrays_assertIsSortedAccordingToComparator_Test
Tests run: 5, Failures: 0, Errors: 0, Skipped: 0, Time elapsed: 0.002 sec
Running org.fest.assertions.internal.Characters_assertUpperCase_Test
Tests run: 6, Failures: 0, Errors: 0, Skipped: 0, Time elapsed: 0.001 sec
Running org.fest.assertions.internal.Images_assertNotEqual_Test
Tests run: 6, Failures: 0, Errors: 0, Skipped: 0, Time elapsed: 0.001 sec
Running org.fest.assertions.internal.CharArrays_assertNullOrEmpty_Test
Tests run: 3, Failures: 0, Errors: 0, Skipped: 0, Time elapsed: 0.001 sec
Running org.fest.assertions.internal.Objects_assertNotSame_Test
Tests run: 2, Failures: 0, Errors: 0, Skipped: 0, Time elapsed: 0 sec
Running org.fest.assertions.internal.BooleanArrays_assertEmpty_Test
Tests run: 3, Failures: 0, Errors: 0, Skipped: 0, Time elapsed: 0 sec
Running org.fest.assertions.internal.LongArrays_assertContains_at_Index_Test
Tests run: 12, Failures: 0, Errors: 0, Skipped: 0, Time elapsed: 0.004 sec
Running org.fest.assertions.internal.Doubles_assertNotEqual_Test
Tests run: 6, Failures: 0, Errors: 0, Skipped: 0, Time elapsed: 0.001 sec
Running org.fest.assertions.internal.Maps_assertContains_Test
Tests run: 8, Failures: 0, Errors: 0, Skipped: 0, Time elapsed: 0.002 sec
Running org.fest.assertions.internal.Dates_assertIsInThePast_Test
Tests run: 8, Failures: 0, Errors: 0, Skipped: 0, Time elapsed: 0.004 sec
Running org.fest.assertions.internal.Files_assertExists_Test
Tests run: 3, Failures: 0, Errors: 0, Skipped: 0, Time elapsed: 0.001 sec
Running org.fest.assertions.internal.FloatArrays_assertHasSameSizeAs_with_Iterable_Test
Tests run: 3, Failures: 0, Errors: 0, Skipped: 0, Time elapsed: 0.001 sec
Running org.fest.assertions.internal.Iterables_assertHasSameSizeAs_with_Iterable_Test
Tests run: 8, Failures: 0, Errors: 0, Skipped: 0, Time elapsed: 0.001 sec
Running org.fest.assertions.internal.FloatArrays_assertDoesNotContain_at_Index_Test
Tests run: 12, Failures: 0, Errors: 0, Skipped: 0, Time elapsed: 0.002 sec
Running org.fest.assertions.internal.Iterables_assertNullOrEmpty_Test
Tests run: 6, Failures: 0, Errors: 0, Skipped: 0, Time elapsed: 0.001 sec
Running org.fest.assertions.internal.Objects_assertIsLenientEqualsToByAcceptingFields_Test
Tests run: 6, Failures: 0, Errors: 0, Skipped: 0, Time elapsed: 0.001 sec
Running org.fest.assertions.internal.Booleans_assertNotEqual_Test
Tests run: 3, Failures: 0, Errors: 0, Skipped: 0, Time elapsed: 0 sec
Running org.fest.assertions.internal.Longs_assertLessThan_Test
Tests run: 8, Failures: 0, Errors: 0, Skipped: 0, Time elapsed: 0.002 sec
Running org.fest.assertions.internal.Dates_assertIsInSameDayAs_Test
Tests run: 8, Failures: 0, Errors: 0, Skipped: 0, Time elapsed: 0.003 sec
Running org.fest.assertions.internal.Longs_assertIsNotNegative_Test
Tests run: 5, Failures: 0, Errors: 0, Skipped: 0, Time elapsed: 0.001 sec
Running org.fest.assertions.internal.ByteArrays_assertHasSize_Test
Tests run: 3, Failures: 0, Errors: 0, Skipped: 0, Time elapsed: 0.001 sec
Running org.fest.assertions.internal.Shorts_assertGreaterThanOrEqualTo_Test
Tests run: 8, Failures: 0, Errors: 0, Skipped: 0, Time elapsed: 0.002 sec
Running org.fest.assertions.internal.ObjectArrays_assertDoesNotContain_Test
Tests run: 10, Failures: 0, Errors: 0, Skipped: 0, Time elapsed: 0.002 sec
Running org.fest.assertions.internal.Shorts_assertIsPositive_Test
Tests run: 4, Failures: 0, Errors: 0, Skipped: 0, Time elapsed: 0.001 sec
Running org.fest.assertions.internal.ObjectArrays_assertIsSorted_Test
Tests run: 18, Failures: 0, Errors: 0, Skipped: 0, Time elapsed: 0.004 sec
Running org.fest.assertions.internal.Shorts_assertEqual_Test
Tests run: 6, Failures: 0, Errors: 0, Skipped: 0, Time elapsed: 0.001 sec
Running org.fest.assertions.internal.ObjectArrays_assertAreExactly_Test
Tests run: 4, Failures: 0, Errors: 0, Skipped: 0, Time elapsed: 0.005 sec
Running org.fest.assertions.internal.Integers_assertIsZero_Test
Tests run: 4, Failures: 0, Errors: 0, Skipped: 0, Time elapsed: 0 sec
Running org.fest.assertions.internal.Files_assertCanRead_Test
Tests run: 3, Failures: 0, Errors: 0, Skipped: 0, Time elapsed: 0 sec
Running org.fest.assertions.internal.Booleans_assertEqual_Test
Tests run: 3, Failures: 0, Errors: 0, Skipped: 0, Time elapsed: 0.001 sec
Running org.fest.assertions.internal.Strings_assertEmpty_Test
Tests run: 6, Failures: 0, Errors: 0, Skipped: 0, Time elapsed: 0 sec
Running org.fest.assertions.internal.DoubleArrays_assertHasSize_Test
Tests run: 3, Failures: 0, Errors: 0, Skipped: 0, Time elapsed: 0 sec
Running org.fest.assertions.internal.Integers_assertIsNotNegative_Test
Tests run: 5, Failures: 0, Errors: 0, Skipped: 0, Time elapsed: 0 sec
Running org.fest.assertions.internal.ObjectArrays_assertHaveExactly_Test
Tests run: 4, Failures: 0, Errors: 0, Skipped: 0, Time elapsed: 0 sec
Running org.fest.assertions.internal.IntArrays_assertNullOrEmpty_Test
Tests run: 3, Failures: 0, Errors: 0, Skipped: 0, Time elapsed: 0.025 sec
Running org.fest.assertions.internal.Iterables_assertContains_Test
Tests run: 15, Failures: 0, Errors: 0, Skipped: 0, Time elapsed: 0.002 sec
Running org.fest.assertions.internal.Bytes_assertLessThanOrEqualTo_Test
Tests run: 8, Failures: 0, Errors: 0, Skipped: 0, Time elapsed: 0.001 sec
Running org.fest.assertions.internal.BigDecimals_assertLessThanOrEqualTo_Test
Tests run: 7, Failures: 0, Errors: 0, Skipped: 0, Time elapsed: 0.001 sec
Running org.fest.assertions.internal.BooleanArrays_assertEndsWith_Test
Tests run: 8, Failures: 0, Errors: 0, Skipped: 0, Time elapsed: 0.001 sec
Running org.fest.assertions.internal.DoubleArrays_assertDoesNotContain_Test
Tests run: 12, Failures: 0, Errors: 0, Skipped: 0, Time elapsed: 0.002 sec
Running org.fest.assertions.internal.ByteArrays_assertDoesNotContain_at_Index_Test
Tests run: 12, Failures: 0, Errors: 0, Skipped: 0, Time elapsed: 0.002 sec
Running org.fest.assertions.internal.Maps_assertEmpty_Test
Tests run: 3, Failures: 0, Errors: 0, Skipped: 0, Time elapsed: 0 sec
Running org.fest.assertions.internal.Dates_assertIsWithinSecond_Test
Tests run: 6, Failures: 0, Errors: 0, Skipped: 0, Time elapsed: 0.002 sec
Running org.fest.assertions.internal.Dates_assertIsWithinHourOfDay_Test
Tests run: 6, Failures: 0, Errors: 0, Skipped: 0, Time elapsed: 0 sec
Running org.fest.assertions.internal.LongArrays_assertHasSize_Test
Tests run: 3, Failures: 0, Errors: 0, Skipped: 0, Time elapsed: 0.001 sec
Running org.fest.assertions.internal.Diff_diff_File_Test
Tests run: 4, Failures: 0, Errors: 0, Skipped: 0, Time elapsed: 0.017 sec
Running org.fest.assertions.internal.Dates_assertIsInSameHourAs_Test
Tests run: 8, Failures: 0, Errors: 0, Skipped: 0, Time elapsed: 0.003 sec
Running org.fest.assertions.internal.IntArrays_assertHasSameSizeAs_with_Iterable_Test
Tests run: 3, Failures: 0, Errors: 0, Skipped: 0, Time elapsed: 0 sec
Running org.fest.assertions.internal.Floats_assertGreaterThanOrEqualTo_Test
Tests run: 8, Failures: 0, Errors: 0, Skipped: 0, Time elapsed: 0.001 sec
Running org.fest.assertions.internal.ShortArrays_assertNotEmpty_Test
Tests run: 3, Failures: 0, Errors: 0, Skipped: 0, Time elapsed: 0.001 sec
Running org.fest.assertions.internal.Files_assertDoesNotExist_Test
Tests run: 3, Failures: 0, Errors: 0, Skipped: 0, Time elapsed: 0.001 sec
Running org.fest.assertions.internal.Failures_failure_with_ErrorMessage_Test
Tests run: 2, Failures: 0, Errors: 0, Skipped: 0, Time elapsed: 0.002 sec
Running org.fest.assertions.internal.Strings_assertNotEmpty_Test
Tests run: 6, Failures: 0, Errors: 0, Skipped: 0, Time elapsed: 0.001 sec
Running org.fest.assertions.internal.BooleanArrays_assertDoesNotHaveDuplicates_Test
Tests run: 4, Failures: 0, Errors: 0, Skipped: 0, Time elapsed: 0.001 sec
Running org.fest.assertions.internal.Comparables_assertEqualByComparison_Test
Tests run: 6, Failures: 0, Errors: 0, Skipped: 0, Time elapsed: 0.001 sec
Running org.fest.assertions.internal.Integers_assertIsNotZero_Test
Tests run: 4, Failures: 0, Errors: 0, Skipped: 0, Time elapsed: 0.001 sec
Running org.fest.assertions.internal.FloatArrays_assertHasSameSizeAs_with_Array_Test
Tests run: 3, Failures: 0, Errors: 0, Skipped: 0, Time elapsed: 0.001 sec
Running org.fest.assertions.internal.DoubleArrays_assertEndsWith_Test
Tests run: 16, Failures: 0, Errors: 0, Skipped: 0, Time elapsed: 0.004 sec
Running org.fest.assertions.internal.IntArrays_assertDoesNotContain_at_Index_Test
Tests run: 12, Failures: 0, Errors: 0, Skipped: 0, Time elapsed: 0.002 sec
Running org.fest.assertions.internal.Lists_assertContains_Test
Tests run: 8, Failures: 0, Errors: 0, Skipped: 0, Time elapsed: 0.002 sec
Running org.fest.assertions.internal.Iterables_assertAreNot_Test
Tests run: 3, Failures: 0, Errors: 0, Skipped: 0, Time elapsed: 0.001 sec
Running org.fest.assertions.internal.Dates_assertIsWithinDayOfWeek_Test
Tests run: 6, Failures: 0, Errors: 0, Skipped: 0, Time elapsed: 0.002 sec
Running org.fest.assertions.internal.LongArrays_assertDoesNotHaveDuplicates_Test
Tests run: 8, Failures: 0, Errors: 0, Skipped: 0, Time elapsed: 0.041 sec
Running org.fest.assertions.internal.ObjectArrays_assertNullOrEmpty_Test
Tests run: 3, Failures: 0, Errors: 0, Skipped: 0, Time elapsed: 0 sec
Running org.fest.assertions.internal.Dates_assertIsWithinYear_Test
Tests run: 6, Failures: 0, Errors: 0, Skipped: 0, Time elapsed: 0 sec
Running org.fest.assertions.internal.BigDecimals_assertEqualByComparison_Test
Tests run: 6, Failures: 0, Errors: 0, Skipped: 0, Time elapsed: 0 sec
Running org.fest.assertions.internal.FloatArrays_assertContainsOnly_Test
Tests run: 16, Failures: 0, Errors: 0, Skipped: 0, Time elapsed: 0.001 sec
Running org.fest.assertions.internal.Characters_assertEqual_Test
Tests run: 6, Failures: 0, Errors: 0, Skipped: 0, Time elapsed: 0 sec
Running org.fest.assertions.internal.LongArrays_assertEmpty_Test
Tests run: 3, Failures: 0, Errors: 0, Skipped: 0, Time elapsed: 0 sec
Running org.fest.assertions.internal.Longs_assertIsPositive_Test
Tests run: 4, Failures: 0, Errors: 0, Skipped: 0, Time elapsed: 0 sec
Running org.fest.assertions.internal.Floats_NaN_Test
Tests run: 1, Failures: 0, Errors: 0, Skipped: 0, Time elapsed: 0 sec
Running org.fest.assertions.internal.Iterables_assertContainsSequence_Test
Tests run: 13, Failures: 0, Errors: 0, Skipped: 0, Time elapsed: 0.001 sec
Running org.fest.assertions.internal.Objects_assertNull_Test
Tests run: 2, Failures: 0, Errors: 0, Skipped: 0, Time elapsed: 0 sec
Running org.fest.assertions.internal.Doubles_assertEqual_double_with_offset_Test
Tests run: 10, Failures: 0, Errors: 0, Skipped: 0, Time elapsed: 0.002 sec
Running org.fest.assertions.internal.FloatArrays_assertHasSize_Test
Tests run: 3, Failures: 0, Errors: 0, Skipped: 0, Time elapsed: 0 sec
Running org.fest.assertions.internal.Iterables_assertAreExactly_Test
Tests run: 4, Failures: 0, Errors: 0, Skipped: 0, Time elapsed: 0.001 sec
Running org.fest.assertions.internal.CharArrays_assertContainsOnly_Test
Tests run: 16, Failures: 0, Errors: 0, Skipped: 0, Time elapsed: 0.003 sec
Running org.fest.assertions.internal.Images_assertHasSize_Test
Tests run: 5, Failures: 0, Errors: 0, Skipped: 0, Time elapsed: 0.001 sec
Running org.fest.assertions.internal.LongArrays_assertNullOrEmpty_Test
Tests run: 3, Failures: 0, Errors: 0, Skipped: 0, Time elapsed: 0.001 sec
Running org.fest.assertions.internal.Shorts_assertIsNotPositive_Test
Tests run: 5, Failures: 0, Errors: 0, Skipped: 0, Time elapsed: 0.001 sec
Running org.fest.assertions.internal.Floats_assertNotEqual_Test
Tests run: 6, Failures: 0, Errors: 0, Skipped: 0, Time elapsed: 0.001 sec
Running org.fest.assertions.internal.Doubles_assertEqual_Test
Tests run: 6, Failures: 0, Errors: 0, Skipped: 0, Time elapsed: 0.001 sec
Running org.fest.assertions.internal.CharArrays_assertDoesNotHaveDuplicates_Test
Tests run: 8, Failures: 0, Errors: 0, Skipped: 0, Time elapsed: 0.001 sec
Running org.fest.assertions.internal.Bytes_assertIsPositive_Test
Tests run: 4, Failures: 0, Errors: 0, Skipped: 0, Time elapsed: 0.001 sec
Running org.fest.assertions.internal.Strings_assertEndsWith_Test
Tests run: 6, Failures: 0, Errors: 0, Skipped: 0, Time elapsed: 0.001 sec
Running org.fest.assertions.internal.Bytes_assertIsNotPositive_Test
Tests run: 5, Failures: 0, Errors: 0, Skipped: 0, Time elapsed: 0 sec
Running org.fest.assertions.internal.DoubleArrays_assertDoesNotContain_at_Index_Test
Tests run: 12, Failures: 0, Errors: 0, Skipped: 0, Time elapsed: 0.002 sec
Running org.fest.assertions.internal.Iterables_assertDoNotHaveAtMost_Test
Tests run: 4, Failures: 0, Errors: 0, Skipped: 0, Time elapsed: 0.001 sec
Running org.fest.assertions.internal.ObjectArrays_assertHaveAtMost_Test
Tests run: 4, Failures: 0, Errors: 0, Skipped: 0, Time elapsed: 0.001 sec
Running org.fest.assertions.internal.ObjectArrays_assertAreNotAtLeast_Test
Tests run: 4, Failures: 0, Errors: 0, Skipped: 0, Time elapsed: 0.001 sec
Running org.fest.assertions.internal.ObjectArrays_assertEndsWith_Test
Tests run: 14, Failures: 0, Errors: 0, Skipped: 0, Time elapsed: 0.004 sec
Running org.fest.assertions.internal.BigDecimals_assertNotEqualByComparison_Test
Tests run: 6, Failures: 0, Errors: 0, Skipped: 0, Time elapsed: 0.001 sec
Running org.fest.assertions.internal.BooleanArrays_assertContainsSequence_Test
Tests run: 8, Failures: 0, Errors: 0, Skipped: 0, Time elapsed: 0.002 sec
Running org.fest.assertions.internal.ObjectArrays_assertAreAtMost_Test
Tests run: 4, Failures: 0, Errors: 0, Skipped: 0, Time elapsed: 0.001 sec
Running org.fest.assertions.internal.ShortArrays_assertIsSorted_Test
Tests run: 10, Failures: 0, Errors: 0, Skipped: 0, Time elapsed: 0.002 sec
Running org.fest.assertions.internal.BinaryDiff_diff_File_byteArray_Test
Tests run: 4, Failures: 0, Errors: 0, Skipped: 0, Time elapsed: 0.003 sec
Running org.fest.assertions.internal.Dates_assertIsWithinMillisecond_Test
Tests run: 6, Failures: 0, Errors: 0, Skipped: 0, Time elapsed: 0.001 sec
Running org.fest.assertions.internal.Dates_assertIsAfter_Test
Tests run: 10, Failures: 0, Errors: 0, Skipped: 0, Time elapsed: 0.006 sec
Running org.fest.assertions.internal.Iterables_assertAreNotAtLeast_Test
Tests run: 4, Failures: 0, Errors: 0, Skipped: 0, Time elapsed: 0 sec
Running org.fest.assertions.internal.ShortArrays_assertContainsOnly_Test
Tests run: 16, Failures: 0, Errors: 0, Skipped: 0, Time elapsed: 0.001 sec
Running org.fest.assertions.internal.Maps_assertNotEmpty_Test
Tests run: 3, Failures: 0, Errors: 0, Skipped: 0, Time elapsed: 0 sec
Running org.fest.assertions.internal.IntArrays_assertStartsWith_Test
Tests run: 16, Failures: 0, Errors: 0, Skipped: 0, Time elapsed: 0.002 sec
Running org.fest.assertions.internal.Characters_assertGreaterThan_Test
Tests run: 7, Failures: 0, Errors: 0, Skipped: 0, Time elapsed: 0.001 sec
Running org.fest.assertions.internal.Shorts_assertLessThanOrEqualTo_Test
Tests run: 8, Failures: 0, Errors: 0, Skipped: 0, Time elapsed: 0.001 sec
Running org.fest.assertions.internal.Strings_assertHasSize_Test
Tests run: 6, Failures: 0, Errors: 0, Skipped: 0, Time elapsed: 0.037 sec
Running org.fest.assertions.internal.ShortArrays_assertContainsSequence_Test
Tests run: 16, Failures: 0, Errors: 0, Skipped: 0, Time elapsed: 0 sec
Running org.fest.assertions.internal.Integers_assertGreaterThanOrEqualTo_Test
Tests run: 8, Failures: 0, Errors: 0, Skipped: 0, Time elapsed: 0 sec
Running org.fest.assertions.internal.ObjectArrays_assertContains_at_Index_Test
Tests run: 10, Failures: 0, Errors: 0, Skipped: 0, Time elapsed: 0.002 sec
Running org.fest.assertions.internal.LongArrays_assertContainsSequence_Test
Tests run: 16, Failures: 0, Errors: 0, Skipped: 0, Time elapsed: 0.036 sec
Running org.fest.assertions.internal.LongArrays_assertStartsWith_Test
Tests run: 16, Failures: 0, Errors: 0, Skipped: 0, Time elapsed: 0.004 sec
Running org.fest.assertions.internal.FloatArrays_assertNullOrEmpty_Test
Tests run: 3, Failures: 0, Errors: 0, Skipped: 0, Time elapsed: 0 sec
Running org.fest.assertions.internal.Iterables_assertHaveAtMost_Test
Tests run: 4, Failures: 0, Errors: 0, Skipped: 0, Time elapsed: 0.001 sec
Running org.fest.assertions.internal.DoubleArrays_assertHasSameSizeAs_with_Iterable_Test
Tests run: 3, Failures: 0, Errors: 0, Skipped: 0, Time elapsed: 0 sec
Running org.fest.assertions.internal.ObjectArrays_assertNotEmpty_Test
Tests run: 3, Failures: 0, Errors: 0, Skipped: 0, Time elapsed: 0 sec
Running org.fest.assertions.internal.LongArrays_assertContainsOnly_Test
Tests run: 16, Failures: 0, Errors: 0, Skipped: 0, Time elapsed: 0.003 sec
Running org.fest.assertions.internal.Longs_assertIsZero_Test
Tests run: 4, Failures: 0, Errors: 0, Skipped: 0, Time elapsed: 0.001 sec
Running org.fest.assertions.internal.FloatArrays_assertContains_Test
Tests run: 18, Failures: 0, Errors: 0, Skipped: 0, Time elapsed: 0.002 sec
Running org.fest.assertions.internal.Doubles_assertIsNaN_Test
Tests run: 4, Failures: 0, Errors: 0, Skipped: 0, Time elapsed: 0.001 sec
Running org.fest.assertions.internal.Iterables_assertIsSubsetOf_Test
Tests run: 14, Failures: 0, Errors: 0, Skipped: 0, Time elapsed: 0.001 sec
Running org.fest.assertions.internal.CharArrays_assertEmpty_Test
Tests run: 3, Failures: 0, Errors: 0, Skipped: 0, Time elapsed: 0.002 sec
Running org.fest.assertions.internal.ByteArrays_assertIsSortedAccordingToComparator_Test
Tests run: 5, Failures: 0, Errors: 0, Skipped: 0, Time elapsed: 0 sec
Running org.fest.assertions.internal.Iterables_assertEndsWith_Test
Tests run: 13, Failures: 0, Errors: 0, Skipped: 0, Time elapsed: 0.043 sec
Running org.fest.assertions.internal.Objects_assertIsExactlyInstanceOf_Test
Tests run: 4, Failures: 0, Errors: 0, Skipped: 0, Time elapsed: 0 sec
Running org.fest.assertions.internal.Bytes_assertEqual_Test
Tests run: 6, Failures: 0, Errors: 0, Skipped: 0, Time elapsed: 0 sec
Running org.fest.assertions.internal.Iterables_assertDoNotHave_Test
Tests run: 3, Failures: 0, Errors: 0, Skipped: 0, Time elapsed: 0 sec
Running org.fest.assertions.internal.Dates_assertIsAfterOrEqualsTo_Test
Tests run: 10, Failures: 0, Errors: 0, Skipped: 0, Time elapsed: 0 sec
Running org.fest.assertions.internal.Objects_assertIsNotInstanceOfAny_Test
Tests run: 6, Failures: 0, Errors: 0, Skipped: 0, Time elapsed: 0 sec
Running org.fest.assertions.internal.Iterables_assertHaveAtLeast_Test
Tests run: 4, Failures: 0, Errors: 0, Skipped: 0, Time elapsed: 0 sec
Running org.fest.assertions.internal.IntArrays_assertContainsSequence_Test
Tests run: 16, Failures: 0, Errors: 0, Skipped: 0, Time elapsed: 0.005 sec
Running org.fest.assertions.internal.ObjectArrays_assertContainsAll_Test
Tests run: 14, Failures: 0, Errors: 0, Skipped: 0, Time elapsed: 0.003 sec
Running org.fest.assertions.internal.Shorts_assertLessThan_Test
Tests run: 8, Failures: 0, Errors: 0, Skipped: 0, Time elapsed: 0.003 sec
Running org.fest.assertions.internal.ShortArrays_assertIsSortedAccordingToComparator_Test
Tests run: 5, Failures: 0, Errors: 0, Skipped: 0, Time elapsed: 0.002 sec
Running org.fest.assertions.internal.Strings_assertContainsIgnoringCase_Test
Tests run: 10, Failures: 0, Errors: 0, Skipped: 0, Time elapsed: 0.002 sec
Running org.fest.assertions.internal.Iterables_assertEmpty_Test
Tests run: 6, Failures: 0, Errors: 0, Skipped: 0, Time elapsed: 0.001 sec
Running org.fest.assertions.internal.InputStreams_assertEqualContent_Test
Tests run: 5, Failures: 0, Errors: 0, Skipped: 0, Time elapsed: 0.004 sec
Running org.fest.assertions.internal.Lists_assertDoesNotContain_Test
Tests run: 8, Failures: 0, Errors: 0, Skipped: 0, Time elapsed: 0.001 sec
Running org.fest.assertions.internal.LongArrays_assertHasSameSizeAs_with_Array_Test
Tests run: 3, Failures: 0, Errors: 0, Skipped: 0, Time elapsed: 0.001 sec
Running org.fest.assertions.internal.DoubleArrays_assertContainsOnly_Test
Tests run: 16, Failures: 0, Errors: 0, Skipped: 0, Time elapsed: 0.003 sec
Running org.fest.assertions.internal.Longs_assertIsNotPositive_Test
Tests run: 5, Failures: 0, Errors: 0, Skipped: 0, Time elapsed: 0.001 sec
Running org.fest.assertions.internal.Bytes_assertIsNegative_Test
Tests run: 4, Failures: 0, Errors: 0, Skipped: 0, Time elapsed: 0.001 sec
Running org.fest.assertions.internal.BooleanArrays_assertNullOrEmpty_Test
Tests run: 3, Failures: 0, Errors: 0, Skipped: 0, Time elapsed: 0 sec
Running org.fest.assertions.internal.DoubleArrays_assertContains_at_Index_Test
Tests run: 12, Failures: 0, Errors: 0, Skipped: 0, Time elapsed: 0.002 sec
Running org.fest.assertions.internal.Floats_assertIsZero_Test
Tests run: 4, Failures: 0, Errors: 0, Skipped: 0, Time elapsed: 0.001 sec
Running org.fest.assertions.internal.ByteArrays_assertContains_Test
Tests run: 18, Failures: 0, Errors: 0, Skipped: 0, Time elapsed: 0.001 sec
Running org.fest.assertions.internal.LongArrays_assertDoesNotContain_at_Index_Test
Tests run: 12, Failures: 0, Errors: 0, Skipped: 0, Time elapsed: 0.001 sec
Running org.fest.assertions.internal.Files_assertIsDirectory_Test
Tests run: 3, Failures: 0, Errors: 0, Skipped: 0, Time elapsed: 0 sec
Running org.fest.assertions.internal.Iterables_assertDoNotHaveAtLeast_Test
Tests run: 4, Failures: 0, Errors: 0, Skipped: 0, Time elapsed: 0 sec
Running org.fest.assertions.internal.ShortArrays_assertStartsWith_Test
Tests run: 16, Failures: 0, Errors: 0, Skipped: 0, Time elapsed: 0.002 sec
Running org.fest.assertions.internal.Integers_assertIsNotPositive_Test
Tests run: 5, Failures: 0, Errors: 0, Skipped: 0, Time elapsed: 0 sec
Running org.fest.assertions.internal.CharArrays_assertDoesNotContain_Test
Tests run: 12, Failures: 0, Errors: 0, Skipped: 0, Time elapsed: 0.002 sec
Running org.fest.assertions.internal.LongArrays_assertNotEmpty_Test
Tests run: 3, Failures: 0, Errors: 0, Skipped: 0, Time elapsed: 0 sec
Running org.fest.assertions.internal.Conditions_assertDoesNotHave_Test
Tests run: 3, Failures: 0, Errors: 0, Skipped: 0, Time elapsed: 0.001 sec
Running org.fest.assertions.internal.Objects_assertIsIn_with_Iterable_Test
Tests run: 7, Failures: 0, Errors: 0, Skipped: 0, Time elapsed: 0.001 sec
Running org.fest.assertions.internal.ByteArrays_assertNotEmpty_Test
Tests run: 3, Failures: 0, Errors: 0, Skipped: 0, Time elapsed: 0 sec
Running org.fest.assertions.internal.Dates_assertHasTime_Test
Tests run: 3, Failures: 0, Errors: 0, Skipped: 0, Time elapsed: 0 sec
Running org.fest.assertions.internal.ByteArrays_assertStartsWith_Test
Tests run: 16, Failures: 0, Errors: 0, Skipped: 0, Time elapsed: 0.002 sec
Running org.fest.assertions.internal.Characters_assertLessThan_Test
Tests run: 8, Failures: 0, Errors: 0, Skipped: 0, Time elapsed: 0 sec
Running org.fest.assertions.internal.Iterables_assertDoesNotHaveDuplicates_Test
Tests run: 6, Failures: 0, Errors: 0, Skipped: 0, Time elapsed: 0 sec
Running org.fest.assertions.internal.CharArrays_assertHasSameSizeAs_with_Array_Test
Tests run: 3, Failures: 0, Errors: 0, Skipped: 0, Time elapsed: 0 sec
Running org.fest.assertions.internal.Objects_assertIsNotIn_with_Iterable_Test
Tests run: 7, Failures: 0, Errors: 0, Skipped: 0, Time elapsed: 0.001 sec
Running org.fest.assertions.internal.IntArrays_assertEmpty_Test
Tests run: 3, Failures: 0, Errors: 0, Skipped: 0, Time elapsed: 0 sec
Running org.fest.assertions.internal.Shorts_assertNotEqual_Test
Tests run: 6, Failures: 0, Errors: 0, Skipped: 0, Time elapsed: 0 sec
Running org.fest.assertions.internal.BigDecimals_assertIsZero_Test
Tests run: 4, Failures: 0, Errors: 0, Skipped: 0, Time elapsed: 0 sec
Running org.fest.assertions.internal.CharArrays_assertDoesNotContain_at_Index_Test
Tests run: 12, Failures: 0, Errors: 0, Skipped: 0, Time elapsed: 0.001 sec
Running org.fest.assertions.internal.ByteArrays_assertIsSorted_Test
Tests run: 10, Failures: 0, Errors: 0, Skipped: 0, Time elapsed: 0.001 sec
Running org.fest.assertions.internal.Strings_assertHasSameSizeAs_with_Array_Test
Tests run: 3, Failures: 0, Errors: 0, Skipped: 0, Time elapsed: 0.001 sec
Running org.fest.assertions.internal.Maps_assertDoesNotContainValue_Test
Tests run: 4, Failures: 0, Errors: 0, Skipped: 0, Time elapsed: 0 sec
Running org.fest.assertions.internal.Doubles_assertIsNotNegative_Test
Tests run: 5, Failures: 0, Errors: 0, Skipped: 0, Time elapsed: 0.001 sec
Running org.fest.assertions.internal.BooleanArrays_assertStartsWith_Test
Tests run: 8, Failures: 0, Errors: 0, Skipped: 0, Time elapsed: 0.001 sec
Running org.fest.assertions.internal.Longs_assertGreaterThan_Test
Tests run: 7, Failures: 0, Errors: 0, Skipped: 0, Time elapsed: 0.001 sec
Running org.fest.assertions.internal.Characters_assertGreaterThanOrEqualTo_Test
Tests run: 8, Failures: 0, Errors: 0, Skipped: 0, Time elapsed: 0.001 sec
Running org.fest.assertions.internal.Floats_assertIsNotNegative_Test
Tests run: 5, Failures: 0, Errors: 0, Skipped: 0, Time elapsed: 0 sec
Running org.fest.assertions.internal.ObjectArrays_assertDoNotHaveAtMost_Test
Tests run: 4, Failures: 0, Errors: 0, Skipped: 0, Time elapsed: 0.001 sec
Running org.fest.assertions.internal.Dates_assertIsAfterYear_Test
Tests run: 8, Failures: 0, Errors: 0, Skipped: 0, Time elapsed: 0.002 sec
Running org.fest.assertions.internal.ByteArrays_assertHasSameSizeAs_with_Iterable_Test
Tests run: 3, Failures: 0, Errors: 0, Skipped: 0, Time elapsed: 0 sec
Running org.fest.assertions.internal.CharArrays_assertContains_at_Index_Test
Tests run: 12, Failures: 0, Errors: 0, Skipped: 0, Time elapsed: 0.001 sec
Running org.fest.assertions.internal.ByteArrays_assertContainsSequence_Test
Tests run: 16, Failures: 0, Errors: 0, Skipped: 0, Time elapsed: 0.002 sec
Running org.fest.assertions.internal.Files_assertHasBinaryContent_Test
Tests run: 6, Failures: 0, Errors: 0, Skipped: 0, Time elapsed: 0.003 sec
Running org.fest.assertions.internal.Dates_assertIsWithinMinute_Test
Tests run: 6, Failures: 0, Errors: 0, Skipped: 0, Time elapsed: 0.001 sec
Running org.fest.assertions.internal.Strings_assertMatches_Pattern_Test
Tests run: 8, Failures: 0, Errors: 0, Skipped: 0, Time elapsed: 0.001 sec
Running org.fest.assertions.internal.Floats_assertIsPositive_Test
Tests run: 4, Failures: 0, Errors: 0, Skipped: 0, Time elapsed: 0 sec
Running org.fest.assertions.internal.DoubleArrays_assertContainsSequence_Test
Tests run: 16, Failures: 0, Errors: 0, Skipped: 0, Time elapsed: 0.027 sec
Running org.fest.assertions.internal.Integers_assertLessThan_Test
Tests run: 8, Failures: 0, Errors: 0, Skipped: 0, Time elapsed: 0.001 sec
Running org.fest.assertions.internal.Floats_assertEqual_float_with_offset_Test
Tests run: 12, Failures: 0, Errors: 0, Skipped: 0, Time elapsed: 0.001 sec
Running org.fest.assertions.internal.Throwables_assertHasNoCause_Test
Tests run: 3, Failures: 0, Errors: 0, Skipped: 0, Time elapsed: 0.001 sec
Running org.fest.assertions.internal.Doubles_assertGreaterThanOrEqualTo_Test
Tests run: 8, Failures: 0, Errors: 0, Skipped: 0, Time elapsed: 0.001 sec
Running org.fest.assertions.internal.IntArrays_assertEndsWith_Test
Tests run: 16, Failures: 0, Errors: 0, Skipped: 0, Time elapsed: 0.003 sec
Running org.fest.assertions.internal.Longs_assertNotEqual_Test
Tests run: 6, Failures: 0, Errors: 0, Skipped: 0, Time elapsed: 0.001 sec
Running org.fest.assertions.internal.IntArrays_assertHasSize_Test
Tests run: 3, Failures: 0, Errors: 0, Skipped: 0, Time elapsed: 0 sec
Running org.fest.assertions.internal.Floats_assertIsNotPositive_Test
Tests run: 5, Failures: 0, Errors: 0, Skipped: 0, Time elapsed: 0 sec
Running org.fest.assertions.internal.CharArrays_assertNotEmpty_Test
Tests run: 3, Failures: 0, Errors: 0, Skipped: 0, Time elapsed: 0 sec
Running org.fest.assertions.internal.ShortArrays_assertHasSameSizeAs_with_Iterable_Test
Tests run: 3, Failures: 0, Errors: 0, Skipped: 0, Time elapsed: 0 sec
Running org.fest.assertions.internal.Maps_assertDoesNotContainKey_Test
Tests run: 4, Failures: 0, Errors: 0, Skipped: 0, Time elapsed: 0.001 sec
Running org.fest.assertions.internal.Throwables_assertHasMessage_Test
Tests run: 3, Failures: 0, Errors: 0, Skipped: 0, Time elapsed: 0 sec
Running org.fest.assertions.internal.Iterables_assertAreNotAtMost_Test
Tests run: 4, Failures: 0, Errors: 0, Skipped: 0, Time elapsed: 0 sec
Running org.fest.assertions.internal.IntArrays_assertDoesNotContain_Test
Tests run: 12, Failures: 0, Errors: 0, Skipped: 0, Time elapsed: 0.001 sec
Running org.fest.assertions.internal.Objects_assertIsLenientEqualsToByIgnoringFields_Test
Tests run: 6, Failures: 0, Errors: 0, Skipped: 0, Time elapsed: 0.001 sec
Running org.fest.assertions.internal.Longs_assertGreaterThanOrEqualTo_Test
Tests run: 8, Failures: 0, Errors: 0, Skipped: 0, Time elapsed: 0.001 sec
Running org.fest.assertions.internal.Throwables_assertHasMessageStartingWith_Test
Tests run: 3, Failures: 0, Errors: 0, Skipped: 0, Time elapsed: 0 sec
Running org.fest.assertions.internal.ObjectArrays_assertDoesNotContainNull_Test
Tests run: 8, Failures: 0, Errors: 0, Skipped: 0, Time elapsed: 0.001 sec
Running org.fest.assertions.internal.LongArrays_assertIsSorted_Test
Tests run: 10, Failures: 0, Errors: 0, Skipped: 0, Time elapsed: 0 sec
Running org.fest.assertions.internal.ObjectArrays_assertDoNotHaveExactly_Test
Tests run: 4, Failures: 0, Errors: 0, Skipped: 0, Time elapsed: 0.001 sec
Running org.fest.assertions.internal.Lists_assertIsSortedAccordingToComparator_Test
Tests run: 9, Failures: 0, Errors: 0, Skipped: 0, Time elapsed: 0.001 sec
Running org.fest.assertions.internal.BigDecimals_assertEqual_Test
Tests run: 6, Failures: 0, Errors: 0, Skipped: 0, Time elapsed: 0 sec
Running org.fest.assertions.internal.BooleanArrays_assertIsSorted_Test
Tests run: 5, Failures: 0, Errors: 0, Skipped: 0, Time elapsed: 0.001 sec
Running org.fest.assertions.internal.Integers_assertIsNegative_Test
Tests run: 4, Failures: 0, Errors: 0, Skipped: 0, Time elapsed: 0 sec
Running org.fest.assertions.internal.ShortArrays_assertEmpty_Test
Tests run: 3, Failures: 0, Errors: 0, Skipped: 0, Time elapsed: 0 sec
Running org.fest.assertions.internal.FloatArrays_assertIsSorted_Test
Tests run: 10, Failures: 0, Errors: 0, Skipped: 0, Time elapsed: 0.001 sec
Running org.fest.assertions.internal.Dates_assertIsInSameYearAs_Test
Tests run: 8, Failures: 0, Errors: 0, Skipped: 0, Time elapsed: 0.001 sec
Running org.fest.assertions.internal.CharArrays_assertStartsWith_Test
Tests run: 16, Failures: 0, Errors: 0, Skipped: 0, Time elapsed: 0.002 sec
Running org.fest.assertions.internal.Characters_assertLowerCase_Test
Tests run: 6, Failures: 0, Errors: 0, Skipped: 0, Time elapsed: 0.001 sec
Running org.fest.assertions.internal.Iterables_assertAreAtLeast_Test
Tests run: 4, Failures: 0, Errors: 0, Skipped: 0, Time elapsed: 0.001 sec
Running org.fest.assertions.internal.Doubles_assertIsPositive_Test
Tests run: 4, Failures: 0, Errors: 0, Skipped: 0, Time elapsed: 0 sec
Running org.fest.assertions.internal.IntArrays_assertContains_Test
Tests run: 18, Failures: 0, Errors: 0, Skipped: 0, Time elapsed: 0.002 sec
Running org.fest.assertions.internal.Objects_assertIsNotOfClassIn_Test
Tests run: 5, Failures: 0, Errors: 0, Skipped: 0, Time elapsed: 0.001 sec
Running org.fest.assertions.internal.BooleanArrays_assertNotEmpty_Test
Tests run: 3, Failures: 0, Errors: 0, Skipped: 0, Time elapsed: 0 sec
Running org.fest.assertions.internal.BooleanArrays_assertHasSameSizeAs_with_Iterable_Test
Tests run: 3, Failures: 0, Errors: 0, Skipped: 0, Time elapsed: 0.001 sec
Running org.fest.assertions.internal.Floats_assertIsNotNaN_Test
Tests run: 4, Failures: 0, Errors: 0, Skipped: 0, Time elapsed: 0 sec
Running org.fest.assertions.internal.BooleanArrays_assertDoesNotContain_Test
Tests run: 6, Failures: 0, Errors: 0, Skipped: 0, Time elapsed: 0.001 sec
Running org.fest.assertions.internal.Strings_assertStartsWith_Test
Tests run: 6, Failures: 0, Errors: 0, Skipped: 0, Time elapsed: 0.001 sec
Running org.fest.assertions.internal.FloatArrays_assertEmpty_Test
Tests run: 3, Failures: 0, Errors: 0, Skipped: 0, Time elapsed: 0 sec
Running org.fest.assertions.internal.Doubles_assertIsNotPositive_Test
Tests run: 5, Failures: 0, Errors: 0, Skipped: 0, Time elapsed: 0.001 sec
Running org.fest.assertions.internal.Strings_assertDoesNotMatch_String_Test
Tests run: 10, Failures: 0, Errors: 0, Skipped: 0, Time elapsed: 0.002 sec
Running org.fest.assertions.internal.Integers_assertNotEqual_Test
Tests run: 6, Failures: 0, Errors: 0, Skipped: 0, Time elapsed: 0.001 sec
Running org.fest.assertions.internal.ByteArrays_assertContainsOnly_Test
Tests run: 16, Failures: 0, Errors: 0, Skipped: 0, Time elapsed: 0.002 sec
Running org.fest.assertions.internal.FloatArrays_assertDoesNotContain_Test
Tests run: 12, Failures: 0, Errors: 0, Skipped: 0, Time elapsed: 0.001 sec
Running org.fest.assertions.internal.Shorts_assertGreaterThan_Test
Tests run: 7, Failures: 0, Errors: 0, Skipped: 0, Time elapsed: 0.001 sec
Running org.fest.assertions.internal.CharArrays_assertContainsSequence_Test
Tests run: 16, Failures: 0, Errors: 0, Skipped: 0, Time elapsed: 0.002 sec
Running org.fest.assertions.internal.ObjectArrays_assertDoesNotHaveDuplicates_Test
Tests run: 8, Failures: 0, Errors: 0, Skipped: 0, Time elapsed: 0.001 sec
Running org.fest.assertions.internal.Strings_assertDoesNotMatch_Pattern_Test
Tests run: 8, Failures: 0, Errors: 0, Skipped: 0, Time elapsed: 0.001 sec
Running org.fest.assertions.internal.ByteArrays_assertDoesNotHaveDuplicates_Test
Tests run: 8, Failures: 0, Errors: 0, Skipped: 0, Time elapsed: 0.001 sec
Running org.fest.assertions.internal.Maps_assertHasSize_Test
Tests run: 3, Failures: 0, Errors: 0, Skipped: 0, Time elapsed: 0 sec
Running org.fest.assertions.internal.ObjectArrays_assertAreNotAtMost_Test
Tests run: 4, Failures: 0, Errors: 0, Skipped: 0, Time elapsed: 0.001 sec
Running org.fest.assertions.internal.Diff_diff_File_String_Test
[line:<1>, expected:<line_1> but was:<EOF>]
Tests run: 4, Failures: 0, Errors: 0, Skipped: 0, Time elapsed: 0.002 sec
Running org.fest.assertions.internal.Objects_assertIsIn_with_array_Test
Tests run: 7, Failures: 0, Errors: 0, Skipped: 0, Time elapsed: 0.001 sec
Running org.fest.assertions.internal.Objects_assertHasSameClassAs_Test
Tests run: 4, Failures: 0, Errors: 0, Skipped: 0, Time elapsed: 0.001 sec
Running org.fest.assertions.internal.BigDecimals_assertLessThan_Test
Tests run: 7, Failures: 0, Errors: 0, Skipped: 0, Time elapsed: 0.001 sec
Running org.fest.assertions.internal.Bytes_assertIsNotNegative_Test
Tests run: 5, Failures: 0, Errors: 0, Skipped: 0, Time elapsed: 0.001 sec
Running org.fest.assertions.internal.ObjectArrays_assertContainsNull_Test
Tests run: 10, Failures: 0, Errors: 0, Skipped: 0, Time elapsed: 0.001 sec
Running org.fest.assertions.internal.Files_assertHasContent_Test
Tests run: 6, Failures: 0, Errors: 0, Skipped: 0, Time elapsed: 0.001 sec
Running org.fest.assertions.internal.Floats_assertGreaterThan_Test
Tests run: 7, Failures: 0, Errors: 0, Skipped: 0, Time elapsed: 0.001 sec
Running org.fest.assertions.internal.Objects_assertNotEqual_Test
Tests run: 4, Failures: 0, Errors: 0, Skipped: 0, Time elapsed: 0 sec
Running org.fest.assertions.internal.Comparables_assertGreaterThanOrEqualTo_Test
Tests run: 7, Failures: 0, Errors: 0, Skipped: 0, Time elapsed: 0.001 sec
Running org.fest.assertions.internal.Doubles_assertLessThanOrEqualTo_Test
Tests run: 8, Failures: 0, Errors: 0, Skipped: 0, Time elapsed: 0.001 sec
Running org.fest.assertions.internal.Iterables_assertContainsAll_Test
Tests run: 12, Failures: 0, Errors: 0, Skipped: 0, Time elapsed: 0.001 sec
Running org.fest.assertions.internal.ShortArrays_assertHasSize_Test
Tests run: 3, Failures: 0, Errors: 0, Skipped: 0, Time elapsed: 0.026 sec
Running org.fest.assertions.internal.ShortArrays_assertDoesNotHaveDuplicates_Test
Tests run: 8, Failures: 0, Errors: 0, Skipped: 0, Time elapsed: 0 sec
Running org.fest.assertions.internal.Integers_assertGreaterThan_Test
Tests run: 7, Failures: 0, Errors: 0, Skipped: 0, Time elapsed: 0.001 sec
Running org.fest.assertions.internal.Characters_assertLessThanOrEqualTo_Test
Tests run: 8, Failures: 0, Errors: 0, Skipped: 0, Time elapsed: 0.004 sec
Running org.fest.assertions.internal.ObjectArrays_assertHaveAtLeast_Test
Tests run: 4, Failures: 0, Errors: 0, Skipped: 0, Time elapsed: 0 sec
Running org.fest.assertions.internal.Iterables_assertAreNotExactly_Test
Tests run: 4, Failures: 0, Errors: 0, Skipped: 0, Time elapsed: 0 sec
Running org.fest.assertions.internal.Dates_assertIsBetween_Test
Tests run: 18, Failures: 0, Errors: 0, Skipped: 0, Time elapsed: 0.01 sec
Running org.fest.assertions.internal.DoubleArrays_assertIsSorted_Test
Tests run: 10, Failures: 0, Errors: 0, Skipped: 0, Time elapsed: 0.002 sec
Running org.fest.assertions.internal.Shorts_assertIsNotZero_Test
Tests run: 4, Failures: 0, Errors: 0, Skipped: 0, Time elapsed: 0.001 sec
Running org.fest.assertions.internal.BooleanArrays_assertHasSameSizeAs_with_Array_Test
Tests run: 3, Failures: 0, Errors: 0, Skipped: 0, Time elapsed: 0.001 sec
Running org.fest.assertions.internal.IntArrays_assertContainsOnly_Test
Tests run: 16, Failures: 0, Errors: 0, Skipped: 0, Time elapsed: 0.003 sec
Running org.fest.assertions.internal.DoubleArrays_assertHasSameSizeAs_with_Array_Test
Tests run: 3, Failures: 0, Errors: 0, Skipped: 0, Time elapsed: 0 sec
Running org.fest.assertions.internal.Dates_assertIsWithinDayOfMonth_Test
Tests run: 6, Failures: 0, Errors: 0, Skipped: 0, Time elapsed: 0.001 sec
Running org.fest.assertions.internal.Dates_assertIsBefore_Test
Tests run: 10, Failures: 0, Errors: 0, Skipped: 0, Time elapsed: 0.002 sec
Running org.fest.assertions.internal.Objects_assertIsInstanceOf_Test
Tests run: 4, Failures: 0, Errors: 0, Skipped: 0, Time elapsed: 0.001 sec
Running org.fest.assertions.internal.BooleanArrays_assertContains_Test
Tests run: 9, Failures: 0, Errors: 0, Skipped: 0, Time elapsed: 0.001 sec
Running org.fest.assertions.internal.Shorts_assertIsNotNegative_Test
Tests run: 5, Failures: 0, Errors: 0, Skipped: 0, Time elapsed: 0 sec
Running org.fest.assertions.internal.Images_assertEqual_with_offset_Test
Tests run: 8, Failures: 0, Errors: 0, Skipped: 0, Time elapsed: 0.002 sec
Running org.fest.assertions.internal.DoubleArrays_assertDoesNotHaveDuplicates_Test
Tests run: 8, Failures: 0, Errors: 0, Skipped: 0, Time elapsed: 0.001 sec
Running org.fest.assertions.internal.Floats_assertLessThanOrEqualTo_Test
Tests run: 8, Failures: 0, Errors: 0, Skipped: 0, Time elapsed: 0.001 sec
Running org.fest.assertions.internal.Bytes_assertGreaterThan_Test
Tests run: 7, Failures: 0, Errors: 0, Skipped: 0, Time elapsed: 0.001 sec
Running org.fest.assertions.internal.Bytes_assertIsZero_Test
Tests run: 4, Failures: 0, Errors: 0, Skipped: 0, Time elapsed: 0.001 sec
Running org.fest.assertions.internal.Iterables_assertContainsNull_Test
Tests run: 10, Failures: 0, Errors: 0, Skipped: 0, Time elapsed: 0.001 sec
Running org.fest.assertions.internal.ObjectArrays_assertDoNotHave_Test
Tests run: 3, Failures: 0, Errors: 0, Skipped: 0, Time elapsed: 0.001 sec
Running org.fest.assertions.internal.FloatArrays_assertIsSortedAccordingToComparator_Test
Tests run: 5, Failures: 0, Errors: 0, Skipped: 0, Time elapsed: 0.001 sec
Running org.fest.assertions.internal.ByteArrays_assertDoesNotContain_Test
Tests run: 12, Failures: 0, Errors: 0, Skipped: 0, Time elapsed: 0.002 sec
Running org.fest.assertions.internal.ObjectArrays_assertHasSameSizeAs_with_Iterable_Test
Tests run: 4, Failures: 0, Errors: 0, Skipped: 0, Time elapsed: 0.001 sec
Running org.fest.assertions.internal.Doubles_assertLessThan_Test
Tests run: 8, Failures: 0, Errors: 0, Skipped: 0, Time elapsed: 0.001 sec
Running org.fest.assertions.internal.Maps_assertContainsKey_Test
Tests run: 4, Failures: 0, Errors: 0, Skipped: 0, Time elapsed: 0.001 sec
Running org.fest.assertions.internal.Floats_assertLessThan_Test
Tests run: 8, Failures: 0, Errors: 0, Skipped: 0, Time elapsed: 0.001 sec
Running org.fest.assertions.internal.CharArrays_assertContains_Test
Tests run: 18, Failures: 0, Errors: 0, Skipped: 0, Time elapsed: 0.003 sec
Running org.fest.assertions.internal.ObjectArrays_assertHasSameSizeAs_with_Array_Test
Tests run: 4, Failures: 0, Errors: 0, Skipped: 0, Time elapsed: 0 sec
Running org.fest.assertions.internal.FloatArrays_assertContainsSequence_Test
Tests run: 16, Failures: 0, Errors: 0, Skipped: 0, Time elapsed: 0.002 sec
Running org.fest.assertions.internal.LongArrays_assertEndsWith_Test
Tests run: 16, Failures: 0, Errors: 0, Skipped: 0, Time elapsed: 0.002 sec
Running org.fest.assertions.internal.DoubleArrays_assertEmpty_Test
Tests run: 3, Failures: 0, Errors: 0, Skipped: 0, Time elapsed: 0.001 sec
Running org.fest.assertions.internal.PropertySupport_propertyValues_Test
Tests run: 8, Failures: 0, Errors: 0, Skipped: 0, Time elapsed: 0.002 sec
Running org.fest.assertions.internal.Iterables_assertHaveExactly_Test
Tests run: 4, Failures: 0, Errors: 0, Skipped: 0, Time elapsed: 0.001 sec
Running org.fest.assertions.internal.Strings_assertMatches_String_Test
Tests run: 10, Failures: 0, Errors: 0, Skipped: 0, Time elapsed: 0.002 sec
Running org.fest.assertions.internal.Iterables_assertAre_Test
Tests run: 3, Failures: 0, Errors: 0, Skipped: 0, Time elapsed: 0.001 sec
Running org.fest.assertions.internal.ByteArrays_assertContains_at_Index_Test
Tests run: 12, Failures: 0, Errors: 0, Skipped: 0, Time elapsed: 0.003 sec
Running org.fest.assertions.internal.BooleanArrays_assertDoesNotContain_at_Index_Test
Tests run: 6, Failures: 0, Errors: 0, Skipped: 0, Time elapsed: 0.001 sec
Running org.fest.assertions.internal.Files_assertIsFile_Test
Tests run: 3, Failures: 0, Errors: 0, Skipped: 0, Time elapsed: 0.001 sec
Running org.fest.assertions.internal.Lists_assertIsSorted_Test
Tests run: 10, Failures: 0, Errors: 0, Skipped: 0, Time elapsed: 0.003 sec
Running org.fest.assertions.internal.ObjectArrays_assertHave_Test
Tests run: 3, Failures: 0, Errors: 0, Skipped: 0, Time elapsed: 0.001 sec
Running org.fest.assertions.internal.Maps_assertDoesNotContain_Test
Tests run: 5, Failures: 0, Errors: 0, Skipped: 0, Time elapsed: 0 sec
Running org.fest.assertions.internal.ShortArrays_assertDoesNotContain_at_Index_Test
Tests run: 12, Failures: 0, Errors: 0, Skipped: 0, Time elapsed: 0.002 sec
Running org.fest.assertions.internal.CharArrays_assertEndsWith_Test
Tests run: 16, Failures: 0, Errors: 0, Skipped: 0, Time elapsed: 0.004 sec
Running org.fest.assertions.internal.ObjectArrays_assertAre_Test
Tests run: 3, Failures: 0, Errors: 0, Skipped: 0, Time elapsed: 0.001 sec
Running org.fest.assertions.internal.Objects_assertIsNotInstanceOf_Test
Tests run: 4, Failures: 0, Errors: 0, Skipped: 0, Time elapsed: 0.001 sec
Running org.fest.assertions.internal.Files_assertEqualContent_Test
Tests run: 7, Failures: 0, Errors: 0, Skipped: 0, Time elapsed: 0.015 sec
Running org.fest.assertions.internal.Longs_assertIsNotZero_Test
Tests run: 4, Failures: 0, Errors: 0, Skipped: 0, Time elapsed: 0 sec
Running org.fest.assertions.internal.Integers_assertIsPositive_Test
Tests run: 4, Failures: 0, Errors: 0, Skipped: 0, Time elapsed: 0 sec
Running org.fest.assertions.internal.Bytes_assertGreaterThanOrEqualTo_Test
Tests run: 8, Failures: 0, Errors: 0, Skipped: 0, Time elapsed: 0 sec
Running org.fest.assertions.internal.IntArrays_assertDoesNotHaveDuplicates_Test
Tests run: 8, Failures: 0, Errors: 0, Skipped: 0, Time elapsed: 0.001 sec
Running org.fest.assertions.internal.LongArrays_assertHasSameSizeAs_with_Iterable_Test
Tests run: 3, Failures: 0, Errors: 0, Skipped: 0, Time elapsed: 0 sec
Running org.fest.assertions.internal.Floats_assertIsNotZero_Test
Tests run: 4, Failures: 0, Errors: 0, Skipped: 0, Time elapsed: 0.001 sec
Running org.fest.assertions.internal.Shorts_assertIsZero_Test
Tests run: 4, Failures: 0, Errors: 0, Skipped: 0, Time elapsed: 0 sec
Running org.fest.assertions.internal.Dates_assertIsInTheFuture_Test
Tests run: 8, Failures: 0, Errors: 0, Skipped: 0, Time elapsed: 0.002 sec
Running org.fest.assertions.internal.Bytes_assertNotEqual_Test
Tests run: 6, Failures: 0, Errors: 0, Skipped: 0, Time elapsed: 0.001 sec
Running org.fest.assertions.internal.Objects_assertIsNotExactlyInstanceOf_Test
Tests run: 4, Failures: 0, Errors: 0, Skipped: 0, Time elapsed: 0.001 sec
Running org.fest.assertions.internal.Doubles_assertIsNotZero_Test
Tests run: 4, Failures: 0, Errors: 0, Skipped: 0, Time elapsed: 0 sec
Running org.fest.assertions.internal.Iterables_assertHasSameSizeAs_with_Array_Test
Tests run: 8, Failures: 0, Errors: 0, Skipped: 0, Time elapsed: 0.003 sec
Running org.fest.assertions.internal.BigDecimals_assertNotEqual_Test
Tests run: 6, Failures: 0, Errors: 0, Skipped: 0, Time elapsed: 0.001 sec
Running org.fest.assertions.internal.Objects_assertIsOfClassIn_Test
Tests run: 5, Failures: 0, Errors: 0, Skipped: 0, Time elapsed: 0 sec
Running org.fest.assertions.internal.Dates_assertIsBeforeOrEqualsTo_Test
Tests run: 10, Failures: 0, Errors: 0, Skipped: 0, Time elapsed: 0.001 sec
Running org.fest.assertions.internal.ObjectArrays_assertAreAtLeast_Test
Tests run: 4, Failures: 0, Errors: 0, Skipped: 0, Time elapsed: 0 sec
Running org.fest.assertions.internal.Strings_assertContains_Test
Tests run: 7, Failures: 0, Errors: 0, Skipped: 0, Time elapsed: 0.001 sec
Running org.fest.assertions.internal.Iterables_assertDoNotHaveExactly_Test
Tests run: 4, Failures: 0, Errors: 0, Skipped: 0, Time elapsed: 0.001 sec
Running org.fest.assertions.internal.LongArrays_assertIsSortedAccordingToComparator_Test
Tests run: 5, Failures: 0, Errors: 0, Skipped: 0, Time elapsed: 0.001 sec
Running org.fest.assertions.internal.Comparables_assertLessThanOrEqualTo_Test
Tests run: 7, Failures: 0, Errors: 0, Skipped: 0, Time elapsed: 0.001 sec
Running org.fest.assertions.internal.DoubleArrays_assertNotEmpty_Test
Tests run: 3, Failures: 0, Errors: 0, Skipped: 0, Time elapsed: 0 sec
Running org.fest.assertions.internal.Doubles_assertEqual_with_offset_Test
Tests run: 8, Failures: 0, Errors: 0, Skipped: 0, Time elapsed: 0.001 sec
Running org.fest.assertions.internal.IntArrays_assertNotEmpty_Test
Tests run: 3, Failures: 0, Errors: 0, Skipped: 0, Time elapsed: 0 sec
Running org.fest.assertions.internal.ByteArrays_assertEmpty_Test
Tests run: 3, Failures: 0, Errors: 0, Skipped: 0, Time elapsed: 0.001 sec
Running org.fest.assertions.internal.Longs_assertIsNegative_Test
Tests run: 4, Failures: 0, Errors: 0, Skipped: 0, Time elapsed: 0.001 sec
Running org.fest.assertions.internal.FloatArrays_assertNotEmpty_Test
Tests run: 3, Failures: 0, Errors: 0, Skipped: 0, Time elapsed: 0 sec
Running org.fest.assertions.internal.Dates_assertIsCloseTo_Test
Tests run: 8, Failures: 0, Errors: 0, Skipped: 0, Time elapsed: 0.002 sec
Running org.fest.assertions.internal.DoubleArrays_assertNullOrEmpty_Test
Tests run: 3, Failures: 0, Errors: 0, Skipped: 0, Time elapsed: 0 sec
Running org.fest.assertions.internal.Iterables_assertHasSize_Test
Tests run: 6, Failures: 0, Errors: 0, Skipped: 0, Time elapsed: 0 sec
Running org.fest.assertions.internal.BigDecimals_assertIsNegative_Test
Tests run: 4, Failures: 0, Errors: 0, Skipped: 0, Time elapsed: 0 sec
Running org.fest.assertions.internal.ObjectArrays_assertDoNotHaveAtLeast_Test
Tests run: 4, Failures: 0, Errors: 0, Skipped: 0, Time elapsed: 0 sec
Running org.fest.assertions.internal.ObjectArrays_assertDoesNotContain_at_Index_Test
Tests run: 11, Failures: 0, Errors: 0, Skipped: 0, Time elapsed: 0.001 sec
Running org.fest.assertions.internal.Iterables_assertStartsWith_Test
Tests run: 12, Failures: 0, Errors: 0, Skipped: 0, Time elapsed: 0.002 sec
Running org.fest.assertions.internal.Maps_assertHasSameSizeAs_with_Iterable_Test
Tests run: 3, Failures: 0, Errors: 0, Skipped: 0, Time elapsed: 0.001 sec
Running org.fest.assertions.internal.DoubleArrays_assertContains_Test
Tests run: 18, Failures: 0, Errors: 0, Skipped: 0, Time elapsed: 0.002 sec
Running org.fest.assertions.internal.IntArrays_assertIsSorted_Test
Tests run: 10, Failures: 0, Errors: 0, Skipped: 0, Time elapsed: 0.002 sec
Running org.fest.assertions.internal.Maps_assertHasSameSizeAs_with_Array_Test
Tests run: 3, Failures: 0, Errors: 0, Skipped: 0, Time elapsed: 0.001 sec
Running org.fest.assertions.internal.ShortArrays_assertContains_Test
Tests run: 18, Failures: 0, Errors: 0, Skipped: 0, Time elapsed: 0.002 sec
Running org.fest.assertions.internal.BigDecimals_assertGreaterThan_Test
Tests run: 7, Failures: 0, Errors: 0, Skipped: 0, Time elapsed: 0.002 sec
Running org.fest.assertions.internal.ObjectArrays_assertIsSortedAccordingToComparator_Test
Tests run: 5, Failures: 0, Errors: 0, Skipped: 0, Time elapsed: 0.001 sec
Running org.fest.assertions.internal.BigDecimals_assertGreaterThanOrEqualTo_Test
Tests run: 7, Failures: 0, Errors: 0, Skipped: 0, Time elapsed: 0.001 sec
Running org.fest.assertions.internal.Dates_assertIsWithinMonth_Test
Tests run: 6, Failures: 0, Errors: 0, Skipped: 0, Time elapsed: 0.001 sec
Running org.fest.assertions.internal.Floats_assertEqual_Test
Tests run: 6, Failures: 0, Errors: 0, Skipped: 0, Time elapsed: 0.001 sec
Running org.fest.assertions.internal.Integers_assertEqual_Test
Tests run: 6, Failures: 0, Errors: 0, Skipped: 0, Time elapsed: 0.001 sec
Running org.fest.assertions.internal.LongArrays_assertContains_Test
Tests run: 18, Failures: 0, Errors: 0, Skipped: 0, Time elapsed: 0.002 sec
Running org.fest.assertions.internal.Strings_assertEqualsIgnoringCase_Test
Tests run: 12, Failures: 0, Errors: 0, Skipped: 0, Time elapsed: 0.001 sec
Running org.fest.assertions.internal.Files_assertIsRelative_Test
Tests run: 3, Failures: 0, Errors: 0, Skipped: 0, Time elapsed: 0.001 sec
Running org.fest.assertions.internal.BigDecimals_assertIsNotNegative_Test
Tests run: 5, Failures: 0, Errors: 0, Skipped: 0, Time elapsed: 0.001 sec
Running org.fest.assertions.internal.Iterables_assertContainsOnly_Test
Tests run: 14, Failures: 0, Errors: 0, Skipped: 0, Time elapsed: 0.003 sec
Running org.fest.assertions.internal.Dates_assertIsBeforeYear_Test
Tests run: 8, Failures: 0, Errors: 0, Skipped: 0, Time elapsed: 0.002 sec
Running org.fest.assertions.internal.Failures_failure_with_AssertionErrorFactory_Test
Tests run: 2, Failures: 0, Errors: 0, Skipped: 0, Time elapsed: 0.002 sec
Running org.fest.assertions.internal.Files_assertCanWrite_Test
Tests run: 3, Failures: 0, Errors: 0, Skipped: 0, Time elapsed: 0 sec
Running org.fest.assertions.internal.Doubles_assertIsNegative_Test
Tests run: 4, Failures: 0, Errors: 0, Skipped: 0, Time elapsed: 0.001 sec
Running org.fest.assertions.internal.BigDecimals_assertIsNotPositive_Test
Tests run: 5, Failures: 0, Errors: 0, Skipped: 0, Time elapsed: 0.001 sec
Running org.fest.assertions.internal.Doubles_assertGreaterThan_Test
Tests run: 7, Failures: 0, Errors: 0, Skipped: 0, Time elapsed: 0.001 sec
Running org.fest.assertions.internal.ByteArrays_assertNullOrEmpty_Test
Tests run: 3, Failures: 0, Errors: 0, Skipped: 0, Time elapsed: 0 sec
Running org.fest.assertions.internal.ObjectArrays_assertContains_Test
Tests run: 17, Failures: 0, Errors: 0, Skipped: 0, Time elapsed: 0.001 sec
Running org.fest.assertions.internal.Dates_assertIsToday_Test
Tests run: 6, Failures: 0, Errors: 0, Skipped: 0, Time elapsed: 0.001 sec
Running org.fest.assertions.internal.Objects_assertSame_Test
Tests run: 2, Failures: 0, Errors: 0, Skipped: 0, Time elapsed: 0 sec
Running org.fest.assertions.internal.Longs_assertLessThanOrEqualTo_Test
Tests run: 8, Failures: 0, Errors: 0, Skipped: 0, Time elapsed: 0.001 sec
Running org.fest.assertions.internal.Iterables_assertAreAtMost_Test
Tests run: 4, Failures: 0, Errors: 0, Skipped: 0, Time elapsed: 0 sec
Running org.fest.assertions.internal.ObjectArrays_assertStartsWith_Test
Tests run: 15, Failures: 0, Errors: 0, Skipped: 0, Time elapsed: 0.001 sec
Running org.fest.assertions.internal.Conditions_assertHas_Test
Tests run: 3, Failures: 0, Errors: 0, Skipped: 0, Time elapsed: 0 sec
Running org.fest.assertions.internal.BinaryDiff_diff_InputStream_Test
Tests run: 4, Failures: 0, Errors: 0, Skipped: 0, Time elapsed: 0 sec
Running org.fest.assertions.internal.Iterables_assertDoesNotContain_Test
Tests run: 9, Failures: 0, Errors: 0, Skipped: 0, Time elapsed: 0.001 sec
Running org.fest.assertions.internal.Strings_assertNullOrEmpty_Test
Tests run: 6, Failures: 0, Errors: 0, Skipped: 0, Time elapsed: 0.025 sec
Running org.fest.assertions.internal.Integers_assertLessThanOrEqualTo_Test
Tests run: 8, Failures: 0, Errors: 0, Skipped: 0, Time elapsed: 0 sec
Running org.fest.assertions.internal.Comparables_assertGreaterThan_Test
Tests run: 7, Failures: 0, Errors: 0, Skipped: 0, Time elapsed: 0.001 sec
Running org.fest.assertions.internal.FloatArrays_assertDoesNotHaveDuplicates_Test
Tests run: 8, Failures: 0, Errors: 0, Skipped: 0, Time elapsed: 0 sec
Running org.fest.assertions.internal.Characters_assertNotEqual_Test
Tests run: 6, Failures: 0, Errors: 0, Skipped: 0, Time elapsed: 0 sec
Running org.fest.assertions.internal.Dates_assertIsInSameMonthAs_Test
Tests run: 8, Failures: 0, Errors: 0, Skipped: 0, Time elapsed: 0 sec
Running org.fest.assertions.internal.Dates_assertIsNotBetween_Test
Tests run: 18, Failures: 0, Errors: 0, Skipped: 0, Time elapsed: 0.004 sec
Running org.fest.assertions.internal.Floats_assertIsNaN_Test
Tests run: 4, Failures: 0, Errors: 0, Skipped: 0, Time elapsed: 0 sec
Running org.fest.assertions.internal.Objects_assertEqual_Test
Tests run: 4, Failures: 0, Errors: 0, Skipped: 0, Time elapsed: 0.001 sec
Running org.fest.assertions.internal.Objects_assertNotNull_Test
Tests run: 2, Failures: 0, Errors: 0, Skipped: 0, Time elapsed: 0 sec
Running org.fest.assertions.internal.BigDecimals_assertIsPositive_Test
Tests run: 4, Failures: 0, Errors: 0, Skipped: 0, Time elapsed: 0 sec
Running org.fest.assertions.internal.BooleanArrays_assertContainsOnly_Test
Tests run: 8, Failures: 0, Errors: 0, Skipped: 0, Time elapsed: 0.001 sec
Running org.fest.assertions.internal.IntArrays_assertHasSameSizeAs_with_Array_Test
Tests run: 3, Failures: 0, Errors: 0, Skipped: 0, Time elapsed: 0 sec
Running org.fest.assertions.internal.Bytes_assertLessThan_Test
Tests run: 8, Failures: 0, Errors: 0, Skipped: 0, Time elapsed: 0.001 sec
Running org.fest.assertions.internal.Strings_assertHasSameSizeAs_with_Iterable_Test
Tests run: 3, Failures: 0, Errors: 0, Skipped: 0, Time elapsed: 0 sec
Running org.fest.assertions.internal.Comparables_assertLessThan_Test
Tests run: 7, Failures: 0, Errors: 0, Skipped: 0, Time elapsed: 0.001 sec
Running org.fest.assertions.internal.Shorts_assertIsNegative_Test
Tests run: 4, Failures: 0, Errors: 0, Skipped: 0, Time elapsed: 0 sec
Running org.fest.assertions.internal.Strings_assertDoesNotContain_Test
Tests run: 6, Failures: 0, Errors: 0, Skipped: 0, Time elapsed: 0.001 sec
Running org.fest.assertions.internal.IntArrays_assertContains_at_Index_Test
Tests run: 12, Failures: 0, Errors: 0, Skipped: 0, Time elapsed: 0.001 sec
Running org.fest.assertions.internal.ShortArrays_assertEndsWith_Test
Tests run: 16, Failures: 0, Errors: 0, Skipped: 0, Time elapsed: 0.002 sec
Running org.fest.assertions.internal.Throwables_assertHasMessageContaining_Test
Tests run: 3, Failures: 0, Errors: 0, Skipped: 0, Time elapsed: 0 sec
Running org.fest.assertions.internal.Conditions_assertIs_Test
Tests run: 3, Failures: 0, Errors: 0, Skipped: 0, Time elapsed: 0 sec
Running org.fest.assertions.internal.Iterables_assertHave_Test
Tests run: 3, Failures: 0, Errors: 0, Skipped: 0, Time elapsed: 0 sec
Running org.fest.assertions.internal.ShortArrays_assertDoesNotContain_Test
Tests run: 12, Failures: 0, Errors: 0, Skipped: 0, Time elapsed: 0.001 sec
Running org.fest.assertions.internal.BooleanArrays_assertHasSize_Test
Tests run: 3, Failures: 0, Errors: 0, Skipped: 0, Time elapsed: 0 sec
Running org.fest.assertions.internal.CharArrays_assertIsSorted_Test
Tests run: 10, Failures: 0, Errors: 0, Skipped: 0, Time elapsed: 0.001 sec
Running org.fest.assertions.internal.PropertySupport_propertyValues_with_mocks_Test
Tests run: 1, Failures: 0, Errors: 0, Skipped: 0, Time elapsed: 0.002 sec
Running org.fest.assertions.internal.IntArrays_assertIsSortedAccordingToComparator_Test
Tests run: 5, Failures: 0, Errors: 0, Skipped: 0, Time elapsed: 0.001 sec
Running org.fest.assertions.internal.Maps_assertContainsValue_Test
Tests run: 4, Failures: 0, Errors: 0, Skipped: 0, Time elapsed: 0 sec
Running org.fest.assertions.internal.Dates_assertIsInSameMinuteAs_Test
Tests run: 8, Failures: 0, Errors: 0, Skipped: 0, Time elapsed: 0 sec
Running org.fest.assertions.internal.Floats_assertEqual_with_offset_Test
Tests run: 8, Failures: 0, Errors: 0, Skipped: 0, Time elapsed: 0 sec
Running org.fest.assertions.internal.Iterables_assertDoesNotContainNull_Test
Tests run: 8, Failures: 0, Errors: 0, Skipped: 0, Time elapsed: 0.001 sec
Running org.fest.assertions.internal.FloatArrays_assertContains_at_Index_Test
Tests run: 12, Failures: 0, Errors: 0, Skipped: 0, Time elapsed: 0.001 sec
Running org.fest.assertions.internal.Conditions_assertIsNot_Test
Tests run: 3, Failures: 0, Errors: 0, Skipped: 0, Time elapsed: 0 sec
Running org.fest.assertions.internal.ShortArrays_assertNullOrEmpty_Test
Tests run: 3, Failures: 0, Errors: 0, Skipped: 0, Time elapsed: 0 sec
Running org.fest.assertions.internal.Conditions_assertIsNotNull_Test
Tests run: 2, Failures: 0, Errors: 0, Skipped: 0, Time elapsed: 0 sec
Running org.fest.assertions.internal.Dates_assertIsInSameSecondAs_Test
Tests run: 8, Failures: 0, Errors: 0, Skipped: 0, Time elapsed: 0 sec
Running org.fest.assertions.internal.DoubleArrays_assertStartsWith_Test
Tests run: 16, Failures: 0, Errors: 0, Skipped: 0, Time elapsed: 0.003 sec
Running org.fest.assertions.internal.ObjectArrays_assertEmpty_Test
Tests run: 3, Failures: 0, Errors: 0, Skipped: 0, Time elapsed: 0 sec
Running org.fest.assertions.internal.Objects_assertDoesNotHaveNotSameClassAs_Test
Tests run: 4, Failures: 0, Errors: 0, Skipped: 0, Time elapsed: 0.001 sec
Running org.fest.assertions.internal.ObjectArrays_assertAreNot_Test
Tests run: 3, Failures: 0, Errors: 0, Skipped: 0, Time elapsed: 0.001 sec
Running org.fest.assertions.description.TextDescription_constructor_Test
Tests run: 2, Failures: 0, Errors: 0, Skipped: 0, Time elapsed: 0 sec
Running org.fest.assertions.description.TextDescription_toString_Test
Tests run: 1, Failures: 0, Errors: 0, Skipped: 0, Time elapsed: 0 sec
Running org.fest.assertions.description.TextDescription_value_Test
Tests run: 1, Failures: 0, Errors: 0, Skipped: 0, Time elapsed: 0 sec
Running org.fest.assertions.description.Description_toString_Test
Tests run: 1, Failures: 0, Errors: 0, Skipped: 0, Time elapsed: 0.001 sec
Running org.fest.assertions.description.TextDescription_equals_hashCode_Test
Tests run: 7, Failures: 0, Errors: 0, Skipped: 0, Time elapsed: 0 sec
Running org.fest.assertions.description.EmptyTextDescription_emptyText_Test
Tests run: 2, Failures: 0, Errors: 0, Skipped: 0, Time elapsed: 0.001 sec

Results :

Tests run: 4368, Failures: 0, Errors: 0, Skipped: 0

[INFO] 
[INFO] --- animal-sniffer-maven-plugin:1.8:check (Check jre 1.5 API compatibility) @ fest-assert-core ---
[INFO] Signature checking is skipped.
[INFO] 
[INFO] --- maven-jar-plugin:2.4:jar (default-jar) @ fest-assert-core ---
[INFO] Building jar: /tmp/tmpf5c75m3d/fest-assert-2.x/target/fest-assert-core-2.0M7.jar
[INFO] 
[INFO] >>> maven-source-plugin:2.1.2:jar (attach-sources) > generate-sources @ fest-assert-core >>>
[INFO] 
[INFO] --- maven-enforcer-plugin:1.0:enforce (enforce-maven) @ fest-assert-core ---
[INFO] 
[INFO] <<< maven-source-plugin:2.1.2:jar (attach-sources) < generate-sources @ fest-assert-core <<<
[INFO] 
[INFO] 
[INFO] --- maven-source-plugin:2.1.2:jar (attach-sources) @ fest-assert-core ---
[INFO] Building jar: /tmp/tmpf5c75m3d/fest-assert-2.x/target/fest-assert-core-2.0M7-sources.jar
[INFO] 
[INFO] --- maven-javadoc-plugin:2.8.1:jar (attach-javadocs) @ fest-assert-core ---
[INFO] Skipping javadoc generation
[INFO] 
[INFO] --- maven-dependency-plugin:2.4:copy-dependencies (copy-dependencies) @ fest-assert-core ---
[INFO] Copying fest-util-1.2.2.jar to /tmp/tmpf5c75m3d/fest-assert-2.x/target/lib/fest-util-1.2.2.jar
[INFO] 
[INFO] --- maven-dependency-plugin:2.4:copy-dependencies (copy-dependencies-sources) @ fest-assert-core ---
[INFO] Copying fest-util-1.2.2-sources.jar to /tmp/tmpf5c75m3d/fest-assert-2.x/target/lib/fest-util-1.2.2-sources.jar
[INFO] 
[INFO] --- maven-assembly-plugin:3.2.0:single (make-assembly) @ fest-assert-core ---
[INFO] Reading assembly descriptor: assembly.xml
[INFO] ------------------------------------------------------------------------
[INFO] BUILD FAILURE
[INFO] ------------------------------------------------------------------------
[INFO] Total time:  25.046 s
[INFO] Finished at: 2020-08-03T09:48:11Z
[INFO] ------------------------------------------------------------------------
[ERROR] Failed to execute goal org.apache.maven.plugins:maven-assembly-plugin:3.2.0:single (make-assembly) on project fest-assert-core: Error reading assemblies: Error locating assembly descriptor: assembly.xml
[ERROR] 
[ERROR] [1] [INFO] Searching for file location: /tmp/tmpf5c75m3d/fest-assert-2.x/assembly.xml
[ERROR] 
[ERROR] [2] [INFO] File: /tmp/tmpf5c75m3d/fest-assert-2.x/assembly.xml does not exist.
[ERROR] 
[ERROR] [3] [INFO] File: /tmp/tmpf5c75m3d/fest-assert-2.x/assembly.xml does not exist.
[ERROR] -> [Help 1]
org.apache.maven.lifecycle.LifecycleExecutionException: Failed to execute goal org.apache.maven.plugins:maven-assembly-plugin:3.2.0:single (make-assembly) on project fest-assert-core: Error reading assemblies: Error locating assembly descriptor: assembly.xml

[1] [INFO] Searching for file location: /tmp/tmpf5c75m3d/fest-assert-2.x/assembly.xml

[2] [INFO] File: /tmp/tmpf5c75m3d/fest-assert-2.x/assembly.xml does not exist.

[3] [INFO] File: /tmp/tmpf5c75m3d/fest-assert-2.x/assembly.xml does not exist.
    at org.apache.maven.lifecycle.internal.MojoExecutor.execute (MojoExecutor.java:215)
    at org.apache.maven.lifecycle.internal.MojoExecutor.execute (MojoExecutor.java:156)
    at org.apache.maven.lifecycle.internal.MojoExecutor.execute (MojoExecutor.java:148)
    at org.apache.maven.lifecycle.internal.LifecycleModuleBuilder.buildProject (LifecycleModuleBuilder.java:117)
    at org.apache.maven.lifecycle.internal.LifecycleModuleBuilder.buildProject (LifecycleModuleBuilder.java:81)
    at org.apache.maven.lifecycle.internal.builder.singlethreaded.SingleThreadedBuilder.build (SingleThreadedBuilder.java:56)
    at org.apache.maven.lifecycle.internal.LifecycleStarter.execute (LifecycleStarter.java:128)
    at org.apache.maven.DefaultMaven.doExecute (DefaultMaven.java:305)
    at org.apache.maven.DefaultMaven.doExecute (DefaultMaven.java:192)
    at org.apache.maven.DefaultMaven.execute (DefaultMaven.java:105)
    at org.apache.maven.cli.MavenCli.execute (MavenCli.java:957)
    at org.apache.maven.cli.MavenCli.doMain (MavenCli.java:289)
    at org.apache.maven.cli.MavenCli.main (MavenCli.java:193)
    at sun.reflect.NativeMethodAccessorImpl.invoke0 (Native Method)
    at sun.reflect.NativeMethodAccessorImpl.invoke (NativeMethodAccessorImpl.java:62)
    at sun.reflect.DelegatingMethodAccessorImpl.invoke (DelegatingMethodAccessorImpl.java:43)
    at java.lang.reflect.Method.invoke (Method.java:498)
    at org.codehaus.plexus.classworlds.launcher.Launcher.launchEnhanced (Launcher.java:282)
    at org.codehaus.plexus.classworlds.launcher.Launcher.launch (Launcher.java:225)
    at org.codehaus.plexus.classworlds.launcher.Launcher.mainWithExitCode (Launcher.java:406)
    at org.codehaus.plexus.classworlds.launcher.Launcher.main (Launcher.java:347)
Caused by: org.apache.maven.plugin.MojoExecutionException: Error reading assemblies: Error locating assembly descriptor: assembly.xml

[1] [INFO] Searching for file location: /tmp/tmpf5c75m3d/fest-assert-2.x/assembly.xml

[2] [INFO] File: /tmp/tmpf5c75m3d/fest-assert-2.x/assembly.xml does not exist.

[3] [INFO] File: /tmp/tmpf5c75m3d/fest-assert-2.x/assembly.xml does not exist.
    at org.apache.maven.plugins.assembly.mojos.AbstractAssemblyMojo.execute (AbstractAssemblyMojo.java:454)
    at org.apache.maven.plugins.assembly.mojos.SingleAssemblyMojo.execute (SingleAssemblyMojo.java:61)
    at org.apache.maven.plugin.DefaultBuildPluginManager.executeMojo (DefaultBuildPluginManager.java:137)
    at org.apache.maven.lifecycle.internal.MojoExecutor.execute (MojoExecutor.java:210)
    at org.apache.maven.lifecycle.internal.MojoExecutor.execute (MojoExecutor.java:156)
    at org.apache.maven.lifecycle.internal.MojoExecutor.execute (MojoExecutor.java:148)
    at org.apache.maven.lifecycle.internal.LifecycleModuleBuilder.buildProject (LifecycleModuleBuilder.java:117)
    at org.apache.maven.lifecycle.internal.LifecycleModuleBuilder.buildProject (LifecycleModuleBuilder.java:81)
    at org.apache.maven.lifecycle.internal.builder.singlethreaded.SingleThreadedBuilder.build (SingleThreadedBuilder.java:56)
    at org.apache.maven.lifecycle.internal.LifecycleStarter.execute (LifecycleStarter.java:128)
    at org.apache.maven.DefaultMaven.doExecute (DefaultMaven.java:305)
    at org.apache.maven.DefaultMaven.doExecute (DefaultMaven.java:192)
    at org.apache.maven.DefaultMaven.execute (DefaultMaven.java:105)
    at org.apache.maven.cli.MavenCli.execute (MavenCli.java:957)
    at org.apache.maven.cli.MavenCli.doMain (MavenCli.java:289)
    at org.apache.maven.cli.MavenCli.main (MavenCli.java:193)
    at sun.reflect.NativeMethodAccessorImpl.invoke0 (Native Method)
    at sun.reflect.NativeMethodAccessorImpl.invoke (NativeMethodAccessorImpl.java:62)
    at sun.reflect.DelegatingMethodAccessorImpl.invoke (DelegatingMethodAccessorImpl.java:43)
    at java.lang.reflect.Method.invoke (Method.java:498)
    at org.codehaus.plexus.classworlds.launcher.Launcher.launchEnhanced (Launcher.java:282)
    at org.codehaus.plexus.classworlds.launcher.Launcher.launch (Launcher.java:225)
    at org.codehaus.plexus.classworlds.launcher.Launcher.mainWithExitCode (Launcher.java:406)
    at org.codehaus.plexus.classworlds.launcher.Launcher.main (Launcher.java:347)
Caused by: org.apache.maven.plugins.assembly.io.AssemblyReadException: Error locating assembly descriptor: assembly.xml

[1] [INFO] Searching for file location: /tmp/tmpf5c75m3d/fest-assert-2.x/assembly.xml

[2] [INFO] File: /tmp/tmpf5c75m3d/fest-assert-2.x/assembly.xml does not exist.

[3] [INFO] File: /tmp/tmpf5c75m3d/fest-assert-2.x/assembly.xml does not exist.
    at org.apache.maven.plugins.assembly.io.DefaultAssemblyReader.addAssemblyFromDescriptor (DefaultAssemblyReader.java:294)
    at org.apache.maven.plugins.assembly.io.DefaultAssemblyReader.readAssemblies (DefaultAssemblyReader.java:116)
    at org.apache.maven.plugins.assembly.mojos.AbstractAssemblyMojo.execute (AbstractAssemblyMojo.java:450)
    at org.apache.maven.plugins.assembly.mojos.SingleAssemblyMojo.execute (SingleAssemblyMojo.java:61)
    at org.apache.maven.plugin.DefaultBuildPluginManager.executeMojo (DefaultBuildPluginManager.java:137)
    at org.apache.maven.lifecycle.internal.MojoExecutor.execute (MojoExecutor.java:210)
    at org.apache.maven.lifecycle.internal.MojoExecutor.execute (MojoExecutor.java:156)
    at org.apache.maven.lifecycle.internal.MojoExecutor.execute (MojoExecutor.java:148)
    at org.apache.maven.lifecycle.internal.LifecycleModuleBuilder.buildProject (LifecycleModuleBuilder.java:117)
    at org.apache.maven.lifecycle.internal.LifecycleModuleBuilder.buildProject (LifecycleModuleBuilder.java:81)
    at org.apache.maven.lifecycle.internal.builder.singlethreaded.SingleThreadedBuilder.build (SingleThreadedBuilder.java:56)
    at org.apache.maven.lifecycle.internal.LifecycleStarter.execute (LifecycleStarter.java:128)
    at org.apache.maven.DefaultMaven.doExecute (DefaultMaven.java:305)
    at org.apache.maven.DefaultMaven.doExecute (DefaultMaven.java:192)
    at org.apache.maven.DefaultMaven.execute (DefaultMaven.java:105)
    at org.apache.maven.cli.MavenCli.execute (MavenCli.java:957)
    at org.apache.maven.cli.MavenCli.doMain (MavenCli.java:289)
    at org.apache.maven.cli.MavenCli.main (MavenCli.java:193)
    at sun.reflect.NativeMethodAccessorImpl.invoke0 (Native Method)
    at sun.reflect.NativeMethodAccessorImpl.invoke (NativeMethodAccessorImpl.java:62)
    at sun.reflect.DelegatingMethodAccessorImpl.invoke (DelegatingMethodAccessorImpl.java:43)
    at java.lang.reflect.Method.invoke (Method.java:498)
    at org.codehaus.plexus.classworlds.launcher.Launcher.launchEnhanced (Launcher.java:282)
    at org.codehaus.plexus.classworlds.launcher.Launcher.launch (Launcher.java:225)
    at org.codehaus.plexus.classworlds.launcher.Launcher.mainWithExitCode (Launcher.java:406)
    at org.codehaus.plexus.classworlds.launcher.Launcher.main (Launcher.java:347)
[ERROR] 
[ERROR] Re-run Maven using the -X switch to enable full debug logging.
[ERROR] 
[ERROR] For more information about the errors and possible solutions, please read the following articles:
[ERROR] [Help 1] http://cwiki.apache.org/confluence/display/MAVEN/MojoExecutionException
[INFO] Build failures were ignored.
