[INFO] Error stacktraces are turned on.
[INFO] Scanning for projects...
[INFO] 
[INFO] --------------------< org.craftercms:crafter-core >---------------------
[INFO] Building Crafter Core 3.1.7
[INFO] --------------------------------[ jar ]---------------------------------
[INFO] 
[INFO] --- buildnumber-maven-plugin:1.2:create (default) @ crafter-core ---
[INFO] Checking for local modifications: skipped.
[INFO] Updating project files from SCM: skipped.
[INFO] Executing: /bin/sh -c cd /tmp/tmppgp8i0bn/core && git rev-parse --verify HEAD
[INFO] Working directory: /tmp/tmppgp8i0bn/core
[INFO] Storing buildNumber: a4b1a32bb5080bf84be0d54ee770e43565c3f23c at timestamp: 1596142985972
[INFO] Executing: /bin/sh -c cd /tmp/tmppgp8i0bn/core && git rev-parse --verify HEAD
[INFO] Working directory: /tmp/tmppgp8i0bn/core
[INFO] Storing buildScmBranch: UNKNOWN
[INFO] 
[INFO] --- buildnumber-maven-plugin:1.2:create-timestamp (default) @ crafter-core ---
[INFO] 
[INFO] --- jacoco-maven-plugin:0.8.5:prepare-agent (default) @ crafter-core ---
[INFO] argLine set to -javaagent:/home/jdbl/.m2/repository/org/jacoco/org.jacoco.agent/0.8.5/org.jacoco.agent-0.8.5-runtime.jar=destfile=/tmp/tmppgp8i0bn/core/target/jacoco.exec
[INFO] 
[INFO] --- maven-resources-plugin:2.6:resources (default-resources) @ crafter-core ---
[INFO] Using 'UTF-8' encoding to copy filtered resources.
[INFO] Copying 8 resources
[INFO] 
[INFO] --- maven-compiler-plugin:3.1:compile (default-compile) @ crafter-core ---
[INFO] Changes detected - recompiling the module!
[INFO] Compiling 160 source files to /tmp/tmppgp8i0bn/core/target/classes
[INFO] 
[INFO] --- maven-resources-plugin:2.6:testResources (default-testResources) @ crafter-core ---
[INFO] Using 'UTF-8' encoding to copy filtered resources.
[INFO] Copying 17 resources
[INFO] 
[INFO] --- maven-compiler-plugin:3.1:testCompile (default-testCompile) @ crafter-core ---
[INFO] Changes detected - recompiling the module!
[INFO] Compiling 42 source files to /tmp/tmppgp8i0bn/core/target/test-classes
[WARNING] /tmp/tmppgp8i0bn/core/src/test/java/org/craftercms/core/service/impl/ContentStoreServiceImplTest.java: Some input files use unchecked or unsafe operations.
[WARNING] /tmp/tmppgp8i0bn/core/src/test/java/org/craftercms/core/service/impl/ContentStoreServiceImplTest.java: Recompile with -Xlint:unchecked for details.
[INFO] 
[INFO] --- maven-surefire-plugin:2.19.1:test (default-test) @ crafter-core ---
[INFO] Surefire report directory: /tmp/tmppgp8i0bn/core/target/surefire-reports

-------------------------------------------------------
 T E S T S
-------------------------------------------------------
Running org.craftercms.core.service.impl.ContentStoreServiceImplTest
[main] INFO org.springframework.test.context.support.DefaultTestContextBootstrapper - Loaded default TestExecutionListener class names from location [META-INF/spring.factories]: [org.springframework.test.context.web.ServletTestExecutionListener, org.springframework.test.context.support.DirtiesContextBeforeModesTestExecutionListener, org.springframework.test.context.support.DependencyInjectionTestExecutionListener, org.springframework.test.context.support.DirtiesContextTestExecutionListener, org.springframework.test.context.transaction.TransactionalTestExecutionListener, org.springframework.test.context.jdbc.SqlScriptsTestExecutionListener]
[main] INFO org.springframework.test.context.support.DefaultTestContextBootstrapper - Using TestExecutionListeners: [org.springframework.test.context.web.ServletTestExecutionListener@1b005a0b, org.springframework.test.context.support.DirtiesContextBeforeModesTestExecutionListener@141e879d, org.springframework.test.context.support.DependencyInjectionTestExecutionListener@109d724c, org.springframework.test.context.support.DirtiesContextTestExecutionListener@1704f67f, org.springframework.test.context.transaction.TransactionalTestExecutionListener@e4d2696, org.springframework.test.context.jdbc.SqlScriptsTestExecutionListener@6e0f7aad]
[main] INFO org.springframework.beans.factory.xml.XmlBeanDefinitionReader - Loading XML bean definitions from class path resource [contexts/ContentStoreServiceImplTest.xml]
[main] INFO org.springframework.context.support.GenericApplicationContext - Refreshing org.springframework.context.support.GenericApplicationContext@3910fe11: startup date [Thu Jul 30 21:03:15 UTC 2020]; root of context hierarchy
[main] WARN net.sf.ehcache.config.ConfigurationFactory - No configuration found. Configuring ehcache from ehcache-failsafe.xml  found in the classpath: jar:file:/home/jdbl/.m2/repository/net/sf/ehcache/ehcache/2.8.1/ehcache-2.8.1.jar!/ehcache-failsafe.xml
[main] WARN net.sf.ehcache.config.CacheConfiguration - Cache: 24318bc4a03f7c56b6176e184e88b1ef-v1941922049556213 has a maxElementsInMemory of 0. This might lead to performance degradation or OutOfMemoryError at Terracotta client.From Ehcache 2.0 onwards this has been changed to mean a store with no capacity limit. Set it to 1 if you want no elements cached in memory
[main] WARN net.sf.ehcache.config.CacheConfiguration - Cache: 24318bc4a03f7c56b6176e184e88b1ef-v1941922679700403 has a maxElementsInMemory of 0. This might lead to performance degradation or OutOfMemoryError at Terracotta client.From Ehcache 2.0 onwards this has been changed to mean a store with no capacity limit. Set it to 1 if you want no elements cached in memory
[main] WARN net.sf.ehcache.config.CacheConfiguration - Cache: 24318bc4a03f7c56b6176e184e88b1ef-v1941922961344787 has a maxElementsInMemory of 0. This might lead to performance degradation or OutOfMemoryError at Terracotta client.From Ehcache 2.0 onwards this has been changed to mean a store with no capacity limit. Set it to 1 if you want no elements cached in memory
[main] WARN net.sf.ehcache.config.CacheConfiguration - Cache: 24318bc4a03f7c56b6176e184e88b1ef-v1941923381794901 has a maxElementsInMemory of 0. This might lead to performance degradation or OutOfMemoryError at Terracotta client.From Ehcache 2.0 onwards this has been changed to mean a store with no capacity limit. Set it to 1 if you want no elements cached in memory
[main] WARN net.sf.ehcache.config.CacheConfiguration - Cache: 24318bc4a03f7c56b6176e184e88b1ef-v1941923603758533 has a maxElementsInMemory of 0. This might lead to performance degradation or OutOfMemoryError at Terracotta client.From Ehcache 2.0 onwards this has been changed to mean a store with no capacity limit. Set it to 1 if you want no elements cached in memory
Tests run: 5, Failures: 0, Errors: 0, Skipped: 0, Time elapsed: 4.801 sec - in org.craftercms.core.service.impl.ContentStoreServiceImplTest
Running org.craftercms.core.processors.impl.IncludeDescriptorsProcessorTest
Tests run: 1, Failures: 0, Errors: 0, Skipped: 0, Time elapsed: 0.231 sec - in org.craftercms.core.processors.impl.IncludeDescriptorsProcessorTest
Running org.craftercms.core.processors.impl.TemplateProcessorTest
Tests run: 1, Failures: 0, Errors: 0, Skipped: 0, Time elapsed: 0.347 sec - in org.craftercms.core.processors.impl.TemplateProcessorTest
Running org.craftercms.core.processors.impl.resolvers.SingleProcessorResolverTest
Tests run: 1, Failures: 0, Errors: 0, Skipped: 0, Time elapsed: 0.004 sec - in org.craftercms.core.processors.impl.resolvers.SingleProcessorResolverTest
Running org.craftercms.core.processors.impl.resolvers.ItemProcessorResolverChainTest
Tests run: 1, Failures: 0, Errors: 0, Skipped: 0, Time elapsed: 0.004 sec - in org.craftercms.core.processors.impl.resolvers.ItemProcessorResolverChainTest
Running org.craftercms.core.processors.impl.resolvers.UrlPatternProcessorResolverTest
Tests run: 1, Failures: 0, Errors: 0, Skipped: 0, Time elapsed: 0.003 sec - in org.craftercms.core.processors.impl.resolvers.UrlPatternProcessorResolverTest
Running org.craftercms.core.processors.impl.resolvers.MetaDataProcessorResolverTest
Tests run: 1, Failures: 0, Errors: 0, Skipped: 0, Time elapsed: 0.076 sec - in org.craftercms.core.processors.impl.resolvers.MetaDataProcessorResolverTest
Running org.craftercms.core.processors.impl.TextMetaDataExtractingProcessorTest
Tests run: 1, Failures: 0, Errors: 0, Skipped: 0, Time elapsed: 0 sec - in org.craftercms.core.processors.impl.TextMetaDataExtractingProcessorTest
Running org.craftercms.core.processors.impl.FieldRenamingProcessorTest
Tests run: 1, Failures: 0, Errors: 0, Skipped: 0, Time elapsed: 0.041 sec - in org.craftercms.core.processors.impl.FieldRenamingProcessorTest
Running org.craftercms.core.processors.impl.TextMetaDataCollectionExtractingProcessorTest
Tests run: 1, Failures: 0, Errors: 0, Skipped: 0, Time elapsed: 0.005 sec - in org.craftercms.core.processors.impl.TextMetaDataCollectionExtractingProcessorTest
Running org.craftercms.core.processors.impl.AttributeAddingProcessorTest
Tests run: 1, Failures: 0, Errors: 0, Skipped: 0, Time elapsed: 0.005 sec - in org.craftercms.core.processors.impl.AttributeAddingProcessorTest
Running org.craftercms.core.controller.rest.ContentStoreRestControllerTest
Tests run: 9, Failures: 0, Errors: 0, Skipped: 0, Time elapsed: 3.095 sec - in org.craftercms.core.controller.rest.ContentStoreRestControllerTest
Running org.craftercms.core.controller.rest.ExceptionHandlersTest
[main] ERROR org.craftercms.core.controller.rest.ExceptionHandlers - Request for  failed
java.lang.Exception: This is a test
	at org.craftercms.core.controller.rest.ExceptionHandlersTest.testHandleException(ExceptionHandlersTest.java:91)
	at sun.reflect.NativeMethodAccessorImpl.invoke0(Native Method)
	at sun.reflect.NativeMethodAccessorImpl.invoke(NativeMethodAccessorImpl.java:62)
	at sun.reflect.DelegatingMethodAccessorImpl.invoke(DelegatingMethodAccessorImpl.java:43)
	at java.lang.reflect.Method.invoke(Method.java:498)
	at org.junit.runners.model.FrameworkMethod$1.runReflectiveCall(FrameworkMethod.java:50)
	at org.junit.internal.runners.model.ReflectiveCallable.run(ReflectiveCallable.java:12)
	at org.junit.runners.model.FrameworkMethod.invokeExplosively(FrameworkMethod.java:47)
	at org.junit.internal.runners.statements.InvokeMethod.evaluate(InvokeMethod.java:17)
	at org.junit.internal.runners.statements.RunBefores.evaluate(RunBefores.java:26)
	at org.junit.runners.ParentRunner.runLeaf(ParentRunner.java:325)
	at org.junit.runners.BlockJUnit4ClassRunner.runChild(BlockJUnit4ClassRunner.java:78)
	at org.junit.runners.BlockJUnit4ClassRunner.runChild(BlockJUnit4ClassRunner.java:57)
	at org.junit.runners.ParentRunner$3.run(ParentRunner.java:290)
	at org.junit.runners.ParentRunner$1.schedule(ParentRunner.java:71)
	at org.junit.runners.ParentRunner.runChildren(ParentRunner.java:288)
	at org.junit.runners.ParentRunner.access$000(ParentRunner.java:58)
	at org.junit.runners.ParentRunner$2.evaluate(ParentRunner.java:268)
	at org.junit.runners.ParentRunner.run(ParentRunner.java:363)
	at org.apache.maven.surefire.junit4.JUnit4Provider.execute(JUnit4Provider.java:367)
	at org.apache.maven.surefire.junit4.JUnit4Provider.executeWithRerun(JUnit4Provider.java:274)
	at org.apache.maven.surefire.junit4.JUnit4Provider.executeTestSet(JUnit4Provider.java:238)
	at org.apache.maven.surefire.junit4.JUnit4Provider.invoke(JUnit4Provider.java:161)
	at org.apache.maven.surefire.booter.ForkedBooter.invokeProviderInSameClassLoader(ForkedBooter.java:290)
	at org.apache.maven.surefire.booter.ForkedBooter.runSuitesInProcess(ForkedBooter.java:242)
	at org.apache.maven.surefire.booter.ForkedBooter.main(ForkedBooter.java:121)
[main] ERROR org.craftercms.core.controller.rest.ExceptionHandlers - Request for  failed
org.craftercms.core.exception.AuthenticationException: This is a test
	at org.craftercms.core.controller.rest.ExceptionHandlersTest.testHandleAuthenticationException(ExceptionHandlersTest.java:75)
	at sun.reflect.NativeMethodAccessorImpl.invoke0(Native Method)
	at sun.reflect.NativeMethodAccessorImpl.invoke(NativeMethodAccessorImpl.java:62)
	at sun.reflect.DelegatingMethodAccessorImpl.invoke(DelegatingMethodAccessorImpl.java:43)
	at java.lang.reflect.Method.invoke(Method.java:498)
	at org.junit.runners.model.FrameworkMethod$1.runReflectiveCall(FrameworkMethod.java:50)
	at org.junit.internal.runners.model.ReflectiveCallable.run(ReflectiveCallable.java:12)
	at org.junit.runners.model.FrameworkMethod.invokeExplosively(FrameworkMethod.java:47)
	at org.junit.internal.runners.statements.InvokeMethod.evaluate(InvokeMethod.java:17)
	at org.junit.internal.runners.statements.RunBefores.evaluate(RunBefores.java:26)
	at org.junit.runners.ParentRunner.runLeaf(ParentRunner.java:325)
	at org.junit.runners.BlockJUnit4ClassRunner.runChild(BlockJUnit4ClassRunner.java:78)
	at org.junit.runners.BlockJUnit4ClassRunner.runChild(BlockJUnit4ClassRunner.java:57)
	at org.junit.runners.ParentRunner$3.run(ParentRunner.java:290)
	at org.junit.runners.ParentRunner$1.schedule(ParentRunner.java:71)
	at org.junit.runners.ParentRunner.runChildren(ParentRunner.java:288)
	at org.junit.runners.ParentRunner.access$000(ParentRunner.java:58)
	at org.junit.runners.ParentRunner$2.evaluate(ParentRunner.java:268)
	at org.junit.runners.ParentRunner.run(ParentRunner.java:363)
	at org.apache.maven.surefire.junit4.JUnit4Provider.execute(JUnit4Provider.java:367)
	at org.apache.maven.surefire.junit4.JUnit4Provider.executeWithRerun(JUnit4Provider.java:274)
	at org.apache.maven.surefire.junit4.JUnit4Provider.executeTestSet(JUnit4Provider.java:238)
	at org.apache.maven.surefire.junit4.JUnit4Provider.invoke(JUnit4Provider.java:161)
	at org.apache.maven.surefire.booter.ForkedBooter.invokeProviderInSameClassLoader(ForkedBooter.java:290)
	at org.apache.maven.surefire.booter.ForkedBooter.runSuitesInProcess(ForkedBooter.java:242)
	at org.apache.maven.surefire.booter.ForkedBooter.main(ForkedBooter.java:121)
[main] ERROR org.craftercms.core.controller.rest.ExceptionHandlers - Request for  failed
org.craftercms.core.exception.PathNotFoundException: This is a test
	at org.craftercms.core.controller.rest.ExceptionHandlersTest.testHandlePathNotFoundException(ExceptionHandlersTest.java:83)
	at sun.reflect.NativeMethodAccessorImpl.invoke0(Native Method)
	at sun.reflect.NativeMethodAccessorImpl.invoke(NativeMethodAccessorImpl.java:62)
	at sun.reflect.DelegatingMethodAccessorImpl.invoke(DelegatingMethodAccessorImpl.java:43)
	at java.lang.reflect.Method.invoke(Method.java:498)
	at org.junit.runners.model.FrameworkMethod$1.runReflectiveCall(FrameworkMethod.java:50)
	at org.junit.internal.runners.model.ReflectiveCallable.run(ReflectiveCallable.java:12)
	at org.junit.runners.model.FrameworkMethod.invokeExplosively(FrameworkMethod.java:47)
	at org.junit.internal.runners.statements.InvokeMethod.evaluate(InvokeMethod.java:17)
	at org.junit.internal.runners.statements.RunBefores.evaluate(RunBefores.java:26)
	at org.junit.runners.ParentRunner.runLeaf(ParentRunner.java:325)
	at org.junit.runners.BlockJUnit4ClassRunner.runChild(BlockJUnit4ClassRunner.java:78)
	at org.junit.runners.BlockJUnit4ClassRunner.runChild(BlockJUnit4ClassRunner.java:57)
	at org.junit.runners.ParentRunner$3.run(ParentRunner.java:290)
	at org.junit.runners.ParentRunner$1.schedule(ParentRunner.java:71)
	at org.junit.runners.ParentRunner.runChildren(ParentRunner.java:288)
	at org.junit.runners.ParentRunner.access$000(ParentRunner.java:58)
	at org.junit.runners.ParentRunner$2.evaluate(ParentRunner.java:268)
	at org.junit.runners.ParentRunner.run(ParentRunner.java:363)
	at org.apache.maven.surefire.junit4.JUnit4Provider.execute(JUnit4Provider.java:367)
	at org.apache.maven.surefire.junit4.JUnit4Provider.executeWithRerun(JUnit4Provider.java:274)
	at org.apache.maven.surefire.junit4.JUnit4Provider.executeTestSet(JUnit4Provider.java:238)
	at org.apache.maven.surefire.junit4.JUnit4Provider.invoke(JUnit4Provider.java:161)
	at org.apache.maven.surefire.booter.ForkedBooter.invokeProviderInSameClassLoader(ForkedBooter.java:290)
	at org.apache.maven.surefire.booter.ForkedBooter.runSuitesInProcess(ForkedBooter.java:242)
	at org.apache.maven.surefire.booter.ForkedBooter.main(ForkedBooter.java:121)
Tests run: 3, Failures: 0, Errors: 0, Skipped: 0, Time elapsed: 0.037 sec - in org.craftercms.core.controller.rest.ExceptionHandlersTest
Running org.craftercms.core.cache.impl.CacheImplTest
[main] WARN net.sf.ehcache.config.ConfigurationFactory - No configuration found. Configuring ehcache from ehcache-failsafe.xml  found in the classpath: jar:file:/home/jdbl/.m2/repository/net/sf/ehcache/ehcache/2.8.1/ehcache-2.8.1.jar!/ehcache-failsafe.xml
Tests run: 1, Failures: 0, Errors: 0, Skipped: 0, Time elapsed: 0.026 sec - in org.craftercms.core.cache.impl.CacheImplTest
Running org.craftercms.core.util.XmlUtilsTest
Tests run: 2, Failures: 0, Errors: 0, Skipped: 0, Time elapsed: 0.023 sec - in org.craftercms.core.util.XmlUtilsTest
Running org.craftercms.core.util.json.Dom4JDocumentJsonSerializerTest
Tests run: 1, Failures: 0, Errors: 0, Skipped: 0, Time elapsed: 0.031 sec - in org.craftercms.core.util.json.Dom4JDocumentJsonSerializerTest
Running org.craftercms.core.util.template.impl.spel.SpELStringTemplateCompilerTest
[main] INFO org.springframework.test.context.support.DefaultTestContextBootstrapper - Loaded default TestExecutionListener class names from location [META-INF/spring.factories]: [org.springframework.test.context.web.ServletTestExecutionListener, org.springframework.test.context.support.DirtiesContextBeforeModesTestExecutionListener, org.springframework.test.context.support.DependencyInjectionTestExecutionListener, org.springframework.test.context.support.DirtiesContextTestExecutionListener, org.springframework.test.context.transaction.TransactionalTestExecutionListener, org.springframework.test.context.jdbc.SqlScriptsTestExecutionListener]
[main] INFO org.springframework.test.context.support.DefaultTestContextBootstrapper - Using TestExecutionListeners: [org.springframework.test.context.web.ServletTestExecutionListener@63e1dd68, org.springframework.test.context.support.DirtiesContextBeforeModesTestExecutionListener@38cde4f2, org.springframework.test.context.support.DependencyInjectionTestExecutionListener@374ea446, org.springframework.test.context.support.DirtiesContextTestExecutionListener@5511b371, org.springframework.test.context.transaction.TransactionalTestExecutionListener@38763e26, org.springframework.test.context.jdbc.SqlScriptsTestExecutionListener@6fcbb7ae]
[main] INFO org.springframework.beans.factory.xml.XmlBeanDefinitionReader - Loading XML bean definitions from class path resource [contexts/SpElStringTemplateCompilerTest.xml]
[main] INFO org.springframework.context.support.GenericApplicationContext - Refreshing org.springframework.context.support.GenericApplicationContext@2de55285: startup date [Thu Jul 30 21:03:23 UTC 2020]; root of context hierarchy
Tests run: 1, Failures: 0, Errors: 0, Skipped: 0, Time elapsed: 0.095 sec - in org.craftercms.core.util.template.impl.spel.SpELStringTemplateCompilerTest
Running org.craftercms.core.util.template.impl.freemarker.FreemarkerStringTemplateCompilerTest
Tests run: 1, Failures: 0, Errors: 0, Skipped: 0, Time elapsed: 0.013 sec - in org.craftercms.core.util.template.impl.freemarker.FreemarkerStringTemplateCompilerTest
Running org.craftercms.core.util.cache.impl.DefaultCacheTemplateTest
Tests run: 1, Failures: 0, Errors: 0, Skipped: 0, Time elapsed: 0.124 sec - in org.craftercms.core.util.cache.impl.DefaultCacheTemplateTest
Running org.craftercms.core.url.impl.AddSchemeAndDomainAndServerPortUrlTransformerTest
Tests run: 2, Failures: 0, Errors: 0, Skipped: 0, Time elapsed: 0.002 sec - in org.craftercms.core.url.impl.AddSchemeAndDomainAndServerPortUrlTransformerTest
Running org.craftercms.core.url.impl.ShortToLongUrlTransformerTest
Tests run: 1, Failures: 0, Errors: 0, Skipped: 0, Time elapsed: 0.003 sec - in org.craftercms.core.url.impl.ShortToLongUrlTransformerTest
Running org.craftercms.core.url.impl.LongToShortUrlTransformerTest
Tests run: 1, Failures: 0, Errors: 0, Skipped: 0, Time elapsed: 0.001 sec - in org.craftercms.core.url.impl.LongToShortUrlTransformerTest
Running org.craftercms.core.url.impl.AddDebugParamUrlTransformerTest
Tests run: 1, Failures: 0, Errors: 0, Skipped: 0, Time elapsed: 0.005 sec - in org.craftercms.core.url.impl.AddDebugParamUrlTransformerTest
Running org.craftercms.core.url.impl.UrlTransformationEngineImplTest
[main] INFO org.springframework.test.context.support.DefaultTestContextBootstrapper - Loaded default TestExecutionListener class names from location [META-INF/spring.factories]: [org.springframework.test.context.web.ServletTestExecutionListener, org.springframework.test.context.support.DirtiesContextBeforeModesTestExecutionListener, org.springframework.test.context.support.DependencyInjectionTestExecutionListener, org.springframework.test.context.support.DirtiesContextTestExecutionListener, org.springframework.test.context.transaction.TransactionalTestExecutionListener, org.springframework.test.context.jdbc.SqlScriptsTestExecutionListener]
[main] INFO org.springframework.test.context.support.DefaultTestContextBootstrapper - Using TestExecutionListeners: [org.springframework.test.context.web.ServletTestExecutionListener@efb30da, org.springframework.test.context.support.DirtiesContextBeforeModesTestExecutionListener@728dfa37, org.springframework.test.context.support.DependencyInjectionTestExecutionListener@36300443, org.springframework.test.context.support.DirtiesContextTestExecutionListener@30417948, org.springframework.test.context.transaction.TransactionalTestExecutionListener@67ebf27a, org.springframework.test.context.jdbc.SqlScriptsTestExecutionListener@7a2ae0f2]
[main] INFO org.springframework.beans.factory.xml.XmlBeanDefinitionReader - Loading XML bean definitions from class path resource [contexts/UrlTransformationEngineImplTest.xml]
[main] INFO org.springframework.context.support.GenericApplicationContext - Refreshing org.springframework.context.support.GenericApplicationContext@4c0ef1e8: startup date [Thu Jul 30 21:03:23 UTC 2020]; root of context hierarchy
[main] WARN net.sf.ehcache.config.ConfigurationFactory - No configuration found. Configuring ehcache from ehcache-failsafe.xml  found in the classpath: jar:file:/home/jdbl/.m2/repository/net/sf/ehcache/ehcache/2.8.1/ehcache-2.8.1.jar!/ehcache-failsafe.xml
[main] WARN net.sf.ehcache.config.CacheConfiguration - Cache: 0 has a maxElementsInMemory of 0. This might lead to performance degradation or OutOfMemoryError at Terracotta client.From Ehcache 2.0 onwards this has been changed to mean a store with no capacity limit. Set it to 1 if you want no elements cached in memory
Tests run: 1, Failures: 0, Errors: 0, Skipped: 0, Time elapsed: 0.155 sec - in org.craftercms.core.url.impl.UrlTransformationEngineImplTest
Running org.craftercms.core.url.impl.ReplacePatternAllUrlTransformerTest
Tests run: 1, Failures: 0, Errors: 0, Skipped: 0, Time elapsed: 0.001 sec - in org.craftercms.core.url.impl.ReplacePatternAllUrlTransformerTest
Running org.craftercms.core.url.impl.ContentBundleShortToLongUrlTransformerTest
Tests run: 1, Failures: 0, Errors: 0, Skipped: 0, Time elapsed: 0.003 sec - in org.craftercms.core.url.impl.ContentBundleShortToLongUrlTransformerTest
Running org.craftercms.core.url.impl.ReplacePatternFirstUrlTransformerTest
Tests run: 1, Failures: 0, Errors: 0, Skipped: 0, Time elapsed: 0 sec - in org.craftercms.core.url.impl.ReplacePatternFirstUrlTransformerTest
Running org.craftercms.core.url.impl.ExtractRequestAttributesUrlTransformerTest
Tests run: 1, Failures: 0, Errors: 0, Skipped: 0, Time elapsed: 0.017 sec - in org.craftercms.core.url.impl.ExtractRequestAttributesUrlTransformerTest
Running org.craftercms.core.xml.mergers.impl.resolvers.SingleMergeStrategyResolverTest
Tests run: 1, Failures: 0, Errors: 0, Skipped: 0, Time elapsed: 0.006 sec - in org.craftercms.core.xml.mergers.impl.resolvers.SingleMergeStrategyResolverTest
Running org.craftercms.core.xml.mergers.impl.resolvers.DescriptorMergeStrategyResolverChainTest
Tests run: 1, Failures: 0, Errors: 0, Skipped: 0, Time elapsed: 0.004 sec - in org.craftercms.core.xml.mergers.impl.resolvers.DescriptorMergeStrategyResolverChainTest
Running org.craftercms.core.xml.mergers.impl.resolvers.MetaDataMergeStrategyResolverTest
Tests run: 1, Failures: 0, Errors: 0, Skipped: 0, Time elapsed: 0.003 sec - in org.craftercms.core.xml.mergers.impl.resolvers.MetaDataMergeStrategyResolverTest
Running org.craftercms.core.xml.mergers.impl.resolvers.UrlPatternMergeStrategyResolverTest
Tests run: 1, Failures: 0, Errors: 0, Skipped: 0, Time elapsed: 0.002 sec - in org.craftercms.core.xml.mergers.impl.resolvers.UrlPatternMergeStrategyResolverTest
Running org.craftercms.core.xml.mergers.impl.cues.impl.MergeCueResolverImplTest
Tests run: 1, Failures: 0, Errors: 0, Skipped: 0, Time elapsed: 0.009 sec - in org.craftercms.core.xml.mergers.impl.cues.impl.MergeCueResolverImplTest
Running org.craftercms.core.xml.mergers.impl.cues.impl.MergeParentAndChildMergeCueTest
Tests run: 1, Failures: 0, Errors: 0, Skipped: 0, Time elapsed: 0.004 sec - in org.craftercms.core.xml.mergers.impl.cues.impl.MergeParentAndChildMergeCueTest
Running org.craftercms.core.xml.mergers.impl.DescriptorMergerImplTest
Tests run: 1, Failures: 0, Errors: 0, Skipped: 0, Time elapsed: 0.023 sec - in org.craftercms.core.xml.mergers.impl.DescriptorMergerImplTest
Running org.craftercms.core.xml.mergers.impl.strategies.SingleFileMergeStrategyTest
Tests run: 1, Failures: 0, Errors: 0, Skipped: 0, Time elapsed: 0 sec - in org.craftercms.core.xml.mergers.impl.strategies.SingleFileMergeStrategyTest
Running org.craftercms.core.xml.mergers.impl.strategies.ExplicitParentMergeStrategyTest
Tests run: 1, Failures: 0, Errors: 0, Skipped: 0, Time elapsed: 0 sec - in org.craftercms.core.xml.mergers.impl.strategies.ExplicitParentMergeStrategyTest
Running org.craftercms.core.xml.mergers.impl.strategies.InheritLevelsMergeStrategyTest
Tests run: 2, Failures: 0, Errors: 0, Skipped: 0, Time elapsed: 0.001 sec - in org.craftercms.core.xml.mergers.impl.strategies.InheritLevelsMergeStrategyTest
Running org.craftercms.core.xml.mergers.impl.strategies.InheritVersionsMergeStrategyTest
Tests run: 1, Failures: 0, Errors: 0, Skipped: 0, Time elapsed: 0.001 sec - in org.craftercms.core.xml.mergers.impl.strategies.InheritVersionsMergeStrategyTest
Running org.craftercms.core.xml.mergers.impl.strategies.ContentBundleMergeStrategyTest
Tests run: 1, Failures: 0, Errors: 0, Skipped: 0, Time elapsed: 0.024 sec - in org.craftercms.core.xml.mergers.impl.strategies.ContentBundleMergeStrategyTest
Running org.craftercms.core.store.impl.filesystem.FileSystemContentStoreAdapterTest
Tests run: 4, Failures: 0, Errors: 0, Skipped: 0, Time elapsed: 0.006 sec - in org.craftercms.core.store.impl.filesystem.FileSystemContentStoreAdapterTest
[Thread-3] INFO org.springframework.context.support.GenericApplicationContext - Closing org.springframework.context.support.GenericApplicationContext@3910fe11: startup date [Thu Jul 30 21:03:15 UTC 2020]; root of context hierarchy
[Thread-5] INFO org.springframework.context.support.GenericApplicationContext - Closing org.springframework.context.support.GenericApplicationContext@2de55285: startup date [Thu Jul 30 21:03:23 UTC 2020]; root of context hierarchy
[Thread-8] INFO org.springframework.context.support.GenericApplicationContext - Closing org.springframework.context.support.GenericApplicationContext@4c0ef1e8: startup date [Thu Jul 30 21:03:23 UTC 2020]; root of context hierarchy

Results :

Tests run: 61, Failures: 0, Errors: 0, Skipped: 0

[INFO] 
[INFO] --- jacoco-maven-plugin:0.8.5:report (report) @ crafter-core ---
[INFO] Loading execution data file /tmp/tmppgp8i0bn/core/target/jacoco.exec
[INFO] Analyzed bundle 'Crafter Core' with 215 classes
[INFO] ------------------------------------------------------------------------
[INFO] BUILD SUCCESS
[INFO] ------------------------------------------------------------------------
[INFO] Total time:  38.421 s
[INFO] Finished at: 2020-07-30T21:03:26Z
[INFO] ------------------------------------------------------------------------
