[INFO] Error stacktraces are turned on.
[INFO] Scanning for projects...
[WARNING] The POM for org.jenkins-ci.tools:maven-hpi-plugin:jar:2.1 is missing, no dependency information available
[WARNING] Failed to build parent project for org.jenkins-ci.plugins:gerrit-code-review:hpi:0.4.5-SNAPSHOT
[INFO] 
[INFO] -------------< org.jenkins-ci.plugins:gerrit-code-review >--------------
[INFO] Building Gerrit Code Review plugin 0.4.5-SNAPSHOT
[INFO] --------------------------------[ hpi ]---------------------------------
[INFO] 
[INFO] --- maven-hpi-plugin:2.1:validate (default-validate) @ gerrit-code-review ---
[INFO] 
[INFO] --- maven-enforcer-plugin:3.0.0-M1:display-info (display-info) @ gerrit-code-review ---
[INFO] Maven Version: 3.6.3
[INFO] JDK Version: 1.8.0_262 normalized as: 1.8.0-262
[INFO] OS Info: Arch: amd64 Family: unix Name: linux Version: 4.15.0-109-generic
[INFO] 
[INFO] --- maven-enforcer-plugin:3.0.0-M1:enforce (display-info) @ gerrit-code-review ---
[INFO] Ignoring requireUpperBoundDeps in org.jenkins-ci.ui:jquery-detached
[INFO] Ignoring requireUpperBoundDeps in org.kohsuke:access-modifier-annotation
[INFO] 
[INFO] --- jacoco-maven-plugin:0.8.5:prepare-agent (default) @ gerrit-code-review ---
[INFO] argLine set to -javaagent:/home/jdbl/.m2/repository/org/jacoco/org.jacoco.agent/0.8.5/org.jacoco.agent-0.8.5-runtime.jar=destfile=/tmp/tmpk5fs1rb9/gerrit-code-review-plugin/target/jacoco.exec -Xmx768M -Djava.awt.headless=true
[INFO] 
[INFO] --- maven-localizer-plugin:1.24:generate (default) @ gerrit-code-review ---
[INFO] 
[INFO] >>> maven-javadoc-plugin:2.10.4:javadoc (default) > generate-sources @ gerrit-code-review >>>
[INFO] 
[INFO] --- maven-hpi-plugin:2.1:validate (default-validate) @ gerrit-code-review ---
[INFO] 
[INFO] --- maven-enforcer-plugin:3.0.0-M1:display-info (display-info) @ gerrit-code-review ---
[INFO] Maven Version: 3.6.3
[INFO] JDK Version: 1.8.0_262 normalized as: 1.8.0-262
[INFO] OS Info: Arch: amd64 Family: unix Name: linux Version: 4.15.0-109-generic
[INFO] 
[INFO] --- maven-enforcer-plugin:3.0.0-M1:enforce (display-info) @ gerrit-code-review ---
[INFO] Ignoring requireUpperBoundDeps in org.jenkins-ci.ui:jquery-detached
[INFO] Ignoring requireUpperBoundDeps in org.kohsuke:access-modifier-annotation
[INFO] 
[INFO] --- jacoco-maven-plugin:0.8.5:prepare-agent (default) @ gerrit-code-review ---
[INFO] argLine set to -javaagent:/home/jdbl/.m2/repository/org/jacoco/org.jacoco.agent/0.8.5/org.jacoco.agent-0.8.5-runtime.jar=destfile=/tmp/tmpk5fs1rb9/gerrit-code-review-plugin/target/jacoco.exec -Xmx768M -Djava.awt.headless=true
[INFO] 
[INFO] --- maven-localizer-plugin:1.24:generate (default) @ gerrit-code-review ---
[INFO] 
[INFO] <<< maven-javadoc-plugin:2.10.4:javadoc (default) < generate-sources @ gerrit-code-review <<<
[INFO] 
[INFO] 
[INFO] --- maven-javadoc-plugin:2.10.4:javadoc (default) @ gerrit-code-review ---
[INFO] Skipping javadoc generation
[INFO] 
[INFO] --- maven-resources-plugin:3.0.2:resources (default-resources) @ gerrit-code-review ---
[INFO] Using 'UTF-8' encoding to copy filtered resources.
[INFO] Copying 12 resources
[INFO] 
[INFO] --- maven-compiler-plugin:3.6.1:compile (default-compile) @ gerrit-code-review ---
[INFO] Changes detected - recompiling the module!
[INFO] Compiling 47 source files to /tmp/tmpk5fs1rb9/gerrit-code-review-plugin/target/classes
[WARNING] /tmp/tmpk5fs1rb9/gerrit-code-review-plugin/src/main/java/jenkins/plugins/gerrit/AbstractGerritSCMSource.java:[28,39] edu.umd.cs.findbugs.annotations.NonNull in edu.umd.cs.findbugs.annotations has been deprecated
[WARNING] /tmp/tmpk5fs1rb9/gerrit-code-review-plugin/src/main/java/jenkins/plugins/gerrit/GerritSCMSourceContext.java:[17,39] edu.umd.cs.findbugs.annotations.CheckForNull in edu.umd.cs.findbugs.annotations has been deprecated
[WARNING] /tmp/tmpk5fs1rb9/gerrit-code-review-plugin/src/main/java/jenkins/plugins/gerrit/GerritSCMSourceContext.java:[18,39] edu.umd.cs.findbugs.annotations.NonNull in edu.umd.cs.findbugs.annotations has been deprecated
[WARNING] /tmp/tmpk5fs1rb9/gerrit-code-review-plugin/src/main/java/jenkins/plugins/gerrit/AbstractGerritSCMSource.java:[28,39] edu.umd.cs.findbugs.annotations.NonNull in edu.umd.cs.findbugs.annotations has been deprecated
[WARNING] /tmp/tmpk5fs1rb9/gerrit-code-review-plugin/src/main/java/jenkins/plugins/gerrit/GerritSCMSourceContext.java:[17,39] edu.umd.cs.findbugs.annotations.CheckForNull in edu.umd.cs.findbugs.annotations has been deprecated
[WARNING] /tmp/tmpk5fs1rb9/gerrit-code-review-plugin/src/main/java/jenkins/plugins/gerrit/GerritSCMSourceContext.java:[18,39] edu.umd.cs.findbugs.annotations.NonNull in edu.umd.cs.findbugs.annotations has been deprecated
[WARNING] /tmp/tmpk5fs1rb9/gerrit-code-review-plugin/src/main/java/jenkins/plugins/gerrit/AbstractGerritSCMSource.java:[28,39] edu.umd.cs.findbugs.annotations.NonNull in edu.umd.cs.findbugs.annotations has been deprecated
[WARNING] /tmp/tmpk5fs1rb9/gerrit-code-review-plugin/src/main/java/jenkins/plugins/gerrit/GerritSCMSourceContext.java:[17,39] edu.umd.cs.findbugs.annotations.CheckForNull in edu.umd.cs.findbugs.annotations has been deprecated
[WARNING] /tmp/tmpk5fs1rb9/gerrit-code-review-plugin/src/main/java/jenkins/plugins/gerrit/GerritSCMSourceContext.java:[18,39] edu.umd.cs.findbugs.annotations.NonNull in edu.umd.cs.findbugs.annotations has been deprecated
[WARNING] /tmp/tmpk5fs1rb9/gerrit-code-review-plugin/src/main/java/jenkins/plugins/gerrit/AbstractGerritSCMSource.java:[200,8] edu.umd.cs.findbugs.annotations.NonNull in edu.umd.cs.findbugs.annotations has been deprecated
[WARNING] /tmp/tmpk5fs1rb9/gerrit-code-review-plugin/src/main/java/jenkins/plugins/gerrit/AbstractGerritSCMSource.java:[268,4] edu.umd.cs.findbugs.annotations.NonNull in edu.umd.cs.findbugs.annotations has been deprecated
[WARNING] /tmp/tmpk5fs1rb9/gerrit-code-review-plugin/src/main/java/jenkins/plugins/gerrit/AbstractGerritSCMSource.java:[271,8] edu.umd.cs.findbugs.annotations.NonNull in edu.umd.cs.findbugs.annotations has been deprecated
[WARNING] /tmp/tmpk5fs1rb9/gerrit-code-review-plugin/src/main/java/jenkins/plugins/gerrit/AbstractGerritSCMSource.java:[271,65] edu.umd.cs.findbugs.annotations.NonNull in edu.umd.cs.findbugs.annotations has been deprecated
[WARNING] /tmp/tmpk5fs1rb9/gerrit-code-review-plugin/src/main/java/jenkins/plugins/gerrit/GerritSCMSourceContext.java:[29,4] edu.umd.cs.findbugs.annotations.NonNull in edu.umd.cs.findbugs.annotations has been deprecated
[WARNING] /tmp/tmpk5fs1rb9/gerrit-code-review-plugin/src/main/java/jenkins/plugins/gerrit/GerritSCMSourceContext.java:[30,4] edu.umd.cs.findbugs.annotations.NonNull in edu.umd.cs.findbugs.annotations has been deprecated
[WARNING] /tmp/tmpk5fs1rb9/gerrit-code-review-plugin/src/main/java/jenkins/plugins/gerrit/GerritSCMSourceContext.java:[31,4] edu.umd.cs.findbugs.annotations.NonNull in edu.umd.cs.findbugs.annotations has been deprecated
[WARNING] /tmp/tmpk5fs1rb9/gerrit-code-review-plugin/src/main/java/jenkins/plugins/gerrit/GerritSCMSourceContext.java:[32,4] edu.umd.cs.findbugs.annotations.NonNull in edu.umd.cs.findbugs.annotations has been deprecated
[WARNING] /tmp/tmpk5fs1rb9/gerrit-code-review-plugin/src/main/java/jenkins/plugins/gerrit/GerritSCMSourceContext.java:[44,4] edu.umd.cs.findbugs.annotations.NonNull in edu.umd.cs.findbugs.annotations has been deprecated
[WARNING] /tmp/tmpk5fs1rb9/gerrit-code-review-plugin/src/main/java/jenkins/plugins/gerrit/GerritSCMSourceContext.java:[55,4] edu.umd.cs.findbugs.annotations.NonNull in edu.umd.cs.findbugs.annotations has been deprecated
[WARNING] /tmp/tmpk5fs1rb9/gerrit-code-review-plugin/src/main/java/jenkins/plugins/gerrit/GerritSCMSourceContext.java:[66,4] edu.umd.cs.findbugs.annotations.NonNull in edu.umd.cs.findbugs.annotations has been deprecated
[WARNING] /tmp/tmpk5fs1rb9/gerrit-code-review-plugin/src/main/java/jenkins/plugins/gerrit/GerritSCMSourceContext.java:[77,4] edu.umd.cs.findbugs.annotations.NonNull in edu.umd.cs.findbugs.annotations has been deprecated
[WARNING] /tmp/tmpk5fs1rb9/gerrit-code-review-plugin/src/main/java/jenkins/plugins/gerrit/GerritSCMSourceContext.java:[88,4] edu.umd.cs.findbugs.annotations.NonNull in edu.umd.cs.findbugs.annotations has been deprecated
[WARNING] /tmp/tmpk5fs1rb9/gerrit-code-review-plugin/src/main/java/jenkins/plugins/gerrit/GerritSCMSourceContext.java:[99,4] edu.umd.cs.findbugs.annotations.NonNull in edu.umd.cs.findbugs.annotations has been deprecated
[WARNING] /tmp/tmpk5fs1rb9/gerrit-code-review-plugin/src/main/java/jenkins/plugins/gerrit/GerritSCMSourceContext.java:[104,4] edu.umd.cs.findbugs.annotations.NonNull in edu.umd.cs.findbugs.annotations has been deprecated
[WARNING] /tmp/tmpk5fs1rb9/gerrit-code-review-plugin/src/main/java/jenkins/plugins/gerrit/GerritSCMSourceContext.java:[107,8] edu.umd.cs.findbugs.annotations.NonNull in edu.umd.cs.findbugs.annotations has been deprecated
[WARNING] /tmp/tmpk5fs1rb9/gerrit-code-review-plugin/src/main/java/jenkins/plugins/gerrit/GerritSCMSourceContext.java:[107,35] edu.umd.cs.findbugs.annotations.CheckForNull in edu.umd.cs.findbugs.annotations has been deprecated
[INFO] 
[INFO] --- access-modifier-checker:1.8:enforce (default-enforce) @ gerrit-code-review ---
[INFO] 
[INFO] --- bridge-method-injector:1.17:process (default) @ gerrit-code-review ---
[INFO] 
[INFO] --- animal-sniffer-maven-plugin:1.15:check (check) @ gerrit-code-review ---
[INFO] Signature checking is skipped.
[INFO] 
[INFO] --- maven-hpi-plugin:2.1:insert-test (default-insert-test) @ gerrit-code-review ---
[INFO] 
[INFO] --- gmaven-plugin:1.5-jenkins-3:generateTestStubs (test-in-groovy) @ gerrit-code-review ---
[INFO] No sources found for Java stub generation
[INFO] 
[INFO] --- maven-resources-plugin:3.0.2:testResources (default-testResources) @ gerrit-code-review ---
[INFO] Using 'UTF-8' encoding to copy filtered resources.
[INFO] skip non existing resourceDirectory /tmp/tmpk5fs1rb9/gerrit-code-review-plugin/src/test/resources
[INFO] 
[INFO] --- maven-compiler-plugin:3.6.1:testCompile (default-testCompile) @ gerrit-code-review ---
[INFO] Changes detected - recompiling the module!
[INFO] Compiling 12 source files to /tmp/tmpk5fs1rb9/gerrit-code-review-plugin/target/test-classes
[INFO] 
[INFO] --- maven-hpi-plugin:2.1:test-hpl (default-test-hpl) @ gerrit-code-review ---
[INFO] Generating /tmp/tmpk5fs1rb9/gerrit-code-review-plugin/target/test-classes/the.hpl
[INFO] 
[INFO] --- maven-hpi-plugin:2.1:resolve-test-dependencies (default-resolve-test-dependencies) @ gerrit-code-review ---
[INFO] 
[INFO] --- gmaven-plugin:1.5-jenkins-3:testCompile (test-in-groovy) @ gerrit-code-review ---
[INFO] No sources found to compile
[INFO] 
[INFO] --- maven-surefire-plugin:2.19.1:test (default-test) @ gerrit-code-review ---
[INFO] Surefire report directory: /tmp/tmpk5fs1rb9/gerrit-code-review-plugin/target/surefire-reports

-------------------------------------------------------
 T E S T S
-------------------------------------------------------
Running InjectedTest
Running jenkins.plugins.gerrit.ChangeSCMRevisionTest
Running jenkins.plugins.gerrit.GerritWebHookTriggerTest
Running jenkins.plugins.gerrit.GerritApiBuilderTest
Running jenkins.plugins.gerrit.workflow.GerritCommentStepTest
Running jenkins.plugins.gerrit.workflow.GerritReviewStepTest
Running jenkins.plugins.gerrit.workflow.GerritCheckStepTest
Running jenkins.plugins.gerrit.GerritURITest
Running jenkins.plugins.gerrit.GerritChangeTest
Running jenkins.plugins.gerrit.GerritWebHookTest
Running jenkins.plugins.gerrit.GerritProjectEventTest
Tests run: 3, Failures: 0, Errors: 0, Skipped: 0, Time elapsed: 0.517 sec - in jenkins.plugins.gerrit.GerritChangeTest
Tests run: 2, Failures: 0, Errors: 0, Skipped: 0, Time elapsed: 1.096 sec - in jenkins.plugins.gerrit.ChangeSCMRevisionTest
Tests run: 3, Failures: 0, Errors: 0, Skipped: 0, Time elapsed: 0.515 sec - in jenkins.plugins.gerrit.GerritProjectEventTest
Tests run: 9, Failures: 0, Errors: 0, Skipped: 0, Time elapsed: 0.726 sec - in jenkins.plugins.gerrit.GerritURITest
Tests run: 3, Failures: 0, Errors: 0, Skipped: 0, Time elapsed: 2.778 sec - in jenkins.plugins.gerrit.GerritWebHookTest
Tests run: 8, Failures: 0, Errors: 0, Skipped: 0, Time elapsed: 15.806 sec - in jenkins.plugins.gerrit.GerritApiBuilderTest
Tests run: 27, Failures: 0, Errors: 0, Skipped: 0, Time elapsed: 36.769 sec - in InjectedTest
Tests run: 2, Failures: 0, Errors: 0, Skipped: 0, Time elapsed: 37.117 sec - in jenkins.plugins.gerrit.GerritWebHookTriggerTest
Tests run: 2, Failures: 1, Errors: 0, Skipped: 0, Time elapsed: 59.794 sec <<< FAILURE! - in jenkins.plugins.gerrit.workflow.GerritCommentStepTest
gerritCommentStepInvokeTest(jenkins.plugins.gerrit.workflow.GerritCommentStepTest)  Time elapsed: 43.981 sec  <<< FAILURE!
java.lang.AssertionError: 
unexpected build status; build log was:
------
Started
[Pipeline] Allocate node : Start
Running on master in /tmp/jenkinsTests.tmp/jenkins8542703908407768758test/workspace/p
[Pipeline] node {
[Pipeline] Set environment variables : Start
[Pipeline] withEnv {
[Pipeline] gerritComment
Gerrit review change 4321/1 /path/to/file=1 (Invalid spacing)
[Pipeline] } //withEnv
[Pipeline] Set environment variables : End
[Pipeline] } //node
[Pipeline] Allocate node : End
[Pipeline] End of Pipeline
com.google.gerrit.extensions.restapi.RestApiException: Request failed.
	at com.urswolfer.gerrit.client.rest.http.GerritRestClient.requestJson(GerritRestClient.java:166)
	at com.urswolfer.gerrit.client.rest.http.GerritRestClient.putRequest(GerritRestClient.java:140)
	at com.urswolfer.gerrit.client.rest.http.changes.RevisionApiRestClient.createDraft(RevisionApiRestClient.java:163)
	at jenkins.plugins.gerrit.workflow.GerritCommentStep$Execution.run(GerritCommentStep.java:87)
	at jenkins.plugins.gerrit.workflow.GerritCommentStep$Execution.run(GerritCommentStep.java:53)
	at org.jenkinsci.plugins.workflow.steps.SynchronousStepExecution.start(SynchronousStepExecution.java:38)
	at org.jenkinsci.plugins.workflow.cps.DSL.invokeMethod(DSL.java:136)
	at org.jenkinsci.plugins.workflow.cps.CpsScript.invokeMethod(CpsScript.java:113)
	at groovy.lang.GroovyObject$invokeMethod.call(Unknown Source)
	at org.codehaus.groovy.runtime.callsite.CallSiteArray.defaultCall(CallSiteArray.java:48)
	at org.codehaus.groovy.runtime.callsite.AbstractCallSite.call(AbstractCallSite.java:113)
	at org.kohsuke.groovy.sandbox.impl.Checker$1.call(Checker.java:151)
	at org.kohsuke.groovy.sandbox.GroovyInterceptor.onMethodCall(GroovyInterceptor.java:21)
	at org.jenkinsci.plugins.scriptsecurity.sandbox.groovy.SandboxInterceptor.onMethodCall(SandboxInterceptor.java:115)
	at org.kohsuke.groovy.sandbox.impl.Checker$1.call(Checker.java:149)
	at org.kohsuke.groovy.sandbox.impl.Checker.checkedCall(Checker.java:146)
	at org.kohsuke.groovy.sandbox.impl.Checker.checkedCall(Checker.java:123)
	at org.kohsuke.groovy.sandbox.impl.Checker.checkedCall(Checker.java:123)
	at com.cloudbees.groovy.cps.sandbox.SandboxInvoker.methodCall(SandboxInvoker.java:15)
	at WorkflowScript.run(WorkflowScript:8)
	at ___cps.transform___(Native Method)
	at com.cloudbees.groovy.cps.impl.ContinuationGroup.methodCall(ContinuationGroup.java:55)
	at com.cloudbees.groovy.cps.impl.FunctionCallBlock$ContinuationImpl.dispatchOrArg(FunctionCallBlock.java:106)
	at com.cloudbees.groovy.cps.impl.FunctionCallBlock$ContinuationImpl.fixArg(FunctionCallBlock.java:79)
	at sun.reflect.NativeMethodAccessorImpl.invoke0(Native Method)
	at sun.reflect.NativeMethodAccessorImpl.invoke(NativeMethodAccessorImpl.java:62)
	at sun.reflect.DelegatingMethodAccessorImpl.invoke(DelegatingMethodAccessorImpl.java:43)
	at java.lang.reflect.Method.invoke(Method.java:498)
	at com.cloudbees.groovy.cps.impl.ContinuationPtr$ContinuationImpl.receive(ContinuationPtr.java:72)
	at com.cloudbees.groovy.cps.impl.CollectionLiteralBlock$ContinuationImpl.dispatch(CollectionLiteralBlock.java:55)
	at com.cloudbees.groovy.cps.impl.CollectionLiteralBlock$ContinuationImpl.item(CollectionLiteralBlock.java:45)
	at sun.reflect.NativeMethodAccessorImpl.invoke0(Native Method)
	at sun.reflect.NativeMethodAccessorImpl.invoke(NativeMethodAccessorImpl.java:62)
	at sun.reflect.DelegatingMethodAccessorImpl.invoke(DelegatingMethodAccessorImpl.java:43)
	at java.lang.reflect.Method.invoke(Method.java:498)
	at com.cloudbees.groovy.cps.impl.ContinuationPtr$ContinuationImpl.receive(ContinuationPtr.java:72)
	at com.cloudbees.groovy.cps.impl.ConstantBlock.eval(ConstantBlock.java:21)
	at com.cloudbees.groovy.cps.Next.step(Next.java:58)
	at com.cloudbees.groovy.cps.Continuable.run0(Continuable.java:154)
	at org.jenkinsci.plugins.workflow.cps.SandboxContinuable.access$001(SandboxContinuable.java:19)
	at org.jenkinsci.plugins.workflow.cps.SandboxContinuable$1.call(SandboxContinuable.java:33)
	at org.jenkinsci.plugins.workflow.cps.SandboxContinuable$1.call(SandboxContinuable.java:30)
	at org.jenkinsci.plugins.scriptsecurity.sandbox.groovy.GroovySandbox.runInSandbox(GroovySandbox.java:108)
	at org.jenkinsci.plugins.workflow.cps.SandboxContinuable.run0(SandboxContinuable.java:30)
	at org.jenkinsci.plugins.workflow.cps.CpsThread.runNextChunk(CpsThread.java:164)
	at org.jenkinsci.plugins.workflow.cps.CpsThreadGroup.run(CpsThreadGroup.java:277)
	at org.jenkinsci.plugins.workflow.cps.CpsThreadGroup.access$000(CpsThreadGroup.java:77)
	at org.jenkinsci.plugins.workflow.cps.CpsThreadGroup$2.call(CpsThreadGroup.java:186)
	at org.jenkinsci.plugins.workflow.cps.CpsThreadGroup$2.call(CpsThreadGroup.java:184)
	at org.jenkinsci.plugins.workflow.cps.CpsVmExecutorService$2.call(CpsVmExecutorService.java:47)
	at java.util.concurrent.FutureTask.run(FutureTask.java:266)
	at hudson.remoting.SingleLaneExecutorService$1.run(SingleLaneExecutorService.java:112)
	at jenkins.util.ContextResettingExecutorService$1.run(ContextResettingExecutorService.java:28)
	at java.util.concurrent.Executors$RunnableAdapter.call(Executors.java:511)
	at java.util.concurrent.FutureTask.run(FutureTask.java:266)
	at java.util.concurrent.ThreadPoolExecutor.runWorker(ThreadPoolExecutor.java:1149)
	at java.util.concurrent.ThreadPoolExecutor$Worker.run(ThreadPoolExecutor.java:624)
	at java.lang.Thread.run(Thread.java:748)
Caused by: javax.net.ssl.SSLKeyException: Invalid signature on ECDH server key exchange message
	at sun.security.ssl.HandshakeMessage$ECDH_ServerKeyExchange.<init>(HandshakeMessage.java:1126)
	at sun.security.ssl.ClientHandshaker.processMessage(ClientHandshaker.java:303)
	at sun.security.ssl.Handshaker.processLoop(Handshaker.java:1082)
	at sun.security.ssl.Handshaker.process_record(Handshaker.java:1010)
	at sun.security.ssl.SSLSocketImpl.readRecord(SSLSocketImpl.java:1079)
	at sun.security.ssl.SSLSocketImpl.performInitialHandshake(SSLSocketImpl.java:1388)
	at sun.security.ssl.SSLSocketImpl.startHandshake(SSLSocketImpl.java:1416)
	at sun.security.ssl.SSLSocketImpl.startHandshake(SSLSocketImpl.java:1400)
	at org.apache.http.conn.ssl.SSLConnectionSocketFactory.createLayeredSocket(SSLConnectionSocketFactory.java:396)
	at org.apache.http.conn.ssl.SSLConnectionSocketFactory.connectSocket(SSLConnectionSocketFactory.java:355)
	at org.apache.http.impl.conn.DefaultHttpClientConnectionOperator.connect(DefaultHttpClientConnectionOperator.java:142)
	at org.apache.http.impl.conn.PoolingHttpClientConnectionManager.connect(PoolingHttpClientConnectionManager.java:359)
	at org.apache.http.impl.execchain.MainClientExec.establishRoute(MainClientExec.java:381)
	at org.apache.http.impl.execchain.MainClientExec.execute(MainClientExec.java:237)
	at org.apache.http.impl.execchain.ProtocolExec.execute(ProtocolExec.java:185)
	at org.apache.http.impl.execchain.RetryExec.execute(RetryExec.java:89)
	at org.apache.http.impl.execchain.RedirectExec.execute(RedirectExec.java:111)
	at org.apache.http.impl.client.InternalHttpClient.doExecute(InternalHttpClient.java:185)
	at org.apache.http.impl.client.CloseableHttpClient.execute(CloseableHttpClient.java:83)
	at com.urswolfer.gerrit.client.rest.http.HttpRequestExecutor.execute(HttpRequestExecutor.java:34)
	at com.urswolfer.gerrit.client.rest.http.GerritRestClient.request(GerritRestClient.java:246)
	at com.urswolfer.gerrit.client.rest.http.GerritRestClient.requestRest(GerritRestClient.java:182)
	at com.urswolfer.gerrit.client.rest.http.GerritRestClient.requestRest(GerritRestClient.java:174)
	at com.urswolfer.gerrit.client.rest.http.GerritRestClient.requestJson(GerritRestClient.java:151)
	at com.urswolfer.gerrit.client.rest.http.GerritRestClient.putRequest(GerritRestClient.java:140)
	at com.urswolfer.gerrit.client.rest.http.changes.RevisionApiRestClient.createDraft(RevisionApiRestClient.java:163)
	at jenkins.plugins.gerrit.workflow.GerritCommentStep$Execution.run(GerritCommentStep.java:87)
	at jenkins.plugins.gerrit.workflow.GerritCommentStep$Execution.run(GerritCommentStep.java:53)
	at org.jenkinsci.plugins.workflow.steps.SynchronousStepExecution.start(SynchronousStepExecution.java:38)
	at org.jenkinsci.plugins.workflow.cps.DSL.invokeMethod(DSL.java:136)
	at org.jenkinsci.plugins.workflow.cps.CpsScript.invokeMethod(CpsScript.java:113)
	at groovy.lang.GroovyObject$invokeMethod.call(Unknown Source)
	at org.codehaus.groovy.runtime.callsite.CallSiteArray.defaultCall(CallSiteArray.java:48)
	at org.codehaus.groovy.runtime.callsite.AbstractCallSite.call(AbstractCallSite.java:113)
	at org.kohsuke.groovy.sandbox.impl.Checker$1.call(Checker.java:151)
	at org.kohsuke.groovy.sandbox.GroovyInterceptor.onMethodCall(GroovyInterceptor.java:21)
	at org.jenkinsci.plugins.scriptsecurity.sandbox.groovy.SandboxInterceptor.onMethodCall(SandboxInterceptor.java:115)
	at org.kohsuke.groovy.sandbox.impl.Checker$1.call(Checker.java:149)
	at org.kohsuke.groovy.sandbox.impl.Checker.checkedCall(Checker.java:146)
	at org.kohsuke.groovy.sandbox.impl.Checker.checkedCall(Checker.java:123)
	at org.kohsuke.groovy.sandbox.impl.Checker.checkedCall(Checker.java:123)
	at com.cloudbees.groovy.cps.sandbox.SandboxInvoker.methodCall(SandboxInvoker.java:15)
	... 37 more
Finished: FAILURE

------

Expected: is <SUCCESS>
     but: was <FAILURE>
	at org.hamcrest.MatcherAssert.assertThat(MatcherAssert.java:20)
	at org.junit.Assert.assertThat(Assert.java:956)
	at org.jvnet.hudson.test.JenkinsRule.assertBuildStatus(JenkinsRule.java:1176)
	at org.jvnet.hudson.test.JenkinsRule.assertBuildStatus(JenkinsRule.java:1182)
	at org.jvnet.hudson.test.JenkinsRule.assertBuildStatusSuccess(JenkinsRule.java:1211)
	at jenkins.plugins.gerrit.workflow.GerritCommentStepTest.gerritCommentStepInvokeTest(GerritCommentStepTest.java:95)
	at sun.reflect.NativeMethodAccessorImpl.invoke0(Native Method)
	at sun.reflect.NativeMethodAccessorImpl.invoke(NativeMethodAccessorImpl.java:62)
	at sun.reflect.DelegatingMethodAccessorImpl.invoke(DelegatingMethodAccessorImpl.java:43)
	at java.lang.reflect.Method.invoke(Method.java:498)
	at org.junit.runners.model.FrameworkMethod$1.runReflectiveCall(FrameworkMethod.java:50)
	at org.junit.internal.runners.model.ReflectiveCallable.run(ReflectiveCallable.java:12)
	at org.junit.runners.model.FrameworkMethod.invokeExplosively(FrameworkMethod.java:47)
	at org.junit.internal.runners.statements.InvokeMethod.evaluate(InvokeMethod.java:17)
	at org.mockserver.junit.MockServerRule$1.evaluate(MockServerRule.java:110)
	at org.jvnet.hudson.test.JenkinsRule$1.evaluate(JenkinsRule.java:542)
	at org.junit.internal.runners.statements.FailOnTimeout$CallableStatement.call(FailOnTimeout.java:298)
	at org.junit.internal.runners.statements.FailOnTimeout$CallableStatement.call(FailOnTimeout.java:292)
	at java.util.concurrent.FutureTask.run(FutureTask.java:266)
	at java.lang.Thread.run(Thread.java:748)

Tests run: 3, Failures: 0, Errors: 0, Skipped: 0, Time elapsed: 68.096 sec - in jenkins.plugins.gerrit.workflow.GerritCheckStepTest
Tests run: 6, Failures: 0, Errors: 0, Skipped: 0, Time elapsed: 82.701 sec - in jenkins.plugins.gerrit.workflow.GerritReviewStepTest

Results :

Flaked tests: 
jenkins.plugins.gerrit.workflow.GerritCommentStepTest.gerritCommentStepInvokeTest(jenkins.plugins.gerrit.workflow.GerritCommentStepTest)
  Run 1: GerritCommentStepTest.gerritCommentStepInvokeTest:95 unexpected build status; build log was:
------
Started
[Pipeline] Allocate node : Start
Running on master in /tmp/jenkinsTests.tmp/jenkins8542703908407768758test/workspace/p
[Pipeline] node {
[Pipeline] Set environment variables : Start
[Pipeline] withEnv {
[Pipeline] gerritComment
Gerrit review change 4321/1 /path/to/file=1 (Invalid spacing)
[Pipeline] } //withEnv
[Pipeline] Set environment variables : End
[Pipeline] } //node
[Pipeline] Allocate node : End
[Pipeline] End of Pipeline
com.google.gerrit.extensions.restapi.RestApiException: Request failed.
	at com.urswolfer.gerrit.client.rest.http.GerritRestClient.requestJson(GerritRestClient.java:166)
	at com.urswolfer.gerrit.client.rest.http.GerritRestClient.putRequest(GerritRestClient.java:140)
	at com.urswolfer.gerrit.client.rest.http.changes.RevisionApiRestClient.createDraft(RevisionApiRestClient.java:163)
	at jenkins.plugins.gerrit.workflow.GerritCommentStep$Execution.run(GerritCommentStep.java:87)
	at jenkins.plugins.gerrit.workflow.GerritCommentStep$Execution.run(GerritCommentStep.java:53)
	at org.jenkinsci.plugins.workflow.steps.SynchronousStepExecution.start(SynchronousStepExecution.java:38)
	at org.jenkinsci.plugins.workflow.cps.DSL.invokeMethod(DSL.java:136)
	at org.jenkinsci.plugins.workflow.cps.CpsScript.invokeMethod(CpsScript.java:113)
	at groovy.lang.GroovyObject$invokeMethod.call(Unknown Source)
	at org.codehaus.groovy.runtime.callsite.CallSiteArray.defaultCall(CallSiteArray.java:48)
	at org.codehaus.groovy.runtime.callsite.AbstractCallSite.call(AbstractCallSite.java:113)
	at org.kohsuke.groovy.sandbox.impl.Checker$1.call(Checker.java:151)
	at org.kohsuke.groovy.sandbox.GroovyInterceptor.onMethodCall(GroovyInterceptor.java:21)
	at org.jenkinsci.plugins.scriptsecurity.sandbox.groovy.SandboxInterceptor.onMethodCall(SandboxInterceptor.java:115)
	at org.kohsuke.groovy.sandbox.impl.Checker$1.call(Checker.java:149)
	at org.kohsuke.groovy.sandbox.impl.Checker.checkedCall(Checker.java:146)
	at org.kohsuke.groovy.sandbox.impl.Checker.checkedCall(Checker.java:123)
	at org.kohsuke.groovy.sandbox.impl.Checker.checkedCall(Checker.java:123)
	at com.cloudbees.groovy.cps.sandbox.SandboxInvoker.methodCall(SandboxInvoker.java:15)
	at WorkflowScript.run(WorkflowScript:8)
	at ___cps.transform___(Native Method)
	at com.cloudbees.groovy.cps.impl.ContinuationGroup.methodCall(ContinuationGroup.java:55)
	at com.cloudbees.groovy.cps.impl.FunctionCallBlock$ContinuationImpl.dispatchOrArg(FunctionCallBlock.java:106)
	at com.cloudbees.groovy.cps.impl.FunctionCallBlock$ContinuationImpl.fixArg(FunctionCallBlock.java:79)
	at sun.reflect.NativeMethodAccessorImpl.invoke0(Native Method)
	at sun.reflect.NativeMethodAccessorImpl.invoke(NativeMethodAccessorImpl.java:62)
	at sun.reflect.DelegatingMethodAccessorImpl.invoke(DelegatingMethodAccessorImpl.java:43)
	at java.lang.reflect.Method.invoke(Method.java:498)
	at com.cloudbees.groovy.cps.impl.ContinuationPtr$ContinuationImpl.receive(ContinuationPtr.java:72)
	at com.cloudbees.groovy.cps.impl.CollectionLiteralBlock$ContinuationImpl.dispatch(CollectionLiteralBlock.java:55)
	at com.cloudbees.groovy.cps.impl.CollectionLiteralBlock$ContinuationImpl.item(CollectionLiteralBlock.java:45)
	at sun.reflect.NativeMethodAccessorImpl.invoke0(Native Method)
	at sun.reflect.NativeMethodAccessorImpl.invoke(NativeMethodAccessorImpl.java:62)
	at sun.reflect.DelegatingMethodAccessorImpl.invoke(DelegatingMethodAccessorImpl.java:43)
	at java.lang.reflect.Method.invoke(Method.java:498)
	at com.cloudbees.groovy.cps.impl.ContinuationPtr$ContinuationImpl.receive(ContinuationPtr.java:72)
	at com.cloudbees.groovy.cps.impl.ConstantBlock.eval(ConstantBlock.java:21)
	at com.cloudbees.groovy.cps.Next.step(Next.java:58)
	at com.cloudbees.groovy.cps.Continuable.run0(Continuable.java:154)
	at org.jenkinsci.plugins.workflow.cps.SandboxContinuable.access$001(SandboxContinuable.java:19)
	at org.jenkinsci.plugins.workflow.cps.SandboxContinuable$1.call(SandboxContinuable.java:33)
	at org.jenkinsci.plugins.workflow.cps.SandboxContinuable$1.call(SandboxContinuable.java:30)
	at org.jenkinsci.plugins.scriptsecurity.sandbox.groovy.GroovySandbox.runInSandbox(GroovySandbox.java:108)
	at org.jenkinsci.plugins.workflow.cps.SandboxContinuable.run0(SandboxContinuable.java:30)
	at org.jenkinsci.plugins.workflow.cps.CpsThread.runNextChunk(CpsThread.java:164)
	at org.jenkinsci.plugins.workflow.cps.CpsThreadGroup.run(CpsThreadGroup.java:277)
	at org.jenkinsci.plugins.workflow.cps.CpsThreadGroup.access$000(CpsThreadGroup.java:77)
	at org.jenkinsci.plugins.workflow.cps.CpsThreadGroup$2.call(CpsThreadGroup.java:186)
	at org.jenkinsci.plugins.workflow.cps.CpsThreadGroup$2.call(CpsThreadGroup.java:184)
	at org.jenkinsci.plugins.workflow.cps.CpsVmExecutorService$2.call(CpsVmExecutorService.java:47)
	at java.util.concurrent.FutureTask.run(FutureTask.java:266)
	at hudson.remoting.SingleLaneExecutorService$1.run(SingleLaneExecutorService.java:112)
	at jenkins.util.ContextResettingExecutorService$1.run(ContextResettingExecutorService.java:28)
	at java.util.concurrent.Executors$RunnableAdapter.call(Executors.java:511)
	at java.util.concurrent.FutureTask.run(FutureTask.java:266)
	at java.util.concurrent.ThreadPoolExecutor.runWorker(ThreadPoolExecutor.java:1149)
	at java.util.concurrent.ThreadPoolExecutor$Worker.run(ThreadPoolExecutor.java:624)
	at java.lang.Thread.run(Thread.java:748)
Caused by: javax.net.ssl.SSLKeyException: Invalid signature on ECDH server key exchange message
	at sun.security.ssl.HandshakeMessage$ECDH_ServerKeyExchange.<init>(HandshakeMessage.java:1126)
	at sun.security.ssl.ClientHandshaker.processMessage(ClientHandshaker.java:303)
	at sun.security.ssl.Handshaker.processLoop(Handshaker.java:1082)
	at sun.security.ssl.Handshaker.process_record(Handshaker.java:1010)
	at sun.security.ssl.SSLSocketImpl.readRecord(SSLSocketImpl.java:1079)
	at sun.security.ssl.SSLSocketImpl.performInitialHandshake(SSLSocketImpl.java:1388)
	at sun.security.ssl.SSLSocketImpl.startHandshake(SSLSocketImpl.java:1416)
	at sun.security.ssl.SSLSocketImpl.startHandshake(SSLSocketImpl.java:1400)
	at org.apache.http.conn.ssl.SSLConnectionSocketFactory.createLayeredSocket(SSLConnectionSocketFactory.java:396)
	at org.apache.http.conn.ssl.SSLConnectionSocketFactory.connectSocket(SSLConnectionSocketFactory.java:355)
	at org.apache.http.impl.conn.DefaultHttpClientConnectionOperator.connect(DefaultHttpClientConnectionOperator.java:142)
	at org.apache.http.impl.conn.PoolingHttpClientConnectionManager.connect(PoolingHttpClientConnectionManager.java:359)
	at org.apache.http.impl.execchain.MainClientExec.establishRoute(MainClientExec.java:381)
	at org.apache.http.impl.execchain.MainClientExec.execute(MainClientExec.java:237)
	at org.apache.http.impl.execchain.ProtocolExec.execute(ProtocolExec.java:185)
	at org.apache.http.impl.execchain.RetryExec.execute(RetryExec.java:89)
	at org.apache.http.impl.execchain.RedirectExec.execute(RedirectExec.java:111)
	at org.apache.http.impl.client.InternalHttpClient.doExecute(InternalHttpClient.java:185)
	at org.apache.http.impl.client.CloseableHttpClient.execute(CloseableHttpClient.java:83)
	at com.urswolfer.gerrit.client.rest.http.HttpRequestExecutor.execute(HttpRequestExecutor.java:34)
	at com.urswolfer.gerrit.client.rest.http.GerritRestClient.request(GerritRestClient.java:246)
	at com.urswolfer.gerrit.client.rest.http.GerritRestClient.requestRest(GerritRestClient.java:182)
	at com.urswolfer.gerrit.client.rest.http.GerritRestClient.requestRest(GerritRestClient.java:174)
	at com.urswolfer.gerrit.client.rest.http.GerritRestClient.requestJson(GerritRestClient.java:151)
	at com.urswolfer.gerrit.client.rest.http.GerritRestClient.putRequest(GerritRestClient.java:140)
	at com.urswolfer.gerrit.client.rest.http.changes.RevisionApiRestClient.createDraft(RevisionApiRestClient.java:163)
	at jenkins.plugins.gerrit.workflow.GerritCommentStep$Execution.run(GerritCommentStep.java:87)
	at jenkins.plugins.gerrit.workflow.GerritCommentStep$Execution.run(GerritCommentStep.java:53)
	at org.jenkinsci.plugins.workflow.steps.SynchronousStepExecution.start(SynchronousStepExecution.java:38)
	at org.jenkinsci.plugins.workflow.cps.DSL.invokeMethod(DSL.java:136)
	at org.jenkinsci.plugins.workflow.cps.CpsScript.invokeMethod(CpsScript.java:113)
	at groovy.lang.GroovyObject$invokeMethod.call(Unknown Source)
	at org.codehaus.groovy.runtime.callsite.CallSiteArray.defaultCall(CallSiteArray.java:48)
	at org.codehaus.groovy.runtime.callsite.AbstractCallSite.call(AbstractCallSite.java:113)
	at org.kohsuke.groovy.sandbox.impl.Checker$1.call(Checker.java:151)
	at org.kohsuke.groovy.sandbox.GroovyInterceptor.onMethodCall(GroovyInterceptor.java:21)
	at org.jenkinsci.plugins.scriptsecurity.sandbox.groovy.SandboxInterceptor.onMethodCall(SandboxInterceptor.java:115)
	at org.kohsuke.groovy.sandbox.impl.Checker$1.call(Checker.java:149)
	at org.kohsuke.groovy.sandbox.impl.Checker.checkedCall(Checker.java:146)
	at org.kohsuke.groovy.sandbox.impl.Checker.checkedCall(Checker.java:123)
	at org.kohsuke.groovy.sandbox.impl.Checker.checkedCall(Checker.java:123)
	at com.cloudbees.groovy.cps.sandbox.SandboxInvoker.methodCall(SandboxInvoker.java:15)
	... 37 more
Finished: FAILURE

------

Expected: is <SUCCESS>
     but: was <FAILURE>
  Run 2: PASS


Tests run: 67, Failures: 0, Errors: 0, Skipped: 0, Flakes: 1

[INFO] 
[INFO] --- jacoco-maven-plugin:0.8.5:report (report) @ gerrit-code-review ---
[INFO] Loading execution data file /tmp/tmpk5fs1rb9/gerrit-code-review-plugin/target/jacoco.exec
[INFO] Analyzed bundle 'Gerrit Code Review plugin' with 350 classes
[INFO] ------------------------------------------------------------------------
[INFO] BUILD SUCCESS
[INFO] ------------------------------------------------------------------------
[INFO] Total time:  08:12 min
[INFO] Finished at: 2020-07-30T20:07:39Z
[INFO] ------------------------------------------------------------------------
