[INFO] Error stacktraces are turned on.
[INFO] Scanning for projects...
[INFO] 
[INFO] -------------------------< io.lavagna:lavagna >-------------------------
[INFO] Building lavagna 1.1.7-SNAPSHOT
[INFO] --------------------------------[ war ]---------------------------------
[INFO] 
[INFO] --- maven-enforcer-plugin:1.2:enforce (enforce-maven) @ lavagna ---
[INFO] 
[INFO] --- jacoco-maven-plugin:0.8.5:prepare-agent (default) @ lavagna ---
[INFO] argLine set to -javaagent:/home/jdbl/.m2/repository/org/jacoco/org.jacoco.agent/0.8.5/org.jacoco.agent-0.8.5-runtime.jar=destfile=/tmp/tmp4sjl9ukh/lavagna/target/jacoco.exec
[INFO] 
[INFO] --- license-maven-plugin:1.14:add-third-party (default) @ lavagna ---
[INFO] Writing third-party file to /tmp/tmp4sjl9ukh/lavagna/target/generated-sources/license/THIRD-PARTY.txt
[INFO] 
[INFO] --- maven-resources-plugin:3.0.1:copy-resources (default) @ lavagna ---
[INFO] Using 'UTF-8' encoding to copy filtered resources.
[INFO] Copying 1 resource
[INFO] Copying 1 resource
[INFO] 
[INFO] --- maven-resources-plugin:3.0.1:resources (default-resources) @ lavagna ---
[INFO] Using 'UTF-8' encoding to copy filtered resources.
[INFO] Copying 81 resources
[INFO] Copying 1 resource
[INFO] Copying 1 resource
[INFO] 
[INFO] --- kotlin-maven-plugin:1.3.61:compile (compile) @ lavagna ---
[WARNING] /tmp/tmp4sjl9ukh/lavagna/src/main/java/io/lavagna/model/ApiHook.kt: (33, 31) This class shouldn't be used in Kotlin. Use kotlin.Any instead.
[WARNING] /tmp/tmp4sjl9ukh/lavagna/src/main/java/io/lavagna/model/ApiHook.kt: (38, 60) This class shouldn't be used in Kotlin. Use kotlin.Any instead.
[WARNING] /tmp/tmp4sjl9ukh/lavagna/src/main/java/io/lavagna/model/CardFullWithCounts.kt: (70, 25) Condition 'dataCount.count != null' is always 'true'
[WARNING] /tmp/tmp4sjl9ukh/lavagna/src/main/java/io/lavagna/model/CardLabel.kt: (43, 25) The corresponding parameter in the supertype 'Any' is named 'other'. This may cause problems when calling this function with named arguments.
[WARNING] /tmp/tmp4sjl9ukh/lavagna/src/main/java/io/lavagna/model/CardLabelValue.kt: (95, 29) The corresponding parameter in the supertype 'Any' is named 'other'. This may cause problems when calling this function with named arguments.
[WARNING] /tmp/tmp4sjl9ukh/lavagna/src/main/java/io/lavagna/model/Event.kt: (55, 25) The corresponding parameter in the supertype 'Any' is named 'other'. This may cause problems when calling this function with named arguments.
[WARNING] /tmp/tmp4sjl9ukh/lavagna/src/main/java/io/lavagna/model/LabelAndValueWithCount.kt: (29, 13) Name shadowed: labelValueType
[WARNING] /tmp/tmp4sjl9ukh/lavagna/src/main/java/io/lavagna/model/LabelListValue.kt: (31, 25) The corresponding parameter in the supertype 'Any' is named 'other'. This may cause problems when calling this function with named arguments.
[WARNING] /tmp/tmp4sjl9ukh/lavagna/src/main/java/io/lavagna/model/ListValueMetadata.kt: (26, 25) The corresponding parameter in the supertype 'Any' is named 'other'. This may cause problems when calling this function with named arguments.
[WARNING] /tmp/tmp4sjl9ukh/lavagna/src/main/java/io/lavagna/model/Role.kt: (29, 25) The corresponding parameter in the supertype 'Any' is named 'other'. This may cause problems when calling this function with named arguments.
[WARNING] /tmp/tmp4sjl9ukh/lavagna/src/main/java/io/lavagna/model/RoleAndPermission.kt: (33, 25) The corresponding parameter in the supertype 'Any' is named 'other'. This may cause problems when calling this function with named arguments.
[WARNING] /tmp/tmp4sjl9ukh/lavagna/src/main/java/io/lavagna/model/User.kt: (44, 46) The corresponding parameter in the supertype 'Any' is named 'other'. This may cause problems when calling this function with named arguments.
[WARNING] /tmp/tmp4sjl9ukh/lavagna/src/main/java/io/lavagna/model/UserWithPermission.kt: (83, 20) Condition 'projectId == null' is always 'true'
[INFO] 
[INFO] --- maven-compiler-plugin:3.5.1:compile (java-compile) @ lavagna ---
[INFO] Changes detected - recompiling the module!
[INFO] Compiling 168 source files to /tmp/tmp4sjl9ukh/lavagna/target/classes
[INFO] /tmp/tmp4sjl9ukh/lavagna/src/main/java/io/lavagna/config/WebConfig.java:[-1,-1] Some input files use or override a deprecated API.
[INFO] /tmp/tmp4sjl9ukh/lavagna/src/main/java/io/lavagna/config/WebConfig.java:[-1,-1] Recompile with -Xlint:deprecation for details.
[INFO] 
[INFO] --- maven-compiler-plugin:3.5.1:compile (compile) @ lavagna ---
[INFO] Changes detected - recompiling the module!
[INFO] Compiling 168 source files to /tmp/tmp4sjl9ukh/lavagna/target/classes
[INFO] /tmp/tmp4sjl9ukh/lavagna/src/main/java/io/lavagna/config/WebConfig.java:[-1,-1] Some input files use or override a deprecated API.
[INFO] /tmp/tmp4sjl9ukh/lavagna/src/main/java/io/lavagna/config/WebConfig.java:[-1,-1] Recompile with -Xlint:deprecation for details.
[INFO] 
[INFO] --- stampo-maven-plugin:1.2.2:build (default) @ lavagna ---
stampo working path is /tmp/tmp4sjl9ukh/lavagna/src/main/stampo
stampo destination path is /tmp/tmp4sjl9ukh/lavagna/target/lavagna/help
built in 1340ms, output in /tmp/tmp4sjl9ukh/lavagna/target/lavagna/help
[INFO] 
[INFO] --- maven-resources-plugin:3.0.1:testResources (default-testResources) @ lavagna ---
[INFO] Using 'UTF-8' encoding to copy filtered resources.
[INFO] Copying 2 resources
[INFO] 
[INFO] --- kotlin-maven-plugin:1.3.61:test-compile (test-compile) @ lavagna ---
[WARNING] /tmp/tmp4sjl9ukh/lavagna/src/main/java/io/lavagna/model/ApiHook.kt: (33, 31) This class shouldn't be used in Kotlin. Use kotlin.Any instead.
[WARNING] /tmp/tmp4sjl9ukh/lavagna/src/main/java/io/lavagna/model/ApiHook.kt: (38, 60) This class shouldn't be used in Kotlin. Use kotlin.Any instead.
[WARNING] /tmp/tmp4sjl9ukh/lavagna/src/main/java/io/lavagna/model/CardFullWithCounts.kt: (70, 25) Condition 'dataCount.count != null' is always 'true'
[WARNING] /tmp/tmp4sjl9ukh/lavagna/src/main/java/io/lavagna/model/CardLabel.kt: (43, 25) The corresponding parameter in the supertype 'Any' is named 'other'. This may cause problems when calling this function with named arguments.
[WARNING] /tmp/tmp4sjl9ukh/lavagna/src/main/java/io/lavagna/model/CardLabelValue.kt: (95, 29) The corresponding parameter in the supertype 'Any' is named 'other'. This may cause problems when calling this function with named arguments.
[WARNING] /tmp/tmp4sjl9ukh/lavagna/src/main/java/io/lavagna/model/Event.kt: (55, 25) The corresponding parameter in the supertype 'Any' is named 'other'. This may cause problems when calling this function with named arguments.
[WARNING] /tmp/tmp4sjl9ukh/lavagna/src/main/java/io/lavagna/model/LabelAndValueWithCount.kt: (29, 13) Name shadowed: labelValueType
[WARNING] /tmp/tmp4sjl9ukh/lavagna/src/main/java/io/lavagna/model/LabelListValue.kt: (31, 25) The corresponding parameter in the supertype 'Any' is named 'other'. This may cause problems when calling this function with named arguments.
[WARNING] /tmp/tmp4sjl9ukh/lavagna/src/main/java/io/lavagna/model/ListValueMetadata.kt: (26, 25) The corresponding parameter in the supertype 'Any' is named 'other'. This may cause problems when calling this function with named arguments.
[WARNING] /tmp/tmp4sjl9ukh/lavagna/src/main/java/io/lavagna/model/Role.kt: (29, 25) The corresponding parameter in the supertype 'Any' is named 'other'. This may cause problems when calling this function with named arguments.
[WARNING] /tmp/tmp4sjl9ukh/lavagna/src/main/java/io/lavagna/model/RoleAndPermission.kt: (33, 25) The corresponding parameter in the supertype 'Any' is named 'other'. This may cause problems when calling this function with named arguments.
[WARNING] /tmp/tmp4sjl9ukh/lavagna/src/main/java/io/lavagna/model/User.kt: (44, 46) The corresponding parameter in the supertype 'Any' is named 'other'. This may cause problems when calling this function with named arguments.
[WARNING] /tmp/tmp4sjl9ukh/lavagna/src/main/java/io/lavagna/model/UserWithPermission.kt: (83, 20) Condition 'projectId == null' is always 'true'
[INFO] 
[INFO] --- maven-compiler-plugin:3.5.1:testCompile (java-test-compile) @ lavagna ---
[INFO] Changes detected - recompiling the module!
[INFO] Compiling 66 source files to /tmp/tmp4sjl9ukh/lavagna/target/test-classes
[INFO] /tmp/tmp4sjl9ukh/lavagna/src/test/java/io/lavagna/web/security/login/OauthLoginTest.java:[-1,-1] Some input files use or override a deprecated API.
[INFO] /tmp/tmp4sjl9ukh/lavagna/src/test/java/io/lavagna/web/security/login/OauthLoginTest.java:[-1,-1] Recompile with -Xlint:deprecation for details.
[INFO] /tmp/tmp4sjl9ukh/lavagna/src/test/java/io/lavagna/web/api/SearchControllerTest.java:[-1,-1] /tmp/tmp4sjl9ukh/lavagna/src/test/java/io/lavagna/web/api/SearchControllerTest.java uses unchecked or unsafe operations.
[INFO] /tmp/tmp4sjl9ukh/lavagna/src/test/java/io/lavagna/web/api/SearchControllerTest.java:[-1,-1] Recompile with -Xlint:unchecked for details.
[INFO] 
[INFO] --- maven-compiler-plugin:3.5.1:testCompile (testCompile) @ lavagna ---
[INFO] Changes detected - recompiling the module!
[INFO] Compiling 66 source files to /tmp/tmp4sjl9ukh/lavagna/target/test-classes
[INFO] /tmp/tmp4sjl9ukh/lavagna/src/test/java/io/lavagna/web/security/login/OauthLoginTest.java:[-1,-1] Some input files use or override a deprecated API.
[INFO] /tmp/tmp4sjl9ukh/lavagna/src/test/java/io/lavagna/web/security/login/OauthLoginTest.java:[-1,-1] Recompile with -Xlint:deprecation for details.
[INFO] /tmp/tmp4sjl9ukh/lavagna/src/test/java/io/lavagna/web/api/SearchControllerTest.java:[-1,-1] /tmp/tmp4sjl9ukh/lavagna/src/test/java/io/lavagna/web/api/SearchControllerTest.java uses unchecked or unsafe operations.
[INFO] /tmp/tmp4sjl9ukh/lavagna/src/test/java/io/lavagna/web/api/SearchControllerTest.java:[-1,-1] Recompile with -Xlint:unchecked for details.
[INFO] 
[INFO] --- maven-surefire-plugin:2.19.1:test (default-test) @ lavagna ---
[INFO] Surefire report directory: /tmp/tmp4sjl9ukh/lavagna/target/surefire-reports

-------------------------------------------------------
 T E S T S
-------------------------------------------------------
Running io.lavagna.model.RoleTest
Tests run: 1, Failures: 0, Errors: 0, Skipped: 0, Time elapsed: 0.07 sec - in io.lavagna.model.RoleTest
Running io.lavagna.model.util.ShortNameGeneratorTest
Tests run: 1, Failures: 0, Errors: 0, Skipped: 0, Time elapsed: 0.009 sec - in io.lavagna.model.util.ShortNameGeneratorTest
Running io.lavagna.model.CardLabelTest
Tests run: 2, Failures: 0, Errors: 0, Skipped: 0, Time elapsed: 0.008 sec - in io.lavagna.model.CardLabelTest
Running io.lavagna.model.CardLabelValueTest
Tests run: 1, Failures: 0, Errors: 0, Skipped: 0, Time elapsed: 0.002 sec - in io.lavagna.model.CardLabelValueTest
Running io.lavagna.web.api.CardControllerTest
Tests run: 17, Failures: 0, Errors: 0, Skipped: 0, Time elapsed: 3.131 sec - in io.lavagna.web.api.CardControllerTest
Running io.lavagna.web.api.ExportImportControllerTest
Tests run: 3, Failures: 0, Errors: 0, Skipped: 0, Time elapsed: 0.096 sec - in io.lavagna.web.api.ExportImportControllerTest
Running io.lavagna.web.api.MilestoneControllerTest
Tests run: 4, Failures: 0, Errors: 0, Skipped: 0, Time elapsed: 0.503 sec - in io.lavagna.web.api.MilestoneControllerTest
Running io.lavagna.web.api.BoardColumnControllerTest
Tests run: 7, Failures: 0, Errors: 0, Skipped: 0, Time elapsed: 0.063 sec - in io.lavagna.web.api.BoardColumnControllerTest
Running io.lavagna.web.api.SearchControllerTest
Tests run: 8, Failures: 0, Errors: 0, Skipped: 0, Time elapsed: 0.167 sec - in io.lavagna.web.api.SearchControllerTest
Running io.lavagna.web.api.CardDataControllerTest
Tests run: 22, Failures: 0, Errors: 0, Skipped: 0, Time elapsed: 0.84 sec - in io.lavagna.web.api.CardDataControllerTest
Running io.lavagna.web.api.BoardControllerTest
Tests run: 4, Failures: 0, Errors: 0, Skipped: 0, Time elapsed: 0.01 sec - in io.lavagna.web.api.BoardControllerTest
Running io.lavagna.web.api.UserControllerTest
Tests run: 12, Failures: 0, Errors: 0, Skipped: 0, Time elapsed: 0.066 sec - in io.lavagna.web.api.UserControllerTest
Running io.lavagna.web.api.ProjectPermissionControllerTest
Tests run: 10, Failures: 0, Errors: 0, Skipped: 0, Time elapsed: 0.122 sec - in io.lavagna.web.api.ProjectPermissionControllerTest
Running io.lavagna.web.api.ProjectControllerTest
Tests run: 15, Failures: 0, Errors: 0, Skipped: 0, Time elapsed: 0.132 sec - in io.lavagna.web.api.ProjectControllerTest
Running io.lavagna.web.api.PermissionControllerTest
Tests run: 10, Failures: 0, Errors: 0, Skipped: 0, Time elapsed: 0.01 sec - in io.lavagna.web.api.PermissionControllerTest
Running io.lavagna.web.api.ApplicationConfigurationControllerTest
Tests run: 6, Failures: 0, Errors: 0, Skipped: 0, Time elapsed: 0.373 sec - in io.lavagna.web.api.ApplicationConfigurationControllerTest
Running io.lavagna.web.api.CardLabelControllerTest
Tests run: 10, Failures: 0, Errors: 0, Skipped: 0, Time elapsed: 0.295 sec - in io.lavagna.web.api.CardLabelControllerTest
Running io.lavagna.web.api.WebUserControllerTest
Tests run: 1, Failures: 0, Errors: 0, Skipped: 0, Time elapsed: 2.792 sec - in io.lavagna.web.api.WebUserControllerTest
Running io.lavagna.web.api.CalendarControllerTest
Tests run: 6, Failures: 0, Errors: 0, Skipped: 0, Time elapsed: 0.065 sec - in io.lavagna.web.api.CalendarControllerTest
Running io.lavagna.web.api.SetupControllerTest
Tests run: 1, Failures: 0, Errors: 0, Skipped: 0, Time elapsed: 0.001 sec - in io.lavagna.web.api.SetupControllerTest
Running io.lavagna.web.api.WebEndpointInfoTest
Tests run: 1, Failures: 0, Errors: 0, Skipped: 0, Time elapsed: 0.089 sec - in io.lavagna.web.api.WebEndpointInfoTest
Running io.lavagna.web.api.UsersAdministrationControllerTest
Tests run: 4, Failures: 0, Errors: 0, Skipped: 0, Time elapsed: 0.006 sec - in io.lavagna.web.api.UsersAdministrationControllerTest
Running io.lavagna.web.security.SecurityConfigurationTest
Tests run: 2, Failures: 0, Errors: 0, Skipped: 0, Time elapsed: 0.081 sec - in io.lavagna.web.security.SecurityConfigurationTest
Running io.lavagna.web.security.CSRFFilterTest
09:47:27.961 [main] INFO  io.lavagna.web.security.CSFRFilter - wrong csrf
09:47:27.971 [main] INFO  io.lavagna.web.security.CSFRFilter - wrong csrf
Tests run: 7, Failures: 0, Errors: 0, Skipped: 0, Time elapsed: 0.147 sec - in io.lavagna.web.security.CSRFFilterTest
Running io.lavagna.web.security.login.OauthLoginTest
Tests run: 6, Failures: 0, Errors: 0, Skipped: 0, Time elapsed: 0.35 sec - in io.lavagna.web.security.login.OauthLoginTest
Running io.lavagna.web.security.login.LdapLoginTest
Tests run: 6, Failures: 0, Errors: 0, Skipped: 0, Time elapsed: 0.504 sec - in io.lavagna.web.security.login.LdapLoginTest
Running io.lavagna.web.security.login.oauth.HandlersTest
Tests run: 5, Failures: 0, Errors: 0, Skipped: 0, Time elapsed: 0.312 sec - in io.lavagna.web.security.login.oauth.HandlersTest
Running io.lavagna.web.security.login.DemoLoginTest
Tests run: 8, Failures: 0, Errors: 0, Skipped: 0, Time elapsed: 0.008 sec - in io.lavagna.web.security.login.DemoLoginTest
Running io.lavagna.web.security.SecurityFilterTest
Tests run: 2, Failures: 0, Errors: 0, Skipped: 0, Time elapsed: 0.008 sec - in io.lavagna.web.security.SecurityFilterTest
Running io.lavagna.web.security.AnonymousUserFilterTest
Tests run: 2, Failures: 0, Errors: 0, Skipped: 0, Time elapsed: 0.008 sec - in io.lavagna.web.security.AnonymousUserFilterTest
Running io.lavagna.web.security.RememberMeFilterTest
Tests run: 3, Failures: 0, Errors: 0, Skipped: 0, Time elapsed: 0.015 sec - in io.lavagna.web.security.RememberMeFilterTest
Running io.lavagna.web.helper.UserSessionTest
Tests run: 4, Failures: 0, Errors: 0, Skipped: 0, Time elapsed: 0.001 sec - in io.lavagna.web.helper.UserSessionTest
Running io.lavagna.web.support.ResourceControllerTest
Tests run: 3, Failures: 0, Errors: 0, Skipped: 0, Time elapsed: 0.051 sec - in io.lavagna.web.support.ResourceControllerTest
Running io.lavagna.service.ProjectServiceFindRelatedTest
09:47:29.384 [main] WARN  io.lavagna.common.LavagnaEnvironment - Property datasource.password is not set, using default value: 
09:47:29.384 [main] WARN  io.lavagna.common.LavagnaEnvironment - Property spring.profiles.active is not set, using default value: dev
09:47:29.384 [main] INFO  io.lavagna.common.LavagnaEnvironment - For property datasource.dialect, the value is: HSQLDB
09:47:29.384 [main] INFO  io.lavagna.common.LavagnaEnvironment - For property datasource.url, the value is: jdbc:hsqldb:mem:lavagna
09:47:29.384 [main] INFO  io.lavagna.common.LavagnaEnvironment - For property datasource.username, the value is: sa
09:47:29.384 [main] INFO  io.lavagna.common.LavagnaEnvironment - For property spring.profiles.active, the value is: dev
Tests run: 10, Failures: 0, Errors: 0, Skipped: 0, Time elapsed: 3.066 sec - in io.lavagna.service.ProjectServiceFindRelatedTest
Running io.lavagna.service.ConfigurationRepositoryTest
Tests run: 10, Failures: 0, Errors: 0, Skipped: 0, Time elapsed: 0.113 sec - in io.lavagna.service.ConfigurationRepositoryTest
Running io.lavagna.service.ExportImportServiceTest
Tests run: 1, Failures: 0, Errors: 0, Skipped: 0, Time elapsed: 0.613 sec - in io.lavagna.service.ExportImportServiceTest
Running io.lavagna.service.ExcelExportServiceTest
Tests run: 5, Failures: 0, Errors: 0, Skipped: 0, Time elapsed: 0.428 sec - in io.lavagna.service.ExcelExportServiceTest
Running io.lavagna.service.ImportServiceTest
Tests run: 3, Failures: 0, Errors: 0, Skipped: 0, Time elapsed: 0.078 sec - in io.lavagna.service.ImportServiceTest
Running io.lavagna.service.BoardRepositoryTest
Tests run: 10, Failures: 0, Errors: 0, Skipped: 0, Time elapsed: 0.069 sec - in io.lavagna.service.BoardRepositoryTest
Running io.lavagna.service.PermissionServiceTest
Tests run: 27, Failures: 0, Errors: 0, Skipped: 0, Time elapsed: 0.2 sec - in io.lavagna.service.PermissionServiceTest
Running io.lavagna.service.UserRepositoryTest
Tests run: 17, Failures: 0, Errors: 0, Skipped: 0, Time elapsed: 0.045 sec - in io.lavagna.service.UserRepositoryTest
Running io.lavagna.service.StatisticsServiceTest
Tests run: 26, Failures: 0, Errors: 0, Skipped: 0, Time elapsed: 3.819 sec - in io.lavagna.service.StatisticsServiceTest
Running io.lavagna.service.CardDataServiceTest
Tests run: 21, Failures: 0, Errors: 0, Skipped: 0, Time elapsed: 0.313 sec - in io.lavagna.service.CardDataServiceTest
Running io.lavagna.service.LabelServiceTest
Tests run: 8, Failures: 0, Errors: 0, Skipped: 0, Time elapsed: 0.073 sec - in io.lavagna.service.LabelServiceTest
Running io.lavagna.service.CalendarServiceTest
Tests run: 10, Failures: 0, Errors: 0, Skipped: 0, Time elapsed: 0.125 sec - in io.lavagna.service.CalendarServiceTest
Running io.lavagna.service.LdapTest
09:47:38.966 [main] INFO  io.lavagna.service.Ldap - error while checking with username "user\*() " with message: unit test :D [error]
javax.naming.NamingException: unit test :D
	at io.lavagna.service.LdapConnection.context(LdapConnection.java:37) ~[classes/:?]
	at io.lavagna.service.Ldap.authenticateWithParams(Ldap.java:100) [classes/:?]
	at io.lavagna.service.Ldap.authenticate(Ldap.java:67) [classes/:?]
	at io.lavagna.service.LdapTest.wrongPassword(LdapTest.java:115) [test-classes/:?]
	at sun.reflect.NativeMethodAccessorImpl.invoke0(Native Method) ~[?:1.8.0_262]
	at sun.reflect.NativeMethodAccessorImpl.invoke(NativeMethodAccessorImpl.java:62) ~[?:1.8.0_262]
	at sun.reflect.DelegatingMethodAccessorImpl.invoke(DelegatingMethodAccessorImpl.java:43) ~[?:1.8.0_262]
	at java.lang.reflect.Method.invoke(Method.java:498) ~[?:1.8.0_262]
	at org.junit.runners.model.FrameworkMethod$1.runReflectiveCall(FrameworkMethod.java:50) [junit-4.12.jar:4.12]
	at org.junit.internal.runners.model.ReflectiveCallable.run(ReflectiveCallable.java:12) [junit-4.12.jar:4.12]
	at org.junit.runners.model.FrameworkMethod.invokeExplosively(FrameworkMethod.java:47) [junit-4.12.jar:4.12]
	at org.junit.internal.runners.statements.InvokeMethod.evaluate(InvokeMethod.java:17) [junit-4.12.jar:4.12]
	at org.junit.internal.runners.statements.RunBefores.evaluate(RunBefores.java:26) [junit-4.12.jar:4.12]
	at org.junit.runners.ParentRunner.runLeaf(ParentRunner.java:325) [junit-4.12.jar:4.12]
	at org.junit.runners.BlockJUnit4ClassRunner.runChild(BlockJUnit4ClassRunner.java:78) [junit-4.12.jar:4.12]
	at org.junit.runners.BlockJUnit4ClassRunner.runChild(BlockJUnit4ClassRunner.java:57) [junit-4.12.jar:4.12]
	at org.junit.runners.ParentRunner$3.run(ParentRunner.java:290) [junit-4.12.jar:4.12]
	at org.junit.runners.ParentRunner$1.schedule(ParentRunner.java:71) [junit-4.12.jar:4.12]
	at org.junit.runners.ParentRunner.runChildren(ParentRunner.java:288) [junit-4.12.jar:4.12]
	at org.junit.runners.ParentRunner.access$000(ParentRunner.java:58) [junit-4.12.jar:4.12]
	at org.junit.runners.ParentRunner$2.evaluate(ParentRunner.java:268) [junit-4.12.jar:4.12]
	at org.junit.runners.ParentRunner.run(ParentRunner.java:363) [junit-4.12.jar:4.12]
	at org.mockito.internal.runners.DefaultInternalRunner$1.run(DefaultInternalRunner.java:79) [mockito-core-2.23.0.jar:?]
	at org.mockito.internal.runners.DefaultInternalRunner.run(DefaultInternalRunner.java:85) [mockito-core-2.23.0.jar:?]
	at org.mockito.internal.runners.StrictRunner.run(StrictRunner.java:39) [mockito-core-2.23.0.jar:?]
	at org.mockito.junit.MockitoJUnitRunner.run(MockitoJUnitRunner.java:163) [mockito-core-2.23.0.jar:?]
	at org.apache.maven.surefire.junit4.JUnit4Provider.execute(JUnit4Provider.java:367) [surefire-junit4-2.19.1.jar:2.19.1]
	at org.apache.maven.surefire.junit4.JUnit4Provider.executeWithRerun(JUnit4Provider.java:274) [surefire-junit4-2.19.1.jar:2.19.1]
	at org.apache.maven.surefire.junit4.JUnit4Provider.executeTestSet(JUnit4Provider.java:238) [surefire-junit4-2.19.1.jar:2.19.1]
	at org.apache.maven.surefire.junit4.JUnit4Provider.invoke(JUnit4Provider.java:161) [surefire-junit4-2.19.1.jar:2.19.1]
	at org.apache.maven.surefire.booter.ForkedBooter.invokeProviderInSameClassLoader(ForkedBooter.java:290) [surefire-booter-2.19.1.jar:2.19.1]
	at org.apache.maven.surefire.booter.ForkedBooter.runSuitesInProcess(ForkedBooter.java:242) [surefire-booter-2.19.1.jar:2.19.1]
	at org.apache.maven.surefire.booter.ForkedBooter.main(ForkedBooter.java:121) [surefire-booter-2.19.1.jar:2.19.1]
09:47:38.980 [main] INFO  io.lavagna.service.Ldap - error for username "user" we have 0 results instead of 1 [error]
09:47:38.983 [main] ERROR io.lavagna.service.Ldap - error while opening the connection with message: unit test :D [error], check the logs for a more complete trace
javax.naming.NamingException: unit test :D
	at io.lavagna.service.LdapConnection.context(LdapConnection.java:37) ~[classes/:?]
	at io.lavagna.service.Ldap.authenticateWithParams(Ldap.java:78) [classes/:?]
	at io.lavagna.service.Ldap.authenticate(Ldap.java:67) [classes/:?]
	at io.lavagna.service.LdapTest.failOnFirstOpen(LdapTest.java:76) [test-classes/:?]
	at sun.reflect.NativeMethodAccessorImpl.invoke0(Native Method) ~[?:1.8.0_262]
	at sun.reflect.NativeMethodAccessorImpl.invoke(NativeMethodAccessorImpl.java:62) ~[?:1.8.0_262]
	at sun.reflect.DelegatingMethodAccessorImpl.invoke(DelegatingMethodAccessorImpl.java:43) ~[?:1.8.0_262]
	at java.lang.reflect.Method.invoke(Method.java:498) ~[?:1.8.0_262]
	at org.junit.runners.model.FrameworkMethod$1.runReflectiveCall(FrameworkMethod.java:50) [junit-4.12.jar:4.12]
	at org.junit.internal.runners.model.ReflectiveCallable.run(ReflectiveCallable.java:12) [junit-4.12.jar:4.12]
	at org.junit.runners.model.FrameworkMethod.invokeExplosively(FrameworkMethod.java:47) [junit-4.12.jar:4.12]
	at org.junit.internal.runners.statements.InvokeMethod.evaluate(InvokeMethod.java:17) [junit-4.12.jar:4.12]
	at org.junit.internal.runners.statements.RunBefores.evaluate(RunBefores.java:26) [junit-4.12.jar:4.12]
	at org.junit.runners.ParentRunner.runLeaf(ParentRunner.java:325) [junit-4.12.jar:4.12]
	at org.junit.runners.BlockJUnit4ClassRunner.runChild(BlockJUnit4ClassRunner.java:78) [junit-4.12.jar:4.12]
	at org.junit.runners.BlockJUnit4ClassRunner.runChild(BlockJUnit4ClassRunner.java:57) [junit-4.12.jar:4.12]
	at org.junit.runners.ParentRunner$3.run(ParentRunner.java:290) [junit-4.12.jar:4.12]
	at org.junit.runners.ParentRunner$1.schedule(ParentRunner.java:71) [junit-4.12.jar:4.12]
	at org.junit.runners.ParentRunner.runChildren(ParentRunner.java:288) [junit-4.12.jar:4.12]
	at org.junit.runners.ParentRunner.access$000(ParentRunner.java:58) [junit-4.12.jar:4.12]
	at org.junit.runners.ParentRunner$2.evaluate(ParentRunner.java:268) [junit-4.12.jar:4.12]
	at org.junit.runners.ParentRunner.run(ParentRunner.java:363) [junit-4.12.jar:4.12]
	at org.mockito.internal.runners.DefaultInternalRunner$1.run(DefaultInternalRunner.java:79) [mockito-core-2.23.0.jar:?]
	at org.mockito.internal.runners.DefaultInternalRunner.run(DefaultInternalRunner.java:85) [mockito-core-2.23.0.jar:?]
	at org.mockito.internal.runners.StrictRunner.run(StrictRunner.java:39) [mockito-core-2.23.0.jar:?]
	at org.mockito.junit.MockitoJUnitRunner.run(MockitoJUnitRunner.java:163) [mockito-core-2.23.0.jar:?]
	at org.apache.maven.surefire.junit4.JUnit4Provider.execute(JUnit4Provider.java:367) [surefire-junit4-2.19.1.jar:2.19.1]
	at org.apache.maven.surefire.junit4.JUnit4Provider.executeWithRerun(JUnit4Provider.java:274) [surefire-junit4-2.19.1.jar:2.19.1]
	at org.apache.maven.surefire.junit4.JUnit4Provider.executeTestSet(JUnit4Provider.java:238) [surefire-junit4-2.19.1.jar:2.19.1]
	at org.apache.maven.surefire.junit4.JUnit4Provider.invoke(JUnit4Provider.java:161) [surefire-junit4-2.19.1.jar:2.19.1]
	at org.apache.maven.surefire.booter.ForkedBooter.invokeProviderInSameClassLoader(ForkedBooter.java:290) [surefire-booter-2.19.1.jar:2.19.1]
	at org.apache.maven.surefire.booter.ForkedBooter.runSuitesInProcess(ForkedBooter.java:242) [surefire-booter-2.19.1.jar:2.19.1]
	at org.apache.maven.surefire.booter.ForkedBooter.main(ForkedBooter.java:121) [surefire-booter-2.19.1.jar:2.19.1]
Tests run: 4, Failures: 0, Errors: 0, Skipped: 0, Time elapsed: 0.792 sec - in io.lavagna.service.LdapTest
Running io.lavagna.service.EventEmitterTest
Tests run: 7, Failures: 0, Errors: 0, Skipped: 0, Time elapsed: 0.083 sec - in io.lavagna.service.EventEmitterTest
Running io.lavagna.service.SearchServiceTest
Tests run: 17, Failures: 0, Errors: 0, Skipped: 0, Time elapsed: 0.441 sec - in io.lavagna.service.SearchServiceTest
Running io.lavagna.service.EventRepositoryTest
Tests run: 11, Failures: 0, Errors: 0, Skipped: 0, Time elapsed: 0.109 sec - in io.lavagna.service.EventRepositoryTest
Running io.lavagna.service.NotificationServiceTest
Tests run: 3, Failures: 0, Errors: 0, Skipped: 0, Time elapsed: 0.078 sec - in io.lavagna.service.NotificationServiceTest
Running io.lavagna.service.CardEventRepositoryTest
Tests run: 1, Failures: 0, Errors: 0, Skipped: 0, Time elapsed: 0.014 sec - in io.lavagna.service.CardEventRepositoryTest
Running io.lavagna.service.UserServiceTest
Tests run: 4, Failures: 0, Errors: 0, Skipped: 0, Time elapsed: 0.013 sec - in io.lavagna.service.UserServiceTest
Running io.lavagna.service.CardServiceTest
Tests run: 4, Failures: 0, Errors: 0, Skipped: 0, Time elapsed: 0.052 sec - in io.lavagna.service.CardServiceTest
Running io.lavagna.service.CardDataRepositoryTest
Tests run: 2, Failures: 0, Errors: 0, Skipped: 0, Time elapsed: 0.014 sec - in io.lavagna.service.CardDataRepositoryTest
Running io.lavagna.service.BoardColumnRepositoryTest
Tests run: 15, Failures: 0, Errors: 0, Skipped: 0, Time elapsed: 0.084 sec - in io.lavagna.service.BoardColumnRepositoryTest
Running io.lavagna.service.BulkOperationServiceTest
Tests run: 10, Failures: 0, Errors: 0, Skipped: 0, Time elapsed: 0.19 sec - in io.lavagna.service.BulkOperationServiceTest
Running io.lavagna.service.ListValueMetadataRepositoryTest
Tests run: 4, Failures: 0, Errors: 0, Skipped: 0, Time elapsed: 0.03 sec - in io.lavagna.service.ListValueMetadataRepositoryTest
Running io.lavagna.service.ProjectServiceTest
Tests run: 13, Failures: 0, Errors: 0, Skipped: 0, Time elapsed: 0.053 sec - in io.lavagna.service.ProjectServiceTest
Running io.lavagna.service.CardLabelRepositoryTest
Tests run: 22, Failures: 0, Errors: 0, Skipped: 0, Time elapsed: 0.187 sec - in io.lavagna.service.CardLabelRepositoryTest
Running io.lavagna.service.CardRepositoryTest
Tests run: 18, Failures: 0, Errors: 0, Skipped: 0, Time elapsed: 0.163 sec - in io.lavagna.service.CardRepositoryTest
Running io.lavagna.service.MailTicketServiceTest
Tests run: 9, Failures: 0, Errors: 0, Skipped: 0, Time elapsed: 0.076 sec - in io.lavagna.service.MailTicketServiceTest

Results :

Tests run: 486, Failures: 0, Errors: 0, Skipped: 0

[INFO] 
[INFO] --- jacoco-maven-plugin:0.8.5:report (report) @ lavagna ---
[INFO] Loading execution data file /tmp/tmp4sjl9ukh/lavagna/target/jacoco.exec
[INFO] Analyzed bundle 'lavagna' with 425 classes
[INFO] ------------------------------------------------------------------------
[INFO] BUILD SUCCESS
[INFO] ------------------------------------------------------------------------
[INFO] Total time:  01:41 min
[INFO] Finished at: 2020-08-03T09:47:42Z
[INFO] ------------------------------------------------------------------------
