[INFO] Error stacktraces are turned on.
[INFO] Scanning for projects...
[INFO] 
[INFO] --------------< com.shri.eclipsetomaven:eclipse-to-maven >--------------
[INFO] Building eclipse-to-maven 0.0.1-SNAPSHOT
[INFO] --------------------------------[ jar ]---------------------------------
[INFO] 
[INFO] --- jacoco-maven-plugin:0.8.5:prepare-agent (default) @ eclipse-to-maven ---
[INFO] argLine set to -javaagent:/home/jdbl/.m2/repository/org/jacoco/org.jacoco.agent/0.8.5/org.jacoco.agent-0.8.5-runtime.jar=destfile=/tmp/tmpjhqr6_n1/eclipse-to-maven/target/jacoco.exec
[INFO] 
[INFO] --- maven-resources-plugin:2.6:resources (default-resources) @ eclipse-to-maven ---
[INFO] Using 'UTF-8' encoding to copy filtered resources.
[INFO] Copying 1 resource
[INFO] 
[INFO] --- maven-compiler-plugin:2.3.2:compile (default-compile) @ eclipse-to-maven ---
[INFO] Compiling 27 source files to /tmp/tmpjhqr6_n1/eclipse-to-maven/target/classes
[INFO] 
[INFO] --- maven-resources-plugin:2.6:testResources (default-testResources) @ eclipse-to-maven ---
[INFO] Using 'UTF-8' encoding to copy filtered resources.
[INFO] Copying 3 resources
[INFO] 
[INFO] --- maven-compiler-plugin:2.3.2:testCompile (default-testCompile) @ eclipse-to-maven ---
[INFO] Compiling 7 source files to /tmp/tmpjhqr6_n1/eclipse-to-maven/target/test-classes
[INFO] 
[INFO] --- maven-surefire-plugin:2.19.1:test (default-test) @ eclipse-to-maven ---
[INFO] Surefire report directory: /tmp/tmpjhqr6_n1/eclipse-to-maven/target/surefire-reports

-------------------------------------------------------
 T E S T S
-------------------------------------------------------
Running com.shri.eclipsetomaven.classpathentry.SrcClasspathEntryProcessorTest
Move file: /tmp/junit7926787245560656637/junit8914265649705416036/src/com/shri/test/main/Sample.java
Move file: /tmp/junit7926787245560656637/junit8914265649705416036/src/Sample.txt
Move file: /tmp/junit7926787245560656637/junit8914265649705416036/test/com/shri/test/model/SampleTest.java
Move file: /tmp/junit7926787245560656637/junit8914265649705416036/test/model.txt
Unable to move+++ /tmp/junit7926787245560656637/junit8914265649705416036/src/main/java [java.nio.file.DirectoryNotEmptyException: /tmp/junit7926787245560656637/junit8914265649705416036/src/main/java]
Move file: /tmp/junit7926787245560656637/junit8914265649705416036/Main/main.txt
Unable to move+++ /tmp/junit7926787245560656637/junit8914265649705416036/src/main/java/com [java.nio.file.DirectoryNotEmptyException: /tmp/junit7926787245560656637/junit8914265649705416036/src/main/java/com]
Unable to move+++ /tmp/junit7926787245560656637/junit8914265649705416036/src/main/java/com/shri [java.nio.file.DirectoryNotEmptyException: /tmp/junit7926787245560656637/junit8914265649705416036/src/main/java/com/shri]
Unable to move+++ /tmp/junit7926787245560656637/junit8914265649705416036/src/main/java/com/shri/test [java.nio.file.DirectoryNotEmptyException: /tmp/junit7926787245560656637/junit8914265649705416036/src/main/java/com/shri/test]
Move file: /tmp/junit7926787245560656637/junit8914265649705416036/Main/com/shri/test/model/Main.java
Move file: /tmp/junit7926787245560656637/junit8914265649705416036/Resources/com/shri/test/application.properties
Move file: /tmp/junit7926787245560656637/junit8914265649705416036/Resources/sample.xml
Tests run: 1, Failures: 0, Errors: 0, Skipped: 0, Time elapsed: 0.121 sec - in com.shri.eclipsetomaven.classpathentry.SrcClasspathEntryProcessorTest
Running com.shri.eclipsetomaven.util.CopyTest
Tests run: 1, Failures: 0, Errors: 0, Skipped: 1, Time elapsed: 0 sec - in com.shri.eclipsetomaven.util.CopyTest
Running com.shri.eclipsetomaven.util.ClasspathUtilTest
Tests run: 1, Failures: 0, Errors: 0, Skipped: 1, Time elapsed: 0 sec - in com.shri.eclipsetomaven.util.ClasspathUtilTest
Running com.shri.eclipsetomaven.EclipseToMavenFoldersMoverTest
Move file: /tmp/junit1124746976954658779/junit7769450799996464556/Main/com/shri/test/main/Sample.java
Move file: /tmp/junit1124746976954658779/junit7769450799996464556/Main/Sample.txt
Unable to move+++ /tmp/junit1124746976954658779/junit7769450799996464556/src/main/java [java.nio.file.DirectoryNotEmptyException: /tmp/junit1124746976954658779/junit7769450799996464556/src/main/java]
Unable to move+++ /tmp/junit1124746976954658779/junit7769450799996464556/src/main/java/com [java.nio.file.DirectoryNotEmptyException: /tmp/junit1124746976954658779/junit7769450799996464556/src/main/java/com]
Unable to move+++ /tmp/junit1124746976954658779/junit7769450799996464556/src/main/java/com/shri [java.nio.file.DirectoryNotEmptyException: /tmp/junit1124746976954658779/junit7769450799996464556/src/main/java/com/shri]
Unable to move+++ /tmp/junit1124746976954658779/junit7769450799996464556/src/main/java/com/shri/test [java.nio.file.DirectoryNotEmptyException: /tmp/junit1124746976954658779/junit7769450799996464556/src/main/java/com/shri/test]
Move file: /tmp/junit1124746976954658779/junit7769450799996464556/Model/com/shri/test/model/Model.java
Move file: /tmp/junit1124746976954658779/junit7769450799996464556/Model/model.txt
Move file: /tmp/junit4948861604238422935/junit8077484147870698200/Resources/com/shri/test/application.properties
Move file: /tmp/junit4948861604238422935/junit8077484147870698200/Resources/sample.xml
Move file: /tmp/junit773998576844523271/junit3111339010249407260/src/com/shri/test/main/Sample.java
Move file: /tmp/junit773998576844523271/junit3111339010249407260/src/Sample.txt
Unable to move+++ /tmp/junit773998576844523271/junit3111339010249407260/src/main/java [java.nio.file.DirectoryNotEmptyException: /tmp/junit773998576844523271/junit3111339010249407260/src/main/java]
Unable to move+++ /tmp/junit773998576844523271/junit3111339010249407260/src/main/java/com [java.nio.file.DirectoryNotEmptyException: /tmp/junit773998576844523271/junit3111339010249407260/src/main/java/com]
Unable to move+++ /tmp/junit773998576844523271/junit3111339010249407260/src/main/java/com/shri [java.nio.file.DirectoryNotEmptyException: /tmp/junit773998576844523271/junit3111339010249407260/src/main/java/com/shri]
Unable to move+++ /tmp/junit773998576844523271/junit3111339010249407260/src/main/java/com/shri/test [java.nio.file.DirectoryNotEmptyException: /tmp/junit773998576844523271/junit3111339010249407260/src/main/java/com/shri/test]
Move file: /tmp/junit773998576844523271/junit3111339010249407260/test/com/shri/test/model/Model.java
Move file: /tmp/junit773998576844523271/junit3111339010249407260/test/model.txt
Tests run: 3, Failures: 0, Errors: 0, Skipped: 0, Time elapsed: 0.049 sec - in com.shri.eclipsetomaven.EclipseToMavenFoldersMoverTest
Running com.shri.eclipsetomaven.EclipseToMavenTest
Tests run: 1, Failures: 0, Errors: 0, Skipped: 0, Time elapsed: 0 sec - in com.shri.eclipsetomaven.EclipseToMavenTest
Running com.shri.eclipsetomaven.pom.PomDependencyCreatorImplTest
Tests run: 7, Failures: 0, Errors: 0, Skipped: 3, Time elapsed: 0 sec - in com.shri.eclipsetomaven.pom.PomDependencyCreatorImplTest
Running com.shri.eclipsetomaven.pom.ClasspathToPomConverterTest
Tests run: 1, Failures: 0, Errors: 0, Skipped: 0, Time elapsed: 0.44 sec - in com.shri.eclipsetomaven.pom.ClasspathToPomConverterTest

Results :

Tests run: 15, Failures: 0, Errors: 0, Skipped: 5

[INFO] 
[INFO] --- jacoco-maven-plugin:0.8.5:report (report) @ eclipse-to-maven ---
[INFO] Loading execution data file /tmp/tmpjhqr6_n1/eclipse-to-maven/target/jacoco.exec
[INFO] Analyzed bundle 'eclipse-to-maven' with 128 classes
[INFO] ------------------------------------------------------------------------
[INFO] BUILD SUCCESS
[INFO] ------------------------------------------------------------------------
[INFO] Total time:  10.338 s
[INFO] Finished at: 2020-07-30T20:44:18Z
[INFO] ------------------------------------------------------------------------
