[INFO] Error stacktraces are turned on.
[INFO] Scanning for projects...
[INFO] 
[INFO] -----------------------< org.xerial:sqlite-jdbc >-----------------------
[INFO] Building SQLite JDBC 3.25.2
[INFO] --------------------------------[ jar ]---------------------------------
[INFO] 
[INFO] --- maven-enforcer-plugin:1.2:enforce (enforce-maven) @ sqlite-jdbc ---
[INFO] 
[INFO] --- maven-resources-plugin:2.6:resources (default-resources) @ sqlite-jdbc ---
[INFO] Using 'UTF-8' encoding to copy filtered resources.
[INFO] Copying 12 resources
[INFO] Copying 1 resource to META-INF/services
[INFO] Copying 1 resource
[INFO] Copying 3 resources to META-INF/maven/org.xerial/sqlite-jdbc
[INFO] 
[INFO] --- maven-compiler-plugin:3.1:compile (default-compile) @ sqlite-jdbc ---
[INFO] Changes detected - recompiling the module!
[INFO] Compiling 46 source files to /tmp/tmpltl7cgkh/sqlite-jdbc/target/classes
[WARNING] /tmp/tmpltl7cgkh/sqlite-jdbc/src/main/java/org/sqlite/jdbc4/JDBC4ResultSet.java: Some input files use or override a deprecated API.
[WARNING] /tmp/tmpltl7cgkh/sqlite-jdbc/src/main/java/org/sqlite/jdbc4/JDBC4ResultSet.java: Recompile with -Xlint:deprecation for details.
[WARNING] /tmp/tmpltl7cgkh/sqlite-jdbc/src/main/java/org/sqlite/jdbc3/JDBC3Connection.java: /tmp/tmpltl7cgkh/sqlite-jdbc/src/main/java/org/sqlite/jdbc3/JDBC3Connection.java uses unchecked or unsafe operations.
[WARNING] /tmp/tmpltl7cgkh/sqlite-jdbc/src/main/java/org/sqlite/jdbc3/JDBC3Connection.java: Recompile with -Xlint:unchecked for details.
[INFO] 
[INFO] --- maven-bundle-plugin:2.4.0:manifest (default) @ sqlite-jdbc ---
[INFO] 
[INFO] --- maven-resources-plugin:2.6:testResources (default-testResources) @ sqlite-jdbc ---
[INFO] Using 'UTF-8' encoding to copy filtered resources.
[INFO] Copying 2 resources
[INFO] skip non existing resourceDirectory /tmp/tmpltl7cgkh/sqlite-jdbc/src/test/resources
[INFO] 
[INFO] --- maven-compiler-plugin:3.1:testCompile (default-testCompile) @ sqlite-jdbc ---
[INFO] Changes detected - recompiling the module!
[INFO] Compiling 28 source files to /tmp/tmpltl7cgkh/sqlite-jdbc/target/test-classes
[WARNING] /tmp/tmpltl7cgkh/sqlite-jdbc/src/test/java/org/sqlite/PrepStmtTest.java: /tmp/tmpltl7cgkh/sqlite-jdbc/src/test/java/org/sqlite/PrepStmtTest.java uses or overrides a deprecated API.
[WARNING] /tmp/tmpltl7cgkh/sqlite-jdbc/src/test/java/org/sqlite/PrepStmtTest.java: Recompile with -Xlint:deprecation for details.
[INFO] 
[INFO] --- maven-surefire-plugin:2.12.4:test (default-test) @ sqlite-jdbc ---
[INFO] Surefire report directory: /tmp/tmpltl7cgkh/sqlite-jdbc/target/surefire-reports

-------------------------------------------------------
 T E S T S
-------------------------------------------------------
Running org.sqlite.SQLiteJDBCLoaderTest
Tests run: 4, Failures: 0, Errors: 0, Skipped: 0, Time elapsed: 3.145 sec
Running org.sqlite.DBMetaDataTest
Tests run: 37, Failures: 0, Errors: 0, Skipped: 0, Time elapsed: 0.077 sec
Running org.sqlite.BackupTest
Tests run: 2, Failures: 0, Errors: 0, Skipped: 0, Time elapsed: 0.12 sec
Running org.sqlite.ExtensionTest
Tests run: 3, Failures: 0, Errors: 0, Skipped: 0, Time elapsed: 0.003 sec
Running org.sqlite.TransactionTest
running in native mode
Tests run: 14, Failures: 0, Errors: 0, Skipped: 0, Time elapsed: 11.503 sec
Running org.sqlite.QueryTest
Tests run: 12, Failures: 0, Errors: 0, Skipped: 0, Time elapsed: 0.016 sec
Running org.sqlite.ErrorMessageTest
Tests run: 3, Failures: 0, Errors: 0, Skipped: 0, Time elapsed: 0.221 sec
Running org.sqlite.TypeMapTest
Tests run: 2, Failures: 0, Errors: 0, Skipped: 0, Time elapsed: 0 sec
Running org.sqlite.SQLiteConfigTest
Tests run: 1, Failures: 0, Errors: 0, Skipped: 0, Time elapsed: 0 sec
Running org.sqlite.JDBCTest
Tests run: 3, Failures: 0, Errors: 0, Skipped: 0, Time elapsed: 0.001 sec
Running org.sqlite.JSON1Test
Tests run: 57, Failures: 0, Errors: 0, Skipped: 0, Time elapsed: 0.018 sec
Running org.sqlite.util.OSInfoTest
Jul 30, 2020 6:44:53 PM org.sqlite.util.OSInfoTest testGetHardwareName
INFO: Hardware name: x86_64

Tests run: 6, Failures: 0, Errors: 0, Skipped: 0, Time elapsed: 0.085 sec
Running org.sqlite.SavepointTest
running in native mode
Tests run: 4, Failures: 0, Errors: 0, Skipped: 0, Time elapsed: 0.321 sec
Running org.sqlite.SQLiteConnectionPoolDataSourceTest
Tests run: 2, Failures: 0, Errors: 0, Skipped: 1, Time elapsed: 0.01 sec
Running org.sqlite.SQLiteDataSourceTest
Tests run: 2, Failures: 0, Errors: 0, Skipped: 0, Time elapsed: 0.003 sec
Running org.sqlite.PrepStmtTest
Tests run: 33, Failures: 0, Errors: 0, Skipped: 0, Time elapsed: 0.05 sec
Running org.sqlite.ProgressHandlerTest
Tests run: 3, Failures: 0, Errors: 0, Skipped: 0, Time elapsed: 0.003 sec
Running org.sqlite.ReadUncommittedTest
Tests run: 3, Failures: 0, Errors: 0, Skipped: 0, Time elapsed: 0.001 sec
Running org.sqlite.InsertQueryTest
Tests run: 3, Failures: 0, Errors: 0, Skipped: 0, Time elapsed: 1.166 sec
Running org.sqlite.ConnectionTest
Tests run: 21, Failures: 0, Errors: 0, Skipped: 0, Time elapsed: 0.081 sec
Running org.sqlite.StatementTest
Tests run: 35, Failures: 0, Errors: 0, Skipped: 1, Time elapsed: 0.016 sec
Running org.sqlite.FetchSizeTest
Tests run: 1, Failures: 0, Errors: 0, Skipped: 0, Time elapsed: 0.002 sec
Running org.sqlite.UDFTest
Tests run: 16, Failures: 0, Errors: 0, Skipped: 0, Time elapsed: 0.428 sec
Running org.sqlite.BusyHandlerTest
HEREorg.sqlite.SQLiteException: [SQLITE_BUSY]  The database file is locked (database is locked)
BLOBjava.sql.BatchUpdateException: batch entry 104: [SQLITE_BUSY]  The database file is locked (database is locked)
Tests run: 3, Failures: 0, Errors: 0, Skipped: 0, Time elapsed: 7.076 sec
Running org.sqlite.ResultSetTest
Tests run: 14, Failures: 0, Errors: 0, Skipped: 0, Time elapsed: 0.005 sec
Running org.sqlite.ExtendedCommandTest
Tests run: 2, Failures: 0, Errors: 0, Skipped: 0, Time elapsed: 0 sec
Running org.sqlite.RSMetaDataTest
Tests run: 9, Failures: 0, Errors: 0, Skipped: 0, Time elapsed: 0.004 sec

Results :

Tests run: 295, Failures: 0, Errors: 0, Skipped: 2

[INFO] 
[INFO] --- maven-jar-plugin:2.3.2:jar (default-jar) @ sqlite-jdbc ---
[INFO] Building jar: /tmp/tmpltl7cgkh/sqlite-jdbc/target/sqlite-jdbc-3.25.2.jar
[INFO] 
[INFO] --- maven-assembly-plugin:3.2.0:single (default) @ sqlite-jdbc ---
[INFO] Building jar: /tmp/tmpltl7cgkh/sqlite-jdbc/target/sqlite-jdbc-3.25.2-jar-with-dependencies.jar
[INFO] ------------------------------------------------------------------------
[INFO] BUILD SUCCESS
[INFO] ------------------------------------------------------------------------
[INFO] Total time:  33.007 s
[INFO] Finished at: 2020-07-30T18:45:06Z
[INFO] ------------------------------------------------------------------------
