[INFO] Error stacktraces are turned on.
[INFO] Scanning for projects...
[INFO] 
[INFO] ------------------------< org.mybatis:mybatis >-------------------------
[INFO] Building MyBatis 3.2.3
[INFO] --------------------------------[ jar ]---------------------------------
[INFO] 
[INFO] --- maven-enforcer-plugin:1.2:enforce (enforce-java) @ mybatis ---
[INFO] 
[INFO] --- maven-resources-plugin:2.6:resources (default-resources) @ mybatis ---
[INFO] Using 'UTF-8' encoding to copy filtered resources.
[INFO] Copying 2 resources to META-INF
[INFO] Copying 2 resources
[INFO] 
[INFO] --- maven-compiler-plugin:3.0:compile (default-compile) @ mybatis ---
[INFO] Changes detected - recompiling the module!
[INFO] Compiling 339 source files to /tmp/tmpv5sapgij/mybatis-3/target/classes
[WARNING] /tmp/tmpv5sapgij/mybatis-3/src/main/java/org/apache/ibatis/reflection/MetaObject.java: Some input files use unchecked or unsafe operations.
[WARNING] /tmp/tmpv5sapgij/mybatis-3/src/main/java/org/apache/ibatis/reflection/MetaObject.java: Recompile with -Xlint:unchecked for details.
[INFO] 
[INFO] --- jarjar-maven-plugin:1.7:jarjar (jarjar-classes) @ mybatis ---
[INFO] Processing: /tmp/tmpv5sapgij/mybatis-3/target/classes
[INFO] Building zip: /tmp/tmpv5sapgij/mybatis-3/target/jarjar/uber-classes
[INFO] JarJar'ing to: /tmp/tmpv5sapgij/mybatis-3/target/classes
[INFO] Original: /tmp/tmpv5sapgij/mybatis-3/target/original-classes
[INFO] 
[INFO] --- animal-sniffer-maven-plugin:1.9:check (check-java-1.5-compat) @ mybatis ---
[INFO] Signature checking is skipped.
[INFO] 
[INFO] --- maven-bundle-plugin:2.3.7:manifest (bundle-manifest) @ mybatis ---
[WARNING] Manifest org.mybatis:mybatis:jar:3.2.3 : Did not find matching referal for !ognl
[INFO] 
[INFO] --- maven-resources-plugin:2.6:testResources (default-testResources) @ mybatis ---
[INFO] Using 'UTF-8' encoding to copy filtered resources.
[INFO] Copying 416 resources
[INFO] 
[INFO] --- maven-compiler-plugin:3.0:testCompile (default-testCompile) @ mybatis ---
[INFO] Changes detected - recompiling the module!
[INFO] Compiling 745 source files to /tmp/tmpv5sapgij/mybatis-3/target/test-classes
[WARNING] /tmp/tmpv5sapgij/mybatis-3/src/test/java/org/apache/ibatis/submitted/blobtest/BlobTest.java: Some input files use or override a deprecated API.
[WARNING] /tmp/tmpv5sapgij/mybatis-3/src/test/java/org/apache/ibatis/submitted/blobtest/BlobTest.java: Recompile with -Xlint:deprecation for details.
[WARNING] /tmp/tmpv5sapgij/mybatis-3/src/test/java/com/ibatis/sqlmap/engine/builder/XmlSqlMapConfigParser.java: Some input files use unchecked or unsafe operations.
[WARNING] /tmp/tmpv5sapgij/mybatis-3/src/test/java/com/ibatis/sqlmap/engine/builder/XmlSqlMapConfigParser.java: Recompile with -Xlint:unchecked for details.
[INFO] 
[INFO] --- maven-surefire-plugin:2.13:test (default-test) @ mybatis ---
[INFO] Surefire report directory: /tmp/tmpv5sapgij/mybatis-3/target/surefire-reports

-------------------------------------------------------
 T E S T S
-------------------------------------------------------

-------------------------------------------------------
 T E S T S
-------------------------------------------------------
Running com.ibatis.sqlmap.DynamicTest
Tests run: 24, Failures: 0, Errors: 0, Skipped: 0, Time elapsed: 3.886 sec
Running com.ibatis.sqlmap.TransactionTest
Tests run: 9, Failures: 0, Errors: 0, Skipped: 0, Time elapsed: 3.543 sec
Running com.ibatis.sqlmap.DynamicPrependTest
Tests run: 15, Failures: 0, Errors: 0, Skipped: 0, Time elapsed: 3.366 sec
Running com.ibatis.sqlmap.NestedIterateTest
Tests run: 32, Failures: 0, Errors: 0, Skipped: 0, Time elapsed: 4 sec
Running com.ibatis.sqlmap.engine.cache.CacheKeyTest
Tests run: 1, Failures: 0, Errors: 0, Skipped: 0, Time elapsed: 0.052 sec
Running com.ibatis.sqlmap.DirectFieldMappingTest
Tests run: 3, Failures: 0, Errors: 0, Skipped: 0, Time elapsed: 1.269 sec
Running com.ibatis.sqlmap.MultiResultSetTest
Tests run: 4, Failures: 0, Errors: 0, Skipped: 0, Time elapsed: 3.906 sec
Running com.ibatis.sqlmap.CacheStatementTest
Tests run: 14, Failures: 0, Errors: 0, Skipped: 0, Time elapsed: 5.432 sec
Running com.ibatis.sqlmap.ComplexTypeTest
Tests run: 2, Failures: 0, Errors: 0, Skipped: 0, Time elapsed: 1.643 sec
Running com.ibatis.sqlmap.PrivateMethodAccessTest
Tests run: 2, Failures: 0, Errors: 0, Skipped: 0, Time elapsed: 1.465 sec
Running com.ibatis.sqlmap.BaseSqlMapTest
Tests run: 1, Failures: 0, Errors: 0, Skipped: 0, Time elapsed: 0.076 sec
Running com.ibatis.sqlmap.DiscriminatorTest
Tests run: 4, Failures: 0, Errors: 0, Skipped: 0, Time elapsed: 2.321 sec
Running com.ibatis.sqlmap.ResultMapTest
Tests run: 16, Failures: 0, Errors: 0, Skipped: 0, Time elapsed: 4.322 sec
Running com.ibatis.sqlmap.StatementTest
Tests run: 40, Failures: 0, Errors: 0, Skipped: 0, Time elapsed: 5.513 sec
Running com.ibatis.sqlmap.BatchTest
Tests run: 4, Failures: 0, Errors: 0, Skipped: 0, Time elapsed: 2.05 sec
Running com.ibatis.sqlmap.IterateTest
Tests run: 14, Failures: 0, Errors: 0, Skipped: 0, Time elapsed: 3.802 sec
Running com.ibatis.sqlmap.RepeatingGroupMappingTest
Tests run: 6, Failures: 0, Errors: 0, Skipped: 0, Time elapsed: 2.098 sec
Running com.ibatis.sqlmap.ResultObjectFactoryTest
Tests run: 2, Failures: 0, Errors: 0, Skipped: 0, Time elapsed: 1.241 sec
Running com.ibatis.sqlmap.ParameterMapTest
Tests run: 5, Failures: 0, Errors: 0, Skipped: 0, Time elapsed: 1.883 sec
Running com.ibatis.jpetstore.domain.BeanTest
Tests run: 1, Failures: 0, Errors: 0, Skipped: 0, Time elapsed: 0.069 sec
Running com.ibatis.jpetstore.persistence.ItemDaoTest
Tests run: 6, Failures: 0, Errors: 0, Skipped: 0, Time elapsed: 1.223 sec
Running com.ibatis.jpetstore.persistence.AccountDaoTest
Tests run: 5, Failures: 0, Errors: 0, Skipped: 0, Time elapsed: 1.302 sec
Running com.ibatis.jpetstore.persistence.BasePersistenceTest
Tests run: 1, Failures: 0, Errors: 0, Skipped: 0, Time elapsed: 0.94 sec
Running com.ibatis.jpetstore.persistence.OrderDaoTest
Tests run: 3, Failures: 0, Errors: 0, Skipped: 0, Time elapsed: 1.195 sec
Running com.ibatis.jpetstore.persistence.CategoryDaoTest
Tests run: 3, Failures: 0, Errors: 0, Skipped: 0, Time elapsed: 1.246 sec
Running com.ibatis.jpetstore.persistence.DaoManagerTest
Tests run: 1, Failures: 0, Errors: 0, Skipped: 0, Time elapsed: 1.07 sec
Running com.ibatis.jpetstore.persistence.SequenceDaoTest
Tests run: 2, Failures: 0, Errors: 0, Skipped: 0, Time elapsed: 1.381 sec
Running com.ibatis.jpetstore.persistence.ProductDaoTest
Tests run: 4, Failures: 0, Errors: 0, Skipped: 0, Time elapsed: 1.29 sec
Running com.ibatis.common.util.NodeletParserTest
Tests run: 1, Failures: 0, Errors: 0, Skipped: 0, Time elapsed: 0.16 sec
Running com.ibatis.common.util.PaginatedArrayListTest
Tests run: 3, Failures: 0, Errors: 0, Skipped: 0, Time elapsed: 0.088 sec
Running com.ibatis.common.resources.ResourcesTest
Tests run: 17, Failures: 0, Errors: 0, Skipped: 0, Time elapsed: 0.109 sec
Running com.submitted.resultmap.PeerListResultTest
Tests run: 1, Failures: 0, Errors: 0, Skipped: 0, Time elapsed: 1.155 sec
Running org.apache.ibatis.transaction.managed.ManagedTransactionFactoryTest
Tests run: 2, Failures: 0, Errors: 0, Skipped: 0, Time elapsed: 0.697 sec
Running org.apache.ibatis.metadata.MetadataTest
Tests run: 2, Failures: 0, Errors: 0, Skipped: 0, Time elapsed: 3.844 sec
Running org.apache.ibatis.executor.BatchExecutorTest
Tests run: 19, Failures: 0, Errors: 0, Skipped: 0, Time elapsed: 19.279 sec
Running org.apache.ibatis.executor.loader.CglibProxyTest
Tests run: 15, Failures: 0, Errors: 0, Skipped: 0, Time elapsed: 1.421 sec
Running org.apache.ibatis.executor.loader.JavassistProxyTest
Tests run: 15, Failures: 0, Errors: 0, Skipped: 0, Time elapsed: 2.058 sec
Running org.apache.ibatis.executor.CachingSimpleExecutorTest
Tests run: 19, Failures: 0, Errors: 0, Skipped: 0, Time elapsed: 22.367 sec
Running org.apache.ibatis.executor.ReuseExecutorTest
Tests run: 19, Failures: 0, Errors: 0, Skipped: 0, Time elapsed: 19.049 sec
Running org.apache.ibatis.executor.BaseExecutorTest
Tests run: 18, Failures: 0, Errors: 0, Skipped: 0, Time elapsed: 22.837 sec
Running org.apache.ibatis.executor.CachingReuseExecutorTest
Tests run: 19, Failures: 0, Errors: 0, Skipped: 0, Time elapsed: 20.079 sec
Running org.apache.ibatis.executor.ErrorContextTest
Tests run: 1, Failures: 0, Errors: 0, Skipped: 0, Time elapsed: 0.114 sec
Running org.apache.ibatis.executor.resultset.DefaultResultSetHandlerTest
Tests run: 1, Failures: 0, Errors: 0, Skipped: 0, Time elapsed: 0.946 sec
Running org.apache.ibatis.executor.CachingBatchExecutorTest
Tests run: 19, Failures: 0, Errors: 0, Skipped: 0, Time elapsed: 20.385 sec
Running org.apache.ibatis.executor.ResultExtractorTest
Tests run: 6, Failures: 0, Errors: 0, Skipped: 0, Time elapsed: 0.637 sec
Running org.apache.ibatis.parsing.XPathParserTest
Tests run: 1, Failures: 0, Errors: 0, Skipped: 0, Time elapsed: 0.178 sec
Running org.apache.ibatis.parsing.GenericTokenParserTest
Tests run: 3, Failures: 0, Errors: 0, Skipped: 0, Time elapsed: 0.264 sec
Running org.apache.ibatis.binding.BindingTest
Tests run: 39, Failures: 0, Errors: 0, Skipped: 1, Time elapsed: 8.046 sec
Running org.apache.ibatis.binding.WrongNamespacesTest
Tests run: 2, Failures: 0, Errors: 0, Skipped: 0, Time elapsed: 0.204 sec
Running org.apache.ibatis.exceptions.GeneralExceptionsTest
Tests run: 2, Failures: 0, Errors: 0, Skipped: 0, Time elapsed: 0.125 sec
Running org.apache.ibatis.plugin.PluginTest
Tests run: 2, Failures: 0, Errors: 0, Skipped: 0, Time elapsed: 0.133 sec
Running org.apache.ibatis.cache.SoftCacheTest
Tests run: 4, Failures: 0, Errors: 0, Skipped: 0, Time elapsed: 8.935 sec
Running org.apache.ibatis.cache.CacheKeyTest
Tests run: 4, Failures: 0, Errors: 0, Skipped: 0, Time elapsed: 2.114 sec
Running org.apache.ibatis.cache.PerpetualCacheTest
Tests run: 4, Failures: 0, Errors: 0, Skipped: 0, Time elapsed: 0.455 sec
Running org.apache.ibatis.cache.SuperCacheTest
Tests run: 1, Failures: 0, Errors: 0, Skipped: 0, Time elapsed: 2.868 sec
Running org.apache.ibatis.cache.WeakCacheTest
Tests run: 4, Failures: 0, Errors: 0, Skipped: 0, Time elapsed: 0.388 sec
Running org.apache.ibatis.cache.ScheduledCacheTest
Tests run: 3, Failures: 0, Errors: 0, Skipped: 0, Time elapsed: 5.13 sec
Running org.apache.ibatis.cache.FifoCacheTest
Tests run: 3, Failures: 0, Errors: 0, Skipped: 0, Time elapsed: 0.068 sec
Running org.apache.ibatis.cache.LruCacheTest
Tests run: 3, Failures: 0, Errors: 0, Skipped: 0, Time elapsed: 0.086 sec
Running org.apache.ibatis.cache.BaseCacheTest
Tests run: 1, Failures: 0, Errors: 0, Skipped: 0, Time elapsed: 0.117 sec
Running org.apache.ibatis.session.SqlSessionTest
Tests run: 55, Failures: 0, Errors: 0, Skipped: 0, Time elapsed: 5.028 sec
Running org.apache.ibatis.session.SqlSessionManagerTest
Tests run: 48, Failures: 0, Errors: 0, Skipped: 1, Time elapsed: 53.94 sec
Running org.apache.ibatis.mapping.ResultMappingTest
Tests run: 2, Failures: 0, Errors: 0, Skipped: 0, Time elapsed: 0.338 sec
Running org.apache.ibatis.builder.XmlConfigBuilderTest
Tests run: 2, Failures: 0, Errors: 0, Skipped: 0, Time elapsed: 0.169 sec
Running org.apache.ibatis.builder.xml.dynamic.DynamicSqlSourceTest
Tests run: 22, Failures: 0, Errors: 0, Skipped: 0, Time elapsed: 25.852 sec
Running org.apache.ibatis.builder.xml.dynamic.ExpressionEvaluatorTest
Tests run: 7, Failures: 0, Errors: 0, Skipped: 0, Time elapsed: 0.093 sec
Running org.apache.ibatis.builder.ParameterExpressionTest
Tests run: 11, Failures: 0, Errors: 0, Skipped: 0, Time elapsed: 0.075 sec
Running org.apache.ibatis.builder.XmlMapperBuilderTest
Tests run: 1, Failures: 0, Errors: 0, Skipped: 0, Time elapsed: 0.237 sec
Running org.apache.ibatis.type.TypeHandlerRegistryTest
Tests run: 3, Failures: 0, Errors: 0, Skipped: 0, Time elapsed: 0.089 sec
Running org.apache.ibatis.type.BooleanTypeHandlerTest
Tests run: 3, Failures: 0, Errors: 0, Skipped: 0, Time elapsed: 0.33 sec
Running org.apache.ibatis.type.CharacterTypeHandlerTest
Tests run: 6, Failures: 0, Errors: 0, Skipped: 0, Time elapsed: 0.226 sec
Running org.apache.ibatis.type.ByteTypeHandlerTest
Tests run: 3, Failures: 0, Errors: 0, Skipped: 0, Time elapsed: 0.382 sec
Running org.apache.ibatis.type.BigDecimalTypeHandlerTest
Tests run: 3, Failures: 0, Errors: 0, Skipped: 0, Time elapsed: 0.4 sec
Running org.apache.ibatis.type.IntegerTypeHandlerTest
Tests run: 3, Failures: 0, Errors: 0, Skipped: 0, Time elapsed: 0.401 sec
Running org.apache.ibatis.type.ShortTypeHandlerTest
Tests run: 3, Failures: 0, Errors: 0, Skipped: 0, Time elapsed: 0.491 sec
Running org.apache.ibatis.type.FloatTypeHandlerTest
Tests run: 3, Failures: 0, Errors: 0, Skipped: 0, Time elapsed: 0.293 sec
Running org.apache.ibatis.type.ByteArrayTypeHandlerTest
Tests run: 3, Failures: 0, Errors: 0, Skipped: 0, Time elapsed: 0.284 sec
Running org.apache.ibatis.type.DateOnlyTypeHandlerTest
Tests run: 3, Failures: 0, Errors: 0, Skipped: 0, Time elapsed: 0.223 sec
Running org.apache.ibatis.type.BlobTypeHandlerTest
Tests run: 3, Failures: 0, Errors: 0, Skipped: 0, Time elapsed: 0.273 sec
Running org.apache.ibatis.type.GenericTypeSupportedInHierarchiesTestCase
Tests run: 1, Failures: 0, Errors: 0, Skipped: 0, Time elapsed: 0.05 sec
Running org.apache.ibatis.type.TimeOnlyTypeHandlerTest
Tests run: 3, Failures: 0, Errors: 0, Skipped: 0, Time elapsed: 0.244 sec
Running org.apache.ibatis.type.SqlDateTypeHandlerTest
Tests run: 3, Failures: 0, Errors: 0, Skipped: 0, Time elapsed: 0.262 sec
Running org.apache.ibatis.type.SqlTimetampTypeHandlerTest
Tests run: 3, Failures: 0, Errors: 0, Skipped: 0, Time elapsed: 0.313 sec
Running org.apache.ibatis.type.SqlTimeTypeHandlerTest
Tests run: 3, Failures: 0, Errors: 0, Skipped: 0, Time elapsed: 0.382 sec
Running org.apache.ibatis.type.BigIntegerTypeHandlerTest
Tests run: 3, Failures: 0, Errors: 0, Skipped: 0, Time elapsed: 0.642 sec
Running org.apache.ibatis.type.LongTypeHandlerTest
Tests run: 3, Failures: 0, Errors: 0, Skipped: 0, Time elapsed: 0.453 sec
Running org.apache.ibatis.type.DateTypeHandlerTest
Tests run: 3, Failures: 0, Errors: 0, Skipped: 0, Time elapsed: 0.288 sec
Running org.apache.ibatis.type.SimpleTypeRegistryTest
Tests run: 3, Failures: 0, Errors: 0, Skipped: 0, Time elapsed: 0.082 sec
Running org.apache.ibatis.type.EnumTypeHandlerTest
Tests run: 6, Failures: 0, Errors: 0, Skipped: 0, Time elapsed: 0.251 sec
Running org.apache.ibatis.type.ObjectTypeHandlerTest
Tests run: 3, Failures: 0, Errors: 0, Skipped: 0, Time elapsed: 0.354 sec
Running org.apache.ibatis.type.StringTypeHandlerTest
Tests run: 5, Failures: 0, Errors: 0, Skipped: 0, Time elapsed: 0.463 sec
Running org.apache.ibatis.type.ClobTypeHandlerTest
Tests run: 3, Failures: 0, Errors: 0, Skipped: 0, Time elapsed: 0.361 sec
Running org.apache.ibatis.type.EnumOrdinalTypeHandlerTest
Tests run: 6, Failures: 0, Errors: 0, Skipped: 0, Time elapsed: 0.65 sec
Running org.apache.ibatis.type.TypeAliasRegistryTest
Tests run: 6, Failures: 0, Errors: 0, Skipped: 0, Time elapsed: 0.092 sec
Running org.apache.ibatis.type.UnknownTypeHandlerTest
Tests run: 3, Failures: 0, Errors: 0, Skipped: 0, Time elapsed: 0.69 sec
Running org.apache.ibatis.type.DoubleTypeHandlerTest
Tests run: 3, Failures: 0, Errors: 0, Skipped: 0, Time elapsed: 0.651 sec
Running org.apache.ibatis.reflection.MetaClassTest
Tests run: 7, Failures: 0, Errors: 0, Skipped: 0, Time elapsed: 0.078 sec
Running org.apache.ibatis.reflection.ExceptionUtilTest
Tests run: 1, Failures: 0, Errors: 0, Skipped: 0, Time elapsed: 0.074 sec
Running org.apache.ibatis.reflection.ReflectorTest
Tests run: 3, Failures: 0, Errors: 0, Skipped: 0, Time elapsed: 0.085 sec
Running org.apache.ibatis.reflection.MetaObjectTest
Tests run: 25, Failures: 0, Errors: 0, Skipped: 0, Time elapsed: 0.152 sec
Running org.apache.ibatis.submitted.extendresultmap.ExtendResultMapTest
Tests run: 1, Failures: 0, Errors: 0, Skipped: 0, Time elapsed: 0.9 sec
Running org.apache.ibatis.submitted.sptests.SPTest
Tests run: 29, Failures: 0, Errors: 0, Skipped: 0, Time elapsed: 0.915 sec
Running org.apache.ibatis.submitted.cacheorder.CacheOrderTest
Tests run: 1, Failures: 0, Errors: 0, Skipped: 0, Time elapsed: 0.712 sec
Running org.apache.ibatis.submitted.criterion.CriterionTest
Tests run: 1, Failures: 0, Errors: 0, Skipped: 0, Time elapsed: 0.872 sec
Running org.apache.ibatis.submitted.stringlist.StringListTest
Tests run: 1, Failures: 0, Errors: 0, Skipped: 0, Time elapsed: 0.989 sec
Running org.apache.ibatis.submitted.no_param_type.NoParamTypeTest
Tests run: 1, Failures: 0, Errors: 0, Skipped: 0, Time elapsed: 1.01 sec
Running org.apache.ibatis.submitted.enumtypehandler_on_map.EnumTypeHandlerTest
Tests run: 2, Failures: 0, Errors: 0, Skipped: 0, Time elapsed: 0.975 sec
Running org.apache.ibatis.submitted.dynsql2.DynSqlTest
Tests run: 2, Failures: 0, Errors: 0, Skipped: 0, Time elapsed: 0.879 sec
Running org.apache.ibatis.submitted.refid_resolution.RefidResolutionTest
Tests run: 1, Failures: 0, Errors: 0, Skipped: 0, Time elapsed: 0.3 sec
Running org.apache.ibatis.submitted.refid_resolution.ExternalRefidResolutionTest
Tests run: 1, Failures: 0, Errors: 0, Skipped: 0, Time elapsed: 0.293 sec
Running org.apache.ibatis.submitted.complex_column.ComplexColumnTest
Tests run: 5, Failures: 0, Errors: 0, Skipped: 0, Time elapsed: 0.953 sec
Running org.apache.ibatis.submitted.substitution_in_annots.SubstitutionInAnnotsTest
Tests run: 4, Failures: 0, Errors: 0, Skipped: 0, Time elapsed: 0.907 sec
Running org.apache.ibatis.submitted.sqlprovider.SqlProviderTest
Tests run: 2, Failures: 0, Errors: 0, Skipped: 0, Time elapsed: 0.631 sec
Running org.apache.ibatis.submitted.blobtest.BlobTest
Tests run: 2, Failures: 0, Errors: 0, Skipped: 0, Time elapsed: 0.611 sec
Running org.apache.ibatis.submitted.overwritingproperties.FooMapperTest
Tests run: 1, Failures: 0, Errors: 0, Skipped: 0, Time elapsed: 0.653 sec
Running org.apache.ibatis.submitted.nestedresulthandler.NestedResultHandlerTest
Tests run: 4, Failures: 0, Errors: 0, Skipped: 0, Time elapsed: 0.749 sec
Running org.apache.ibatis.submitted.column_prefix.ColumnPrefixAutoMappingTest
Tests run: 2, Failures: 0, Errors: 0, Skipped: 0, Time elapsed: 0.74 sec
Running org.apache.ibatis.submitted.column_prefix.ColumnPrefixTest
Tests run: 2, Failures: 0, Errors: 0, Skipped: 0, Time elapsed: 0.798 sec
Running org.apache.ibatis.submitted.column_prefix.ColumnPrefixNestedQueryTest
Tests run: 2, Failures: 0, Errors: 0, Skipped: 0, Time elapsed: 0.714 sec
Running org.apache.ibatis.submitted.ognlstatic.OgnlStaticTest
Tests run: 2, Failures: 0, Errors: 0, Skipped: 0, Time elapsed: 0.575 sec
Running org.apache.ibatis.submitted.multidb.ProviderTest
Tests run: 2, Failures: 0, Errors: 0, Skipped: 0, Time elapsed: 0.493 sec
Running org.apache.ibatis.submitted.multidb.MultiDbTest
Tests run: 6, Failures: 0, Errors: 0, Skipped: 0, Time elapsed: 0.679 sec
Running org.apache.ibatis.submitted.inheritance.InheritanceTest
Tests run: 1, Failures: 0, Errors: 0, Skipped: 0, Time elapsed: 0.548 sec
Running org.apache.ibatis.submitted.nonexistentvariables.NonExistentVariablesTest
Tests run: 1, Failures: 0, Errors: 0, Skipped: 0, Time elapsed: 0.514 sec
Running org.apache.ibatis.submitted.batch_keys.BatchKeysTest
Tests run: 2, Failures: 0, Errors: 0, Skipped: 0, Time elapsed: 0.65 sec
Running org.apache.ibatis.submitted.ognl_enum.EnumWithOgnlTest
Tests run: 5, Failures: 0, Errors: 0, Skipped: 0, Time elapsed: 0.667 sec
Running org.apache.ibatis.submitted.nested.NestedForEachTest
Tests run: 5, Failures: 0, Errors: 0, Skipped: 0, Time elapsed: 0.523 sec
Running org.apache.ibatis.submitted.column_forwarding.ColumnForwardingTest
Tests run: 2, Failures: 0, Errors: 0, Skipped: 0, Time elapsed: 0.547 sec
Running org.apache.ibatis.submitted.valueinmap.ValueInMapTest
Tests run: 2, Failures: 0, Errors: 0, Skipped: 0, Time elapsed: 0.671 sec
Running org.apache.ibatis.submitted.map_class_name_conflict.test.MapperNameTest
Tests run: 1, Failures: 0, Errors: 0, Skipped: 0, Time elapsed: 0.29 sec
Running org.apache.ibatis.submitted.quotedcolumnnames.QuotedColumnNamesTest
Tests run: 2, Failures: 0, Errors: 0, Skipped: 0, Time elapsed: 0.691 sec
Running org.apache.ibatis.submitted.cglib_lazy_error.CglibNPELazyTest
Tests run: 5, Failures: 0, Errors: 0, Skipped: 0, Time elapsed: 0.909 sec
Running org.apache.ibatis.submitted.cglib_lazy_error.CglibNPETest
Tests run: 7, Failures: 0, Errors: 0, Skipped: 0, Time elapsed: 0.784 sec
Running org.apache.ibatis.submitted.permissions.PermissionsTest
Tests run: 1, Failures: 0, Errors: 0, Skipped: 0, Time elapsed: 0.908 sec
Running org.apache.ibatis.submitted.dynsql.DynSqlTest
Tests run: 5, Failures: 0, Errors: 0, Skipped: 0, Time elapsed: 0.706 sec
Running org.apache.ibatis.submitted.custom_collection_handling.CustomCollectionHandlingTest
Tests run: 2, Failures: 0, Errors: 0, Skipped: 0, Time elapsed: 0.618 sec
Running org.apache.ibatis.submitted.manyanno.ManyAnnoTest
Tests run: 1, Failures: 0, Errors: 0, Skipped: 0, Time elapsed: 3.006 sec
Running org.apache.ibatis.submitted.call_setters_on_nulls.DoNotCallSettersOnNullsTest
Tests run: 3, Failures: 0, Errors: 0, Skipped: 0, Time elapsed: 0.712 sec
Running org.apache.ibatis.submitted.call_setters_on_nulls.CallSettersOnNullsTest
Tests run: 5, Failures: 0, Errors: 0, Skipped: 0, Time elapsed: 0.697 sec
Running org.apache.ibatis.submitted.primitive_result_type.PrimitiveResultTypeTest
Tests run: 2, Failures: 0, Errors: 0, Skipped: 0, Time elapsed: 0.815 sec
Running org.apache.ibatis.submitted.mapper_extend.MapperExtendTest
Tests run: 4, Failures: 0, Errors: 0, Skipped: 0, Time elapsed: 0.665 sec
Running org.apache.ibatis.submitted.unknownobject.UnknownObjectTest
Tests run: 1, Failures: 0, Errors: 0, Skipped: 0, Time elapsed: 0.381 sec
Running org.apache.ibatis.submitted.disallowdotsonnames.DisallowDotsOnNamesTest
Tests run: 1, Failures: 0, Errors: 0, Skipped: 0, Time elapsed: 0.299 sec
Running org.apache.ibatis.submitted.typehandlerinjection.TypeHandlerInjectionTest
Tests run: 1, Failures: 0, Errors: 0, Skipped: 0, Time elapsed: 0.814 sec
Running org.apache.ibatis.submitted.empty_namespace.EmptyNamespaceTest
Tests run: 1, Failures: 0, Errors: 0, Skipped: 0, Time elapsed: 0.3 sec
Running org.apache.ibatis.submitted.force_flush_on_select.ForceFlushOnSelectTest
Tests run: 6, Failures: 0, Errors: 0, Skipped: 0, Time elapsed: 1.084 sec
Running org.apache.ibatis.submitted.keycolumn.InsertTest
Tests run: 1, Failures: 0, Errors: 0, Skipped: 1, Time elapsed: 0.036 sec
Running org.apache.ibatis.submitted.cache.CacheTest
Tests run: 3, Failures: 0, Errors: 0, Skipped: 0, Time elapsed: 1.108 sec
Running org.apache.ibatis.submitted.basetest.BaseTest
Tests run: 2, Failures: 0, Errors: 0, Skipped: 0, Time elapsed: 0.626 sec
Running org.apache.ibatis.submitted.language.LanguageTest
Tests run: 11, Failures: 0, Errors: 0, Skipped: 0, Time elapsed: 0.968 sec
Running org.apache.ibatis.submitted.generictypes.GenericTypesTest
Tests run: 1, Failures: 0, Errors: 0, Skipped: 0, Time elapsed: 0.996 sec
Running org.apache.ibatis.submitted.duplicate_statements.DuplicateStatementsTest
Tests run: 5, Failures: 0, Errors: 0, Skipped: 2, Time elapsed: 0.865 sec
Running org.apache.ibatis.submitted.refcursor.RefCursorTest
Tests run: 1, Failures: 0, Errors: 0, Skipped: 1, Time elapsed: 0.028 sec
Running org.apache.ibatis.submitted.dml_return_types.DmlMapperReturnTypesTest
Tests run: 7, Failures: 0, Errors: 0, Skipped: 0, Time elapsed: 0.837 sec
Running org.apache.ibatis.submitted.automapping.AutomappingTest
Tests run: 3, Failures: 0, Errors: 0, Skipped: 0, Time elapsed: 0.712 sec
Running org.apache.ibatis.submitted.result_handler.ResulthandlerTest
Tests run: 2, Failures: 0, Errors: 0, Skipped: 0, Time elapsed: 1.019 sec
Running org.apache.ibatis.submitted.multiple_discriminator.MultipleDiscriminatorTest
Tests run: 3, Failures: 0, Errors: 0, Skipped: 0, Time elapsed: 1.035 sec
Running org.apache.ibatis.submitted.resultmapwithassociationstest.ResultMapWithAssociationsTest
Tests run: 1, Failures: 0, Errors: 0, Skipped: 0, Time elapsed: 0.356 sec
Running org.apache.ibatis.submitted.integer_enum.IntegerEnumTest
Tests run: 1, Failures: 0, Errors: 0, Skipped: 0, Time elapsed: 0.75 sec
Running org.apache.ibatis.submitted.xml_references.EnumWithOgnlTest
Tests run: 2, Failures: 0, Errors: 0, Skipped: 0, Time elapsed: 0.446 sec
Running org.apache.ibatis.submitted.flush_statement_npe.FlushStatementNpeTest
Tests run: 3, Failures: 0, Errors: 0, Skipped: 0, Time elapsed: 0.626 sec
Running org.apache.ibatis.submitted.serializecircular.SerializeCircularTest
Tests run: 4, Failures: 0, Errors: 0, Skipped: 0, Time elapsed: 1.13 sec
Running org.apache.ibatis.submitted.missing_id_property.MissingIdPropertyTest
Tests run: 1, Failures: 0, Errors: 0, Skipped: 0, Time elapsed: 0.855 sec
Running org.apache.ibatis.submitted.encoding.EncodingTest
Tests run: 2, Failures: 0, Errors: 0, Skipped: 0, Time elapsed: 0.71 sec
Running org.apache.ibatis.submitted.selectkey.SelectKeyTest
Tests run: 9, Failures: 0, Errors: 0, Skipped: 0, Time elapsed: 1.016 sec
Running org.apache.ibatis.submitted.javassist.JavassistTest
Tests run: 1, Failures: 0, Errors: 0, Skipped: 0, Time elapsed: 0.721 sec
Running org.apache.ibatis.submitted.multiple_resultsets.MultipleResultTest
Tests run: 1, Failures: 0, Errors: 0, Skipped: 1, Time elapsed: 0.019 sec
Running org.apache.ibatis.submitted.multipleiterates.MultipleIteratesTest
Tests run: 1, Failures: 0, Errors: 0, Skipped: 0, Time elapsed: 0.566 sec
Running org.apache.ibatis.submitted.associationtest.AssociationTest
Tests run: 3, Failures: 0, Errors: 0, Skipped: 0, Time elapsed: 0.586 sec
Running org.apache.ibatis.submitted.result_handler_type.DefaultResultHandlerTypeTest
Tests run: 3, Failures: 0, Errors: 0, Skipped: 0, Time elapsed: 0.689 sec
Running org.apache.ibatis.submitted.lazyload_proxyfactory_comparison.DefaultLazyTest
Tests run: 6, Failures: 0, Errors: 0, Skipped: 0, Time elapsed: 0.737 sec
Running org.apache.ibatis.submitted.lazyload_proxyfactory_comparison.JavassistLazyTest
Tests run: 1, Failures: 0, Errors: 0, Skipped: 1, Time elapsed: 0.014 sec
Running org.apache.ibatis.submitted.lazyload_proxyfactory_comparison.CglibLazyTest
Tests run: 6, Failures: 0, Errors: 0, Skipped: 0, Time elapsed: 1.034 sec
Running org.apache.ibatis.submitted.complex_type.ComplexTypeTest
Tests run: 1, Failures: 0, Errors: 0, Skipped: 0, Time elapsed: 0.522 sec
Running org.apache.ibatis.submitted.extends_with_constructor.NpeExtendsTest
Tests run: 4, Failures: 0, Errors: 0, Skipped: 0, Time elapsed: 0.494 sec
Running org.apache.ibatis.submitted.simplelistparameter.SimpleListParameterTest
Tests run: 1, Failures: 0, Errors: 0, Skipped: 0, Time elapsed: 0.543 sec
Running org.apache.ibatis.submitted.nested_query_cache.NestedQueryCacheTest
Tests run: 1, Failures: 0, Errors: 0, Skipped: 0, Time elapsed: 2.221 sec
Running org.apache.ibatis.submitted.typehandler.TypeHandlerTest
Tests run: 1, Failures: 0, Errors: 0, Skipped: 0, Time elapsed: 0.498 sec
Running org.apache.ibatis.submitted.primitives.PrimitivesTest
Tests run: 1, Failures: 0, Errors: 0, Skipped: 0, Time elapsed: 0.478 sec
Running org.apache.ibatis.submitted.rounding.RoundingHandlersTest
Tests run: 2, Failures: 0, Errors: 0, Skipped: 0, Time elapsed: 0.608 sec
Running org.apache.ibatis.submitted.null_with_no_jdbctype.NullWithNoJdbcTypeTest
Tests run: 2, Failures: 0, Errors: 0, Skipped: 0, Time elapsed: 2.571 sec
Running org.apache.ibatis.submitted.autodiscover.AutodiscoverTest
Tests run: 3, Failures: 0, Errors: 0, Skipped: 0, Time elapsed: 0.415 sec
Running org.apache.ibatis.submitted.inline_association_with_dot.InlineCollectionWithDotTest
Tests run: 2, Failures: 0, Errors: 0, Skipped: 0, Time elapsed: 0.777 sec
Running org.apache.ibatis.submitted.extend.ExtendTest
Tests run: 1, Failures: 0, Errors: 0, Skipped: 0, Time elapsed: 0.943 sec
Running org.apache.ibatis.submitted.foreach_map.ForEachMapTest
Tests run: 4, Failures: 0, Errors: 0, Skipped: 0, Time elapsed: 0.938 sec
Running org.apache.ibatis.submitted.complex_property.ComponentTest
Tests run: 1, Failures: 0, Errors: 0, Skipped: 0, Time elapsed: 0.658 sec
Running org.apache.ibatis.submitted.duplicate_resource_loaded.DuplicateResourceTest
Tests run: 1, Failures: 0, Errors: 0, Skipped: 0, Time elapsed: 2.42 sec
Running org.apache.ibatis.submitted.associationtype.AssociationTypeTest
Tests run: 1, Failures: 0, Errors: 0, Skipped: 0, Time elapsed: 0.61 sec
Running org.apache.ibatis.submitted.parent_childs.ParentChildTest
Tests run: 1, Failures: 0, Errors: 0, Skipped: 0, Time elapsed: 0.711 sec
Running org.apache.ibatis.submitted.not_null_column.NotNullColumnTest
Tests run: 8, Failures: 0, Errors: 0, Skipped: 0, Time elapsed: 0.849 sec
Running org.apache.ibatis.submitted.automatic_lazy_loading.AutomaticLazyLoadingTest
Tests run: 6, Failures: 0, Errors: 0, Skipped: 0, Time elapsed: 1.397 sec
Running org.apache.ibatis.submitted.awful_table.AwfulTableTest
Tests run: 1, Failures: 0, Errors: 0, Skipped: 0, Time elapsed: 0.687 sec
Running org.apache.ibatis.submitted.xml_external_ref.MultipleCrossIncludeTest
Tests run: 3, Failures: 0, Errors: 0, Skipped: 0, Time elapsed: 1.042 sec
Running org.apache.ibatis.submitted.xml_external_ref.SameIdTest
Tests run: 2, Failures: 0, Errors: 0, Skipped: 0, Time elapsed: 0.716 sec
Running org.apache.ibatis.submitted.xml_external_ref.XmlExternalRefTest
Tests run: 5, Failures: 0, Errors: 0, Skipped: 0, Time elapsed: 0.81 sec
Running org.apache.ibatis.submitted.xml_external_ref.MultipleReverseIncludeTest
Tests run: 2, Failures: 0, Errors: 0, Skipped: 0, Time elapsed: 0.756 sec
Running org.apache.ibatis.submitted.xml_external_ref.ShortNameTest
Tests run: 2, Failures: 0, Errors: 0, Skipped: 0, Time elapsed: 0.58 sec
Running org.apache.ibatis.submitted.xml_external_ref.ResultMapExtendsTest
Tests run: 2, Failures: 0, Errors: 0, Skipped: 0, Time elapsed: 0.981 sec
Running org.apache.ibatis.submitted.xml_external_ref.MultipleIncludeTest
Tests run: 2, Failures: 0, Errors: 0, Skipped: 0, Time elapsed: 0.871 sec
Running org.apache.ibatis.submitted.xml_external_ref.ReverseIncludeTest
Tests run: 2, Failures: 0, Errors: 0, Skipped: 0, Time elapsed: 0.991 sec
Running org.apache.ibatis.submitted.xml_external_ref.ResultMapReferenceTest
Tests run: 2, Failures: 0, Errors: 0, Skipped: 0, Time elapsed: 0.967 sec
Running org.apache.ibatis.submitted.xml_external_ref.ParameterMapReferenceTest
Tests run: 2, Failures: 0, Errors: 0, Skipped: 0, Time elapsed: 0.911 sec
Running org.apache.ibatis.submitted.xml_external_ref.NonFullyQualifiedNamespaceTest
Tests run: 1, Failures: 0, Errors: 0, Skipped: 0, Time elapsed: 0.803 sec
Running org.apache.ibatis.submitted.includes.IncludeTest
Tests run: 1, Failures: 0, Errors: 0, Skipped: 0, Time elapsed: 0.855 sec
Running org.apache.ibatis.submitted.parent_reference_3level.BlogTest
Tests run: 2, Failures: 0, Errors: 0, Skipped: 0, Time elapsed: 0.947 sec
Running org.apache.ibatis.submitted.lazy_deserialize.LazyDeserializeTest
Tests run: 1, Failures: 0, Errors: 0, Skipped: 0, Time elapsed: 0.914 sec
Running org.apache.ibatis.submitted.lazy_immutable.ImmutablePOJOTest
Tests run: 1, Failures: 0, Errors: 0, Skipped: 0, Time elapsed: 0.885 sec
Running org.apache.ibatis.submitted.count.CountTest
Tests run: 1, Failures: 0, Errors: 0, Skipped: 0, Time elapsed: 0.77 sec
Running org.apache.ibatis.submitted.propertiesinmapperfiles.PropertiesInMappersTest
Tests run: 1, Failures: 0, Errors: 0, Skipped: 0, Time elapsed: 0.739 sec
Running org.apache.ibatis.submitted.camelcase.CamelCaseMappingTest
Tests run: 2, Failures: 0, Errors: 0, Skipped: 0, Time elapsed: 0.874 sec
Running org.apache.ibatis.submitted.null_associations.FooMapperTest
Tests run: 2, Failures: 0, Errors: 0, Skipped: 0, Time elapsed: 0.73 sec
Running org.apache.ibatis.submitted.foreach.ForEachTest
Tests run: 3, Failures: 0, Errors: 0, Skipped: 0, Time elapsed: 0.708 sec
Running org.apache.ibatis.submitted.parametrizedlist.ParametrizedListTest
Tests run: 4, Failures: 0, Errors: 0, Skipped: 0, Time elapsed: 0.831 sec
Running org.apache.ibatis.submitted.initialized_collection_property.AuthorDAOTest
Tests run: 2, Failures: 0, Errors: 0, Skipped: 1, Time elapsed: 0.908 sec
Running org.apache.ibatis.logging.LogFactoryTest
Logging initialized using 'class org.apache.ibatis.logging.stdout.StdOutImpl' adapter.
Warning message.
Debug message.
Error message.
Error with Exception.
java.lang.Exception: Test exception.
	at org.apache.ibatis.logging.LogFactoryTest.logSomething(LogFactoryTest.java:97)
	at org.apache.ibatis.logging.LogFactoryTest.shouldUseStdOut(LogFactoryTest.java:70)
	at sun.reflect.NativeMethodAccessorImpl.invoke0(Native Method)
	at sun.reflect.NativeMethodAccessorImpl.invoke(NativeMethodAccessorImpl.java:62)
	at sun.reflect.DelegatingMethodAccessorImpl.invoke(DelegatingMethodAccessorImpl.java:43)
	at java.lang.reflect.Method.invoke(Method.java:498)
	at org.junit.runners.model.FrameworkMethod$1.runReflectiveCall(FrameworkMethod.java:47)
	at org.junit.internal.runners.model.ReflectiveCallable.run(ReflectiveCallable.java:12)
	at org.junit.runners.model.FrameworkMethod.invokeExplosively(FrameworkMethod.java:44)
	at org.junit.internal.runners.statements.InvokeMethod.evaluate(InvokeMethod.java:17)
	at org.junit.runners.ParentRunner.runLeaf(ParentRunner.java:271)
	at org.junit.runners.BlockJUnit4ClassRunner.runChild(BlockJUnit4ClassRunner.java:70)
	at org.junit.runners.BlockJUnit4ClassRunner.runChild(BlockJUnit4ClassRunner.java:50)
	at org.junit.runners.ParentRunner$3.run(ParentRunner.java:238)
	at org.junit.runners.ParentRunner$1.schedule(ParentRunner.java:63)
	at org.junit.runners.ParentRunner.runChildren(ParentRunner.java:236)
	at org.junit.runners.ParentRunner.access$000(ParentRunner.java:53)
	at org.junit.runners.ParentRunner$2.evaluate(ParentRunner.java:229)
	at org.junit.runners.ParentRunner.run(ParentRunner.java:309)
	at org.apache.maven.surefire.junit4.JUnit4Provider.execute(JUnit4Provider.java:264)
	at org.apache.maven.surefire.junit4.JUnit4Provider.executeTestSet(JUnit4Provider.java:153)
	at org.apache.maven.surefire.junit4.JUnit4Provider.invoke(JUnit4Provider.java:124)
	at sun.reflect.NativeMethodAccessorImpl.invoke0(Native Method)
	at sun.reflect.NativeMethodAccessorImpl.invoke(NativeMethodAccessorImpl.java:62)
	at sun.reflect.DelegatingMethodAccessorImpl.invoke(DelegatingMethodAccessorImpl.java:43)
	at java.lang.reflect.Method.invoke(Method.java:498)
	at org.apache.maven.surefire.util.ReflectionUtils.invokeMethodWithArray2(ReflectionUtils.java:208)
	at org.apache.maven.surefire.booter.ProviderFactory$ProviderProxy.invoke(ProviderFactory.java:158)
	at org.apache.maven.surefire.booter.ProviderFactory.invokeProvider(ProviderFactory.java:86)
	at org.apache.maven.surefire.booter.ForkedBooter.runSuitesInProcess(ForkedBooter.java:153)
	at org.apache.maven.surefire.booter.ForkedBooter.main(ForkedBooter.java:95)
ERROR [main] - Error message.
ERROR [main] - Error with Exception.
java.lang.Exception: Test exception.
	at org.apache.ibatis.logging.LogFactoryTest.logSomething(LogFactoryTest.java:97)
	at org.apache.ibatis.logging.LogFactoryTest.shouldUseLog4J(LogFactoryTest.java:46)
	at sun.reflect.NativeMethodAccessorImpl.invoke0(Native Method)
	at sun.reflect.NativeMethodAccessorImpl.invoke(NativeMethodAccessorImpl.java:62)
	at sun.reflect.DelegatingMethodAccessorImpl.invoke(DelegatingMethodAccessorImpl.java:43)
	at java.lang.reflect.Method.invoke(Method.java:498)
	at org.junit.runners.model.FrameworkMethod$1.runReflectiveCall(FrameworkMethod.java:47)
	at org.junit.internal.runners.model.ReflectiveCallable.run(ReflectiveCallable.java:12)
	at org.junit.runners.model.FrameworkMethod.invokeExplosively(FrameworkMethod.java:44)
	at org.junit.internal.runners.statements.InvokeMethod.evaluate(InvokeMethod.java:17)
	at org.junit.runners.ParentRunner.runLeaf(ParentRunner.java:271)
	at org.junit.runners.BlockJUnit4ClassRunner.runChild(BlockJUnit4ClassRunner.java:70)
	at org.junit.runners.BlockJUnit4ClassRunner.runChild(BlockJUnit4ClassRunner.java:50)
	at org.junit.runners.ParentRunner$3.run(ParentRunner.java:238)
	at org.junit.runners.ParentRunner$1.schedule(ParentRunner.java:63)
	at org.junit.runners.ParentRunner.runChildren(ParentRunner.java:236)
	at org.junit.runners.ParentRunner.access$000(ParentRunner.java:53)
	at org.junit.runners.ParentRunner$2.evaluate(ParentRunner.java:229)
	at org.junit.runners.ParentRunner.run(ParentRunner.java:309)
	at org.apache.maven.surefire.junit4.JUnit4Provider.execute(JUnit4Provider.java:264)
	at org.apache.maven.surefire.junit4.JUnit4Provider.executeTestSet(JUnit4Provider.java:153)
	at org.apache.maven.surefire.junit4.JUnit4Provider.invoke(JUnit4Provider.java:124)
	at sun.reflect.NativeMethodAccessorImpl.invoke0(Native Method)
	at sun.reflect.NativeMethodAccessorImpl.invoke(NativeMethodAccessorImpl.java:62)
	at sun.reflect.DelegatingMethodAccessorImpl.invoke(DelegatingMethodAccessorImpl.java:43)
	at java.lang.reflect.Method.invoke(Method.java:498)
	at org.apache.maven.surefire.util.ReflectionUtils.invokeMethodWithArray2(ReflectionUtils.java:208)
	at org.apache.maven.surefire.booter.ProviderFactory$ProviderProxy.invoke(ProviderFactory.java:158)
	at org.apache.maven.surefire.booter.ProviderFactory.invokeProvider(ProviderFactory.java:86)
	at org.apache.maven.surefire.booter.ForkedBooter.runSuitesInProcess(ForkedBooter.java:153)
	at org.apache.maven.surefire.booter.ForkedBooter.main(ForkedBooter.java:95)
ERROR [main] - Error message.
ERROR [main] - Error with Exception.
java.lang.Exception: Test exception.
	at org.apache.ibatis.logging.LogFactoryTest.logSomething(LogFactoryTest.java:97)
	at org.apache.ibatis.logging.LogFactoryTest.shouldUseSlf4j(LogFactoryTest.java:62)
	at sun.reflect.NativeMethodAccessorImpl.invoke0(Native Method)
	at sun.reflect.NativeMethodAccessorImpl.invoke(NativeMethodAccessorImpl.java:62)
	at sun.reflect.DelegatingMethodAccessorImpl.invoke(DelegatingMethodAccessorImpl.java:43)
	at java.lang.reflect.Method.invoke(Method.java:498)
	at org.junit.runners.model.FrameworkMethod$1.runReflectiveCall(FrameworkMethod.java:47)
	at org.junit.internal.runners.model.ReflectiveCallable.run(ReflectiveCallable.java:12)
	at org.junit.runners.model.FrameworkMethod.invokeExplosively(FrameworkMethod.java:44)
	at org.junit.internal.runners.statements.InvokeMethod.evaluate(InvokeMethod.java:17)
	at org.junit.runners.ParentRunner.runLeaf(ParentRunner.java:271)
	at org.junit.runners.BlockJUnit4ClassRunner.runChild(BlockJUnit4ClassRunner.java:70)
	at org.junit.runners.BlockJUnit4ClassRunner.runChild(BlockJUnit4ClassRunner.java:50)
	at org.junit.runners.ParentRunner$3.run(ParentRunner.java:238)
	at org.junit.runners.ParentRunner$1.schedule(ParentRunner.java:63)
	at org.junit.runners.ParentRunner.runChildren(ParentRunner.java:236)
	at org.junit.runners.ParentRunner.access$000(ParentRunner.java:53)
	at org.junit.runners.ParentRunner$2.evaluate(ParentRunner.java:229)
	at org.junit.runners.ParentRunner.run(ParentRunner.java:309)
	at org.apache.maven.surefire.junit4.JUnit4Provider.execute(JUnit4Provider.java:264)
	at org.apache.maven.surefire.junit4.JUnit4Provider.executeTestSet(JUnit4Provider.java:153)
	at org.apache.maven.surefire.junit4.JUnit4Provider.invoke(JUnit4Provider.java:124)
	at sun.reflect.NativeMethodAccessorImpl.invoke0(Native Method)
	at sun.reflect.NativeMethodAccessorImpl.invoke(NativeMethodAccessorImpl.java:62)
	at sun.reflect.DelegatingMethodAccessorImpl.invoke(DelegatingMethodAccessorImpl.java:43)
	at java.lang.reflect.Method.invoke(Method.java:498)
	at org.apache.maven.surefire.util.ReflectionUtils.invokeMethodWithArray2(ReflectionUtils.java:208)
	at org.apache.maven.surefire.booter.ProviderFactory$ProviderProxy.invoke(ProviderFactory.java:158)
	at org.apache.maven.surefire.booter.ProviderFactory.invokeProvider(ProviderFactory.java:86)
	at org.apache.maven.surefire.booter.ForkedBooter.runSuitesInProcess(ForkedBooter.java:153)
	at org.apache.maven.surefire.booter.ForkedBooter.main(ForkedBooter.java:95)
Jul 30, 2020 3:55:23 PM org.apache.ibatis.logging.jdk14.Jdk14LoggingImpl warn
WARNING: Warning message.
Jul 30, 2020 3:55:23 PM org.apache.ibatis.logging.jdk14.Jdk14LoggingImpl error
SEVERE: Error message.
Jul 30, 2020 3:55:23 PM org.apache.ibatis.logging.jdk14.Jdk14LoggingImpl error
SEVERE: Error with Exception.
java.lang.Exception: Test exception.
	at org.apache.ibatis.logging.LogFactoryTest.logSomething(LogFactoryTest.java:97)
	at org.apache.ibatis.logging.LogFactoryTest.shouldUseJdKLogging(LogFactoryTest.java:54)
	at sun.reflect.NativeMethodAccessorImpl.invoke0(Native Method)
	at sun.reflect.NativeMethodAccessorImpl.invoke(NativeMethodAccessorImpl.java:62)
	at sun.reflect.DelegatingMethodAccessorImpl.invoke(DelegatingMethodAccessorImpl.java:43)
	at java.lang.reflect.Method.invoke(Method.java:498)
	at org.junit.runners.model.FrameworkMethod$1.runReflectiveCall(FrameworkMethod.java:47)
	at org.junit.internal.runners.model.ReflectiveCallable.run(ReflectiveCallable.java:12)
	at org.junit.runners.model.FrameworkMethod.invokeExplosively(FrameworkMethod.java:44)
	at org.junit.internal.runners.statements.InvokeMethod.evaluate(InvokeMethod.java:17)
	at org.junit.runners.ParentRunner.runLeaf(ParentRunner.java:271)
	at org.junit.runners.BlockJUnit4ClassRunner.runChild(BlockJUnit4ClassRunner.java:70)
	at org.junit.runners.BlockJUnit4ClassRunner.runChild(BlockJUnit4ClassRunner.java:50)
	at org.junit.runners.ParentRunner$3.run(ParentRunner.java:238)
	at org.junit.runners.ParentRunner$1.schedule(ParentRunner.java:63)
	at org.junit.runners.ParentRunner.runChildren(ParentRunner.java:236)
	at org.junit.runners.ParentRunner.access$000(ParentRunner.java:53)
	at org.junit.runners.ParentRunner$2.evaluate(ParentRunner.java:229)
	at org.junit.runners.ParentRunner.run(ParentRunner.java:309)
	at org.apache.maven.surefire.junit4.JUnit4Provider.execute(JUnit4Provider.java:264)
	at org.apache.maven.surefire.junit4.JUnit4Provider.executeTestSet(JUnit4Provider.java:153)
	at org.apache.maven.surefire.junit4.JUnit4Provider.invoke(JUnit4Provider.java:124)
	at sun.reflect.NativeMethodAccessorImpl.invoke0(Native Method)
	at sun.reflect.NativeMethodAccessorImpl.invoke(NativeMethodAccessorImpl.java:62)
	at sun.reflect.DelegatingMethodAccessorImpl.invoke(DelegatingMethodAccessorImpl.java:43)
	at java.lang.reflect.Method.invoke(Method.java:498)
	at org.apache.maven.surefire.util.ReflectionUtils.invokeMethodWithArray2(ReflectionUtils.java:208)
	at org.apache.maven.surefire.booter.ProviderFactory$ProviderProxy.invoke(ProviderFactory.java:158)
	at org.apache.maven.surefire.booter.ProviderFactory.invokeProvider(ProviderFactory.java:86)
	at org.apache.maven.surefire.booter.ForkedBooter.runSuitesInProcess(ForkedBooter.java:153)
	at org.apache.maven.surefire.booter.ForkedBooter.main(ForkedBooter.java:95)

ERROR [main] - Error message.
ERROR [main] - Error with Exception.
java.lang.Exception: Test exception.
	at org.apache.ibatis.logging.LogFactoryTest.logSomething(LogFactoryTest.java:97)
	at org.apache.ibatis.logging.LogFactoryTest.shouldUseCommonsLogging(LogFactoryTest.java:38)
	at sun.reflect.NativeMethodAccessorImpl.invoke0(Native Method)
	at sun.reflect.NativeMethodAccessorImpl.invoke(NativeMethodAccessorImpl.java:62)
	at sun.reflect.DelegatingMethodAccessorImpl.invoke(DelegatingMethodAccessorImpl.java:43)
	at java.lang.reflect.Method.invoke(Method.java:498)
	at org.junit.runners.model.FrameworkMethod$1.runReflectiveCall(FrameworkMethod.java:47)
	at org.junit.internal.runners.model.ReflectiveCallable.run(ReflectiveCallable.java:12)
	at org.junit.runners.model.FrameworkMethod.invokeExplosively(FrameworkMethod.java:44)
	at org.junit.internal.runners.statements.InvokeMethod.evaluate(InvokeMethod.java:17)
	at org.junit.runners.ParentRunner.runLeaf(ParentRunner.java:271)
	at org.junit.runners.BlockJUnit4ClassRunner.runChild(BlockJUnit4ClassRunner.java:70)
	at org.junit.runners.BlockJUnit4ClassRunner.runChild(BlockJUnit4ClassRunner.java:50)
	at org.junit.runners.ParentRunner$3.run(ParentRunner.java:238)
	at org.junit.runners.ParentRunner$1.schedule(ParentRunner.java:63)
	at org.junit.runners.ParentRunner.runChildren(ParentRunner.java:236)
	at org.junit.runners.ParentRunner.access$000(ParentRunner.java:53)
	at org.junit.runners.ParentRunner$2.evaluate(ParentRunner.java:229)
	at org.junit.runners.ParentRunner.run(ParentRunner.java:309)
	at org.apache.maven.surefire.junit4.JUnit4Provider.execute(JUnit4Provider.java:264)
	at org.apache.maven.surefire.junit4.JUnit4Provider.executeTestSet(JUnit4Provider.java:153)
	at org.apache.maven.surefire.junit4.JUnit4Provider.invoke(JUnit4Provider.java:124)
	at sun.reflect.NativeMethodAccessorImpl.invoke0(Native Method)
	at sun.reflect.NativeMethodAccessorImpl.invoke(NativeMethodAccessorImpl.java:62)
	at sun.reflect.DelegatingMethodAccessorImpl.invoke(DelegatingMethodAccessorImpl.java:43)
	at java.lang.reflect.Method.invoke(Method.java:498)
	at org.apache.maven.surefire.util.ReflectionUtils.invokeMethodWithArray2(ReflectionUtils.java:208)
	at org.apache.maven.surefire.booter.ProviderFactory$ProviderProxy.invoke(ProviderFactory.java:158)
	at org.apache.maven.surefire.booter.ProviderFactory.invokeProvider(ProviderFactory.java:86)
	at org.apache.maven.surefire.booter.ForkedBooter.runSuitesInProcess(ForkedBooter.java:153)
	at org.apache.maven.surefire.booter.ForkedBooter.main(ForkedBooter.java:95)
Tests run: 7, Failures: 0, Errors: 0, Skipped: 0, Time elapsed: 0.306 sec
Running org.apache.ibatis.logging.jdbc.ResultSetLoggerTest
Tests run: 2, Failures: 0, Errors: 0, Skipped: 0, Time elapsed: 0.323 sec
Running org.apache.ibatis.jdbc.SQLTest
Tests run: 8, Failures: 0, Errors: 0, Skipped: 0, Time elapsed: 0.089 sec
Running org.apache.ibatis.jdbc.SqlRunnerTest
Tests run: 6, Failures: 0, Errors: 0, Skipped: 0, Time elapsed: 2.614 sec
Running org.apache.ibatis.jdbc.SqlBuilderTest
Tests run: 5, Failures: 0, Errors: 0, Skipped: 0, Time elapsed: 0.07 sec
Running org.apache.ibatis.jdbc.PooledDataSourceTest
Tests run: 3, Failures: 0, Errors: 0, Skipped: 0, Time elapsed: 0.626 sec
Running org.apache.ibatis.jdbc.ScriptRunnerTest
--
--    Copyright 2009-2012 the original author or authors.
--
--    Licensed under the Apache License, Version 2.0 (the "License");
--    you may not use this file except in compliance with the License.
--    You may obtain a copy of the License at
--
--       http://www.apache.org/licenses/LICENSE-2.0
--
--    Unless required by applicable law or agreed to in writing, software
--    distributed under the License is distributed on an "AS IS" BASIS,
--    WITHOUT WARRANTIES OR CONDITIONS OF ANY KIND, either express or implied.
--    See the License for the specific language governing permissions and
--    limitations under the License.
--
drop index productCat if exists

drop index productName if exists

drop index itemProd if exists

drop table lineitem if exists

drop table orderstatus if exists

drop table orders if exists

drop table bannerdata if exists

drop table profile if exists

drop table signon if exists

drop table inventory if exists

drop table item if exists

drop table product if exists

drop table account if exists

drop table category if exists

drop table supplier if exists

drop table sequence if exists

create table supplier (
suppid int not null,
name varchar(80) null,
status varchar(2) not null,
addr1 varchar(80) null,
addr2 varchar(80) null,
city varchar(80) null,
state varchar(80) null,
zip varchar(5) null,
phone varchar(80) null,
constraint pk_supplier primary key (suppid)
)

create table signon (
username varchar(25) not null,
password varchar(25)  not null,
constraint pk_signon primary key (username)
)

create table account (
userid varchar(80) not null,
email varchar(80) not null,
firstname varchar(80) not null,
lastname varchar(80) not null,
status varchar(2)  null,
addr1 varchar(80) not null,
addr2 varchar(40) null,
city varchar(80) not  null,
state varchar(80) not null,
zip varchar(20) not null,
country varchar(20) not null,
phone varchar(80) not null,
constraint pk_account primary key (userid)
)

create table profile (
userid varchar(80) not null,
langpref varchar(80) not null,
favcategory varchar(30),
mylistopt int,
banneropt int,
constraint pk_profile primary key (userid)
)

create table bannerdata (
favcategory varchar(80) not null,
bannername varchar(255)  null,
constraint pk_bannerdata primary key (favcategory)
)

create table orders (
orderid int not null,
userid varchar(80) not null,
orderdate date not null,
shipaddr1 varchar(80) not null,
shipaddr2 varchar(80) null,
shipcity varchar(80) not null,
shipstate varchar(80) not null,
shipzip varchar(20) not null,
shipcountry varchar(20) not null,
billaddr1 varchar(80) not null,
billaddr2 varchar(80)  null,
billcity varchar(80) not null,
billstate varchar(80) not null,
billzip varchar(20) not null,
billcountry varchar(20) not null,
courier varchar(80) not null,
totalprice decimal(10,2) not null,
billtofirstname varchar(80) not null,
billtolastname varchar(80) not null,
shiptofirstname varchar(80) not null,
shiptolastname varchar(80) not null,
creditcard varchar(80) not null,
exprdate varchar(7) not null,
cardtype varchar(80) not null,
locale varchar(80) not null,
constraint pk_orders primary key (orderid)
)

create table orderstatus (
orderid int not null,
linenum int not null,
timestamp date not null,
status varchar(2) not null,
constraint pk_orderstatus primary key (orderid, linenum)
)

create table lineitem (
orderid int not null,
linenum int not null,
itemid varchar(10) not null,
quantity int not null,
unitprice decimal(10,2) not null,
constraint pk_lineitem primary key (orderid, linenum)
)

create table category (
catid varchar(10) not null,
name varchar(80) null,
descn varchar(255) null,
constraint pk_category primary key (catid)
)

create table product (
productid varchar(10) not null,
category varchar(10) not null,
name varchar(80) null,
descn varchar(255) null,
constraint pk_product primary key (productid),
constraint fk_product_1 foreign key (category)
references category (catid)
)

create index productCat on product (category)

create index productName on product (name)

create table item (
itemid varchar(10) not null,
productid varchar(10) not null,
listprice decimal(10,2) null,
unitcost decimal(10,2) null,
supplier int null,
status varchar(2) null,
attr1 varchar(80) null,
attr2 varchar(80) null,
attr3 varchar(80) null,
attr4 varchar(80) null,
attr5 varchar(80) null,
constraint pk_item primary key (itemid),
constraint fk_item_1 foreign key (productid)
references product (productid),
constraint fk_item_2 foreign key (supplier)
references supplier (suppid)
)

create index itemProd on item (productid)

create table inventory (
itemid varchar(10) not null,
qty int not null,
constraint pk_inventory primary key (itemid)
)

CREATE TABLE sequence
(
name               varchar(30)  not null,
nextid             int          not null,
constraint pk_sequence primary key (name)
)

--
--    Copyright 2009-2012 the original author or authors.
--
--    Licensed under the Apache License, Version 2.0 (the "License");
--    you may not use this file except in compliance with the License.
--    You may obtain a copy of the License at
--
--       http://www.apache.org/licenses/LICENSE-2.0
--
--    Unless required by applicable law or agreed to in writing, software
--    distributed under the License is distributed on an "AS IS" BASIS,
--    WITHOUT WARRANTIES OR CONDITIONS OF ANY KIND, either express or implied.
--    See the License for the specific language governing permissions and
--    limitations under the License.
--
INSERT INTO sequence VALUES('ordernum', 1000)

INSERT INTO signon VALUES('j2ee','j2ee')

INSERT INTO signon VALUES('ACID','ACID')

INSERT INTO account VALUES('j2ee','yourname@yourdomain.com','ABC', 'XYX', 'OK', '901 San Antonio Road', 'MS UCUP02-206', 'Palo Alto', 'CA', '94303', 'USA',  '555-555-5555')

INSERT INTO account VALUES('ACID','acid@yourdomain.com','ABC', 'XYX', 'OK', '901 San Antonio Road', 'MS UCUP02-206', 'Palo Alto', 'CA', '94303', 'USA',  '555-555-5555')

INSERT INTO profile VALUES('j2ee','english','DOGS',1,1)

INSERT INTO profile VALUES('ACID','english','CATS',1,1)

INSERT INTO bannerdata VALUES ('FISH','<image src="../images/banner_fish.gif">')

INSERT INTO bannerdata VALUES ('CATS','<image src="../images/banner_cats.gif">')

INSERT INTO bannerdata VALUES ('DOGS','<image src="../images/banner_dogs.gif">')

INSERT INTO bannerdata VALUES ('REPTILES','<image src="../images/banner_reptiles.gif">')

INSERT INTO bannerdata VALUES ('BIRDS','<image src="../images/banner_birds.gif">')

INSERT INTO category VALUES ('FISH','Fish','<image src="../images/fish_icon.gif"><font size="5" color="blue"> Fish</font>')

INSERT INTO category VALUES ('DOGS','Dogs','<image src="../images/dogs_icon.gif"><font size="5" color="blue"> Dogs</font>')

INSERT INTO category VALUES ('REPTILES','Reptiles','<image src="../images/reptiles_icon.gif"><font size="5" color="blue"> Reptiles</font>')

INSERT INTO category VALUES ('CATS','Cats','<image src="../images/cats_icon.gif"><font size="5" color="blue"> Cats</font>')

INSERT INTO category VALUES ('BIRDS','Birds','<image src="../images/birds_icon.gif"><font size="5" color="blue"> Birds</font>')

INSERT INTO product VALUES ('FI-SW-01','FISH','Angelfish','<image src="../images/fish1.gif">Salt Water fish from Australia')

INSERT INTO product VALUES ('FI-SW-02','FISH','Tiger Shark','<image src="../images/fish4.gif">Salt Water fish from Australia')

INSERT INTO product VALUES ('FI-FW-01','FISH', 'Koi','<image src="../images/fish3.gif">Fresh Water fish from Japan')

INSERT INTO product VALUES ('FI-FW-02','FISH', 'Goldfish','<image src="../images/fish2.gif">Fresh Water fish from China')

INSERT INTO product VALUES ('K9-BD-01','DOGS','Bulldog','<image src="../images/dog2.gif">Friendly dog from England')

INSERT INTO product VALUES ('K9-PO-02','DOGS','Poodle','<image src="../images/dog6.gif">Cute dog from France')

INSERT INTO product VALUES ('K9-DL-01','DOGS', 'Dalmation','<image src="../images/dog5.gif">Great dog for a Fire Station')

INSERT INTO product VALUES ('K9-RT-01','DOGS', 'Golden Retriever','<image src="../images/dog1.gif">Great family dog')

INSERT INTO product VALUES ('K9-RT-02','DOGS', 'Labrador Retriever','<image src="../images/dog5.gif">Great hunting dog')

INSERT INTO product VALUES ('K9-CW-01','DOGS', 'Chihuahua','<image src="../images/dog4.gif">Great companion dog')

INSERT INTO product VALUES ('RP-SN-01','REPTILES','Rattlesnake','<image src="../images/snake1.gif">Doubles as a watch dog')

INSERT INTO product VALUES ('RP-LI-02','REPTILES','Iguana','<image src="../images/lizard1.gif">Friendly green friend')

INSERT INTO product VALUES ('FL-DSH-01','CATS','Manx','<image src="../images/cat2.gif">Great for reducing mouse populations')

INSERT INTO product VALUES ('FL-DLH-02','CATS','Persian','<image src="../images/cat1.gif">Friendly house cat, doubles as a princess')

INSERT INTO product VALUES ('AV-CB-01','BIRDS','Amazon Parrot','<image src="../images/bird2.gif">Great companion for up to 75 years')

INSERT INTO product VALUES ('AV-SB-02','BIRDS','Finch','<image src="../images/bird1.gif">Great stress reliever')

INSERT INTO supplier VALUES (1,'XYZ Pets','AC','600 Avon Way','','Los Angeles','CA','94024','212-947-0797')

INSERT INTO supplier VALUES (2,'ABC Pets','AC','700 Abalone Way','','San Francisco ','CA','94024','415-947-0797')

INSERT INTO  item (itemid, productid, listprice, unitcost, supplier, status, attr1) VALUES('EST-1','FI-SW-01',16.50,10.00,1,'P','Large')

INSERT INTO  item (itemid, productid, listprice, unitcost, supplier, status, attr1) VALUES('EST-2','FI-SW-01',16.50,10.00,1,'P','Small')

INSERT INTO  item (itemid, productid, listprice, unitcost, supplier, status, attr1) VALUES('EST-3','FI-SW-02',18.50,12.00,1,'P','Toothless')

INSERT INTO  item (itemid, productid, listprice, unitcost, supplier, status, attr1) VALUES('EST-4','FI-FW-01',18.50,12.00,1,'P','Spotted')

INSERT INTO  item (itemid, productid, listprice, unitcost, supplier, status, attr1) VALUES('EST-5','FI-FW-01',18.50,12.00,1,'P','Spotless')

INSERT INTO  item (itemid, productid, listprice, unitcost, supplier, status, attr1) VALUES('EST-6','K9-BD-01',18.50,12.00,1,'P','Male Adult')

INSERT INTO  item (itemid, productid, listprice, unitcost, supplier, status, attr1) VALUES('EST-7','K9-BD-01',18.50,12.00,1,'P','Female Puppy')

INSERT INTO  item (itemid, productid, listprice, unitcost, supplier, status, attr1) VALUES('EST-8','K9-PO-02',18.50,12.00,1,'P','Male Puppy')

INSERT INTO  item (itemid, productid, listprice, unitcost, supplier, status, attr1) VALUES('EST-9','K9-DL-01',18.50,12.00,1,'P','Spotless Male Puppy')

INSERT INTO  item (itemid, productid, listprice, unitcost, supplier, status, attr1) VALUES('EST-10','K9-DL-01',18.50,12.00,1,'P','Spotted Adult Female')

INSERT INTO  item (itemid, productid, listprice, unitcost, supplier, status, attr1) VALUES('EST-11','RP-SN-01',18.50,12.00,1,'P','Venomless')

INSERT INTO  item (itemid, productid, listprice, unitcost, supplier, status, attr1) VALUES('EST-12','RP-SN-01',18.50,12.00,1,'P','Rattleless')

INSERT INTO  item (itemid, productid, listprice, unitcost, supplier, status, attr1) VALUES('EST-13','RP-LI-02',18.50,12.00,1,'P','Green Adult')

INSERT INTO  item (itemid, productid, listprice, unitcost, supplier, status, attr1) VALUES('EST-14','FL-DSH-01',58.50,12.00,1,'P','Tailless')

INSERT INTO  item (itemid, productid, listprice, unitcost, supplier, status, attr1) VALUES('EST-15','FL-DSH-01',23.50,12.00,1,'P','With tail')

INSERT INTO  item (itemid, productid, listprice, unitcost, supplier, status, attr1) VALUES('EST-16','FL-DLH-02',93.50,12.00,1,'P','Adult Female')

INSERT INTO  item (itemid, productid, listprice, unitcost, supplier, status, attr1) VALUES('EST-17','FL-DLH-02',93.50,12.00,1,'P','Adult Male')

INSERT INTO  item (itemid, productid, listprice, unitcost, supplier, status, attr1) VALUES('EST-18','AV-CB-01',193.50,92.00,1,'P','Adult Male')

INSERT INTO  item (itemid, productid, listprice, unitcost, supplier, status, attr1) VALUES('EST-19','AV-SB-02',15.50, 2.00,1,'P','Adult Male')

INSERT INTO  item (itemid, productid, listprice, unitcost, supplier, status, attr1) VALUES('EST-20','FI-FW-02',5.50, 2.00,1,'P','Adult Male')

INSERT INTO  item (itemid, productid, listprice, unitcost, supplier, status, attr1) VALUES('EST-21','FI-FW-02',5.29, 1.00,1,'P','Adult Female')

INSERT INTO  item (itemid, productid, listprice, unitcost, supplier, status, attr1) VALUES('EST-22','K9-RT-02',135.50, 100.00,1,'P','Adult Male')

INSERT INTO  item (itemid, productid, listprice, unitcost, supplier, status, attr1) VALUES('EST-23','K9-RT-02',145.49, 100.00,1,'P','Adult Female')

INSERT INTO  item (itemid, productid, listprice, unitcost, supplier, status, attr1) VALUES('EST-24','K9-RT-02',255.50, 92.00,1,'P','Adult Male')

INSERT INTO  item (itemid, productid, listprice, unitcost, supplier, status, attr1) VALUES('EST-25','K9-RT-02',325.29, 90.00,1,'P','Adult Female')

INSERT INTO  item (itemid, productid, listprice, unitcost, supplier, status, attr1) VALUES('EST-26','K9-CW-01',125.50, 92.00,1,'P','Adult Male')

INSERT INTO  item (itemid, productid, listprice, unitcost, supplier, status, attr1) VALUES('EST-27','K9-CW-01',155.29, 90.00,1,'P','Adult Female')

INSERT INTO  item (itemid, productid, listprice, unitcost, supplier, status, attr1) VALUES('EST-28','K9-RT-01',155.29, 90.00,1,'P','Adult Female')

INSERT INTO inventory (itemid, qty ) VALUES ('EST-1',10000)

INSERT INTO inventory (itemid, qty ) VALUES ('EST-2',10000)

INSERT INTO inventory (itemid, qty ) VALUES ('EST-3',10000)

INSERT INTO inventory (itemid, qty ) VALUES ('EST-4',10000)

INSERT INTO inventory (itemid, qty ) VALUES ('EST-5',10000)

INSERT INTO inventory (itemid, qty ) VALUES ('EST-6',10000)

INSERT INTO inventory (itemid, qty ) VALUES ('EST-7',10000)

INSERT INTO inventory (itemid, qty ) VALUES ('EST-8',10000)

INSERT INTO inventory (itemid, qty ) VALUES ('EST-9',10000)

INSERT INTO inventory (itemid, qty ) VALUES ('EST-10',10000)

INSERT INTO inventory (itemid, qty ) VALUES ('EST-11',10000)

INSERT INTO inventory (itemid, qty ) VALUES ('EST-12',10000)

INSERT INTO inventory (itemid, qty ) VALUES ('EST-13',10000)

INSERT INTO inventory (itemid, qty ) VALUES ('EST-14',10000)

INSERT INTO inventory (itemid, qty ) VALUES ('EST-15',10000)

INSERT INTO inventory (itemid, qty ) VALUES ('EST-16',10000)

INSERT INTO inventory (itemid, qty ) VALUES ('EST-17',10000)

INSERT INTO inventory (itemid, qty ) VALUES ('EST-18',10000)

INSERT INTO inventory (itemid, qty ) VALUES ('EST-19',10000)

INSERT INTO inventory (itemid, qty ) VALUES ('EST-20',10000)

INSERT INTO inventory (itemid, qty ) VALUES ('EST-21',10000)

INSERT INTO inventory (itemid, qty ) VALUES ('EST-22',10000)

INSERT INTO inventory (itemid, qty ) VALUES ('EST-23',10000)

INSERT INTO inventory (itemid, qty ) VALUES ('EST-24',10000)

INSERT INTO inventory (itemid, qty ) VALUES ('EST-25',10000)

INSERT INTO inventory (itemid, qty ) VALUES ('EST-26',10000)

INSERT INTO inventory (itemid, qty ) VALUES ('EST-27',10000)

INSERT INTO inventory (itemid, qty ) VALUES ('EST-28',10000)

select * from inventory

ITEMID	QTY	
EST-1	10000	
EST-10	10000	
EST-11	10000	
EST-12	10000	
EST-13	10000	
EST-14	10000	
EST-15	10000	
EST-16	10000	
EST-17	10000	
EST-18	10000	
EST-19	10000	
EST-2	10000	
EST-20	10000	
EST-21	10000	
EST-22	10000	
EST-23	10000	
EST-24	10000	
EST-25	10000	
EST-26	10000	
EST-27	10000	
EST-28	10000	
EST-3	10000	
EST-4	10000	
EST-5	10000	
EST-6	10000	
EST-7	10000	
EST-8	10000	
EST-9	10000	
--
--    Copyright 2009-2012 the original author or authors.
--
--    Licensed under the Apache License, Version 2.0 (the "License");
--    you may not use this file except in compliance with the License.
--    You may obtain a copy of the License at
--
--       http://www.apache.org/licenses/LICENSE-2.0
--
--    Unless required by applicable law or agreed to in writing, software
--    distributed under the License is distributed on an "AS IS" BASIS,
--    WITHOUT WARRANTIES OR CONDITIONS OF ANY KIND, either express or implied.
--    See the License for the specific language governing permissions and
--    limitations under the License.
--
ALTER TABLE product ALTER COLUMN name varchar(80)

Tests run: 5, Failures: 0, Errors: 0, Skipped: 1, Time elapsed: 0.76 sec
Running org.apache.ibatis.jdbc.SelectBuilderTest
Tests run: 5, Failures: 0, Errors: 0, Skipped: 0, Time elapsed: 0.1 sec
Running org.apache.ibatis.jdbc.NullTest
Tests run: 1, Failures: 0, Errors: 0, Skipped: 0, Time elapsed: 0.072 sec
Running org.apache.ibatis.io.ResourcesTest
Tests run: 18, Failures: 0, Errors: 0, Skipped: 0, Time elapsed: 0.1 sec
Running org.apache.ibatis.io.ExternalResourcesTest
Tests run: 4, Failures: 0, Errors: 0, Skipped: 0, Time elapsed: 0.123 sec
Running org.apache.ibatis.io.ClassLoaderWrapperTest
Tests run: 9, Failures: 0, Errors: 0, Skipped: 0, Time elapsed: 0.087 sec
Running org.apache.ibatis.datasource.unpooled.UnpooledDataSourceTest
org.hsqldb.jdbc.JDBCDriver
org.apache.derby.jdbc.AutoloadedDriver40
org.postgresql.Driver
org.apache.ibatis.datasource.unpooled.UnpooledDataSource$DriverProxy
org.hsqldb.jdbc.JDBCDriver
org.apache.derby.jdbc.AutoloadedDriver40
org.postgresql.Driver
org.apache.ibatis.datasource.unpooled.UnpooledDataSource$DriverProxy
Tests run: 2, Failures: 0, Errors: 0, Skipped: 1, Time elapsed: 0.561 sec
Running org.apache.ibatis.datasource.jndi.JndiDataSourceFactoryTest
Tests run: 1, Failures: 0, Errors: 0, Skipped: 0, Time elapsed: 0.126 sec

Results :

Tests run: 1144, Failures: 0, Errors: 0, Skipped: 11

[INFO] 
[INFO] --- maven-pdf-plugin:1.2:pdf (pdf) @ mybatis ---
[INFO] Skipped report generation.
[WARNING] [FO Sink] Unknown Sink event: 'span', ignoring!
ERROR [org.apache.fop.fo.FONode:83] 2020-07-30 15:55:37,967 - Image not found: http://www.mybatis.org/images/logo.png
ERROR [org.apache.fop.render:1759] 2020-07-30 15:55:38,127 - Image not found: http://www.mybatis.org/images/logo.png
[INFO] 
[INFO] --- maven-jar-plugin:2.4:jar (default-jar) @ mybatis ---
[INFO] Building jar: /tmp/tmpv5sapgij/mybatis-3/target/mybatis-3.2.3.jar
[INFO] 
[INFO] --- maven-site-plugin:3.2:attach-descriptor (attach-descriptor) @ mybatis ---
[INFO] 
[INFO] --- maven-assembly-plugin:3.2.0:single (default) @ mybatis ---
[INFO] Building jar: /tmp/tmpv5sapgij/mybatis-3/target/mybatis-3.2.3-jar-with-dependencies.jar
[INFO] ------------------------------------------------------------------------
[INFO] BUILD SUCCESS
[INFO] ------------------------------------------------------------------------
[INFO] Total time:  08:53 min
[INFO] Finished at: 2020-07-30T15:55:44Z
[INFO] ------------------------------------------------------------------------
