[INFO] Error stacktraces are turned on.
[INFO] Scanning for projects...
[INFO] 
[INFO] -----------------< com.github.joumenharzli:survey-poc >-----------------
[INFO] Building survey-poc 0.0.1-SNAPSHOT
[INFO] --------------------------------[ jar ]---------------------------------
[INFO] 
[INFO] --- jacoco-maven-plugin:0.8.5:prepare-agent (default) @ survey-poc ---
[INFO] argLine set to -javaagent:/home/jdbl/.m2/repository/org/jacoco/org.jacoco.agent/0.8.5/org.jacoco.agent-0.8.5-runtime.jar=destfile=/tmp/tmp57ctd3u4/survey-example-spring-boot-angular/backend/target/jacoco.exec
[INFO] 
[INFO] --- maven-resources-plugin:2.6:resources (default-resources) @ survey-poc ---
[INFO] Using 'UTF-8' encoding to copy filtered resources.
[INFO] Copying 1 resource
[INFO] Copying 5 resources
[INFO] 
[INFO] --- maven-compiler-plugin:3.5.1:compile (default-compile) @ survey-poc ---
[INFO] Changes detected - recompiling the module!
[INFO] Compiling 39 source files to /tmp/tmp57ctd3u4/survey-example-spring-boot-angular/backend/target/classes
[INFO] 
[INFO] --- maven-resources-plugin:2.6:testResources (default-testResources) @ survey-poc ---
[INFO] Using 'UTF-8' encoding to copy filtered resources.
[INFO] skip non existing resourceDirectory /tmp/tmp57ctd3u4/survey-example-spring-boot-angular/backend/src/test/resources
[INFO] 
[INFO] --- maven-compiler-plugin:3.5.1:testCompile (default-testCompile) @ survey-poc ---
[INFO] Changes detected - recompiling the module!
[INFO] Compiling 4 source files to /tmp/tmp57ctd3u4/survey-example-spring-boot-angular/backend/target/test-classes
[INFO] 
[INFO] --- maven-surefire-plugin:2.19.1:test (default-test) @ survey-poc ---
[INFO] Surefire report directory: /tmp/tmp57ctd3u4/survey-example-spring-boot-angular/backend/target/surefire-reports

-------------------------------------------------------
 T E S T S
-------------------------------------------------------
Running com.github.joumenharzli.surveypoc.service.mapper.SubjectMapperDecoratorTest
11:07:38.924 [main] DEBUG org.springframework.test.context.junit4.SpringJUnit4ClassRunner - SpringJUnit4ClassRunner constructor called with [class com.github.joumenharzli.surveypoc.service.mapper.SubjectMapperDecoratorTest]
11:07:38.931 [main] DEBUG org.springframework.test.context.BootstrapUtils - Instantiating CacheAwareContextLoaderDelegate from class [org.springframework.test.context.cache.DefaultCacheAwareContextLoaderDelegate]
11:07:38.947 [main] DEBUG org.springframework.test.context.BootstrapUtils - Instantiating BootstrapContext using constructor [public org.springframework.test.context.support.DefaultBootstrapContext(java.lang.Class,org.springframework.test.context.CacheAwareContextLoaderDelegate)]
Tests run: 1, Failures: 0, Errors: 1, Skipped: 0, Time elapsed: 0.255 sec <<< FAILURE! - in com.github.joumenharzli.surveypoc.service.mapper.SubjectMapperDecoratorTest
initializationError(com.github.joumenharzli.surveypoc.service.mapper.SubjectMapperDecoratorTest)  Time elapsed: 0.012 sec  <<< ERROR!
java.lang.IllegalStateException: Could not load TestContextBootstrapper [null]. Specify @BootstrapWith's 'value' attribute or make the default bootstrapper class available.
Caused by: java.lang.NoSuchMethodError: org.springframework.core.annotation.AnnotatedElementUtils.findAllMergedAnnotations(Ljava/lang/reflect/AnnotatedElement;Ljava/lang/Class;)Ljava/util/Set;

Running com.github.joumenharzli.surveypoc.repository.dao.QuestionDaoTest
11:07:38.964 [main] DEBUG org.springframework.test.context.junit4.SpringJUnit4ClassRunner - SpringJUnit4ClassRunner constructor called with [class com.github.joumenharzli.surveypoc.repository.dao.QuestionDaoTest]
11:07:38.964 [main] DEBUG org.springframework.test.context.BootstrapUtils - Instantiating CacheAwareContextLoaderDelegate from class [org.springframework.test.context.cache.DefaultCacheAwareContextLoaderDelegate]
11:07:38.964 [main] DEBUG org.springframework.test.context.BootstrapUtils - Instantiating BootstrapContext using constructor [public org.springframework.test.context.support.DefaultBootstrapContext(java.lang.Class,org.springframework.test.context.CacheAwareContextLoaderDelegate)]
Tests run: 1, Failures: 0, Errors: 1, Skipped: 0, Time elapsed: 0.003 sec <<< FAILURE! - in com.github.joumenharzli.surveypoc.repository.dao.QuestionDaoTest
initializationError(com.github.joumenharzli.surveypoc.repository.dao.QuestionDaoTest)  Time elapsed: 0 sec  <<< ERROR!
java.lang.IllegalStateException: Could not load TestContextBootstrapper [null]. Specify @BootstrapWith's 'value' attribute or make the default bootstrapper class available.
Caused by: java.lang.NoSuchMethodError: org.springframework.core.annotation.AnnotatedElementUtils.findAllMergedAnnotations(Ljava/lang/reflect/AnnotatedElement;Ljava/lang/Class;)Ljava/util/Set;

Running com.github.joumenharzli.surveypoc.repository.dao.UserResponseDaoTest
11:07:38.993 [main] DEBUG org.springframework.test.context.junit4.SpringJUnit4ClassRunner - SpringJUnit4ClassRunner constructor called with [class com.github.joumenharzli.surveypoc.repository.dao.UserResponseDaoTest]
11:07:38.994 [main] DEBUG org.springframework.test.context.BootstrapUtils - Instantiating CacheAwareContextLoaderDelegate from class [org.springframework.test.context.cache.DefaultCacheAwareContextLoaderDelegate]
11:07:38.994 [main] DEBUG org.springframework.test.context.BootstrapUtils - Instantiating BootstrapContext using constructor [public org.springframework.test.context.support.DefaultBootstrapContext(java.lang.Class,org.springframework.test.context.CacheAwareContextLoaderDelegate)]
Tests run: 1, Failures: 0, Errors: 1, Skipped: 0, Time elapsed: 0.002 sec <<< FAILURE! - in com.github.joumenharzli.surveypoc.repository.dao.UserResponseDaoTest
initializationError(com.github.joumenharzli.surveypoc.repository.dao.UserResponseDaoTest)  Time elapsed: 0 sec  <<< ERROR!
java.lang.IllegalStateException: Could not load TestContextBootstrapper [null]. Specify @BootstrapWith's 'value' attribute or make the default bootstrapper class available.
Caused by: java.lang.NoSuchMethodError: org.springframework.core.annotation.AnnotatedElementUtils.findAllMergedAnnotations(Ljava/lang/reflect/AnnotatedElement;Ljava/lang/Class;)Ljava/util/Set;

Running com.github.joumenharzli.surveypoc.SurveyPocApplicationTests
11:07:38.996 [main] DEBUG org.springframework.test.context.junit4.SpringJUnit4ClassRunner - SpringJUnit4ClassRunner constructor called with [class com.github.joumenharzli.surveypoc.SurveyPocApplicationTests]
11:07:38.996 [main] DEBUG org.springframework.test.context.BootstrapUtils - Instantiating CacheAwareContextLoaderDelegate from class [org.springframework.test.context.cache.DefaultCacheAwareContextLoaderDelegate]
11:07:38.996 [main] DEBUG org.springframework.test.context.BootstrapUtils - Instantiating BootstrapContext using constructor [public org.springframework.test.context.support.DefaultBootstrapContext(java.lang.Class,org.springframework.test.context.CacheAwareContextLoaderDelegate)]
Tests run: 1, Failures: 0, Errors: 1, Skipped: 0, Time elapsed: 0.002 sec <<< FAILURE! - in com.github.joumenharzli.surveypoc.SurveyPocApplicationTests
initializationError(com.github.joumenharzli.surveypoc.SurveyPocApplicationTests)  Time elapsed: 0 sec  <<< ERROR!
java.lang.IllegalStateException: Could not load TestContextBootstrapper [null]. Specify @BootstrapWith's 'value' attribute or make the default bootstrapper class available.
Caused by: java.lang.NoSuchMethodError: org.springframework.core.annotation.AnnotatedElementUtils.findAllMergedAnnotations(Ljava/lang/reflect/AnnotatedElement;Ljava/lang/Class;)Ljava/util/Set;


Results :

Tests in error: 
  SurveyPocApplicationTests.initializationError » IllegalState Could not load Te...
  QuestionDaoTest.initializationError » IllegalState Could not load TestContextB...
  UserResponseDaoTest.initializationError » IllegalState Could not load TestCont...
  SubjectMapperDecoratorTest.initializationError » IllegalState Could not load T...

Tests run: 4, Failures: 0, Errors: 4, Skipped: 0

[ERROR] There are test failures.

Please refer to /tmp/tmp57ctd3u4/survey-example-spring-boot-angular/backend/target/surefire-reports for the individual test results.
[INFO] 
[INFO] --- jacoco-maven-plugin:0.8.5:report (report) @ survey-poc ---
[INFO] Loading execution data file /tmp/tmp57ctd3u4/survey-example-spring-boot-angular/backend/target/jacoco.exec
[INFO] Analyzed bundle 'survey-poc' with 7005 classes
[INFO] ------------------------------------------------------------------------
[INFO] BUILD SUCCESS
[INFO] ------------------------------------------------------------------------
[INFO] Total time:  40.387 s
[INFO] Finished at: 2020-08-03T11:07:44Z
[INFO] ------------------------------------------------------------------------
