[INFO] Error stacktraces are turned on.
[INFO] Scanning for projects...
[WARNING] The project com.adahas:jmxeval:jar:3.1.1-SNAPSHOT uses prerequisites which is only intended for maven-plugin projects but not for non maven-plugin projects. For such purposes you should use the maven-enforcer-plugin. See https://maven.apache.org/enforcer/enforcer-rules/requireMavenVersion.html
[INFO] 
[INFO] -------------------------< com.adahas:jmxeval >-------------------------
[INFO] Building jmxeval 3.1.1-SNAPSHOT
[INFO] --------------------------------[ jar ]---------------------------------
[INFO] 
[INFO] --- jacoco-maven-plugin:0.8.5:prepare-agent (default) @ jmxeval ---
[INFO] argLine set to -javaagent:/home/jdbl/.m2/repository/org/jacoco/org.jacoco.agent/0.8.5/org.jacoco.agent-0.8.5-runtime.jar=destfile=/tmp/tmpqzjwj99e/jmxeval/target/jacoco.exec
[INFO] 
[INFO] --- maven-resources-plugin:2.6:resources (default-resources) @ jmxeval ---
[INFO] Using 'UTF-8' encoding to copy filtered resources.
[INFO] Copying 3 resources
[INFO] 
[INFO] --- maven-compiler-plugin:3.0:compile (default-compile) @ jmxeval ---
[INFO] Changes detected - recompiling the module!
[INFO] Compiling 23 source files to /tmp/tmpqzjwj99e/jmxeval/target/classes
[INFO] 
[INFO] --- maven-resources-plugin:2.6:testResources (default-testResources) @ jmxeval ---
[INFO] Using 'UTF-8' encoding to copy filtered resources.
[INFO] Copying 2 resources
[INFO] 
[INFO] --- maven-compiler-plugin:3.0:testCompile (default-testCompile) @ jmxeval ---
[INFO] Changes detected - recompiling the module!
[INFO] Compiling 26 source files to /tmp/tmpqzjwj99e/jmxeval/target/test-classes
[INFO] 
[INFO] --- maven-surefire-plugin:2.19.1:test (default-test) @ jmxeval ---
[INFO] Surefire report directory: /tmp/tmpqzjwj99e/jmxeval/target/surefire-reports

-------------------------------------------------------
 T E S T S
-------------------------------------------------------
Running com.adahas.tools.jmxeval.model.ElementTest
Tests run: 3, Failures: 0, Errors: 0, Skipped: 0, Time elapsed: 3.688 sec - in com.adahas.tools.jmxeval.model.ElementTest
Running com.adahas.tools.jmxeval.model.ConfigurationErrorHandlerTest
Tests run: 3, Failures: 0, Errors: 0, Skipped: 0, Time elapsed: 0.017 sec - in com.adahas.tools.jmxeval.model.ConfigurationErrorHandlerTest
Running com.adahas.tools.jmxeval.model.ElementBuilderTest
Tests run: 4, Failures: 0, Errors: 0, Skipped: 0, Time elapsed: 1.082 sec - in com.adahas.tools.jmxeval.model.ElementBuilderTest
Running com.adahas.tools.jmxeval.model.impl.ExprTest
Tests run: 2, Failures: 0, Errors: 0, Skipped: 0, Time elapsed: 0.035 sec - in com.adahas.tools.jmxeval.model.impl.ExprTest
Running com.adahas.tools.jmxeval.model.impl.CheckScenariosTest
Tests run: 15, Failures: 0, Errors: 0, Skipped: 0, Time elapsed: 0.467 sec - in com.adahas.tools.jmxeval.model.impl.CheckScenariosTest
Running com.adahas.tools.jmxeval.model.impl.EvalTest
22:35:28.690 [main] ERROR com.adahas.tools.jmxeval.model.impl.Eval - Error while evaluating check
java.util.regex.PatternSyntaxException: Dangling meta character '*' near index 0
*
^
	at java.util.regex.Pattern.error(Pattern.java:1969) ~[?:1.8.0_262]
	at java.util.regex.Pattern.sequence(Pattern.java:2137) ~[?:1.8.0_262]
	at java.util.regex.Pattern.expr(Pattern.java:2010) ~[?:1.8.0_262]
	at java.util.regex.Pattern.compile(Pattern.java:1702) ~[?:1.8.0_262]
	at java.util.regex.Pattern.<init>(Pattern.java:1352) ~[?:1.8.0_262]
	at java.util.regex.Pattern.compile(Pattern.java:1028) ~[?:1.8.0_262]
	at java.util.regex.Pattern.matches(Pattern.java:1133) ~[?:1.8.0_262]
	at com.adahas.tools.jmxeval.model.impl.Eval.process(Eval.java:73) [classes/:?]
	at com.adahas.tools.jmxeval.model.impl.EvalTest.testProcessFailure(EvalTest.java:84) [test-classes/:?]
	at sun.reflect.NativeMethodAccessorImpl.invoke0(Native Method) ~[?:1.8.0_262]
	at sun.reflect.NativeMethodAccessorImpl.invoke(NativeMethodAccessorImpl.java:62) ~[?:1.8.0_262]
	at sun.reflect.DelegatingMethodAccessorImpl.invoke(DelegatingMethodAccessorImpl.java:43) ~[?:1.8.0_262]
	at java.lang.reflect.Method.invoke(Method.java:498) ~[?:1.8.0_262]
	at org.junit.runners.model.FrameworkMethod$1.runReflectiveCall(FrameworkMethod.java:47) [junit-4.11.jar:?]
	at org.junit.internal.runners.model.ReflectiveCallable.run(ReflectiveCallable.java:12) [junit-4.11.jar:?]
	at org.junit.runners.model.FrameworkMethod.invokeExplosively(FrameworkMethod.java:44) [junit-4.11.jar:?]
	at org.junit.internal.runners.statements.InvokeMethod.evaluate(InvokeMethod.java:17) [junit-4.11.jar:?]
	at org.junit.runners.ParentRunner.runLeaf(ParentRunner.java:271) [junit-4.11.jar:?]
	at org.junit.runners.BlockJUnit4ClassRunner.runChild(BlockJUnit4ClassRunner.java:70) [junit-4.11.jar:?]
	at org.junit.runners.BlockJUnit4ClassRunner.runChild(BlockJUnit4ClassRunner.java:50) [junit-4.11.jar:?]
	at org.junit.runners.ParentRunner$3.run(ParentRunner.java:238) [junit-4.11.jar:?]
	at org.junit.runners.ParentRunner$1.schedule(ParentRunner.java:63) [junit-4.11.jar:?]
	at org.junit.runners.ParentRunner.runChildren(ParentRunner.java:236) [junit-4.11.jar:?]
	at org.junit.runners.ParentRunner.access$000(ParentRunner.java:53) [junit-4.11.jar:?]
	at org.junit.runners.ParentRunner$2.evaluate(ParentRunner.java:229) [junit-4.11.jar:?]
	at org.junit.runners.ParentRunner.run(ParentRunner.java:309) [junit-4.11.jar:?]
	at org.mockito.internal.runners.SilentJUnitRunner.run(SilentJUnitRunner.java:39) [mockito-core-2.2.9.jar:?]
	at org.mockito.internal.runners.StrictRunner.run(StrictRunner.java:35) [mockito-core-2.2.9.jar:?]
	at org.mockito.runners.MockitoJUnitRunner.run(MockitoJUnitRunner.java:104) [mockito-core-2.2.9.jar:?]
	at org.apache.maven.surefire.junit4.JUnit4Provider.execute(JUnit4Provider.java:367) [surefire-junit4-2.19.1.jar:2.19.1]
	at org.apache.maven.surefire.junit4.JUnit4Provider.executeWithRerun(JUnit4Provider.java:274) [surefire-junit4-2.19.1.jar:2.19.1]
	at org.apache.maven.surefire.junit4.JUnit4Provider.executeTestSet(JUnit4Provider.java:238) [surefire-junit4-2.19.1.jar:2.19.1]
	at org.apache.maven.surefire.junit4.JUnit4Provider.invoke(JUnit4Provider.java:161) [surefire-junit4-2.19.1.jar:2.19.1]
	at org.apache.maven.surefire.booter.ForkedBooter.invokeProviderInSameClassLoader(ForkedBooter.java:290) [surefire-booter-2.19.1.jar:2.19.1]
	at org.apache.maven.surefire.booter.ForkedBooter.runSuitesInProcess(ForkedBooter.java:242) [surefire-booter-2.19.1.jar:2.19.1]
	at org.apache.maven.surefire.booter.ForkedBooter.main(ForkedBooter.java:121) [surefire-booter-2.19.1.jar:2.19.1]
Tests run: 3, Failures: 0, Errors: 0, Skipped: 0, Time elapsed: 0.047 sec - in com.adahas.tools.jmxeval.model.impl.EvalTest
Running com.adahas.tools.jmxeval.model.impl.CheckTest
Tests run: 1, Failures: 0, Errors: 0, Skipped: 0, Time elapsed: 0.009 sec - in com.adahas.tools.jmxeval.model.impl.CheckTest
Running com.adahas.tools.jmxeval.model.impl.QueryTest
Tests run: 6, Failures: 0, Errors: 0, Skipped: 0, Time elapsed: 0.168 sec - in com.adahas.tools.jmxeval.model.impl.QueryTest
Running com.adahas.tools.jmxeval.model.impl.ExecTest
Tests run: 5, Failures: 0, Errors: 0, Skipped: 0, Time elapsed: 0.065 sec - in com.adahas.tools.jmxeval.model.impl.ExecTest
Running com.adahas.tools.jmxeval.model.impl.ConnectionTest
22:35:29.287 [main] WARN  com.adahas.tools.jmxeval.model.impl.Connection - Exception occured while opening connection
java.io.IOException: something went wrong
	at com.adahas.tools.jmxeval.model.impl.Connection.process(Connection.java:85) ~[classes/:?]
	at com.adahas.tools.jmxeval.model.impl.ConnectionTest.testProcessWhenConnectionOriginationFails(ConnectionTest.java:163) [test-classes/:?]
	at sun.reflect.NativeMethodAccessorImpl.invoke0(Native Method) ~[?:1.8.0_262]
	at sun.reflect.NativeMethodAccessorImpl.invoke(NativeMethodAccessorImpl.java:62) ~[?:1.8.0_262]
	at sun.reflect.DelegatingMethodAccessorImpl.invoke(DelegatingMethodAccessorImpl.java:43) ~[?:1.8.0_262]
	at java.lang.reflect.Method.invoke(Method.java:498) ~[?:1.8.0_262]
	at org.junit.runners.model.FrameworkMethod$1.runReflectiveCall(FrameworkMethod.java:47) [junit-4.11.jar:?]
	at org.junit.internal.runners.model.ReflectiveCallable.run(ReflectiveCallable.java:12) [junit-4.11.jar:?]
	at org.junit.runners.model.FrameworkMethod.invokeExplosively(FrameworkMethod.java:44) [junit-4.11.jar:?]
	at org.junit.internal.runners.statements.InvokeMethod.evaluate(InvokeMethod.java:17) [junit-4.11.jar:?]
	at org.junit.runners.ParentRunner.runLeaf(ParentRunner.java:271) [junit-4.11.jar:?]
	at org.junit.runners.BlockJUnit4ClassRunner.runChild(BlockJUnit4ClassRunner.java:70) [junit-4.11.jar:?]
	at org.junit.runners.BlockJUnit4ClassRunner.runChild(BlockJUnit4ClassRunner.java:50) [junit-4.11.jar:?]
	at org.junit.runners.ParentRunner$3.run(ParentRunner.java:238) [junit-4.11.jar:?]
	at org.junit.runners.ParentRunner$1.schedule(ParentRunner.java:63) [junit-4.11.jar:?]
	at org.junit.runners.ParentRunner.runChildren(ParentRunner.java:236) [junit-4.11.jar:?]
	at org.junit.runners.ParentRunner.access$000(ParentRunner.java:53) [junit-4.11.jar:?]
	at org.junit.runners.ParentRunner$2.evaluate(ParentRunner.java:229) [junit-4.11.jar:?]
	at org.junit.runners.ParentRunner.run(ParentRunner.java:309) [junit-4.11.jar:?]
	at org.mockito.internal.runners.SilentJUnitRunner.run(SilentJUnitRunner.java:39) [mockito-core-2.2.9.jar:?]
	at org.mockito.internal.runners.StrictRunner.run(StrictRunner.java:35) [mockito-core-2.2.9.jar:?]
	at org.mockito.runners.MockitoJUnitRunner.run(MockitoJUnitRunner.java:104) [mockito-core-2.2.9.jar:?]
	at org.apache.maven.surefire.junit4.JUnit4Provider.execute(JUnit4Provider.java:367) [surefire-junit4-2.19.1.jar:2.19.1]
	at org.apache.maven.surefire.junit4.JUnit4Provider.executeWithRerun(JUnit4Provider.java:274) [surefire-junit4-2.19.1.jar:2.19.1]
	at org.apache.maven.surefire.junit4.JUnit4Provider.executeTestSet(JUnit4Provider.java:238) [surefire-junit4-2.19.1.jar:2.19.1]
	at org.apache.maven.surefire.junit4.JUnit4Provider.invoke(JUnit4Provider.java:161) [surefire-junit4-2.19.1.jar:2.19.1]
	at org.apache.maven.surefire.booter.ForkedBooter.invokeProviderInSameClassLoader(ForkedBooter.java:290) [surefire-booter-2.19.1.jar:2.19.1]
	at org.apache.maven.surefire.booter.ForkedBooter.runSuitesInProcess(ForkedBooter.java:242) [surefire-booter-2.19.1.jar:2.19.1]
	at org.apache.maven.surefire.booter.ForkedBooter.main(ForkedBooter.java:121) [surefire-booter-2.19.1.jar:2.19.1]
Tests run: 3, Failures: 0, Errors: 0, Skipped: 0, Time elapsed: 0.395 sec - in com.adahas.tools.jmxeval.model.impl.ConnectionTest
Running com.adahas.tools.jmxeval.model.impl.PerfDataTest
Tests run: 2, Failures: 0, Errors: 0, Skipped: 0, Time elapsed: 0.392 sec - in com.adahas.tools.jmxeval.model.impl.PerfDataTest
Running com.adahas.tools.jmxeval.model.impl.LocalTest
22:35:30.177 [main] WARN  com.adahas.tools.jmxeval.model.impl.Local - Exception occured while attaching to process
java.io.IOException: something went wrong
	at com.adahas.tools.jmxeval.model.impl.Local.process(Local.java:63) ~[classes/:?]
	at com.adahas.tools.jmxeval.model.impl.LocalTest.testProcessWhenAttacheFails(LocalTest.java:112) [test-classes/:?]
	at sun.reflect.NativeMethodAccessorImpl.invoke0(Native Method) ~[?:1.8.0_262]
	at sun.reflect.NativeMethodAccessorImpl.invoke(NativeMethodAccessorImpl.java:62) ~[?:1.8.0_262]
	at sun.reflect.DelegatingMethodAccessorImpl.invoke(DelegatingMethodAccessorImpl.java:43) ~[?:1.8.0_262]
	at java.lang.reflect.Method.invoke(Method.java:498) ~[?:1.8.0_262]
	at org.junit.runners.model.FrameworkMethod$1.runReflectiveCall(FrameworkMethod.java:47) [junit-4.11.jar:?]
	at org.junit.internal.runners.model.ReflectiveCallable.run(ReflectiveCallable.java:12) [junit-4.11.jar:?]
	at org.junit.runners.model.FrameworkMethod.invokeExplosively(FrameworkMethod.java:44) [junit-4.11.jar:?]
	at org.junit.internal.runners.statements.InvokeMethod.evaluate(InvokeMethod.java:17) [junit-4.11.jar:?]
	at org.junit.runners.ParentRunner.runLeaf(ParentRunner.java:271) [junit-4.11.jar:?]
	at org.junit.runners.BlockJUnit4ClassRunner.runChild(BlockJUnit4ClassRunner.java:70) [junit-4.11.jar:?]
	at org.junit.runners.BlockJUnit4ClassRunner.runChild(BlockJUnit4ClassRunner.java:50) [junit-4.11.jar:?]
	at org.junit.runners.ParentRunner$3.run(ParentRunner.java:238) [junit-4.11.jar:?]
	at org.junit.runners.ParentRunner$1.schedule(ParentRunner.java:63) [junit-4.11.jar:?]
	at org.junit.runners.ParentRunner.runChildren(ParentRunner.java:236) [junit-4.11.jar:?]
	at org.junit.runners.ParentRunner.access$000(ParentRunner.java:53) [junit-4.11.jar:?]
	at org.junit.runners.ParentRunner$2.evaluate(ParentRunner.java:229) [junit-4.11.jar:?]
	at org.junit.runners.ParentRunner.run(ParentRunner.java:309) [junit-4.11.jar:?]
	at org.mockito.internal.runners.SilentJUnitRunner.run(SilentJUnitRunner.java:39) [mockito-core-2.2.9.jar:?]
	at org.mockito.internal.runners.StrictRunner.run(StrictRunner.java:35) [mockito-core-2.2.9.jar:?]
	at org.mockito.runners.MockitoJUnitRunner.run(MockitoJUnitRunner.java:104) [mockito-core-2.2.9.jar:?]
	at org.apache.maven.surefire.junit4.JUnit4Provider.execute(JUnit4Provider.java:367) [surefire-junit4-2.19.1.jar:2.19.1]
	at org.apache.maven.surefire.junit4.JUnit4Provider.executeWithRerun(JUnit4Provider.java:274) [surefire-junit4-2.19.1.jar:2.19.1]
	at org.apache.maven.surefire.junit4.JUnit4Provider.executeTestSet(JUnit4Provider.java:238) [surefire-junit4-2.19.1.jar:2.19.1]
	at org.apache.maven.surefire.junit4.JUnit4Provider.invoke(JUnit4Provider.java:161) [surefire-junit4-2.19.1.jar:2.19.1]
	at org.apache.maven.surefire.booter.ForkedBooter.invokeProviderInSameClassLoader(ForkedBooter.java:290) [surefire-booter-2.19.1.jar:2.19.1]
	at org.apache.maven.surefire.booter.ForkedBooter.runSuitesInProcess(ForkedBooter.java:242) [surefire-booter-2.19.1.jar:2.19.1]
	at org.apache.maven.surefire.booter.ForkedBooter.main(ForkedBooter.java:121) [surefire-booter-2.19.1.jar:2.19.1]
Tests run: 2, Failures: 0, Errors: 0, Skipped: 0, Time elapsed: 0.338 sec - in com.adahas.tools.jmxeval.model.impl.LocalTest
Running com.adahas.tools.jmxeval.AppTest
Tests run: 5, Failures: 0, Errors: 0, Skipped: 0, Time elapsed: 0.544 sec - in com.adahas.tools.jmxeval.AppTest
Running com.adahas.tools.jmxeval.exception.JMXEvalExceptionTest
Tests run: 2, Failures: 0, Errors: 0, Skipped: 0, Time elapsed: 0.001 sec - in com.adahas.tools.jmxeval.exception.JMXEvalExceptionTest
Running com.adahas.tools.jmxeval.response.EvalResultTest
Tests run: 2, Failures: 0, Errors: 0, Skipped: 0, Time elapsed: 0 sec - in com.adahas.tools.jmxeval.response.EvalResultTest
Running com.adahas.tools.jmxeval.response.ResponseTest
Tests run: 4, Failures: 0, Errors: 0, Skipped: 0, Time elapsed: 0 sec - in com.adahas.tools.jmxeval.response.ResponseTest
Running com.adahas.tools.jmxeval.response.PerfDataResultTest
Tests run: 1, Failures: 0, Errors: 0, Skipped: 0, Time elapsed: 0 sec - in com.adahas.tools.jmxeval.response.PerfDataResultTest
Running com.adahas.tools.jmxeval.ContextTest
Tests run: 3, Failures: 0, Errors: 0, Skipped: 0, Time elapsed: 0.001 sec - in com.adahas.tools.jmxeval.ContextTest
Running com.adahas.tools.jmxeval.util.ExprEvalTest
Tests run: 12, Failures: 0, Errors: 0, Skipped: 0, Time elapsed: 0.043 sec - in com.adahas.tools.jmxeval.util.ExprEvalTest
Running com.adahas.tools.jmxeval.util.ExprEvalValidationTest
Tests run: 6, Failures: 0, Errors: 0, Skipped: 0, Time elapsed: 0.005 sec - in com.adahas.tools.jmxeval.util.ExprEvalValidationTest
Running com.adahas.tools.jmxeval.util.NagiosRangeValueTest
Tests run: 20, Failures: 0, Errors: 0, Skipped: 0, Time elapsed: 0.014 sec - in com.adahas.tools.jmxeval.util.NagiosRangeValueTest
Running com.adahas.tools.jmxeval.util.NagiosRangeTest
Tests run: 15, Failures: 0, Errors: 0, Skipped: 0, Time elapsed: 0.003 sec - in com.adahas.tools.jmxeval.util.NagiosRangeTest

Results :

Tests run: 119, Failures: 0, Errors: 0, Skipped: 0

[INFO] 
[INFO] --- jacoco-maven-plugin:0.8.5:report (report) @ jmxeval ---
[INFO] Loading execution data file /tmp/tmpqzjwj99e/jmxeval/target/jacoco.exec
[INFO] Analyzed bundle 'jmxeval' with 263 classes
[INFO] ------------------------------------------------------------------------
[INFO] BUILD SUCCESS
[INFO] ------------------------------------------------------------------------
[INFO] Total time:  23.864 s
[INFO] Finished at: 2020-07-30T22:35:33Z
[INFO] ------------------------------------------------------------------------
