[INFO] Error stacktraces are turned on.
[INFO] Scanning for projects...
[WARNING] 
[WARNING] Some problems were encountered while building the effective model for net.apnic.rdapd:rdapd:jar:1.3.1
[WARNING] 'build.plugins.plugin.(groupId:artifactId)' must be unique but found duplicate declaration of plugin org.apache.maven.plugins:maven-surefire-plugin @ line 446, column 15
[WARNING] 
[WARNING] It is highly recommended to fix these problems because they threaten the stability of your build.
[WARNING] 
[WARNING] For this reason, future Maven versions might no longer support building such malformed projects.
[WARNING] 
[INFO] 
[INFO] -----------------------< net.apnic.rdapd:rdapd >------------------------
[INFO] Building rdapd 1.3.1
[INFO] --------------------------------[ jar ]---------------------------------
[INFO] 
[INFO] --- jacoco-maven-plugin:0.8.5:prepare-agent (default) @ rdapd ---
[INFO] argLine set to -javaagent:/home/jdbl/.m2/repository/org/jacoco/org.jacoco.agent/0.8.5/org.jacoco.agent-0.8.5-runtime.jar=destfile=/tmp/tmpgakd3pyo/rdapd/target/jacoco.exec
[INFO] 
[INFO] --- maven-resources-plugin:2.6:resources (default-resources) @ rdapd ---
[INFO] Using 'UTF-8' encoding to copy filtered resources.
[INFO] Copying 2 resources
[INFO] 
[INFO] --- maven-compiler-plugin:3.1:compile (default-compile) @ rdapd ---
[INFO] Changes detected - recompiling the module!
[INFO] Compiling 94 source files to /tmp/tmpgakd3pyo/rdapd/target/classes
[INFO] -------------------------------------------------------------
[WARNING] COMPILATION WARNING : 
[INFO] -------------------------------------------------------------
[WARNING] /tmp/tmpgakd3pyo/rdapd/src/main/java/net/apnic/rdapd/rdap/config/RDAPConfiguration.java: /tmp/tmpgakd3pyo/rdapd/src/main/java/net/apnic/rdapd/rdap/config/RDAPConfiguration.java uses or overrides a deprecated API.
[WARNING] /tmp/tmpgakd3pyo/rdapd/src/main/java/net/apnic/rdapd/rdap/config/RDAPConfiguration.java: Recompile with -Xlint:deprecation for details.
[WARNING] /tmp/tmpgakd3pyo/rdapd/src/main/java/net/apnic/rdapd/rdap/VCard.java: Some input files use unchecked or unsafe operations.
[WARNING] /tmp/tmpgakd3pyo/rdapd/src/main/java/net/apnic/rdapd/rdap/VCard.java: Recompile with -Xlint:unchecked for details.
[INFO] 4 warnings 
[INFO] -------------------------------------------------------------
[INFO] -------------------------------------------------------------
[ERROR] COMPILATION ERROR : 
[INFO] -------------------------------------------------------------
[ERROR] /tmp/tmpgakd3pyo/rdapd/src/main/java/net/apnic/rdapd/rdap/AbstractRdapObject.java:[29,45] constructor ArrayNode in class com.fasterxml.jackson.databind.node.ArrayNode cannot be applied to given types;
  required: com.fasterxml.jackson.databind.node.JsonNodeFactory
  found: com.fasterxml.jackson.databind.node.JsonNodeFactory,java.util.List<com.fasterxml.jackson.databind.JsonNode>
  reason: actual and formal argument lists differ in length
[ERROR] /tmp/tmpgakd3pyo/rdapd/src/main/java/net/apnic/rdapd/rdap/AbstractRdapObject.java:[33,33] constructor ArrayNode in class com.fasterxml.jackson.databind.node.ArrayNode cannot be applied to given types;
  required: com.fasterxml.jackson.databind.node.JsonNodeFactory
  found: com.fasterxml.jackson.databind.node.JsonNodeFactory,java.util.List<com.fasterxml.jackson.databind.JsonNode>
  reason: actual and formal argument lists differ in length
[ERROR] /tmp/tmpgakd3pyo/rdapd/src/main/java/net/apnic/rdapd/rdap/AbstractRdapObject.java:[41,35] constructor ArrayNode in class com.fasterxml.jackson.databind.node.ArrayNode cannot be applied to given types;
  required: com.fasterxml.jackson.databind.node.JsonNodeFactory
  found: com.fasterxml.jackson.databind.node.JsonNodeFactory,java.util.List<com.fasterxml.jackson.databind.node.TextNode>
  reason: actual and formal argument lists differ in length
[ERROR] /tmp/tmpgakd3pyo/rdapd/src/main/java/net/apnic/rdapd/rdap/AbstractRdapObject.java:[42,27] constructor ArrayNode in class com.fasterxml.jackson.databind.node.ArrayNode cannot be applied to given types;
  required: com.fasterxml.jackson.databind.node.JsonNodeFactory
  found: com.fasterxml.jackson.databind.node.JsonNodeFactory,java.util.List<com.fasterxml.jackson.databind.node.ObjectNode>
  reason: actual and formal argument lists differ in length
[ERROR] /tmp/tmpgakd3pyo/rdapd/src/main/java/net/apnic/rdapd/rpsl/rdap/RpslToRdap.java:[38,35] constructor ArrayNode in class com.fasterxml.jackson.databind.node.ArrayNode cannot be applied to given types;
  required: com.fasterxml.jackson.databind.node.JsonNodeFactory
  found: com.fasterxml.jackson.databind.node.JsonNodeFactory,java.util.List<com.fasterxml.jackson.databind.node.TextNode>
  reason: actual and formal argument lists differ in length
[ERROR] /tmp/tmpgakd3pyo/rdapd/src/main/java/net/apnic/rdapd/rpsl/rdap/RpslToRdap.java:[39,27] constructor ArrayNode in class com.fasterxml.jackson.databind.node.ArrayNode cannot be applied to given types;
  required: com.fasterxml.jackson.databind.node.JsonNodeFactory
  found: com.fasterxml.jackson.databind.node.JsonNodeFactory,java.util.List<com.fasterxml.jackson.databind.node.ObjectNode>
  reason: actual and formal argument lists differ in length
[ERROR] /tmp/tmpgakd3pyo/rdapd/src/main/java/net/apnic/rdapd/rpsl/rdap/RpslToRdap.java:[239,45] constructor ArrayNode in class com.fasterxml.jackson.databind.node.ArrayNode cannot be applied to given types;
  required: com.fasterxml.jackson.databind.node.JsonNodeFactory
  found: com.fasterxml.jackson.databind.node.JsonNodeFactory,java.util.List<com.fasterxml.jackson.databind.JsonNode>
  reason: actual and formal argument lists differ in length
[ERROR] /tmp/tmpgakd3pyo/rdapd/src/main/java/net/apnic/rdapd/rpsl/rdap/RpslToRdap.java:[242,16] constructor ArrayNode in class com.fasterxml.jackson.databind.node.ArrayNode cannot be applied to given types;
  required: com.fasterxml.jackson.databind.node.JsonNodeFactory
  found: com.fasterxml.jackson.databind.node.JsonNodeFactory,java.util.List<com.fasterxml.jackson.databind.JsonNode>
  reason: actual and formal argument lists differ in length
[INFO] 8 errors 
[INFO] -------------------------------------------------------------
[INFO] ------------------------------------------------------------------------
[INFO] BUILD FAILURE
[INFO] ------------------------------------------------------------------------
[INFO] Total time:  01:11 min
[INFO] Finished at: 2020-08-03T11:21:33Z
[INFO] ------------------------------------------------------------------------
[ERROR] Failed to execute goal org.apache.maven.plugins:maven-compiler-plugin:3.1:compile (default-compile) on project rdapd: Compilation failure: Compilation failure: 
[ERROR] /tmp/tmpgakd3pyo/rdapd/src/main/java/net/apnic/rdapd/rdap/AbstractRdapObject.java:[29,45] constructor ArrayNode in class com.fasterxml.jackson.databind.node.ArrayNode cannot be applied to given types;
[ERROR]   required: com.fasterxml.jackson.databind.node.JsonNodeFactory
[ERROR]   found: com.fasterxml.jackson.databind.node.JsonNodeFactory,java.util.List<com.fasterxml.jackson.databind.JsonNode>
[ERROR]   reason: actual and formal argument lists differ in length
[ERROR] /tmp/tmpgakd3pyo/rdapd/src/main/java/net/apnic/rdapd/rdap/AbstractRdapObject.java:[33,33] constructor ArrayNode in class com.fasterxml.jackson.databind.node.ArrayNode cannot be applied to given types;
[ERROR]   required: com.fasterxml.jackson.databind.node.JsonNodeFactory
[ERROR]   found: com.fasterxml.jackson.databind.node.JsonNodeFactory,java.util.List<com.fasterxml.jackson.databind.JsonNode>
[ERROR]   reason: actual and formal argument lists differ in length
[ERROR] /tmp/tmpgakd3pyo/rdapd/src/main/java/net/apnic/rdapd/rdap/AbstractRdapObject.java:[41,35] constructor ArrayNode in class com.fasterxml.jackson.databind.node.ArrayNode cannot be applied to given types;
[ERROR]   required: com.fasterxml.jackson.databind.node.JsonNodeFactory
[ERROR]   found: com.fasterxml.jackson.databind.node.JsonNodeFactory,java.util.List<com.fasterxml.jackson.databind.node.TextNode>
[ERROR]   reason: actual and formal argument lists differ in length
[ERROR] /tmp/tmpgakd3pyo/rdapd/src/main/java/net/apnic/rdapd/rdap/AbstractRdapObject.java:[42,27] constructor ArrayNode in class com.fasterxml.jackson.databind.node.ArrayNode cannot be applied to given types;
[ERROR]   required: com.fasterxml.jackson.databind.node.JsonNodeFactory
[ERROR]   found: com.fasterxml.jackson.databind.node.JsonNodeFactory,java.util.List<com.fasterxml.jackson.databind.node.ObjectNode>
[ERROR]   reason: actual and formal argument lists differ in length
[ERROR] /tmp/tmpgakd3pyo/rdapd/src/main/java/net/apnic/rdapd/rpsl/rdap/RpslToRdap.java:[38,35] constructor ArrayNode in class com.fasterxml.jackson.databind.node.ArrayNode cannot be applied to given types;
[ERROR]   required: com.fasterxml.jackson.databind.node.JsonNodeFactory
[ERROR]   found: com.fasterxml.jackson.databind.node.JsonNodeFactory,java.util.List<com.fasterxml.jackson.databind.node.TextNode>
[ERROR]   reason: actual and formal argument lists differ in length
[ERROR] /tmp/tmpgakd3pyo/rdapd/src/main/java/net/apnic/rdapd/rpsl/rdap/RpslToRdap.java:[39,27] constructor ArrayNode in class com.fasterxml.jackson.databind.node.ArrayNode cannot be applied to given types;
[ERROR]   required: com.fasterxml.jackson.databind.node.JsonNodeFactory
[ERROR]   found: com.fasterxml.jackson.databind.node.JsonNodeFactory,java.util.List<com.fasterxml.jackson.databind.node.ObjectNode>
[ERROR]   reason: actual and formal argument lists differ in length
[ERROR] /tmp/tmpgakd3pyo/rdapd/src/main/java/net/apnic/rdapd/rpsl/rdap/RpslToRdap.java:[239,45] constructor ArrayNode in class com.fasterxml.jackson.databind.node.ArrayNode cannot be applied to given types;
[ERROR]   required: com.fasterxml.jackson.databind.node.JsonNodeFactory
[ERROR]   found: com.fasterxml.jackson.databind.node.JsonNodeFactory,java.util.List<com.fasterxml.jackson.databind.JsonNode>
[ERROR]   reason: actual and formal argument lists differ in length
[ERROR] /tmp/tmpgakd3pyo/rdapd/src/main/java/net/apnic/rdapd/rpsl/rdap/RpslToRdap.java:[242,16] constructor ArrayNode in class com.fasterxml.jackson.databind.node.ArrayNode cannot be applied to given types;
[ERROR]   required: com.fasterxml.jackson.databind.node.JsonNodeFactory
[ERROR]   found: com.fasterxml.jackson.databind.node.JsonNodeFactory,java.util.List<com.fasterxml.jackson.databind.JsonNode>
[ERROR]   reason: actual and formal argument lists differ in length
[ERROR] -> [Help 1]
org.apache.maven.lifecycle.LifecycleExecutionException: Failed to execute goal org.apache.maven.plugins:maven-compiler-plugin:3.1:compile (default-compile) on project rdapd: Compilation failure
    at org.apache.maven.lifecycle.internal.MojoExecutor.execute (MojoExecutor.java:215)
    at org.apache.maven.lifecycle.internal.MojoExecutor.execute (MojoExecutor.java:156)
    at org.apache.maven.lifecycle.internal.MojoExecutor.execute (MojoExecutor.java:148)
    at org.apache.maven.lifecycle.internal.LifecycleModuleBuilder.buildProject (LifecycleModuleBuilder.java:117)
    at org.apache.maven.lifecycle.internal.LifecycleModuleBuilder.buildProject (LifecycleModuleBuilder.java:81)
    at org.apache.maven.lifecycle.internal.builder.singlethreaded.SingleThreadedBuilder.build (SingleThreadedBuilder.java:56)
    at org.apache.maven.lifecycle.internal.LifecycleStarter.execute (LifecycleStarter.java:128)
    at org.apache.maven.DefaultMaven.doExecute (DefaultMaven.java:305)
    at org.apache.maven.DefaultMaven.doExecute (DefaultMaven.java:192)
    at org.apache.maven.DefaultMaven.execute (DefaultMaven.java:105)
    at org.apache.maven.cli.MavenCli.execute (MavenCli.java:957)
    at org.apache.maven.cli.MavenCli.doMain (MavenCli.java:289)
    at org.apache.maven.cli.MavenCli.main (MavenCli.java:193)
    at sun.reflect.NativeMethodAccessorImpl.invoke0 (Native Method)
    at sun.reflect.NativeMethodAccessorImpl.invoke (NativeMethodAccessorImpl.java:62)
    at sun.reflect.DelegatingMethodAccessorImpl.invoke (DelegatingMethodAccessorImpl.java:43)
    at java.lang.reflect.Method.invoke (Method.java:498)
    at org.codehaus.plexus.classworlds.launcher.Launcher.launchEnhanced (Launcher.java:282)
    at org.codehaus.plexus.classworlds.launcher.Launcher.launch (Launcher.java:225)
    at org.codehaus.plexus.classworlds.launcher.Launcher.mainWithExitCode (Launcher.java:406)
    at org.codehaus.plexus.classworlds.launcher.Launcher.main (Launcher.java:347)
Caused by: org.apache.maven.plugin.compiler.CompilationFailureException: Compilation failure
    at org.apache.maven.plugin.compiler.AbstractCompilerMojo.execute (AbstractCompilerMojo.java:858)
    at org.apache.maven.plugin.compiler.CompilerMojo.execute (CompilerMojo.java:129)
    at org.apache.maven.plugin.DefaultBuildPluginManager.executeMojo (DefaultBuildPluginManager.java:137)
    at org.apache.maven.lifecycle.internal.MojoExecutor.execute (MojoExecutor.java:210)
    at org.apache.maven.lifecycle.internal.MojoExecutor.execute (MojoExecutor.java:156)
    at org.apache.maven.lifecycle.internal.MojoExecutor.execute (MojoExecutor.java:148)
    at org.apache.maven.lifecycle.internal.LifecycleModuleBuilder.buildProject (LifecycleModuleBuilder.java:117)
    at org.apache.maven.lifecycle.internal.LifecycleModuleBuilder.buildProject (LifecycleModuleBuilder.java:81)
    at org.apache.maven.lifecycle.internal.builder.singlethreaded.SingleThreadedBuilder.build (SingleThreadedBuilder.java:56)
    at org.apache.maven.lifecycle.internal.LifecycleStarter.execute (LifecycleStarter.java:128)
    at org.apache.maven.DefaultMaven.doExecute (DefaultMaven.java:305)
    at org.apache.maven.DefaultMaven.doExecute (DefaultMaven.java:192)
    at org.apache.maven.DefaultMaven.execute (DefaultMaven.java:105)
    at org.apache.maven.cli.MavenCli.execute (MavenCli.java:957)
    at org.apache.maven.cli.MavenCli.doMain (MavenCli.java:289)
    at org.apache.maven.cli.MavenCli.main (MavenCli.java:193)
    at sun.reflect.NativeMethodAccessorImpl.invoke0 (Native Method)
    at sun.reflect.NativeMethodAccessorImpl.invoke (NativeMethodAccessorImpl.java:62)
    at sun.reflect.DelegatingMethodAccessorImpl.invoke (DelegatingMethodAccessorImpl.java:43)
    at java.lang.reflect.Method.invoke (Method.java:498)
    at org.codehaus.plexus.classworlds.launcher.Launcher.launchEnhanced (Launcher.java:282)
    at org.codehaus.plexus.classworlds.launcher.Launcher.launch (Launcher.java:225)
    at org.codehaus.plexus.classworlds.launcher.Launcher.mainWithExitCode (Launcher.java:406)
    at org.codehaus.plexus.classworlds.launcher.Launcher.main (Launcher.java:347)
[ERROR] 
[ERROR] Re-run Maven using the -X switch to enable full debug logging.
[ERROR] 
[ERROR] For more information about the errors and possible solutions, please read the following articles:
[ERROR] [Help 1] http://cwiki.apache.org/confluence/display/MAVEN/MojoFailureException
[INFO] Build failures were ignored.
