[INFO] Error stacktraces are turned on.
[INFO] Scanning for projects...
[INFO] 
[INFO] ------------------------< io.vertx:vertx-unit >-------------------------
[INFO] Building Vert.x Unit 3.8.3
[INFO] --------------------------------[ jar ]---------------------------------
[INFO] 
[INFO] --- maven-enforcer-plugin:1.0:enforce (enforce-maven) @ vertx-unit ---
[INFO] 
[INFO] --- maven-processor-plugin:3.2.0:process (generate-sources) @ vertx-unit ---
WARNING: io.vertx.codegen.CodeGen - Processed element io.vertx.ext.unit.collect.impl.EventBusCollectorImpl is in an implementation package 
WARNING: io.vertx.codegen.CodeGen - Processed element io.vertx.ext.unit.impl.Task is in an implementation package 
WARNING: io.vertx.codegen.CodeGen - Processed element io.vertx.ext.unit.impl.TestSuiteImpl is in an implementation package 
WARNING: io.vertx.codegen.CodeGen - Processed element io.vertx.ext.unit.impl.TestSuiteReportImpl is in an implementation package 
WARNING: io.vertx.codegen.CodeGen - Processed element io.vertx.ext.unit.impl.TestCaseReportImpl is in an implementation package 
WARNING: io.vertx.codegen.CodeGen - Processed element io.vertx.ext.unit.impl.TestResultImpl is in an implementation package 
WARNING: io.vertx.codegen.CodeGen - Processed element io.vertx.ext.unit.impl.CompletionImpl is in an implementation package 
WARNING: io.vertx.codegen.CodeGen - Processed element io.vertx.ext.unit.impl.Helper is in an implementation package 
WARNING: io.vertx.codegen.CodeGen - Processed element io.vertx.ext.unit.impl.AsyncImpl is in an implementation package 
WARNING: io.vertx.codegen.CodeGen - Processed element io.vertx.ext.unit.impl.TestCompletionImpl is in an implementation package 
WARNING: io.vertx.codegen.CodeGen - Processed element io.vertx.ext.unit.impl.TestCommandFactory is in an implementation package 
WARNING: io.vertx.codegen.CodeGen - Processed element io.vertx.ext.unit.impl.TestContextImpl is in an implementation package 
WARNING: io.vertx.codegen.CodeGen - Processed element io.vertx.ext.unit.impl.TestContextTask is in an implementation package 
WARNING: io.vertx.codegen.CodeGen - Processed element io.vertx.ext.unit.impl.ExecutionContext is in an implementation package 
WARNING: io.vertx.codegen.CodeGen - Processed element io.vertx.ext.unit.impl.TestCommand is in an implementation package 
WARNING: io.vertx.codegen.CodeGen - Processed element io.vertx.ext.unit.impl.FailureImpl is in an implementation package 
WARNING: io.vertx.codegen.CodeGen - Processed element io.vertx.ext.unit.impl.Result is in an implementation package 
WARNING: io.vertx.codegen.CodeGen - Processed element io.vertx.ext.unit.impl.TestSuiteRunner is in an implementation package 
WARNING: io.vertx.codegen.CodeGen - Processed element io.vertx.ext.unit.impl.TestCaseImpl is in an implementation package 
WARNING: io.vertx.codegen.CodeGen - Processed element io.vertx.ext.unit.report.impl.DefaultReporterFactory is in an implementation package 
WARNING: io.vertx.codegen.CodeGen - Processed element io.vertx.ext.unit.report.impl.ReportStream is in an implementation package 
WARNING: io.vertx.codegen.CodeGen - Processed element io.vertx.ext.unit.report.impl.JunitXmlFormatter is in an implementation package 
WARNING: io.vertx.codegen.CodeGen - Processed element io.vertx.ext.unit.report.impl.SimpleFormatter is in an implementation package 
WARNING: io.vertx.codegen.CodeGen - Processed element io.vertx.ext.unit.report.impl.EventBusReporter is in an implementation package 
WARNING: io.vertx.codegen.ClassModel - Interface io.vertx.ext.unit.report.TestSuiteReport does not redeclare the @Fluent return type  of method fetch(long) declared by io.vertx.core.streams.ReadStream 
[INFO] diagnostic: Note: Loaded cheatsheet code generator
[INFO] diagnostic: Note: Loaded cheatsheet code generator
[INFO] diagnostic: Note: Loaded data_object_converters code generator
[WARNING] diagnostic: /tmp/tmpgoqk01ef/vertx-unit/src/main/java/io/vertx/ext/unit/report/TestSuiteReport.java:14: warning: Interface io.vertx.ext.unit.report.TestSuiteReport does not redeclare the @Fluent return type  of method fetch(long) declared by io.vertx.core.streams.ReadStream
public interface TestSuiteReport extends ReadStream<TestCaseReport> {
       ^
[INFO] diagnostic: Note: Generated model io.vertx.ext.unit.report.ReportOptions: generated/io/vertx/ext/unit/report/ReportOptionsConverter.java
[INFO] diagnostic: Note: Generated model io.vertx.ext.unit.report.ReportOptions: asciidoc/dataobjects.adoc
[INFO] diagnostic: Note: Generated model io.vertx.ext.unit.TestOptions: generated/io/vertx/ext/unit/TestOptionsConverter.java
[INFO] diagnostic: Note: Generated model io.vertx.ext.unit.report.ReportingOptions: generated/io/vertx/ext/unit/report/ReportingOptionsConverter.java
[WARNING] diagnostic: warning: The following options were not recognized by any processor: '[maven.artifactId, maven.version, codegen.output.data_object_converters, maven.groupId]'
[INFO] 
[INFO] --- build-helper-maven-plugin:3.0.0:add-source (add-source) @ vertx-unit ---
[INFO] Source directory: /tmp/tmpgoqk01ef/vertx-unit/src/main/generated added.
[INFO] 
[INFO] --- maven-compiler-plugin:3.7.0:compile (default-compile) @ vertx-unit ---
[INFO] Changes detected - recompiling the module!
[INFO] Compiling 63 source files to /tmp/tmpgoqk01ef/vertx-unit/target/classes
[INFO] /tmp/tmpgoqk01ef/vertx-unit/src/main/java/io/vertx/ext/unit/report/impl/JunitXmlFormatter.java: Some input files use or override a deprecated API.
[INFO] /tmp/tmpgoqk01ef/vertx-unit/src/main/java/io/vertx/ext/unit/report/impl/JunitXmlFormatter.java: Recompile with -Xlint:deprecation for details.
[INFO] /tmp/tmpgoqk01ef/vertx-unit/src/main/java/io/vertx/ext/unit/impl/Helper.java: Some input files use unchecked or unsafe operations.
[INFO] /tmp/tmpgoqk01ef/vertx-unit/src/main/java/io/vertx/ext/unit/impl/Helper.java: Recompile with -Xlint:unchecked for details.
[INFO] 
[INFO] --- maven-resources-plugin:2.7:resources (default-resources) @ vertx-unit ---
[INFO] Using 'UTF-8' encoding to copy filtered resources.
[INFO] Copying 1 resource
[INFO] 
[INFO] --- bnd-maven-plugin:3.2.0:bnd-process (default-bnd-process) @ vertx-unit ---
[WARNING] /tmp/tmpgoqk01ef/vertx-unit/pom.xml [0:0]: Unused Import-Package instructions: [groovy.lang.*, org.codehaus.groovy.*, io.vertx.groovy.*, kotlin.*, io.vertx.ext.auth.*, io.vertx.lang.rxjava.*, io.vertx.lang.groovy.*, io.vertx.rxjava.core.*, io.vertx.rxjava.ext.auth.*, rx.*] 
[INFO] 
[INFO] --- maven-resources-plugin:2.7:testResources (default-testResources) @ vertx-unit ---
[INFO] Using 'UTF-8' encoding to copy filtered resources.
[INFO] skip non existing resourceDirectory /tmp/tmpgoqk01ef/vertx-unit/src/test/resources
[INFO] 
[INFO] --- maven-compiler-plugin:3.7.0:testCompile (default-testCompile) @ vertx-unit ---
[INFO] Changes detected - recompiling the module!
[INFO] Compiling 19 source files to /tmp/tmpgoqk01ef/vertx-unit/target/test-classes
[INFO] /tmp/tmpgoqk01ef/vertx-unit/src/test/java/io/vertx/ext/unit/JunitXmlReporterTest.java: Some input files use or override a deprecated API.
[INFO] /tmp/tmpgoqk01ef/vertx-unit/src/test/java/io/vertx/ext/unit/JunitXmlReporterTest.java: Recompile with -Xlint:deprecation for details.
[INFO] /tmp/tmpgoqk01ef/vertx-unit/src/test/java/io/vertx/ext/unit/JUnitParameterizedTest.java: /tmp/tmpgoqk01ef/vertx-unit/src/test/java/io/vertx/ext/unit/JUnitParameterizedTest.java uses unchecked or unsafe operations.
[INFO] /tmp/tmpgoqk01ef/vertx-unit/src/test/java/io/vertx/ext/unit/JUnitParameterizedTest.java: Recompile with -Xlint:unchecked for details.
[INFO] 
[INFO] --- maven-surefire-plugin:2.18.1:test (default-test) @ vertx-unit ---
[INFO] Surefire report directory: /tmp/tmpgoqk01ef/vertx-unit/target/surefire-reports

-------------------------------------------------------
 T E S T S
-------------------------------------------------------
Running io.vertx.ext.unit.ReportingTest
Starting test: ReportingTest#testReportWithDefaultOptions 
Starting test: ReportingTest#testReportToLog 
Begin test suite my_suite
 
Begin test my_test
 
Passed my_test
 
End test suite my_suite , run: 1, Failures: 0, Errors: 0
 
Starting test: ReportingTest#testReportSucceededToCompletionHandler 
Starting test: ReportingTest#testReportToConsole 
Starting test: ReportingTest#testJunitFormatReporter 
Starting test: ReportingTest#testReportToFailureCompletionHandler 
Starting test: ReportingTest#testReportToEventBus 
Starting test: ReportingTest#testSimpleFormatReporter 
Starting test: ReportingTest#testReportToFile 
Unhandled exception 
java.util.concurrent.RejectedExecutionException: Task io.vertx.core.impl.TaskQueue$$Lambda$42/1466073198@422ea77e rejected from java.util.concurrent.ThreadPoolExecutor@72c215f[Terminated, pool size = 0, active threads = 0, queued tasks = 0, completed tasks = 1]
	at java.util.concurrent.ThreadPoolExecutor$AbortPolicy.rejectedExecution(ThreadPoolExecutor.java:2063)
	at java.util.concurrent.ThreadPoolExecutor.reject(ThreadPoolExecutor.java:830)
	at java.util.concurrent.ThreadPoolExecutor.execute(ThreadPoolExecutor.java:1379)
	at io.vertx.core.impl.TaskQueue.execute(TaskQueue.java:93)
	at io.vertx.core.impl.ContextImpl.executeBlocking(ContextImpl.java:337)
	at io.vertx.core.impl.ContextImpl.executeBlockingInternal(ContextImpl.java:281)
	at io.vertx.core.impl.EventLoopContext.executeBlockingInternal(EventLoopContext.java:23)
	at io.vertx.core.file.impl.AsyncFileImpl.doClose(AsyncFileImpl.java:520)
	at io.vertx.core.file.impl.AsyncFileImpl.lambda$closeInternal$7(AsyncFileImpl.java:538)
	at io.vertx.core.file.impl.AsyncFileImpl.lambda$doWrite$2(AsyncFileImpl.java:179)
	at io.vertx.core.file.impl.AsyncFileImpl$1.lambda$completed$0(AsyncFileImpl.java:450)
	at io.vertx.core.impl.ContextImpl.executeTask(ContextImpl.java:369)
	at io.vertx.core.impl.EventLoopContext.lambda$executeAsync$0(EventLoopContext.java:38)
	at io.netty.util.concurrent.AbstractEventExecutor.safeExecute(AbstractEventExecutor.java:163)
	at io.netty.util.concurrent.SingleThreadEventExecutor.runAllTasks(SingleThreadEventExecutor.java:510)
	at io.netty.channel.nio.NioEventLoop.run(NioEventLoop.java:518)
	at io.netty.util.concurrent.SingleThreadEventExecutor$6.run(SingleThreadEventExecutor.java:1044)
	at io.netty.util.internal.ThreadExecutorMap$2.run(ThreadExecutorMap.java:74)
	at io.netty.util.concurrent.FastThreadLocalRunnable.run(FastThreadLocalRunnable.java:30)
	at java.lang.Thread.run(Thread.java:748)

Tests run: 9, Failures: 0, Errors: 0, Skipped: 0, Time elapsed: 2.774 sec - in io.vertx.ext.unit.ReportingTest
Running io.vertx.ext.unit.EventBusTest
Starting test: EventBusTest#testEndToEnd 
Starting test: EventBusTest#testEndToEndAfterFailure 
Starting test: EventBusTest#testEventBusReporter 
Starting test: EventBusTest#testEventBusReportAfterFailure 
Starting test: EventBusTest#testEventBusReporterTestSuiteFailure 
Starting test: EventBusTest#testEventBusReport 
Tests run: 6, Failures: 0, Errors: 0, Skipped: 0, Time elapsed: 1.605 sec - in io.vertx.ext.unit.EventBusTest
Running io.vertx.ext.unit.OptionsTest
Tests run: 6, Failures: 0, Errors: 0, Skipped: 0, Time elapsed: 0.007 sec - in io.vertx.ext.unit.OptionsTest
Running io.vertx.ext.unit.JunitXmlReporterTest
Starting test: JunitXmlReporterTest#testReportTestCases 
Starting test: JunitXmlReporterTest#testReportBeforeFailure 
Starting test: JunitXmlReporterTest#testReportAfterFailure 
Tests run: 3, Failures: 0, Errors: 0, Skipped: 0, Time elapsed: 0.137 sec - in io.vertx.ext.unit.JunitXmlReporterTest
Running io.vertx.ext.unit.TestSuiteNoEventLoopAsyncTest
Tests run: 40, Failures: 0, Errors: 0, Skipped: 0, Time elapsed: 1.391 sec - in io.vertx.ext.unit.TestSuiteNoEventLoopAsyncTest
Running io.vertx.ext.unit.TestSuiteNoEventLoopWithVertxTest
Tests run: 40, Failures: 0, Errors: 0, Skipped: 0, Time elapsed: 8.953 sec - in io.vertx.ext.unit.TestSuiteNoEventLoopWithVertxTest
Running io.vertx.ext.unit.TestSuiteNoEventLoopTest
Tests run: 40, Failures: 0, Errors: 0, Skipped: 0, Time elapsed: 0.801 sec - in io.vertx.ext.unit.TestSuiteNoEventLoopTest
Running io.vertx.ext.unit.TestSuiteUseContextualEventLoopTest
Tests run: 40, Failures: 0, Errors: 0, Skipped: 0, Time elapsed: 9.586 sec - in io.vertx.ext.unit.TestSuiteUseContextualEventLoopTest
Running io.vertx.ext.unit.CompletionTest
Tests run: 8, Failures: 0, Errors: 0, Skipped: 0, Time elapsed: 0.326 sec - in io.vertx.ext.unit.CompletionTest
Running io.vertx.ext.unit.ExamplesTest
------ begin example 2
Begin test suite the_test_suite
Begin test my_test_case
Passed my_test_case
End test suite the_test_suite , run: 1, Failures: 0, Errors: 0
------ end example 2
Tests run: 1, Failures: 0, Errors: 0, Skipped: 0, Time elapsed: 0.004 sec - in io.vertx.ext.unit.ExamplesTest
Running io.vertx.ext.unit.ConcurrentTest
Starting test: ConcurrentTest#testAsyncCompletion 
Tests run: 1, Failures: 0, Errors: 0, Skipped: 0, Time elapsed: 1.974 sec - in io.vertx.ext.unit.ConcurrentTest
Running io.vertx.ext.unit.TestSuiteObjectTest
Tests run: 7, Failures: 0, Errors: 0, Skipped: 0, Time elapsed: 0.004 sec - in io.vertx.ext.unit.TestSuiteObjectTest
Running io.vertx.ext.unit.TestSuiteUseVertxEventLoopTest
Tests run: 40, Failures: 0, Errors: 0, Skipped: 0, Time elapsed: 4.143 sec - in io.vertx.ext.unit.TestSuiteUseVertxEventLoopTest
Running io.vertx.ext.unit.UseEventLoopTest
Tests run: 2, Failures: 0, Errors: 0, Skipped: 0, Time elapsed: 0.002 sec - in io.vertx.ext.unit.UseEventLoopTest
Running io.vertx.ext.unit.JUnitTestSuiteTest
before
beforeEach
testSomethingElse
afterEach
beforeEach
testSomething
afterEach
after
Tests run: 2, Failures: 0, Errors: 0, Skipped: 0, Time elapsed: 0.023 sec - in io.vertx.ext.unit.JUnitTestSuiteTest
Running io.vertx.ext.unit.JUnitParameterizedTest
Exception in thread "Thread-669" java.lang.AssertionError: Test failed
	at io.vertx.ext.unit.impl.TestContextImpl.reportAssertionError(TestContextImpl.java:362)
	at io.vertx.ext.unit.impl.TestContextImpl.fail(TestContextImpl.java:230)
	at io.vertx.ext.unit.impl.TestContextImpl.fail(TestContextImpl.java:226)
	at io.vertx.ext.unit.JUnitParameterizedTest$SimpleParameterizedTestSuite$1.run(JUnitParameterizedTest.java:52)
Tests run: 1, Failures: 0, Errors: 0, Skipped: 0, Time elapsed: 0.412 sec - in io.vertx.ext.unit.JUnitParameterizedTest
Running io.vertx.ext.unit.JUnitTest
io.vertx.core.VertxException: Connection was closed 
*** Iteration 1/3 of test testMethod(io.vertx.ext.unit.JUnitTest$RepeatRuleTestSuite)
*** Iteration 2/3 of test testMethod(io.vertx.ext.unit.JUnitTest$RepeatRuleTestSuite)
*** Iteration 3/3 of test testMethod(io.vertx.ext.unit.JUnitTest$RepeatRuleTestSuite)
Exception in thread "Thread-727" java.lang.AssertionError: expected
	at io.vertx.ext.unit.impl.TestContextImpl.reportAssertionError(TestContextImpl.java:362)
	at io.vertx.ext.unit.impl.TestContextImpl.fail(TestContextImpl.java:230)
	at io.vertx.ext.unit.JUnitTest$AwaitAsyncTestSuite.lambda$testAwaitWithTimeout$2(JUnitTest.java:726)
	at java.lang.Thread.run(Thread.java:748)
Exception in thread "Thread-731" java.lang.AssertionError: expected
	at io.vertx.ext.unit.impl.TestContextImpl.reportAssertionError(TestContextImpl.java:362)
	at io.vertx.ext.unit.impl.TestContextImpl.fail(TestContextImpl.java:230)
	at io.vertx.ext.unit.JUnitTest$AwaitAsyncTestSuite.lambda$testAwaitWithFailure$1(JUnitTest.java:704)
	at java.lang.Thread.run(Thread.java:748)
Unhandled exception 
java.lang.AssertionError: Testing async failure
	at org.junit.Assert.fail(Assert.java:88)
	at io.vertx.ext.unit.JUnitTest$ThirdPartyAssertAsyncFailure.lambda$null$0(JUnitTest.java:1084)
	at io.vertx.ext.unit.impl.TestContextImpl.verify(TestContextImpl.java:295)
	at io.vertx.ext.unit.JUnitTest$ThirdPartyAssertAsyncFailure.lambda$failWithAsync$1(JUnitTest.java:1084)
	at io.vertx.core.impl.ContextImpl.executeTask(ContextImpl.java:369)
	at io.vertx.core.impl.EventLoopContext.lambda$executeAsync$0(EventLoopContext.java:38)
	at io.netty.util.concurrent.AbstractEventExecutor.safeExecute(AbstractEventExecutor.java:163)
	at io.netty.util.concurrent.SingleThreadEventExecutor.runAllTasks(SingleThreadEventExecutor.java:510)
	at io.netty.channel.nio.NioEventLoop.run(NioEventLoop.java:518)
	at io.netty.util.concurrent.SingleThreadEventExecutor$6.run(SingleThreadEventExecutor.java:1044)
	at io.netty.util.internal.ThreadExecutorMap$2.run(ThreadExecutorMap.java:74)
	at io.netty.util.concurrent.FastThreadLocalRunnable.run(FastThreadLocalRunnable.java:30)
	at java.lang.Thread.run(Thread.java:748)

Failure in calling handler 
java.lang.AssertionError
	at org.junit.Assert.fail(Assert.java:86)
	at org.junit.Assert.assertTrue(Assert.java:41)
	at org.junit.Assert.assertTrue(Assert.java:52)
	at io.vertx.ext.unit.JUnitTest$DeployFailingVerticle.lambda$before$0(JUnitTest.java:986)
	at io.vertx.core.impl.DeploymentManager.lambda$reportResult$6(DeploymentManager.java:518)
	at io.vertx.core.impl.ContextImpl.executeTask(ContextImpl.java:369)
	at io.vertx.core.impl.EventLoopContext.lambda$executeAsync$0(EventLoopContext.java:38)
	at io.netty.util.concurrent.AbstractEventExecutor.safeExecute(AbstractEventExecutor.java:163)
	at io.netty.util.concurrent.SingleThreadEventExecutor.runAllTasks(SingleThreadEventExecutor.java:510)
	at io.netty.channel.nio.NioEventLoop.run(NioEventLoop.java:518)
	at io.netty.util.concurrent.SingleThreadEventExecutor$6.run(SingleThreadEventExecutor.java:1044)
	at io.netty.util.internal.ThreadExecutorMap$2.run(ThreadExecutorMap.java:74)
	at io.netty.util.concurrent.FastThreadLocalRunnable.run(FastThreadLocalRunnable.java:30)
	at java.lang.Thread.run(Thread.java:748)

Tests run: 36, Failures: 0, Errors: 0, Skipped: 0, Time elapsed: 3.203 sec - in io.vertx.ext.unit.JUnitTest

Results :

Tests run: 282, Failures: 0, Errors: 0, Skipped: 0

[INFO] 
[INFO] --- maven-jar-plugin:3.0.2:jar (default-jar) @ vertx-unit ---
[INFO] Building jar: /tmp/tmpgoqk01ef/vertx-unit/target/vertx-unit-3.8.3.jar
[INFO] 
[INFO] --- maven-source-plugin:3.0.1:jar-no-fork (attach-sources) @ vertx-unit ---
[INFO] Building jar: /tmp/tmpgoqk01ef/vertx-unit/target/vertx-unit-3.8.3-sources.jar
[INFO] 
[INFO] --- maven-source-plugin:3.0.1:test-jar-no-fork (attach-sources) @ vertx-unit ---
[INFO] Building jar: /tmp/tmpgoqk01ef/vertx-unit/target/vertx-unit-3.8.3-test-sources.jar
[INFO] 
[INFO] --- maven-jar-plugin:3.0.2:test-jar (attach-test-jar) @ vertx-unit ---
[INFO] Building jar: /tmp/tmpgoqk01ef/vertx-unit/target/vertx-unit-3.8.3-tests.jar
[INFO] 
[INFO] --- maven-assembly-plugin:3.2.0:single (package-sources) @ vertx-unit ---
[INFO] Building jar: /tmp/tmpgoqk01ef/vertx-unit/target/vertx-unit-3.8.3-sources.jar
[INFO] 
[INFO] --- maven-assembly-plugin:3.2.0:single (package-docs) @ vertx-unit ---
[INFO] Building zip: /tmp/tmpgoqk01ef/vertx-unit/target/vertx-unit-3.8.3-docs.zip
[INFO] 
[INFO] --- maven-assembly-plugin:3.2.0:single (default) @ vertx-unit ---
[INFO] Building jar: /tmp/tmpgoqk01ef/vertx-unit/target/vertx-unit-3.8.3-jar-with-dependencies.jar
[INFO] ------------------------------------------------------------------------
[INFO] BUILD SUCCESS
[INFO] ------------------------------------------------------------------------
[INFO] Total time:  01:00 min
[INFO] Finished at: 2020-07-30T15:52:01Z
[INFO] ------------------------------------------------------------------------
