[INFO] Error stacktraces are turned on.
[INFO] Scanning for projects...
[INFO] 
[INFO] ------< io.fabric8.elasticsearch:openshift-elasticsearch-plugin >-------
[INFO] Building Openshift Elasticsearch Plugin 5.6.16.3-SNAPSHOT
[INFO] --------------------------------[ jar ]---------------------------------
[INFO] 
[INFO] --- maven-enforcer-plugin:1.2:enforce (enforce-maven) @ openshift-elasticsearch-plugin ---
[INFO] 
[INFO] --- jacoco-maven-plugin:0.8.5:prepare-agent (default) @ openshift-elasticsearch-plugin ---
[INFO] argLine set to -javaagent:/home/jdbl/.m2/repository/org/jacoco/org.jacoco.agent/0.8.5/org.jacoco.agent-0.8.5-runtime.jar=destfile=/tmp/tmpimgkb8pj/openshift-elasticsearch-plugin/target/jacoco.exec
[INFO] 
[INFO] --- build-helper-maven-plugin:3.0.0:add-test-source (add-source) @ openshift-elasticsearch-plugin ---
[INFO] Test Source directory: /tmp/tmpimgkb8pj/openshift-elasticsearch-plugin/src/it/java added.
[INFO] 
[INFO] --- build-helper-maven-plugin:3.0.0:add-test-resource (add-resource) @ openshift-elasticsearch-plugin ---
[INFO] 
[INFO] --- maven-resources-plugin:2.6:resources (default-resources) @ openshift-elasticsearch-plugin ---
[INFO] Using 'UTF-8' encoding to copy filtered resources.
[INFO] skip non existing resourceDirectory /tmp/tmpimgkb8pj/openshift-elasticsearch-plugin/src/main/resources
[INFO] 
[INFO] --- maven-compiler-plugin:3.1:compile (default-compile) @ openshift-elasticsearch-plugin ---
[INFO] Changes detected - recompiling the module!
[INFO] Compiling 41 source files to /tmp/tmpimgkb8pj/openshift-elasticsearch-plugin/target/classes
[INFO] 
[INFO] --- maven-checkstyle-plugin:2.16:check (checkstyle) @ openshift-elasticsearch-plugin ---
[INFO] Starting audit...
Audit done.
[INFO] 
[INFO] --- maven-resources-plugin:2.6:testResources (default-testResources) @ openshift-elasticsearch-plugin ---
[INFO] Using 'UTF-8' encoding to copy filtered resources.
[INFO] Copying 29 resources
[INFO] Copying 7 resources
[INFO] 
[INFO] --- maven-compiler-plugin:3.1:testCompile (default-testCompile) @ openshift-elasticsearch-plugin ---
[INFO] Changes detected - recompiling the module!
[INFO] Compiling 27 source files to /tmp/tmpimgkb8pj/openshift-elasticsearch-plugin/target/test-classes
[INFO] 
[INFO] --- maven-surefire-plugin:2.19.1:test (default-test) @ openshift-elasticsearch-plugin ---
[INFO] Surefire report directory: /tmp/tmpimgkb8pj/openshift-elasticsearch-plugin/target/surefire-reports

-------------------------------------------------------
 T E S T S
-------------------------------------------------------
Running io.fabric8.elasticsearch.plugin.OpenshiftAPIServiceTest
ERROR StatusLogger No Log4j 2 configuration file found. Using default configuration (logging only errors to the console), or user programmatically provided configurations. Set system property 'log4j2.debug' to show Log4j 2 internal initialization logging. See https://logging.apache.org/log4j/2.x/manual/configuration.html for instructions on how to configure Log4j 2
Jul 30, 2020 9:28:40 PM okhttp3.mockwebserver.MockWebServer$2 execute
INFO: MockWebServer[34119] starting to accept connections
log4j:WARN No appenders could be found for logger (io.fabric8.kubernetes.client.Config).
log4j:WARN Please initialize the log4j system properly.
log4j:WARN See http://logging.apache.org/log4j/1.2/faq.html#noconfig for more info.
Jul 30, 2020 9:28:41 PM okhttp3.mockwebserver.MockWebServer$3 processOneRequest
INFO: MockWebServer[34119] received request: GET /apis HTTP/1.1 and responded: HTTP/1.1 404 Client Error
Jul 30, 2020 9:28:42 PM okhttp3.mockwebserver.MockWebServer$2 acceptConnections
INFO: MockWebServer[34119] done accepting connections: Socket closed
Jul 30, 2020 9:28:42 PM okhttp3.mockwebserver.MockWebServer$2 execute
INFO: MockWebServer[40771] starting to accept connections
Jul 30, 2020 9:28:42 PM okhttp3.mockwebserver.MockWebServer$3 processOneRequest
INFO: MockWebServer[40771] received request: GET /apis HTTP/1.1 and responded: HTTP/1.1 404 Client Error
Jul 30, 2020 9:28:42 PM okhttp3.mockwebserver.MockWebServer$2 acceptConnections
INFO: MockWebServer[40771] done accepting connections: Socket closed
Jul 30, 2020 9:28:42 PM okhttp3.mockwebserver.MockWebServer$2 execute
INFO: MockWebServer[47737] starting to accept connections
Jul 30, 2020 9:28:42 PM okhttp3.mockwebserver.MockWebServer$3 processOneRequest
INFO: MockWebServer[47737] received request: GET /apis HTTP/1.1 and responded: HTTP/1.1 404 Client Error
Jul 30, 2020 9:28:43 PM okhttp3.mockwebserver.MockWebServer$Http2SocketHandler onStream
INFO: MockWebServer[47737] received request: GET /apis/project.openshift.io/v1/projects HTTP/1.1 and responded: HTTP/1.1 200 OK protocol is h2
Jul 30, 2020 9:28:43 PM okhttp3.mockwebserver.MockWebServer$2 acceptConnections
INFO: MockWebServer[47737] done accepting connections: Socket closed
Tests run: 3, Failures: 0, Errors: 0, Skipped: 0, Time elapsed: 6.862 sec - in io.fabric8.elasticsearch.plugin.OpenshiftAPIServiceTest
Running io.fabric8.elasticsearch.plugin.rest.OpenShiftRestResponseTest
Tests run: 5, Failures: 0, Errors: 0, Skipped: 0, Time elapsed: 0.432 sec - in io.fabric8.elasticsearch.plugin.rest.OpenShiftRestResponseTest
Running io.fabric8.elasticsearch.plugin.auth.FileAuthenticationBackendTest
Tests run: 12, Failures: 0, Errors: 0, Skipped: 0, Time elapsed: 0.728 sec - in io.fabric8.elasticsearch.plugin.auth.FileAuthenticationBackendTest
Running io.fabric8.elasticsearch.plugin.auth.OpenShiftTokenAuthenticationTest
21:28:44.732 [main] ERROR io.fabric8.elasticsearch.plugin.auth.OpenShiftTokenAuthentication - Error handling request
java.lang.NullPointerException: null
	at io.fabric8.elasticsearch.plugin.auth.OpenShiftTokenAuthentication.extractCredentials(OpenShiftTokenAuthentication.java:93) [classes/:?]
	at io.fabric8.elasticsearch.plugin.auth.OpenShiftTokenAuthenticationTest.testExtractCredentialsWhenNotInitialized(OpenShiftTokenAuthenticationTest.java:176) [test-classes/:?]
	at sun.reflect.NativeMethodAccessorImpl.invoke0(Native Method) ~[?:1.8.0_262]
	at sun.reflect.NativeMethodAccessorImpl.invoke(NativeMethodAccessorImpl.java:62) ~[?:1.8.0_262]
	at sun.reflect.DelegatingMethodAccessorImpl.invoke(DelegatingMethodAccessorImpl.java:43) ~[?:1.8.0_262]
	at java.lang.reflect.Method.invoke(Method.java:498) ~[?:1.8.0_262]
	at org.junit.runners.model.FrameworkMethod$1.runReflectiveCall(FrameworkMethod.java:50) [junit-4.12.jar:4.12]
	at org.junit.internal.runners.model.ReflectiveCallable.run(ReflectiveCallable.java:12) [junit-4.12.jar:4.12]
	at org.junit.runners.model.FrameworkMethod.invokeExplosively(FrameworkMethod.java:47) [junit-4.12.jar:4.12]
	at org.junit.internal.runners.statements.InvokeMethod.evaluate(InvokeMethod.java:17) [junit-4.12.jar:4.12]
	at org.junit.internal.runners.statements.RunBefores.evaluate(RunBefores.java:26) [junit-4.12.jar:4.12]
	at org.junit.internal.runners.statements.RunAfters.evaluate(RunAfters.java:27) [junit-4.12.jar:4.12]
	at org.junit.runners.ParentRunner.runLeaf(ParentRunner.java:325) [junit-4.12.jar:4.12]
	at org.junit.runners.BlockJUnit4ClassRunner.runChild(BlockJUnit4ClassRunner.java:78) [junit-4.12.jar:4.12]
	at org.junit.runners.BlockJUnit4ClassRunner.runChild(BlockJUnit4ClassRunner.java:57) [junit-4.12.jar:4.12]
	at org.junit.runners.ParentRunner$3.run(ParentRunner.java:290) [junit-4.12.jar:4.12]
	at org.junit.runners.ParentRunner$1.schedule(ParentRunner.java:71) [junit-4.12.jar:4.12]
	at org.junit.runners.ParentRunner.runChildren(ParentRunner.java:288) [junit-4.12.jar:4.12]
	at org.junit.runners.ParentRunner.access$000(ParentRunner.java:58) [junit-4.12.jar:4.12]
	at org.junit.runners.ParentRunner$2.evaluate(ParentRunner.java:268) [junit-4.12.jar:4.12]
	at org.junit.runners.ParentRunner.run(ParentRunner.java:363) [junit-4.12.jar:4.12]
	at org.apache.maven.surefire.junit4.JUnit4Provider.execute(JUnit4Provider.java:367) [surefire-junit4-2.19.1.jar:2.19.1]
	at org.apache.maven.surefire.junit4.JUnit4Provider.executeWithRerun(JUnit4Provider.java:274) [surefire-junit4-2.19.1.jar:2.19.1]
	at org.apache.maven.surefire.junit4.JUnit4Provider.executeTestSet(JUnit4Provider.java:238) [surefire-junit4-2.19.1.jar:2.19.1]
	at org.apache.maven.surefire.junit4.JUnit4Provider.invoke(JUnit4Provider.java:161) [surefire-junit4-2.19.1.jar:2.19.1]
	at org.apache.maven.surefire.booter.ForkedBooter.invokeProviderInSameClassLoader(ForkedBooter.java:290) [surefire-booter-2.19.1.jar:2.19.1]
	at org.apache.maven.surefire.booter.ForkedBooter.runSuitesInProcess(ForkedBooter.java:242) [surefire-booter-2.19.1.jar:2.19.1]
	at org.apache.maven.surefire.booter.ForkedBooter.main(ForkedBooter.java:121) [surefire-booter-2.19.1.jar:2.19.1]
21:28:44.798 [main] ERROR io.fabric8.elasticsearch.plugin.auth.OpenShiftTokenAuthentication - Error handling request
java.lang.RuntimeException: null
21:28:44.807 [main] ERROR io.fabric8.elasticsearch.plugin.auth.OpenShiftTokenAuthentication - Error handling request
java.lang.NullPointerException: null
	at io.fabric8.elasticsearch.plugin.auth.OpenShiftTokenAuthentication.extractCredentials(OpenShiftTokenAuthentication.java:93) [classes/:?]
	at io.fabric8.elasticsearch.plugin.auth.OpenShiftTokenAuthenticationTest.testExtractCredentialsForNonBearerToken(OpenShiftTokenAuthenticationTest.java:181) [test-classes/:?]
	at sun.reflect.NativeMethodAccessorImpl.invoke0(Native Method) ~[?:1.8.0_262]
	at sun.reflect.NativeMethodAccessorImpl.invoke(NativeMethodAccessorImpl.java:62) ~[?:1.8.0_262]
	at sun.reflect.DelegatingMethodAccessorImpl.invoke(DelegatingMethodAccessorImpl.java:43) ~[?:1.8.0_262]
	at java.lang.reflect.Method.invoke(Method.java:498) ~[?:1.8.0_262]
	at org.junit.runners.model.FrameworkMethod$1.runReflectiveCall(FrameworkMethod.java:50) [junit-4.12.jar:4.12]
	at org.junit.internal.runners.model.ReflectiveCallable.run(ReflectiveCallable.java:12) [junit-4.12.jar:4.12]
	at org.junit.runners.model.FrameworkMethod.invokeExplosively(FrameworkMethod.java:47) [junit-4.12.jar:4.12]
	at org.junit.internal.runners.statements.InvokeMethod.evaluate(InvokeMethod.java:17) [junit-4.12.jar:4.12]
	at org.junit.internal.runners.statements.RunBefores.evaluate(RunBefores.java:26) [junit-4.12.jar:4.12]
	at org.junit.internal.runners.statements.RunAfters.evaluate(RunAfters.java:27) [junit-4.12.jar:4.12]
	at org.junit.runners.ParentRunner.runLeaf(ParentRunner.java:325) [junit-4.12.jar:4.12]
	at org.junit.runners.BlockJUnit4ClassRunner.runChild(BlockJUnit4ClassRunner.java:78) [junit-4.12.jar:4.12]
	at org.junit.runners.BlockJUnit4ClassRunner.runChild(BlockJUnit4ClassRunner.java:57) [junit-4.12.jar:4.12]
	at org.junit.runners.ParentRunner$3.run(ParentRunner.java:290) [junit-4.12.jar:4.12]
	at org.junit.runners.ParentRunner$1.schedule(ParentRunner.java:71) [junit-4.12.jar:4.12]
	at org.junit.runners.ParentRunner.runChildren(ParentRunner.java:288) [junit-4.12.jar:4.12]
	at org.junit.runners.ParentRunner.access$000(ParentRunner.java:58) [junit-4.12.jar:4.12]
	at org.junit.runners.ParentRunner$2.evaluate(ParentRunner.java:268) [junit-4.12.jar:4.12]
	at org.junit.runners.ParentRunner.run(ParentRunner.java:363) [junit-4.12.jar:4.12]
	at org.apache.maven.surefire.junit4.JUnit4Provider.execute(JUnit4Provider.java:367) [surefire-junit4-2.19.1.jar:2.19.1]
	at org.apache.maven.surefire.junit4.JUnit4Provider.executeWithRerun(JUnit4Provider.java:274) [surefire-junit4-2.19.1.jar:2.19.1]
	at org.apache.maven.surefire.junit4.JUnit4Provider.executeTestSet(JUnit4Provider.java:238) [surefire-junit4-2.19.1.jar:2.19.1]
	at org.apache.maven.surefire.junit4.JUnit4Provider.invoke(JUnit4Provider.java:161) [surefire-junit4-2.19.1.jar:2.19.1]
	at org.apache.maven.surefire.booter.ForkedBooter.invokeProviderInSameClassLoader(ForkedBooter.java:290) [surefire-booter-2.19.1.jar:2.19.1]
	at org.apache.maven.surefire.booter.ForkedBooter.runSuitesInProcess(ForkedBooter.java:242) [surefire-booter-2.19.1.jar:2.19.1]
	at org.apache.maven.surefire.booter.ForkedBooter.main(ForkedBooter.java:121) [surefire-booter-2.19.1.jar:2.19.1]
Tests run: 11, Failures: 0, Errors: 0, Skipped: 0, Time elapsed: 0.175 sec - in io.fabric8.elasticsearch.plugin.auth.OpenShiftTokenAuthenticationTest
Running io.fabric8.elasticsearch.plugin.OpenshiftRequestContextFactoryTest
Tests run: 18, Failures: 0, Errors: 0, Skipped: 0, Time elapsed: 0.341 sec - in io.fabric8.elasticsearch.plugin.OpenshiftRequestContextFactoryTest
Running io.fabric8.elasticsearch.plugin.acl.SearchGuardRolesMappingACLTest
Tests run: 8, Failures: 0, Errors: 0, Skipped: 0, Time elapsed: 0.295 sec - in io.fabric8.elasticsearch.plugin.acl.SearchGuardRolesMappingACLTest
Running io.fabric8.elasticsearch.plugin.acl.SearchGuardRoleACLTest
Tests run: 8, Failures: 0, Errors: 0, Skipped: 0, Time elapsed: 0.091 sec - in io.fabric8.elasticsearch.plugin.acl.SearchGuardRoleACLTest
Running io.fabric8.elasticsearch.plugin.acl.BaseRolesSyncStrategyTest
Tests run: 3, Failures: 0, Errors: 0, Skipped: 0, Time elapsed: 0 sec - in io.fabric8.elasticsearch.plugin.acl.BaseRolesSyncStrategyTest
Running io.fabric8.elasticsearch.plugin.kibana.KibanaUtilsTest
Tests run: 27, Failures: 0, Errors: 0, Skipped: 0, Time elapsed: 0.219 sec - in io.fabric8.elasticsearch.plugin.kibana.KibanaUtilsTest
Running io.fabric8.elasticsearch.plugin.kibana.KibanaSeedTest
Tests run: 4, Failures: 0, Errors: 0, Skipped: 0, Time elapsed: 0.073 sec - in io.fabric8.elasticsearch.plugin.kibana.KibanaSeedTest
Running io.fabric8.elasticsearch.plugin.kibana.IndexMappingLoaderTest
Tests run: 2, Failures: 0, Errors: 0, Skipped: 0, Time elapsed: 0.006 sec - in io.fabric8.elasticsearch.plugin.kibana.IndexMappingLoaderTest
Running io.fabric8.elasticsearch.plugin.PluginSettingsTest
Tests run: 3, Failures: 0, Errors: 0, Skipped: 0, Time elapsed: 0.001 sec - in io.fabric8.elasticsearch.plugin.PluginSettingsTest
Running io.fabric8.elasticsearch.plugin.filter.FieldStatsResponseFilterTest
Tests run: 6, Failures: 0, Errors: 0, Skipped: 0, Time elapsed: 0.093 sec - in io.fabric8.elasticsearch.plugin.filter.FieldStatsResponseFilterTest
Running io.fabric8.elasticsearch.util.IndexUtilTest
Tests run: 1, Failures: 0, Errors: 0, Skipped: 0, Time elapsed: 0.017 sec - in io.fabric8.elasticsearch.util.IndexUtilTest
Running io.fabric8.elasticsearch.util.RequestUtilsTest
Tests run: 3, Failures: 0, Errors: 0, Skipped: 0, Time elapsed: 0 sec - in io.fabric8.elasticsearch.util.RequestUtilsTest

Results :

Tests run: 114, Failures: 0, Errors: 0, Skipped: 0

[INFO] 
[INFO] --- jacoco-maven-plugin:0.8.5:report (report) @ openshift-elasticsearch-plugin ---
[INFO] Loading execution data file /tmp/tmpimgkb8pj/openshift-elasticsearch-plugin/target/jacoco.exec
[INFO] Analyzed bundle 'Openshift Elasticsearch Plugin' with 261 classes
[INFO] ------------------------------------------------------------------------
[INFO] BUILD SUCCESS
[INFO] ------------------------------------------------------------------------
[INFO] Total time:  46.569 s
[INFO] Finished at: 2020-07-30T21:28:48Z
[INFO] ------------------------------------------------------------------------
