[INFO] Error stacktraces are turned on.
[INFO] Scanning for projects...
[WARNING] 
[WARNING] Some problems were encountered while building the effective model for com.github.ldapchai:ldapchai:jar:0.7.6-SNAPSHOT
[WARNING] 'build.plugins.plugin.(groupId:artifactId)' must be unique but found duplicate declaration of plugin org.apache.maven.plugins:maven-surefire-plugin @ line 346, column 15
[WARNING] 
[WARNING] It is highly recommended to fix these problems because they threaten the stability of your build.
[WARNING] 
[WARNING] For this reason, future Maven versions might no longer support building such malformed projects.
[WARNING] 
[INFO] Inspecting build with total of 1 modules...
[INFO] Installing Nexus Staging features:
[INFO]   ... total of 1 executions of maven-deploy-plugin replaced with nexus-staging-maven-plugin
[INFO] 
[INFO] --------------------< com.github.ldapchai:ldapchai >--------------------
[INFO] Building LDAP Chai Library 0.7.6-SNAPSHOT
[INFO] --------------------------------[ jar ]---------------------------------
[INFO] 
[INFO] --- maven-enforcer-plugin:3.0.0-M2:enforce (enforce-maven) @ ldapchai ---
[INFO] 
[INFO] --- maven-enforcer-plugin:3.0.0-M2:enforce (enforce-java) @ ldapchai ---
[INFO] 
[INFO] --- maven-checkstyle-plugin:3.1.0:check (validate) @ ldapchai ---
[INFO] Starting audit...
Audit done.
[INFO] 
[INFO] --- jacoco-maven-plugin:0.8.5:prepare-agent (default) @ ldapchai ---
[INFO] argLine set to -javaagent:/home/jdbl/.m2/repository/org/jacoco/org.jacoco.agent/0.8.5/org.jacoco.agent-0.8.5-runtime.jar=destfile=/tmp/tmpz9jvg1pn/ldapchai/target/jacoco.exec
[INFO] 
[INFO] --- build-helper-maven-plugin:1.5:add-source (add-source) @ ldapchai ---
[INFO] Source directory: /tmp/tmpz9jvg1pn/ldapchai/src/external/java added.
[INFO] 
[INFO] --- maven-resources-plugin:2.6:resources (default-resources) @ ldapchai ---
[INFO] Using 'UTF-8' encoding to copy filtered resources.
[INFO] Copying 1 resource
[INFO] Copying 148 resources to src
[INFO] 
[INFO] --- maven-compiler-plugin:3.8.0:compile (default-compile) @ ldapchai ---
[INFO] Changes detected - recompiling the module!
[INFO] Compiling 166 source files to /tmp/tmpz9jvg1pn/ldapchai/target/classes
[INFO] /tmp/tmpz9jvg1pn/ldapchai/src/main/java/com/novell/ldapchai/impl/AbstractChaiUser.java: Some input files use or override a deprecated API.
[INFO] /tmp/tmpz9jvg1pn/ldapchai/src/main/java/com/novell/ldapchai/impl/AbstractChaiUser.java: Recompile with -Xlint:deprecation for details.
[INFO] /tmp/tmpz9jvg1pn/ldapchai/src/main/java/com/novell/ldapchai/provider/AbstractProvider.java: Some input files use unchecked or unsafe operations.
[INFO] /tmp/tmpz9jvg1pn/ldapchai/src/main/java/com/novell/ldapchai/provider/AbstractProvider.java: Recompile with -Xlint:unchecked for details.
[INFO] 
[INFO] --- build-helper-maven-plugin:1.5:add-test-source (add-test-source) @ ldapchai ---
[INFO] Test Source directory: /tmp/tmpz9jvg1pn/ldapchai/examples added.
[INFO] 
[INFO] --- maven-resources-plugin:2.6:testResources (default-testResources) @ ldapchai ---
[INFO] Using 'UTF-8' encoding to copy filtered resources.
[INFO] skip non existing resourceDirectory /tmp/tmpz9jvg1pn/ldapchai/src/test/resources
[INFO] 
[INFO] --- maven-compiler-plugin:3.8.0:testCompile (default-testCompile) @ ldapchai ---
[INFO] Changes detected - recompiling the module!
[INFO] Compiling 5 source files to /tmp/tmpz9jvg1pn/ldapchai/target/test-classes
[INFO] /tmp/tmpz9jvg1pn/ldapchai/src/test/java/com/novell/ldapchai/impl/edir/entry/EdirEntriesTest.java: /tmp/tmpz9jvg1pn/ldapchai/src/test/java/com/novell/ldapchai/impl/edir/entry/EdirEntriesTest.java uses or overrides a deprecated API.
[INFO] /tmp/tmpz9jvg1pn/ldapchai/src/test/java/com/novell/ldapchai/impl/edir/entry/EdirEntriesTest.java: Recompile with -Xlint:deprecation for details.
[INFO] 
[INFO] --- maven-surefire-plugin:2.19.1:test (default-test) @ ldapchai ---
[INFO] Surefire report directory: /tmp/tmpz9jvg1pn/ldapchai/target/surefire-reports

-------------------------------------------------------
 T E S T S
-------------------------------------------------------
Running com.novell.ldapchai.impl.edir.entry.EdirEntriesTest
Tests run: 6, Failures: 0, Errors: 0, Skipped: 0, Time elapsed: 0.145 sec - in com.novell.ldapchai.impl.edir.entry.EdirEntriesTest

Results :

Tests run: 6, Failures: 0, Errors: 0, Skipped: 0

[INFO] 
[INFO] >>> spotbugs-maven-plugin:3.1.12.2:check (default) > :spotbugs @ ldapchai >>>
[INFO] 
[INFO] --- spotbugs-maven-plugin:3.1.12.2:spotbugs (spotbugs) @ ldapchai ---
[INFO] Fork Value is true
[INFO] Done SpotBugs Analysis....
[INFO] 
[INFO] <<< spotbugs-maven-plugin:3.1.12.2:check (default) < :spotbugs @ ldapchai <<<
[INFO] 
[INFO] 
[INFO] --- spotbugs-maven-plugin:3.1.12.2:check (default) @ ldapchai ---
[INFO] BugInstance size is 7
[INFO] Error size is 0
[INFO] Total bugs: 7
[ERROR] net.iharder.Base64.decode(String, int) might ignore java.lang.Exception [net.iharder.Base64, net.iharder.Base64] At Base64.java:[line 1291]At Base64.java:[line 1291] DE_MIGHT_IGNORE
[ERROR] net.iharder.Base64.decodeToObject(String, int, ClassLoader) might ignore java.lang.Exception [net.iharder.Base64, net.iharder.Base64] At Base64.java:[line 1382]At Base64.java:[line 1382] DE_MIGHT_IGNORE
[ERROR] net.iharder.Base64.encodeBytesToBytes(byte[], int, int, int) might ignore java.lang.Exception [net.iharder.Base64, net.iharder.Base64] At Base64.java:[line 929]At Base64.java:[line 929] DE_MIGHT_IGNORE
[ERROR] net.iharder.Base64.encodeObject(Serializable, int) might ignore java.lang.Exception [net.iharder.Base64, net.iharder.Base64] At Base64.java:[line 687]At Base64.java:[line 687] DE_MIGHT_IGNORE
[ERROR] Found reliance on default encoding in net.iharder.Base64.decode(String, int): String.getBytes() [net.iharder.Base64] At Base64.java:[line 1252] DM_DEFAULT_ENCODING
[ERROR] Found reliance on default encoding in net.iharder.Base64.encodeBytes(byte[], int, int, int): new String(byte[]) [net.iharder.Base64] At Base64.java:[line 838] DM_DEFAULT_ENCODING
[ERROR] Found reliance on default encoding in net.iharder.Base64.encodeObject(Serializable, int): new String(byte[]) [net.iharder.Base64] At Base64.java:[line 698] DM_DEFAULT_ENCODING
[INFO] 


To see bug detail using the Spotbugs GUI, use the following command "mvn spotbugs:gui"



[INFO] ------------------------------------------------------------------------
[INFO] BUILD FAILURE
[INFO] ------------------------------------------------------------------------
[INFO] Total time:  01:32 min
[INFO] Finished at: 2020-08-03T11:17:09Z
[INFO] ------------------------------------------------------------------------
[ERROR] Failed to execute goal com.github.spotbugs:spotbugs-maven-plugin:3.1.12.2:check (default) on project ldapchai: failed with 7 bugs and 0 errors -> [Help 1]
org.apache.maven.lifecycle.LifecycleExecutionException: Failed to execute goal com.github.spotbugs:spotbugs-maven-plugin:3.1.12.2:check (default) on project ldapchai: failed with 7 bugs and 0 errors 
    at org.apache.maven.lifecycle.internal.MojoExecutor.execute (MojoExecutor.java:215)
    at org.apache.maven.lifecycle.internal.MojoExecutor.execute (MojoExecutor.java:156)
    at org.apache.maven.lifecycle.internal.MojoExecutor.execute (MojoExecutor.java:148)
    at org.apache.maven.lifecycle.internal.LifecycleModuleBuilder.buildProject (LifecycleModuleBuilder.java:117)
    at org.apache.maven.lifecycle.internal.LifecycleModuleBuilder.buildProject (LifecycleModuleBuilder.java:81)
    at org.apache.maven.lifecycle.internal.builder.singlethreaded.SingleThreadedBuilder.build (SingleThreadedBuilder.java:56)
    at org.apache.maven.lifecycle.internal.LifecycleStarter.execute (LifecycleStarter.java:128)
    at org.apache.maven.DefaultMaven.doExecute (DefaultMaven.java:305)
    at org.apache.maven.DefaultMaven.doExecute (DefaultMaven.java:192)
    at org.apache.maven.DefaultMaven.execute (DefaultMaven.java:105)
    at org.apache.maven.cli.MavenCli.execute (MavenCli.java:957)
    at org.apache.maven.cli.MavenCli.doMain (MavenCli.java:289)
    at org.apache.maven.cli.MavenCli.main (MavenCli.java:193)
    at sun.reflect.NativeMethodAccessorImpl.invoke0 (Native Method)
    at sun.reflect.NativeMethodAccessorImpl.invoke (NativeMethodAccessorImpl.java:62)
    at sun.reflect.DelegatingMethodAccessorImpl.invoke (DelegatingMethodAccessorImpl.java:43)
    at java.lang.reflect.Method.invoke (Method.java:498)
    at org.codehaus.plexus.classworlds.launcher.Launcher.launchEnhanced (Launcher.java:282)
    at org.codehaus.plexus.classworlds.launcher.Launcher.launch (Launcher.java:225)
    at org.codehaus.plexus.classworlds.launcher.Launcher.mainWithExitCode (Launcher.java:406)
    at org.codehaus.plexus.classworlds.launcher.Launcher.main (Launcher.java:347)
Caused by: org.apache.maven.plugin.MojoExecutionException: failed with 7 bugs and 0 errors 
    at sun.reflect.NativeConstructorAccessorImpl.newInstance0 (Native Method)
    at sun.reflect.NativeConstructorAccessorImpl.newInstance (NativeConstructorAccessorImpl.java:62)
    at sun.reflect.DelegatingConstructorAccessorImpl.newInstance (DelegatingConstructorAccessorImpl.java:45)
    at java.lang.reflect.Constructor.newInstance (Constructor.java:423)
    at org.codehaus.groovy.reflection.CachedConstructor.invoke (CachedConstructor.java:73)
    at org.codehaus.groovy.reflection.CachedConstructor.doConstructorInvoke (CachedConstructor.java:60)
    at org.codehaus.groovy.runtime.callsite.ConstructorSite$ConstructorSiteNoUnwrap.callConstructor (ConstructorSite.java:84)
    at org.codehaus.groovy.runtime.callsite.CallSiteArray.defaultCallConstructor (CallSiteArray.java:59)
    at org.codehaus.groovy.runtime.callsite.AbstractCallSite.callConstructor (AbstractCallSite.java:237)
    at org.codehaus.groovy.runtime.callsite.AbstractCallSite.callConstructor (AbstractCallSite.java:249)
    at org.codehaus.mojo.spotbugs.SpotbugsViolationCheckMojo.execute (SpotbugsViolationCheckMojo.groovy:542)
    at org.apache.maven.plugin.DefaultBuildPluginManager.executeMojo (DefaultBuildPluginManager.java:137)
    at org.apache.maven.lifecycle.internal.MojoExecutor.execute (MojoExecutor.java:210)
    at org.apache.maven.lifecycle.internal.MojoExecutor.execute (MojoExecutor.java:156)
    at org.apache.maven.lifecycle.internal.MojoExecutor.execute (MojoExecutor.java:148)
    at org.apache.maven.lifecycle.internal.LifecycleModuleBuilder.buildProject (LifecycleModuleBuilder.java:117)
    at org.apache.maven.lifecycle.internal.LifecycleModuleBuilder.buildProject (LifecycleModuleBuilder.java:81)
    at org.apache.maven.lifecycle.internal.builder.singlethreaded.SingleThreadedBuilder.build (SingleThreadedBuilder.java:56)
    at org.apache.maven.lifecycle.internal.LifecycleStarter.execute (LifecycleStarter.java:128)
    at org.apache.maven.DefaultMaven.doExecute (DefaultMaven.java:305)
    at org.apache.maven.DefaultMaven.doExecute (DefaultMaven.java:192)
    at org.apache.maven.DefaultMaven.execute (DefaultMaven.java:105)
    at org.apache.maven.cli.MavenCli.execute (MavenCli.java:957)
    at org.apache.maven.cli.MavenCli.doMain (MavenCli.java:289)
    at org.apache.maven.cli.MavenCli.main (MavenCli.java:193)
    at sun.reflect.NativeMethodAccessorImpl.invoke0 (Native Method)
    at sun.reflect.NativeMethodAccessorImpl.invoke (NativeMethodAccessorImpl.java:62)
    at sun.reflect.DelegatingMethodAccessorImpl.invoke (DelegatingMethodAccessorImpl.java:43)
    at java.lang.reflect.Method.invoke (Method.java:498)
    at org.codehaus.plexus.classworlds.launcher.Launcher.launchEnhanced (Launcher.java:282)
    at org.codehaus.plexus.classworlds.launcher.Launcher.launch (Launcher.java:225)
    at org.codehaus.plexus.classworlds.launcher.Launcher.mainWithExitCode (Launcher.java:406)
    at org.codehaus.plexus.classworlds.launcher.Launcher.main (Launcher.java:347)
[ERROR] 
[ERROR] Re-run Maven using the -X switch to enable full debug logging.
[ERROR] 
[ERROR] For more information about the errors and possible solutions, please read the following articles:
[ERROR] [Help 1] http://cwiki.apache.org/confluence/display/MAVEN/MojoExecutionException
[INFO] Build failures were ignored.
