<?xml version="1.0" encoding="UTF-8"?>
<testsuite xmlns:xsi="http://www.w3.org/2001/XMLSchema-instance" xsi:schemaLocation="https://maven.apache.org/surefire/maven-surefire-plugin/xsd/surefire-test-report.xsd" name="uk.ac.ic.wlgitbridge.application.WLGitBridgeIntegrationTest" time="36.93" tests="22" errors="0" skipped="0" failures="1">
  <properties>
    <property name="java.runtime.name" value="OpenJDK Runtime Environment"/>
    <property name="sun.boot.library.path" value="/usr/local/openjdk-8/jre/lib/amd64"/>
    <property name="java.vm.version" value="25.262-b10"/>
    <property name="animal.sniffer.skip" value="true"/>
    <property name="java.vm.vendor" value="Oracle Corporation"/>
    <property name="maven.multiModuleProjectDirectory" value="/tmp/tmp__2e_8bj/writelatex-git-bridge"/>
    <property name="maven.javadoc.skip" value="true"/>
    <property name="java.vendor.url" value="http://java.oracle.com/"/>
    <property name="path.separator" value=":"/>
    <property name="guice.disable.misplaced.annotation.check" value="true"/>
    <property name="java.vm.name" value="OpenJDK 64-Bit Server VM"/>
    <property name="file.encoding.pkg" value="sun.io"/>
    <property name="sun.java.launcher" value="SUN_STANDARD"/>
    <property name="sun.os.patch.level" value="unknown"/>
    <property name="source.skip" value="true"/>
    <property name="java.vm.specification.name" value="Java Virtual Machine Specification"/>
    <property name="user.dir" value="/tmp/tmp__2e_8bj/writelatex-git-bridge"/>
    <property name="java.runtime.version" value="1.8.0_262-b10"/>
    <property name="java.awt.graphicsenv" value="sun.awt.X11GraphicsEnvironment"/>
    <property name="java.endorsed.dirs" value="/usr/local/openjdk-8/jre/lib/endorsed"/>
    <property name="os.arch" value="amd64"/>
    <property name="java.io.tmpdir" value="/tmp"/>
    <property name="line.separator" value="&#10;"/>
    <property name="java.vm.specification.vendor" value="Oracle Corporation"/>
    <property name="os.name" value="Linux"/>
    <property name="classworlds.conf" value="/usr/share/maven/bin/m2.conf"/>
    <property name="sun.jnu.encoding" value="UTF-8"/>
    <property name="java.library.path" value="/usr/java/packages/lib/amd64:/usr/lib64:/lib64:/lib:/usr/lib"/>
    <property name="license.skip" value="true"/>
    <property name="maven.conf" value="/usr/share/maven/conf"/>
    <property name="java.specification.name" value="Java Platform API Specification"/>
    <property name="java.class.version" value="52.0"/>
    <property name="sun.management.compiler" value="HotSpot 64-Bit Tiered Compilers"/>
    <property name="maven.test.failure.ignore" value="true"/>
    <property name="os.version" value="4.15.0-109-generic"/>
    <property name="library.jansi.path" value="/usr/share/maven/lib/jansi-native"/>
    <property name="user.home" value="/home/jdbl"/>
    <property name="user.timezone" value="Etc/UTC"/>
    <property name="java.awt.printerjob" value="sun.print.PSPrinterJob"/>
    <property name="java.specification.version" value="1.8"/>
    <property name="file.encoding" value="UTF-8"/>
    <property name="user.name" value="jdbl"/>
    <property name="java.class.path" value="/usr/share/maven/boot/plexus-classworlds-2.6.0.jar"/>
    <property name="java.vm.specification.version" value="1.8"/>
    <property name="sun.arch.data.model" value="64"/>
    <property name="java.home" value="/usr/local/openjdk-8/jre"/>
    <property name="sun.java.command" value="org.codehaus.plexus.classworlds.launcher.Launcher test -e --fail-never -ntp -Dmaven.test.failure.ignore=true -B -Dmaven.javadoc.skip=true -Drat.skip=true -Danimal.sniffer.skip=true -Dmaven.javadoc.skip=true -Dlicense.skip=true -Dsource.skip=true"/>
    <property name="java.specification.vendor" value="Oracle Corporation"/>
    <property name="user.language" value="en"/>
    <property name="awt.toolkit" value="sun.awt.X11.XToolkit"/>
    <property name="java.vm.info" value="mixed mode"/>
    <property name="java.version" value="1.8.0_262"/>
    <property name="java.ext.dirs" value="/usr/local/openjdk-8/jre/lib/ext:/usr/java/packages/lib/ext"/>
    <property name="securerandom.source" value="file:/dev/./urandom"/>
    <property name="sun.boot.class.path" value="/usr/local/openjdk-8/jre/lib/resources.jar:/usr/local/openjdk-8/jre/lib/rt.jar:/usr/local/openjdk-8/jre/lib/sunrsasign.jar:/usr/local/openjdk-8/jre/lib/jsse.jar:/usr/local/openjdk-8/jre/lib/jce.jar:/usr/local/openjdk-8/jre/lib/charsets.jar:/usr/local/openjdk-8/jre/lib/jfr.jar:/usr/local/openjdk-8/jre/classes"/>
    <property name="java.vendor" value="Oracle Corporation"/>
    <property name="rat.skip" value="true"/>
    <property name="maven.home" value="/usr/share/maven"/>
    <property name="file.separator" value="/"/>
    <property name="java.vendor.url.bug" value="http://bugreport.sun.com/bugreport/"/>
    <property name="sun.cpu.endian" value="little"/>
    <property name="sun.io.unicode.encoding" value="UnicodeLittle"/>
    <property name="sun.cpu.isalist" value=""/>
  </properties>
  <testcase name="pushFailsOnSecondStageOutOfDate" classname="uk.ac.ic.wlgitbridge.application.WLGitBridgeIntegrationTest" time="4.718"/>
  <testcase name="pushFailsOnInvalidProject" classname="uk.ac.ic.wlgitbridge.application.WLGitBridgeIntegrationTest" time="1.822"/>
  <testcase name="canPullAModifiedTexFile" classname="uk.ac.ic.wlgitbridge.application.WLGitBridgeIntegrationTest" time="1.193"/>
  <testcase name="canPullADeletedBinaryFile" classname="uk.ac.ic.wlgitbridge.application.WLGitBridgeIntegrationTest" time="2.638"/>
  <testcase name="pushSubmoduleFailsWithInvalidGitRepo" classname="uk.ac.ic.wlgitbridge.application.WLGitBridgeIntegrationTest" time="2.643"/>
  <testcase name="canCloneARepository" classname="uk.ac.ic.wlgitbridge.application.WLGitBridgeIntegrationTest" time="1.562"/>
  <testcase name="pushFailsOnFirstStageOutOfDate" classname="uk.ac.ic.wlgitbridge.application.WLGitBridgeIntegrationTest" time="1.38"/>
  <testcase name="wlgbCanSwapProjects" classname="uk.ac.ic.wlgitbridge.application.WLGitBridgeIntegrationTest" time="2.573"/>
  <testcase name="canPullDeletedNestedFiles" classname="uk.ac.ic.wlgitbridge.application.WLGitBridgeIntegrationTest" time="1.188"/>
  <testcase name="pushSucceedsAfterRemovingInvalidFiles" classname="uk.ac.ic.wlgitbridge.application.WLGitBridgeIntegrationTest" time="1.494"/>
  <testcase name="canPullUpdatedBinaryFiles" classname="uk.ac.ic.wlgitbridge.application.WLGitBridgeIntegrationTest" time="1.287"/>
  <testcase name="usesCustomErrorHandler" classname="uk.ac.ic.wlgitbridge.application.WLGitBridgeIntegrationTest" time="0.367"/>
  <testcase name="canCloneDuplicateBinaryFiles" classname="uk.ac.ic.wlgitbridge.application.WLGitBridgeIntegrationTest" time="1.022"/>
  <testcase name="canPushFilesSuccessfully" classname="uk.ac.ic.wlgitbridge.application.WLGitBridgeIntegrationTest" time="3.043"/>
  <testcase name="pushFailsOnUnexpectedError" classname="uk.ac.ic.wlgitbridge.application.WLGitBridgeIntegrationTest" time="1.494"/>
  <testcase name="canPullADuplicateBinaryFile" classname="uk.ac.ic.wlgitbridge.application.WLGitBridgeIntegrationTest" time="1.301"/>
  <testcase name="canPullAModifiedNestedFile" classname="uk.ac.ic.wlgitbridge.application.WLGitBridgeIntegrationTest" time="0.234">
    <failure message="git clone failed" type="java.lang.AssertionError">java.lang.AssertionError: git clone failed
	at uk.ac.ic.wlgitbridge.application.WLGitBridgeIntegrationTest.gitClone(WLGitBridgeIntegrationTest.java:156)
	at uk.ac.ic.wlgitbridge.application.WLGitBridgeIntegrationTest.canPullAModifiedNestedFile(WLGitBridgeIntegrationTest.java:359)
</failure>
    <system-err><![CDATA[2020-07-30 20:39:11.685 INFO  [main] GitBridgeApp: Loading config file at path: /tmp/junit1317590718705685243/junit2424650241962766379.tmp
2020-07-30 20:39:11.686 INFO  [main] GitBridgeApp: Config loaded: {
  "port": 33864,
  "rootGitDirectory": "/tmp/junit1317590718705685243/junit6949690595180013360",
  "username": "",
  "password": "<password>",
  "apiBaseURL": "http://127.0.0.1:3864/api/v0/",
  "postbackURL": "http://127.0.0.1:33864/",
  "serviceName": "Overleaf",
  "oauth2": {
    "oauth2ClientID": "<oauth2ClientID>",
    "oauth2ClientSecret": "<oauth2ClientSecret>",
    "oauth2Server": "https://www.overleaf.com"
  },
  "repoStore": null,
  "swapStore": null,
  "swapJob": null
}
2020-07-30 20:39:11.850 INFO  [main] GitBridgeApp: Checking DB
2020-07-30 20:39:11.851 ERROR [main] GitBridgeApp: Failed to bind Jetty
java.net.BindException: Address already in use
	at sun.nio.ch.Net.bind0(Native Method)
	at sun.nio.ch.Net.bind(Net.java:433)
	at sun.nio.ch.Net.bind(Net.java:425)
	at sun.nio.ch.ServerSocketChannelImpl.bind(ServerSocketChannelImpl.java:220)
	at sun.nio.ch.ServerSocketAdaptor.bind(ServerSocketAdaptor.java:85)
	at org.eclipse.jetty.server.ServerConnector.open(ServerConnector.java:317)
	at org.eclipse.jetty.server.AbstractNetworkConnector.doStart(AbstractNetworkConnector.java:80)
	at org.eclipse.jetty.server.ServerConnector.doStart(ServerConnector.java:235)
	at org.eclipse.jetty.util.component.AbstractLifeCycle.start(AbstractLifeCycle.java:68)
	at org.eclipse.jetty.server.Server.doStart(Server.java:390)
	at org.eclipse.jetty.util.component.AbstractLifeCycle.start(AbstractLifeCycle.java:68)
	at uk.ac.ic.wlgitbridge.server.GitBridgeServer.start(GitBridgeServer.java:91)
	at uk.ac.ic.wlgitbridge.application.GitBridgeApp.run(GitBridgeApp.java:69)
	at uk.ac.ic.wlgitbridge.application.WLGitBridgeIntegrationTest.canPullAModifiedNestedFile(WLGitBridgeIntegrationTest.java:358)
	at sun.reflect.NativeMethodAccessorImpl.invoke0(Native Method)
	at sun.reflect.NativeMethodAccessorImpl.invoke(NativeMethodAccessorImpl.java:62)
	at sun.reflect.DelegatingMethodAccessorImpl.invoke(DelegatingMethodAccessorImpl.java:43)
	at java.lang.reflect.Method.invoke(Method.java:498)
	at org.junit.runners.model.FrameworkMethod$1.runReflectiveCall(FrameworkMethod.java:50)
	at org.junit.internal.runners.model.ReflectiveCallable.run(ReflectiveCallable.java:12)
	at org.junit.runners.model.FrameworkMethod.invokeExplosively(FrameworkMethod.java:47)
	at org.junit.internal.runners.statements.InvokeMethod.evaluate(InvokeMethod.java:17)
	at org.junit.internal.runners.statements.RunBefores.evaluate(RunBefores.java:26)
	at org.junit.rules.ExternalResource$1.evaluate(ExternalResource.java:48)
	at org.junit.rules.RunRules.evaluate(RunRules.java:20)
	at org.junit.runners.ParentRunner.runLeaf(ParentRunner.java:325)
	at org.junit.runners.BlockJUnit4ClassRunner.runChild(BlockJUnit4ClassRunner.java:78)
	at org.junit.runners.BlockJUnit4ClassRunner.runChild(BlockJUnit4ClassRunner.java:57)
	at org.junit.runners.ParentRunner$3.run(ParentRunner.java:290)
	at org.junit.runners.ParentRunner$1.schedule(ParentRunner.java:71)
	at org.junit.runners.ParentRunner.runChildren(ParentRunner.java:288)
	at org.junit.runners.ParentRunner.access$000(ParentRunner.java:58)
	at org.junit.runners.ParentRunner$2.evaluate(ParentRunner.java:268)
	at org.junit.runners.ParentRunner.run(ParentRunner.java:363)
	at org.apache.maven.surefire.junit4.JUnit4Provider.execute(JUnit4Provider.java:367)
	at org.apache.maven.surefire.junit4.JUnit4Provider.executeWithRerun(JUnit4Provider.java:274)
	at org.apache.maven.surefire.junit4.JUnit4Provider.executeTestSet(JUnit4Provider.java:238)
	at org.apache.maven.surefire.junit4.JUnit4Provider.invoke(JUnit4Provider.java:161)
	at org.apache.maven.surefire.booter.ForkedBooter.invokeProviderInSameClassLoader(ForkedBooter.java:290)
	at org.apache.maven.surefire.booter.ForkedBooter.runSuitesInProcess(ForkedBooter.java:242)
	at org.apache.maven.surefire.booter.ForkedBooter.main(ForkedBooter.java:121)
git clone failed. Dumping stderr and stdout.
Cloning into 'testproj'...
fatal: unable to access 'http://127.0.0.1:33864/testproj.git/': Failed to connect to 127.0.0.1 port 33864: Connection refused


2020-07-30 20:39:11.909 INFO  [Timer-7] GitBridgeApp: Running swap number 50
2020-07-30 20:39:11.909 INFO  [Timer-7] GitBridgeApp: Size is 0/0 (high)
2020-07-30 20:39:11.909 INFO  [Timer-7] GitBridgeApp: Size: 0/0 (low), 0 (high), projects on disk: 2/2, min projects on disk: 1
]]></system-err>
  </testcase>
  <testcase name="canPullADeletedTexFile" classname="uk.ac.ic.wlgitbridge.application.WLGitBridgeIntegrationTest" time="0.898"/>
  <testcase name="canServePushedFiles" classname="uk.ac.ic.wlgitbridge.application.WLGitBridgeIntegrationTest" time="1.269"/>
  <testcase name="canPullAModifiedBinaryFile" classname="uk.ac.ic.wlgitbridge.application.WLGitBridgeIntegrationTest" time="1.381"/>
  <testcase name="pushFailsOnInvalidFiles" classname="uk.ac.ic.wlgitbridge.application.WLGitBridgeIntegrationTest" time="1.166"/>
  <testcase name="canCloneMultipleRepositories" classname="uk.ac.ic.wlgitbridge.application.WLGitBridgeIntegrationTest" time="2.114"/>
</testsuite>