[INFO] Error stacktraces are turned on.
[INFO] Scanning for projects...
[INFO] 
[INFO] -------------------< ru.lanwen.diff:uri-differ-lib >--------------------
[INFO] Building URI Differ Library 1.3.1-SNAPSHOT
[INFO] --------------------------------[ jar ]---------------------------------
[INFO] 
[INFO] --- maven-enforcer-plugin:1.2:enforce (enforce-maven) @ uri-differ-lib ---
[INFO] 
[INFO] --- jacoco-maven-plugin:0.8.5:prepare-agent (default) @ uri-differ-lib ---
[INFO] argLine set to -javaagent:/home/jdbl/.m2/repository/org/jacoco/org.jacoco.agent/0.8.5/org.jacoco.agent-0.8.5-runtime.jar=destfile=/tmp/tmpr3kmfh6u/uri-differ/target/jacoco.exec
[INFO] 
[INFO] --- maven-resources-plugin:2.6:resources (default-resources) @ uri-differ-lib ---
[INFO] Using 'UTF-8' encoding to copy filtered resources.
[INFO] skip non existing resourceDirectory /tmp/tmpr3kmfh6u/uri-differ/src/main/resources
[INFO] 
[INFO] --- maven-compiler-plugin:3.3:compile (default-compile) @ uri-differ-lib ---
[INFO] Changes detected - recompiling the module!
[INFO] Compiling 17 source files to /tmp/tmpr3kmfh6u/uri-differ/target/classes
[INFO] -------------------------------------------------------------
[ERROR] COMPILATION ERROR : 
[INFO] -------------------------------------------------------------
[ERROR] /tmp/tmpr3kmfh6u/uri-differ/src/main/java/ru/lanwen/diff/uri/core/converters/DeltaFormatter.java:[41,32] cannot find symbol
  symbol:   class TYPE
  location: class difflib.Delta
[ERROR] /tmp/tmpr3kmfh6u/uri-differ/src/main/java/ru/lanwen/diff/uri/core/formatted/FormattedDelta.java:[9,18] cannot find symbol
  symbol:   class TYPE
  location: class difflib.Delta
[ERROR] /tmp/tmpr3kmfh6u/uri-differ/src/main/java/ru/lanwen/diff/uri/core/formatted/FormattedDelta.java:[14,72] cannot find symbol
  symbol:   class TYPE
  location: class difflib.Delta
[ERROR] /tmp/tmpr3kmfh6u/uri-differ/src/main/java/ru/lanwen/diff/uri/core/formatted/FormattedDelta.java:[38,17] cannot find symbol
  symbol:   class TYPE
  location: class difflib.Delta
[ERROR] /tmp/tmpr3kmfh6u/uri-differ/src/main/java/ru/lanwen/diff/uri/core/converters/DeltaFormatter.java:[34,26] cannot find symbol
  symbol:   method getType()
  location: variable from of type difflib.Delta
[ERROR] /tmp/tmpr3kmfh6u/uri-differ/src/main/java/ru/lanwen/diff/uri/core/converters/DeltaFormatter.java:[36,35] cannot find symbol
  symbol:   method size()
  location: class difflib.Chunk
[ERROR] /tmp/tmpr3kmfh6u/uri-differ/src/main/java/ru/lanwen/diff/uri/core/converters/DeltaFormatter.java:[37,21] cannot find symbol
  symbol:   method getType()
  location: variable from of type difflib.Delta
[ERROR] /tmp/tmpr3kmfh6u/uri-differ/src/main/java/ru/lanwen/diff/uri/core/converters/DeltaFormatter.java:[43,18] cannot find symbol
  symbol:   variable DELETE
  location: class ru.lanwen.diff.uri.core.converters.DeltaFormatter
[ERROR] /tmp/tmpr3kmfh6u/uri-differ/src/main/java/ru/lanwen/diff/uri/core/converters/DeltaFormatter.java:[45,18] cannot find symbol
  symbol:   variable INSERT
  location: class ru.lanwen.diff.uri.core.converters.DeltaFormatter
[ERROR] /tmp/tmpr3kmfh6u/uri-differ/src/main/java/ru/lanwen/diff/uri/core/converters/DeltaFormatter.java:[47,18] cannot find symbol
  symbol:   variable CHANGE
  location: class ru.lanwen.diff.uri.core.converters.DeltaFormatter
[ERROR] /tmp/tmpr3kmfh6u/uri-differ/src/main/java/ru/lanwen/diff/uri/core/converters/ChangeFormatter.java:[55,18] cannot find symbol
  symbol:   variable INSERT
  location: class ru.lanwen.diff.uri.core.converters.ChangeFormatter
[ERROR] /tmp/tmpr3kmfh6u/uri-differ/src/main/java/ru/lanwen/diff/uri/core/converters/ChangeFormatter.java:[60,18] cannot find symbol
  symbol:   variable DELETE
  location: class ru.lanwen.diff.uri.core.converters.ChangeFormatter
[ERROR] /tmp/tmpr3kmfh6u/uri-differ/src/main/java/ru/lanwen/diff/uri/core/converters/ChangeFormatter.java:[61,18] cannot find symbol
  symbol:   variable CHANGE
  location: class ru.lanwen.diff.uri.core.converters.ChangeFormatter
[INFO] 13 errors 
[INFO] -------------------------------------------------------------
[INFO] ------------------------------------------------------------------------
[INFO] BUILD FAILURE
[INFO] ------------------------------------------------------------------------
[INFO] Total time:  12.062 s
[INFO] Finished at: 2020-08-03T11:03:59Z
[INFO] ------------------------------------------------------------------------
[ERROR] Failed to execute goal org.apache.maven.plugins:maven-compiler-plugin:3.3:compile (default-compile) on project uri-differ-lib: Compilation failure: Compilation failure: 
[ERROR] /tmp/tmpr3kmfh6u/uri-differ/src/main/java/ru/lanwen/diff/uri/core/converters/DeltaFormatter.java:[41,32] cannot find symbol
[ERROR]   symbol:   class TYPE
[ERROR]   location: class difflib.Delta
[ERROR] /tmp/tmpr3kmfh6u/uri-differ/src/main/java/ru/lanwen/diff/uri/core/formatted/FormattedDelta.java:[9,18] cannot find symbol
[ERROR]   symbol:   class TYPE
[ERROR]   location: class difflib.Delta
[ERROR] /tmp/tmpr3kmfh6u/uri-differ/src/main/java/ru/lanwen/diff/uri/core/formatted/FormattedDelta.java:[14,72] cannot find symbol
[ERROR]   symbol:   class TYPE
[ERROR]   location: class difflib.Delta
[ERROR] /tmp/tmpr3kmfh6u/uri-differ/src/main/java/ru/lanwen/diff/uri/core/formatted/FormattedDelta.java:[38,17] cannot find symbol
[ERROR]   symbol:   class TYPE
[ERROR]   location: class difflib.Delta
[ERROR] /tmp/tmpr3kmfh6u/uri-differ/src/main/java/ru/lanwen/diff/uri/core/converters/DeltaFormatter.java:[34,26] cannot find symbol
[ERROR]   symbol:   method getType()
[ERROR]   location: variable from of type difflib.Delta
[ERROR] /tmp/tmpr3kmfh6u/uri-differ/src/main/java/ru/lanwen/diff/uri/core/converters/DeltaFormatter.java:[36,35] cannot find symbol
[ERROR]   symbol:   method size()
[ERROR]   location: class difflib.Chunk
[ERROR] /tmp/tmpr3kmfh6u/uri-differ/src/main/java/ru/lanwen/diff/uri/core/converters/DeltaFormatter.java:[37,21] cannot find symbol
[ERROR]   symbol:   method getType()
[ERROR]   location: variable from of type difflib.Delta
[ERROR] /tmp/tmpr3kmfh6u/uri-differ/src/main/java/ru/lanwen/diff/uri/core/converters/DeltaFormatter.java:[43,18] cannot find symbol
[ERROR]   symbol:   variable DELETE
[ERROR]   location: class ru.lanwen.diff.uri.core.converters.DeltaFormatter
[ERROR] /tmp/tmpr3kmfh6u/uri-differ/src/main/java/ru/lanwen/diff/uri/core/converters/DeltaFormatter.java:[45,18] cannot find symbol
[ERROR]   symbol:   variable INSERT
[ERROR]   location: class ru.lanwen.diff.uri.core.converters.DeltaFormatter
[ERROR] /tmp/tmpr3kmfh6u/uri-differ/src/main/java/ru/lanwen/diff/uri/core/converters/DeltaFormatter.java:[47,18] cannot find symbol
[ERROR]   symbol:   variable CHANGE
[ERROR]   location: class ru.lanwen.diff.uri.core.converters.DeltaFormatter
[ERROR] /tmp/tmpr3kmfh6u/uri-differ/src/main/java/ru/lanwen/diff/uri/core/converters/ChangeFormatter.java:[55,18] cannot find symbol
[ERROR]   symbol:   variable INSERT
[ERROR]   location: class ru.lanwen.diff.uri.core.converters.ChangeFormatter
[ERROR] /tmp/tmpr3kmfh6u/uri-differ/src/main/java/ru/lanwen/diff/uri/core/converters/ChangeFormatter.java:[60,18] cannot find symbol
[ERROR]   symbol:   variable DELETE
[ERROR]   location: class ru.lanwen.diff.uri.core.converters.ChangeFormatter
[ERROR] /tmp/tmpr3kmfh6u/uri-differ/src/main/java/ru/lanwen/diff/uri/core/converters/ChangeFormatter.java:[61,18] cannot find symbol
[ERROR]   symbol:   variable CHANGE
[ERROR]   location: class ru.lanwen.diff.uri.core.converters.ChangeFormatter
[ERROR] -> [Help 1]
org.apache.maven.lifecycle.LifecycleExecutionException: Failed to execute goal org.apache.maven.plugins:maven-compiler-plugin:3.3:compile (default-compile) on project uri-differ-lib: Compilation failure
    at org.apache.maven.lifecycle.internal.MojoExecutor.execute (MojoExecutor.java:215)
    at org.apache.maven.lifecycle.internal.MojoExecutor.execute (MojoExecutor.java:156)
    at org.apache.maven.lifecycle.internal.MojoExecutor.execute (MojoExecutor.java:148)
    at org.apache.maven.lifecycle.internal.LifecycleModuleBuilder.buildProject (LifecycleModuleBuilder.java:117)
    at org.apache.maven.lifecycle.internal.LifecycleModuleBuilder.buildProject (LifecycleModuleBuilder.java:81)
    at org.apache.maven.lifecycle.internal.builder.singlethreaded.SingleThreadedBuilder.build (SingleThreadedBuilder.java:56)
    at org.apache.maven.lifecycle.internal.LifecycleStarter.execute (LifecycleStarter.java:128)
    at org.apache.maven.DefaultMaven.doExecute (DefaultMaven.java:305)
    at org.apache.maven.DefaultMaven.doExecute (DefaultMaven.java:192)
    at org.apache.maven.DefaultMaven.execute (DefaultMaven.java:105)
    at org.apache.maven.cli.MavenCli.execute (MavenCli.java:957)
    at org.apache.maven.cli.MavenCli.doMain (MavenCli.java:289)
    at org.apache.maven.cli.MavenCli.main (MavenCli.java:193)
    at sun.reflect.NativeMethodAccessorImpl.invoke0 (Native Method)
    at sun.reflect.NativeMethodAccessorImpl.invoke (NativeMethodAccessorImpl.java:62)
    at sun.reflect.DelegatingMethodAccessorImpl.invoke (DelegatingMethodAccessorImpl.java:43)
    at java.lang.reflect.Method.invoke (Method.java:498)
    at org.codehaus.plexus.classworlds.launcher.Launcher.launchEnhanced (Launcher.java:282)
    at org.codehaus.plexus.classworlds.launcher.Launcher.launch (Launcher.java:225)
    at org.codehaus.plexus.classworlds.launcher.Launcher.mainWithExitCode (Launcher.java:406)
    at org.codehaus.plexus.classworlds.launcher.Launcher.main (Launcher.java:347)
Caused by: org.apache.maven.plugin.compiler.CompilationFailureException: Compilation failure
    at org.apache.maven.plugin.compiler.AbstractCompilerMojo.execute (AbstractCompilerMojo.java:911)
    at org.apache.maven.plugin.compiler.CompilerMojo.execute (CompilerMojo.java:129)
    at org.apache.maven.plugin.DefaultBuildPluginManager.executeMojo (DefaultBuildPluginManager.java:137)
    at org.apache.maven.lifecycle.internal.MojoExecutor.execute (MojoExecutor.java:210)
    at org.apache.maven.lifecycle.internal.MojoExecutor.execute (MojoExecutor.java:156)
    at org.apache.maven.lifecycle.internal.MojoExecutor.execute (MojoExecutor.java:148)
    at org.apache.maven.lifecycle.internal.LifecycleModuleBuilder.buildProject (LifecycleModuleBuilder.java:117)
    at org.apache.maven.lifecycle.internal.LifecycleModuleBuilder.buildProject (LifecycleModuleBuilder.java:81)
    at org.apache.maven.lifecycle.internal.builder.singlethreaded.SingleThreadedBuilder.build (SingleThreadedBuilder.java:56)
    at org.apache.maven.lifecycle.internal.LifecycleStarter.execute (LifecycleStarter.java:128)
    at org.apache.maven.DefaultMaven.doExecute (DefaultMaven.java:305)
    at org.apache.maven.DefaultMaven.doExecute (DefaultMaven.java:192)
    at org.apache.maven.DefaultMaven.execute (DefaultMaven.java:105)
    at org.apache.maven.cli.MavenCli.execute (MavenCli.java:957)
    at org.apache.maven.cli.MavenCli.doMain (MavenCli.java:289)
    at org.apache.maven.cli.MavenCli.main (MavenCli.java:193)
    at sun.reflect.NativeMethodAccessorImpl.invoke0 (Native Method)
    at sun.reflect.NativeMethodAccessorImpl.invoke (NativeMethodAccessorImpl.java:62)
    at sun.reflect.DelegatingMethodAccessorImpl.invoke (DelegatingMethodAccessorImpl.java:43)
    at java.lang.reflect.Method.invoke (Method.java:498)
    at org.codehaus.plexus.classworlds.launcher.Launcher.launchEnhanced (Launcher.java:282)
    at org.codehaus.plexus.classworlds.launcher.Launcher.launch (Launcher.java:225)
    at org.codehaus.plexus.classworlds.launcher.Launcher.mainWithExitCode (Launcher.java:406)
    at org.codehaus.plexus.classworlds.launcher.Launcher.main (Launcher.java:347)
[ERROR] 
[ERROR] Re-run Maven using the -X switch to enable full debug logging.
[ERROR] 
[ERROR] For more information about the errors and possible solutions, please read the following articles:
[ERROR] [Help 1] http://cwiki.apache.org/confluence/display/MAVEN/MojoFailureException
[INFO] Build failures were ignored.
