[INFO] Error stacktraces are turned on.
[INFO] Scanning for projects...
[INFO] 
[INFO] ----------------< commons-validator:commons-validator >-----------------
[INFO] Building Apache Commons Validator 1.4.1
[INFO] --------------------------------[ jar ]---------------------------------
[INFO] 
[INFO] --- maven-enforcer-plugin:1.3.1:enforce (enforce-maven-3) @ commons-validator ---
[INFO] 
[INFO] --- maven-antrun-plugin:1.7:run (javadoc.resources) @ commons-validator ---
[INFO] Executing tasks

main:
     [copy] Copying 2 files to /tmp/tmp75ddiv35/commons-validator/target/apidocs/META-INF
[INFO] Executed tasks
[INFO] 
[INFO] --- maven-remote-resources-plugin:1.5:process (default) @ commons-validator ---
[INFO] 
[INFO] --- buildnumber-maven-plugin:1.3:create (default) @ commons-validator ---
[INFO] Executing: /bin/sh -c cd /tmp/tmp75ddiv35/commons-validator && svn --non-interactive info
[INFO] Working directory: /tmp/tmp75ddiv35/commons-validator
[INFO] Storing buildNumber: ?????? at timestamp: 1596124418679
[INFO] Executing: /bin/sh -c cd /tmp/tmp75ddiv35/commons-validator && svn --non-interactive info
[INFO] Working directory: /tmp/tmp75ddiv35/commons-validator
[INFO] Storing buildScmBranch: UNKNOWN_BRANCH
[INFO] 
[INFO] --- maven-resources-plugin:2.7:resources (default-resources) @ commons-validator ---
[INFO] Using 'UTF-8' encoding to copy filtered resources.
[INFO] Copying 2 resources to META-INF
[INFO] Copying 8 resources
[INFO] Copying 14 resources
[INFO] 
[INFO] --- maven-compiler-plugin:3.2:compile (default-compile) @ commons-validator ---
[INFO] Changes detected - recompiling the module!
[INFO] Compiling 59 source files to /tmp/tmp75ddiv35/commons-validator/target/classes
[INFO] 
[INFO] --- maven-bundle-plugin:2.5.3:manifest (bundle-manifest) @ commons-validator ---
[INFO] 
[INFO] --- maven-resources-plugin:2.7:testResources (default-testResources) @ commons-validator ---
[INFO] Using 'UTF-8' encoding to copy filtered resources.
[INFO] Copying 19 resources
[INFO] Copying 2 resources to META-INF
[INFO] 
[INFO] --- maven-compiler-plugin:3.2:testCompile (default-testCompile) @ commons-validator ---
[INFO] Changes detected - recompiling the module!
[INFO] Compiling 74 source files to /tmp/tmp75ddiv35/commons-validator/target/test-classes
[INFO] 
[INFO] --- maven-surefire-plugin:2.18:test (default-test) @ commons-validator ---
[INFO] Surefire report directory: /tmp/tmp75ddiv35/commons-validator/target/surefire-reports

-------------------------------------------------------
 T E S T S
-------------------------------------------------------
Running org.apache.commons.validator.FloatTest
Tests run: 6, Failures: 0, Errors: 0, Skipped: 0, Time elapsed: 0.264 sec - in org.apache.commons.validator.FloatTest
Running org.apache.commons.validator.ExtensionTest
Tests run: 8, Failures: 0, Errors: 0, Skipped: 0, Time elapsed: 0.056 sec - in org.apache.commons.validator.ExtensionTest
Running org.apache.commons.validator.DoubleTest
Tests run: 6, Failures: 0, Errors: 0, Skipped: 0, Time elapsed: 0.027 sec - in org.apache.commons.validator.DoubleTest
Running org.apache.commons.validator.UrlTest
Tests run: 5, Failures: 0, Errors: 0, Skipped: 0, Time elapsed: 0.243 sec - in org.apache.commons.validator.UrlTest
Running org.apache.commons.validator.MultipleTest
Tests run: 8, Failures: 0, Errors: 0, Skipped: 0, Time elapsed: 0.043 sec - in org.apache.commons.validator.MultipleTest
Running org.apache.commons.validator.FieldTest
Tests run: 9, Failures: 0, Errors: 0, Skipped: 0, Time elapsed: 0.001 sec - in org.apache.commons.validator.FieldTest
Running org.apache.commons.validator.LocaleTest
Tests run: 5, Failures: 0, Errors: 0, Skipped: 0, Time elapsed: 0.026 sec - in org.apache.commons.validator.LocaleTest
Running org.apache.commons.validator.IntegerTest
Tests run: 8, Failures: 0, Errors: 0, Skipped: 0, Time elapsed: 0.036 sec - in org.apache.commons.validator.IntegerTest
Running org.apache.commons.validator.EmailTest
Tests run: 11, Failures: 0, Errors: 0, Skipped: 0, Time elapsed: 0.221 sec - in org.apache.commons.validator.EmailTest
Running org.apache.commons.validator.ValidatorResourcesTest
Tests run: 1, Failures: 0, Errors: 0, Skipped: 0, Time elapsed: 0.001 sec - in org.apache.commons.validator.ValidatorResourcesTest
Running org.apache.commons.validator.ExceptionTest
Tests run: 1, Failures: 0, Errors: 0, Skipped: 0, Time elapsed: 0.003 sec - in org.apache.commons.validator.ExceptionTest
Running org.apache.commons.validator.DateTest
Tests run: 2, Failures: 0, Errors: 0, Skipped: 0, Time elapsed: 0.03 sec - in org.apache.commons.validator.DateTest
Running org.apache.commons.validator.RetrieveFormTest
Jul 30, 2020 3:53:44 PM org.apache.commons.validator.ValidatorResources getForm
WARNING: Form 'INVALID_NAME' not found for locale 'en_US'
Jul 30, 2020 3:53:44 PM org.apache.commons.validator.ValidatorResources getForm
WARNING: Form 'INVALID_NAME' not found for locale 'fr'
Jul 30, 2020 3:53:44 PM org.apache.commons.validator.ValidatorResources getForm
WARNING: Form 'INVALID_NAME' not found for locale 'fr_FR'
Jul 30, 2020 3:53:44 PM org.apache.commons.validator.ValidatorResources getForm
WARNING: Form 'INVALID_NAME' not found for locale 'en_CA'
Jul 30, 2020 3:53:44 PM org.apache.commons.validator.ValidatorResources getForm
WARNING: Form 'INVALID_NAME' not found for locale 'fr_CA'
Jul 30, 2020 3:53:44 PM org.apache.commons.validator.ValidatorResources getForm
WARNING: Form 'INVALID_NAME' not found for locale 'fr_CA_XXX'
Tests run: 5, Failures: 0, Errors: 0, Skipped: 0, Time elapsed: 0.033 sec - in org.apache.commons.validator.RetrieveFormTest
Running org.apache.commons.validator.GenericValidatorTest
Tests run: 2, Failures: 0, Errors: 0, Skipped: 0, Time elapsed: 0 sec - in org.apache.commons.validator.GenericValidatorTest
Running org.apache.commons.validator.util.FlagsTest
Tests run: 13, Failures: 0, Errors: 0, Skipped: 0, Time elapsed: 0 sec - in org.apache.commons.validator.util.FlagsTest
Running org.apache.commons.validator.ByteTest
Tests run: 8, Failures: 0, Errors: 0, Skipped: 0, Time elapsed: 0.04 sec - in org.apache.commons.validator.ByteTest
Running org.apache.commons.validator.MultipleConfigFilesTest
Tests run: 5, Failures: 0, Errors: 0, Skipped: 0, Time elapsed: 0.027 sec - in org.apache.commons.validator.MultipleConfigFilesTest
Running org.apache.commons.validator.CustomValidatorResourcesTest
Tests run: 1, Failures: 0, Errors: 0, Skipped: 0, Time elapsed: 0 sec - in org.apache.commons.validator.CustomValidatorResourcesTest
Running org.apache.commons.validator.GenericTypeValidatorTest
Tests run: 3, Failures: 0, Errors: 0, Skipped: 0, Time elapsed: 0.033 sec - in org.apache.commons.validator.GenericTypeValidatorTest
Running org.apache.commons.validator.EntityImportTest
Tests run: 2, Failures: 0, Errors: 0, Skipped: 0, Time elapsed: 0.01 sec - in org.apache.commons.validator.EntityImportTest
Running org.apache.commons.validator.VarTest
Tests run: 1, Failures: 0, Errors: 0, Skipped: 0, Time elapsed: 0.006 sec - in org.apache.commons.validator.VarTest
Running org.apache.commons.validator.ValidatorResultsTest
Tests run: 2, Failures: 0, Errors: 0, Skipped: 0, Time elapsed: 0.011 sec - in org.apache.commons.validator.ValidatorResultsTest
Running org.apache.commons.validator.routines.EmailValidatorTest
Tests run: 16, Failures: 0, Errors: 0, Skipped: 0, Time elapsed: 0.009 sec - in org.apache.commons.validator.routines.EmailValidatorTest
Running org.apache.commons.validator.routines.LongValidatorTest
Tests run: 12, Failures: 0, Errors: 0, Skipped: 0, Time elapsed: 0.07 sec - in org.apache.commons.validator.routines.LongValidatorTest
Running org.apache.commons.validator.routines.DoubleValidatorTest
Tests run: 12, Failures: 0, Errors: 0, Skipped: 0, Time elapsed: 0.016 sec - in org.apache.commons.validator.routines.DoubleValidatorTest
Running org.apache.commons.validator.routines.FloatValidatorTest
Tests run: 13, Failures: 0, Errors: 0, Skipped: 0, Time elapsed: 0.007 sec - in org.apache.commons.validator.routines.FloatValidatorTest
Running org.apache.commons.validator.routines.ShortValidatorTest
Tests run: 12, Failures: 0, Errors: 0, Skipped: 0, Time elapsed: 0.004 sec - in org.apache.commons.validator.routines.ShortValidatorTest
Running org.apache.commons.validator.routines.IntegerValidatorTest
Tests run: 12, Failures: 0, Errors: 0, Skipped: 0, Time elapsed: 0.004 sec - in org.apache.commons.validator.routines.IntegerValidatorTest
Running org.apache.commons.validator.routines.CodeValidatorTest
Tests run: 7, Failures: 0, Errors: 0, Skipped: 0, Time elapsed: 0.001 sec - in org.apache.commons.validator.routines.CodeValidatorTest
Running org.apache.commons.validator.routines.CalendarValidatorTest
Tests run: 10, Failures: 0, Errors: 0, Skipped: 0, Time elapsed: 0.025 sec - in org.apache.commons.validator.routines.CalendarValidatorTest
Running org.apache.commons.validator.routines.CurrencyValidatorTest
Tests run: 6, Failures: 0, Errors: 0, Skipped: 0, Time elapsed: 0.004 sec - in org.apache.commons.validator.routines.CurrencyValidatorTest
Running org.apache.commons.validator.routines.DateValidatorTest
Tests run: 8, Failures: 0, Errors: 0, Skipped: 0, Time elapsed: 0.009 sec - in org.apache.commons.validator.routines.DateValidatorTest
Running org.apache.commons.validator.routines.UrlValidatorTest
Tests run: 14, Failures: 0, Errors: 0, Skipped: 0, Time elapsed: 0.175 sec - in org.apache.commons.validator.routines.UrlValidatorTest
Running org.apache.commons.validator.routines.InetAddressValidatorTest
Tests run: 6, Failures: 0, Errors: 0, Skipped: 0, Time elapsed: 0.006 sec - in org.apache.commons.validator.routines.InetAddressValidatorTest
Running org.apache.commons.validator.routines.RegexValidatorTest
Tests run: 7, Failures: 0, Errors: 0, Skipped: 0, Time elapsed: 0.002 sec - in org.apache.commons.validator.routines.RegexValidatorTest
Running org.apache.commons.validator.routines.BigDecimalValidatorTest
Tests run: 12, Failures: 0, Errors: 0, Skipped: 0, Time elapsed: 0.008 sec - in org.apache.commons.validator.routines.BigDecimalValidatorTest
Running org.apache.commons.validator.routines.CreditCardValidatorTest
Tests run: 14, Failures: 0, Errors: 0, Skipped: 0, Time elapsed: 0.006 sec - in org.apache.commons.validator.routines.CreditCardValidatorTest
Running org.apache.commons.validator.routines.ISBNValidatorTest
Tests run: 12, Failures: 0, Errors: 0, Skipped: 0, Time elapsed: 0.005 sec - in org.apache.commons.validator.routines.ISBNValidatorTest
Running org.apache.commons.validator.routines.TimeValidatorTest
Tests run: 7, Failures: 0, Errors: 0, Skipped: 0, Time elapsed: 0.003 sec - in org.apache.commons.validator.routines.TimeValidatorTest
Running org.apache.commons.validator.routines.PercentValidatorTest
Tests run: 3, Failures: 0, Errors: 0, Skipped: 0, Time elapsed: 0.001 sec - in org.apache.commons.validator.routines.PercentValidatorTest
Running org.apache.commons.validator.routines.BigIntegerValidatorTest
Tests run: 12, Failures: 0, Errors: 0, Skipped: 0, Time elapsed: 0.005 sec - in org.apache.commons.validator.routines.BigIntegerValidatorTest
Running org.apache.commons.validator.routines.ByteValidatorTest
Tests run: 12, Failures: 0, Errors: 0, Skipped: 0, Time elapsed: 0 sec - in org.apache.commons.validator.routines.ByteValidatorTest
Running org.apache.commons.validator.routines.DomainValidatorTest
Tests run: 15, Failures: 0, Errors: 0, Skipped: 0, Time elapsed: 0 sec - in org.apache.commons.validator.routines.DomainValidatorTest
Running org.apache.commons.validator.routines.checkdigit.CUSIPCheckDigitTest
Tests run: 9, Failures: 0, Errors: 0, Skipped: 0, Time elapsed: 0.006 sec - in org.apache.commons.validator.routines.checkdigit.CUSIPCheckDigitTest
Running org.apache.commons.validator.routines.checkdigit.VerhoeffCheckDigitTest
Tests run: 7, Failures: 0, Errors: 0, Skipped: 0, Time elapsed: 0.005 sec - in org.apache.commons.validator.routines.checkdigit.VerhoeffCheckDigitTest
Running org.apache.commons.validator.routines.checkdigit.IBANCheckDigitTest
Tests run: 8, Failures: 0, Errors: 0, Skipped: 0, Time elapsed: 0.026 sec - in org.apache.commons.validator.routines.checkdigit.IBANCheckDigitTest
Running org.apache.commons.validator.routines.checkdigit.ABANumberCheckDigitTest
Tests run: 7, Failures: 0, Errors: 0, Skipped: 0, Time elapsed: 0.003 sec - in org.apache.commons.validator.routines.checkdigit.ABANumberCheckDigitTest
Running org.apache.commons.validator.routines.checkdigit.SedolCheckDigitTest
Tests run: 8, Failures: 0, Errors: 0, Skipped: 0, Time elapsed: 0.004 sec - in org.apache.commons.validator.routines.checkdigit.SedolCheckDigitTest
Running org.apache.commons.validator.routines.checkdigit.ISBNCheckDigitTest
Tests run: 8, Failures: 0, Errors: 0, Skipped: 0, Time elapsed: 0.01 sec - in org.apache.commons.validator.routines.checkdigit.ISBNCheckDigitTest
Running org.apache.commons.validator.routines.checkdigit.EAN13CheckDigitTest
Tests run: 7, Failures: 0, Errors: 0, Skipped: 0, Time elapsed: 0.003 sec - in org.apache.commons.validator.routines.checkdigit.EAN13CheckDigitTest
Running org.apache.commons.validator.routines.checkdigit.LuhnCheckDigitTest
Tests run: 7, Failures: 0, Errors: 0, Skipped: 0, Time elapsed: 0.003 sec - in org.apache.commons.validator.routines.checkdigit.LuhnCheckDigitTest
Running org.apache.commons.validator.routines.checkdigit.ISBN10CheckDigitTest
Tests run: 7, Failures: 0, Errors: 0, Skipped: 0, Time elapsed: 0.008 sec - in org.apache.commons.validator.routines.checkdigit.ISBN10CheckDigitTest
Running org.apache.commons.validator.routines.checkdigit.ISINCheckDigitTest
Tests run: 8, Failures: 0, Errors: 0, Skipped: 0, Time elapsed: 0.004 sec - in org.apache.commons.validator.routines.checkdigit.ISINCheckDigitTest
Running org.apache.commons.validator.ParameterTest
Tests run: 1, Failures: 0, Errors: 0, Skipped: 0, Time elapsed: 0 sec - in org.apache.commons.validator.ParameterTest
Running org.apache.commons.validator.CreditCardValidatorTest
Tests run: 2, Failures: 0, Errors: 0, Skipped: 0, Time elapsed: 0 sec - in org.apache.commons.validator.CreditCardValidatorTest
Running org.apache.commons.validator.RequiredNameTest
Tests run: 6, Failures: 0, Errors: 0, Skipped: 0, Time elapsed: 0.018 sec - in org.apache.commons.validator.RequiredNameTest
Running org.apache.commons.validator.ISBNValidatorTest
Tests run: 1, Failures: 0, Errors: 0, Skipped: 0, Time elapsed: 0 sec - in org.apache.commons.validator.ISBNValidatorTest
Running org.apache.commons.validator.LongTest
Tests run: 8, Failures: 0, Errors: 0, Skipped: 0, Time elapsed: 0.028 sec - in org.apache.commons.validator.LongTest
Running org.apache.commons.validator.ValidatorTest
ValidatorTest.formatDate() - Unparseable date: "2/30/1999"
Tests run: 4, Failures: 0, Errors: 0, Skipped: 0, Time elapsed: 0.003 sec - in org.apache.commons.validator.ValidatorTest
Running org.apache.commons.validator.RequiredIfTest
Tests run: 5, Failures: 0, Errors: 0, Skipped: 0, Time elapsed: 0.016 sec - in org.apache.commons.validator.RequiredIfTest
Running org.apache.commons.validator.ShortTest
Tests run: 6, Failures: 0, Errors: 0, Skipped: 0, Time elapsed: 0.021 sec - in org.apache.commons.validator.ShortTest

Results :




Tests run: 443, Failures: 0, Errors: 0, Skipped: 0

[INFO] 
[INFO] --- maven-antrun-plugin:1.7:run (javascript.compress) @ commons-validator ---
[WARNING] Parameter tasks is deprecated, use target instead
[INFO] Executing tasks

main:

compress:

compressor-specified:

download-compressor-check:
    [mkdir] Created dir: /tmp/tmp75ddiv35/commons-validator/lib

download-compressor:
     [echo] Downloading JavaScript Compressor....
      [get] Getting: http://repo1.maven.org/maven2/org/dojotoolkit/custom_rhino/0.4.3/custom_rhino-0.4.3.jar
      [get] To: /tmp/tmp75ddiv35/commons-validator/lib/custom_rhino-0.4.3.jar
      [get] Error opening connection java.io.IOException: Server returned HTTP response code: 501 for URL: http://repo1.maven.org/maven2/org/dojotoolkit/custom_rhino/0.4.3/custom_rhino-0.4.3.jar
      [get] Error opening connection java.io.IOException: Server returned HTTP response code: 501 for URL: http://repo1.maven.org/maven2/org/dojotoolkit/custom_rhino/0.4.3/custom_rhino-0.4.3.jar
      [get] Error opening connection java.io.IOException: Server returned HTTP response code: 501 for URL: http://repo1.maven.org/maven2/org/dojotoolkit/custom_rhino/0.4.3/custom_rhino-0.4.3.jar
      [get] Can't get http://repo1.maven.org/maven2/org/dojotoolkit/custom_rhino/0.4.3/custom_rhino-0.4.3.jar to /tmp/tmp75ddiv35/commons-validator/lib/custom_rhino-0.4.3.jar

compress-files:
     [echo] Compressing JavaScript files using lib/custom_rhino-0.4.3.jar
     [echo] Compressing commons-validator-1.4.1.js
     [java] Java Result: 1

compress-file:
     [echo] Compressing validateByte.js
     [java] Java Result: 1

compress-file:
     [echo] Compressing validateCreditCard.js
     [java] Java Result: 1

compress-file:
     [echo] Compressing validateDate.js
     [java] Java Result: 1

compress-file:
     [echo] Compressing validateEmail.js
     [java] Java Result: 1

compress-file:
     [echo] Compressing validateFloat.js
     [java] Java Result: 1

compress-file:
     [echo] Compressing validateFloatRange.js
     [java] Java Result: 1

compress-file:
     [echo] Compressing validateInteger.js
     [java] Java Result: 1

compress-file:
     [echo] Compressing validateIntRange.js
     [java] Java Result: 1

compress-file:
     [echo] Compressing validateMask.js
     [java] Java Result: 1

compress-file:
     [echo] Compressing validateMaxLength.js
     [java] Java Result: 1

compress-file:
     [echo] Compressing validateMinLength.js
     [java] Java Result: 1

compress-file:
     [echo] Compressing validateRequired.js
     [java] Java Result: 1

compress-file:
     [echo] Compressing validateShort.js
     [java] Java Result: 1

compress-file:
     [echo] Compressing validateUtilities.js
     [java] Java Result: 1
[INFO] Executed tasks
[INFO] 
[INFO] --- maven-jar-plugin:2.5:jar (default-jar) @ commons-validator ---
[INFO] Building jar: /tmp/tmp75ddiv35/commons-validator/target/commons-validator-1.4.1.jar
[INFO] 
[INFO] --- maven-assembly-plugin:3.2.0:single (default) @ commons-validator ---
[INFO] Reading assembly descriptor: src/main/assembly/src.xml
[INFO] Building tar: /tmp/tmp75ddiv35/commons-validator/target/commons-validator-1.4.1-src.tar.gz
[INFO] Building zip: /tmp/tmp75ddiv35/commons-validator/target/commons-validator-1.4.1-src.zip
[INFO] Building jar: /tmp/tmp75ddiv35/commons-validator/target/commons-validator-1.4.1-jar-with-dependencies.jar
[INFO] 
[INFO] --- maven-site-plugin:3.4:attach-descriptor (attach-descriptor) @ commons-validator ---
[INFO] ------------------------------------------------------------------------
[INFO] BUILD SUCCESS
[INFO] ------------------------------------------------------------------------
[INFO] Total time:  25.715 s
[INFO] Finished at: 2020-07-30T15:53:57Z
[INFO] ------------------------------------------------------------------------
