<?xml version="1.0" encoding="UTF-8"?>
<testsuite xmlns:xsi="http://www.w3.org/2001/XMLSchema-instance" xsi:schemaLocation="https://maven.apache.org/surefire/maven-surefire-plugin/xsd/surefire-test-report.xsd" name="jenkins.plugins.gerrit.workflow.GerritCommentStepTest" time="59.794" tests="2" errors="0" skipped="0" failures="1">
  <properties>
    <property name="java.runtime.name" value="OpenJDK Runtime Environment"/>
    <property name="sun.boot.library.path" value="/usr/local/openjdk-8/jre/lib/amd64"/>
    <property name="java.vm.version" value="25.262-b10"/>
    <property name="animal.sniffer.skip" value="true"/>
    <property name="java.vm.vendor" value="Oracle Corporation"/>
    <property name="maven.multiModuleProjectDirectory" value="/tmp/tmpk5fs1rb9/gerrit-code-review-plugin"/>
    <property name="maven.javadoc.skip" value="true"/>
    <property name="java.vendor.url" value="http://java.oracle.com/"/>
    <property name="path.separator" value=":"/>
    <property name="guice.disable.misplaced.annotation.check" value="true"/>
    <property name="java.vm.name" value="OpenJDK 64-Bit Server VM"/>
    <property name="file.encoding.pkg" value="sun.io"/>
    <property name="sun.java.launcher" value="SUN_STANDARD"/>
    <property name="sun.os.patch.level" value="unknown"/>
    <property name="source.skip" value="true"/>
    <property name="java.vm.specification.name" value="Java Virtual Machine Specification"/>
    <property name="user.dir" value="/tmp/tmpk5fs1rb9/gerrit-code-review-plugin"/>
    <property name="java.runtime.version" value="1.8.0_262-b10"/>
    <property name="java.awt.graphicsenv" value="sun.awt.X11GraphicsEnvironment"/>
    <property name="java.endorsed.dirs" value="/usr/local/openjdk-8/jre/lib/endorsed"/>
    <property name="os.arch" value="amd64"/>
    <property name="java.io.tmpdir" value="/tmp"/>
    <property name="line.separator" value="&#10;"/>
    <property name="java.vm.specification.vendor" value="Oracle Corporation"/>
    <property name="os.name" value="Linux"/>
    <property name="classworlds.conf" value="/usr/share/maven/bin/m2.conf"/>
    <property name="sun.jnu.encoding" value="UTF-8"/>
    <property name="java.library.path" value="/usr/java/packages/lib/amd64:/usr/lib64:/lib64:/lib:/usr/lib"/>
    <property name="license.skip" value="true"/>
    <property name="maven.conf" value="/usr/share/maven/conf"/>
    <property name="java.specification.name" value="Java Platform API Specification"/>
    <property name="java.class.version" value="52.0"/>
    <property name="sun.management.compiler" value="HotSpot 64-Bit Tiered Compilers"/>
    <property name="maven.test.failure.ignore" value="true"/>
    <property name="os.version" value="4.15.0-109-generic"/>
    <property name="library.jansi.path" value="/usr/share/maven/lib/jansi-native"/>
    <property name="user.home" value="/home/jdbl"/>
    <property name="user.timezone" value="Etc/UTC"/>
    <property name="java.awt.printerjob" value="sun.print.PSPrinterJob"/>
    <property name="java.specification.version" value="1.8"/>
    <property name="file.encoding" value="UTF-8"/>
    <property name="user.name" value="jdbl"/>
    <property name="java.class.path" value="/usr/share/maven/boot/plexus-classworlds-2.6.0.jar"/>
    <property name="java.vm.specification.version" value="1.8"/>
    <property name="sun.arch.data.model" value="64"/>
    <property name="java.home" value="/usr/local/openjdk-8/jre"/>
    <property name="sun.java.command" value="org.codehaus.plexus.classworlds.launcher.Launcher test -e --fail-never -ntp -Dmaven.test.failure.ignore=true -B -Dmaven.javadoc.skip=true -Drat.skip=true -Danimal.sniffer.skip=true -Dmaven.javadoc.skip=true -Dlicense.skip=true -Dsource.skip=true"/>
    <property name="java.specification.vendor" value="Oracle Corporation"/>
    <property name="user.language" value="en"/>
    <property name="awt.toolkit" value="sun.awt.X11.XToolkit"/>
    <property name="java.vm.info" value="mixed mode"/>
    <property name="java.version" value="1.8.0_262"/>
    <property name="java.ext.dirs" value="/usr/local/openjdk-8/jre/lib/ext:/usr/java/packages/lib/ext"/>
    <property name="securerandom.source" value="file:/dev/./urandom"/>
    <property name="sun.boot.class.path" value="/usr/local/openjdk-8/jre/lib/resources.jar:/usr/local/openjdk-8/jre/lib/rt.jar:/usr/local/openjdk-8/jre/lib/sunrsasign.jar:/usr/local/openjdk-8/jre/lib/jsse.jar:/usr/local/openjdk-8/jre/lib/jce.jar:/usr/local/openjdk-8/jre/lib/charsets.jar:/usr/local/openjdk-8/jre/lib/jfr.jar:/usr/local/openjdk-8/jre/classes"/>
    <property name="java.vendor" value="Oracle Corporation"/>
    <property name="rat.skip" value="true"/>
    <property name="maven.home" value="/usr/share/maven"/>
    <property name="file.separator" value="/"/>
    <property name="java.vendor.url.bug" value="http://bugreport.sun.com/bugreport/"/>
    <property name="sun.cpu.endian" value="little"/>
    <property name="sun.io.unicode.encoding" value="UnicodeLittle"/>
    <property name="sun.cpu.isalist" value=""/>
  </properties>
  <testcase name="gerritCommentStepInvokeTest" classname="jenkins.plugins.gerrit.workflow.GerritCommentStepTest" time="12.142">
    <flakyFailure message="unexpected build status; build log was:&#10;------&#10;Started&#10;[Pipeline] Allocate node : Start&#10;Running on master in /tmp/jenkinsTests.tmp/jenkins8542703908407768758test/workspace/p&#10;[Pipeline] node {&#10;[Pipeline] Set environment variables : Start&#10;[Pipeline] withEnv {&#10;[Pipeline] gerritComment&#10;Gerrit review change 4321/1 /path/to/file=1 (Invalid spacing)&#10;[Pipeline] } //withEnv&#10;[Pipeline] Set environment variables : End&#10;[Pipeline] } //node&#10;[Pipeline] Allocate node : End&#10;[Pipeline] End of Pipeline&#10;com.google.gerrit.extensions.restapi.RestApiException: Request failed.&#10;	at com.urswolfer.gerrit.client.rest.http.GerritRestClient.requestJson(GerritRestClient.java:166)&#10;	at com.urswolfer.gerrit.client.rest.http.GerritRestClient.putRequest(GerritRestClient.java:140)&#10;	at com.urswolfer.gerrit.client.rest.http.changes.RevisionApiRestClient.createDraft(RevisionApiRestClient.java:163)&#10;	at jenkins.plugins.gerrit.workflow.GerritCommentStep$Execution.run(GerritCommentStep.java:87)&#10;	at jenkins.plugins.gerrit.workflow.GerritCommentStep$Execution.run(GerritCommentStep.java:53)&#10;	at org.jenkinsci.plugins.workflow.steps.SynchronousStepExecution.start(SynchronousStepExecution.java:38)&#10;	at org.jenkinsci.plugins.workflow.cps.DSL.invokeMethod(DSL.java:136)&#10;	at org.jenkinsci.plugins.workflow.cps.CpsScript.invokeMethod(CpsScript.java:113)&#10;	at groovy.lang.GroovyObject$invokeMethod.call(Unknown Source)&#10;	at org.codehaus.groovy.runtime.callsite.CallSiteArray.defaultCall(CallSiteArray.java:48)&#10;	at org.codehaus.groovy.runtime.callsite.AbstractCallSite.call(AbstractCallSite.java:113)&#10;	at org.kohsuke.groovy.sandbox.impl.Checker$1.call(Checker.java:151)&#10;	at org.kohsuke.groovy.sandbox.GroovyInterceptor.onMethodCall(GroovyInterceptor.java:21)&#10;	at org.jenkinsci.plugins.scriptsecurity.sandbox.groovy.SandboxInterceptor.onMethodCall(SandboxInterceptor.java:115)&#10;	at org.kohsuke.groovy.sandbox.impl.Checker$1.call(Checker.java:149)&#10;	at org.kohsuke.groovy.sandbox.impl.Checker.checkedCall(Checker.java:146)&#10;	at org.kohsuke.groovy.sandbox.impl.Checker.checkedCall(Checker.java:123)&#10;	at org.kohsuke.groovy.sandbox.impl.Checker.checkedCall(Checker.java:123)&#10;	at com.cloudbees.groovy.cps.sandbox.SandboxInvoker.methodCall(SandboxInvoker.java:15)&#10;	at WorkflowScript.run(WorkflowScript:8)&#10;	at ___cps.transform___(Native Method)&#10;	at com.cloudbees.groovy.cps.impl.ContinuationGroup.methodCall(ContinuationGroup.java:55)&#10;	at com.cloudbees.groovy.cps.impl.FunctionCallBlock$ContinuationImpl.dispatchOrArg(FunctionCallBlock.java:106)&#10;	at com.cloudbees.groovy.cps.impl.FunctionCallBlock$ContinuationImpl.fixArg(FunctionCallBlock.java:79)&#10;	at sun.reflect.NativeMethodAccessorImpl.invoke0(Native Method)&#10;	at sun.reflect.NativeMethodAccessorImpl.invoke(NativeMethodAccessorImpl.java:62)&#10;	at sun.reflect.DelegatingMethodAccessorImpl.invoke(DelegatingMethodAccessorImpl.java:43)&#10;	at java.lang.reflect.Method.invoke(Method.java:498)&#10;	at com.cloudbees.groovy.cps.impl.ContinuationPtr$ContinuationImpl.receive(ContinuationPtr.java:72)&#10;	at com.cloudbees.groovy.cps.impl.CollectionLiteralBlock$ContinuationImpl.dispatch(CollectionLiteralBlock.java:55)&#10;	at com.cloudbees.groovy.cps.impl.CollectionLiteralBlock$ContinuationImpl.item(CollectionLiteralBlock.java:45)&#10;	at sun.reflect.NativeMethodAccessorImpl.invoke0(Native Method)&#10;	at sun.reflect.NativeMethodAccessorImpl.invoke(NativeMethodAccessorImpl.java:62)&#10;	at sun.reflect.DelegatingMethodAccessorImpl.invoke(DelegatingMethodAccessorImpl.java:43)&#10;	at java.lang.reflect.Method.invoke(Method.java:498)&#10;	at com.cloudbees.groovy.cps.impl.ContinuationPtr$ContinuationImpl.receive(ContinuationPtr.java:72)&#10;	at com.cloudbees.groovy.cps.impl.ConstantBlock.eval(ConstantBlock.java:21)&#10;	at com.cloudbees.groovy.cps.Next.step(Next.java:58)&#10;	at com.cloudbees.groovy.cps.Continuable.run0(Continuable.java:154)&#10;	at org.jenkinsci.plugins.workflow.cps.SandboxContinuable.access$001(SandboxContinuable.java:19)&#10;	at org.jenkinsci.plugins.workflow.cps.SandboxContinuable$1.call(SandboxContinuable.java:33)&#10;	at org.jenkinsci.plugins.workflow.cps.SandboxContinuable$1.call(SandboxContinuable.java:30)&#10;	at org.jenkinsci.plugins.scriptsecurity.sandbox.groovy.GroovySandbox.runInSandbox(GroovySandbox.java:108)&#10;	at org.jenkinsci.plugins.workflow.cps.SandboxContinuable.run0(SandboxContinuable.java:30)&#10;	at org.jenkinsci.plugins.workflow.cps.CpsThread.runNextChunk(CpsThread.java:164)&#10;	at org.jenkinsci.plugins.workflow.cps.CpsThreadGroup.run(CpsThreadGroup.java:277)&#10;	at org.jenkinsci.plugins.workflow.cps.CpsThreadGroup.access$000(CpsThreadGroup.java:77)&#10;	at org.jenkinsci.plugins.workflow.cps.CpsThreadGroup$2.call(CpsThreadGroup.java:186)&#10;	at org.jenkinsci.plugins.workflow.cps.CpsThreadGroup$2.call(CpsThreadGroup.java:184)&#10;	at org.jenkinsci.plugins.workflow.cps.CpsVmExecutorService$2.call(CpsVmExecutorService.java:47)&#10;	at java.util.concurrent.FutureTask.run(FutureTask.java:266)&#10;	at hudson.remoting.SingleLaneExecutorService$1.run(SingleLaneExecutorService.java:112)&#10;	at jenkins.util.ContextResettingExecutorService$1.run(ContextResettingExecutorService.java:28)&#10;	at java.util.concurrent.Executors$RunnableAdapter.call(Executors.java:511)&#10;	at java.util.concurrent.FutureTask.run(FutureTask.java:266)&#10;	at java.util.concurrent.ThreadPoolExecutor.runWorker(ThreadPoolExecutor.java:1149)&#10;	at java.util.concurrent.ThreadPoolExecutor$Worker.run(ThreadPoolExecutor.java:624)&#10;	at java.lang.Thread.run(Thread.java:748)&#10;Caused by: javax.net.ssl.SSLKeyException: Invalid signature on ECDH server key exchange message&#10;	at sun.security.ssl.HandshakeMessage$ECDH_ServerKeyExchange.&lt;init&gt;(HandshakeMessage.java:1126)&#10;	at sun.security.ssl.ClientHandshaker.processMessage(ClientHandshaker.java:303)&#10;	at sun.security.ssl.Handshaker.processLoop(Handshaker.java:1082)&#10;	at sun.security.ssl.Handshaker.process_record(Handshaker.java:1010)&#10;	at sun.security.ssl.SSLSocketImpl.readRecord(SSLSocketImpl.java:1079)&#10;	at sun.security.ssl.SSLSocketImpl.performInitialHandshake(SSLSocketImpl.java:1388)&#10;	at sun.security.ssl.SSLSocketImpl.startHandshake(SSLSocketImpl.java:1416)&#10;	at sun.security.ssl.SSLSocketImpl.startHandshake(SSLSocketImpl.java:1400)&#10;	at org.apache.http.conn.ssl.SSLConnectionSocketFactory.createLayeredSocket(SSLConnectionSocketFactory.java:396)&#10;	at org.apache.http.conn.ssl.SSLConnectionSocketFactory.connectSocket(SSLConnectionSocketFactory.java:355)&#10;	at org.apache.http.impl.conn.DefaultHttpClientConnectionOperator.connect(DefaultHttpClientConnectionOperator.java:142)&#10;	at org.apache.http.impl.conn.PoolingHttpClientConnectionManager.connect(PoolingHttpClientConnectionManager.java:359)&#10;	at org.apache.http.impl.execchain.MainClientExec.establishRoute(MainClientExec.java:381)&#10;	at org.apache.http.impl.execchain.MainClientExec.execute(MainClientExec.java:237)&#10;	at org.apache.http.impl.execchain.ProtocolExec.execute(ProtocolExec.java:185)&#10;	at org.apache.http.impl.execchain.RetryExec.execute(RetryExec.java:89)&#10;	at org.apache.http.impl.execchain.RedirectExec.execute(RedirectExec.java:111)&#10;	at org.apache.http.impl.client.InternalHttpClient.doExecute(InternalHttpClient.java:185)&#10;	at org.apache.http.impl.client.CloseableHttpClient.execute(CloseableHttpClient.java:83)&#10;	at com.urswolfer.gerrit.client.rest.http.HttpRequestExecutor.execute(HttpRequestExecutor.java:34)&#10;	at com.urswolfer.gerrit.client.rest.http.GerritRestClient.request(GerritRestClient.java:246)&#10;	at com.urswolfer.gerrit.client.rest.http.GerritRestClient.requestRest(GerritRestClient.java:182)&#10;	at com.urswolfer.gerrit.client.rest.http.GerritRestClient.requestRest(GerritRestClient.java:174)&#10;	at com.urswolfer.gerrit.client.rest.http.GerritRestClient.requestJson(GerritRestClient.java:151)&#10;	at com.urswolfer.gerrit.client.rest.http.GerritRestClient.putRequest(GerritRestClient.java:140)&#10;	at com.urswolfer.gerrit.client.rest.http.changes.RevisionApiRestClient.createDraft(RevisionApiRestClient.java:163)&#10;	at jenkins.plugins.gerrit.workflow.GerritCommentStep$Execution.run(GerritCommentStep.java:87)&#10;	at jenkins.plugins.gerrit.workflow.GerritCommentStep$Execution.run(GerritCommentStep.java:53)&#10;	at org.jenkinsci.plugins.workflow.steps.SynchronousStepExecution.start(SynchronousStepExecution.java:38)&#10;	at org.jenkinsci.plugins.workflow.cps.DSL.invokeMethod(DSL.java:136)&#10;	at org.jenkinsci.plugins.workflow.cps.CpsScript.invokeMethod(CpsScript.java:113)&#10;	at groovy.lang.GroovyObject$invokeMethod.call(Unknown Source)&#10;	at org.codehaus.groovy.runtime.callsite.CallSiteArray.defaultCall(CallSiteArray.java:48)&#10;	at org.codehaus.groovy.runtime.callsite.AbstractCallSite.call(AbstractCallSite.java:113)&#10;	at org.kohsuke.groovy.sandbox.impl.Checker$1.call(Checker.java:151)&#10;	at org.kohsuke.groovy.sandbox.GroovyInterceptor.onMethodCall(GroovyInterceptor.java:21)&#10;	at org.jenkinsci.plugins.scriptsecurity.sandbox.groovy.SandboxInterceptor.onMethodCall(SandboxInterceptor.java:115)&#10;	at org.kohsuke.groovy.sandbox.impl.Checker$1.call(Checker.java:149)&#10;	at org.kohsuke.groovy.sandbox.impl.Checker.checkedCall(Checker.java:146)&#10;	at org.kohsuke.groovy.sandbox.impl.Checker.checkedCall(Checker.java:123)&#10;	at org.kohsuke.groovy.sandbox.impl.Checker.checkedCall(Checker.java:123)&#10;	at com.cloudbees.groovy.cps.sandbox.SandboxInvoker.methodCall(SandboxInvoker.java:15)&#10;	... 37 more&#10;Finished: FAILURE&#10;&#10;------&#10;&#10;Expected: is &lt;SUCCESS&gt;&#10;     but: was &lt;FAILURE&gt;" type="java.lang.AssertionError"><![CDATA[java.lang.AssertionError: 
unexpected build status; build log was:
------
Started
[Pipeline] Allocate node : Start
Running on master in /tmp/jenkinsTests.tmp/jenkins8542703908407768758test/workspace/p
[Pipeline] node {
[Pipeline] Set environment variables : Start
[Pipeline] withEnv {
[Pipeline] gerritComment
Gerrit review change 4321/1 /path/to/file=1 (Invalid spacing)
[Pipeline] } //withEnv
[Pipeline] Set environment variables : End
[Pipeline] } //node
[Pipeline] Allocate node : End
[Pipeline] End of Pipeline
com.google.gerrit.extensions.restapi.RestApiException: Request failed.
	at com.urswolfer.gerrit.client.rest.http.GerritRestClient.requestJson(GerritRestClient.java:166)
	at com.urswolfer.gerrit.client.rest.http.GerritRestClient.putRequest(GerritRestClient.java:140)
	at com.urswolfer.gerrit.client.rest.http.changes.RevisionApiRestClient.createDraft(RevisionApiRestClient.java:163)
	at jenkins.plugins.gerrit.workflow.GerritCommentStep$Execution.run(GerritCommentStep.java:87)
	at jenkins.plugins.gerrit.workflow.GerritCommentStep$Execution.run(GerritCommentStep.java:53)
	at org.jenkinsci.plugins.workflow.steps.SynchronousStepExecution.start(SynchronousStepExecution.java:38)
	at org.jenkinsci.plugins.workflow.cps.DSL.invokeMethod(DSL.java:136)
	at org.jenkinsci.plugins.workflow.cps.CpsScript.invokeMethod(CpsScript.java:113)
	at groovy.lang.GroovyObject$invokeMethod.call(Unknown Source)
	at org.codehaus.groovy.runtime.callsite.CallSiteArray.defaultCall(CallSiteArray.java:48)
	at org.codehaus.groovy.runtime.callsite.AbstractCallSite.call(AbstractCallSite.java:113)
	at org.kohsuke.groovy.sandbox.impl.Checker$1.call(Checker.java:151)
	at org.kohsuke.groovy.sandbox.GroovyInterceptor.onMethodCall(GroovyInterceptor.java:21)
	at org.jenkinsci.plugins.scriptsecurity.sandbox.groovy.SandboxInterceptor.onMethodCall(SandboxInterceptor.java:115)
	at org.kohsuke.groovy.sandbox.impl.Checker$1.call(Checker.java:149)
	at org.kohsuke.groovy.sandbox.impl.Checker.checkedCall(Checker.java:146)
	at org.kohsuke.groovy.sandbox.impl.Checker.checkedCall(Checker.java:123)
	at org.kohsuke.groovy.sandbox.impl.Checker.checkedCall(Checker.java:123)
	at com.cloudbees.groovy.cps.sandbox.SandboxInvoker.methodCall(SandboxInvoker.java:15)
	at WorkflowScript.run(WorkflowScript:8)
	at ___cps.transform___(Native Method)
	at com.cloudbees.groovy.cps.impl.ContinuationGroup.methodCall(ContinuationGroup.java:55)
	at com.cloudbees.groovy.cps.impl.FunctionCallBlock$ContinuationImpl.dispatchOrArg(FunctionCallBlock.java:106)
	at com.cloudbees.groovy.cps.impl.FunctionCallBlock$ContinuationImpl.fixArg(FunctionCallBlock.java:79)
	at sun.reflect.NativeMethodAccessorImpl.invoke0(Native Method)
	at sun.reflect.NativeMethodAccessorImpl.invoke(NativeMethodAccessorImpl.java:62)
	at sun.reflect.DelegatingMethodAccessorImpl.invoke(DelegatingMethodAccessorImpl.java:43)
	at java.lang.reflect.Method.invoke(Method.java:498)
	at com.cloudbees.groovy.cps.impl.ContinuationPtr$ContinuationImpl.receive(ContinuationPtr.java:72)
	at com.cloudbees.groovy.cps.impl.CollectionLiteralBlock$ContinuationImpl.dispatch(CollectionLiteralBlock.java:55)
	at com.cloudbees.groovy.cps.impl.CollectionLiteralBlock$ContinuationImpl.item(CollectionLiteralBlock.java:45)
	at sun.reflect.NativeMethodAccessorImpl.invoke0(Native Method)
	at sun.reflect.NativeMethodAccessorImpl.invoke(NativeMethodAccessorImpl.java:62)
	at sun.reflect.DelegatingMethodAccessorImpl.invoke(DelegatingMethodAccessorImpl.java:43)
	at java.lang.reflect.Method.invoke(Method.java:498)
	at com.cloudbees.groovy.cps.impl.ContinuationPtr$ContinuationImpl.receive(ContinuationPtr.java:72)
	at com.cloudbees.groovy.cps.impl.ConstantBlock.eval(ConstantBlock.java:21)
	at com.cloudbees.groovy.cps.Next.step(Next.java:58)
	at com.cloudbees.groovy.cps.Continuable.run0(Continuable.java:154)
	at org.jenkinsci.plugins.workflow.cps.SandboxContinuable.access$001(SandboxContinuable.java:19)
	at org.jenkinsci.plugins.workflow.cps.SandboxContinuable$1.call(SandboxContinuable.java:33)
	at org.jenkinsci.plugins.workflow.cps.SandboxContinuable$1.call(SandboxContinuable.java:30)
	at org.jenkinsci.plugins.scriptsecurity.sandbox.groovy.GroovySandbox.runInSandbox(GroovySandbox.java:108)
	at org.jenkinsci.plugins.workflow.cps.SandboxContinuable.run0(SandboxContinuable.java:30)
	at org.jenkinsci.plugins.workflow.cps.CpsThread.runNextChunk(CpsThread.java:164)
	at org.jenkinsci.plugins.workflow.cps.CpsThreadGroup.run(CpsThreadGroup.java:277)
	at org.jenkinsci.plugins.workflow.cps.CpsThreadGroup.access$000(CpsThreadGroup.java:77)
	at org.jenkinsci.plugins.workflow.cps.CpsThreadGroup$2.call(CpsThreadGroup.java:186)
	at org.jenkinsci.plugins.workflow.cps.CpsThreadGroup$2.call(CpsThreadGroup.java:184)
	at org.jenkinsci.plugins.workflow.cps.CpsVmExecutorService$2.call(CpsVmExecutorService.java:47)
	at java.util.concurrent.FutureTask.run(FutureTask.java:266)
	at hudson.remoting.SingleLaneExecutorService$1.run(SingleLaneExecutorService.java:112)
	at jenkins.util.ContextResettingExecutorService$1.run(ContextResettingExecutorService.java:28)
	at java.util.concurrent.Executors$RunnableAdapter.call(Executors.java:511)
	at java.util.concurrent.FutureTask.run(FutureTask.java:266)
	at java.util.concurrent.ThreadPoolExecutor.runWorker(ThreadPoolExecutor.java:1149)
	at java.util.concurrent.ThreadPoolExecutor$Worker.run(ThreadPoolExecutor.java:624)
	at java.lang.Thread.run(Thread.java:748)
Caused by: javax.net.ssl.SSLKeyException: Invalid signature on ECDH server key exchange message
	at sun.security.ssl.HandshakeMessage$ECDH_ServerKeyExchange.<init>(HandshakeMessage.java:1126)
	at sun.security.ssl.ClientHandshaker.processMessage(ClientHandshaker.java:303)
	at sun.security.ssl.Handshaker.processLoop(Handshaker.java:1082)
	at sun.security.ssl.Handshaker.process_record(Handshaker.java:1010)
	at sun.security.ssl.SSLSocketImpl.readRecord(SSLSocketImpl.java:1079)
	at sun.security.ssl.SSLSocketImpl.performInitialHandshake(SSLSocketImpl.java:1388)
	at sun.security.ssl.SSLSocketImpl.startHandshake(SSLSocketImpl.java:1416)
	at sun.security.ssl.SSLSocketImpl.startHandshake(SSLSocketImpl.java:1400)
	at org.apache.http.conn.ssl.SSLConnectionSocketFactory.createLayeredSocket(SSLConnectionSocketFactory.java:396)
	at org.apache.http.conn.ssl.SSLConnectionSocketFactory.connectSocket(SSLConnectionSocketFactory.java:355)
	at org.apache.http.impl.conn.DefaultHttpClientConnectionOperator.connect(DefaultHttpClientConnectionOperator.java:142)
	at org.apache.http.impl.conn.PoolingHttpClientConnectionManager.connect(PoolingHttpClientConnectionManager.java:359)
	at org.apache.http.impl.execchain.MainClientExec.establishRoute(MainClientExec.java:381)
	at org.apache.http.impl.execchain.MainClientExec.execute(MainClientExec.java:237)
	at org.apache.http.impl.execchain.ProtocolExec.execute(ProtocolExec.java:185)
	at org.apache.http.impl.execchain.RetryExec.execute(RetryExec.java:89)
	at org.apache.http.impl.execchain.RedirectExec.execute(RedirectExec.java:111)
	at org.apache.http.impl.client.InternalHttpClient.doExecute(InternalHttpClient.java:185)
	at org.apache.http.impl.client.CloseableHttpClient.execute(CloseableHttpClient.java:83)
	at com.urswolfer.gerrit.client.rest.http.HttpRequestExecutor.execute(HttpRequestExecutor.java:34)
	at com.urswolfer.gerrit.client.rest.http.GerritRestClient.request(GerritRestClient.java:246)
	at com.urswolfer.gerrit.client.rest.http.GerritRestClient.requestRest(GerritRestClient.java:182)
	at com.urswolfer.gerrit.client.rest.http.GerritRestClient.requestRest(GerritRestClient.java:174)
	at com.urswolfer.gerrit.client.rest.http.GerritRestClient.requestJson(GerritRestClient.java:151)
	at com.urswolfer.gerrit.client.rest.http.GerritRestClient.putRequest(GerritRestClient.java:140)
	at com.urswolfer.gerrit.client.rest.http.changes.RevisionApiRestClient.createDraft(RevisionApiRestClient.java:163)
	at jenkins.plugins.gerrit.workflow.GerritCommentStep$Execution.run(GerritCommentStep.java:87)
	at jenkins.plugins.gerrit.workflow.GerritCommentStep$Execution.run(GerritCommentStep.java:53)
	at org.jenkinsci.plugins.workflow.steps.SynchronousStepExecution.start(SynchronousStepExecution.java:38)
	at org.jenkinsci.plugins.workflow.cps.DSL.invokeMethod(DSL.java:136)
	at org.jenkinsci.plugins.workflow.cps.CpsScript.invokeMethod(CpsScript.java:113)
	at groovy.lang.GroovyObject$invokeMethod.call(Unknown Source)
	at org.codehaus.groovy.runtime.callsite.CallSiteArray.defaultCall(CallSiteArray.java:48)
	at org.codehaus.groovy.runtime.callsite.AbstractCallSite.call(AbstractCallSite.java:113)
	at org.kohsuke.groovy.sandbox.impl.Checker$1.call(Checker.java:151)
	at org.kohsuke.groovy.sandbox.GroovyInterceptor.onMethodCall(GroovyInterceptor.java:21)
	at org.jenkinsci.plugins.scriptsecurity.sandbox.groovy.SandboxInterceptor.onMethodCall(SandboxInterceptor.java:115)
	at org.kohsuke.groovy.sandbox.impl.Checker$1.call(Checker.java:149)
	at org.kohsuke.groovy.sandbox.impl.Checker.checkedCall(Checker.java:146)
	at org.kohsuke.groovy.sandbox.impl.Checker.checkedCall(Checker.java:123)
	at org.kohsuke.groovy.sandbox.impl.Checker.checkedCall(Checker.java:123)
	at com.cloudbees.groovy.cps.sandbox.SandboxInvoker.methodCall(SandboxInvoker.java:15)
	... 37 more
Finished: FAILURE

------

Expected: is <SUCCESS>
     but: was <FAILURE>
	at org.hamcrest.MatcherAssert.assertThat(MatcherAssert.java:20)
	at org.junit.Assert.assertThat(Assert.java:956)
	at org.jvnet.hudson.test.JenkinsRule.assertBuildStatus(JenkinsRule.java:1176)
	at org.jvnet.hudson.test.JenkinsRule.assertBuildStatus(JenkinsRule.java:1182)
	at org.jvnet.hudson.test.JenkinsRule.assertBuildStatusSuccess(JenkinsRule.java:1211)
	at jenkins.plugins.gerrit.workflow.GerritCommentStepTest.gerritCommentStepInvokeTest(GerritCommentStepTest.java:95)
	at sun.reflect.NativeMethodAccessorImpl.invoke0(Native Method)
	at sun.reflect.NativeMethodAccessorImpl.invoke(NativeMethodAccessorImpl.java:62)
	at sun.reflect.DelegatingMethodAccessorImpl.invoke(DelegatingMethodAccessorImpl.java:43)
	at java.lang.reflect.Method.invoke(Method.java:498)
	at org.junit.runners.model.FrameworkMethod$1.runReflectiveCall(FrameworkMethod.java:50)
	at org.junit.internal.runners.model.ReflectiveCallable.run(ReflectiveCallable.java:12)
	at org.junit.runners.model.FrameworkMethod.invokeExplosively(FrameworkMethod.java:47)
	at org.junit.internal.runners.statements.InvokeMethod.evaluate(InvokeMethod.java:17)
	at org.mockserver.junit.MockServerRule$1.evaluate(MockServerRule.java:110)
	at org.jvnet.hudson.test.JenkinsRule$1.evaluate(JenkinsRule.java:542)
	at org.junit.internal.runners.statements.FailOnTimeout$CallableStatement.call(FailOnTimeout.java:298)
	at org.junit.internal.runners.statements.FailOnTimeout$CallableStatement.call(FailOnTimeout.java:292)
	at java.util.concurrent.FutureTask.run(FutureTask.java:266)
	at java.lang.Thread.run(Thread.java:748)
]]>
      <system-out><![CDATA[20:06:13.412 [main] DEBUG org.eclipse.jetty.util.log - Logging to Logger[org.eclipse.jetty.util.log] via org.eclipse.jetty.util.log.Slf4jLog
20:06:13.454 [main] INFO  org.eclipse.jetty.util.log - Logging initialized @3770ms to org.eclipse.jetty.util.log.Slf4jLog
20:06:13.528 [main] DEBUG o.e.jetty.http.PreEncodedHttpField - HttpField encoders loaded: [org.eclipse.jetty.http.Http1FieldPreEncoder@1220ef43]
20:06:14.637 [main] DEBUG o.a.c.b.converters.BooleanConverter - Setting default value: false
20:06:14.638 [main] DEBUG o.a.c.b.converters.BooleanConverter - Converting 'Boolean' value 'false' to type 'Boolean'
20:06:14.639 [main] DEBUG o.a.c.b.converters.BooleanConverter -     No conversion required, value is already a Boolean
20:06:14.644 [main] DEBUG o.a.c.b.converters.ByteConverter - Setting default value: 0
20:06:14.644 [main] DEBUG o.a.c.b.converters.ByteConverter - Converting 'Integer' value '0' to type 'Byte'
20:06:14.644 [main] DEBUG o.a.c.b.converters.ByteConverter -     Converted to Byte value '0'
20:06:14.646 [main] DEBUG o.a.c.b.c.CharacterConverter - Setting default value:  
20:06:14.648 [main] DEBUG o.a.c.b.c.CharacterConverter - Converting 'Character' value ' ' to type 'Character'
20:06:14.648 [main] DEBUG o.a.c.b.c.CharacterConverter -     No conversion required, value is already a Character
20:06:14.650 [main] DEBUG o.a.c.b.converters.DoubleConverter - Setting default value: 0
20:06:14.651 [main] DEBUG o.a.c.b.converters.DoubleConverter - Converting 'Integer' value '0' to type 'Double'
20:06:14.651 [main] DEBUG o.a.c.b.converters.DoubleConverter -     Converted to Double value '0.0'
20:06:14.653 [main] DEBUG o.a.c.b.converters.FloatConverter - Setting default value: 0
20:06:14.653 [main] DEBUG o.a.c.b.converters.FloatConverter - Converting 'Integer' value '0' to type 'Float'
20:06:14.653 [main] DEBUG o.a.c.b.converters.FloatConverter -     Converted to Float value '0.0'
20:06:14.656 [main] DEBUG o.a.c.b.converters.IntegerConverter - Setting default value: 0
20:06:14.656 [main] DEBUG o.a.c.b.converters.IntegerConverter - Converting 'Integer' value '0' to type 'Integer'
20:06:14.656 [main] DEBUG o.a.c.b.converters.IntegerConverter -     No conversion required, value is already a Integer
20:06:14.658 [main] DEBUG o.a.c.b.converters.LongConverter - Setting default value: 0
20:06:14.659 [main] DEBUG o.a.c.b.converters.LongConverter - Converting 'Integer' value '0' to type 'Long'
20:06:14.659 [main] DEBUG o.a.c.b.converters.LongConverter -     Converted to Long value '0'
20:06:14.661 [main] DEBUG o.a.c.b.converters.ShortConverter - Setting default value: 0
20:06:14.661 [main] DEBUG o.a.c.b.converters.ShortConverter - Converting 'Integer' value '0' to type 'Short'
20:06:14.661 [main] DEBUG o.a.c.b.converters.ShortConverter -     Converted to Short value '0'
20:06:14.663 [main] DEBUG o.a.c.b.c.BigDecimalConverter - Setting default value: 0.0
20:06:14.663 [main] DEBUG o.a.c.b.c.BigDecimalConverter - Converting 'BigDecimal' value '0.0' to type 'BigDecimal'
20:06:14.664 [main] DEBUG o.a.c.b.c.BigDecimalConverter -     No conversion required, value is already a BigDecimal
20:06:14.665 [main] DEBUG o.a.c.b.c.BigIntegerConverter - Setting default value: 0
20:06:14.666 [main] DEBUG o.a.c.b.c.BigIntegerConverter - Converting 'BigInteger' value '0' to type 'BigInteger'
20:06:14.666 [main] DEBUG o.a.c.b.c.BigIntegerConverter -     No conversion required, value is already a BigInteger
20:06:14.666 [main] DEBUG o.a.c.b.converters.BooleanConverter - Setting default value: false
20:06:14.666 [main] DEBUG o.a.c.b.converters.BooleanConverter - Converting 'Boolean' value 'false' to type 'Boolean'
20:06:14.666 [main] DEBUG o.a.c.b.converters.BooleanConverter -     No conversion required, value is already a Boolean
20:06:14.666 [main] DEBUG o.a.c.b.converters.ByteConverter - Setting default value: 0
20:06:14.667 [main] DEBUG o.a.c.b.converters.ByteConverter - Converting 'Integer' value '0' to type 'Byte'
20:06:14.667 [main] DEBUG o.a.c.b.converters.ByteConverter -     Converted to Byte value '0'
20:06:14.667 [main] DEBUG o.a.c.b.c.CharacterConverter - Setting default value:  
20:06:14.667 [main] DEBUG o.a.c.b.c.CharacterConverter - Converting 'Character' value ' ' to type 'Character'
20:06:14.667 [main] DEBUG o.a.c.b.c.CharacterConverter -     No conversion required, value is already a Character
20:06:14.667 [main] DEBUG o.a.c.b.converters.DoubleConverter - Setting default value: 0
20:06:14.667 [main] DEBUG o.a.c.b.converters.DoubleConverter - Converting 'Integer' value '0' to type 'Double'
20:06:14.667 [main] DEBUG o.a.c.b.converters.DoubleConverter -     Converted to Double value '0.0'
20:06:14.667 [main] DEBUG o.a.c.b.converters.FloatConverter - Setting default value: 0
20:06:14.667 [main] DEBUG o.a.c.b.converters.FloatConverter - Converting 'Integer' value '0' to type 'Float'
20:06:14.667 [main] DEBUG o.a.c.b.converters.FloatConverter -     Converted to Float value '0.0'
20:06:14.668 [main] DEBUG o.a.c.b.converters.IntegerConverter - Setting default value: 0
20:06:14.668 [main] DEBUG o.a.c.b.converters.IntegerConverter - Converting 'Integer' value '0' to type 'Integer'
20:06:14.668 [main] DEBUG o.a.c.b.converters.IntegerConverter -     No conversion required, value is already a Integer
20:06:14.668 [main] DEBUG o.a.c.b.converters.LongConverter - Setting default value: 0
20:06:14.668 [main] DEBUG o.a.c.b.converters.LongConverter - Converting 'Integer' value '0' to type 'Long'
20:06:14.668 [main] DEBUG o.a.c.b.converters.LongConverter -     Converted to Long value '0'
20:06:14.668 [main] DEBUG o.a.c.b.converters.ShortConverter - Setting default value: 0
20:06:14.668 [main] DEBUG o.a.c.b.converters.ShortConverter - Converting 'Integer' value '0' to type 'Short'
20:06:14.668 [main] DEBUG o.a.c.b.converters.ShortConverter -     Converted to Short value '0'
20:06:14.669 [main] DEBUG o.a.c.b.converters.StringConverter - Setting default value: 
20:06:14.670 [main] DEBUG o.a.c.b.converters.StringConverter - Converting 'String' value '' to type 'String'
20:06:14.681 [main] DEBUG o.a.c.b.converters.ArrayConverter - Setting default value: [Z@5ead245
20:06:14.681 [main] DEBUG o.a.c.b.converters.ArrayConverter - Converting 'boolean[]' value '[Z@5ead245' to type 'boolean[]'
20:06:14.681 [main] DEBUG o.a.c.b.converters.ArrayConverter -     No conversion required, value is already a boolean[]
20:06:14.682 [main] DEBUG o.a.c.b.converters.ArrayConverter - Setting default value: [B@1e49a77e
20:06:14.682 [main] DEBUG o.a.c.b.converters.ArrayConverter - Converting 'byte[]' value '[B@1e49a77e' to type 'byte[]'
20:06:14.682 [main] DEBUG o.a.c.b.converters.ArrayConverter -     No conversion required, value is already a byte[]
20:06:14.682 [main] DEBUG o.a.c.b.converters.ArrayConverter - Setting default value: [C@57466fb7
20:06:14.682 [main] DEBUG o.a.c.b.converters.ArrayConverter - Converting 'char[]' value '[C@57466fb7' to type 'char[]'
20:06:14.683 [main] DEBUG o.a.c.b.converters.ArrayConverter -     No conversion required, value is already a char[]
20:06:14.683 [main] DEBUG o.a.c.b.converters.ArrayConverter - Setting default value: [D@7891742e
20:06:14.683 [main] DEBUG o.a.c.b.converters.ArrayConverter - Converting 'double[]' value '[D@7891742e' to type 'double[]'
20:06:14.683 [main] DEBUG o.a.c.b.converters.ArrayConverter -     No conversion required, value is already a double[]
20:06:14.683 [main] DEBUG o.a.c.b.converters.ArrayConverter - Setting default value: [F@2bbaf983
20:06:14.683 [main] DEBUG o.a.c.b.converters.ArrayConverter - Converting 'float[]' value '[F@2bbaf983' to type 'float[]'
20:06:14.683 [main] DEBUG o.a.c.b.converters.ArrayConverter -     No conversion required, value is already a float[]
20:06:14.683 [main] DEBUG o.a.c.b.converters.ArrayConverter - Setting default value: [I@781bd9dd
20:06:14.683 [main] DEBUG o.a.c.b.converters.ArrayConverter - Converting 'int[]' value '[I@781bd9dd' to type 'int[]'
20:06:14.684 [main] DEBUG o.a.c.b.converters.ArrayConverter -     No conversion required, value is already a int[]
20:06:14.684 [main] DEBUG o.a.c.b.converters.ArrayConverter - Setting default value: [J@1cc42abe
20:06:14.684 [main] DEBUG o.a.c.b.converters.ArrayConverter - Converting 'long[]' value '[J@1cc42abe' to type 'long[]'
20:06:14.684 [main] DEBUG o.a.c.b.converters.ArrayConverter -     No conversion required, value is already a long[]
20:06:14.684 [main] DEBUG o.a.c.b.converters.ArrayConverter - Setting default value: [S@6f071d0c
20:06:14.684 [main] DEBUG o.a.c.b.converters.ArrayConverter - Converting 'short[]' value '[S@6f071d0c' to type 'short[]'
20:06:14.684 [main] DEBUG o.a.c.b.converters.ArrayConverter -     No conversion required, value is already a short[]
20:06:14.684 [main] DEBUG o.a.c.b.converters.ArrayConverter - Setting default value: [Ljava.math.BigDecimal;@138d978e
20:06:14.685 [main] DEBUG o.a.c.b.converters.ArrayConverter - Converting 'BigDecimal[]' value '[Ljava.math.BigDecimal;@138d978e' to type 'BigDecimal[]'
20:06:14.685 [main] DEBUG o.a.c.b.converters.ArrayConverter -     No conversion required, value is already a BigDecimal[]
20:06:14.696 [main] DEBUG o.a.c.b.converters.ArrayConverter - Setting default value: [Ljava.math.BigInteger;@357e7113
20:06:14.697 [main] DEBUG o.a.c.b.converters.ArrayConverter - Converting 'BigInteger[]' value '[Ljava.math.BigInteger;@357e7113' to type 'BigInteger[]'
20:06:14.697 [main] DEBUG o.a.c.b.converters.ArrayConverter -     No conversion required, value is already a BigInteger[]
20:06:14.697 [main] DEBUG o.a.c.b.converters.ArrayConverter - Setting default value: [Ljava.lang.Boolean;@8d23cd8
20:06:14.697 [main] DEBUG o.a.c.b.converters.ArrayConverter - Converting 'Boolean[]' value '[Ljava.lang.Boolean;@8d23cd8' to type 'Boolean[]'
20:06:14.697 [main] DEBUG o.a.c.b.converters.ArrayConverter -     No conversion required, value is already a Boolean[]
20:06:14.697 [main] DEBUG o.a.c.b.converters.ArrayConverter - Setting default value: [Ljava.lang.Byte;@5feaafb3
20:06:14.698 [main] DEBUG o.a.c.b.converters.ArrayConverter - Converting 'Byte[]' value '[Ljava.lang.Byte;@5feaafb3' to type 'Byte[]'
20:06:14.698 [main] DEBUG o.a.c.b.converters.ArrayConverter -     No conversion required, value is already a Byte[]
20:06:14.698 [main] DEBUG o.a.c.b.converters.ArrayConverter - Setting default value: [Ljava.lang.Character;@20a46227
20:06:14.698 [main] DEBUG o.a.c.b.converters.ArrayConverter - Converting 'Character[]' value '[Ljava.lang.Character;@20a46227' to type 'Character[]'
20:06:14.698 [main] DEBUG o.a.c.b.converters.ArrayConverter -     No conversion required, value is already a Character[]
20:06:14.698 [main] DEBUG o.a.c.b.converters.ArrayConverter - Setting default value: [Ljava.lang.Double;@669469c9
20:06:14.698 [main] DEBUG o.a.c.b.converters.ArrayConverter - Converting 'Double[]' value '[Ljava.lang.Double;@669469c9' to type 'Double[]'
20:06:14.698 [main] DEBUG o.a.c.b.converters.ArrayConverter -     No conversion required, value is already a Double[]
20:06:14.698 [main] DEBUG o.a.c.b.converters.ArrayConverter - Setting default value: [Ljava.lang.Float;@7f39ad3f
20:06:14.699 [main] DEBUG o.a.c.b.converters.ArrayConverter - Converting 'Float[]' value '[Ljava.lang.Float;@7f39ad3f' to type 'Float[]'
20:06:14.699 [main] DEBUG o.a.c.b.converters.ArrayConverter -     No conversion required, value is already a Float[]
20:06:14.699 [main] DEBUG o.a.c.b.converters.ArrayConverter - Setting default value: [Ljava.lang.Integer;@7524125c
20:06:14.699 [main] DEBUG o.a.c.b.converters.ArrayConverter - Converting 'Integer[]' value '[Ljava.lang.Integer;@7524125c' to type 'Integer[]'
20:06:14.699 [main] DEBUG o.a.c.b.converters.ArrayConverter -     No conversion required, value is already a Integer[]
20:06:14.699 [main] DEBUG o.a.c.b.converters.ArrayConverter - Setting default value: [Ljava.lang.Long;@7612f385
20:06:14.699 [main] DEBUG o.a.c.b.converters.ArrayConverter - Converting 'Long[]' value '[Ljava.lang.Long;@7612f385' to type 'Long[]'
20:06:14.699 [main] DEBUG o.a.c.b.converters.ArrayConverter -     No conversion required, value is already a Long[]
20:06:14.699 [main] DEBUG o.a.c.b.converters.ArrayConverter - Setting default value: [Ljava.lang.Short;@330d16af
20:06:14.699 [main] DEBUG o.a.c.b.converters.ArrayConverter - Converting 'Short[]' value '[Ljava.lang.Short;@330d16af' to type 'Short[]'
20:06:14.699 [main] DEBUG o.a.c.b.converters.ArrayConverter -     No conversion required, value is already a Short[]
20:06:14.699 [main] DEBUG o.a.c.b.converters.ArrayConverter - Setting default value: [Ljava.lang.String;@16f15a4
20:06:14.702 [main] DEBUG o.a.c.b.converters.ArrayConverter - Converting 'String[]' value '[Ljava.lang.String;@16f15a4' to type 'String[]'
20:06:14.702 [main] DEBUG o.a.c.b.converters.ArrayConverter -     No conversion required, value is already a String[]
20:06:14.703 [main] DEBUG o.a.c.b.converters.ArrayConverter - Setting default value: [Ljava.lang.Class;@548c5127
20:06:14.703 [main] DEBUG o.a.c.b.converters.ArrayConverter - Converting 'Class[]' value '[Ljava.lang.Class;@548c5127' to type 'Class[]'
20:06:14.703 [main] DEBUG o.a.c.b.converters.ArrayConverter -     No conversion required, value is already a Class[]
20:06:14.703 [main] DEBUG o.a.c.b.converters.ArrayConverter - Setting default value: [Ljava.util.Date;@35630ee8
20:06:14.703 [main] DEBUG o.a.c.b.converters.ArrayConverter - Converting 'Date[]' value '[Ljava.util.Date;@35630ee8' to type 'Date[]'
20:06:14.703 [main] DEBUG o.a.c.b.converters.ArrayConverter -     No conversion required, value is already a Date[]
20:06:14.703 [main] DEBUG o.a.c.b.converters.ArrayConverter - Setting default value: [Ljava.util.Calendar;@173b24c4
20:06:14.704 [main] DEBUG o.a.c.b.converters.ArrayConverter - Converting 'Calendar[]' value '[Ljava.util.Calendar;@173b24c4' to type 'Calendar[]'
20:06:14.704 [main] DEBUG o.a.c.b.converters.ArrayConverter -     No conversion required, value is already a Calendar[]
20:06:14.704 [main] DEBUG o.a.c.b.converters.ArrayConverter - Setting default value: [Ljava.io.File;@c3114ea
20:06:14.704 [main] DEBUG o.a.c.b.converters.ArrayConverter - Converting 'java.io.File[]' value '[Ljava.io.File;@c3114ea' to type 'java.io.File[]'
20:06:14.704 [main] DEBUG o.a.c.b.converters.ArrayConverter -     No conversion required, value is already a java.io.File[]
20:06:14.704 [main] DEBUG o.a.c.b.converters.ArrayConverter - Setting default value: [Ljava.sql.Date;@2afe825a
20:06:14.704 [main] DEBUG o.a.c.b.converters.ArrayConverter - Converting 'java.sql.Date[]' value '[Ljava.sql.Date;@2afe825a' to type 'java.sql.Date[]'
20:06:14.704 [main] DEBUG o.a.c.b.converters.ArrayConverter -     No conversion required, value is already a java.sql.Date[]
20:06:14.704 [main] DEBUG o.a.c.b.converters.ArrayConverter - Setting default value: [Ljava.sql.Time;@4dd425dc
20:06:14.705 [main] DEBUG o.a.c.b.converters.ArrayConverter - Converting 'java.sql.Time[]' value '[Ljava.sql.Time;@4dd425dc' to type 'java.sql.Time[]'
20:06:14.705 [main] DEBUG o.a.c.b.converters.ArrayConverter -     No conversion required, value is already a java.sql.Time[]
20:06:14.705 [main] DEBUG o.a.c.b.converters.ArrayConverter - Setting default value: [Ljava.sql.Timestamp;@1bfb60b7
20:06:14.705 [main] DEBUG o.a.c.b.converters.ArrayConverter - Converting 'java.sql.Timestamp[]' value '[Ljava.sql.Timestamp;@1bfb60b7' to type 'java.sql.Timestamp[]'
20:06:14.705 [main] DEBUG o.a.c.b.converters.ArrayConverter -     No conversion required, value is already a java.sql.Timestamp[]
20:06:14.705 [main] DEBUG o.a.c.b.converters.ArrayConverter - Setting default value: [Ljava.net.URL;@9a74a93
20:06:14.705 [main] DEBUG o.a.c.b.converters.ArrayConverter - Converting 'java.net.URL[]' value '[Ljava.net.URL;@9a74a93' to type 'java.net.URL[]'
20:06:14.705 [main] DEBUG o.a.c.b.converters.ArrayConverter -     No conversion required, value is already a java.net.URL[]
20:06:14.708 [main] DEBUG o.a.c.b.converters.IntegerConverter - Setting default value: null
20:06:14.709 [main] DEBUG o.a.c.b.converters.FloatConverter - Setting default value: null
20:06:14.709 [main] DEBUG o.a.c.b.converters.DoubleConverter - Setting default value: null
=== Starting gerritCommentStepInvokeTest(jenkins.plugins.gerrit.workflow.GerritCommentStepTest)
20:06:14.962 [Executing gerritCommentStepInvokeTest(jenkins.plugins.gerrit.workflow.GerritCommentStepTest)] DEBUG o.e.j.u.component.ContainerLifeCycle - org.eclipse.jetty.server.Server@b061dc4 added {org.jvnet.hudson.test.ThreadPoolImpl@186aa7a1,AUTO}
20:06:16.530 [Executing gerritCommentStepInvokeTest(jenkins.plugins.gerrit.workflow.GerritCommentStepTest)] DEBUG o.e.j.util.DecoratedObjectFactory - Adding Decorator: org.eclipse.jetty.util.DeprecationWarning@53282e69
20:06:16.549 [Executing gerritCommentStepInvokeTest(jenkins.plugins.gerrit.workflow.GerritCommentStepTest)] DEBUG o.e.j.u.component.ContainerLifeCycle - o.e.j.w.WebAppContext@74503cd3{/jenkins,null,UNAVAILABLE} added {org.eclipse.jetty.server.session.SessionHandler408189378==dftMaxIdleSec=-1,MANAGED}
20:06:16.555 [Executing gerritCommentStepInvokeTest(jenkins.plugins.gerrit.workflow.GerritCommentStepTest)] DEBUG o.e.j.u.component.ContainerLifeCycle - org.eclipse.jetty.security.ConstraintSecurityHandler@3ff9290e added {org.eclipse.jetty.security.DefaultAuthenticatorFactory@306c4d99,POJO}
20:06:16.560 [Executing gerritCommentStepInvokeTest(jenkins.plugins.gerrit.workflow.GerritCommentStepTest)] DEBUG o.e.j.u.component.ContainerLifeCycle - org.eclipse.jetty.server.session.SessionHandler408189378==dftMaxIdleSec=-1 added {org.eclipse.jetty.security.ConstraintSecurityHandler@3ff9290e,MANAGED}
20:06:16.572 [Executing gerritCommentStepInvokeTest(jenkins.plugins.gerrit.workflow.GerritCommentStepTest)] DEBUG o.e.j.u.component.ContainerLifeCycle - org.eclipse.jetty.security.ConstraintSecurityHandler@3ff9290e added {org.eclipse.jetty.servlet.ServletHandler@2f6d7581,MANAGED}
20:06:16.572 [Executing gerritCommentStepInvokeTest(jenkins.plugins.gerrit.workflow.GerritCommentStepTest)] DEBUG o.e.j.u.component.ContainerLifeCycle - o.e.j.w.WebAppContext@74503cd3{/jenkins,null,UNAVAILABLE} added {org.eclipse.jetty.servlet.ErrorPageErrorHandler@6d835dda,MANAGED}
20:06:16.594 [Executing gerritCommentStepInvokeTest(jenkins.plugins.gerrit.workflow.GerritCommentStepTest)] DEBUG o.e.j.u.component.ContainerLifeCycle - o.e.j.w.WebAppContext@74503cd3{/jenkins,null,UNAVAILABLE}{/tmp/tmpk5fs1rb9/gerrit-code-review-plugin/target/jenkins-for-testxx} added {org.jvnet.hudson.test.NoListenerConfiguration@3d4ba01f,AUTO}
20:06:16.595 [Executing gerritCommentStepInvokeTest(jenkins.plugins.gerrit.workflow.GerritCommentStepTest)] DEBUG o.e.j.u.component.ContainerLifeCycle - org.eclipse.jetty.server.Server@b061dc4 added {o.e.j.w.WebAppContext@74503cd3{/jenkins,null,UNAVAILABLE}{/tmp/tmpk5fs1rb9/gerrit-code-review-plugin/target/jenkins-for-testxx},MANAGED}
20:06:16.609 [Executing gerritCommentStepInvokeTest(jenkins.plugins.gerrit.workflow.GerritCommentStepTest)] DEBUG o.e.j.u.component.ContainerLifeCycle - org.eclipse.jetty.security.ConstraintSecurityHandler@3ff9290e added {HashLoginService[default],AUTO}
20:06:16.648 [Executing gerritCommentStepInvokeTest(jenkins.plugins.gerrit.workflow.GerritCommentStepTest)] DEBUG o.e.j.u.component.ContainerLifeCycle - HttpConnectionFactory@6f6b5301[HTTP/1.1] added {HttpConfiguration@7973e1da{32768/8192,8192/8192,https://:0,[]},POJO}
20:06:16.653 [Executing gerritCommentStepInvokeTest(jenkins.plugins.gerrit.workflow.GerritCommentStepTest)] DEBUG o.e.j.u.component.ContainerLifeCycle - ServerConnector@784844a0{null,[]}{0.0.0.0:0} added {org.eclipse.jetty.server.Server@b061dc4,UNMANAGED}
20:06:16.653 [Executing gerritCommentStepInvokeTest(jenkins.plugins.gerrit.workflow.GerritCommentStepTest)] DEBUG o.e.j.u.component.ContainerLifeCycle - ServerConnector@784844a0{null,[]}{0.0.0.0:0} added {org.jvnet.hudson.test.ThreadPoolImpl@186aa7a1,AUTO}
20:06:16.654 [Executing gerritCommentStepInvokeTest(jenkins.plugins.gerrit.workflow.GerritCommentStepTest)] DEBUG o.e.j.u.component.ContainerLifeCycle - ServerConnector@784844a0{null,[]}{0.0.0.0:0} added {org.eclipse.jetty.util.thread.ScheduledExecutorScheduler@4d85d6b7,AUTO}
20:06:16.654 [Executing gerritCommentStepInvokeTest(jenkins.plugins.gerrit.workflow.GerritCommentStepTest)] DEBUG o.e.j.u.component.ContainerLifeCycle - ServerConnector@784844a0{null,[]}{0.0.0.0:0} added {org.eclipse.jetty.io.ArrayByteBufferPool@42a5f978,POJO}
20:06:16.654 [Executing gerritCommentStepInvokeTest(jenkins.plugins.gerrit.workflow.GerritCommentStepTest)] DEBUG o.e.j.u.component.ContainerLifeCycle - ServerConnector@784844a0{null,[http/1.1]}{0.0.0.0:0} added {HttpConnectionFactory@6f6b5301[HTTP/1.1],AUTO}
20:06:16.654 [Executing gerritCommentStepInvokeTest(jenkins.plugins.gerrit.workflow.GerritCommentStepTest)] DEBUG o.e.jetty.server.AbstractConnector - ServerConnector@784844a0{HTTP/1.1,[http/1.1]}{0.0.0.0:0} added HttpConnectionFactory@6f6b5301[HTTP/1.1]
20:06:16.657 [Executing gerritCommentStepInvokeTest(jenkins.plugins.gerrit.workflow.GerritCommentStepTest)] DEBUG o.e.j.u.component.ContainerLifeCycle - ServerConnector@784844a0{HTTP/1.1,[http/1.1]}{0.0.0.0:0} added {org.eclipse.jetty.server.ServerConnector$ServerConnectorManager@3f739a0,MANAGED}
20:06:16.658 [Executing gerritCommentStepInvokeTest(jenkins.plugins.gerrit.workflow.GerritCommentStepTest)] DEBUG o.e.j.u.component.ContainerLifeCycle - org.eclipse.jetty.server.Server@b061dc4 added {ServerConnector@784844a0{HTTP/1.1,[http/1.1]}{localhost:0},AUTO}
20:06:16.658 [Executing gerritCommentStepInvokeTest(jenkins.plugins.gerrit.workflow.GerritCommentStepTest)] DEBUG o.e.j.u.component.AbstractLifeCycle - starting org.eclipse.jetty.server.Server@b061dc4
20:06:16.658 [Executing gerritCommentStepInvokeTest(jenkins.plugins.gerrit.workflow.GerritCommentStepTest)] DEBUG o.e.j.u.component.ContainerLifeCycle - org.eclipse.jetty.server.Server@b061dc4 added {org.eclipse.jetty.server.handler.ErrorHandler@5caa99ee,AUTO}
20:06:16.661 [Executing gerritCommentStepInvokeTest(jenkins.plugins.gerrit.workflow.GerritCommentStepTest)] INFO  org.eclipse.jetty.server.Server - jetty-9.4.5.v20170502
20:06:16.685 [Executing gerritCommentStepInvokeTest(jenkins.plugins.gerrit.workflow.GerritCommentStepTest)] DEBUG o.e.j.server.handler.AbstractHandler - starting org.eclipse.jetty.server.Server@b061dc4
20:06:16.686 [Executing gerritCommentStepInvokeTest(jenkins.plugins.gerrit.workflow.GerritCommentStepTest)] DEBUG o.e.j.u.component.AbstractLifeCycle - starting org.jvnet.hudson.test.ThreadPoolImpl@186aa7a1
20:06:16.686 [Executing gerritCommentStepInvokeTest(jenkins.plugins.gerrit.workflow.GerritCommentStepTest)] DEBUG o.e.j.u.component.AbstractLifeCycle - STARTED @7002ms org.jvnet.hudson.test.ThreadPoolImpl@186aa7a1
20:06:16.686 [Executing gerritCommentStepInvokeTest(jenkins.plugins.gerrit.workflow.GerritCommentStepTest)] DEBUG o.e.j.u.component.AbstractLifeCycle - starting o.e.j.w.WebAppContext@74503cd3{/jenkins,file:///tmp/tmpk5fs1rb9/gerrit-code-review-plugin/target/jenkins-for-testxx/,UNAVAILABLE}{/tmp/tmpk5fs1rb9/gerrit-code-review-plugin/target/jenkins-for-testxx}
20:06:16.696 [Executing gerritCommentStepInvokeTest(jenkins.plugins.gerrit.workflow.GerritCommentStepTest)] DEBUG o.eclipse.jetty.webapp.WebAppContext - Thread Context classloader sun.misc.Launcher$AppClassLoader@18b4aac2
20:06:16.696 [Executing gerritCommentStepInvokeTest(jenkins.plugins.gerrit.workflow.GerritCommentStepTest)] DEBUG o.eclipse.jetty.webapp.WebAppContext - Parent class loader: sun.misc.Launcher$ExtClassLoader@6b474074 
20:06:16.697 [Executing gerritCommentStepInvokeTest(jenkins.plugins.gerrit.workflow.GerritCommentStepTest)] DEBUG o.eclipse.jetty.webapp.WebAppContext - preConfigure o.e.j.w.WebAppContext@74503cd3{/jenkins,file:///tmp/tmpk5fs1rb9/gerrit-code-review-plugin/target/jenkins-for-testxx/,UNAVAILABLE}{/tmp/tmpk5fs1rb9/gerrit-code-review-plugin/target/jenkins-for-testxx} with org.eclipse.jetty.webapp.WebXmlConfiguration@7f7ee077
20:06:16.971 [Executing gerritCommentStepInvokeTest(jenkins.plugins.gerrit.workflow.GerritCommentStepTest)] DEBUG o.eclipse.jetty.webapp.WebDescriptor - jar:file:/home/jdbl/.m2/repository/org/eclipse/jetty/jetty-webapp/9.4.5.v20170502/jetty-webapp-9.4.5.v20170502.jar!/org/eclipse/jetty/webapp/webdefault.xml: Calculated metadatacomplete = False with version=3.1
20:06:16.975 [Executing gerritCommentStepInvokeTest(jenkins.plugins.gerrit.workflow.GerritCommentStepTest)] DEBUG o.eclipse.jetty.webapp.WebDescriptor - file:///tmp/tmpk5fs1rb9/gerrit-code-review-plugin/target/jenkins-for-testxx/WEB-INF/web.xml: Calculated metadatacomplete = True with version=3.1
20:06:16.975 [Executing gerritCommentStepInvokeTest(jenkins.plugins.gerrit.workflow.GerritCommentStepTest)] DEBUG o.eclipse.jetty.webapp.WebAppContext - configure o.e.j.w.WebAppContext@74503cd3{/jenkins,file:///tmp/tmpk5fs1rb9/gerrit-code-review-plugin/target/jenkins-for-testxx/,STARTING}{/tmp/tmpk5fs1rb9/gerrit-code-review-plugin/target/jenkins-for-testxx} with org.eclipse.jetty.webapp.WebXmlConfiguration@7f7ee077
20:06:16.986 [Executing gerritCommentStepInvokeTest(jenkins.plugins.gerrit.workflow.GerritCommentStepTest)] DEBUG org.eclipse.jetty.webapp.MetaData - metadata resolve o.e.j.w.WebAppContext@74503cd3{/jenkins,file:///tmp/tmpk5fs1rb9/gerrit-code-review-plugin/target/jenkins-for-testxx/,STARTING}{/tmp/tmpk5fs1rb9/gerrit-code-review-plugin/target/jenkins-for-testxx}
20:06:16.990 [Executing gerritCommentStepInvokeTest(jenkins.plugins.gerrit.workflow.GerritCommentStepTest)] DEBUG o.e.j.u.component.ContainerLifeCycle - org.eclipse.jetty.servlet.ServletHandler@2f6d7581 added {org.eclipse.jetty.servlet.ListenerHolder@17619571,AUTO}
20:06:16.993 [Executing gerritCommentStepInvokeTest(jenkins.plugins.gerrit.workflow.GerritCommentStepTest)] DEBUG o.e.j.u.component.ContainerLifeCycle - org.eclipse.jetty.servlet.ServletHandler@2f6d7581 added {org.eclipse.jetty.servlet.ListenerHolder@608e13fe,AUTO}
20:06:16.998 [Executing gerritCommentStepInvokeTest(jenkins.plugins.gerrit.workflow.GerritCommentStepTest)] DEBUG o.e.j.w.StandardDescriptorProcessor - Added mapping [/]=>default 
20:06:16.999 [Executing gerritCommentStepInvokeTest(jenkins.plugins.gerrit.workflow.GerritCommentStepTest)] INFO  o.e.j.w.StandardDescriptorProcessor - NO JSP Support for /jenkins, did not find org.eclipse.jetty.jsp.JettyJspServlet
20:06:16.999 [Executing gerritCommentStepInvokeTest(jenkins.plugins.gerrit.workflow.GerritCommentStepTest)] DEBUG o.e.j.w.StandardDescriptorProcessor - Added mapping [*.jsp, *.jspf, *.jspx, *.xsp, *.JSP, *.JSPF, *.JSPX, *.XSP]=>jsp 
20:06:16.999 [Executing gerritCommentStepInvokeTest(jenkins.plugins.gerrit.workflow.GerritCommentStepTest)] DEBUG org.eclipse.jetty.server.session - SessionManager default maxInactiveInterval=1800
20:06:17.002 [Executing gerritCommentStepInvokeTest(jenkins.plugins.gerrit.workflow.GerritCommentStepTest)] DEBUG o.e.j.u.component.ContainerLifeCycle - org.eclipse.jetty.servlet.ServletHandler@2f6d7581 added {default@5c13d641==org.eclipse.jetty.servlet.DefaultServlet,jsp=null,order=0,inst=false,AUTO}
20:06:17.003 [Executing gerritCommentStepInvokeTest(jenkins.plugins.gerrit.workflow.GerritCommentStepTest)] DEBUG o.e.j.u.component.ContainerLifeCycle - org.eclipse.jetty.servlet.ServletHandler@2f6d7581 added {jsp@19c47==org.eclipse.jetty.servlet.NoJspServlet,jsp=null,order=0,inst=false,AUTO}
20:06:17.005 [Executing gerritCommentStepInvokeTest(jenkins.plugins.gerrit.workflow.GerritCommentStepTest)] DEBUG o.e.j.u.component.ContainerLifeCycle - org.eclipse.jetty.servlet.ServletHandler@2f6d7581 added {[/]=>default,POJO}
20:06:17.005 [Executing gerritCommentStepInvokeTest(jenkins.plugins.gerrit.workflow.GerritCommentStepTest)] DEBUG o.e.j.u.component.ContainerLifeCycle - org.eclipse.jetty.servlet.ServletHandler@2f6d7581 added {[*.jsp, *.jspf, *.jspx, *.xsp, *.JSP, *.JSPF, *.JSPX, *.XSP]=>jsp,POJO}
20:06:17.006 [Executing gerritCommentStepInvokeTest(jenkins.plugins.gerrit.workflow.GerritCommentStepTest)] DEBUG o.e.j.w.StandardDescriptorProcessor - Added mapping [/*]=>Stapler 
20:06:17.008 [Executing gerritCommentStepInvokeTest(jenkins.plugins.gerrit.workflow.GerritCommentStepTest)] DEBUG o.e.j.u.component.ContainerLifeCycle - org.eclipse.jetty.servlet.ServletHandler@2f6d7581 added {org.eclipse.jetty.servlet.ListenerHolder@6d53565b,AUTO}
20:06:17.016 [Executing gerritCommentStepInvokeTest(jenkins.plugins.gerrit.workflow.GerritCommentStepTest)] DEBUG o.e.j.u.component.ContainerLifeCycle - org.eclipse.jetty.servlet.ServletHandler@2f6d7581 added {org.eclipse.jetty.servlet.ListenerHolder@5da42aa5,AUTO}
20:06:17.017 [Executing gerritCommentStepInvokeTest(jenkins.plugins.gerrit.workflow.GerritCommentStepTest)] DEBUG o.e.j.u.component.ContainerLifeCycle - org.eclipse.jetty.servlet.ServletHandler@2f6d7581 added {org.eclipse.jetty.servlet.ListenerHolder@4517e0f4,AUTO}
20:06:17.017 [Executing gerritCommentStepInvokeTest(jenkins.plugins.gerrit.workflow.GerritCommentStepTest)] DEBUG o.e.j.u.component.ContainerLifeCycle - org.eclipse.jetty.server.session.SessionHandler408189378==dftMaxIdleSec=1800 added {jenkins.JenkinsHttpSessionListener@6029041b,UNMANAGED}
20:06:17.018 [Executing gerritCommentStepInvokeTest(jenkins.plugins.gerrit.workflow.GerritCommentStepTest)] DEBUG o.e.j.u.component.ContainerLifeCycle - org.eclipse.jetty.servlet.ServletHandler@2f6d7581 added {diagnostic-name-filter,AUTO}
20:06:17.018 [Executing gerritCommentStepInvokeTest(jenkins.plugins.gerrit.workflow.GerritCommentStepTest)] DEBUG o.e.j.u.component.ContainerLifeCycle - org.eclipse.jetty.servlet.ServletHandler@2f6d7581 added {encoding-filter,AUTO}
20:06:17.018 [Executing gerritCommentStepInvokeTest(jenkins.plugins.gerrit.workflow.GerritCommentStepTest)] DEBUG o.e.j.u.component.ContainerLifeCycle - org.eclipse.jetty.servlet.ServletHandler@2f6d7581 added {compression-filter,AUTO}
20:06:17.018 [Executing gerritCommentStepInvokeTest(jenkins.plugins.gerrit.workflow.GerritCommentStepTest)] DEBUG o.e.j.u.component.ContainerLifeCycle - org.eclipse.jetty.servlet.ServletHandler@2f6d7581 added {authentication-filter,AUTO}
20:06:17.018 [Executing gerritCommentStepInvokeTest(jenkins.plugins.gerrit.workflow.GerritCommentStepTest)] DEBUG o.e.j.u.component.ContainerLifeCycle - org.eclipse.jetty.servlet.ServletHandler@2f6d7581 added {csrf-filter,AUTO}
20:06:17.018 [Executing gerritCommentStepInvokeTest(jenkins.plugins.gerrit.workflow.GerritCommentStepTest)] DEBUG o.e.j.u.component.ContainerLifeCycle - org.eclipse.jetty.servlet.ServletHandler@2f6d7581 added {plugins-filter,AUTO}
20:06:17.019 [Executing gerritCommentStepInvokeTest(jenkins.plugins.gerrit.workflow.GerritCommentStepTest)] DEBUG o.e.j.u.component.ContainerLifeCycle - org.eclipse.jetty.servlet.ServletHandler@2f6d7581 added {Stapler@f222d1a9==org.kohsuke.stapler.Stapler,jsp=null,order=-1,inst=false,AUTO}
20:06:17.022 [Executing gerritCommentStepInvokeTest(jenkins.plugins.gerrit.workflow.GerritCommentStepTest)] DEBUG o.e.j.u.component.ContainerLifeCycle - org.eclipse.jetty.servlet.ServletHandler@2f6d7581 added {[/*]/[]==0=>diagnostic-name-filter,POJO}
20:06:17.023 [Executing gerritCommentStepInvokeTest(jenkins.plugins.gerrit.workflow.GerritCommentStepTest)] DEBUG o.e.j.u.component.ContainerLifeCycle - org.eclipse.jetty.servlet.ServletHandler@2f6d7581 added {[/*]/[]==0=>encoding-filter,POJO}
20:06:17.023 [Executing gerritCommentStepInvokeTest(jenkins.plugins.gerrit.workflow.GerritCommentStepTest)] DEBUG o.e.j.u.component.ContainerLifeCycle - org.eclipse.jetty.servlet.ServletHandler@2f6d7581 added {[/*]/[]==0=>compression-filter,POJO}
20:06:17.023 [Executing gerritCommentStepInvokeTest(jenkins.plugins.gerrit.workflow.GerritCommentStepTest)] DEBUG o.e.j.u.component.ContainerLifeCycle - org.eclipse.jetty.servlet.ServletHandler@2f6d7581 added {[/*]/[]==0=>authentication-filter,POJO}
20:06:17.023 [Executing gerritCommentStepInvokeTest(jenkins.plugins.gerrit.workflow.GerritCommentStepTest)] DEBUG o.e.j.u.component.ContainerLifeCycle - org.eclipse.jetty.servlet.ServletHandler@2f6d7581 added {[/*]/[]==0=>csrf-filter,POJO}
20:06:17.023 [Executing gerritCommentStepInvokeTest(jenkins.plugins.gerrit.workflow.GerritCommentStepTest)] DEBUG o.e.j.u.component.ContainerLifeCycle - org.eclipse.jetty.servlet.ServletHandler@2f6d7581 added {[/*]/[]==0=>plugins-filter,POJO}
20:06:17.023 [Executing gerritCommentStepInvokeTest(jenkins.plugins.gerrit.workflow.GerritCommentStepTest)] DEBUG o.e.j.u.component.ContainerLifeCycle - org.eclipse.jetty.servlet.ServletHandler@2f6d7581 added {[/*]=>Stapler,POJO}
20:06:17.024 [Executing gerritCommentStepInvokeTest(jenkins.plugins.gerrit.workflow.GerritCommentStepTest)] DEBUG o.e.j.server.handler.AbstractHandler - starting o.e.j.w.WebAppContext@74503cd3{/jenkins,file:///tmp/tmpk5fs1rb9/gerrit-code-review-plugin/target/jenkins-for-testxx/,STARTING}{/tmp/tmpk5fs1rb9/gerrit-code-review-plugin/target/jenkins-for-testxx}
20:06:17.024 [Executing gerritCommentStepInvokeTest(jenkins.plugins.gerrit.workflow.GerritCommentStepTest)] DEBUG o.e.j.u.component.AbstractLifeCycle - starting org.eclipse.jetty.server.session.SessionHandler408189378==dftMaxIdleSec=1800
20:06:17.034 [Executing gerritCommentStepInvokeTest(jenkins.plugins.gerrit.workflow.GerritCommentStepTest)] DEBUG o.e.j.u.component.ContainerLifeCycle - org.eclipse.jetty.server.session.SessionHandler408189378==dftMaxIdleSec=1800 added {org.eclipse.jetty.server.session.DefaultSessionCache@43840388[evict=-1,removeUnloadable=false,saveOnCreate=false,saveOnInactiveEvict=false],AUTO}
20:06:17.037 [Executing gerritCommentStepInvokeTest(jenkins.plugins.gerrit.workflow.GerritCommentStepTest)] DEBUG o.e.j.u.component.ContainerLifeCycle - org.eclipse.jetty.server.session.DefaultSessionCache@43840388[evict=-1,removeUnloadable=false,saveOnCreate=false,saveOnInactiveEvict=false] added {org.eclipse.jetty.server.session.NullSessionDataStore@214be092[passivating=false,graceSec=3600],AUTO}
20:06:17.040 [Executing gerritCommentStepInvokeTest(jenkins.plugins.gerrit.workflow.GerritCommentStepTest)] DEBUG o.e.j.u.component.AbstractLifeCycle - starting org.eclipse.jetty.server.session.DefaultSessionIdManager@57422399[worker=null]
20:06:17.040 [Executing gerritCommentStepInvokeTest(jenkins.plugins.gerrit.workflow.GerritCommentStepTest)] INFO  org.eclipse.jetty.server.session - DefaultSessionIdManager workerName=node0
20:06:17.040 [Executing gerritCommentStepInvokeTest(jenkins.plugins.gerrit.workflow.GerritCommentStepTest)] INFO  org.eclipse.jetty.server.session - No SessionScavenger set, using defaults
20:06:17.042 [Executing gerritCommentStepInvokeTest(jenkins.plugins.gerrit.workflow.GerritCommentStepTest)] DEBUG o.e.j.u.component.ContainerLifeCycle - org.eclipse.jetty.server.session.DefaultSessionIdManager@57422399[worker=node0] added {org.eclipse.jetty.server.session.HouseKeeper@333ed0e8[interval=600000, ownscheduler=false],MANAGED}
20:06:17.042 [Executing gerritCommentStepInvokeTest(jenkins.plugins.gerrit.workflow.GerritCommentStepTest)] DEBUG o.e.j.u.component.AbstractLifeCycle - starting org.eclipse.jetty.server.session.HouseKeeper@333ed0e8[interval=600000, ownscheduler=false]
20:06:17.043 [Executing gerritCommentStepInvokeTest(jenkins.plugins.gerrit.workflow.GerritCommentStepTest)] DEBUG o.e.j.u.component.AbstractLifeCycle - starting org.eclipse.jetty.util.thread.ScheduledExecutorScheduler@583f1086
20:06:17.044 [Executing gerritCommentStepInvokeTest(jenkins.plugins.gerrit.workflow.GerritCommentStepTest)] DEBUG o.e.j.u.component.AbstractLifeCycle - STARTED @7360ms org.eclipse.jetty.util.thread.ScheduledExecutorScheduler@583f1086
20:06:17.044 [Executing gerritCommentStepInvokeTest(jenkins.plugins.gerrit.workflow.GerritCommentStepTest)] DEBUG org.eclipse.jetty.server.session - Using own scheduler for scavenging
20:06:17.044 [Executing gerritCommentStepInvokeTest(jenkins.plugins.gerrit.workflow.GerritCommentStepTest)] INFO  org.eclipse.jetty.server.session - Scavenging every 600000ms
20:06:17.046 [Executing gerritCommentStepInvokeTest(jenkins.plugins.gerrit.workflow.GerritCommentStepTest)] DEBUG o.e.j.u.component.AbstractLifeCycle - STARTED @7362ms org.eclipse.jetty.server.session.HouseKeeper@333ed0e8[interval=600000, ownscheduler=true]
20:06:17.046 [Executing gerritCommentStepInvokeTest(jenkins.plugins.gerrit.workflow.GerritCommentStepTest)] DEBUG o.e.j.u.component.AbstractLifeCycle - STARTED @7362ms org.eclipse.jetty.server.session.DefaultSessionIdManager@57422399[worker=node0]
20:06:17.046 [Executing gerritCommentStepInvokeTest(jenkins.plugins.gerrit.workflow.GerritCommentStepTest)] DEBUG o.e.j.u.component.ContainerLifeCycle - org.eclipse.jetty.server.Server@b061dc4 added {org.eclipse.jetty.server.session.DefaultSessionIdManager@57422399[worker=node0],MANAGED}
20:06:17.046 [Executing gerritCommentStepInvokeTest(jenkins.plugins.gerrit.workflow.GerritCommentStepTest)] DEBUG o.e.j.u.component.ContainerLifeCycle - org.eclipse.jetty.server.session.SessionHandler408189378==dftMaxIdleSec=1800 added {org.eclipse.jetty.server.session.DefaultSessionIdManager@57422399[worker=node0],UNMANAGED}
20:06:17.046 [Executing gerritCommentStepInvokeTest(jenkins.plugins.gerrit.workflow.GerritCommentStepTest)] DEBUG o.e.j.u.component.AbstractLifeCycle - starting org.eclipse.jetty.util.thread.ScheduledExecutorScheduler@4d87f27b
20:06:17.046 [Executing gerritCommentStepInvokeTest(jenkins.plugins.gerrit.workflow.GerritCommentStepTest)] DEBUG o.e.j.u.component.AbstractLifeCycle - STARTED @7363ms org.eclipse.jetty.util.thread.ScheduledExecutorScheduler@4d87f27b
20:06:17.048 [Executing gerritCommentStepInvokeTest(jenkins.plugins.gerrit.workflow.GerritCommentStepTest)] DEBUG o.e.j.server.handler.AbstractHandler - starting org.eclipse.jetty.server.session.SessionHandler408189378==dftMaxIdleSec=1800
20:06:17.048 [Executing gerritCommentStepInvokeTest(jenkins.plugins.gerrit.workflow.GerritCommentStepTest)] DEBUG o.e.j.u.component.AbstractLifeCycle - starting org.eclipse.jetty.security.ConstraintSecurityHandler@3ff9290e
20:06:17.051 [Executing gerritCommentStepInvokeTest(jenkins.plugins.gerrit.workflow.GerritCommentStepTest)] DEBUG o.e.j.u.component.ContainerLifeCycle - org.eclipse.jetty.security.ConstraintSecurityHandler@3ff9290e added {org.eclipse.jetty.security.DefaultIdentityService@702a489a,POJO}
20:06:17.057 [Executing gerritCommentStepInvokeTest(jenkins.plugins.gerrit.workflow.GerritCommentStepTest)] DEBUG o.e.j.u.component.ContainerLifeCycle - org.eclipse.jetty.security.ConstraintSecurityHandler@3ff9290e added {org.eclipse.jetty.security.authentication.FormAuthenticator@370ebc5c,POJO}
20:06:17.057 [Executing gerritCommentStepInvokeTest(jenkins.plugins.gerrit.workflow.GerritCommentStepTest)] DEBUG o.e.j.server.handler.AbstractHandler - starting org.eclipse.jetty.security.ConstraintSecurityHandler@3ff9290e
20:06:17.057 [Executing gerritCommentStepInvokeTest(jenkins.plugins.gerrit.workflow.GerritCommentStepTest)] DEBUG o.e.j.u.component.AbstractLifeCycle - starting org.eclipse.jetty.servlet.ServletHandler@2f6d7581
20:06:17.063 [Executing gerritCommentStepInvokeTest(jenkins.plugins.gerrit.workflow.GerritCommentStepTest)] DEBUG o.e.jetty.servlet.ServletHandler - Path=*.jspx[DESCRIPTOR:jar:file:/home/jdbl/.m2/repository/org/eclipse/jetty/jetty-webapp/9.4.5.v20170502/jetty-webapp-9.4.5.v20170502.jar!/org/eclipse/jetty/webapp/webdefault.xml] mapped to servlet=jsp[DESCRIPTOR:jar:file:/home/jdbl/.m2/repository/org/eclipse/jetty/jetty-webapp/9.4.5.v20170502/jetty-webapp-9.4.5.v20170502.jar!/org/eclipse/jetty/webapp/webdefault.xml]
20:06:17.066 [Executing gerritCommentStepInvokeTest(jenkins.plugins.gerrit.workflow.GerritCommentStepTest)] DEBUG o.e.jetty.http.pathmap.PathMappings - Added MappedResource[pathSpec=ServletPathSpec["*.jspx",pathDepth=0,group=SUFFIX_GLOB],resource=jsp@19c47==org.eclipse.jetty.servlet.NoJspServlet,jsp=null,order=0,inst=false] to PathMappings[size=1]
20:06:17.066 [Executing gerritCommentStepInvokeTest(jenkins.plugins.gerrit.workflow.GerritCommentStepTest)] DEBUG o.e.jetty.servlet.ServletHandler - Path=*.JSPX[DESCRIPTOR:jar:file:/home/jdbl/.m2/repository/org/eclipse/jetty/jetty-webapp/9.4.5.v20170502/jetty-webapp-9.4.5.v20170502.jar!/org/eclipse/jetty/webapp/webdefault.xml] mapped to servlet=jsp[DESCRIPTOR:jar:file:/home/jdbl/.m2/repository/org/eclipse/jetty/jetty-webapp/9.4.5.v20170502/jetty-webapp-9.4.5.v20170502.jar!/org/eclipse/jetty/webapp/webdefault.xml]
20:06:17.067 [Executing gerritCommentStepInvokeTest(jenkins.plugins.gerrit.workflow.GerritCommentStepTest)] DEBUG o.e.jetty.http.pathmap.PathMappings - Added MappedResource[pathSpec=ServletPathSpec["*.JSPX",pathDepth=0,group=SUFFIX_GLOB],resource=jsp@19c47==org.eclipse.jetty.servlet.NoJspServlet,jsp=null,order=0,inst=false] to PathMappings[size=2]
20:06:17.067 [Executing gerritCommentStepInvokeTest(jenkins.plugins.gerrit.workflow.GerritCommentStepTest)] DEBUG o.e.jetty.servlet.ServletHandler - Path=*.jsp[DESCRIPTOR:jar:file:/home/jdbl/.m2/repository/org/eclipse/jetty/jetty-webapp/9.4.5.v20170502/jetty-webapp-9.4.5.v20170502.jar!/org/eclipse/jetty/webapp/webdefault.xml] mapped to servlet=jsp[DESCRIPTOR:jar:file:/home/jdbl/.m2/repository/org/eclipse/jetty/jetty-webapp/9.4.5.v20170502/jetty-webapp-9.4.5.v20170502.jar!/org/eclipse/jetty/webapp/webdefault.xml]
20:06:17.067 [Executing gerritCommentStepInvokeTest(jenkins.plugins.gerrit.workflow.GerritCommentStepTest)] DEBUG o.e.jetty.http.pathmap.PathMappings - Added MappedResource[pathSpec=ServletPathSpec["*.jsp",pathDepth=0,group=SUFFIX_GLOB],resource=jsp@19c47==org.eclipse.jetty.servlet.NoJspServlet,jsp=null,order=0,inst=false] to PathMappings[size=3]
20:06:17.067 [Executing gerritCommentStepInvokeTest(jenkins.plugins.gerrit.workflow.GerritCommentStepTest)] DEBUG o.e.jetty.servlet.ServletHandler - Path=*.JSPF[DESCRIPTOR:jar:file:/home/jdbl/.m2/repository/org/eclipse/jetty/jetty-webapp/9.4.5.v20170502/jetty-webapp-9.4.5.v20170502.jar!/org/eclipse/jetty/webapp/webdefault.xml] mapped to servlet=jsp[DESCRIPTOR:jar:file:/home/jdbl/.m2/repository/org/eclipse/jetty/jetty-webapp/9.4.5.v20170502/jetty-webapp-9.4.5.v20170502.jar!/org/eclipse/jetty/webapp/webdefault.xml]
20:06:17.067 [Executing gerritCommentStepInvokeTest(jenkins.plugins.gerrit.workflow.GerritCommentStepTest)] DEBUG o.e.jetty.http.pathmap.PathMappings - Added MappedResource[pathSpec=ServletPathSpec["*.JSPF",pathDepth=0,group=SUFFIX_GLOB],resource=jsp@19c47==org.eclipse.jetty.servlet.NoJspServlet,jsp=null,order=0,inst=false] to PathMappings[size=4]
20:06:17.067 [Executing gerritCommentStepInvokeTest(jenkins.plugins.gerrit.workflow.GerritCommentStepTest)] DEBUG o.e.jetty.servlet.ServletHandler - Path=*.jspf[DESCRIPTOR:jar:file:/home/jdbl/.m2/repository/org/eclipse/jetty/jetty-webapp/9.4.5.v20170502/jetty-webapp-9.4.5.v20170502.jar!/org/eclipse/jetty/webapp/webdefault.xml] mapped to servlet=jsp[DESCRIPTOR:jar:file:/home/jdbl/.m2/repository/org/eclipse/jetty/jetty-webapp/9.4.5.v20170502/jetty-webapp-9.4.5.v20170502.jar!/org/eclipse/jetty/webapp/webdefault.xml]
20:06:17.068 [Executing gerritCommentStepInvokeTest(jenkins.plugins.gerrit.workflow.GerritCommentStepTest)] DEBUG o.e.jetty.http.pathmap.PathMappings - Added MappedResource[pathSpec=ServletPathSpec["*.jspf",pathDepth=0,group=SUFFIX_GLOB],resource=jsp@19c47==org.eclipse.jetty.servlet.NoJspServlet,jsp=null,order=0,inst=false] to PathMappings[size=5]
20:06:17.068 [Executing gerritCommentStepInvokeTest(jenkins.plugins.gerrit.workflow.GerritCommentStepTest)] DEBUG o.e.jetty.servlet.ServletHandler - Path=*.JSP[DESCRIPTOR:jar:file:/home/jdbl/.m2/repository/org/eclipse/jetty/jetty-webapp/9.4.5.v20170502/jetty-webapp-9.4.5.v20170502.jar!/org/eclipse/jetty/webapp/webdefault.xml] mapped to servlet=jsp[DESCRIPTOR:jar:file:/home/jdbl/.m2/repository/org/eclipse/jetty/jetty-webapp/9.4.5.v20170502/jetty-webapp-9.4.5.v20170502.jar!/org/eclipse/jetty/webapp/webdefault.xml]
20:06:17.068 [Executing gerritCommentStepInvokeTest(jenkins.plugins.gerrit.workflow.GerritCommentStepTest)] DEBUG o.e.jetty.http.pathmap.PathMappings - Added MappedResource[pathSpec=ServletPathSpec["*.JSP",pathDepth=0,group=SUFFIX_GLOB],resource=jsp@19c47==org.eclipse.jetty.servlet.NoJspServlet,jsp=null,order=0,inst=false] to PathMappings[size=6]
20:06:17.068 [Executing gerritCommentStepInvokeTest(jenkins.plugins.gerrit.workflow.GerritCommentStepTest)] DEBUG o.e.jetty.servlet.ServletHandler - Path=*.xsp[DESCRIPTOR:jar:file:/home/jdbl/.m2/repository/org/eclipse/jetty/jetty-webapp/9.4.5.v20170502/jetty-webapp-9.4.5.v20170502.jar!/org/eclipse/jetty/webapp/webdefault.xml] mapped to servlet=jsp[DESCRIPTOR:jar:file:/home/jdbl/.m2/repository/org/eclipse/jetty/jetty-webapp/9.4.5.v20170502/jetty-webapp-9.4.5.v20170502.jar!/org/eclipse/jetty/webapp/webdefault.xml]
20:06:17.068 [Executing gerritCommentStepInvokeTest(jenkins.plugins.gerrit.workflow.GerritCommentStepTest)] DEBUG o.e.jetty.http.pathmap.PathMappings - Added MappedResource[pathSpec=ServletPathSpec["*.xsp",pathDepth=0,group=SUFFIX_GLOB],resource=jsp@19c47==org.eclipse.jetty.servlet.NoJspServlet,jsp=null,order=0,inst=false] to PathMappings[size=7]
20:06:17.069 [Executing gerritCommentStepInvokeTest(jenkins.plugins.gerrit.workflow.GerritCommentStepTest)] DEBUG o.e.jetty.servlet.ServletHandler - Path=*.XSP[DESCRIPTOR:jar:file:/home/jdbl/.m2/repository/org/eclipse/jetty/jetty-webapp/9.4.5.v20170502/jetty-webapp-9.4.5.v20170502.jar!/org/eclipse/jetty/webapp/webdefault.xml] mapped to servlet=jsp[DESCRIPTOR:jar:file:/home/jdbl/.m2/repository/org/eclipse/jetty/jetty-webapp/9.4.5.v20170502/jetty-webapp-9.4.5.v20170502.jar!/org/eclipse/jetty/webapp/webdefault.xml]
20:06:17.069 [Executing gerritCommentStepInvokeTest(jenkins.plugins.gerrit.workflow.GerritCommentStepTest)] DEBUG o.e.jetty.http.pathmap.PathMappings - Added MappedResource[pathSpec=ServletPathSpec["*.XSP",pathDepth=0,group=SUFFIX_GLOB],resource=jsp@19c47==org.eclipse.jetty.servlet.NoJspServlet,jsp=null,order=0,inst=false] to PathMappings[size=8]
20:06:17.069 [Executing gerritCommentStepInvokeTest(jenkins.plugins.gerrit.workflow.GerritCommentStepTest)] DEBUG o.e.jetty.servlet.ServletHandler - Path=/*[DESCRIPTOR:file:///tmp/tmpk5fs1rb9/gerrit-code-review-plugin/target/jenkins-for-testxx/WEB-INF/web.xml] mapped to servlet=Stapler[DESCRIPTOR:file:///tmp/tmpk5fs1rb9/gerrit-code-review-plugin/target/jenkins-for-testxx/WEB-INF/web.xml]
20:06:17.069 [Executing gerritCommentStepInvokeTest(jenkins.plugins.gerrit.workflow.GerritCommentStepTest)] DEBUG o.e.jetty.http.pathmap.PathMappings - Added MappedResource[pathSpec=ServletPathSpec["/*",pathDepth=1,group=PREFIX_GLOB],resource=Stapler@f222d1a9==org.kohsuke.stapler.Stapler,jsp=null,order=-1,inst=false] to PathMappings[size=9]
20:06:17.069 [Executing gerritCommentStepInvokeTest(jenkins.plugins.gerrit.workflow.GerritCommentStepTest)] DEBUG o.e.jetty.servlet.ServletHandler - Path=/[DESCRIPTOR:jar:file:/home/jdbl/.m2/repository/org/eclipse/jetty/jetty-webapp/9.4.5.v20170502/jetty-webapp-9.4.5.v20170502.jar!/org/eclipse/jetty/webapp/webdefault.xml] mapped to servlet=default[DESCRIPTOR:jar:file:/home/jdbl/.m2/repository/org/eclipse/jetty/jetty-webapp/9.4.5.v20170502/jetty-webapp-9.4.5.v20170502.jar!/org/eclipse/jetty/webapp/webdefault.xml]
20:06:17.070 [Executing gerritCommentStepInvokeTest(jenkins.plugins.gerrit.workflow.GerritCommentStepTest)] DEBUG o.e.jetty.http.pathmap.PathMappings - Added MappedResource[pathSpec=ServletPathSpec["/",pathDepth=-1,group=DEFAULT],resource=default@5c13d641==org.eclipse.jetty.servlet.DefaultServlet,jsp=null,order=0,inst=false] to PathMappings[size=10]
20:06:17.070 [Executing gerritCommentStepInvokeTest(jenkins.plugins.gerrit.workflow.GerritCommentStepTest)] DEBUG o.e.jetty.servlet.ServletHandler - filterNameMap={csrf-filter=csrf-filter, encoding-filter=encoding-filter, diagnostic-name-filter=diagnostic-name-filter, compression-filter=compression-filter, plugins-filter=plugins-filter, authentication-filter=authentication-filter}
20:06:17.070 [Executing gerritCommentStepInvokeTest(jenkins.plugins.gerrit.workflow.GerritCommentStepTest)] DEBUG o.e.jetty.servlet.ServletHandler - pathFilters=[[/*]/[]==0=>diagnostic-name-filter, [/*]/[]==0=>encoding-filter, [/*]/[]==0=>compression-filter, [/*]/[]==0=>authentication-filter, [/*]/[]==0=>csrf-filter, [/*]/[]==0=>plugins-filter]
20:06:17.070 [Executing gerritCommentStepInvokeTest(jenkins.plugins.gerrit.workflow.GerritCommentStepTest)] DEBUG o.e.jetty.servlet.ServletHandler - servletFilterMap={}
20:06:17.070 [Executing gerritCommentStepInvokeTest(jenkins.plugins.gerrit.workflow.GerritCommentStepTest)] DEBUG o.e.jetty.servlet.ServletHandler - servletPathMap=PathMappings[size=10]
20:06:17.071 [Executing gerritCommentStepInvokeTest(jenkins.plugins.gerrit.workflow.GerritCommentStepTest)] DEBUG o.e.jetty.servlet.ServletHandler - servletNameMap={default=default@5c13d641==org.eclipse.jetty.servlet.DefaultServlet,jsp=null,order=0,inst=false, jsp=jsp@19c47==org.eclipse.jetty.servlet.NoJspServlet,jsp=null,order=0,inst=false, Stapler=Stapler@f222d1a9==org.kohsuke.stapler.Stapler,jsp=null,order=-1,inst=false}
20:06:17.071 [Executing gerritCommentStepInvokeTest(jenkins.plugins.gerrit.workflow.GerritCommentStepTest)] DEBUG o.e.j.server.handler.AbstractHandler - starting org.eclipse.jetty.servlet.ServletHandler@2f6d7581
20:06:17.072 [Executing gerritCommentStepInvokeTest(jenkins.plugins.gerrit.workflow.GerritCommentStepTest)] DEBUG o.e.j.u.component.AbstractLifeCycle - starting org.eclipse.jetty.servlet.ListenerHolder@17619571
20:06:17.072 [Executing gerritCommentStepInvokeTest(jenkins.plugins.gerrit.workflow.GerritCommentStepTest)] DEBUG o.e.j.u.component.AbstractLifeCycle - STARTED @7388ms org.eclipse.jetty.servlet.ListenerHolder@17619571
20:06:17.072 [Executing gerritCommentStepInvokeTest(jenkins.plugins.gerrit.workflow.GerritCommentStepTest)] DEBUG o.e.j.u.component.AbstractLifeCycle - starting org.eclipse.jetty.servlet.ListenerHolder@608e13fe
20:06:17.072 [Executing gerritCommentStepInvokeTest(jenkins.plugins.gerrit.workflow.GerritCommentStepTest)] DEBUG o.e.j.u.component.AbstractLifeCycle - STARTED @7388ms org.eclipse.jetty.servlet.ListenerHolder@608e13fe
20:06:17.072 [Executing gerritCommentStepInvokeTest(jenkins.plugins.gerrit.workflow.GerritCommentStepTest)] DEBUG o.e.j.u.component.AbstractLifeCycle - starting org.eclipse.jetty.servlet.ListenerHolder@6d53565b
20:06:17.072 [Executing gerritCommentStepInvokeTest(jenkins.plugins.gerrit.workflow.GerritCommentStepTest)] DEBUG o.e.j.u.component.AbstractLifeCycle - STARTED @7388ms org.eclipse.jetty.servlet.ListenerHolder@6d53565b
20:06:17.072 [Executing gerritCommentStepInvokeTest(jenkins.plugins.gerrit.workflow.GerritCommentStepTest)] DEBUG o.e.j.u.component.AbstractLifeCycle - starting org.eclipse.jetty.servlet.ListenerHolder@5da42aa5
20:06:17.072 [Executing gerritCommentStepInvokeTest(jenkins.plugins.gerrit.workflow.GerritCommentStepTest)] DEBUG o.e.j.u.component.AbstractLifeCycle - STARTED @7388ms org.eclipse.jetty.servlet.ListenerHolder@5da42aa5
20:06:17.072 [Executing gerritCommentStepInvokeTest(jenkins.plugins.gerrit.workflow.GerritCommentStepTest)] DEBUG o.e.j.u.component.AbstractLifeCycle - starting org.eclipse.jetty.servlet.ListenerHolder@4517e0f4
20:06:17.072 [Executing gerritCommentStepInvokeTest(jenkins.plugins.gerrit.workflow.GerritCommentStepTest)] DEBUG o.e.j.u.component.AbstractLifeCycle - STARTED @7388ms org.eclipse.jetty.servlet.ListenerHolder@4517e0f4
20:06:17.072 [Executing gerritCommentStepInvokeTest(jenkins.plugins.gerrit.workflow.GerritCommentStepTest)] DEBUG o.e.j.u.component.AbstractLifeCycle - STARTED @7389ms org.eclipse.jetty.servlet.ServletHandler@2f6d7581
20:06:17.072 [Executing gerritCommentStepInvokeTest(jenkins.plugins.gerrit.workflow.GerritCommentStepTest)] DEBUG o.e.j.u.component.AbstractLifeCycle - starting HashLoginService[default]
20:06:17.073 [Executing gerritCommentStepInvokeTest(jenkins.plugins.gerrit.workflow.GerritCommentStepTest)] DEBUG o.e.j.u.component.AbstractLifeCycle - STARTED @7389ms HashLoginService[default]
20:06:17.073 [Executing gerritCommentStepInvokeTest(jenkins.plugins.gerrit.workflow.GerritCommentStepTest)] DEBUG o.e.j.u.component.AbstractLifeCycle - STARTED @7389ms org.eclipse.jetty.security.ConstraintSecurityHandler@3ff9290e
20:06:17.073 [Executing gerritCommentStepInvokeTest(jenkins.plugins.gerrit.workflow.GerritCommentStepTest)] DEBUG o.e.j.u.component.AbstractLifeCycle - starting org.eclipse.jetty.server.session.DefaultSessionCache@43840388[evict=-1,removeUnloadable=false,saveOnCreate=false,saveOnInactiveEvict=false]
20:06:17.073 [Executing gerritCommentStepInvokeTest(jenkins.plugins.gerrit.workflow.GerritCommentStepTest)] DEBUG o.e.j.u.component.AbstractLifeCycle - starting org.eclipse.jetty.server.session.NullSessionDataStore@214be092[passivating=false,graceSec=3600]
20:06:17.073 [Executing gerritCommentStepInvokeTest(jenkins.plugins.gerrit.workflow.GerritCommentStepTest)] DEBUG o.e.j.u.component.AbstractLifeCycle - STARTED @7389ms org.eclipse.jetty.server.session.NullSessionDataStore@214be092[passivating=false,graceSec=3600]
20:06:17.074 [Executing gerritCommentStepInvokeTest(jenkins.plugins.gerrit.workflow.GerritCommentStepTest)] DEBUG o.e.j.u.component.AbstractLifeCycle - STARTED @7390ms org.eclipse.jetty.server.session.DefaultSessionCache@43840388[evict=-1,removeUnloadable=false,saveOnCreate=false,saveOnInactiveEvict=false]
20:06:17.074 [Executing gerritCommentStepInvokeTest(jenkins.plugins.gerrit.workflow.GerritCommentStepTest)] DEBUG o.e.j.u.component.AbstractLifeCycle - STARTED @7390ms org.eclipse.jetty.server.session.SessionHandler408189378==dftMaxIdleSec=1800
20:06:17.074 [Executing gerritCommentStepInvokeTest(jenkins.plugins.gerrit.workflow.GerritCommentStepTest)] DEBUG o.e.j.u.component.AbstractLifeCycle - starting org.eclipse.jetty.servlet.ErrorPageErrorHandler@6d835dda
20:06:17.074 [Executing gerritCommentStepInvokeTest(jenkins.plugins.gerrit.workflow.GerritCommentStepTest)] DEBUG o.e.j.server.handler.AbstractHandler - starting org.eclipse.jetty.servlet.ErrorPageErrorHandler@6d835dda
20:06:17.074 [Executing gerritCommentStepInvokeTest(jenkins.plugins.gerrit.workflow.GerritCommentStepTest)] DEBUG o.e.j.u.component.AbstractLifeCycle - STARTED @7390ms org.eclipse.jetty.servlet.ErrorPageErrorHandler@6d835dda
20:06:17.074 [Executing gerritCommentStepInvokeTest(jenkins.plugins.gerrit.workflow.GerritCommentStepTest)] DEBUG o.e.j.u.component.AbstractLifeCycle - starting org.jvnet.hudson.test.NoListenerConfiguration@3d4ba01f
20:06:17.074 [Executing gerritCommentStepInvokeTest(jenkins.plugins.gerrit.workflow.GerritCommentStepTest)] DEBUG o.e.j.u.component.AbstractLifeCycle - STARTED @7391ms org.jvnet.hudson.test.NoListenerConfiguration@3d4ba01f
20:06:17.074 [Executing gerritCommentStepInvokeTest(jenkins.plugins.gerrit.workflow.GerritCommentStepTest)] DEBUG o.e.j.u.component.AbstractLifeCycle - starting diagnostic-name-filter
20:06:17.076 [Executing gerritCommentStepInvokeTest(jenkins.plugins.gerrit.workflow.GerritCommentStepTest)] DEBUG org.eclipse.jetty.servlet.BaseHolder - Holding class org.kohsuke.stapler.DiagnosticThreadNameFilter from sun.misc.Launcher$AppClassLoader@18b4aac2
20:06:17.076 [Executing gerritCommentStepInvokeTest(jenkins.plugins.gerrit.workflow.GerritCommentStepTest)] DEBUG o.e.j.u.component.AbstractLifeCycle - STARTED @7392ms diagnostic-name-filter
20:06:17.078 [Executing gerritCommentStepInvokeTest(jenkins.plugins.gerrit.workflow.GerritCommentStepTest)] DEBUG o.eclipse.jetty.servlet.FilterHolder - Filter.init org.kohsuke.stapler.DiagnosticThreadNameFilter@2a4276b3
20:06:17.078 [Executing gerritCommentStepInvokeTest(jenkins.plugins.gerrit.workflow.GerritCommentStepTest)] DEBUG o.e.j.u.component.AbstractLifeCycle - starting encoding-filter
20:06:17.079 [Executing gerritCommentStepInvokeTest(jenkins.plugins.gerrit.workflow.GerritCommentStepTest)] DEBUG org.eclipse.jetty.servlet.BaseHolder - Holding class hudson.util.CharacterEncodingFilter from sun.misc.Launcher$AppClassLoader@18b4aac2
20:06:17.079 [Executing gerritCommentStepInvokeTest(jenkins.plugins.gerrit.workflow.GerritCommentStepTest)] DEBUG o.e.j.u.component.AbstractLifeCycle - STARTED @7395ms encoding-filter
20:06:17.080 [Executing gerritCommentStepInvokeTest(jenkins.plugins.gerrit.workflow.GerritCommentStepTest)] DEBUG o.eclipse.jetty.servlet.FilterHolder - Filter.init hudson.util.CharacterEncodingFilter@60542c67
20:06:17.080 [Executing gerritCommentStepInvokeTest(jenkins.plugins.gerrit.workflow.GerritCommentStepTest)] DEBUG o.e.j.u.component.AbstractLifeCycle - starting compression-filter
20:06:17.081 [Executing gerritCommentStepInvokeTest(jenkins.plugins.gerrit.workflow.GerritCommentStepTest)] DEBUG org.eclipse.jetty.servlet.BaseHolder - Holding class org.kohsuke.stapler.compression.CompressionFilter from sun.misc.Launcher$AppClassLoader@18b4aac2
20:06:17.081 [Executing gerritCommentStepInvokeTest(jenkins.plugins.gerrit.workflow.GerritCommentStepTest)] DEBUG o.e.j.u.component.AbstractLifeCycle - STARTED @7397ms compression-filter
20:06:17.081 [Executing gerritCommentStepInvokeTest(jenkins.plugins.gerrit.workflow.GerritCommentStepTest)] DEBUG o.eclipse.jetty.servlet.FilterHolder - Filter.init org.kohsuke.stapler.compression.CompressionFilter@f45f7aa
20:06:17.082 [Executing gerritCommentStepInvokeTest(jenkins.plugins.gerrit.workflow.GerritCommentStepTest)] DEBUG o.e.j.u.component.AbstractLifeCycle - starting authentication-filter
20:06:17.083 [Executing gerritCommentStepInvokeTest(jenkins.plugins.gerrit.workflow.GerritCommentStepTest)] DEBUG org.eclipse.jetty.servlet.BaseHolder - Holding class hudson.security.HudsonFilter from sun.misc.Launcher$AppClassLoader@18b4aac2
20:06:17.083 [Executing gerritCommentStepInvokeTest(jenkins.plugins.gerrit.workflow.GerritCommentStepTest)] DEBUG o.e.j.u.component.AbstractLifeCycle - STARTED @7399ms authentication-filter
20:06:17.087 [Executing gerritCommentStepInvokeTest(jenkins.plugins.gerrit.workflow.GerritCommentStepTest)] DEBUG o.eclipse.jetty.servlet.FilterHolder - Filter.init hudson.security.HudsonFilter@6fbcd441
20:06:17.087 [Executing gerritCommentStepInvokeTest(jenkins.plugins.gerrit.workflow.GerritCommentStepTest)] DEBUG o.e.j.u.component.AbstractLifeCycle - starting csrf-filter
20:06:17.088 [Executing gerritCommentStepInvokeTest(jenkins.plugins.gerrit.workflow.GerritCommentStepTest)] DEBUG org.eclipse.jetty.servlet.BaseHolder - Holding class hudson.security.csrf.CrumbFilter from sun.misc.Launcher$AppClassLoader@18b4aac2
20:06:17.088 [Executing gerritCommentStepInvokeTest(jenkins.plugins.gerrit.workflow.GerritCommentStepTest)] DEBUG o.e.j.u.component.AbstractLifeCycle - STARTED @7404ms csrf-filter
20:06:17.088 [Executing gerritCommentStepInvokeTest(jenkins.plugins.gerrit.workflow.GerritCommentStepTest)] DEBUG o.eclipse.jetty.servlet.FilterHolder - Filter.init hudson.security.csrf.CrumbFilter@4e23eca3
20:06:17.088 [Executing gerritCommentStepInvokeTest(jenkins.plugins.gerrit.workflow.GerritCommentStepTest)] DEBUG o.e.j.u.component.AbstractLifeCycle - starting plugins-filter
20:06:17.090 [Executing gerritCommentStepInvokeTest(jenkins.plugins.gerrit.workflow.GerritCommentStepTest)] DEBUG org.eclipse.jetty.servlet.BaseHolder - Holding class hudson.util.PluginServletFilter from sun.misc.Launcher$AppClassLoader@18b4aac2
20:06:17.090 [Executing gerritCommentStepInvokeTest(jenkins.plugins.gerrit.workflow.GerritCommentStepTest)] DEBUG o.e.j.u.component.AbstractLifeCycle - STARTED @7406ms plugins-filter
20:06:17.090 [Executing gerritCommentStepInvokeTest(jenkins.plugins.gerrit.workflow.GerritCommentStepTest)] DEBUG o.eclipse.jetty.servlet.FilterHolder - Filter.init hudson.util.PluginServletFilter@780cfcfc
20:06:17.091 [Executing gerritCommentStepInvokeTest(jenkins.plugins.gerrit.workflow.GerritCommentStepTest)] DEBUG o.e.j.u.component.AbstractLifeCycle - starting Stapler@f222d1a9==org.kohsuke.stapler.Stapler,jsp=null,order=-1,inst=false
20:06:17.091 [Executing gerritCommentStepInvokeTest(jenkins.plugins.gerrit.workflow.GerritCommentStepTest)] DEBUG org.eclipse.jetty.servlet.BaseHolder - Holding class org.kohsuke.stapler.Stapler from sun.misc.Launcher$AppClassLoader@18b4aac2
20:06:17.093 [Executing gerritCommentStepInvokeTest(jenkins.plugins.gerrit.workflow.GerritCommentStepTest)] DEBUG o.e.j.u.component.AbstractLifeCycle - STARTED @7409ms Stapler@f222d1a9==org.kohsuke.stapler.Stapler,jsp=null,order=-1,inst=false
20:06:17.093 [Executing gerritCommentStepInvokeTest(jenkins.plugins.gerrit.workflow.GerritCommentStepTest)] DEBUG o.e.j.u.component.AbstractLifeCycle - starting default@5c13d641==org.eclipse.jetty.servlet.DefaultServlet,jsp=null,order=0,inst=false
20:06:17.096 [Executing gerritCommentStepInvokeTest(jenkins.plugins.gerrit.workflow.GerritCommentStepTest)] DEBUG org.eclipse.jetty.servlet.BaseHolder - Holding class org.eclipse.jetty.servlet.DefaultServlet from sun.misc.Launcher$AppClassLoader@18b4aac2
20:06:17.096 [Executing gerritCommentStepInvokeTest(jenkins.plugins.gerrit.workflow.GerritCommentStepTest)] DEBUG o.e.j.u.component.AbstractLifeCycle - STARTED @7412ms default@5c13d641==org.eclipse.jetty.servlet.DefaultServlet,jsp=null,order=0,inst=false
20:06:17.111 [Executing gerritCommentStepInvokeTest(jenkins.plugins.gerrit.workflow.GerritCommentStepTest)] DEBUG o.e.jetty.servlet.ServletHolder - Servlet.init org.eclipse.jetty.servlet.DefaultServlet@4a638108 for default
20:06:17.118 [Executing gerritCommentStepInvokeTest(jenkins.plugins.gerrit.workflow.GerritCommentStepTest)] DEBUG o.e.jetty.servlet.DefaultServlet - resource base = null
20:06:17.119 [Executing gerritCommentStepInvokeTest(jenkins.plugins.gerrit.workflow.GerritCommentStepTest)] DEBUG o.e.j.u.component.AbstractLifeCycle - starting jsp@19c47==org.eclipse.jetty.servlet.NoJspServlet,jsp=null,order=0,inst=false
20:06:17.119 [Executing gerritCommentStepInvokeTest(jenkins.plugins.gerrit.workflow.GerritCommentStepTest)] DEBUG org.eclipse.jetty.servlet.BaseHolder - Holding class org.eclipse.jetty.servlet.NoJspServlet from sun.misc.Launcher$AppClassLoader@18b4aac2
20:06:17.120 [Executing gerritCommentStepInvokeTest(jenkins.plugins.gerrit.workflow.GerritCommentStepTest)] DEBUG o.e.j.u.component.AbstractLifeCycle - STARTED @7436ms jsp@19c47==org.eclipse.jetty.servlet.NoJspServlet,jsp=null,order=0,inst=false
20:06:17.120 [Executing gerritCommentStepInvokeTest(jenkins.plugins.gerrit.workflow.GerritCommentStepTest)] DEBUG o.e.jetty.servlet.ServletHolder - Servlet.init org.eclipse.jetty.servlet.NoJspServlet@7b60883d for jsp
20:06:17.120 [Executing gerritCommentStepInvokeTest(jenkins.plugins.gerrit.workflow.GerritCommentStepTest)] INFO  o.e.j.server.handler.ContextHandler - Started o.e.j.w.WebAppContext@74503cd3{/jenkins,file:///tmp/tmpk5fs1rb9/gerrit-code-review-plugin/target/jenkins-for-testxx/,AVAILABLE}{/tmp/tmpk5fs1rb9/gerrit-code-review-plugin/target/jenkins-for-testxx}
20:06:17.120 [Executing gerritCommentStepInvokeTest(jenkins.plugins.gerrit.workflow.GerritCommentStepTest)] DEBUG o.eclipse.jetty.webapp.WebAppContext - postConfigure o.e.j.w.WebAppContext@74503cd3{/jenkins,file:///tmp/tmpk5fs1rb9/gerrit-code-review-plugin/target/jenkins-for-testxx/,AVAILABLE}{/tmp/tmpk5fs1rb9/gerrit-code-review-plugin/target/jenkins-for-testxx} with org.eclipse.jetty.webapp.WebXmlConfiguration@7f7ee077
20:06:17.120 [Executing gerritCommentStepInvokeTest(jenkins.plugins.gerrit.workflow.GerritCommentStepTest)] DEBUG o.e.j.u.component.AbstractLifeCycle - STARTED @7436ms o.e.j.w.WebAppContext@74503cd3{/jenkins,file:///tmp/tmpk5fs1rb9/gerrit-code-review-plugin/target/jenkins-for-testxx/,AVAILABLE}{/tmp/tmpk5fs1rb9/gerrit-code-review-plugin/target/jenkins-for-testxx}
20:06:17.120 [Executing gerritCommentStepInvokeTest(jenkins.plugins.gerrit.workflow.GerritCommentStepTest)] DEBUG o.e.j.u.component.AbstractLifeCycle - starting org.eclipse.jetty.server.handler.ErrorHandler@5caa99ee
20:06:17.120 [Executing gerritCommentStepInvokeTest(jenkins.plugins.gerrit.workflow.GerritCommentStepTest)] DEBUG o.e.j.server.handler.AbstractHandler - starting org.eclipse.jetty.server.handler.ErrorHandler@5caa99ee
20:06:17.120 [Executing gerritCommentStepInvokeTest(jenkins.plugins.gerrit.workflow.GerritCommentStepTest)] DEBUG o.e.j.u.component.AbstractLifeCycle - STARTED @7437ms org.eclipse.jetty.server.handler.ErrorHandler@5caa99ee
20:06:17.120 [Executing gerritCommentStepInvokeTest(jenkins.plugins.gerrit.workflow.GerritCommentStepTest)] DEBUG o.e.j.u.component.AbstractLifeCycle - starting ServerConnector@784844a0{HTTP/1.1,[http/1.1]}{localhost:0}
20:06:17.125 [Executing gerritCommentStepInvokeTest(jenkins.plugins.gerrit.workflow.GerritCommentStepTest)] DEBUG o.e.j.u.component.ContainerLifeCycle - ServerConnector@784844a0{HTTP/1.1,[http/1.1]}{localhost:43289} added {sun.nio.ch.ServerSocketChannelImpl[/127.0.0.1:43289],POJO}
20:06:17.127 [Executing gerritCommentStepInvokeTest(jenkins.plugins.gerrit.workflow.GerritCommentStepTest)] DEBUG o.e.j.u.component.AbstractLifeCycle - starting org.eclipse.jetty.util.thread.ScheduledExecutorScheduler@4d85d6b7
20:06:17.127 [Executing gerritCommentStepInvokeTest(jenkins.plugins.gerrit.workflow.GerritCommentStepTest)] DEBUG o.e.j.u.component.AbstractLifeCycle - STARTED @7443ms org.eclipse.jetty.util.thread.ScheduledExecutorScheduler@4d85d6b7
20:06:17.127 [Executing gerritCommentStepInvokeTest(jenkins.plugins.gerrit.workflow.GerritCommentStepTest)] DEBUG o.e.j.u.component.AbstractLifeCycle - starting HttpConnectionFactory@6f6b5301[HTTP/1.1]
20:06:17.127 [Executing gerritCommentStepInvokeTest(jenkins.plugins.gerrit.workflow.GerritCommentStepTest)] DEBUG o.e.j.u.component.AbstractLifeCycle - STARTED @7443ms HttpConnectionFactory@6f6b5301[HTTP/1.1]
20:06:17.127 [Executing gerritCommentStepInvokeTest(jenkins.plugins.gerrit.workflow.GerritCommentStepTest)] DEBUG o.e.j.u.component.AbstractLifeCycle - starting org.eclipse.jetty.server.ServerConnector$ServerConnectorManager@3f739a0
20:06:17.135 [Executing gerritCommentStepInvokeTest(jenkins.plugins.gerrit.workflow.GerritCommentStepTest)] DEBUG o.e.j.u.component.ContainerLifeCycle - org.eclipse.jetty.io.ManagedSelector@2582c0c1 id=0 keys=-1 selected=-1 added {EatWhatYouKill@5bbe27a0/org.eclipse.jetty.io.ManagedSelector$SelectorProducer@3fcf6d8f/IDLE/0/1,AUTO}
20:06:17.136 [Executing gerritCommentStepInvokeTest(jenkins.plugins.gerrit.workflow.GerritCommentStepTest)] DEBUG o.e.j.u.component.ContainerLifeCycle - org.eclipse.jetty.server.ServerConnector$ServerConnectorManager@3f739a0 added {org.eclipse.jetty.io.ManagedSelector@2582c0c1 id=0 keys=-1 selected=-1,AUTO}
20:06:17.136 [Executing gerritCommentStepInvokeTest(jenkins.plugins.gerrit.workflow.GerritCommentStepTest)] DEBUG o.e.j.u.component.AbstractLifeCycle - starting org.eclipse.jetty.io.ManagedSelector@2582c0c1 id=0 keys=-1 selected=-1
20:06:17.136 [Executing gerritCommentStepInvokeTest(jenkins.plugins.gerrit.workflow.GerritCommentStepTest)] DEBUG o.e.j.u.component.AbstractLifeCycle - starting EatWhatYouKill@5bbe27a0/org.eclipse.jetty.io.ManagedSelector$SelectorProducer@3fcf6d8f/IDLE/0/1
20:06:17.136 [Executing gerritCommentStepInvokeTest(jenkins.plugins.gerrit.workflow.GerritCommentStepTest)] DEBUG o.e.j.u.component.AbstractLifeCycle - STARTED @7452ms EatWhatYouKill@5bbe27a0/org.eclipse.jetty.io.ManagedSelector$SelectorProducer@3fcf6d8f/IDLE/0/1
20:06:17.138 [Executing gerritCommentStepInvokeTest(jenkins.plugins.gerrit.workflow.GerritCommentStepTest)] DEBUG o.e.j.u.component.AbstractLifeCycle - STARTED @7454ms org.eclipse.jetty.io.ManagedSelector@2582c0c1 id=0 keys=0 selected=0
20:06:17.138 [Executing gerritCommentStepInvokeTest(jenkins.plugins.gerrit.workflow.GerritCommentStepTest)] DEBUG o.e.j.u.component.AbstractLifeCycle - STARTED @7455ms org.eclipse.jetty.server.ServerConnector$ServerConnectorManager@3f739a0
20:06:17.139 [Jetty Thread Pool] DEBUG o.e.j.u.t.strategy.EatWhatYouKill - EatWhatYouKill@5bbe27a0/org.eclipse.jetty.io.ManagedSelector$SelectorProducer@3fcf6d8f/PRODUCING/0/1 execute true
20:06:17.140 [Executing gerritCommentStepInvokeTest(jenkins.plugins.gerrit.workflow.GerritCommentStepTest)] DEBUG o.e.j.u.component.ContainerLifeCycle - ServerConnector@784844a0{HTTP/1.1,[http/1.1]}{localhost:43289} added {acceptor-0@53a4468b,POJO}
20:06:17.140 [Jetty Thread Pool] DEBUG o.e.j.u.t.strategy.EatWhatYouKill - EatWhatYouKill@5bbe27a0/org.eclipse.jetty.io.ManagedSelector$SelectorProducer@3fcf6d8f/PRODUCING/0/1 produce non-blocking
20:06:17.141 [Jetty Thread Pool] DEBUG org.eclipse.jetty.io.ManagedSelector - Selector loop waiting on select
20:06:17.141 [Executing gerritCommentStepInvokeTest(jenkins.plugins.gerrit.workflow.GerritCommentStepTest)] INFO  o.e.jetty.server.AbstractConnector - Started ServerConnector@784844a0{HTTP/1.1,[http/1.1]}{localhost:43289}
20:06:17.142 [Executing gerritCommentStepInvokeTest(jenkins.plugins.gerrit.workflow.GerritCommentStepTest)] DEBUG o.e.j.u.component.AbstractLifeCycle - STARTED @7458ms ServerConnector@784844a0{HTTP/1.1,[http/1.1]}{localhost:43289}
20:06:17.142 [Executing gerritCommentStepInvokeTest(jenkins.plugins.gerrit.workflow.GerritCommentStepTest)] INFO  org.eclipse.jetty.server.Server - Started @7458ms
20:06:17.142 [Executing gerritCommentStepInvokeTest(jenkins.plugins.gerrit.workflow.GerritCommentStepTest)] DEBUG o.e.j.u.component.AbstractLifeCycle - STARTED @7458ms org.eclipse.jetty.server.Server@b061dc4
20:06:37.949 [Executing gerritCommentStepInvokeTest(jenkins.plugins.gerrit.workflow.GerritCommentStepTest)] DEBUG o.a.c.b.converters.BooleanConverter - Setting default value: false
20:06:37.950 [Executing gerritCommentStepInvokeTest(jenkins.plugins.gerrit.workflow.GerritCommentStepTest)] DEBUG o.a.c.b.converters.BooleanConverter - Converting 'Boolean' value 'false' to type 'Boolean'
20:06:37.950 [Executing gerritCommentStepInvokeTest(jenkins.plugins.gerrit.workflow.GerritCommentStepTest)] DEBUG o.a.c.b.converters.BooleanConverter -     No conversion required, value is already a Boolean
20:06:37.950 [Executing gerritCommentStepInvokeTest(jenkins.plugins.gerrit.workflow.GerritCommentStepTest)] DEBUG o.a.c.b.converters.ByteConverter - Setting default value: 0
20:06:37.950 [Executing gerritCommentStepInvokeTest(jenkins.plugins.gerrit.workflow.GerritCommentStepTest)] DEBUG o.a.c.b.converters.ByteConverter - Converting 'Integer' value '0' to type 'Byte'
20:06:37.950 [Executing gerritCommentStepInvokeTest(jenkins.plugins.gerrit.workflow.GerritCommentStepTest)] DEBUG o.a.c.b.converters.ByteConverter -     Converted to Byte value '0'
20:06:37.950 [Executing gerritCommentStepInvokeTest(jenkins.plugins.gerrit.workflow.GerritCommentStepTest)] DEBUG o.a.c.b.c.CharacterConverter - Setting default value:  
20:06:37.950 [Executing gerritCommentStepInvokeTest(jenkins.plugins.gerrit.workflow.GerritCommentStepTest)] DEBUG o.a.c.b.c.CharacterConverter - Converting 'Character' value ' ' to type 'Character'
20:06:37.950 [Executing gerritCommentStepInvokeTest(jenkins.plugins.gerrit.workflow.GerritCommentStepTest)] DEBUG o.a.c.b.c.CharacterConverter -     No conversion required, value is already a Character
20:06:37.950 [Executing gerritCommentStepInvokeTest(jenkins.plugins.gerrit.workflow.GerritCommentStepTest)] DEBUG o.a.c.b.converters.DoubleConverter - Setting default value: 0
20:06:37.950 [Executing gerritCommentStepInvokeTest(jenkins.plugins.gerrit.workflow.GerritCommentStepTest)] DEBUG o.a.c.b.converters.DoubleConverter - Converting 'Integer' value '0' to type 'Double'
20:06:37.951 [Executing gerritCommentStepInvokeTest(jenkins.plugins.gerrit.workflow.GerritCommentStepTest)] DEBUG o.a.c.b.converters.DoubleConverter -     Converted to Double value '0.0'
20:06:37.951 [Executing gerritCommentStepInvokeTest(jenkins.plugins.gerrit.workflow.GerritCommentStepTest)] DEBUG o.a.c.b.converters.FloatConverter - Setting default value: 0
20:06:37.951 [Executing gerritCommentStepInvokeTest(jenkins.plugins.gerrit.workflow.GerritCommentStepTest)] DEBUG o.a.c.b.converters.FloatConverter - Converting 'Integer' value '0' to type 'Float'
20:06:37.951 [Executing gerritCommentStepInvokeTest(jenkins.plugins.gerrit.workflow.GerritCommentStepTest)] DEBUG o.a.c.b.converters.FloatConverter -     Converted to Float value '0.0'
20:06:37.951 [Executing gerritCommentStepInvokeTest(jenkins.plugins.gerrit.workflow.GerritCommentStepTest)] DEBUG o.a.c.b.converters.IntegerConverter - Setting default value: 0
20:06:37.951 [Executing gerritCommentStepInvokeTest(jenkins.plugins.gerrit.workflow.GerritCommentStepTest)] DEBUG o.a.c.b.converters.IntegerConverter - Converting 'Integer' value '0' to type 'Integer'
20:06:37.951 [Executing gerritCommentStepInvokeTest(jenkins.plugins.gerrit.workflow.GerritCommentStepTest)] DEBUG o.a.c.b.converters.IntegerConverter -     No conversion required, value is already a Integer
20:06:37.951 [Executing gerritCommentStepInvokeTest(jenkins.plugins.gerrit.workflow.GerritCommentStepTest)] DEBUG o.a.c.b.converters.LongConverter - Setting default value: 0
20:06:37.951 [Executing gerritCommentStepInvokeTest(jenkins.plugins.gerrit.workflow.GerritCommentStepTest)] DEBUG o.a.c.b.converters.LongConverter - Converting 'Integer' value '0' to type 'Long'
20:06:37.952 [Executing gerritCommentStepInvokeTest(jenkins.plugins.gerrit.workflow.GerritCommentStepTest)] DEBUG o.a.c.b.converters.LongConverter -     Converted to Long value '0'
20:06:37.952 [Executing gerritCommentStepInvokeTest(jenkins.plugins.gerrit.workflow.GerritCommentStepTest)] DEBUG o.a.c.b.converters.ShortConverter - Setting default value: 0
20:06:37.952 [Executing gerritCommentStepInvokeTest(jenkins.plugins.gerrit.workflow.GerritCommentStepTest)] DEBUG o.a.c.b.converters.ShortConverter - Converting 'Integer' value '0' to type 'Short'
20:06:37.952 [Executing gerritCommentStepInvokeTest(jenkins.plugins.gerrit.workflow.GerritCommentStepTest)] DEBUG o.a.c.b.converters.ShortConverter -     Converted to Short value '0'
20:06:37.952 [Executing gerritCommentStepInvokeTest(jenkins.plugins.gerrit.workflow.GerritCommentStepTest)] DEBUG o.a.c.b.c.BigDecimalConverter - Setting default value: 0.0
20:06:37.952 [Executing gerritCommentStepInvokeTest(jenkins.plugins.gerrit.workflow.GerritCommentStepTest)] DEBUG o.a.c.b.c.BigDecimalConverter - Converting 'BigDecimal' value '0.0' to type 'BigDecimal'
20:06:37.952 [Executing gerritCommentStepInvokeTest(jenkins.plugins.gerrit.workflow.GerritCommentStepTest)] DEBUG o.a.c.b.c.BigDecimalConverter -     No conversion required, value is already a BigDecimal
20:06:37.952 [Executing gerritCommentStepInvokeTest(jenkins.plugins.gerrit.workflow.GerritCommentStepTest)] DEBUG o.a.c.b.c.BigIntegerConverter - Setting default value: 0
20:06:37.952 [Executing gerritCommentStepInvokeTest(jenkins.plugins.gerrit.workflow.GerritCommentStepTest)] DEBUG o.a.c.b.c.BigIntegerConverter - Converting 'BigInteger' value '0' to type 'BigInteger'
20:06:37.952 [Executing gerritCommentStepInvokeTest(jenkins.plugins.gerrit.workflow.GerritCommentStepTest)] DEBUG o.a.c.b.c.BigIntegerConverter -     No conversion required, value is already a BigInteger
20:06:37.952 [Executing gerritCommentStepInvokeTest(jenkins.plugins.gerrit.workflow.GerritCommentStepTest)] DEBUG o.a.c.b.converters.BooleanConverter - Setting default value: false
20:06:37.952 [Executing gerritCommentStepInvokeTest(jenkins.plugins.gerrit.workflow.GerritCommentStepTest)] DEBUG o.a.c.b.converters.BooleanConverter - Converting 'Boolean' value 'false' to type 'Boolean'
20:06:37.952 [Executing gerritCommentStepInvokeTest(jenkins.plugins.gerrit.workflow.GerritCommentStepTest)] DEBUG o.a.c.b.converters.BooleanConverter -     No conversion required, value is already a Boolean
20:06:37.952 [Executing gerritCommentStepInvokeTest(jenkins.plugins.gerrit.workflow.GerritCommentStepTest)] DEBUG o.a.c.b.converters.ByteConverter - Setting default value: 0
20:06:37.952 [Executing gerritCommentStepInvokeTest(jenkins.plugins.gerrit.workflow.GerritCommentStepTest)] DEBUG o.a.c.b.converters.ByteConverter - Converting 'Integer' value '0' to type 'Byte'
20:06:37.953 [Executing gerritCommentStepInvokeTest(jenkins.plugins.gerrit.workflow.GerritCommentStepTest)] DEBUG o.a.c.b.converters.ByteConverter -     Converted to Byte value '0'
20:06:37.953 [Executing gerritCommentStepInvokeTest(jenkins.plugins.gerrit.workflow.GerritCommentStepTest)] DEBUG o.a.c.b.c.CharacterConverter - Setting default value:  
20:06:37.953 [Executing gerritCommentStepInvokeTest(jenkins.plugins.gerrit.workflow.GerritCommentStepTest)] DEBUG o.a.c.b.c.CharacterConverter - Converting 'Character' value ' ' to type 'Character'
20:06:37.953 [Executing gerritCommentStepInvokeTest(jenkins.plugins.gerrit.workflow.GerritCommentStepTest)] DEBUG o.a.c.b.c.CharacterConverter -     No conversion required, value is already a Character
20:06:37.953 [Executing gerritCommentStepInvokeTest(jenkins.plugins.gerrit.workflow.GerritCommentStepTest)] DEBUG o.a.c.b.converters.DoubleConverter - Setting default value: 0
20:06:37.953 [Executing gerritCommentStepInvokeTest(jenkins.plugins.gerrit.workflow.GerritCommentStepTest)] DEBUG o.a.c.b.converters.DoubleConverter - Converting 'Integer' value '0' to type 'Double'
20:06:37.953 [Executing gerritCommentStepInvokeTest(jenkins.plugins.gerrit.workflow.GerritCommentStepTest)] DEBUG o.a.c.b.converters.DoubleConverter -     Converted to Double value '0.0'
20:06:37.953 [Executing gerritCommentStepInvokeTest(jenkins.plugins.gerrit.workflow.GerritCommentStepTest)] DEBUG o.a.c.b.converters.FloatConverter - Setting default value: 0
20:06:37.953 [Executing gerritCommentStepInvokeTest(jenkins.plugins.gerrit.workflow.GerritCommentStepTest)] DEBUG o.a.c.b.converters.FloatConverter - Converting 'Integer' value '0' to type 'Float'
20:06:37.953 [Executing gerritCommentStepInvokeTest(jenkins.plugins.gerrit.workflow.GerritCommentStepTest)] DEBUG o.a.c.b.converters.FloatConverter -     Converted to Float value '0.0'
20:06:37.953 [Executing gerritCommentStepInvokeTest(jenkins.plugins.gerrit.workflow.GerritCommentStepTest)] DEBUG o.a.c.b.converters.IntegerConverter - Setting default value: 0
20:06:37.953 [Executing gerritCommentStepInvokeTest(jenkins.plugins.gerrit.workflow.GerritCommentStepTest)] DEBUG o.a.c.b.converters.IntegerConverter - Converting 'Integer' value '0' to type 'Integer'
20:06:37.953 [Executing gerritCommentStepInvokeTest(jenkins.plugins.gerrit.workflow.GerritCommentStepTest)] DEBUG o.a.c.b.converters.IntegerConverter -     No conversion required, value is already a Integer
20:06:37.953 [Executing gerritCommentStepInvokeTest(jenkins.plugins.gerrit.workflow.GerritCommentStepTest)] DEBUG o.a.c.b.converters.LongConverter - Setting default value: 0
20:06:37.953 [Executing gerritCommentStepInvokeTest(jenkins.plugins.gerrit.workflow.GerritCommentStepTest)] DEBUG o.a.c.b.converters.LongConverter - Converting 'Integer' value '0' to type 'Long'
20:06:37.953 [Executing gerritCommentStepInvokeTest(jenkins.plugins.gerrit.workflow.GerritCommentStepTest)] DEBUG o.a.c.b.converters.LongConverter -     Converted to Long value '0'
20:06:37.953 [Executing gerritCommentStepInvokeTest(jenkins.plugins.gerrit.workflow.GerritCommentStepTest)] DEBUG o.a.c.b.converters.ShortConverter - Setting default value: 0
20:06:37.953 [Executing gerritCommentStepInvokeTest(jenkins.plugins.gerrit.workflow.GerritCommentStepTest)] DEBUG o.a.c.b.converters.ShortConverter - Converting 'Integer' value '0' to type 'Short'
20:06:37.954 [Executing gerritCommentStepInvokeTest(jenkins.plugins.gerrit.workflow.GerritCommentStepTest)] DEBUG o.a.c.b.converters.ShortConverter -     Converted to Short value '0'
20:06:37.954 [Executing gerritCommentStepInvokeTest(jenkins.plugins.gerrit.workflow.GerritCommentStepTest)] DEBUG o.a.c.b.converters.StringConverter - Setting default value: 
20:06:37.954 [Executing gerritCommentStepInvokeTest(jenkins.plugins.gerrit.workflow.GerritCommentStepTest)] DEBUG o.a.c.b.converters.StringConverter - Converting 'String' value '' to type 'String'
20:06:37.954 [Executing gerritCommentStepInvokeTest(jenkins.plugins.gerrit.workflow.GerritCommentStepTest)] DEBUG o.a.c.b.converters.ArrayConverter - Setting default value: [Z@683d271f
20:06:37.954 [Executing gerritCommentStepInvokeTest(jenkins.plugins.gerrit.workflow.GerritCommentStepTest)] DEBUG o.a.c.b.converters.ArrayConverter - Converting 'boolean[]' value '[Z@683d271f' to type 'boolean[]'
20:06:37.954 [Executing gerritCommentStepInvokeTest(jenkins.plugins.gerrit.workflow.GerritCommentStepTest)] DEBUG o.a.c.b.converters.ArrayConverter -     No conversion required, value is already a boolean[]
20:06:37.954 [Executing gerritCommentStepInvokeTest(jenkins.plugins.gerrit.workflow.GerritCommentStepTest)] DEBUG o.a.c.b.converters.ArrayConverter - Setting default value: [B@2e53fbfe
20:06:37.954 [Executing gerritCommentStepInvokeTest(jenkins.plugins.gerrit.workflow.GerritCommentStepTest)] DEBUG o.a.c.b.converters.ArrayConverter - Converting 'byte[]' value '[B@2e53fbfe' to type 'byte[]'
20:06:37.954 [Executing gerritCommentStepInvokeTest(jenkins.plugins.gerrit.workflow.GerritCommentStepTest)] DEBUG o.a.c.b.converters.ArrayConverter -     No conversion required, value is already a byte[]
20:06:37.954 [Executing gerritCommentStepInvokeTest(jenkins.plugins.gerrit.workflow.GerritCommentStepTest)] DEBUG o.a.c.b.converters.ArrayConverter - Setting default value: [C@6480c2d9
20:06:37.954 [Executing gerritCommentStepInvokeTest(jenkins.plugins.gerrit.workflow.GerritCommentStepTest)] DEBUG o.a.c.b.converters.ArrayConverter - Converting 'char[]' value '[C@6480c2d9' to type 'char[]'
20:06:37.954 [Executing gerritCommentStepInvokeTest(jenkins.plugins.gerrit.workflow.GerritCommentStepTest)] DEBUG o.a.c.b.converters.ArrayConverter -     No conversion required, value is already a char[]
20:06:37.954 [Executing gerritCommentStepInvokeTest(jenkins.plugins.gerrit.workflow.GerritCommentStepTest)] DEBUG o.a.c.b.converters.ArrayConverter - Setting default value: [D@6a48e5df
20:06:37.954 [Executing gerritCommentStepInvokeTest(jenkins.plugins.gerrit.workflow.GerritCommentStepTest)] DEBUG o.a.c.b.converters.ArrayConverter - Converting 'double[]' value '[D@6a48e5df' to type 'double[]'
20:06:37.954 [Executing gerritCommentStepInvokeTest(jenkins.plugins.gerrit.workflow.GerritCommentStepTest)] DEBUG o.a.c.b.converters.ArrayConverter -     No conversion required, value is already a double[]
20:06:37.955 [Executing gerritCommentStepInvokeTest(jenkins.plugins.gerrit.workflow.GerritCommentStepTest)] DEBUG o.a.c.b.converters.ArrayConverter - Setting default value: [F@6b4c2256
20:06:37.955 [Executing gerritCommentStepInvokeTest(jenkins.plugins.gerrit.workflow.GerritCommentStepTest)] DEBUG o.a.c.b.converters.ArrayConverter - Converting 'float[]' value '[F@6b4c2256' to type 'float[]'
20:06:37.955 [Executing gerritCommentStepInvokeTest(jenkins.plugins.gerrit.workflow.GerritCommentStepTest)] DEBUG o.a.c.b.converters.ArrayConverter -     No conversion required, value is already a float[]
20:06:37.955 [Executing gerritCommentStepInvokeTest(jenkins.plugins.gerrit.workflow.GerritCommentStepTest)] DEBUG o.a.c.b.converters.ArrayConverter - Setting default value: [I@5a71b8ca
20:06:37.955 [Executing gerritCommentStepInvokeTest(jenkins.plugins.gerrit.workflow.GerritCommentStepTest)] DEBUG o.a.c.b.converters.ArrayConverter - Converting 'int[]' value '[I@5a71b8ca' to type 'int[]'
20:06:37.956 [Executing gerritCommentStepInvokeTest(jenkins.plugins.gerrit.workflow.GerritCommentStepTest)] DEBUG o.a.c.b.converters.ArrayConverter -     No conversion required, value is already a int[]
20:06:37.956 [Executing gerritCommentStepInvokeTest(jenkins.plugins.gerrit.workflow.GerritCommentStepTest)] DEBUG o.a.c.b.converters.ArrayConverter - Setting default value: [J@38852f57
20:06:37.956 [Executing gerritCommentStepInvokeTest(jenkins.plugins.gerrit.workflow.GerritCommentStepTest)] DEBUG o.a.c.b.converters.ArrayConverter - Converting 'long[]' value '[J@38852f57' to type 'long[]'
20:06:37.956 [Executing gerritCommentStepInvokeTest(jenkins.plugins.gerrit.workflow.GerritCommentStepTest)] DEBUG o.a.c.b.converters.ArrayConverter -     No conversion required, value is already a long[]
20:06:37.956 [Executing gerritCommentStepInvokeTest(jenkins.plugins.gerrit.workflow.GerritCommentStepTest)] DEBUG o.a.c.b.converters.ArrayConverter - Setting default value: [S@154e5385
20:06:37.956 [Executing gerritCommentStepInvokeTest(jenkins.plugins.gerrit.workflow.GerritCommentStepTest)] DEBUG o.a.c.b.converters.ArrayConverter - Converting 'short[]' value '[S@154e5385' to type 'short[]'
20:06:37.956 [Executing gerritCommentStepInvokeTest(jenkins.plugins.gerrit.workflow.GerritCommentStepTest)] DEBUG o.a.c.b.converters.ArrayConverter -     No conversion required, value is already a short[]
20:06:37.956 [Executing gerritCommentStepInvokeTest(jenkins.plugins.gerrit.workflow.GerritCommentStepTest)] DEBUG o.a.c.b.converters.ArrayConverter - Setting default value: [Ljava.math.BigDecimal;@1f9a8de8
20:06:37.956 [Executing gerritCommentStepInvokeTest(jenkins.plugins.gerrit.workflow.GerritCommentStepTest)] DEBUG o.a.c.b.converters.ArrayConverter - Converting 'BigDecimal[]' value '[Ljava.math.BigDecimal;@1f9a8de8' to type 'BigDecimal[]'
20:06:37.956 [Executing gerritCommentStepInvokeTest(jenkins.plugins.gerrit.workflow.GerritCommentStepTest)] DEBUG o.a.c.b.converters.ArrayConverter -     No conversion required, value is already a BigDecimal[]
20:06:37.956 [Executing gerritCommentStepInvokeTest(jenkins.plugins.gerrit.workflow.GerritCommentStepTest)] DEBUG o.a.c.b.converters.ArrayConverter - Setting default value: [Ljava.math.BigInteger;@48fad139
20:06:37.956 [Executing gerritCommentStepInvokeTest(jenkins.plugins.gerrit.workflow.GerritCommentStepTest)] DEBUG o.a.c.b.converters.ArrayConverter - Converting 'BigInteger[]' value '[Ljava.math.BigInteger;@48fad139' to type 'BigInteger[]'
20:06:37.956 [Executing gerritCommentStepInvokeTest(jenkins.plugins.gerrit.workflow.GerritCommentStepTest)] DEBUG o.a.c.b.converters.ArrayConverter -     No conversion required, value is already a BigInteger[]
20:06:37.957 [Executing gerritCommentStepInvokeTest(jenkins.plugins.gerrit.workflow.GerritCommentStepTest)] DEBUG o.a.c.b.converters.ArrayConverter - Setting default value: [Ljava.lang.Boolean;@5914a0e6
20:06:37.957 [Executing gerritCommentStepInvokeTest(jenkins.plugins.gerrit.workflow.GerritCommentStepTest)] DEBUG o.a.c.b.converters.ArrayConverter - Converting 'Boolean[]' value '[Ljava.lang.Boolean;@5914a0e6' to type 'Boolean[]'
20:06:37.957 [Executing gerritCommentStepInvokeTest(jenkins.plugins.gerrit.workflow.GerritCommentStepTest)] DEBUG o.a.c.b.converters.ArrayConverter -     No conversion required, value is already a Boolean[]
20:06:37.957 [Executing gerritCommentStepInvokeTest(jenkins.plugins.gerrit.workflow.GerritCommentStepTest)] DEBUG o.a.c.b.converters.ArrayConverter - Setting default value: [Ljava.lang.Byte;@3e21123a
20:06:37.957 [Executing gerritCommentStepInvokeTest(jenkins.plugins.gerrit.workflow.GerritCommentStepTest)] DEBUG o.a.c.b.converters.ArrayConverter - Converting 'Byte[]' value '[Ljava.lang.Byte;@3e21123a' to type 'Byte[]'
20:06:37.957 [Executing gerritCommentStepInvokeTest(jenkins.plugins.gerrit.workflow.GerritCommentStepTest)] DEBUG o.a.c.b.converters.ArrayConverter -     No conversion required, value is already a Byte[]
20:06:37.957 [Executing gerritCommentStepInvokeTest(jenkins.plugins.gerrit.workflow.GerritCommentStepTest)] DEBUG o.a.c.b.converters.ArrayConverter - Setting default value: [Ljava.lang.Character;@751f2ddb
20:06:37.957 [Executing gerritCommentStepInvokeTest(jenkins.plugins.gerrit.workflow.GerritCommentStepTest)] DEBUG o.a.c.b.converters.ArrayConverter - Converting 'Character[]' value '[Ljava.lang.Character;@751f2ddb' to type 'Character[]'
20:06:37.957 [Executing gerritCommentStepInvokeTest(jenkins.plugins.gerrit.workflow.GerritCommentStepTest)] DEBUG o.a.c.b.converters.ArrayConverter -     No conversion required, value is already a Character[]
20:06:37.957 [Executing gerritCommentStepInvokeTest(jenkins.plugins.gerrit.workflow.GerritCommentStepTest)] DEBUG o.a.c.b.converters.ArrayConverter - Setting default value: [Ljava.lang.Double;@6b725958
20:06:37.957 [Executing gerritCommentStepInvokeTest(jenkins.plugins.gerrit.workflow.GerritCommentStepTest)] DEBUG o.a.c.b.converters.ArrayConverter - Converting 'Double[]' value '[Ljava.lang.Double;@6b725958' to type 'Double[]'
20:06:37.957 [Executing gerritCommentStepInvokeTest(jenkins.plugins.gerrit.workflow.GerritCommentStepTest)] DEBUG o.a.c.b.converters.ArrayConverter -     No conversion required, value is already a Double[]
20:06:37.957 [Executing gerritCommentStepInvokeTest(jenkins.plugins.gerrit.workflow.GerritCommentStepTest)] DEBUG o.a.c.b.converters.ArrayConverter - Setting default value: [Ljava.lang.Float;@171dc740
20:06:37.957 [Executing gerritCommentStepInvokeTest(jenkins.plugins.gerrit.workflow.GerritCommentStepTest)] DEBUG o.a.c.b.converters.ArrayConverter - Converting 'Float[]' value '[Ljava.lang.Float;@171dc740' to type 'Float[]'
20:06:37.957 [Executing gerritCommentStepInvokeTest(jenkins.plugins.gerrit.workflow.GerritCommentStepTest)] DEBUG o.a.c.b.converters.ArrayConverter -     No conversion required, value is already a Float[]
20:06:37.957 [Executing gerritCommentStepInvokeTest(jenkins.plugins.gerrit.workflow.GerritCommentStepTest)] DEBUG o.a.c.b.converters.ArrayConverter - Setting default value: [Ljava.lang.Integer;@219ba75b
20:06:37.958 [Executing gerritCommentStepInvokeTest(jenkins.plugins.gerrit.workflow.GerritCommentStepTest)] DEBUG o.a.c.b.converters.ArrayConverter - Converting 'Integer[]' value '[Ljava.lang.Integer;@219ba75b' to type 'Integer[]'
20:06:37.958 [Executing gerritCommentStepInvokeTest(jenkins.plugins.gerrit.workflow.GerritCommentStepTest)] DEBUG o.a.c.b.converters.ArrayConverter -     No conversion required, value is already a Integer[]
20:06:37.958 [Executing gerritCommentStepInvokeTest(jenkins.plugins.gerrit.workflow.GerritCommentStepTest)] DEBUG o.a.c.b.converters.ArrayConverter - Setting default value: [Ljava.lang.Long;@2de63746
20:06:37.958 [Executing gerritCommentStepInvokeTest(jenkins.plugins.gerrit.workflow.GerritCommentStepTest)] DEBUG o.a.c.b.converters.ArrayConverter - Converting 'Long[]' value '[Ljava.lang.Long;@2de63746' to type 'Long[]'
20:06:37.958 [Executing gerritCommentStepInvokeTest(jenkins.plugins.gerrit.workflow.GerritCommentStepTest)] DEBUG o.a.c.b.converters.ArrayConverter -     No conversion required, value is already a Long[]
20:06:37.958 [Executing gerritCommentStepInvokeTest(jenkins.plugins.gerrit.workflow.GerritCommentStepTest)] DEBUG o.a.c.b.converters.ArrayConverter - Setting default value: [Ljava.lang.Short;@5427033b
20:06:37.958 [Executing gerritCommentStepInvokeTest(jenkins.plugins.gerrit.workflow.GerritCommentStepTest)] DEBUG o.a.c.b.converters.ArrayConverter - Converting 'Short[]' value '[Ljava.lang.Short;@5427033b' to type 'Short[]'
20:06:37.958 [Executing gerritCommentStepInvokeTest(jenkins.plugins.gerrit.workflow.GerritCommentStepTest)] DEBUG o.a.c.b.converters.ArrayConverter -     No conversion required, value is already a Short[]
20:06:37.958 [Executing gerritCommentStepInvokeTest(jenkins.plugins.gerrit.workflow.GerritCommentStepTest)] DEBUG o.a.c.b.converters.ArrayConverter - Setting default value: [Ljava.lang.String;@2d79f938
20:06:37.958 [Executing gerritCommentStepInvokeTest(jenkins.plugins.gerrit.workflow.GerritCommentStepTest)] DEBUG o.a.c.b.converters.ArrayConverter - Converting 'String[]' value '[Ljava.lang.String;@2d79f938' to type 'String[]'
20:06:37.958 [Executing gerritCommentStepInvokeTest(jenkins.plugins.gerrit.workflow.GerritCommentStepTest)] DEBUG o.a.c.b.converters.ArrayConverter -     No conversion required, value is already a String[]
20:06:37.958 [Executing gerritCommentStepInvokeTest(jenkins.plugins.gerrit.workflow.GerritCommentStepTest)] DEBUG o.a.c.b.converters.ArrayConverter - Setting default value: [Ljava.lang.Class;@51a432b3
20:06:37.958 [Executing gerritCommentStepInvokeTest(jenkins.plugins.gerrit.workflow.GerritCommentStepTest)] DEBUG o.a.c.b.converters.ArrayConverter - Converting 'Class[]' value '[Ljava.lang.Class;@51a432b3' to type 'Class[]'
20:06:37.958 [Executing gerritCommentStepInvokeTest(jenkins.plugins.gerrit.workflow.GerritCommentStepTest)] DEBUG o.a.c.b.converters.ArrayConverter -     No conversion required, value is already a Class[]
20:06:37.958 [Executing gerritCommentStepInvokeTest(jenkins.plugins.gerrit.workflow.GerritCommentStepTest)] DEBUG o.a.c.b.converters.ArrayConverter - Setting default value: [Ljava.util.Date;@4d6473c6
20:06:37.959 [Executing gerritCommentStepInvokeTest(jenkins.plugins.gerrit.workflow.GerritCommentStepTest)] DEBUG o.a.c.b.converters.ArrayConverter - Converting 'Date[]' value '[Ljava.util.Date;@4d6473c6' to type 'Date[]'
20:06:37.959 [Executing gerritCommentStepInvokeTest(jenkins.plugins.gerrit.workflow.GerritCommentStepTest)] DEBUG o.a.c.b.converters.ArrayConverter -     No conversion required, value is already a Date[]
20:06:37.959 [Executing gerritCommentStepInvokeTest(jenkins.plugins.gerrit.workflow.GerritCommentStepTest)] DEBUG o.a.c.b.converters.ArrayConverter - Setting default value: [Ljava.util.Calendar;@21b69f8a
20:06:37.959 [Executing gerritCommentStepInvokeTest(jenkins.plugins.gerrit.workflow.GerritCommentStepTest)] DEBUG o.a.c.b.converters.ArrayConverter - Converting 'Calendar[]' value '[Ljava.util.Calendar;@21b69f8a' to type 'Calendar[]'
20:06:37.959 [Executing gerritCommentStepInvokeTest(jenkins.plugins.gerrit.workflow.GerritCommentStepTest)] DEBUG o.a.c.b.converters.ArrayConverter -     No conversion required, value is already a Calendar[]
20:06:37.959 [Executing gerritCommentStepInvokeTest(jenkins.plugins.gerrit.workflow.GerritCommentStepTest)] DEBUG o.a.c.b.converters.ArrayConverter - Setting default value: [Ljava.io.File;@436402bd
20:06:37.959 [Executing gerritCommentStepInvokeTest(jenkins.plugins.gerrit.workflow.GerritCommentStepTest)] DEBUG o.a.c.b.converters.ArrayConverter - Converting 'java.io.File[]' value '[Ljava.io.File;@436402bd' to type 'java.io.File[]'
20:06:37.959 [Executing gerritCommentStepInvokeTest(jenkins.plugins.gerrit.workflow.GerritCommentStepTest)] DEBUG o.a.c.b.converters.ArrayConverter -     No conversion required, value is already a java.io.File[]
20:06:37.959 [Executing gerritCommentStepInvokeTest(jenkins.plugins.gerrit.workflow.GerritCommentStepTest)] DEBUG o.a.c.b.converters.ArrayConverter - Setting default value: [Ljava.sql.Date;@33a581c8
20:06:37.959 [Executing gerritCommentStepInvokeTest(jenkins.plugins.gerrit.workflow.GerritCommentStepTest)] DEBUG o.a.c.b.converters.ArrayConverter - Converting 'java.sql.Date[]' value '[Ljava.sql.Date;@33a581c8' to type 'java.sql.Date[]'
20:06:37.959 [Executing gerritCommentStepInvokeTest(jenkins.plugins.gerrit.workflow.GerritCommentStepTest)] DEBUG o.a.c.b.converters.ArrayConverter -     No conversion required, value is already a java.sql.Date[]
20:06:37.959 [Executing gerritCommentStepInvokeTest(jenkins.plugins.gerrit.workflow.GerritCommentStepTest)] DEBUG o.a.c.b.converters.ArrayConverter - Setting default value: [Ljava.sql.Time;@5d313e39
20:06:37.959 [Executing gerritCommentStepInvokeTest(jenkins.plugins.gerrit.workflow.GerritCommentStepTest)] DEBUG o.a.c.b.converters.ArrayConverter - Converting 'java.sql.Time[]' value '[Ljava.sql.Time;@5d313e39' to type 'java.sql.Time[]'
20:06:37.959 [Executing gerritCommentStepInvokeTest(jenkins.plugins.gerrit.workflow.GerritCommentStepTest)] DEBUG o.a.c.b.converters.ArrayConverter -     No conversion required, value is already a java.sql.Time[]
20:06:37.959 [Executing gerritCommentStepInvokeTest(jenkins.plugins.gerrit.workflow.GerritCommentStepTest)] DEBUG o.a.c.b.converters.ArrayConverter - Setting default value: [Ljava.sql.Timestamp;@486eb0da
20:06:37.959 [Executing gerritCommentStepInvokeTest(jenkins.plugins.gerrit.workflow.GerritCommentStepTest)] DEBUG o.a.c.b.converters.ArrayConverter - Converting 'java.sql.Timestamp[]' value '[Ljava.sql.Timestamp;@486eb0da' to type 'java.sql.Timestamp[]'
20:06:37.959 [Executing gerritCommentStepInvokeTest(jenkins.plugins.gerrit.workflow.GerritCommentStepTest)] DEBUG o.a.c.b.converters.ArrayConverter -     No conversion required, value is already a java.sql.Timestamp[]
20:06:37.959 [Executing gerritCommentStepInvokeTest(jenkins.plugins.gerrit.workflow.GerritCommentStepTest)] DEBUG o.a.c.b.converters.ArrayConverter - Setting default value: [Ljava.net.URL;@2bfc2280
20:06:37.959 [Executing gerritCommentStepInvokeTest(jenkins.plugins.gerrit.workflow.GerritCommentStepTest)] DEBUG o.a.c.b.converters.ArrayConverter - Converting 'java.net.URL[]' value '[Ljava.net.URL;@2bfc2280' to type 'java.net.URL[]'
20:06:37.959 [Executing gerritCommentStepInvokeTest(jenkins.plugins.gerrit.workflow.GerritCommentStepTest)] DEBUG o.a.c.b.converters.ArrayConverter -     No conversion required, value is already a java.net.URL[]
20:06:37.970 [Executing gerritCommentStepInvokeTest(jenkins.plugins.gerrit.workflow.GerritCommentStepTest)] DEBUG o.apache.commons.jelly.JellyContext - Registering tag library to:  taglib: org.kohsuke.stapler.jelly.ReallyStaticTagLibrary@5364b1ac
20:06:37.974 [Executing gerritCommentStepInvokeTest(jenkins.plugins.gerrit.workflow.GerritCommentStepTest)] DEBUG o.apache.commons.jelly.JellyContext - Registering tag library to: this taglib: org.kohsuke.stapler.jelly.ThisTagLibrary@2ee9a588
20:06:37.984 [Executing gerritCommentStepInvokeTest(jenkins.plugins.gerrit.workflow.GerritCommentStepTest)] DEBUG o.e.j.u.component.ContainerLifeCycle - org.eclipse.jetty.server.Server@227938a3 added {qtp2060942232{STOPPED,8<=0<=200,i=0,q=0},AUTO}
20:06:37.987 [Executing gerritCommentStepInvokeTest(jenkins.plugins.gerrit.workflow.GerritCommentStepTest)] DEBUG o.e.j.u.component.ContainerLifeCycle - org.eclipse.jetty.server.Server@227938a3 added {org.eclipse.jetty.server.handler.ContextHandlerCollection@1e6c0f34[],MANAGED}
20:06:37.987 [Executing gerritCommentStepInvokeTest(jenkins.plugins.gerrit.workflow.GerritCommentStepTest)] DEBUG o.e.j.util.DecoratedObjectFactory - Adding Decorator: org.eclipse.jetty.util.DeprecationWarning@492ce9e2
20:06:37.988 [Executing gerritCommentStepInvokeTest(jenkins.plugins.gerrit.workflow.GerritCommentStepTest)] DEBUG o.e.j.u.component.ContainerLifeCycle - org.eclipse.jetty.server.handler.ContextHandlerCollection@1e6c0f34[o.e.j.s.ServletContextHandler@3ab06905{/,null,UNAVAILABLE}] added {o.e.j.s.ServletContextHandler@3ab06905{/,null,UNAVAILABLE},AUTO}
20:06:37.988 [Executing gerritCommentStepInvokeTest(jenkins.plugins.gerrit.workflow.GerritCommentStepTest)] DEBUG o.e.j.u.component.ContainerLifeCycle - o.e.j.s.ServletContextHandler@3ab06905{/,null,UNAVAILABLE} added {org.eclipse.jetty.server.session.SessionHandler1478671571==dftMaxIdleSec=-1,MANAGED}
20:06:37.988 [Executing gerritCommentStepInvokeTest(jenkins.plugins.gerrit.workflow.GerritCommentStepTest)] DEBUG o.e.j.u.component.ContainerLifeCycle - org.eclipse.jetty.server.session.SessionHandler1478671571==dftMaxIdleSec=-1 added {org.eclipse.jetty.servlet.ServletHandler@26c91d4c,MANAGED}
20:06:37.988 [Executing gerritCommentStepInvokeTest(jenkins.plugins.gerrit.workflow.GerritCommentStepTest)] DEBUG o.e.j.u.component.ContainerLifeCycle - org.eclipse.jetty.servlet.ServletHandler@26c91d4c added {org.jvnet.hudson.test.JavaNetReverseProxy-804838e@998eff6e==org.jvnet.hudson.test.JavaNetReverseProxy,jsp=null,order=-1,inst=true,AUTO}
20:06:37.988 [Executing gerritCommentStepInvokeTest(jenkins.plugins.gerrit.workflow.GerritCommentStepTest)] DEBUG o.e.j.u.component.ContainerLifeCycle - org.eclipse.jetty.servlet.ServletHandler@26c91d4c added {[/]=>org.jvnet.hudson.test.JavaNetReverseProxy-804838e,POJO}
20:06:37.988 [Executing gerritCommentStepInvokeTest(jenkins.plugins.gerrit.workflow.GerritCommentStepTest)] DEBUG o.e.j.u.component.ContainerLifeCycle - HttpConnectionFactory@31c52bca[HTTP/1.1] added {HttpConfiguration@7cccdd05{32768/8192,8192/8192,https://:0,[]},POJO}
20:06:37.989 [Executing gerritCommentStepInvokeTest(jenkins.plugins.gerrit.workflow.GerritCommentStepTest)] DEBUG o.e.j.u.component.ContainerLifeCycle - ServerConnector@3e356580{null,[]}{0.0.0.0:0} added {org.eclipse.jetty.server.Server@227938a3,UNMANAGED}
20:06:37.989 [Executing gerritCommentStepInvokeTest(jenkins.plugins.gerrit.workflow.GerritCommentStepTest)] DEBUG o.e.j.u.component.ContainerLifeCycle - ServerConnector@3e356580{null,[]}{0.0.0.0:0} added {qtp2060942232{STOPPED,8<=0<=200,i=0,q=0},AUTO}
20:06:37.989 [Executing gerritCommentStepInvokeTest(jenkins.plugins.gerrit.workflow.GerritCommentStepTest)] DEBUG o.e.j.u.component.ContainerLifeCycle - ServerConnector@3e356580{null,[]}{0.0.0.0:0} added {org.eclipse.jetty.util.thread.ScheduledExecutorScheduler@12818cad,AUTO}
20:06:37.989 [Executing gerritCommentStepInvokeTest(jenkins.plugins.gerrit.workflow.GerritCommentStepTest)] DEBUG o.e.j.u.component.ContainerLifeCycle - ServerConnector@3e356580{null,[]}{0.0.0.0:0} added {org.eclipse.jetty.io.ArrayByteBufferPool@263692f7,POJO}
20:06:37.990 [Executing gerritCommentStepInvokeTest(jenkins.plugins.gerrit.workflow.GerritCommentStepTest)] DEBUG o.e.j.u.component.ContainerLifeCycle - ServerConnector@3e356580{null,[http/1.1]}{0.0.0.0:0} added {HttpConnectionFactory@31c52bca[HTTP/1.1],AUTO}
20:06:37.990 [Executing gerritCommentStepInvokeTest(jenkins.plugins.gerrit.workflow.GerritCommentStepTest)] DEBUG o.e.jetty.server.AbstractConnector - ServerConnector@3e356580{HTTP/1.1,[http/1.1]}{0.0.0.0:0} added HttpConnectionFactory@31c52bca[HTTP/1.1]
20:06:37.990 [Executing gerritCommentStepInvokeTest(jenkins.plugins.gerrit.workflow.GerritCommentStepTest)] DEBUG o.e.j.u.component.ContainerLifeCycle - ServerConnector@3e356580{HTTP/1.1,[http/1.1]}{0.0.0.0:0} added {org.eclipse.jetty.server.ServerConnector$ServerConnectorManager@3c0847c1,MANAGED}
20:06:37.990 [Executing gerritCommentStepInvokeTest(jenkins.plugins.gerrit.workflow.GerritCommentStepTest)] DEBUG o.e.j.u.component.ContainerLifeCycle - org.eclipse.jetty.server.Server@227938a3 added {ServerConnector@3e356580{HTTP/1.1,[http/1.1]}{0.0.0.0:0},AUTO}
20:06:37.990 [Executing gerritCommentStepInvokeTest(jenkins.plugins.gerrit.workflow.GerritCommentStepTest)] DEBUG o.e.j.u.component.AbstractLifeCycle - starting org.eclipse.jetty.server.Server@227938a3
20:06:37.990 [Executing gerritCommentStepInvokeTest(jenkins.plugins.gerrit.workflow.GerritCommentStepTest)] DEBUG o.e.j.u.component.ContainerLifeCycle - org.eclipse.jetty.server.Server@227938a3 added {org.eclipse.jetty.server.handler.ErrorHandler@22f24009,AUTO}
20:06:37.990 [Executing gerritCommentStepInvokeTest(jenkins.plugins.gerrit.workflow.GerritCommentStepTest)] INFO  org.eclipse.jetty.server.Server - jetty-9.4.5.v20170502
20:06:37.990 [Executing gerritCommentStepInvokeTest(jenkins.plugins.gerrit.workflow.GerritCommentStepTest)] DEBUG o.e.j.server.handler.AbstractHandler - starting org.eclipse.jetty.server.Server@227938a3
20:06:37.990 [Executing gerritCommentStepInvokeTest(jenkins.plugins.gerrit.workflow.GerritCommentStepTest)] DEBUG o.e.j.u.component.AbstractLifeCycle - starting qtp2060942232{STOPPED,8<=0<=200,i=0,q=0}
20:06:38.000 [Executing gerritCommentStepInvokeTest(jenkins.plugins.gerrit.workflow.GerritCommentStepTest)] DEBUG o.e.j.u.component.AbstractLifeCycle - STARTED @28317ms qtp2060942232{STARTED,8<=8<=200,i=8,q=0}
20:06:38.001 [Executing gerritCommentStepInvokeTest(jenkins.plugins.gerrit.workflow.GerritCommentStepTest)] DEBUG o.e.j.u.component.AbstractLifeCycle - starting org.eclipse.jetty.server.handler.ContextHandlerCollection@1e6c0f34[o.e.j.s.ServletContextHandler@3ab06905{/,null,UNAVAILABLE}]
20:06:38.002 [Executing gerritCommentStepInvokeTest(jenkins.plugins.gerrit.workflow.GerritCommentStepTest)] DEBUG o.e.j.s.h.ContextHandlerCollection - ->[{o.e.j.s.ServletContextHandler@3ab06905{/,null,UNAVAILABLE},[o.e.j.s.ServletContextHandler@3ab06905{/,null,UNAVAILABLE}]}]
20:06:38.002 [Executing gerritCommentStepInvokeTest(jenkins.plugins.gerrit.workflow.GerritCommentStepTest)] DEBUG o.e.j.server.handler.AbstractHandler - starting org.eclipse.jetty.server.handler.ContextHandlerCollection@1e6c0f34[o.e.j.s.ServletContextHandler@3ab06905{/,null,UNAVAILABLE}]
20:06:38.002 [Executing gerritCommentStepInvokeTest(jenkins.plugins.gerrit.workflow.GerritCommentStepTest)] DEBUG o.e.j.u.component.AbstractLifeCycle - starting o.e.j.s.ServletContextHandler@3ab06905{/,null,UNAVAILABLE}
20:06:38.002 [Executing gerritCommentStepInvokeTest(jenkins.plugins.gerrit.workflow.GerritCommentStepTest)] DEBUG o.e.j.server.handler.AbstractHandler - starting o.e.j.s.ServletContextHandler@3ab06905{/,null,STARTING}
20:06:38.002 [Executing gerritCommentStepInvokeTest(jenkins.plugins.gerrit.workflow.GerritCommentStepTest)] DEBUG o.e.j.u.component.AbstractLifeCycle - starting org.eclipse.jetty.server.session.SessionHandler1478671571==dftMaxIdleSec=-1
20:06:38.007 [Executing gerritCommentStepInvokeTest(jenkins.plugins.gerrit.workflow.GerritCommentStepTest)] DEBUG o.e.j.u.component.ContainerLifeCycle - org.eclipse.jetty.server.session.SessionHandler1478671571==dftMaxIdleSec=-1 added {org.eclipse.jetty.server.session.DefaultSessionCache@31648184[evict=-1,removeUnloadable=false,saveOnCreate=false,saveOnInactiveEvict=false],AUTO}
20:06:38.007 [Executing gerritCommentStepInvokeTest(jenkins.plugins.gerrit.workflow.GerritCommentStepTest)] DEBUG o.e.j.u.component.ContainerLifeCycle - org.eclipse.jetty.server.session.DefaultSessionCache@31648184[evict=-1,removeUnloadable=false,saveOnCreate=false,saveOnInactiveEvict=false] added {org.eclipse.jetty.server.session.NullSessionDataStore@399c228c[passivating=false,graceSec=3600],AUTO}
20:06:38.007 [Executing gerritCommentStepInvokeTest(jenkins.plugins.gerrit.workflow.GerritCommentStepTest)] DEBUG o.e.j.u.component.AbstractLifeCycle - starting org.eclipse.jetty.server.session.DefaultSessionIdManager@67a06e60[worker=null]
20:06:38.007 [Executing gerritCommentStepInvokeTest(jenkins.plugins.gerrit.workflow.GerritCommentStepTest)] INFO  org.eclipse.jetty.server.session - DefaultSessionIdManager workerName=node0
20:06:38.007 [Executing gerritCommentStepInvokeTest(jenkins.plugins.gerrit.workflow.GerritCommentStepTest)] INFO  org.eclipse.jetty.server.session - No SessionScavenger set, using defaults
20:06:38.007 [Executing gerritCommentStepInvokeTest(jenkins.plugins.gerrit.workflow.GerritCommentStepTest)] DEBUG o.e.j.u.component.ContainerLifeCycle - org.eclipse.jetty.server.session.DefaultSessionIdManager@67a06e60[worker=node0] added {org.eclipse.jetty.server.session.HouseKeeper@4ef810b2[interval=600000, ownscheduler=false],MANAGED}
20:06:38.007 [Executing gerritCommentStepInvokeTest(jenkins.plugins.gerrit.workflow.GerritCommentStepTest)] DEBUG o.e.j.u.component.AbstractLifeCycle - starting org.eclipse.jetty.server.session.HouseKeeper@4ef810b2[interval=600000, ownscheduler=false]
20:06:38.007 [Executing gerritCommentStepInvokeTest(jenkins.plugins.gerrit.workflow.GerritCommentStepTest)] DEBUG o.e.j.u.component.AbstractLifeCycle - starting org.eclipse.jetty.util.thread.ScheduledExecutorScheduler@5b85d048
20:06:38.007 [Executing gerritCommentStepInvokeTest(jenkins.plugins.gerrit.workflow.GerritCommentStepTest)] DEBUG o.e.j.u.component.AbstractLifeCycle - STARTED @28323ms org.eclipse.jetty.util.thread.ScheduledExecutorScheduler@5b85d048
20:06:38.007 [Executing gerritCommentStepInvokeTest(jenkins.plugins.gerrit.workflow.GerritCommentStepTest)] DEBUG org.eclipse.jetty.server.session - Using own scheduler for scavenging
20:06:38.007 [Executing gerritCommentStepInvokeTest(jenkins.plugins.gerrit.workflow.GerritCommentStepTest)] INFO  org.eclipse.jetty.server.session - Scavenging every 600000ms
20:06:38.007 [Executing gerritCommentStepInvokeTest(jenkins.plugins.gerrit.workflow.GerritCommentStepTest)] DEBUG o.e.j.u.component.AbstractLifeCycle - STARTED @28324ms org.eclipse.jetty.server.session.HouseKeeper@4ef810b2[interval=600000, ownscheduler=true]
20:06:38.008 [Executing gerritCommentStepInvokeTest(jenkins.plugins.gerrit.workflow.GerritCommentStepTest)] DEBUG o.e.j.u.component.AbstractLifeCycle - STARTED @28324ms org.eclipse.jetty.server.session.DefaultSessionIdManager@67a06e60[worker=node0]
20:06:38.008 [Executing gerritCommentStepInvokeTest(jenkins.plugins.gerrit.workflow.GerritCommentStepTest)] DEBUG o.e.j.u.component.ContainerLifeCycle - org.eclipse.jetty.server.Server@227938a3 added {org.eclipse.jetty.server.session.DefaultSessionIdManager@67a06e60[worker=node0],MANAGED}
20:06:38.008 [Executing gerritCommentStepInvokeTest(jenkins.plugins.gerrit.workflow.GerritCommentStepTest)] DEBUG o.e.j.u.component.ContainerLifeCycle - org.eclipse.jetty.server.session.SessionHandler1478671571==dftMaxIdleSec=-1 added {org.eclipse.jetty.server.session.DefaultSessionIdManager@67a06e60[worker=node0],UNMANAGED}
20:06:38.008 [Executing gerritCommentStepInvokeTest(jenkins.plugins.gerrit.workflow.GerritCommentStepTest)] DEBUG o.e.j.u.component.AbstractLifeCycle - starting org.eclipse.jetty.util.thread.ScheduledExecutorScheduler@67e2ac92
20:06:38.008 [Executing gerritCommentStepInvokeTest(jenkins.plugins.gerrit.workflow.GerritCommentStepTest)] DEBUG o.e.j.u.component.AbstractLifeCycle - STARTED @28325ms org.eclipse.jetty.util.thread.ScheduledExecutorScheduler@67e2ac92
20:06:38.008 [Executing gerritCommentStepInvokeTest(jenkins.plugins.gerrit.workflow.GerritCommentStepTest)] DEBUG o.e.j.server.handler.AbstractHandler - starting org.eclipse.jetty.server.session.SessionHandler1478671571==dftMaxIdleSec=-1
20:06:38.008 [Executing gerritCommentStepInvokeTest(jenkins.plugins.gerrit.workflow.GerritCommentStepTest)] DEBUG o.e.j.u.component.AbstractLifeCycle - starting org.eclipse.jetty.servlet.ServletHandler@26c91d4c
20:06:38.008 [Executing gerritCommentStepInvokeTest(jenkins.plugins.gerrit.workflow.GerritCommentStepTest)] DEBUG o.e.jetty.servlet.ServletHandler - Path=/[EMBEDDED:null] mapped to servlet=org.jvnet.hudson.test.JavaNetReverseProxy-804838e[EMBEDDED:null]
20:06:38.009 [Executing gerritCommentStepInvokeTest(jenkins.plugins.gerrit.workflow.GerritCommentStepTest)] DEBUG o.e.jetty.http.pathmap.PathMappings - Added MappedResource[pathSpec=ServletPathSpec["/",pathDepth=-1,group=DEFAULT],resource=org.jvnet.hudson.test.JavaNetReverseProxy-804838e@998eff6e==org.jvnet.hudson.test.JavaNetReverseProxy,jsp=null,order=-1,inst=true] to PathMappings[size=1]
20:06:38.009 [Executing gerritCommentStepInvokeTest(jenkins.plugins.gerrit.workflow.GerritCommentStepTest)] DEBUG o.e.jetty.servlet.ServletHandler - filterNameMap={}
20:06:38.009 [Executing gerritCommentStepInvokeTest(jenkins.plugins.gerrit.workflow.GerritCommentStepTest)] DEBUG o.e.jetty.servlet.ServletHandler - pathFilters=null
20:06:38.009 [Executing gerritCommentStepInvokeTest(jenkins.plugins.gerrit.workflow.GerritCommentStepTest)] DEBUG o.e.jetty.servlet.ServletHandler - servletFilterMap=null
20:06:38.009 [Executing gerritCommentStepInvokeTest(jenkins.plugins.gerrit.workflow.GerritCommentStepTest)] DEBUG o.e.jetty.servlet.ServletHandler - servletPathMap=PathMappings[size=1]
20:06:38.009 [Executing gerritCommentStepInvokeTest(jenkins.plugins.gerrit.workflow.GerritCommentStepTest)] DEBUG o.e.jetty.servlet.ServletHandler - servletNameMap={org.jvnet.hudson.test.JavaNetReverseProxy-804838e=org.jvnet.hudson.test.JavaNetReverseProxy-804838e@998eff6e==org.jvnet.hudson.test.JavaNetReverseProxy,jsp=null,order=-1,inst=true}
20:06:38.009 [Executing gerritCommentStepInvokeTest(jenkins.plugins.gerrit.workflow.GerritCommentStepTest)] DEBUG o.e.j.server.handler.AbstractHandler - starting org.eclipse.jetty.servlet.ServletHandler@26c91d4c
20:06:38.009 [Executing gerritCommentStepInvokeTest(jenkins.plugins.gerrit.workflow.GerritCommentStepTest)] DEBUG o.e.j.u.component.AbstractLifeCycle - STARTED @28325ms org.eclipse.jetty.servlet.ServletHandler@26c91d4c
20:06:38.009 [Executing gerritCommentStepInvokeTest(jenkins.plugins.gerrit.workflow.GerritCommentStepTest)] DEBUG o.e.j.u.component.AbstractLifeCycle - starting org.eclipse.jetty.server.session.DefaultSessionCache@31648184[evict=-1,removeUnloadable=false,saveOnCreate=false,saveOnInactiveEvict=false]
20:06:38.009 [Executing gerritCommentStepInvokeTest(jenkins.plugins.gerrit.workflow.GerritCommentStepTest)] DEBUG o.e.j.u.component.AbstractLifeCycle - starting org.eclipse.jetty.server.session.NullSessionDataStore@399c228c[passivating=false,graceSec=3600]
20:06:38.009 [Executing gerritCommentStepInvokeTest(jenkins.plugins.gerrit.workflow.GerritCommentStepTest)] DEBUG o.e.j.u.component.AbstractLifeCycle - STARTED @28325ms org.eclipse.jetty.server.session.NullSessionDataStore@399c228c[passivating=false,graceSec=3600]
20:06:38.009 [Executing gerritCommentStepInvokeTest(jenkins.plugins.gerrit.workflow.GerritCommentStepTest)] DEBUG o.e.j.u.component.AbstractLifeCycle - STARTED @28325ms org.eclipse.jetty.server.session.DefaultSessionCache@31648184[evict=-1,removeUnloadable=false,saveOnCreate=false,saveOnInactiveEvict=false]
20:06:38.009 [Executing gerritCommentStepInvokeTest(jenkins.plugins.gerrit.workflow.GerritCommentStepTest)] DEBUG o.e.j.u.component.AbstractLifeCycle - STARTED @28325ms org.eclipse.jetty.server.session.SessionHandler1478671571==dftMaxIdleSec=-1
20:06:38.009 [Executing gerritCommentStepInvokeTest(jenkins.plugins.gerrit.workflow.GerritCommentStepTest)] DEBUG o.e.j.u.component.AbstractLifeCycle - starting org.jvnet.hudson.test.JavaNetReverseProxy-804838e@998eff6e==org.jvnet.hudson.test.JavaNetReverseProxy,jsp=null,order=-1,inst=true
20:06:38.009 [Executing gerritCommentStepInvokeTest(jenkins.plugins.gerrit.workflow.GerritCommentStepTest)] DEBUG o.e.j.u.component.AbstractLifeCycle - STARTED @28325ms org.jvnet.hudson.test.JavaNetReverseProxy-804838e@998eff6e==org.jvnet.hudson.test.JavaNetReverseProxy,jsp=null,order=-1,inst=true
20:06:38.009 [Executing gerritCommentStepInvokeTest(jenkins.plugins.gerrit.workflow.GerritCommentStepTest)] DEBUG o.e.jetty.servlet.ServletHolder - Servlet.init org.jvnet.hudson.test.JavaNetReverseProxy@69115d5c for org.jvnet.hudson.test.JavaNetReverseProxy-804838e
20:06:38.009 [Executing gerritCommentStepInvokeTest(jenkins.plugins.gerrit.workflow.GerritCommentStepTest)] INFO  o.e.j.server.handler.ContextHandler - Started o.e.j.s.ServletContextHandler@3ab06905{/,null,AVAILABLE}
20:06:38.009 [Executing gerritCommentStepInvokeTest(jenkins.plugins.gerrit.workflow.GerritCommentStepTest)] DEBUG o.e.j.u.component.AbstractLifeCycle - STARTED @28326ms o.e.j.s.ServletContextHandler@3ab06905{/,null,AVAILABLE}
20:06:38.009 [Executing gerritCommentStepInvokeTest(jenkins.plugins.gerrit.workflow.GerritCommentStepTest)] DEBUG o.e.j.u.component.AbstractLifeCycle - STARTED @28326ms org.eclipse.jetty.server.handler.ContextHandlerCollection@1e6c0f34[o.e.j.s.ServletContextHandler@3ab06905{/,null,AVAILABLE}]
20:06:38.009 [Executing gerritCommentStepInvokeTest(jenkins.plugins.gerrit.workflow.GerritCommentStepTest)] DEBUG o.e.j.u.component.AbstractLifeCycle - starting org.eclipse.jetty.server.handler.ErrorHandler@22f24009
20:06:38.009 [Executing gerritCommentStepInvokeTest(jenkins.plugins.gerrit.workflow.GerritCommentStepTest)] DEBUG o.e.j.server.handler.AbstractHandler - starting org.eclipse.jetty.server.handler.ErrorHandler@22f24009
20:06:38.009 [Executing gerritCommentStepInvokeTest(jenkins.plugins.gerrit.workflow.GerritCommentStepTest)] DEBUG o.e.j.u.component.AbstractLifeCycle - STARTED @28326ms org.eclipse.jetty.server.handler.ErrorHandler@22f24009
20:06:38.010 [Executing gerritCommentStepInvokeTest(jenkins.plugins.gerrit.workflow.GerritCommentStepTest)] DEBUG o.e.j.u.component.AbstractLifeCycle - starting ServerConnector@3e356580{HTTP/1.1,[http/1.1]}{0.0.0.0:0}
20:06:38.010 [Executing gerritCommentStepInvokeTest(jenkins.plugins.gerrit.workflow.GerritCommentStepTest)] DEBUG o.e.j.u.component.ContainerLifeCycle - ServerConnector@3e356580{HTTP/1.1,[http/1.1]}{0.0.0.0:40607} added {sun.nio.ch.ServerSocketChannelImpl[/0.0.0.0:40607],POJO}
20:06:38.010 [Executing gerritCommentStepInvokeTest(jenkins.plugins.gerrit.workflow.GerritCommentStepTest)] DEBUG o.e.j.u.component.AbstractLifeCycle - starting org.eclipse.jetty.util.thread.ScheduledExecutorScheduler@12818cad
20:06:38.010 [Executing gerritCommentStepInvokeTest(jenkins.plugins.gerrit.workflow.GerritCommentStepTest)] DEBUG o.e.j.u.component.AbstractLifeCycle - STARTED @28326ms org.eclipse.jetty.util.thread.ScheduledExecutorScheduler@12818cad
20:06:38.010 [Executing gerritCommentStepInvokeTest(jenkins.plugins.gerrit.workflow.GerritCommentStepTest)] DEBUG o.e.j.u.component.AbstractLifeCycle - starting HttpConnectionFactory@31c52bca[HTTP/1.1]
20:06:38.010 [Executing gerritCommentStepInvokeTest(jenkins.plugins.gerrit.workflow.GerritCommentStepTest)] DEBUG o.e.j.u.component.AbstractLifeCycle - STARTED @28326ms HttpConnectionFactory@31c52bca[HTTP/1.1]
20:06:38.010 [Executing gerritCommentStepInvokeTest(jenkins.plugins.gerrit.workflow.GerritCommentStepTest)] DEBUG o.e.j.u.component.AbstractLifeCycle - starting org.eclipse.jetty.server.ServerConnector$ServerConnectorManager@3c0847c1
20:06:38.010 [Executing gerritCommentStepInvokeTest(jenkins.plugins.gerrit.workflow.GerritCommentStepTest)] DEBUG o.e.j.u.component.ContainerLifeCycle - org.eclipse.jetty.io.ManagedSelector@1c63d7a6 id=0 keys=-1 selected=-1 added {EatWhatYouKill@3712bf7d/org.eclipse.jetty.io.ManagedSelector$SelectorProducer@45e60331/IDLE/0/1,AUTO}
20:06:38.010 [Executing gerritCommentStepInvokeTest(jenkins.plugins.gerrit.workflow.GerritCommentStepTest)] DEBUG o.e.j.u.component.ContainerLifeCycle - org.eclipse.jetty.server.ServerConnector$ServerConnectorManager@3c0847c1 added {org.eclipse.jetty.io.ManagedSelector@1c63d7a6 id=0 keys=-1 selected=-1,AUTO}
20:06:38.010 [Executing gerritCommentStepInvokeTest(jenkins.plugins.gerrit.workflow.GerritCommentStepTest)] DEBUG o.e.j.u.component.ContainerLifeCycle - org.eclipse.jetty.io.ManagedSelector@267e4d6c id=1 keys=-1 selected=-1 added {EatWhatYouKill@242270e2/org.eclipse.jetty.io.ManagedSelector$SelectorProducer@669da4c/IDLE/0/1,AUTO}
20:06:38.010 [Executing gerritCommentStepInvokeTest(jenkins.plugins.gerrit.workflow.GerritCommentStepTest)] DEBUG o.e.j.u.component.ContainerLifeCycle - org.eclipse.jetty.server.ServerConnector$ServerConnectorManager@3c0847c1 added {org.eclipse.jetty.io.ManagedSelector@267e4d6c id=1 keys=-1 selected=-1,AUTO}
20:06:38.010 [Executing gerritCommentStepInvokeTest(jenkins.plugins.gerrit.workflow.GerritCommentStepTest)] DEBUG o.e.j.u.component.ContainerLifeCycle - org.eclipse.jetty.io.ManagedSelector@73e3ae3b id=2 keys=-1 selected=-1 added {EatWhatYouKill@27229806/org.eclipse.jetty.io.ManagedSelector$SelectorProducer@10304960/IDLE/0/1,AUTO}
20:06:38.010 [Executing gerritCommentStepInvokeTest(jenkins.plugins.gerrit.workflow.GerritCommentStepTest)] DEBUG o.e.j.u.component.ContainerLifeCycle - org.eclipse.jetty.server.ServerConnector$ServerConnectorManager@3c0847c1 added {org.eclipse.jetty.io.ManagedSelector@73e3ae3b id=2 keys=-1 selected=-1,AUTO}
20:06:38.010 [Executing gerritCommentStepInvokeTest(jenkins.plugins.gerrit.workflow.GerritCommentStepTest)] DEBUG o.e.j.u.component.ContainerLifeCycle - org.eclipse.jetty.io.ManagedSelector@58c34a90 id=3 keys=-1 selected=-1 added {EatWhatYouKill@363fa5c5/org.eclipse.jetty.io.ManagedSelector$SelectorProducer@56ee9ac/IDLE/0/1,AUTO}
20:06:38.010 [Executing gerritCommentStepInvokeTest(jenkins.plugins.gerrit.workflow.GerritCommentStepTest)] DEBUG o.e.j.u.component.ContainerLifeCycle - org.eclipse.jetty.server.ServerConnector$ServerConnectorManager@3c0847c1 added {org.eclipse.jetty.io.ManagedSelector@58c34a90 id=3 keys=-1 selected=-1,AUTO}
20:06:38.010 [Executing gerritCommentStepInvokeTest(jenkins.plugins.gerrit.workflow.GerritCommentStepTest)] DEBUG o.e.j.u.component.AbstractLifeCycle - starting org.eclipse.jetty.io.ManagedSelector@1c63d7a6 id=0 keys=-1 selected=-1
20:06:38.011 [Executing gerritCommentStepInvokeTest(jenkins.plugins.gerrit.workflow.GerritCommentStepTest)] DEBUG o.e.j.u.component.AbstractLifeCycle - starting EatWhatYouKill@3712bf7d/org.eclipse.jetty.io.ManagedSelector$SelectorProducer@45e60331/IDLE/0/1
20:06:38.011 [Executing gerritCommentStepInvokeTest(jenkins.plugins.gerrit.workflow.GerritCommentStepTest)] DEBUG o.e.j.u.component.AbstractLifeCycle - STARTED @28327ms EatWhatYouKill@3712bf7d/org.eclipse.jetty.io.ManagedSelector$SelectorProducer@45e60331/IDLE/0/1
20:06:38.011 [Executing gerritCommentStepInvokeTest(jenkins.plugins.gerrit.workflow.GerritCommentStepTest)] DEBUG o.e.j.util.thread.QueuedThreadPool - queue org.eclipse.jetty.io.ManagedSelector$$Lambda$16/1602738848@1787cb28
20:06:38.011 [qtp2060942232-120] DEBUG o.e.j.util.thread.QueuedThreadPool - run org.eclipse.jetty.io.ManagedSelector$$Lambda$16/1602738848@1787cb28
20:06:38.011 [qtp2060942232-120] DEBUG o.e.j.u.t.strategy.EatWhatYouKill - EatWhatYouKill@3712bf7d/org.eclipse.jetty.io.ManagedSelector$SelectorProducer@45e60331/PRODUCING/0/1 execute true
20:06:38.011 [qtp2060942232-120] DEBUG o.e.j.u.t.strategy.EatWhatYouKill - EatWhatYouKill@3712bf7d/org.eclipse.jetty.io.ManagedSelector$SelectorProducer@45e60331/PRODUCING/0/1 produce non-blocking
20:06:38.011 [qtp2060942232-120] DEBUG org.eclipse.jetty.io.ManagedSelector - Selector loop waiting on select
20:06:38.011 [Executing gerritCommentStepInvokeTest(jenkins.plugins.gerrit.workflow.GerritCommentStepTest)] DEBUG o.e.j.u.component.AbstractLifeCycle - STARTED @28327ms org.eclipse.jetty.io.ManagedSelector@1c63d7a6 id=0 keys=0 selected=0
20:06:38.011 [Executing gerritCommentStepInvokeTest(jenkins.plugins.gerrit.workflow.GerritCommentStepTest)] DEBUG o.e.j.u.component.AbstractLifeCycle - starting org.eclipse.jetty.io.ManagedSelector@267e4d6c id=1 keys=-1 selected=-1
20:06:38.011 [Executing gerritCommentStepInvokeTest(jenkins.plugins.gerrit.workflow.GerritCommentStepTest)] DEBUG o.e.j.u.component.AbstractLifeCycle - starting EatWhatYouKill@242270e2/org.eclipse.jetty.io.ManagedSelector$SelectorProducer@669da4c/IDLE/0/1
20:06:38.011 [Executing gerritCommentStepInvokeTest(jenkins.plugins.gerrit.workflow.GerritCommentStepTest)] DEBUG o.e.j.u.component.AbstractLifeCycle - STARTED @28327ms EatWhatYouKill@242270e2/org.eclipse.jetty.io.ManagedSelector$SelectorProducer@669da4c/IDLE/0/1
20:06:38.011 [Executing gerritCommentStepInvokeTest(jenkins.plugins.gerrit.workflow.GerritCommentStepTest)] DEBUG o.e.j.util.thread.QueuedThreadPool - queue org.eclipse.jetty.io.ManagedSelector$$Lambda$16/1602738848@55529482
20:06:38.011 [Executing gerritCommentStepInvokeTest(jenkins.plugins.gerrit.workflow.GerritCommentStepTest)] DEBUG o.e.j.u.component.AbstractLifeCycle - STARTED @28328ms org.eclipse.jetty.io.ManagedSelector@267e4d6c id=1 keys=0 selected=0
20:06:38.011 [Executing gerritCommentStepInvokeTest(jenkins.plugins.gerrit.workflow.GerritCommentStepTest)] DEBUG o.e.j.u.component.AbstractLifeCycle - starting org.eclipse.jetty.io.ManagedSelector@73e3ae3b id=2 keys=-1 selected=-1
20:06:38.011 [Executing gerritCommentStepInvokeTest(jenkins.plugins.gerrit.workflow.GerritCommentStepTest)] DEBUG o.e.j.u.component.AbstractLifeCycle - starting EatWhatYouKill@27229806/org.eclipse.jetty.io.ManagedSelector$SelectorProducer@10304960/IDLE/0/1
20:06:38.011 [Executing gerritCommentStepInvokeTest(jenkins.plugins.gerrit.workflow.GerritCommentStepTest)] DEBUG o.e.j.u.component.AbstractLifeCycle - STARTED @28328ms EatWhatYouKill@27229806/org.eclipse.jetty.io.ManagedSelector$SelectorProducer@10304960/IDLE/0/1
20:06:38.012 [Executing gerritCommentStepInvokeTest(jenkins.plugins.gerrit.workflow.GerritCommentStepTest)] DEBUG o.e.j.util.thread.QueuedThreadPool - queue org.eclipse.jetty.io.ManagedSelector$$Lambda$16/1602738848@1e880260
20:06:38.012 [Executing gerritCommentStepInvokeTest(jenkins.plugins.gerrit.workflow.GerritCommentStepTest)] DEBUG o.e.j.u.component.AbstractLifeCycle - STARTED @28328ms org.eclipse.jetty.io.ManagedSelector@73e3ae3b id=2 keys=0 selected=0
20:06:38.012 [Executing gerritCommentStepInvokeTest(jenkins.plugins.gerrit.workflow.GerritCommentStepTest)] DEBUG o.e.j.u.component.AbstractLifeCycle - starting org.eclipse.jetty.io.ManagedSelector@58c34a90 id=3 keys=-1 selected=-1
20:06:38.012 [Executing gerritCommentStepInvokeTest(jenkins.plugins.gerrit.workflow.GerritCommentStepTest)] DEBUG o.e.j.u.component.AbstractLifeCycle - starting EatWhatYouKill@363fa5c5/org.eclipse.jetty.io.ManagedSelector$SelectorProducer@56ee9ac/IDLE/0/1
20:06:38.012 [Executing gerritCommentStepInvokeTest(jenkins.plugins.gerrit.workflow.GerritCommentStepTest)] DEBUG o.e.j.u.component.AbstractLifeCycle - STARTED @28328ms EatWhatYouKill@363fa5c5/org.eclipse.jetty.io.ManagedSelector$SelectorProducer@56ee9ac/IDLE/0/1
20:06:38.012 [Executing gerritCommentStepInvokeTest(jenkins.plugins.gerrit.workflow.GerritCommentStepTest)] DEBUG o.e.j.util.thread.QueuedThreadPool - queue org.eclipse.jetty.io.ManagedSelector$$Lambda$16/1602738848@6c59bb94
20:06:38.012 [qtp2060942232-121] DEBUG o.e.j.util.thread.QueuedThreadPool - run org.eclipse.jetty.io.ManagedSelector$$Lambda$16/1602738848@55529482
20:06:38.012 [Executing gerritCommentStepInvokeTest(jenkins.plugins.gerrit.workflow.GerritCommentStepTest)] DEBUG o.e.j.u.component.AbstractLifeCycle - STARTED @28328ms org.eclipse.jetty.io.ManagedSelector@58c34a90 id=3 keys=0 selected=0
20:06:38.012 [qtp2060942232-122] DEBUG o.e.j.util.thread.QueuedThreadPool - run org.eclipse.jetty.io.ManagedSelector$$Lambda$16/1602738848@1e880260
20:06:38.012 [qtp2060942232-121] DEBUG o.e.j.u.t.strategy.EatWhatYouKill - EatWhatYouKill@242270e2/org.eclipse.jetty.io.ManagedSelector$SelectorProducer@669da4c/PRODUCING/0/1 execute true
20:06:38.012 [Executing gerritCommentStepInvokeTest(jenkins.plugins.gerrit.workflow.GerritCommentStepTest)] DEBUG o.e.j.u.component.AbstractLifeCycle - STARTED @28328ms org.eclipse.jetty.server.ServerConnector$ServerConnectorManager@3c0847c1
20:06:38.012 [qtp2060942232-122] DEBUG o.e.j.u.t.strategy.EatWhatYouKill - EatWhatYouKill@27229806/org.eclipse.jetty.io.ManagedSelector$SelectorProducer@10304960/PRODUCING/0/1 execute true
20:06:38.012 [qtp2060942232-123] DEBUG o.e.j.util.thread.QueuedThreadPool - run org.eclipse.jetty.io.ManagedSelector$$Lambda$16/1602738848@6c59bb94
20:06:38.012 [qtp2060942232-121] DEBUG o.e.j.u.t.strategy.EatWhatYouKill - EatWhatYouKill@242270e2/org.eclipse.jetty.io.ManagedSelector$SelectorProducer@669da4c/PRODUCING/0/1 produce non-blocking
20:06:38.012 [qtp2060942232-122] DEBUG o.e.j.u.t.strategy.EatWhatYouKill - EatWhatYouKill@27229806/org.eclipse.jetty.io.ManagedSelector$SelectorProducer@10304960/PRODUCING/0/1 produce non-blocking
20:06:38.012 [qtp2060942232-123] DEBUG o.e.j.u.t.strategy.EatWhatYouKill - EatWhatYouKill@363fa5c5/org.eclipse.jetty.io.ManagedSelector$SelectorProducer@56ee9ac/PRODUCING/0/1 execute true
20:06:38.012 [Executing gerritCommentStepInvokeTest(jenkins.plugins.gerrit.workflow.GerritCommentStepTest)] DEBUG o.e.j.u.component.ContainerLifeCycle - ServerConnector@3e356580{HTTP/1.1,[http/1.1]}{0.0.0.0:40607} added {acceptor-0@45aee3bc,POJO}
20:06:38.012 [qtp2060942232-121] DEBUG org.eclipse.jetty.io.ManagedSelector - Selector loop waiting on select
20:06:38.012 [qtp2060942232-122] DEBUG org.eclipse.jetty.io.ManagedSelector - Selector loop waiting on select
20:06:38.012 [qtp2060942232-123] DEBUG o.e.j.u.t.strategy.EatWhatYouKill - EatWhatYouKill@363fa5c5/org.eclipse.jetty.io.ManagedSelector$SelectorProducer@56ee9ac/PRODUCING/0/1 produce non-blocking
20:06:38.012 [Executing gerritCommentStepInvokeTest(jenkins.plugins.gerrit.workflow.GerritCommentStepTest)] DEBUG o.e.j.util.thread.QueuedThreadPool - queue acceptor-0@45aee3bc
20:06:38.013 [qtp2060942232-123] DEBUG org.eclipse.jetty.io.ManagedSelector - Selector loop waiting on select
20:06:38.013 [qtp2060942232-124] DEBUG o.e.j.util.thread.QueuedThreadPool - run acceptor-0@45aee3bc
20:06:38.013 [Executing gerritCommentStepInvokeTest(jenkins.plugins.gerrit.workflow.GerritCommentStepTest)] DEBUG o.e.j.u.component.ContainerLifeCycle - ServerConnector@3e356580{HTTP/1.1,[http/1.1]}{0.0.0.0:40607} added {acceptor-1@499990f,POJO}
20:06:38.014 [Executing gerritCommentStepInvokeTest(jenkins.plugins.gerrit.workflow.GerritCommentStepTest)] DEBUG o.e.j.util.thread.QueuedThreadPool - queue acceptor-1@499990f
20:06:38.014 [Executing gerritCommentStepInvokeTest(jenkins.plugins.gerrit.workflow.GerritCommentStepTest)] DEBUG o.e.j.u.component.ContainerLifeCycle - ServerConnector@3e356580{HTTP/1.1,[http/1.1]}{0.0.0.0:40607} added {acceptor-2@5adc10fe,POJO}
20:06:38.014 [Executing gerritCommentStepInvokeTest(jenkins.plugins.gerrit.workflow.GerritCommentStepTest)] DEBUG o.e.j.util.thread.QueuedThreadPool - queue acceptor-2@5adc10fe
20:06:38.014 [Executing gerritCommentStepInvokeTest(jenkins.plugins.gerrit.workflow.GerritCommentStepTest)] DEBUG o.e.j.u.component.ContainerLifeCycle - ServerConnector@3e356580{HTTP/1.1,[http/1.1]}{0.0.0.0:40607} added {acceptor-3@7bf8852a,POJO}
20:06:38.014 [qtp2060942232-125] DEBUG o.e.j.util.thread.QueuedThreadPool - run acceptor-1@499990f
20:06:38.015 [Executing gerritCommentStepInvokeTest(jenkins.plugins.gerrit.workflow.GerritCommentStepTest)] DEBUG o.e.j.util.thread.QueuedThreadPool - queue acceptor-3@7bf8852a
20:06:38.015 [Executing gerritCommentStepInvokeTest(jenkins.plugins.gerrit.workflow.GerritCommentStepTest)] INFO  o.e.jetty.server.AbstractConnector - Started ServerConnector@3e356580{HTTP/1.1,[http/1.1]}{0.0.0.0:40607}
20:06:38.015 [qtp2060942232-126] DEBUG o.e.j.util.thread.QueuedThreadPool - run acceptor-2@5adc10fe
20:06:38.015 [Executing gerritCommentStepInvokeTest(jenkins.plugins.gerrit.workflow.GerritCommentStepTest)] DEBUG o.e.j.u.component.AbstractLifeCycle - STARTED @28331ms ServerConnector@3e356580{HTTP/1.1,[http/1.1]}{0.0.0.0:40607}
20:06:38.015 [qtp2060942232-127] DEBUG o.e.j.util.thread.QueuedThreadPool - run acceptor-3@7bf8852a
20:06:38.016 [Executing gerritCommentStepInvokeTest(jenkins.plugins.gerrit.workflow.GerritCommentStepTest)] INFO  org.eclipse.jetty.server.Server - Started @28332ms
20:06:38.016 [Executing gerritCommentStepInvokeTest(jenkins.plugins.gerrit.workflow.GerritCommentStepTest)] DEBUG o.e.j.u.component.AbstractLifeCycle - STARTED @28332ms org.eclipse.jetty.server.Server@227938a3
20:06:38.143 [Executing gerritCommentStepInvokeTest(jenkins.plugins.gerrit.workflow.GerritCommentStepTest)] DEBUG i.n.u.i.l.InternalLoggerFactory - Using SLF4J as the default logging framework
20:06:38.165 [Executing gerritCommentStepInvokeTest(jenkins.plugins.gerrit.workflow.GerritCommentStepTest)] DEBUG i.n.util.internal.PlatformDependent0 - -Dio.netty.noUnsafe: false
20:06:38.166 [Executing gerritCommentStepInvokeTest(jenkins.plugins.gerrit.workflow.GerritCommentStepTest)] DEBUG i.n.util.internal.PlatformDependent0 - Java version: 8
20:06:38.176 [Executing gerritCommentStepInvokeTest(jenkins.plugins.gerrit.workflow.GerritCommentStepTest)] DEBUG i.n.util.internal.PlatformDependent0 - sun.misc.Unsafe.theUnsafe: available
20:06:38.182 [Executing gerritCommentStepInvokeTest(jenkins.plugins.gerrit.workflow.GerritCommentStepTest)] DEBUG i.n.util.internal.PlatformDependent0 - sun.misc.Unsafe.copyMemory: available
20:06:38.182 [Executing gerritCommentStepInvokeTest(jenkins.plugins.gerrit.workflow.GerritCommentStepTest)] DEBUG i.n.util.internal.PlatformDependent0 - java.nio.Buffer.address: available
20:06:38.183 [Executing gerritCommentStepInvokeTest(jenkins.plugins.gerrit.workflow.GerritCommentStepTest)] DEBUG i.n.util.internal.PlatformDependent0 - direct buffer constructor: available
20:06:38.184 [Executing gerritCommentStepInvokeTest(jenkins.plugins.gerrit.workflow.GerritCommentStepTest)] DEBUG i.n.util.internal.PlatformDependent0 - java.nio.Bits.unaligned: available, true
20:06:38.184 [Executing gerritCommentStepInvokeTest(jenkins.plugins.gerrit.workflow.GerritCommentStepTest)] DEBUG i.n.util.internal.PlatformDependent0 - jdk.internal.misc.Unsafe.allocateUninitializedArray(int): unavailable prior to Java9
20:06:38.184 [Executing gerritCommentStepInvokeTest(jenkins.plugins.gerrit.workflow.GerritCommentStepTest)] DEBUG i.n.util.internal.PlatformDependent0 - java.nio.DirectByteBuffer.<init>(long, int): available
20:06:38.184 [Executing gerritCommentStepInvokeTest(jenkins.plugins.gerrit.workflow.GerritCommentStepTest)] DEBUG i.n.util.internal.PlatformDependent - sun.misc.Unsafe: available
20:06:38.184 [Executing gerritCommentStepInvokeTest(jenkins.plugins.gerrit.workflow.GerritCommentStepTest)] DEBUG i.n.util.internal.PlatformDependent - -Dio.netty.tmpdir: /tmp (java.io.tmpdir)
20:06:38.184 [Executing gerritCommentStepInvokeTest(jenkins.plugins.gerrit.workflow.GerritCommentStepTest)] DEBUG i.n.util.internal.PlatformDependent - -Dio.netty.bitMode: 64 (sun.arch.data.model)
20:06:38.186 [Executing gerritCommentStepInvokeTest(jenkins.plugins.gerrit.workflow.GerritCommentStepTest)] DEBUG i.n.util.internal.PlatformDependent - -Dio.netty.noPreferDirect: false
20:06:38.186 [Executing gerritCommentStepInvokeTest(jenkins.plugins.gerrit.workflow.GerritCommentStepTest)] DEBUG i.n.util.internal.PlatformDependent - -Dio.netty.maxDirectMemory: 716177408 bytes
20:06:38.186 [Executing gerritCommentStepInvokeTest(jenkins.plugins.gerrit.workflow.GerritCommentStepTest)] DEBUG i.n.util.internal.PlatformDependent - -Dio.netty.uninitializedArrayAllocationThreshold: -1
20:06:38.187 [Executing gerritCommentStepInvokeTest(jenkins.plugins.gerrit.workflow.GerritCommentStepTest)] DEBUG io.netty.util.internal.CleanerJava6 - java.nio.ByteBuffer.cleaner(): available
20:06:38.227 [Executing gerritCommentStepInvokeTest(jenkins.plugins.gerrit.workflow.GerritCommentStepTest)] DEBUG i.n.c.MultithreadEventLoopGroup - -Dio.netty.eventLoopThreads: 72
20:06:38.279 [Executing gerritCommentStepInvokeTest(jenkins.plugins.gerrit.workflow.GerritCommentStepTest)] DEBUG io.netty.channel.nio.NioEventLoop - -Dio.netty.noKeySetOptimization: false
20:06:38.279 [Executing gerritCommentStepInvokeTest(jenkins.plugins.gerrit.workflow.GerritCommentStepTest)] DEBUG io.netty.channel.nio.NioEventLoop - -Dio.netty.selectorAutoRebuildThreshold: 512
20:06:38.298 [Executing gerritCommentStepInvokeTest(jenkins.plugins.gerrit.workflow.GerritCommentStepTest)] DEBUG i.n.util.internal.PlatformDependent - org.jctools-core.MpscChunkedArrayQueue: available
20:06:38.439 [Executing gerritCommentStepInvokeTest(jenkins.plugins.gerrit.workflow.GerritCommentStepTest)] DEBUG io.netty.util.ResourceLeakDetector - -Dio.netty.leakDetection.level: simple
20:06:38.439 [Executing gerritCommentStepInvokeTest(jenkins.plugins.gerrit.workflow.GerritCommentStepTest)] DEBUG io.netty.util.ResourceLeakDetector - -Dio.netty.leakDetection.targetRecords: 4
20:06:38.446 [Executing gerritCommentStepInvokeTest(jenkins.plugins.gerrit.workflow.GerritCommentStepTest)] DEBUG i.n.buffer.PooledByteBufAllocator - -Dio.netty.allocator.numHeapArenas: 7
20:06:38.446 [Executing gerritCommentStepInvokeTest(jenkins.plugins.gerrit.workflow.GerritCommentStepTest)] DEBUG i.n.buffer.PooledByteBufAllocator - -Dio.netty.allocator.numDirectArenas: 7
20:06:38.446 [Executing gerritCommentStepInvokeTest(jenkins.plugins.gerrit.workflow.GerritCommentStepTest)] DEBUG i.n.buffer.PooledByteBufAllocator - -Dio.netty.allocator.pageSize: 8192
20:06:38.446 [Executing gerritCommentStepInvokeTest(jenkins.plugins.gerrit.workflow.GerritCommentStepTest)] DEBUG i.n.buffer.PooledByteBufAllocator - -Dio.netty.allocator.maxOrder: 11
20:06:38.446 [Executing gerritCommentStepInvokeTest(jenkins.plugins.gerrit.workflow.GerritCommentStepTest)] DEBUG i.n.buffer.PooledByteBufAllocator - -Dio.netty.allocator.chunkSize: 16777216
20:06:38.446 [Executing gerritCommentStepInvokeTest(jenkins.plugins.gerrit.workflow.GerritCommentStepTest)] DEBUG i.n.buffer.PooledByteBufAllocator - -Dio.netty.allocator.tinyCacheSize: 512
20:06:38.446 [Executing gerritCommentStepInvokeTest(jenkins.plugins.gerrit.workflow.GerritCommentStepTest)] DEBUG i.n.buffer.PooledByteBufAllocator - -Dio.netty.allocator.smallCacheSize: 256
20:06:38.446 [Executing gerritCommentStepInvokeTest(jenkins.plugins.gerrit.workflow.GerritCommentStepTest)] DEBUG i.n.buffer.PooledByteBufAllocator - -Dio.netty.allocator.normalCacheSize: 64
20:06:38.446 [Executing gerritCommentStepInvokeTest(jenkins.plugins.gerrit.workflow.GerritCommentStepTest)] DEBUG i.n.buffer.PooledByteBufAllocator - -Dio.netty.allocator.maxCachedBufferCapacity: 32768
20:06:38.446 [Executing gerritCommentStepInvokeTest(jenkins.plugins.gerrit.workflow.GerritCommentStepTest)] DEBUG i.n.buffer.PooledByteBufAllocator - -Dio.netty.allocator.cacheTrimInterval: 8192
20:06:38.446 [Executing gerritCommentStepInvokeTest(jenkins.plugins.gerrit.workflow.GerritCommentStepTest)] DEBUG i.n.buffer.PooledByteBufAllocator - -Dio.netty.allocator.useCacheForAllThreads: true
20:06:38.458 [Executing gerritCommentStepInvokeTest(jenkins.plugins.gerrit.workflow.GerritCommentStepTest)] DEBUG i.n.u.i.InternalThreadLocalMap - -Dio.netty.threadLocalMap.stringBuilder.initialSize: 1024
20:06:38.458 [Executing gerritCommentStepInvokeTest(jenkins.plugins.gerrit.workflow.GerritCommentStepTest)] DEBUG i.n.u.i.InternalThreadLocalMap - -Dio.netty.threadLocalMap.stringBuilder.maxSize: 4096
20:06:40.531 [Executing gerritCommentStepInvokeTest(jenkins.plugins.gerrit.workflow.GerritCommentStepTest)] DEBUG o.m.c.ConfigurationProperties - Property file not found on classpath using path [mockserver.properties]
20:06:40.531 [Executing gerritCommentStepInvokeTest(jenkins.plugins.gerrit.workflow.GerritCommentStepTest)] DEBUG o.m.c.ConfigurationProperties - Property file not found using path [mockserver.properties]
20:06:40.642 [MockServer thread for port: 42311] DEBUG io.netty.channel.DefaultChannelId - -Dio.netty.processId: 244 (auto-detected)
20:06:40.648 [MockServer thread for port: 42311] DEBUG io.netty.util.NetUtil - -Djava.net.preferIPv4Stack: false
20:06:40.648 [MockServer thread for port: 42311] DEBUG io.netty.util.NetUtil - -Djava.net.preferIPv6Addresses: false
20:06:40.651 [MockServer thread for port: 42311] DEBUG io.netty.util.NetUtil - Loopback interface: lo (lo, 127.0.0.1)
20:06:40.652 [MockServer thread for port: 42311] DEBUG io.netty.util.NetUtil - /proc/sys/net/core/somaxconn: 128
20:06:40.653 [MockServer thread for port: 42311] DEBUG io.netty.channel.DefaultChannelId - -Dio.netty.machineId: 02:42:ac:ff:fe:11:00:1c (auto-detected)
20:06:40.693 [MockServer thread for port: 42311] DEBUG io.netty.buffer.ByteBufUtil - -Dio.netty.allocator.type: pooled
20:06:40.693 [MockServer thread for port: 42311] DEBUG io.netty.buffer.ByteBufUtil - -Dio.netty.threadLocalDirectBufferSize: 65536
20:06:40.693 [MockServer thread for port: 42311] DEBUG io.netty.buffer.ByteBufUtil - -Dio.netty.maxThreadLocalCharBufferSize: 16384
20:06:40.710 [MockServer thread for port: 42311] INFO  org.mockserver.mockserver.MockServer - MockServer started on port: 42311
20:06:40.811 [Executing gerritCommentStepInvokeTest(jenkins.plugins.gerrit.workflow.GerritCommentStepTest)] DEBUG o.m.client.netty.NettyHttpClient - Sending to: localhost/127.0.0.1:42311 request: {
  "method" : "PUT",
  "path" : "/reset",
  "headers" : {
    "host" : [ "localhost:42311" ]
  }
}
20:06:41.073 [nioEventLoopGroup-4-1] DEBUG io.netty.buffer.AbstractByteBuf - -Dio.netty.buffer.bytebuf.checkAccessible: true
20:06:41.075 [nioEventLoopGroup-4-1] DEBUG i.n.util.ResourceLeakDetectorFactory - Loaded default ResourceLeakDetector: io.netty.util.ResourceLeakDetector@468ea9d0
20:06:41.290 [nioEventLoopGroup-4-1] DEBUG io.netty.util.Recycler - -Dio.netty.recycler.maxCapacityPerThread: 32768
20:06:41.291 [nioEventLoopGroup-4-1] DEBUG io.netty.util.Recycler - -Dio.netty.recycler.maxSharedCapacityFactor: 2
20:06:41.291 [nioEventLoopGroup-4-1] DEBUG io.netty.util.Recycler - -Dio.netty.recycler.linkCapacity: 16
20:06:41.291 [nioEventLoopGroup-4-1] DEBUG io.netty.util.Recycler - -Dio.netty.recycler.ratio: 8
20:06:42.196 [nioEventLoopGroup-3-1] INFO  org.mockserver.mock.HttpStateHandler - resetting all expectations and request logs

20:06:42.301 [nioEventLoopGroup-4-1] DEBUG io.netty.buffer.PoolThreadCache - Freed 2 thread-local buffer(s) from thread: nioEventLoopGroup-4-1
20:06:43.528 [Executing gerritCommentStepInvokeTest(jenkins.plugins.gerrit.workflow.GerritCommentStepTest)] DEBUG o.m.client.netty.NettyHttpClient - Sending to: localhost/127.0.0.1:42311 request: {
  "method" : "PUT",
  "path" : "/expectation",
  "headers" : {
    "host" : [ "localhost:42311" ]
  },
  "body" : {
    "type" : "STRING",
    "string" : "{\n  \"httpRequest\" : {\n    \"method\" : \"PUT\",\n    \"path\" : \"/a/project/a/changes/4321/revisions/1/drafts\",\n    \"body\" : {\n      \"type\" : \"JSON\",\n      \"json\" : \"{\\\"path\\\":\\\"/path/to/file\\\",\\\"line\\\":1,\\\"message\\\":\\\"Invalid spacing\\\"}\"\n    }\n  },\n  \"httpResponse\" : {\n    \"statusCode\" : 200,\n    \"body\" : \"{}\"\n  },\n  \"times\" : {\n    \"remainingTimes\" : 0,\n    \"unlimited\" : true\n  },\n  \"timeToLive\" : {\n    \"unlimited\" : true\n  }\n}",
    "contentType" : "text/plain; charset=utf-8"
  }
}
20:06:45.831 [nioEventLoopGroup-3-2] INFO  org.mockserver.mock.HttpStateHandler - creating expectation:

	{
	  "httpRequest" : {
	    "method" : "PUT",
	    "path" : "/a/project/a/changes/4321/revisions/1/drafts",
	    "body" : {
	      "type" : "JSON",
	      "json" : "{\"path\":\"/path/to/file\",\"line\":1,\"message\":\"Invalid spacing\"}"
	    }
	  },
	  "times" : {
	    "remainingTimes" : 0,
	    "unlimited" : true
	  },
	  "timeToLive" : {
	    "unlimited" : true
	  },
	  "httpResponse" : {
	    "statusCode" : 200,
	    "body" : "{}"
	  }
	}

20:06:45.925 [nioEventLoopGroup-6-1] DEBUG io.netty.buffer.PoolThreadCache - Freed 3 thread-local buffer(s) from thread: nioEventLoopGroup-6-1
20:06:51.940 [Running CpsFlowExecution[Owner[p/1:p #1]]] DEBUG o.a.h.c.protocol.RequestAddCookies - CookieSpec selected: default
20:06:51.994 [Running CpsFlowExecution[Owner[p/1:p #1]]] DEBUG o.a.h.c.protocol.RequestAuthCache - Auth cache not set in the context
20:06:52.014 [Running CpsFlowExecution[Owner[p/1:p #1]]] DEBUG o.a.h.i.c.PoolingHttpClientConnectionManager - Connection request: [route: {s}->https://localhost:42311][total kept alive: 0; route allocated: 0 of 5; total allocated: 0 of 10]
20:06:52.056 [Running CpsFlowExecution[Owner[p/1:p #1]]] DEBUG o.a.h.i.c.PoolingHttpClientConnectionManager - Connection leased: [id: 0][route: {s}->https://localhost:42311][total kept alive: 0; route allocated: 1 of 5; total allocated: 1 of 10]
20:06:52.068 [Running CpsFlowExecution[Owner[p/1:p #1]]] DEBUG o.a.h.impl.execchain.MainClientExec - Opening connection {s}->https://localhost:42311
20:06:52.071 [Running CpsFlowExecution[Owner[p/1:p #1]]] DEBUG o.a.h.i.c.DefaultHttpClientConnectionOperator - Connecting to localhost/127.0.0.1:42311
20:06:52.071 [Running CpsFlowExecution[Owner[p/1:p #1]]] DEBUG o.a.h.c.s.SSLConnectionSocketFactory - Connecting socket to localhost/127.0.0.1:42311 with timeout 300000
20:06:52.101 [Running CpsFlowExecution[Owner[p/1:p #1]]] DEBUG o.a.h.c.s.SSLConnectionSocketFactory - Enabled protocols: [TLSv1, TLSv1.1, TLSv1.2]
20:06:52.112 [Running CpsFlowExecution[Owner[p/1:p #1]]] DEBUG o.a.h.c.s.SSLConnectionSocketFactory - Enabled cipher suites:[TLS_ECDHE_ECDSA_WITH_AES_256_CBC_SHA384, TLS_ECDHE_RSA_WITH_AES_256_CBC_SHA384, TLS_RSA_WITH_AES_256_CBC_SHA256, TLS_ECDH_ECDSA_WITH_AES_256_CBC_SHA384, TLS_ECDH_RSA_WITH_AES_256_CBC_SHA384, TLS_DHE_RSA_WITH_AES_256_CBC_SHA256, TLS_DHE_DSS_WITH_AES_256_CBC_SHA256, TLS_ECDHE_ECDSA_WITH_AES_256_CBC_SHA, TLS_ECDHE_RSA_WITH_AES_256_CBC_SHA, TLS_RSA_WITH_AES_256_CBC_SHA, TLS_ECDH_ECDSA_WITH_AES_256_CBC_SHA, TLS_ECDH_RSA_WITH_AES_256_CBC_SHA, TLS_DHE_RSA_WITH_AES_256_CBC_SHA, TLS_DHE_DSS_WITH_AES_256_CBC_SHA, TLS_ECDHE_ECDSA_WITH_AES_128_CBC_SHA256, TLS_ECDHE_RSA_WITH_AES_128_CBC_SHA256, TLS_RSA_WITH_AES_128_CBC_SHA256, TLS_ECDH_ECDSA_WITH_AES_128_CBC_SHA256, TLS_ECDH_RSA_WITH_AES_128_CBC_SHA256, TLS_DHE_RSA_WITH_AES_128_CBC_SHA256, TLS_DHE_DSS_WITH_AES_128_CBC_SHA256, TLS_ECDHE_ECDSA_WITH_AES_128_CBC_SHA, TLS_ECDHE_RSA_WITH_AES_128_CBC_SHA, TLS_RSA_WITH_AES_128_CBC_SHA, TLS_ECDH_ECDSA_WITH_AES_128_CBC_SHA, TLS_ECDH_RSA_WITH_AES_128_CBC_SHA, TLS_DHE_RSA_WITH_AES_128_CBC_SHA, TLS_DHE_DSS_WITH_AES_128_CBC_SHA, TLS_ECDHE_ECDSA_WITH_AES_256_GCM_SHA384, TLS_ECDHE_ECDSA_WITH_AES_128_GCM_SHA256, TLS_ECDHE_RSA_WITH_AES_256_GCM_SHA384, TLS_RSA_WITH_AES_256_GCM_SHA384, TLS_ECDH_ECDSA_WITH_AES_256_GCM_SHA384, TLS_ECDH_RSA_WITH_AES_256_GCM_SHA384, TLS_DHE_RSA_WITH_AES_256_GCM_SHA384, TLS_DHE_DSS_WITH_AES_256_GCM_SHA384, TLS_ECDHE_RSA_WITH_AES_128_GCM_SHA256, TLS_RSA_WITH_AES_128_GCM_SHA256, TLS_ECDH_ECDSA_WITH_AES_128_GCM_SHA256, TLS_ECDH_RSA_WITH_AES_128_GCM_SHA256, TLS_DHE_RSA_WITH_AES_128_GCM_SHA256, TLS_DHE_DSS_WITH_AES_128_GCM_SHA256, TLS_EMPTY_RENEGOTIATION_INFO_SCSV]
20:06:52.112 [Running CpsFlowExecution[Owner[p/1:p #1]]] DEBUG o.a.h.c.s.SSLConnectionSocketFactory - Starting handshake
20:06:53.894 [nioEventLoopGroup-3-3] DEBUG io.netty.handler.ssl.OpenSsl - netty-tcnative not in the classpath; OpenSslEngine will be unavailable.
20:06:53.967 [nioEventLoopGroup-3-3] DEBUG io.netty.handler.ssl.JdkSslContext - Default protocols (JDK): [TLSv1.2, TLSv1.1, TLSv1] 
20:06:53.967 [nioEventLoopGroup-3-3] DEBUG io.netty.handler.ssl.JdkSslContext - Default cipher suites (JDK): [TLS_ECDHE_ECDSA_WITH_AES_256_GCM_SHA384, TLS_ECDHE_ECDSA_WITH_AES_128_GCM_SHA256, TLS_ECDHE_RSA_WITH_AES_128_GCM_SHA256, TLS_ECDHE_RSA_WITH_AES_128_CBC_SHA, TLS_ECDHE_RSA_WITH_AES_256_CBC_SHA, TLS_RSA_WITH_AES_128_GCM_SHA256, TLS_RSA_WITH_AES_128_CBC_SHA, TLS_RSA_WITH_AES_256_CBC_SHA]
20:06:54.036 [Running CpsFlowExecution[Owner[p/1:p #1]]] DEBUG o.a.h.i.c.DefaultManagedHttpClientConnection - http-outgoing-0: Shutdown connection
20:06:54.036 [Running CpsFlowExecution[Owner[p/1:p #1]]] DEBUG o.a.h.impl.execchain.MainClientExec - Connection discarded
20:06:54.037 [Running CpsFlowExecution[Owner[p/1:p #1]]] DEBUG o.a.h.i.c.PoolingHttpClientConnectionManager - Connection released: [id: 0][route: {s}->https://localhost:42311][total kept alive: 0; route allocated: 0 of 5; total allocated: 0 of 10]
20:06:54.065 [nioEventLoopGroup-3-3] WARN  o.m.u.PortUnificationHandler - Exception caught by port unification handler -> closing pipeline [id: 0xc7ef7547, L:0.0.0.0/0.0.0.0:42311 ! R:/127.0.0.1:33220]
io.netty.handler.codec.DecoderException: javax.net.ssl.SSLException: Received fatal alert: unexpected_message
	at io.netty.handler.codec.ByteToMessageDecoder.callDecode(ByteToMessageDecoder.java:459) ~[netty-codec-4.1.17.Final.jar:4.1.17.Final]
	at io.netty.handler.codec.ByteToMessageDecoder.channelRead(ByteToMessageDecoder.java:265) ~[netty-codec-4.1.17.Final.jar:4.1.17.Final]
	at io.netty.channel.AbstractChannelHandlerContext.invokeChannelRead(AbstractChannelHandlerContext.java:362) [netty-transport-4.1.17.Final.jar:4.1.17.Final]
	at io.netty.channel.AbstractChannelHandlerContext.invokeChannelRead(AbstractChannelHandlerContext.java:348) [netty-transport-4.1.17.Final.jar:4.1.17.Final]
	at io.netty.channel.AbstractChannelHandlerContext.fireChannelRead(AbstractChannelHandlerContext.java:340) [netty-transport-4.1.17.Final.jar:4.1.17.Final]
	at io.netty.channel.DefaultChannelPipeline$HeadContext.channelRead(DefaultChannelPipeline.java:1359) [netty-transport-4.1.17.Final.jar:4.1.17.Final]
	at io.netty.channel.AbstractChannelHandlerContext.invokeChannelRead(AbstractChannelHandlerContext.java:362) [netty-transport-4.1.17.Final.jar:4.1.17.Final]
	at io.netty.channel.AbstractChannelHandlerContext.invokeChannelRead(AbstractChannelHandlerContext.java:348) [netty-transport-4.1.17.Final.jar:4.1.17.Final]
	at io.netty.channel.DefaultChannelPipeline.fireChannelRead(DefaultChannelPipeline.java:935) [netty-transport-4.1.17.Final.jar:4.1.17.Final]
	at io.netty.channel.nio.AbstractNioByteChannel$NioByteUnsafe.read(AbstractNioByteChannel.java:138) [netty-transport-4.1.17.Final.jar:4.1.17.Final]
	at io.netty.channel.nio.NioEventLoop.processSelectedKey(NioEventLoop.java:645) [netty-transport-4.1.17.Final.jar:4.1.17.Final]
	at io.netty.channel.nio.NioEventLoop.processSelectedKeysOptimized(NioEventLoop.java:580) [netty-transport-4.1.17.Final.jar:4.1.17.Final]
	at io.netty.channel.nio.NioEventLoop.processSelectedKeys(NioEventLoop.java:497) [netty-transport-4.1.17.Final.jar:4.1.17.Final]
	at io.netty.channel.nio.NioEventLoop.run(NioEventLoop.java:459) [netty-transport-4.1.17.Final.jar:4.1.17.Final]
	at io.netty.util.concurrent.SingleThreadEventExecutor$5.run(SingleThreadEventExecutor.java:858) [netty-common-4.1.17.Final.jar:4.1.17.Final]
	at io.netty.util.concurrent.DefaultThreadFactory$DefaultRunnableDecorator.run(DefaultThreadFactory.java:138) [netty-common-4.1.17.Final.jar:4.1.17.Final]
	at java.lang.Thread.run(Thread.java:748) [na:1.8.0_262]
Caused by: javax.net.ssl.SSLException: Received fatal alert: unexpected_message
	at sun.security.ssl.Alerts.getSSLException(Alerts.java:214) ~[na:1.8.0_262]
	at sun.security.ssl.SSLEngineImpl.fatal(SSLEngineImpl.java:1667) ~[na:1.8.0_262]
	at sun.security.ssl.SSLEngineImpl.fatal(SSLEngineImpl.java:1635) ~[na:1.8.0_262]
	at sun.security.ssl.SSLEngineImpl.recvAlert(SSLEngineImpl.java:1801) ~[na:1.8.0_262]
	at sun.security.ssl.SSLEngineImpl.readRecord(SSLEngineImpl.java:1090) ~[na:1.8.0_262]
	at sun.security.ssl.SSLEngineImpl.readNetRecord(SSLEngineImpl.java:913) ~[na:1.8.0_262]
	at sun.security.ssl.SSLEngineImpl.unwrap(SSLEngineImpl.java:783) ~[na:1.8.0_262]
	at javax.net.ssl.SSLEngine.unwrap(SSLEngine.java:626) ~[na:1.8.0_262]
	at io.netty.handler.ssl.SslHandler$SslEngineType$3.unwrap(SslHandler.java:292) ~[netty-handler-4.1.17.Final.jar:4.1.17.Final]
	at io.netty.handler.ssl.SslHandler.unwrap(SslHandler.java:1247) ~[netty-handler-4.1.17.Final.jar:4.1.17.Final]
	at io.netty.handler.ssl.SslHandler.decodeJdkCompatible(SslHandler.java:1158) ~[netty-handler-4.1.17.Final.jar:4.1.17.Final]
	at io.netty.handler.ssl.SslHandler.decode(SslHandler.java:1193) ~[netty-handler-4.1.17.Final.jar:4.1.17.Final]
	at io.netty.handler.codec.ByteToMessageDecoder.decodeRemovalReentryProtection(ByteToMessageDecoder.java:489) ~[netty-codec-4.1.17.Final.jar:4.1.17.Final]
	at io.netty.handler.codec.ByteToMessageDecoder.callDecode(ByteToMessageDecoder.java:428) ~[netty-codec-4.1.17.Final.jar:4.1.17.Final]
	... 16 common frames omitted
20:06:55.470 [Executing gerritCommentStepInvokeTest(jenkins.plugins.gerrit.workflow.GerritCommentStepTest)] DEBUG o.m.client.netty.NettyHttpClient - Sending to: localhost/127.0.0.1:42311 request: {
  "method" : "PUT",
  "path" : "/stop",
  "headers" : {
    "host" : [ "localhost:42311" ]
  }
}
20:06:55.579 [nioEventLoopGroup-7-1] DEBUG io.netty.buffer.PoolThreadCache - Freed 2 thread-local buffer(s) from thread: nioEventLoopGroup-7-1
20:06:56.112 [nioEventLoopGroup-3-2] DEBUG io.netty.buffer.PoolThreadCache - Freed 3 thread-local buffer(s) from thread: nioEventLoopGroup-3-2
20:06:56.115 [nioEventLoopGroup-3-1] DEBUG io.netty.buffer.PoolThreadCache - Freed 3 thread-local buffer(s) from thread: nioEventLoopGroup-3-1
20:06:56.355 [Finalizer] DEBUG o.a.h.i.c.PoolingHttpClientConnectionManager - Connection manager is shutting down
20:06:56.355 [Finalizer] DEBUG o.a.h.i.c.PoolingHttpClientConnectionManager - Connection manager shut down
20:06:56.691 [Executing gerritCommentStepInvokeTest(jenkins.plugins.gerrit.workflow.GerritCommentStepTest)] DEBUG o.e.j.u.component.AbstractLifeCycle - stopping org.eclipse.jetty.server.Server@b061dc4
20:06:56.691 [Executing gerritCommentStepInvokeTest(jenkins.plugins.gerrit.workflow.GerritCommentStepTest)] DEBUG org.eclipse.jetty.server.Server - doStop org.eclipse.jetty.server.Server@b061dc4
20:06:56.704 [Executing gerritCommentStepInvokeTest(jenkins.plugins.gerrit.workflow.GerritCommentStepTest)] DEBUG org.eclipse.jetty.server.Server - Graceful shutdown org.eclipse.jetty.server.Server@b061dc4 by 
20:06:56.713 [Executing gerritCommentStepInvokeTest(jenkins.plugins.gerrit.workflow.GerritCommentStepTest)] DEBUG o.e.j.u.component.AbstractLifeCycle - stopping ServerConnector@784844a0{HTTP/1.1,[http/1.1]}{localhost:0}
20:06:56.713 [Executing gerritCommentStepInvokeTest(jenkins.plugins.gerrit.workflow.GerritCommentStepTest)] DEBUG o.e.j.u.component.AbstractLifeCycle - stopping org.eclipse.jetty.server.ServerConnector$ServerConnectorManager@3f739a0
20:06:56.713 [Executing gerritCommentStepInvokeTest(jenkins.plugins.gerrit.workflow.GerritCommentStepTest)] DEBUG o.e.j.u.component.AbstractLifeCycle - stopping org.eclipse.jetty.io.ManagedSelector@2582c0c1 id=0 keys=0 selected=0
20:06:56.713 [Executing gerritCommentStepInvokeTest(jenkins.plugins.gerrit.workflow.GerritCommentStepTest)] DEBUG org.eclipse.jetty.io.ManagedSelector - Stopping org.eclipse.jetty.io.ManagedSelector@2582c0c1 id=0 keys=0 selected=0
20:06:56.716 [Executing gerritCommentStepInvokeTest(jenkins.plugins.gerrit.workflow.GerritCommentStepTest)] DEBUG org.eclipse.jetty.io.ManagedSelector - Queued change org.eclipse.jetty.io.ManagedSelector$CloseEndPoints@b7a9571 on org.eclipse.jetty.io.ManagedSelector@2582c0c1 id=0 keys=0 selected=0
20:06:56.724 [Jetty Thread Pool] DEBUG org.eclipse.jetty.io.ManagedSelector - Selector loop woken up from select, 0/0 selected
20:06:56.725 [Jetty Thread Pool] DEBUG org.eclipse.jetty.io.ManagedSelector - Running action org.eclipse.jetty.io.ManagedSelector$CloseEndPoints@b7a9571
20:06:56.725 [Jetty Thread Pool] DEBUG org.eclipse.jetty.io.ManagedSelector - Closing 0 endPoints on org.eclipse.jetty.io.ManagedSelector@2582c0c1 id=0 keys=0 selected=0
20:06:56.725 [Jetty Thread Pool] DEBUG org.eclipse.jetty.io.ManagedSelector - Closed 0 endPoints on org.eclipse.jetty.io.ManagedSelector@2582c0c1 id=0 keys=0 selected=0
20:06:56.725 [Jetty Thread Pool] DEBUG org.eclipse.jetty.io.ManagedSelector - Selector loop waiting on select
20:06:56.726 [Executing gerritCommentStepInvokeTest(jenkins.plugins.gerrit.workflow.GerritCommentStepTest)] DEBUG org.eclipse.jetty.io.ManagedSelector - Queued change org.eclipse.jetty.io.ManagedSelector$CloseSelector@86aa42c on org.eclipse.jetty.io.ManagedSelector@2582c0c1 id=0 keys=0 selected=0
20:06:56.726 [Jetty Thread Pool] DEBUG org.eclipse.jetty.io.ManagedSelector - Selector loop woken up from select, 0/0 selected
20:06:56.727 [Jetty Thread Pool] DEBUG org.eclipse.jetty.io.ManagedSelector - Running action org.eclipse.jetty.io.ManagedSelector$CloseSelector@86aa42c
20:06:56.727 [Jetty Thread Pool] DEBUG o.e.j.u.t.strategy.EatWhatYouKill - EatWhatYouKill@5bbe27a0/org.eclipse.jetty.io.ManagedSelector$SelectorProducer@3fcf6d8f/IDLE/0/1 produce exit
20:06:56.727 [Executing gerritCommentStepInvokeTest(jenkins.plugins.gerrit.workflow.GerritCommentStepTest)] DEBUG o.e.j.u.component.AbstractLifeCycle - stopping EatWhatYouKill@5bbe27a0/org.eclipse.jetty.io.ManagedSelector$SelectorProducer@3fcf6d8f/IDLE/0/1
20:06:56.727 [Executing gerritCommentStepInvokeTest(jenkins.plugins.gerrit.workflow.GerritCommentStepTest)] DEBUG o.e.j.u.component.AbstractLifeCycle - STOPPED EatWhatYouKill@5bbe27a0/org.eclipse.jetty.io.ManagedSelector$SelectorProducer@3fcf6d8f/IDLE/0/1
20:06:56.727 [Executing gerritCommentStepInvokeTest(jenkins.plugins.gerrit.workflow.GerritCommentStepTest)] DEBUG org.eclipse.jetty.io.ManagedSelector - Stopped org.eclipse.jetty.io.ManagedSelector@2582c0c1 id=0 keys=-1 selected=-1
20:06:56.727 [Executing gerritCommentStepInvokeTest(jenkins.plugins.gerrit.workflow.GerritCommentStepTest)] DEBUG o.e.j.u.component.AbstractLifeCycle - STOPPED org.eclipse.jetty.io.ManagedSelector@2582c0c1 id=0 keys=-1 selected=-1
20:06:56.727 [Executing gerritCommentStepInvokeTest(jenkins.plugins.gerrit.workflow.GerritCommentStepTest)] DEBUG o.e.j.u.component.AbstractLifeCycle - STOPPED org.eclipse.jetty.server.ServerConnector$ServerConnectorManager@3f739a0
20:06:56.727 [Executing gerritCommentStepInvokeTest(jenkins.plugins.gerrit.workflow.GerritCommentStepTest)] DEBUG o.e.j.u.component.AbstractLifeCycle - stopping HttpConnectionFactory@6f6b5301[HTTP/1.1]
20:06:56.727 [Executing gerritCommentStepInvokeTest(jenkins.plugins.gerrit.workflow.GerritCommentStepTest)] DEBUG o.e.j.u.component.AbstractLifeCycle - STOPPED HttpConnectionFactory@6f6b5301[HTTP/1.1]
20:06:56.727 [Executing gerritCommentStepInvokeTest(jenkins.plugins.gerrit.workflow.GerritCommentStepTest)] DEBUG o.e.j.u.component.AbstractLifeCycle - stopping org.eclipse.jetty.util.thread.ScheduledExecutorScheduler@4d85d6b7
20:06:56.727 [Executing gerritCommentStepInvokeTest(jenkins.plugins.gerrit.workflow.GerritCommentStepTest)] DEBUG o.e.j.u.component.AbstractLifeCycle - STOPPED org.eclipse.jetty.util.thread.ScheduledExecutorScheduler@4d85d6b7
20:06:56.727 [Executing gerritCommentStepInvokeTest(jenkins.plugins.gerrit.workflow.GerritCommentStepTest)] INFO  o.e.jetty.server.AbstractConnector - Stopped ServerConnector@784844a0{HTTP/1.1,[http/1.1]}{localhost:0}
20:06:56.728 [Executing gerritCommentStepInvokeTest(jenkins.plugins.gerrit.workflow.GerritCommentStepTest)] DEBUG o.e.j.u.component.AbstractLifeCycle - STOPPED ServerConnector@784844a0{HTTP/1.1,[http/1.1]}{localhost:0}
20:06:56.728 [Executing gerritCommentStepInvokeTest(jenkins.plugins.gerrit.workflow.GerritCommentStepTest)] DEBUG o.e.j.server.handler.AbstractHandler - stopping org.eclipse.jetty.server.Server@b061dc4
20:06:56.728 [Executing gerritCommentStepInvokeTest(jenkins.plugins.gerrit.workflow.GerritCommentStepTest)] DEBUG o.e.j.u.component.AbstractLifeCycle - stopping org.eclipse.jetty.server.session.DefaultSessionIdManager@57422399[worker=node0]
20:06:56.728 [Executing gerritCommentStepInvokeTest(jenkins.plugins.gerrit.workflow.GerritCommentStepTest)] DEBUG o.e.j.u.component.AbstractLifeCycle - stopping org.eclipse.jetty.server.session.HouseKeeper@333ed0e8[interval=600000, ownscheduler=true]
20:06:56.728 [Executing gerritCommentStepInvokeTest(jenkins.plugins.gerrit.workflow.GerritCommentStepTest)] INFO  org.eclipse.jetty.server.session - Stopped scavenging
20:06:56.728 [Executing gerritCommentStepInvokeTest(jenkins.plugins.gerrit.workflow.GerritCommentStepTest)] DEBUG o.e.j.u.component.AbstractLifeCycle - stopping org.eclipse.jetty.util.thread.ScheduledExecutorScheduler@583f1086
20:06:56.728 [Executing gerritCommentStepInvokeTest(jenkins.plugins.gerrit.workflow.GerritCommentStepTest)] DEBUG o.e.j.u.component.AbstractLifeCycle - STOPPED org.eclipse.jetty.util.thread.ScheduledExecutorScheduler@583f1086
20:06:56.728 [Executing gerritCommentStepInvokeTest(jenkins.plugins.gerrit.workflow.GerritCommentStepTest)] DEBUG o.e.j.u.component.AbstractLifeCycle - STOPPED org.eclipse.jetty.server.session.HouseKeeper@333ed0e8[interval=600000, ownscheduler=true]
20:06:56.728 [Executing gerritCommentStepInvokeTest(jenkins.plugins.gerrit.workflow.GerritCommentStepTest)] DEBUG o.e.j.u.component.AbstractLifeCycle - STOPPED org.eclipse.jetty.server.session.DefaultSessionIdManager@57422399[worker=node0]
20:06:56.728 [Executing gerritCommentStepInvokeTest(jenkins.plugins.gerrit.workflow.GerritCommentStepTest)] DEBUG o.e.j.u.component.AbstractLifeCycle - stopping org.eclipse.jetty.server.handler.ErrorHandler@5caa99ee
20:06:56.728 [Executing gerritCommentStepInvokeTest(jenkins.plugins.gerrit.workflow.GerritCommentStepTest)] DEBUG o.e.j.server.handler.AbstractHandler - stopping org.eclipse.jetty.server.handler.ErrorHandler@5caa99ee
20:06:56.728 [Executing gerritCommentStepInvokeTest(jenkins.plugins.gerrit.workflow.GerritCommentStepTest)] DEBUG o.e.j.u.component.AbstractLifeCycle - STOPPED org.eclipse.jetty.server.handler.ErrorHandler@5caa99ee
20:06:56.729 [Executing gerritCommentStepInvokeTest(jenkins.plugins.gerrit.workflow.GerritCommentStepTest)] DEBUG o.e.j.u.component.AbstractLifeCycle - stopping o.e.j.w.WebAppContext@74503cd3{/jenkins,file:///tmp/tmpk5fs1rb9/gerrit-code-review-plugin/target/jenkins-for-testxx/,SHUTDOWN}{/tmp/tmpk5fs1rb9/gerrit-code-review-plugin/target/jenkins-for-testxx}
20:06:56.737 [Executing gerritCommentStepInvokeTest(jenkins.plugins.gerrit.workflow.GerritCommentStepTest)] DEBUG o.e.j.server.handler.AbstractHandler - stopping o.e.j.w.WebAppContext@74503cd3{/jenkins,file:///tmp/tmpk5fs1rb9/gerrit-code-review-plugin/target/jenkins-for-testxx/,UNAVAILABLE}{/tmp/tmpk5fs1rb9/gerrit-code-review-plugin/target/jenkins-for-testxx}
20:06:56.737 [Executing gerritCommentStepInvokeTest(jenkins.plugins.gerrit.workflow.GerritCommentStepTest)] DEBUG o.e.j.u.component.AbstractLifeCycle - stopping org.jvnet.hudson.test.NoListenerConfiguration@3d4ba01f
20:06:56.737 [Executing gerritCommentStepInvokeTest(jenkins.plugins.gerrit.workflow.GerritCommentStepTest)] DEBUG o.e.j.u.component.AbstractLifeCycle - STOPPED org.jvnet.hudson.test.NoListenerConfiguration@3d4ba01f
20:06:56.737 [Executing gerritCommentStepInvokeTest(jenkins.plugins.gerrit.workflow.GerritCommentStepTest)] DEBUG o.e.j.u.component.AbstractLifeCycle - stopping org.eclipse.jetty.servlet.ErrorPageErrorHandler@6d835dda
20:06:56.737 [Executing gerritCommentStepInvokeTest(jenkins.plugins.gerrit.workflow.GerritCommentStepTest)] DEBUG o.e.j.server.handler.AbstractHandler - stopping org.eclipse.jetty.servlet.ErrorPageErrorHandler@6d835dda
20:06:56.738 [Executing gerritCommentStepInvokeTest(jenkins.plugins.gerrit.workflow.GerritCommentStepTest)] DEBUG o.e.j.u.component.AbstractLifeCycle - STOPPED org.eclipse.jetty.servlet.ErrorPageErrorHandler@6d835dda
20:06:56.741 [Executing gerritCommentStepInvokeTest(jenkins.plugins.gerrit.workflow.GerritCommentStepTest)] DEBUG o.e.j.u.component.AbstractLifeCycle - stopping org.eclipse.jetty.server.session.SessionHandler408189378==dftMaxIdleSec=1800
20:06:56.741 [Executing gerritCommentStepInvokeTest(jenkins.plugins.gerrit.workflow.GerritCommentStepTest)] DEBUG o.e.j.u.component.AbstractLifeCycle - stopping org.eclipse.jetty.server.session.DefaultSessionCache@43840388[evict=-1,removeUnloadable=false,saveOnCreate=false,saveOnInactiveEvict=false]
20:06:56.741 [Executing gerritCommentStepInvokeTest(jenkins.plugins.gerrit.workflow.GerritCommentStepTest)] DEBUG o.e.j.u.component.AbstractLifeCycle - stopping org.eclipse.jetty.server.session.NullSessionDataStore@214be092[passivating=false,graceSec=3600]
20:06:56.741 [Executing gerritCommentStepInvokeTest(jenkins.plugins.gerrit.workflow.GerritCommentStepTest)] DEBUG o.e.j.u.component.AbstractLifeCycle - STOPPED org.eclipse.jetty.server.session.NullSessionDataStore@214be092[passivating=false,graceSec=3600]
20:06:56.749 [Executing gerritCommentStepInvokeTest(jenkins.plugins.gerrit.workflow.GerritCommentStepTest)] DEBUG o.e.j.u.component.AbstractLifeCycle - STOPPED org.eclipse.jetty.server.session.DefaultSessionCache@43840388[evict=-1,removeUnloadable=false,saveOnCreate=false,saveOnInactiveEvict=false]
20:06:56.749 [Executing gerritCommentStepInvokeTest(jenkins.plugins.gerrit.workflow.GerritCommentStepTest)] DEBUG o.e.j.u.component.AbstractLifeCycle - stopping org.eclipse.jetty.util.thread.ScheduledExecutorScheduler@4d87f27b
20:06:56.749 [Executing gerritCommentStepInvokeTest(jenkins.plugins.gerrit.workflow.GerritCommentStepTest)] DEBUG o.e.j.u.component.AbstractLifeCycle - STOPPED org.eclipse.jetty.util.thread.ScheduledExecutorScheduler@4d87f27b
20:06:56.749 [Executing gerritCommentStepInvokeTest(jenkins.plugins.gerrit.workflow.GerritCommentStepTest)] DEBUG o.e.j.server.handler.AbstractHandler - stopping org.eclipse.jetty.server.session.SessionHandler408189378==dftMaxIdleSec=1800
20:06:56.749 [Executing gerritCommentStepInvokeTest(jenkins.plugins.gerrit.workflow.GerritCommentStepTest)] DEBUG o.e.j.u.component.AbstractLifeCycle - stopping org.eclipse.jetty.security.ConstraintSecurityHandler@3ff9290e
20:06:56.749 [Executing gerritCommentStepInvokeTest(jenkins.plugins.gerrit.workflow.GerritCommentStepTest)] DEBUG o.e.j.server.handler.AbstractHandler - stopping org.eclipse.jetty.security.ConstraintSecurityHandler@3ff9290e
20:06:56.749 [Executing gerritCommentStepInvokeTest(jenkins.plugins.gerrit.workflow.GerritCommentStepTest)] DEBUG o.e.j.u.component.AbstractLifeCycle - stopping HashLoginService[default]
20:06:56.750 [Executing gerritCommentStepInvokeTest(jenkins.plugins.gerrit.workflow.GerritCommentStepTest)] DEBUG o.e.j.u.component.AbstractLifeCycle - STOPPED HashLoginService[default]
20:06:56.750 [Executing gerritCommentStepInvokeTest(jenkins.plugins.gerrit.workflow.GerritCommentStepTest)] DEBUG o.e.j.u.component.AbstractLifeCycle - stopping org.eclipse.jetty.servlet.ServletHandler@2f6d7581
20:06:56.750 [Executing gerritCommentStepInvokeTest(jenkins.plugins.gerrit.workflow.GerritCommentStepTest)] DEBUG o.e.j.server.handler.AbstractHandler - stopping org.eclipse.jetty.servlet.ServletHandler@2f6d7581
20:06:56.757 [Executing gerritCommentStepInvokeTest(jenkins.plugins.gerrit.workflow.GerritCommentStepTest)] DEBUG o.e.j.u.component.AbstractLifeCycle - stopping Stapler@f222d1a9==org.kohsuke.stapler.Stapler,jsp=null,order=-1,inst=false
20:06:56.757 [Executing gerritCommentStepInvokeTest(jenkins.plugins.gerrit.workflow.GerritCommentStepTest)] DEBUG o.e.j.u.component.AbstractLifeCycle - STOPPED Stapler@f222d1a9==org.kohsuke.stapler.Stapler,jsp=null,order=-1,inst=false
20:06:56.758 [Executing gerritCommentStepInvokeTest(jenkins.plugins.gerrit.workflow.GerritCommentStepTest)] DEBUG o.e.j.u.component.AbstractLifeCycle - stopping plugins-filter
20:06:56.758 [Executing gerritCommentStepInvokeTest(jenkins.plugins.gerrit.workflow.GerritCommentStepTest)] DEBUG o.e.j.u.component.AbstractLifeCycle - STOPPED plugins-filter
20:06:56.777 [Executing gerritCommentStepInvokeTest(jenkins.plugins.gerrit.workflow.GerritCommentStepTest)] DEBUG o.e.j.u.component.AbstractLifeCycle - stopping csrf-filter
20:06:56.777 [Executing gerritCommentStepInvokeTest(jenkins.plugins.gerrit.workflow.GerritCommentStepTest)] DEBUG o.e.j.u.component.AbstractLifeCycle - STOPPED csrf-filter
20:06:56.777 [Executing gerritCommentStepInvokeTest(jenkins.plugins.gerrit.workflow.GerritCommentStepTest)] DEBUG o.e.j.u.component.AbstractLifeCycle - stopping authentication-filter
20:06:56.777 [Executing gerritCommentStepInvokeTest(jenkins.plugins.gerrit.workflow.GerritCommentStepTest)] DEBUG o.e.j.u.component.AbstractLifeCycle - STOPPED authentication-filter
20:06:56.777 [Executing gerritCommentStepInvokeTest(jenkins.plugins.gerrit.workflow.GerritCommentStepTest)] DEBUG o.e.j.u.component.AbstractLifeCycle - stopping compression-filter
20:06:56.777 [Executing gerritCommentStepInvokeTest(jenkins.plugins.gerrit.workflow.GerritCommentStepTest)] DEBUG o.e.j.u.component.AbstractLifeCycle - STOPPED compression-filter
20:06:56.777 [Executing gerritCommentStepInvokeTest(jenkins.plugins.gerrit.workflow.GerritCommentStepTest)] DEBUG o.e.j.u.component.AbstractLifeCycle - stopping encoding-filter
20:06:56.777 [Executing gerritCommentStepInvokeTest(jenkins.plugins.gerrit.workflow.GerritCommentStepTest)] DEBUG o.e.j.u.component.AbstractLifeCycle - STOPPED encoding-filter
20:06:56.777 [Executing gerritCommentStepInvokeTest(jenkins.plugins.gerrit.workflow.GerritCommentStepTest)] DEBUG o.e.j.u.component.AbstractLifeCycle - stopping diagnostic-name-filter
20:06:56.778 [Executing gerritCommentStepInvokeTest(jenkins.plugins.gerrit.workflow.GerritCommentStepTest)] DEBUG o.e.j.u.component.AbstractLifeCycle - STOPPED diagnostic-name-filter
20:06:56.778 [Executing gerritCommentStepInvokeTest(jenkins.plugins.gerrit.workflow.GerritCommentStepTest)] DEBUG o.e.j.u.component.AbstractLifeCycle - stopping org.eclipse.jetty.servlet.ListenerHolder@4517e0f4
20:06:56.778 [Executing gerritCommentStepInvokeTest(jenkins.plugins.gerrit.workflow.GerritCommentStepTest)] DEBUG o.e.j.u.component.AbstractLifeCycle - STOPPED org.eclipse.jetty.servlet.ListenerHolder@4517e0f4
20:06:56.778 [Executing gerritCommentStepInvokeTest(jenkins.plugins.gerrit.workflow.GerritCommentStepTest)] DEBUG o.e.j.u.component.AbstractLifeCycle - stopping org.eclipse.jetty.servlet.ListenerHolder@5da42aa5
20:06:56.778 [Executing gerritCommentStepInvokeTest(jenkins.plugins.gerrit.workflow.GerritCommentStepTest)] DEBUG o.e.j.u.component.AbstractLifeCycle - STOPPED org.eclipse.jetty.servlet.ListenerHolder@5da42aa5
20:06:56.778 [Executing gerritCommentStepInvokeTest(jenkins.plugins.gerrit.workflow.GerritCommentStepTest)] DEBUG o.e.j.u.component.AbstractLifeCycle - stopping org.eclipse.jetty.servlet.ListenerHolder@6d53565b
20:06:56.778 [Executing gerritCommentStepInvokeTest(jenkins.plugins.gerrit.workflow.GerritCommentStepTest)] DEBUG o.e.j.u.component.AbstractLifeCycle - STOPPED org.eclipse.jetty.servlet.ListenerHolder@6d53565b
20:06:56.778 [Executing gerritCommentStepInvokeTest(jenkins.plugins.gerrit.workflow.GerritCommentStepTest)] DEBUG o.e.j.u.component.AbstractLifeCycle - stopping jsp@19c47==org.eclipse.jetty.servlet.NoJspServlet,jsp=null,order=0,inst=true
20:06:56.778 [Executing gerritCommentStepInvokeTest(jenkins.plugins.gerrit.workflow.GerritCommentStepTest)] DEBUG o.e.j.u.component.AbstractLifeCycle - STOPPED jsp@19c47==org.eclipse.jetty.servlet.NoJspServlet,jsp=null,order=0,inst=false
20:06:56.778 [Executing gerritCommentStepInvokeTest(jenkins.plugins.gerrit.workflow.GerritCommentStepTest)] DEBUG o.e.j.u.component.AbstractLifeCycle - stopping default@5c13d641==org.eclipse.jetty.servlet.DefaultServlet,jsp=null,order=0,inst=true
20:06:56.778 [Executing gerritCommentStepInvokeTest(jenkins.plugins.gerrit.workflow.GerritCommentStepTest)] DEBUG o.e.j.u.component.AbstractLifeCycle - STOPPED default@5c13d641==org.eclipse.jetty.servlet.DefaultServlet,jsp=null,order=0,inst=false
20:06:56.778 [Executing gerritCommentStepInvokeTest(jenkins.plugins.gerrit.workflow.GerritCommentStepTest)] DEBUG o.e.j.u.component.AbstractLifeCycle - stopping org.eclipse.jetty.servlet.ListenerHolder@608e13fe
20:06:56.778 [Executing gerritCommentStepInvokeTest(jenkins.plugins.gerrit.workflow.GerritCommentStepTest)] DEBUG o.e.j.u.component.AbstractLifeCycle - STOPPED org.eclipse.jetty.servlet.ListenerHolder@608e13fe
20:06:56.778 [Executing gerritCommentStepInvokeTest(jenkins.plugins.gerrit.workflow.GerritCommentStepTest)] DEBUG o.e.j.u.component.AbstractLifeCycle - stopping org.eclipse.jetty.servlet.ListenerHolder@17619571
20:06:56.779 [Executing gerritCommentStepInvokeTest(jenkins.plugins.gerrit.workflow.GerritCommentStepTest)] DEBUG o.e.j.u.component.AbstractLifeCycle - STOPPED org.eclipse.jetty.servlet.ListenerHolder@17619571
20:06:56.782 [Executing gerritCommentStepInvokeTest(jenkins.plugins.gerrit.workflow.GerritCommentStepTest)] DEBUG o.e.j.u.component.AbstractLifeCycle - STOPPED org.eclipse.jetty.servlet.ServletHandler@2f6d7581
20:06:56.782 [Executing gerritCommentStepInvokeTest(jenkins.plugins.gerrit.workflow.GerritCommentStepTest)] DEBUG o.e.j.u.component.AbstractLifeCycle - STOPPED org.eclipse.jetty.security.ConstraintSecurityHandler@3ff9290e
20:06:56.782 [Executing gerritCommentStepInvokeTest(jenkins.plugins.gerrit.workflow.GerritCommentStepTest)] DEBUG o.e.j.u.component.AbstractLifeCycle - STOPPED org.eclipse.jetty.server.session.SessionHandler408189378==dftMaxIdleSec=1800
20:06:56.789 [Executing gerritCommentStepInvokeTest(jenkins.plugins.gerrit.workflow.GerritCommentStepTest)] INFO  o.e.j.server.handler.ContextHandler - Stopped o.e.j.w.WebAppContext@74503cd3{/jenkins,file:///tmp/tmpk5fs1rb9/gerrit-code-review-plugin/target/jenkins-for-testxx/,UNAVAILABLE}{/tmp/tmpk5fs1rb9/gerrit-code-review-plugin/target/jenkins-for-testxx}
20:06:56.789 [Executing gerritCommentStepInvokeTest(jenkins.plugins.gerrit.workflow.GerritCommentStepTest)] DEBUG o.e.j.u.component.AbstractLifeCycle - STOPPED o.e.j.w.WebAppContext@74503cd3{/jenkins,file:///tmp/tmpk5fs1rb9/gerrit-code-review-plugin/target/jenkins-for-testxx/,UNAVAILABLE}{/tmp/tmpk5fs1rb9/gerrit-code-review-plugin/target/jenkins-for-testxx}
20:06:56.789 [Executing gerritCommentStepInvokeTest(jenkins.plugins.gerrit.workflow.GerritCommentStepTest)] DEBUG o.e.j.u.component.AbstractLifeCycle - stopping org.jvnet.hudson.test.ThreadPoolImpl@186aa7a1
20:06:56.789 [Executing gerritCommentStepInvokeTest(jenkins.plugins.gerrit.workflow.GerritCommentStepTest)] DEBUG o.e.j.u.component.AbstractLifeCycle - STOPPED org.jvnet.hudson.test.ThreadPoolImpl@186aa7a1
20:06:56.790 [Executing gerritCommentStepInvokeTest(jenkins.plugins.gerrit.workflow.GerritCommentStepTest)] DEBUG o.e.j.u.component.AbstractLifeCycle - STOPPED org.eclipse.jetty.server.Server@b061dc4
20:06:56.949 [nioEventLoopGroup-3-3] DEBUG io.netty.buffer.PoolThreadCache - Freed 4 thread-local buffer(s) from thread: nioEventLoopGroup-3-3
WARN: The method class org.apache.commons.logging.impl.SLF4JLogFactory#release() was invoked.
WARN: Please see http://www.slf4j.org/codes.html#release for an explanation.
20:06:58.788 [nioEventLoopGroup-3-4] DEBUG io.netty.buffer.PoolThreadCache - Freed 2 thread-local buffer(s) from thread: nioEventLoopGroup-3-4
]]></system-out>
      <system-err><![CDATA[SLF4J: Class path contains multiple SLF4J bindings.
SLF4J: Found binding in [jar:file:/home/jdbl/.m2/repository/ch/qos/logback/logback-classic/1.1.3/logback-classic-1.1.3.jar!/org/slf4j/impl/StaticLoggerBinder.class]
SLF4J: Found binding in [jar:file:/home/jdbl/.m2/repository/org/slf4j/slf4j-jdk14/1.7.25/slf4j-jdk14-1.7.25.jar!/org/slf4j/impl/StaticLoggerBinder.class]
SLF4J: See http://www.slf4j.org/codes.html#multiple_bindings for an explanation.
SLF4J: Actual binding is of type [ch.qos.logback.classic.util.ContextSelectorStaticBinder]
   0.178 [id=27]	INFO	o.jvnet.hudson.test.WarExploder#explode: Exploding /home/jdbl/.m2/repository/org/jenkins-ci/main/jenkins-war/2.54/jenkins-war-2.54.war into /tmp/tmpk5fs1rb9/gerrit-code-review-plugin/target/jenkins-for-testxx
   2.222 [id=27]	INFO	o.jvnet.hudson.test.JenkinsRule#createWebServer: Running on http://localhost:43289/jenkins/
   3.560 [id=34]	INFO	jenkins.InitReactorRunner$1#onAttained: Started initialization
  11.837 [id=57]	INFO	jenkins.InitReactorRunner$1#onAttained: Listed all plugins
  18.449 [id=58]	INFO	jenkins.InitReactorRunner$1#onAttained: Prepared all plugins
  18.459 [id=72]	INFO	jenkins.InitReactorRunner$1#onAttained: Started all plugins
  18.807 [id=73]	INFO	h.ExtensionFinder$GuiceFinder$FaultTolerantScope$1#error: Failed to instantiate optional component org.jenkinsci.plugins.workflow.steps.scm.GitStep$DescriptorImpl; skipping
  18.834 [id=73]	INFO	h.ExtensionFinder$GuiceFinder$FaultTolerantScope$1#error: Failed to instantiate optional component org.jenkinsci.plugins.workflow.steps.scm.SubversionStep$DescriptorImpl; skipping
  21.855 [id=76]	INFO	jenkins.InitReactorRunner$1#onAttained: Augmented all extensions
  21.922 [id=87]	INFO	jenkins.InitReactorRunner$1#onAttained: Loaded all jobs
  22.969 [id=41]	INFO	jenkins.InitReactorRunner$1#onAttained: Completed initialization
  34.629 [id=302]	INFO	h.ExtensionFinder$GuiceFinder$FaultTolerantScope$1#error: Failed to instantiate optional component org.jenkinsci.plugins.workflow.steps.scm.GitStep$DescriptorImpl; skipping
  34.630 [id=302]	INFO	h.ExtensionFinder$GuiceFinder$FaultTolerantScope$1#error: Failed to instantiate optional component org.jenkinsci.plugins.workflow.steps.scm.SubversionStep$DescriptorImpl; skipping
  39.524 [id=119]	INFO	o.j.p.workflow.job.WorkflowRun#finish: p #1 completed: FAILURE
  41.869 [id=27]	INFO	jenkins.model.Jenkins#cleanUp: Stopping Jenkins
  41.881 [id=27]	INFO	jenkins.model.Jenkins$21#onAttained: Started termination
  41.889 [id=27]	INFO	jenkins.model.Jenkins$21#onAttained: Completed termination
  41.890 [id=27]	INFO	jenkins.model.Jenkins#_cleanUpDisconnectComputers: Starting node disconnection
  41.916 [id=525]	INFO	h.TcpSlaveAgentListener$ConnectionHandler#run: Accepted connection #1 from /172.17.0.28:46656
  42.217 [id=27]	INFO	jenkins.model.Jenkins#_cleanUpShutdownPluginManager: Stopping plugin manager
  42.217 [id=27]	INFO	jenkins.model.Jenkins#_cleanUpPersistQueue: Persisting build queue
  42.223 [id=27]	INFO	jenkins.model.Jenkins#_cleanUpAwaitDisconnects: Waiting for node disconnection completion
  42.225 [id=27]	INFO	jenkins.model.Jenkins#cleanUp: Jenkins stopped
]]></system-err>
    </flakyFailure>
  </testcase>
</testsuite>