[INFO] Error stacktraces are turned on.
[INFO] Scanning for projects...
[WARNING] The project jline:jline:jar:2.14.6 uses prerequisites which is only intended for maven-plugin projects but not for non maven-plugin projects. For such purposes you should use the maven-enforcer-plugin. See https://maven.apache.org/enforcer/enforcer-rules/requireMavenVersion.html
[INFO] 
[INFO] ----------------------------< jline:jline >-----------------------------
[INFO] Building JLine 2.14.6
[INFO] --------------------------------[ jar ]---------------------------------
[INFO] 
[INFO] --- maven-enforcer-plugin:1.4.1:enforce (enforce-maven) @ jline ---
[INFO] 
[INFO] --- maven-resources-plugin:2.6:resources (default-resources) @ jline ---
[INFO] Using 'UTF-8' encoding to copy filtered resources.
[INFO] Copying 1 resource
[INFO] skip non existing resourceDirectory /tmp/tmp6sqd71ww/jline2/src/main/filtered-resources
[INFO] 
[INFO] --- maven-compiler-plugin:3.1:compile (default-compile) @ jline ---
[INFO] Changes detected - recompiling the module!
[INFO] Compiling 53 source files to /tmp/tmp6sqd71ww/jline2/target/classes
[INFO] 
[INFO] --- animal-sniffer-maven-plugin:1.14:check (default) @ jline ---
[INFO] Signature checking is skipped.
[INFO] 
[INFO] >>> maven-bundle-plugin:2.5.4:manifest (default) > process-classes @ jline >>>
[INFO] 
[INFO] --- maven-enforcer-plugin:1.4.1:enforce (enforce-maven) @ jline ---
[INFO] 
[INFO] --- maven-resources-plugin:2.6:resources (default-resources) @ jline ---
[INFO] Using 'UTF-8' encoding to copy filtered resources.
[INFO] Copying 1 resource
[INFO] skip non existing resourceDirectory /tmp/tmp6sqd71ww/jline2/src/main/filtered-resources
[INFO] 
[INFO] --- maven-compiler-plugin:3.1:compile (default-compile) @ jline ---
[INFO] Changes detected - recompiling the module!
[INFO] Compiling 53 source files to /tmp/tmp6sqd71ww/jline2/target/classes
[INFO] 
[INFO] --- animal-sniffer-maven-plugin:1.14:check (default) @ jline ---
[INFO] Signature checking is skipped.
[INFO] 
[INFO] <<< maven-bundle-plugin:2.5.4:manifest (default) < process-classes @ jline <<<
[INFO] 
[INFO] 
[INFO] --- maven-bundle-plugin:2.5.4:manifest (default) @ jline ---
[INFO] 
[INFO] --- maven-resources-plugin:2.6:testResources (default-testResources) @ jline ---
[INFO] Using 'UTF-8' encoding to copy filtered resources.
[INFO] Copying 6 resources
[INFO] skip non existing resourceDirectory /tmp/tmp6sqd71ww/jline2/src/test/filtered-resources
[INFO] 
[INFO] --- maven-compiler-plugin:3.1:testCompile (default-testCompile) @ jline ---
[INFO] Changes detected - recompiling the module!
[INFO] Compiling 23 source files to /tmp/tmp6sqd71ww/jline2/target/test-classes
[INFO] 
[INFO] --- maven-surefire-plugin:2.18.1:test (default-test) @ jline ---
[INFO] Surefire report directory: /tmp/tmp6sqd71ww/jline2/target/surefire-reports

-------------------------------------------------------
 T E S T S
-------------------------------------------------------
Running jline.console.HistorySearchTest
Tests run: 6, Failures: 0, Errors: 0, Skipped: 0, Time elapsed: 0.087 sec - in jline.console.HistorySearchTest
Running jline.console.ViMoveModeTest
Tests run: 34, Failures: 0, Errors: 0, Skipped: 0, Time elapsed: 0.422 sec - in jline.console.ViMoveModeTest
Running jline.console.ConsoleReaderTest
Tests run: 28, Failures: 0, Errors: 0, Skipped: 8, Time elapsed: 0.301 sec - in jline.console.ConsoleReaderTest
Running jline.console.KillRingTest
Tests run: 12, Failures: 0, Errors: 0, Skipped: 0, Time elapsed: 0.031 sec - in jline.console.KillRingTest
Running jline.console.completer.StringsCompleterTest
Tests run: 1, Failures: 0, Errors: 0, Skipped: 0, Time elapsed: 0.003 sec - in jline.console.completer.StringsCompleterTest
Running jline.console.completer.WhitespaceDelimiterTest
Tests run: 5, Failures: 0, Errors: 0, Skipped: 0, Time elapsed: 0.002 sec - in jline.console.completer.WhitespaceDelimiterTest
Running jline.console.completer.ArgumentCompleterTest
Tests run: 3, Failures: 0, Errors: 0, Skipped: 0, Time elapsed: 0.042 sec - in jline.console.completer.ArgumentCompleterTest
Running jline.console.completer.NullCompleterTest
Tests run: 1, Failures: 0, Errors: 0, Skipped: 0, Time elapsed: 0.001 sec - in jline.console.completer.NullCompleterTest
Running jline.console.history.FileHistoryTest
Tests run: 1, Failures: 0, Errors: 0, Skipped: 0, Time elapsed: 0.002 sec - in jline.console.history.FileHistoryTest
Running jline.console.history.MemoryHistoryTest
Tests run: 7, Failures: 0, Errors: 0, Skipped: 0, Time elapsed: 0.001 sec - in jline.console.history.MemoryHistoryTest
Running jline.console.history.HistoryTest
Tests run: 2, Failures: 0, Errors: 0, Skipped: 0, Time elapsed: 0.278 sec - in jline.console.history.HistoryTest
Running jline.console.EditLineTest
Tests run: 11, Failures: 0, Errors: 0, Skipped: 0, Time elapsed: 0.088 sec - in jline.console.EditLineTest
Running jline.TerminalFactoryTest
Tests run: 4, Failures: 1, Errors: 0, Skipped: 0, Time elapsed: 0.373 sec <<< FAILURE! - in jline.TerminalFactoryTest
testConfigureDumbTerminalNoEmacs(jline.TerminalFactoryTest)  Time elapsed: 0.222 sec  <<< FAILURE!
java.lang.AssertionError: 
  Unexpected method call System$$PowerMock0.getenv("OSV_CPUS"):
    System$$PowerMock0.getenv("INSIDE_EMACS"): expected: 1, actual: 0
	at org.easymock.internal.MockInvocationHandler.invoke(MockInvocationHandler.java:44)
	at org.powermock.api.easymock.internal.invocationcontrol.EasyMockMethodInvocationControl.invoke(EasyMockMethodInvocationControl.java:91)
	at org.powermock.core.MockGateway.doMethodCall(MockGateway.java:124)
	at org.powermock.core.MockGateway.methodCall(MockGateway.java:185)
	at jline.TerminalFactory.create(TerminalFactory.java:93)
	at jline.TerminalFactory.get(TerminalFactory.java:180)
	at jline.TerminalFactory.get(TerminalFactory.java:186)
	at jline.TerminalFactoryTest.testConfigureDumbTerminalNoEmacs(TerminalFactoryTest.java:93)

Running jline.readline.KeyMapTest
Tests run: 1, Failures: 0, Errors: 0, Skipped: 0, Time elapsed: 0 sec - in jline.readline.KeyMapTest
Running jline.internal.ConfigurationTest
Tests run: 11, Failures: 0, Errors: 0, Skipped: 0, Time elapsed: 0.001 sec - in jline.internal.ConfigurationTest
Running jline.internal.InfoCmpTest
Tests run: 2, Failures: 0, Errors: 0, Skipped: 0, Time elapsed: 0 sec - in jline.internal.InfoCmpTest
Running jline.internal.TerminalLineSettingsTest
Tests run: 8, Failures: 0, Errors: 0, Skipped: 0, Time elapsed: 0 sec - in jline.internal.TerminalLineSettingsTest
Running jline.internal.LogTest
Tests run: 5, Failures: 0, Errors: 0, Skipped: 0, Time elapsed: 0 sec - in jline.internal.LogTest
Running jline.internal.CursesTest
Tests run: 1, Failures: 0, Errors: 0, Skipped: 0, Time elapsed: 0 sec - in jline.internal.CursesTest

Results :

Failed tests: 
  TerminalFactoryTest.testConfigureDumbTerminalNoEmacs:93 
  Unexpected method call System$$PowerMock0.getenv("OSV_CPUS"):
    System$$PowerMock0.getenv("INSIDE_EMACS"): expected: 1, actual: 0

Tests run: 143, Failures: 1, Errors: 0, Skipped: 8

[ERROR] There are test failures.

Please refer to /tmp/tmp6sqd71ww/jline2/target/surefire-reports for the individual test results.
[INFO] 
[INFO] --- maven-jar-plugin:2.6:jar (default-jar) @ jline ---
[INFO] Building jar: /tmp/tmp6sqd71ww/jline2/target/jline-2.14.6.jar
[INFO] 
[INFO] --- maven-source-plugin:2.4:jar-no-fork (attach-sources) @ jline ---
[INFO] Skipping source per configuration.
[INFO] 
[INFO] --- maven-jar-plugin:2.6:test-jar (default) @ jline ---
[INFO] Building jar: /tmp/tmp6sqd71ww/jline2/target/jline-2.14.6-tests.jar
[INFO] 
[INFO] --- maven-shade-plugin:2.4.1:shade (default) @ jline ---
[INFO] Including org.fusesource.jansi:jansi:jar:1.12 in the shaded jar.
[INFO] Replacing original artifact with shaded artifact.
[INFO] Replacing /tmp/tmp6sqd71ww/jline2/target/jline-2.14.6.jar with /tmp/tmp6sqd71ww/jline2/target/jline-2.14.6-shaded.jar
[INFO] Dependency-reduced POM written at: /tmp/tmp6sqd71ww/jline2/dependency-reduced-pom.xml
[INFO] Dependency-reduced POM written at: /tmp/tmp6sqd71ww/jline2/dependency-reduced-pom.xml
[INFO] 
[INFO] --- maven-site-plugin:3.4:attach-descriptor (attach-descriptor) @ jline ---
[INFO] 
[INFO] --- maven-javadoc-plugin:2.10.3:jar (javadoc) @ jline ---
[INFO] Skipping javadoc generation
[INFO] 
[INFO] --- maven-assembly-plugin:3.2.0:single (default) @ jline ---
[INFO] Building jar: /tmp/tmp6sqd71ww/jline2/target/jline-2.14.6-jar-with-dependencies.jar
[INFO] ------------------------------------------------------------------------
[INFO] BUILD SUCCESS
[INFO] ------------------------------------------------------------------------
[INFO] Total time:  16.737 s
[INFO] Finished at: 2020-07-30T17:21:20Z
[INFO] ------------------------------------------------------------------------
