[INFO] Error stacktraces are turned on.
[INFO] Scanning for projects...
[INFO] 
[INFO] ----------------< org.reactome.server.graph:graph-core >----------------
[INFO] Building ReactomeGraphCore 1.1.21
[INFO] --------------------------------[ jar ]---------------------------------
[INFO] 
[INFO] --- jacoco-maven-plugin:0.8.5:prepare-agent (default) @ graph-core ---
[INFO] argLine set to -javaagent:/home/jdbl/.m2/repository/org/jacoco/org.jacoco.agent/0.8.5/org.jacoco.agent-0.8.5-runtime.jar=destfile=/tmp/tmp7e4hj0ys/graph-core/target/jacoco.exec
[INFO] 
[INFO] --- maven-resources-plugin:3.0.1:resources (default-resources) @ graph-core ---
[INFO] Using 'UTF-8' encoding to copy filtered resources.
[INFO] Copying 1 resource
[INFO] 
[INFO] --- maven-compiler-plugin:3.5.1:compile (default-compile) @ graph-core ---
[INFO] Changes detected - recompiling the module!
[INFO] Compiling 182 source files to /tmp/tmp7e4hj0ys/graph-core/target/classes
[INFO] /tmp/tmp7e4hj0ys/graph-core/src/main/java/org/reactome/server/graph/domain/model/DatabaseObject.java: Some input files use unchecked or unsafe operations.
[INFO] /tmp/tmp7e4hj0ys/graph-core/src/main/java/org/reactome/server/graph/domain/model/DatabaseObject.java: Recompile with -Xlint:unchecked for details.
[INFO] 
[INFO] --- aspectj-maven-plugin:1.4:compile (test-compile) @ graph-core ---
[INFO] 
[INFO] --- maven-resources-plugin:3.0.1:testResources (default-testResources) @ graph-core ---
[INFO] Using 'UTF-8' encoding to copy filtered resources.
[INFO] Copying 3 resources
[INFO] 
[INFO] --- maven-compiler-plugin:3.5.1:testCompile (default-testCompile) @ graph-core ---
[INFO] Changes detected - recompiling the module!
[INFO] Compiling 31 source files to /tmp/tmp7e4hj0ys/graph-core/target/test-classes
[INFO] /tmp/tmp7e4hj0ys/graph-core/src/test/java/org/reactome/server/graph/service/PersonServiceTest.java: /tmp/tmp7e4hj0ys/graph-core/src/test/java/org/reactome/server/graph/service/PersonServiceTest.java uses or overrides a deprecated API.
[INFO] /tmp/tmp7e4hj0ys/graph-core/src/test/java/org/reactome/server/graph/service/PersonServiceTest.java: Recompile with -Xlint:deprecation for details.
[INFO] /tmp/tmp7e4hj0ys/graph-core/src/test/java/org/reactome/server/graph/util/DatabaseObjectFactory.java: /tmp/tmp7e4hj0ys/graph-core/src/test/java/org/reactome/server/graph/util/DatabaseObjectFactory.java uses unchecked or unsafe operations.
[INFO] /tmp/tmp7e4hj0ys/graph-core/src/test/java/org/reactome/server/graph/util/DatabaseObjectFactory.java: Recompile with -Xlint:unchecked for details.
[INFO] 
[INFO] --- aspectj-maven-plugin:1.4:test-compile (test-compile) @ graph-core ---
[INFO] 
[INFO] --- maven-surefire-plugin:2.19.1:test (default-test) @ graph-core ---
[INFO] Surefire report directory: /tmp/tmp7e4hj0ys/graph-core/target/surefire-reports

-------------------------------------------------------
 T E S T S
-------------------------------------------------------
Running org.reactome.server.graph.service.StabilityAndConsistencyTest
SLF4J: Class path contains multiple SLF4J bindings.
SLF4J: Found binding in [file:/tmp/tmp7e4hj0ys/graph-core/target/classes/org/slf4j/impl/StaticLoggerBinder.class]
SLF4J: Found binding in [jar:file:/home/jdbl/.m2/repository/ch/qos/logback/logback-classic/1.2.3/logback-classic-1.2.3.jar!/org/slf4j/impl/StaticLoggerBinder.class]
SLF4J: See http://www.slf4j.org/codes.html#multiple_bindings for an explanation.
439 [main] INFO org.springframework.test.context.support.DefaultTestContextBootstrapper - Loaded default TestExecutionListener class names from location [META-INF/spring.factories]: [org.springframework.test.context.web.ServletTestExecutionListener, org.springframework.test.context.support.DirtiesContextBeforeModesTestExecutionListener, org.springframework.test.context.support.DependencyInjectionTestExecutionListener, org.springframework.test.context.support.DirtiesContextTestExecutionListener, org.springframework.test.context.transaction.TransactionalTestExecutionListener, org.springframework.test.context.jdbc.SqlScriptsTestExecutionListener]
475 [main] INFO org.springframework.test.context.support.DefaultTestContextBootstrapper - Could not instantiate TestExecutionListener [org.springframework.test.context.web.ServletTestExecutionListener]. Specify custom listener classes or make the default listener classes (and their required dependencies) available. Offending class: [javax/servlet/ServletContext]
478 [main] INFO org.springframework.test.context.support.DefaultTestContextBootstrapper - Using TestExecutionListeners: [org.springframework.test.context.support.DirtiesContextBeforeModesTestExecutionListener@64524dd, org.springframework.test.context.support.DependencyInjectionTestExecutionListener@79d06bbd, org.springframework.test.context.support.DirtiesContextTestExecutionListener@47a7a101, org.springframework.test.context.transaction.TransactionalTestExecutionListener@5bb51241, org.springframework.test.context.jdbc.SqlScriptsTestExecutionListener@7479b626]
517 [main] INFO testLogger -  --- !!! Running org.reactome.server.graph.service.StabilityAndConsistencyTest!!! --- 

1097 [main] INFO org.springframework.context.support.GenericApplicationContext - Refreshing org.springframework.context.support.GenericApplicationContext@5d43409a: startup date [Thu Jul 30 20:33:11 UTC 2020]; root of context hierarchy
2495 [main] INFO org.springframework.beans.factory.support.DefaultListableBeanFactory - Overriding bean definition for bean 'lazyFetchAspect' with a different definition: replacing [Generic bean: class [org.reactome.server.graph.aop.LazyFetchAspect]; scope=singleton; abstract=false; lazyInit=false; autowireMode=0; dependencyCheck=0; autowireCandidate=true; primary=false; factoryBeanName=null; factoryMethodName=null; initMethodName=null; destroyMethodName=null; defined in file [/tmp/tmp7e4hj0ys/graph-core/target/test-classes/org/reactome/server/graph/aop/LazyFetchAspect.class]] with [Root bean: class [null]; scope=; abstract=false; lazyInit=false; autowireMode=3; dependencyCheck=0; autowireCandidate=true; primary=false; factoryBeanName=neo4jConfig; factoryMethodName=lazyFetchAspect; initMethodName=null; destroyMethodName=(inferred); defined in org.reactome.server.graph.config.Neo4jConfig]
3550 [main] INFO org.springframework.context.support.PostProcessorRegistrationDelegate$BeanPostProcessorChecker - Bean 'neo4jConfig' of type [class org.reactome.server.graph.config.Neo4jConfig$$EnhancerBySpringCGLIB$$7e90b9b9] is not eligible for getting processed by all BeanPostProcessors (for example: not eligible for auto-proxying)
3552 [main] INFO org.springframework.data.neo4j.config.Neo4jConfiguration - Initialising PersistenceExceptionTranslationPostProcessor
4569 [main] INFO org.neo4j.ogm.metadata.ClassFileProcessor - Starting Post-processing phase
4569 [main] INFO org.neo4j.ogm.metadata.ClassFileProcessor - Building annotation class map
4571 [main] INFO org.neo4j.ogm.metadata.ClassFileProcessor - Building interface class map for 363 classes
4943 [main] INFO org.neo4j.ogm.metadata.ClassFileProcessor - Post-processing complete
4943 [main] INFO org.neo4j.ogm.metadata.ClassFileProcessor - 363 classes loaded in 618106623 nanoseconds
8822 [main] INFO org.springframework.data.neo4j.mapping.Neo4jMappingContext - Neo4jMappingContext initialisation completed
10057 [main] INFO org.springframework.data.neo4j.config.Neo4jConfiguration - Initialising PersistenceExceptionTranslator
10065 [main] INFO org.springframework.data.neo4j.config.Neo4jConfiguration - Initialising PersistenceExceptionTranslationInterceptor
10230 [main] INFO org.springframework.data.neo4j.config.Neo4jConfiguration - Initialising Neo4jTransactionManager
10457 [main] INFO org.springframework.data.neo4j.config.Neo4jConfiguration - Initialising Neo4jSession
10527 [main] INFO org.springframework.data.neo4j.config.Neo4jConfiguration - Intercepted exception
10543 [main] ERROR org.reactome.server.graph.repository.GeneralTemplateRepository - A connection with the Neo4j Graph could not be established. Tests will be skipped
org.springframework.beans.factory.BeanCreationException: Error creating bean with name 'scopedTarget.getSession' defined in org.reactome.server.graph.config.Neo4jConfig: Bean instantiation via factory method failed; nested exception is org.springframework.beans.BeanInstantiationException: Failed to instantiate [org.neo4j.ogm.session.Session]: Factory method 'getSession' threw exception; nested exception is java.lang.RuntimeException: java.net.URISyntaxException: Illegal character in authority at index 7: http://${neo4j.user}:${neo4j.password}@${neo4j.host}:${neo4j.port}
	at org.springframework.beans.factory.support.ConstructorResolver.instantiateUsingFactoryMethod(ConstructorResolver.java:599)
	at org.springframework.beans.factory.support.AbstractAutowireCapableBeanFactory.instantiateUsingFactoryMethod(AbstractAutowireCapableBeanFactory.java:1128)
	at org.springframework.beans.factory.support.AbstractAutowireCapableBeanFactory.createBeanInstance(AbstractAutowireCapableBeanFactory.java:1022)
	at org.springframework.beans.factory.support.AbstractAutowireCapableBeanFactory.doCreateBean(AbstractAutowireCapableBeanFactory.java:512)
	at org.springframework.beans.factory.support.AbstractAutowireCapableBeanFactory.createBean(AbstractAutowireCapableBeanFactory.java:482)
	at org.springframework.beans.factory.support.AbstractBeanFactory.doGetBean(AbstractBeanFactory.java:325)
	at org.springframework.beans.factory.support.AbstractBeanFactory.getBean(AbstractBeanFactory.java:197)
	at org.springframework.aop.target.SimpleBeanTargetSource.getTarget(SimpleBeanTargetSource.java:35)
	at org.springframework.aop.framework.JdkDynamicAopProxy.invoke(JdkDynamicAopProxy.java:187)
	at com.sun.proxy.$Proxy33.query(Unknown Source)
	at org.springframework.data.neo4j.template.Neo4jTemplate.query(Neo4jTemplate.java:217)
	at sun.reflect.NativeMethodAccessorImpl.invoke0(Native Method)
	at sun.reflect.NativeMethodAccessorImpl.invoke(NativeMethodAccessorImpl.java:62)
	at sun.reflect.DelegatingMethodAccessorImpl.invoke(DelegatingMethodAccessorImpl.java:43)
	at java.lang.reflect.Method.invoke(Method.java:498)
	at org.springframework.aop.support.AopUtils.invokeJoinpointUsingReflection(AopUtils.java:302)
	at org.springframework.aop.framework.ReflectiveMethodInvocation.invokeJoinpoint(ReflectiveMethodInvocation.java:190)
	at org.springframework.aop.framework.ReflectiveMethodInvocation.proceed(ReflectiveMethodInvocation.java:157)
	at org.springframework.dao.support.PersistenceExceptionTranslationInterceptor.invoke(PersistenceExceptionTranslationInterceptor.java:136)
	at org.springframework.aop.framework.ReflectiveMethodInvocation.proceed(ReflectiveMethodInvocation.java:179)
	at org.springframework.aop.framework.JdkDynamicAopProxy.invoke(JdkDynamicAopProxy.java:208)
	at com.sun.proxy.$Proxy35.query(Unknown Source)
	at org.reactome.server.graph.repository.GeneralTemplateRepository.fitForService(GeneralTemplateRepository.java:69)
	at org.reactome.server.graph.repository.GeneralTemplateRepository$$FastClassBySpringCGLIB$$61963217.invoke(<generated>)
	at org.springframework.cglib.proxy.MethodProxy.invoke(MethodProxy.java:204)
	at org.springframework.aop.framework.CglibAopProxy$CglibMethodInvocation.invokeJoinpoint(CglibAopProxy.java:720)
	at org.springframework.aop.framework.ReflectiveMethodInvocation.proceed(ReflectiveMethodInvocation.java:157)
	at org.springframework.dao.support.PersistenceExceptionTranslationInterceptor.invoke(PersistenceExceptionTranslationInterceptor.java:136)
	at org.springframework.aop.framework.ReflectiveMethodInvocation.proceed(ReflectiveMethodInvocation.java:179)
	at org.springframework.aop.framework.CglibAopProxy$DynamicAdvisedInterceptor.intercept(CglibAopProxy.java:655)
	at org.reactome.server.graph.repository.GeneralTemplateRepository$$EnhancerBySpringCGLIB$$9f8e894e.fitForService(<generated>)
	at org.reactome.server.graph.service.GeneralService.fitForService_aroundBody18(GeneralService.java:81)
	at org.reactome.server.graph.service.GeneralService.fitForService_aroundBody19$advice(GeneralService.java:33)
	at org.reactome.server.graph.service.GeneralService.fitForService(GeneralService.java:1)
	at org.reactome.server.graph.service.StabilityAndConsistencyTest.setUp_aroundBody2(StabilityAndConsistencyTest.java:42)
	at org.reactome.server.graph.service.StabilityAndConsistencyTest.setUp_aroundBody3$advice(StabilityAndConsistencyTest.java:33)
	at org.reactome.server.graph.service.StabilityAndConsistencyTest.setUp(StabilityAndConsistencyTest.java:1)
	at sun.reflect.NativeMethodAccessorImpl.invoke0(Native Method)
	at sun.reflect.NativeMethodAccessorImpl.invoke(NativeMethodAccessorImpl.java:62)
	at sun.reflect.DelegatingMethodAccessorImpl.invoke(DelegatingMethodAccessorImpl.java:43)
	at java.lang.reflect.Method.invoke(Method.java:498)
	at org.junit.runners.model.FrameworkMethod$1.runReflectiveCall(FrameworkMethod.java:50)
	at org.junit.internal.runners.model.ReflectiveCallable.run(ReflectiveCallable.java:12)
	at org.junit.runners.model.FrameworkMethod.invokeExplosively(FrameworkMethod.java:47)
	at org.junit.internal.runners.statements.RunBefores.evaluate(RunBefores.java:24)
	at org.springframework.test.context.junit4.statements.RunBeforeTestMethodCallbacks.evaluate(RunBeforeTestMethodCallbacks.java:75)
	at org.springframework.test.context.junit4.statements.RunAfterTestMethodCallbacks.evaluate(RunAfterTestMethodCallbacks.java:86)
	at org.springframework.test.context.junit4.statements.SpringRepeat.evaluate(SpringRepeat.java:84)
	at org.junit.runners.ParentRunner.runLeaf(ParentRunner.java:325)
	at org.springframework.test.context.junit4.SpringJUnit4ClassRunner.runChild(SpringJUnit4ClassRunner.java:252)
	at org.springframework.test.context.junit4.SpringJUnit4ClassRunner.runChild(SpringJUnit4ClassRunner.java:94)
	at org.junit.runners.ParentRunner$3.run(ParentRunner.java:290)
	at org.junit.runners.ParentRunner$1.schedule(ParentRunner.java:71)
	at org.junit.runners.ParentRunner.runChildren(ParentRunner.java:288)
	at org.junit.runners.ParentRunner.access$000(ParentRunner.java:58)
	at org.junit.runners.ParentRunner$2.evaluate(ParentRunner.java:268)
	at org.junit.internal.runners.statements.RunBefores.evaluate(RunBefores.java:26)
	at org.springframework.test.context.junit4.statements.RunBeforeTestClassCallbacks.evaluate(RunBeforeTestClassCallbacks.java:61)
	at org.junit.internal.runners.statements.RunAfters.evaluate(RunAfters.java:27)
	at org.springframework.test.context.junit4.statements.RunAfterTestClassCallbacks.evaluate(RunAfterTestClassCallbacks.java:70)
	at org.junit.runners.ParentRunner.run(ParentRunner.java:363)
	at org.springframework.test.context.junit4.SpringJUnit4ClassRunner.run(SpringJUnit4ClassRunner.java:191)
	at org.apache.maven.surefire.junit4.JUnit4Provider.execute(JUnit4Provider.java:367)
	at org.apache.maven.surefire.junit4.JUnit4Provider.executeWithRerun(JUnit4Provider.java:274)
	at org.apache.maven.surefire.junit4.JUnit4Provider.executeTestSet(JUnit4Provider.java:238)
	at org.apache.maven.surefire.junit4.JUnit4Provider.invoke(JUnit4Provider.java:161)
	at org.apache.maven.surefire.booter.ForkedBooter.invokeProviderInSameClassLoader(ForkedBooter.java:290)
	at org.apache.maven.surefire.booter.ForkedBooter.runSuitesInProcess(ForkedBooter.java:242)
	at org.apache.maven.surefire.booter.ForkedBooter.main(ForkedBooter.java:121)
Caused by: org.springframework.beans.BeanInstantiationException: Failed to instantiate [org.neo4j.ogm.session.Session]: Factory method 'getSession' threw exception; nested exception is java.lang.RuntimeException: java.net.URISyntaxException: Illegal character in authority at index 7: http://${neo4j.user}:${neo4j.password}@${neo4j.host}:${neo4j.port}
	at org.springframework.beans.factory.support.SimpleInstantiationStrategy.instantiate(SimpleInstantiationStrategy.java:189)
	at org.springframework.beans.factory.support.ConstructorResolver.instantiateUsingFactoryMethod(ConstructorResolver.java:588)
	... 68 more
Caused by: java.lang.RuntimeException: java.net.URISyntaxException: Illegal character in authority at index 7: http://${neo4j.user}:${neo4j.password}@${neo4j.host}:${neo4j.port}
	at org.neo4j.ogm.driver.AbstractConfigurableDriver.setCredentials(AbstractConfigurableDriver.java:78)
	at org.neo4j.ogm.driver.AbstractConfigurableDriver.configure(AbstractConfigurableDriver.java:53)
	at org.neo4j.ogm.service.DriverService.load(DriverService.java:64)
	at org.neo4j.ogm.service.Components.loadDriver(Components.java:157)
	at org.neo4j.ogm.service.Components.driver(Components.java:103)
	at org.neo4j.ogm.session.SessionFactory.openSession(SessionFactory.java:81)
	at org.springframework.data.neo4j.config.Neo4jConfiguration.getSession(Neo4jConfiguration.java:56)
	at org.reactome.server.graph.config.Neo4jConfig.getSession(Neo4jConfig.java:31)
	at org.reactome.server.graph.config.Neo4jConfig$$EnhancerBySpringCGLIB$$7e90b9b9.CGLIB$getSession$1(<generated>)
	at org.reactome.server.graph.config.Neo4jConfig$$EnhancerBySpringCGLIB$$7e90b9b9$$FastClassBySpringCGLIB$$52267f99.invoke(<generated>)
	at org.springframework.cglib.proxy.MethodProxy.invokeSuper(MethodProxy.java:228)
	at org.springframework.context.annotation.ConfigurationClassEnhancer$BeanMethodInterceptor.intercept(ConfigurationClassEnhancer.java:356)
	at org.reactome.server.graph.config.Neo4jConfig$$EnhancerBySpringCGLIB$$7e90b9b9.getSession(<generated>)
	at sun.reflect.NativeMethodAccessorImpl.invoke0(Native Method)
	at sun.reflect.NativeMethodAccessorImpl.invoke(NativeMethodAccessorImpl.java:62)
	at sun.reflect.DelegatingMethodAccessorImpl.invoke(DelegatingMethodAccessorImpl.java:43)
	at java.lang.reflect.Method.invoke(Method.java:498)
	at org.springframework.beans.factory.support.SimpleInstantiationStrategy.instantiate(SimpleInstantiationStrategy.java:162)
	... 69 more
Caused by: java.net.URISyntaxException: Illegal character in authority at index 7: http://${neo4j.user}:${neo4j.password}@${neo4j.host}:${neo4j.port}
	at java.net.URI$Parser.fail(URI.java:2848)
	at java.net.URI$Parser.parseAuthority(URI.java:3186)
	at java.net.URI$Parser.parseHierarchical(URI.java:3097)
	at java.net.URI$Parser.parse(URI.java:3053)
	at java.net.URI.<init>(URI.java:588)
	at org.neo4j.ogm.driver.AbstractConfigurableDriver.setCredentials(AbstractConfigurableDriver.java:71)
	... 86 more
10697 [main] INFO testLogger - 


Tests run: 2, Failures: 0, Errors: 0, Skipped: 2, Time elapsed: 10.828 sec - in org.reactome.server.graph.service.StabilityAndConsistencyTest
Running org.reactome.server.graph.service.SchemaServiceTest
10747 [main] INFO org.springframework.test.context.support.DefaultTestContextBootstrapper - Loaded default TestExecutionListener class names from location [META-INF/spring.factories]: [org.springframework.test.context.web.ServletTestExecutionListener, org.springframework.test.context.support.DirtiesContextBeforeModesTestExecutionListener, org.springframework.test.context.support.DependencyInjectionTestExecutionListener, org.springframework.test.context.support.DirtiesContextTestExecutionListener, org.springframework.test.context.transaction.TransactionalTestExecutionListener, org.springframework.test.context.jdbc.SqlScriptsTestExecutionListener]
10748 [main] INFO org.springframework.test.context.support.DefaultTestContextBootstrapper - Could not instantiate TestExecutionListener [org.springframework.test.context.web.ServletTestExecutionListener]. Specify custom listener classes or make the default listener classes (and their required dependencies) available. Offending class: [javax/servlet/ServletContext]
10757 [main] INFO org.springframework.test.context.support.DefaultTestContextBootstrapper - Using TestExecutionListeners: [org.springframework.test.context.support.DirtiesContextBeforeModesTestExecutionListener@353b5d86, org.springframework.test.context.support.DependencyInjectionTestExecutionListener@6d17cd8b, org.springframework.test.context.support.DirtiesContextTestExecutionListener@4ff7de80, org.springframework.test.context.transaction.TransactionalTestExecutionListener@43eea3bd, org.springframework.test.context.jdbc.SqlScriptsTestExecutionListener@2cd6112b]
10769 [main] INFO testLogger -  --- !!! Running org.reactome.server.graph.service.SchemaServiceTest !!! --- 

10959 [main] INFO testLogger - 


Tests run: 28, Failures: 0, Errors: 0, Skipped: 28, Time elapsed: 0.056 sec - in org.reactome.server.graph.service.SchemaServiceTest
Running org.reactome.server.graph.service.DiagramServiceTest
10999 [main] INFO org.springframework.test.context.support.DefaultTestContextBootstrapper - Loaded default TestExecutionListener class names from location [META-INF/spring.factories]: [org.springframework.test.context.web.ServletTestExecutionListener, org.springframework.test.context.support.DirtiesContextBeforeModesTestExecutionListener, org.springframework.test.context.support.DependencyInjectionTestExecutionListener, org.springframework.test.context.support.DirtiesContextTestExecutionListener, org.springframework.test.context.transaction.TransactionalTestExecutionListener, org.springframework.test.context.jdbc.SqlScriptsTestExecutionListener]
11000 [main] INFO org.springframework.test.context.support.DefaultTestContextBootstrapper - Could not instantiate TestExecutionListener [org.springframework.test.context.web.ServletTestExecutionListener]. Specify custom listener classes or make the default listener classes (and their required dependencies) available. Offending class: [javax/servlet/ServletContext]
11010 [main] INFO org.springframework.test.context.support.DefaultTestContextBootstrapper - Using TestExecutionListeners: [org.springframework.test.context.support.DirtiesContextBeforeModesTestExecutionListener@11a9f958, org.springframework.test.context.support.DependencyInjectionTestExecutionListener@7585531b, org.springframework.test.context.support.DirtiesContextTestExecutionListener@7fbe0f64, org.springframework.test.context.transaction.TransactionalTestExecutionListener@d0971cd, org.springframework.test.context.jdbc.SqlScriptsTestExecutionListener@53b42a0d]
11013 [main] INFO testLogger -  --- !!! Running org.reactome.server.graph.service.DiagramServiceTest !!! --- 

11083 [main] INFO testLogger - 


Tests run: 4, Failures: 0, Errors: 0, Skipped: 4, Time elapsed: 0.033 sec - in org.reactome.server.graph.service.DiagramServiceTest
Running org.reactome.server.graph.service.HierarchyServiceTest
11085 [main] INFO org.springframework.test.context.support.DefaultTestContextBootstrapper - Loaded default TestExecutionListener class names from location [META-INF/spring.factories]: [org.springframework.test.context.web.ServletTestExecutionListener, org.springframework.test.context.support.DirtiesContextBeforeModesTestExecutionListener, org.springframework.test.context.support.DependencyInjectionTestExecutionListener, org.springframework.test.context.support.DirtiesContextTestExecutionListener, org.springframework.test.context.transaction.TransactionalTestExecutionListener, org.springframework.test.context.jdbc.SqlScriptsTestExecutionListener]
11099 [main] INFO org.springframework.test.context.support.DefaultTestContextBootstrapper - Could not instantiate TestExecutionListener [org.springframework.test.context.web.ServletTestExecutionListener]. Specify custom listener classes or make the default listener classes (and their required dependencies) available. Offending class: [javax/servlet/ServletContext]
11099 [main] INFO org.springframework.test.context.support.DefaultTestContextBootstrapper - Using TestExecutionListeners: [org.springframework.test.context.support.DirtiesContextBeforeModesTestExecutionListener@42a08547, org.springframework.test.context.support.DependencyInjectionTestExecutionListener@579b1d86, org.springframework.test.context.support.DirtiesContextTestExecutionListener@5d28ac23, org.springframework.test.context.transaction.TransactionalTestExecutionListener@6e18bc2f, org.springframework.test.context.jdbc.SqlScriptsTestExecutionListener@28d48616]
11101 [main] INFO testLogger -  --- !!! Running org.reactome.server.graph.service.DetailsServiceTest !!! --- 

11118 [main] INFO org.springframework.data.neo4j.config.Neo4jConfiguration - Initialising Neo4jSession
11121 [main] INFO org.springframework.data.neo4j.config.Neo4jConfiguration - Intercepted exception
11121 [main] ERROR org.reactome.server.graph.repository.GeneralTemplateRepository - A connection with the Neo4j Graph could not be established. Tests will be skipped
org.springframework.beans.factory.BeanCreationException: Error creating bean with name 'scopedTarget.getSession' defined in org.reactome.server.graph.config.Neo4jConfig: Bean instantiation via factory method failed; nested exception is org.springframework.beans.BeanInstantiationException: Failed to instantiate [org.neo4j.ogm.session.Session]: Factory method 'getSession' threw exception; nested exception is java.lang.RuntimeException: java.net.URISyntaxException: Illegal character in authority at index 7: http://${neo4j.user}:${neo4j.password}@${neo4j.host}:${neo4j.port}
	at org.springframework.beans.factory.support.ConstructorResolver.instantiateUsingFactoryMethod(ConstructorResolver.java:599)
	at org.springframework.beans.factory.support.AbstractAutowireCapableBeanFactory.instantiateUsingFactoryMethod(AbstractAutowireCapableBeanFactory.java:1128)
	at org.springframework.beans.factory.support.AbstractAutowireCapableBeanFactory.createBeanInstance(AbstractAutowireCapableBeanFactory.java:1022)
	at org.springframework.beans.factory.support.AbstractAutowireCapableBeanFactory.doCreateBean(AbstractAutowireCapableBeanFactory.java:512)
	at org.springframework.beans.factory.support.AbstractAutowireCapableBeanFactory.createBean(AbstractAutowireCapableBeanFactory.java:482)
	at org.springframework.beans.factory.support.AbstractBeanFactory.doGetBean(AbstractBeanFactory.java:325)
	at org.springframework.beans.factory.support.AbstractBeanFactory.getBean(AbstractBeanFactory.java:197)
	at org.springframework.aop.target.SimpleBeanTargetSource.getTarget(SimpleBeanTargetSource.java:35)
	at org.springframework.aop.framework.JdkDynamicAopProxy.invoke(JdkDynamicAopProxy.java:187)
	at com.sun.proxy.$Proxy33.query(Unknown Source)
	at org.springframework.data.neo4j.template.Neo4jTemplate.query(Neo4jTemplate.java:217)
	at sun.reflect.NativeMethodAccessorImpl.invoke0(Native Method)
	at sun.reflect.NativeMethodAccessorImpl.invoke(NativeMethodAccessorImpl.java:62)
	at sun.reflect.DelegatingMethodAccessorImpl.invoke(DelegatingMethodAccessorImpl.java:43)
	at java.lang.reflect.Method.invoke(Method.java:498)
	at org.springframework.aop.support.AopUtils.invokeJoinpointUsingReflection(AopUtils.java:302)
	at org.springframework.aop.framework.ReflectiveMethodInvocation.invokeJoinpoint(ReflectiveMethodInvocation.java:190)
	at org.springframework.aop.framework.ReflectiveMethodInvocation.proceed(ReflectiveMethodInvocation.java:157)
	at org.springframework.dao.support.PersistenceExceptionTranslationInterceptor.invoke(PersistenceExceptionTranslationInterceptor.java:136)
	at org.springframework.aop.framework.ReflectiveMethodInvocation.proceed(ReflectiveMethodInvocation.java:179)
	at org.springframework.aop.framework.JdkDynamicAopProxy.invoke(JdkDynamicAopProxy.java:208)
	at com.sun.proxy.$Proxy35.query(Unknown Source)
	at org.reactome.server.graph.repository.GeneralTemplateRepository.fitForService(GeneralTemplateRepository.java:69)
	at org.reactome.server.graph.repository.GeneralTemplateRepository$$FastClassBySpringCGLIB$$61963217.invoke(<generated>)
	at org.springframework.cglib.proxy.MethodProxy.invoke(MethodProxy.java:204)
	at org.springframework.aop.framework.CglibAopProxy$CglibMethodInvocation.invokeJoinpoint(CglibAopProxy.java:720)
	at org.springframework.aop.framework.ReflectiveMethodInvocation.proceed(ReflectiveMethodInvocation.java:157)
	at org.springframework.dao.support.PersistenceExceptionTranslationInterceptor.invoke(PersistenceExceptionTranslationInterceptor.java:136)
	at org.springframework.aop.framework.ReflectiveMethodInvocation.proceed(ReflectiveMethodInvocation.java:179)
	at org.springframework.aop.framework.CglibAopProxy$DynamicAdvisedInterceptor.intercept(CglibAopProxy.java:655)
	at org.reactome.server.graph.repository.GeneralTemplateRepository$$EnhancerBySpringCGLIB$$9f8e894e.fitForService(<generated>)
	at org.reactome.server.graph.service.GeneralService.fitForService_aroundBody18(GeneralService.java:81)
	at org.reactome.server.graph.service.GeneralService.fitForService_aroundBody19$advice(GeneralService.java:33)
	at org.reactome.server.graph.service.GeneralService.fitForService(GeneralService.java:1)
	at org.reactome.server.graph.service.HierarchyServiceTest.setUp_aroundBody4(HierarchyServiceTest.java:59)
	at org.reactome.server.graph.service.HierarchyServiceTest.setUp_aroundBody5$advice(HierarchyServiceTest.java:33)
	at org.reactome.server.graph.service.HierarchyServiceTest.setUp(HierarchyServiceTest.java:1)
	at sun.reflect.NativeMethodAccessorImpl.invoke0(Native Method)
	at sun.reflect.NativeMethodAccessorImpl.invoke(NativeMethodAccessorImpl.java:62)
	at sun.reflect.DelegatingMethodAccessorImpl.invoke(DelegatingMethodAccessorImpl.java:43)
	at java.lang.reflect.Method.invoke(Method.java:498)
	at org.junit.runners.model.FrameworkMethod$1.runReflectiveCall(FrameworkMethod.java:50)
	at org.junit.internal.runners.model.ReflectiveCallable.run(ReflectiveCallable.java:12)
	at org.junit.runners.model.FrameworkMethod.invokeExplosively(FrameworkMethod.java:47)
	at org.junit.internal.runners.statements.RunBefores.evaluate(RunBefores.java:24)
	at org.springframework.test.context.junit4.statements.RunBeforeTestMethodCallbacks.evaluate(RunBeforeTestMethodCallbacks.java:75)
	at org.springframework.test.context.junit4.statements.RunAfterTestMethodCallbacks.evaluate(RunAfterTestMethodCallbacks.java:86)
	at org.springframework.test.context.junit4.statements.SpringRepeat.evaluate(SpringRepeat.java:84)
	at org.junit.runners.ParentRunner.runLeaf(ParentRunner.java:325)
	at org.springframework.test.context.junit4.SpringJUnit4ClassRunner.runChild(SpringJUnit4ClassRunner.java:252)
	at org.springframework.test.context.junit4.SpringJUnit4ClassRunner.runChild(SpringJUnit4ClassRunner.java:94)
	at org.junit.runners.ParentRunner$3.run(ParentRunner.java:290)
	at org.junit.runners.ParentRunner$1.schedule(ParentRunner.java:71)
	at org.junit.runners.ParentRunner.runChildren(ParentRunner.java:288)
	at org.junit.runners.ParentRunner.access$000(ParentRunner.java:58)
	at org.junit.runners.ParentRunner$2.evaluate(ParentRunner.java:268)
	at org.junit.internal.runners.statements.RunBefores.evaluate(RunBefores.java:26)
	at org.springframework.test.context.junit4.statements.RunBeforeTestClassCallbacks.evaluate(RunBeforeTestClassCallbacks.java:61)
	at org.junit.internal.runners.statements.RunAfters.evaluate(RunAfters.java:27)
	at org.springframework.test.context.junit4.statements.RunAfterTestClassCallbacks.evaluate(RunAfterTestClassCallbacks.java:70)
	at org.junit.runners.ParentRunner.run(ParentRunner.java:363)
	at org.springframework.test.context.junit4.SpringJUnit4ClassRunner.run(SpringJUnit4ClassRunner.java:191)
	at org.apache.maven.surefire.junit4.JUnit4Provider.execute(JUnit4Provider.java:367)
	at org.apache.maven.surefire.junit4.JUnit4Provider.executeWithRerun(JUnit4Provider.java:274)
	at org.apache.maven.surefire.junit4.JUnit4Provider.executeTestSet(JUnit4Provider.java:238)
	at org.apache.maven.surefire.junit4.JUnit4Provider.invoke(JUnit4Provider.java:161)
	at org.apache.maven.surefire.booter.ForkedBooter.invokeProviderInSameClassLoader(ForkedBooter.java:290)
	at org.apache.maven.surefire.booter.ForkedBooter.runSuitesInProcess(ForkedBooter.java:242)
	at org.apache.maven.surefire.booter.ForkedBooter.main(ForkedBooter.java:121)
Caused by: org.springframework.beans.BeanInstantiationException: Failed to instantiate [org.neo4j.ogm.session.Session]: Factory method 'getSession' threw exception; nested exception is java.lang.RuntimeException: java.net.URISyntaxException: Illegal character in authority at index 7: http://${neo4j.user}:${neo4j.password}@${neo4j.host}:${neo4j.port}
	at org.springframework.beans.factory.support.SimpleInstantiationStrategy.instantiate(SimpleInstantiationStrategy.java:189)
	at org.springframework.beans.factory.support.ConstructorResolver.instantiateUsingFactoryMethod(ConstructorResolver.java:588)
	... 68 more
Caused by: java.lang.RuntimeException: java.net.URISyntaxException: Illegal character in authority at index 7: http://${neo4j.user}:${neo4j.password}@${neo4j.host}:${neo4j.port}
	at org.neo4j.ogm.driver.AbstractConfigurableDriver.setCredentials(AbstractConfigurableDriver.java:78)
	at org.neo4j.ogm.driver.AbstractConfigurableDriver.configure(AbstractConfigurableDriver.java:53)
	at org.neo4j.ogm.service.DriverService.load(DriverService.java:64)
	at org.neo4j.ogm.service.Components.loadDriver(Components.java:157)
	at org.neo4j.ogm.service.Components.driver(Components.java:103)
	at org.neo4j.ogm.session.SessionFactory.openSession(SessionFactory.java:81)
	at org.springframework.data.neo4j.config.Neo4jConfiguration.getSession(Neo4jConfiguration.java:56)
	at org.reactome.server.graph.config.Neo4jConfig.getSession(Neo4jConfig.java:31)
	at org.reactome.server.graph.config.Neo4jConfig$$EnhancerBySpringCGLIB$$7e90b9b9.CGLIB$getSession$1(<generated>)
	at org.reactome.server.graph.config.Neo4jConfig$$EnhancerBySpringCGLIB$$7e90b9b9$$FastClassBySpringCGLIB$$52267f99.invoke(<generated>)
	at org.springframework.cglib.proxy.MethodProxy.invokeSuper(MethodProxy.java:228)
	at org.springframework.context.annotation.ConfigurationClassEnhancer$BeanMethodInterceptor.intercept(ConfigurationClassEnhancer.java:356)
	at org.reactome.server.graph.config.Neo4jConfig$$EnhancerBySpringCGLIB$$7e90b9b9.getSession(<generated>)
	at sun.reflect.NativeMethodAccessorImpl.invoke0(Native Method)
	at sun.reflect.NativeMethodAccessorImpl.invoke(NativeMethodAccessorImpl.java:62)
	at sun.reflect.DelegatingMethodAccessorImpl.invoke(DelegatingMethodAccessorImpl.java:43)
	at java.lang.reflect.Method.invoke(Method.java:498)
	at org.springframework.beans.factory.support.SimpleInstantiationStrategy.instantiate(SimpleInstantiationStrategy.java:162)
	... 69 more
Caused by: java.net.URISyntaxException: Illegal character in authority at index 7: http://${neo4j.user}:${neo4j.password}@${neo4j.host}:${neo4j.port}
	at java.net.URI$Parser.fail(URI.java:2848)
	at java.net.URI$Parser.parseAuthority(URI.java:3186)
	at java.net.URI$Parser.parseHierarchical(URI.java:3097)
	at java.net.URI$Parser.parse(URI.java:3053)
	at java.net.URI.<init>(URI.java:588)
	at org.neo4j.ogm.driver.AbstractConfigurableDriver.setCredentials(AbstractConfigurableDriver.java:71)
	... 86 more
11178 [main] INFO testLogger - 


Tests run: 6, Failures: 0, Errors: 0, Skipped: 6, Time elapsed: 0.12 sec - in org.reactome.server.graph.service.HierarchyServiceTest
Running org.reactome.server.graph.service.PhysicalEntityServiceTest
11182 [main] INFO org.springframework.test.context.support.DefaultTestContextBootstrapper - Loaded default TestExecutionListener class names from location [META-INF/spring.factories]: [org.springframework.test.context.web.ServletTestExecutionListener, org.springframework.test.context.support.DirtiesContextBeforeModesTestExecutionListener, org.springframework.test.context.support.DependencyInjectionTestExecutionListener, org.springframework.test.context.support.DirtiesContextTestExecutionListener, org.springframework.test.context.transaction.TransactionalTestExecutionListener, org.springframework.test.context.jdbc.SqlScriptsTestExecutionListener]
11182 [main] INFO org.springframework.test.context.support.DefaultTestContextBootstrapper - Could not instantiate TestExecutionListener [org.springframework.test.context.web.ServletTestExecutionListener]. Specify custom listener classes or make the default listener classes (and their required dependencies) available. Offending class: [javax/servlet/ServletContext]
11186 [main] INFO org.springframework.test.context.support.DefaultTestContextBootstrapper - Using TestExecutionListeners: [org.springframework.test.context.support.DirtiesContextBeforeModesTestExecutionListener@54d3b4fe, org.springframework.test.context.support.DependencyInjectionTestExecutionListener@52364a6e, org.springframework.test.context.support.DirtiesContextTestExecutionListener@5935ade6, org.springframework.test.context.transaction.TransactionalTestExecutionListener@72187492, org.springframework.test.context.jdbc.SqlScriptsTestExecutionListener@3ba55a6b]
11186 [main] INFO testLogger -  --- !!! Running org.reactome.server.graph.service.DetailsServiceTest !!! --- 

11202 [main] INFO org.springframework.data.neo4j.config.Neo4jConfiguration - Initialising Neo4jSession
11203 [main] INFO org.springframework.data.neo4j.config.Neo4jConfiguration - Intercepted exception
11203 [main] ERROR org.reactome.server.graph.repository.GeneralTemplateRepository - A connection with the Neo4j Graph could not be established. Tests will be skipped
org.springframework.beans.factory.BeanCreationException: Error creating bean with name 'scopedTarget.getSession' defined in org.reactome.server.graph.config.Neo4jConfig: Bean instantiation via factory method failed; nested exception is org.springframework.beans.BeanInstantiationException: Failed to instantiate [org.neo4j.ogm.session.Session]: Factory method 'getSession' threw exception; nested exception is java.lang.RuntimeException: java.net.URISyntaxException: Illegal character in authority at index 7: http://${neo4j.user}:${neo4j.password}@${neo4j.host}:${neo4j.port}
	at org.springframework.beans.factory.support.ConstructorResolver.instantiateUsingFactoryMethod(ConstructorResolver.java:599)
	at org.springframework.beans.factory.support.AbstractAutowireCapableBeanFactory.instantiateUsingFactoryMethod(AbstractAutowireCapableBeanFactory.java:1128)
	at org.springframework.beans.factory.support.AbstractAutowireCapableBeanFactory.createBeanInstance(AbstractAutowireCapableBeanFactory.java:1022)
	at org.springframework.beans.factory.support.AbstractAutowireCapableBeanFactory.doCreateBean(AbstractAutowireCapableBeanFactory.java:512)
	at org.springframework.beans.factory.support.AbstractAutowireCapableBeanFactory.createBean(AbstractAutowireCapableBeanFactory.java:482)
	at org.springframework.beans.factory.support.AbstractBeanFactory.doGetBean(AbstractBeanFactory.java:325)
	at org.springframework.beans.factory.support.AbstractBeanFactory.getBean(AbstractBeanFactory.java:197)
	at org.springframework.aop.target.SimpleBeanTargetSource.getTarget(SimpleBeanTargetSource.java:35)
	at org.springframework.aop.framework.JdkDynamicAopProxy.invoke(JdkDynamicAopProxy.java:187)
	at com.sun.proxy.$Proxy33.query(Unknown Source)
	at org.springframework.data.neo4j.template.Neo4jTemplate.query(Neo4jTemplate.java:217)
	at sun.reflect.NativeMethodAccessorImpl.invoke0(Native Method)
	at sun.reflect.NativeMethodAccessorImpl.invoke(NativeMethodAccessorImpl.java:62)
	at sun.reflect.DelegatingMethodAccessorImpl.invoke(DelegatingMethodAccessorImpl.java:43)
	at java.lang.reflect.Method.invoke(Method.java:498)
	at org.springframework.aop.support.AopUtils.invokeJoinpointUsingReflection(AopUtils.java:302)
	at org.springframework.aop.framework.ReflectiveMethodInvocation.invokeJoinpoint(ReflectiveMethodInvocation.java:190)
	at org.springframework.aop.framework.ReflectiveMethodInvocation.proceed(ReflectiveMethodInvocation.java:157)
	at org.springframework.dao.support.PersistenceExceptionTranslationInterceptor.invoke(PersistenceExceptionTranslationInterceptor.java:136)
	at org.springframework.aop.framework.ReflectiveMethodInvocation.proceed(ReflectiveMethodInvocation.java:179)
	at org.springframework.aop.framework.JdkDynamicAopProxy.invoke(JdkDynamicAopProxy.java:208)
	at com.sun.proxy.$Proxy35.query(Unknown Source)
	at org.reactome.server.graph.repository.GeneralTemplateRepository.fitForService(GeneralTemplateRepository.java:69)
	at org.reactome.server.graph.repository.GeneralTemplateRepository$$FastClassBySpringCGLIB$$61963217.invoke(<generated>)
	at org.springframework.cglib.proxy.MethodProxy.invoke(MethodProxy.java:204)
	at org.springframework.aop.framework.CglibAopProxy$CglibMethodInvocation.invokeJoinpoint(CglibAopProxy.java:720)
	at org.springframework.aop.framework.ReflectiveMethodInvocation.proceed(ReflectiveMethodInvocation.java:157)
	at org.springframework.dao.support.PersistenceExceptionTranslationInterceptor.invoke(PersistenceExceptionTranslationInterceptor.java:136)
	at org.springframework.aop.framework.ReflectiveMethodInvocation.proceed(ReflectiveMethodInvocation.java:179)
	at org.springframework.aop.framework.CglibAopProxy$DynamicAdvisedInterceptor.intercept(CglibAopProxy.java:655)
	at org.reactome.server.graph.repository.GeneralTemplateRepository$$EnhancerBySpringCGLIB$$9f8e894e.fitForService(<generated>)
	at org.reactome.server.graph.service.GeneralService.fitForService_aroundBody18(GeneralService.java:81)
	at org.reactome.server.graph.service.GeneralService.fitForService_aroundBody19$advice(GeneralService.java:33)
	at org.reactome.server.graph.service.GeneralService.fitForService(GeneralService.java:1)
	at org.reactome.server.graph.service.PhysicalEntityServiceTest.setUp_aroundBody4(PhysicalEntityServiceTest.java:62)
	at org.reactome.server.graph.service.PhysicalEntityServiceTest.setUp_aroundBody5$advice(PhysicalEntityServiceTest.java:33)
	at org.reactome.server.graph.service.PhysicalEntityServiceTest.setUp(PhysicalEntityServiceTest.java:1)
	at sun.reflect.NativeMethodAccessorImpl.invoke0(Native Method)
	at sun.reflect.NativeMethodAccessorImpl.invoke(NativeMethodAccessorImpl.java:62)
	at sun.reflect.DelegatingMethodAccessorImpl.invoke(DelegatingMethodAccessorImpl.java:43)
	at java.lang.reflect.Method.invoke(Method.java:498)
	at org.junit.runners.model.FrameworkMethod$1.runReflectiveCall(FrameworkMethod.java:50)
	at org.junit.internal.runners.model.ReflectiveCallable.run(ReflectiveCallable.java:12)
	at org.junit.runners.model.FrameworkMethod.invokeExplosively(FrameworkMethod.java:47)
	at org.junit.internal.runners.statements.RunBefores.evaluate(RunBefores.java:24)
	at org.springframework.test.context.junit4.statements.RunBeforeTestMethodCallbacks.evaluate(RunBeforeTestMethodCallbacks.java:75)
	at org.springframework.test.context.junit4.statements.RunAfterTestMethodCallbacks.evaluate(RunAfterTestMethodCallbacks.java:86)
	at org.springframework.test.context.junit4.statements.SpringRepeat.evaluate(SpringRepeat.java:84)
	at org.junit.runners.ParentRunner.runLeaf(ParentRunner.java:325)
	at org.springframework.test.context.junit4.SpringJUnit4ClassRunner.runChild(SpringJUnit4ClassRunner.java:252)
	at org.springframework.test.context.junit4.SpringJUnit4ClassRunner.runChild(SpringJUnit4ClassRunner.java:94)
	at org.junit.runners.ParentRunner$3.run(ParentRunner.java:290)
	at org.junit.runners.ParentRunner$1.schedule(ParentRunner.java:71)
	at org.junit.runners.ParentRunner.runChildren(ParentRunner.java:288)
	at org.junit.runners.ParentRunner.access$000(ParentRunner.java:58)
	at org.junit.runners.ParentRunner$2.evaluate(ParentRunner.java:268)
	at org.junit.internal.runners.statements.RunBefores.evaluate(RunBefores.java:26)
	at org.springframework.test.context.junit4.statements.RunBeforeTestClassCallbacks.evaluate(RunBeforeTestClassCallbacks.java:61)
	at org.junit.internal.runners.statements.RunAfters.evaluate(RunAfters.java:27)
	at org.springframework.test.context.junit4.statements.RunAfterTestClassCallbacks.evaluate(RunAfterTestClassCallbacks.java:70)
	at org.junit.runners.ParentRunner.run(ParentRunner.java:363)
	at org.springframework.test.context.junit4.SpringJUnit4ClassRunner.run(SpringJUnit4ClassRunner.java:191)
	at org.apache.maven.surefire.junit4.JUnit4Provider.execute(JUnit4Provider.java:367)
	at org.apache.maven.surefire.junit4.JUnit4Provider.executeWithRerun(JUnit4Provider.java:274)
	at org.apache.maven.surefire.junit4.JUnit4Provider.executeTestSet(JUnit4Provider.java:238)
	at org.apache.maven.surefire.junit4.JUnit4Provider.invoke(JUnit4Provider.java:161)
	at org.apache.maven.surefire.booter.ForkedBooter.invokeProviderInSameClassLoader(ForkedBooter.java:290)
	at org.apache.maven.surefire.booter.ForkedBooter.runSuitesInProcess(ForkedBooter.java:242)
	at org.apache.maven.surefire.booter.ForkedBooter.main(ForkedBooter.java:121)
Caused by: org.springframework.beans.BeanInstantiationException: Failed to instantiate [org.neo4j.ogm.session.Session]: Factory method 'getSession' threw exception; nested exception is java.lang.RuntimeException: java.net.URISyntaxException: Illegal character in authority at index 7: http://${neo4j.user}:${neo4j.password}@${neo4j.host}:${neo4j.port}
	at org.springframework.beans.factory.support.SimpleInstantiationStrategy.instantiate(SimpleInstantiationStrategy.java:189)
	at org.springframework.beans.factory.support.ConstructorResolver.instantiateUsingFactoryMethod(ConstructorResolver.java:588)
	... 68 more
Caused by: java.lang.RuntimeException: java.net.URISyntaxException: Illegal character in authority at index 7: http://${neo4j.user}:${neo4j.password}@${neo4j.host}:${neo4j.port}
	at org.neo4j.ogm.driver.AbstractConfigurableDriver.setCredentials(AbstractConfigurableDriver.java:78)
	at org.neo4j.ogm.driver.AbstractConfigurableDriver.configure(AbstractConfigurableDriver.java:53)
	at org.neo4j.ogm.service.DriverService.load(DriverService.java:64)
	at org.neo4j.ogm.service.Components.loadDriver(Components.java:157)
	at org.neo4j.ogm.service.Components.driver(Components.java:103)
	at org.neo4j.ogm.session.SessionFactory.openSession(SessionFactory.java:81)
	at org.springframework.data.neo4j.config.Neo4jConfiguration.getSession(Neo4jConfiguration.java:56)
	at org.reactome.server.graph.config.Neo4jConfig.getSession(Neo4jConfig.java:31)
	at org.reactome.server.graph.config.Neo4jConfig$$EnhancerBySpringCGLIB$$7e90b9b9.CGLIB$getSession$1(<generated>)
	at org.reactome.server.graph.config.Neo4jConfig$$EnhancerBySpringCGLIB$$7e90b9b9$$FastClassBySpringCGLIB$$52267f99.invoke(<generated>)
	at org.springframework.cglib.proxy.MethodProxy.invokeSuper(MethodProxy.java:228)
	at org.springframework.context.annotation.ConfigurationClassEnhancer$BeanMethodInterceptor.intercept(ConfigurationClassEnhancer.java:356)
	at org.reactome.server.graph.config.Neo4jConfig$$EnhancerBySpringCGLIB$$7e90b9b9.getSession(<generated>)
	at sun.reflect.NativeMethodAccessorImpl.invoke0(Native Method)
	at sun.reflect.NativeMethodAccessorImpl.invoke(NativeMethodAccessorImpl.java:62)
	at sun.reflect.DelegatingMethodAccessorImpl.invoke(DelegatingMethodAccessorImpl.java:43)
	at java.lang.reflect.Method.invoke(Method.java:498)
	at org.springframework.beans.factory.support.SimpleInstantiationStrategy.instantiate(SimpleInstantiationStrategy.java:162)
	... 69 more
Caused by: java.net.URISyntaxException: Illegal character in authority at index 7: http://${neo4j.user}:${neo4j.password}@${neo4j.host}:${neo4j.port}
	at java.net.URI$Parser.fail(URI.java:2848)
	at java.net.URI$Parser.parseAuthority(URI.java:3186)
	at java.net.URI$Parser.parseHierarchical(URI.java:3097)
	at java.net.URI$Parser.parse(URI.java:3053)
	at java.net.URI.<init>(URI.java:588)
	at org.neo4j.ogm.driver.AbstractConfigurableDriver.setCredentials(AbstractConfigurableDriver.java:71)
	... 86 more
11235 [main] INFO testLogger - 


Tests run: 5, Failures: 0, Errors: 0, Skipped: 5, Time elapsed: 0.114 sec - in org.reactome.server.graph.service.PhysicalEntityServiceTest
Running org.reactome.server.graph.service.GeneralServiceTest
11238 [main] INFO org.springframework.test.context.support.DefaultTestContextBootstrapper - Loaded default TestExecutionListener class names from location [META-INF/spring.factories]: [org.springframework.test.context.web.ServletTestExecutionListener, org.springframework.test.context.support.DirtiesContextBeforeModesTestExecutionListener, org.springframework.test.context.support.DependencyInjectionTestExecutionListener, org.springframework.test.context.support.DirtiesContextTestExecutionListener, org.springframework.test.context.transaction.TransactionalTestExecutionListener, org.springframework.test.context.jdbc.SqlScriptsTestExecutionListener]
11250 [main] INFO org.springframework.test.context.support.DefaultTestContextBootstrapper - Could not instantiate TestExecutionListener [org.springframework.test.context.web.ServletTestExecutionListener]. Specify custom listener classes or make the default listener classes (and their required dependencies) available. Offending class: [javax/servlet/ServletContext]
11250 [main] INFO org.springframework.test.context.support.DefaultTestContextBootstrapper - Using TestExecutionListeners: [org.springframework.test.context.support.DirtiesContextBeforeModesTestExecutionListener@2623ad23, org.springframework.test.context.support.DependencyInjectionTestExecutionListener@2e03b52f, org.springframework.test.context.support.DirtiesContextTestExecutionListener@71d37ecd, org.springframework.test.context.transaction.TransactionalTestExecutionListener@6e681c3b, org.springframework.test.context.jdbc.SqlScriptsTestExecutionListener@5519ee60]
11251 [main] INFO testLogger -  --- !!! Running org.reactome.server.graph.service.GeneralServiceTest !!! --- 

11274 [main] INFO testLogger - 


Tests run: 4, Failures: 0, Errors: 0, Skipped: 4, Time elapsed: 0.024 sec - in org.reactome.server.graph.service.GeneralServiceTest
Running org.reactome.server.graph.service.InferredToTest
11281 [main] INFO org.springframework.test.context.support.DefaultTestContextBootstrapper - Loaded default TestExecutionListener class names from location [META-INF/spring.factories]: [org.springframework.test.context.web.ServletTestExecutionListener, org.springframework.test.context.support.DirtiesContextBeforeModesTestExecutionListener, org.springframework.test.context.support.DependencyInjectionTestExecutionListener, org.springframework.test.context.support.DirtiesContextTestExecutionListener, org.springframework.test.context.transaction.TransactionalTestExecutionListener, org.springframework.test.context.jdbc.SqlScriptsTestExecutionListener]
11282 [main] INFO org.springframework.test.context.support.DefaultTestContextBootstrapper - Could not instantiate TestExecutionListener [org.springframework.test.context.web.ServletTestExecutionListener]. Specify custom listener classes or make the default listener classes (and their required dependencies) available. Offending class: [javax/servlet/ServletContext]
11282 [main] INFO org.springframework.test.context.support.DefaultTestContextBootstrapper - Using TestExecutionListeners: [org.springframework.test.context.support.DirtiesContextBeforeModesTestExecutionListener@71443983, org.springframework.test.context.support.DependencyInjectionTestExecutionListener@105d2c27, org.springframework.test.context.support.DirtiesContextTestExecutionListener@7ca46aaf, org.springframework.test.context.transaction.TransactionalTestExecutionListener@701c092c, org.springframework.test.context.jdbc.SqlScriptsTestExecutionListener@20c4be8d]
11284 [main] INFO testLogger -  --- !!! Running org.reactome.server.graph.service.InferredToTest !!! --- 

11302 [main] INFO testLogger - 


Tests run: 3, Failures: 0, Errors: 0, Skipped: 3, Time elapsed: 0.004 sec - in org.reactome.server.graph.service.InferredToTest
Running org.reactome.server.graph.service.AdvancedLinkageServiceTest
11319 [main] INFO org.springframework.test.context.support.DefaultTestContextBootstrapper - Loaded default TestExecutionListener class names from location [META-INF/spring.factories]: [org.springframework.test.context.web.ServletTestExecutionListener, org.springframework.test.context.support.DirtiesContextBeforeModesTestExecutionListener, org.springframework.test.context.support.DependencyInjectionTestExecutionListener, org.springframework.test.context.support.DirtiesContextTestExecutionListener, org.springframework.test.context.transaction.TransactionalTestExecutionListener, org.springframework.test.context.jdbc.SqlScriptsTestExecutionListener]
11326 [main] INFO org.springframework.test.context.support.DefaultTestContextBootstrapper - Could not instantiate TestExecutionListener [org.springframework.test.context.web.ServletTestExecutionListener]. Specify custom listener classes or make the default listener classes (and their required dependencies) available. Offending class: [javax/servlet/ServletContext]
11326 [main] INFO org.springframework.test.context.support.DefaultTestContextBootstrapper - Using TestExecutionListeners: [org.springframework.test.context.support.DirtiesContextBeforeModesTestExecutionListener@2ea3f905, org.springframework.test.context.support.DependencyInjectionTestExecutionListener@757bbd02, org.springframework.test.context.support.DirtiesContextTestExecutionListener@194feb27, org.springframework.test.context.transaction.TransactionalTestExecutionListener@316745d8, org.springframework.test.context.jdbc.SqlScriptsTestExecutionListener@3df920]
11327 [main] INFO testLogger -  --- !!! Running org.reactome.server.graph.service.AdvancedLinkageServiceTest!!! --- 

11357 [main] INFO testLogger - 


Tests run: 2, Failures: 0, Errors: 0, Skipped: 2, Time elapsed: 0.064 sec - in org.reactome.server.graph.service.AdvancedLinkageServiceTest
Running org.reactome.server.graph.service.DatabaseObjectServiceTest
11362 [main] INFO org.springframework.test.context.support.DefaultTestContextBootstrapper - Loaded default TestExecutionListener class names from location [META-INF/spring.factories]: [org.springframework.test.context.web.ServletTestExecutionListener, org.springframework.test.context.support.DirtiesContextBeforeModesTestExecutionListener, org.springframework.test.context.support.DependencyInjectionTestExecutionListener, org.springframework.test.context.support.DirtiesContextTestExecutionListener, org.springframework.test.context.transaction.TransactionalTestExecutionListener, org.springframework.test.context.jdbc.SqlScriptsTestExecutionListener]
11362 [main] INFO org.springframework.test.context.support.DefaultTestContextBootstrapper - Could not instantiate TestExecutionListener [org.springframework.test.context.web.ServletTestExecutionListener]. Specify custom listener classes or make the default listener classes (and their required dependencies) available. Offending class: [javax/servlet/ServletContext]
11370 [main] INFO org.springframework.test.context.support.DefaultTestContextBootstrapper - Using TestExecutionListeners: [org.springframework.test.context.support.DirtiesContextBeforeModesTestExecutionListener@59c530b5, org.springframework.test.context.support.DependencyInjectionTestExecutionListener@26652743, org.springframework.test.context.support.DirtiesContextTestExecutionListener@8d56ddd, org.springframework.test.context.transaction.TransactionalTestExecutionListener@1d4ee7d7, org.springframework.test.context.jdbc.SqlScriptsTestExecutionListener@6d7e2c53]
11372 [main] INFO testLogger -  --- !!! Running org.reactome.server.graph.service.DatabaseObjectServiceTest!!! --- 

11417 [main] INFO testLogger - 


Tests run: 9, Failures: 0, Errors: 0, Skipped: 9, Time elapsed: 0.012 sec - in org.reactome.server.graph.service.DatabaseObjectServiceTest
Running org.reactome.server.graph.service.ParticipantServiceTest
11421 [main] INFO org.springframework.test.context.support.DefaultTestContextBootstrapper - Loaded default TestExecutionListener class names from location [META-INF/spring.factories]: [org.springframework.test.context.web.ServletTestExecutionListener, org.springframework.test.context.support.DirtiesContextBeforeModesTestExecutionListener, org.springframework.test.context.support.DependencyInjectionTestExecutionListener, org.springframework.test.context.support.DirtiesContextTestExecutionListener, org.springframework.test.context.transaction.TransactionalTestExecutionListener, org.springframework.test.context.jdbc.SqlScriptsTestExecutionListener]
11422 [main] INFO org.springframework.test.context.support.DefaultTestContextBootstrapper - Could not instantiate TestExecutionListener [org.springframework.test.context.web.ServletTestExecutionListener]. Specify custom listener classes or make the default listener classes (and their required dependencies) available. Offending class: [javax/servlet/ServletContext]
11422 [main] INFO org.springframework.test.context.support.DefaultTestContextBootstrapper - Using TestExecutionListeners: [org.springframework.test.context.support.DirtiesContextBeforeModesTestExecutionListener@39e3da5a, org.springframework.test.context.support.DependencyInjectionTestExecutionListener@339d5e8, org.springframework.test.context.support.DirtiesContextTestExecutionListener@3bd466bd, org.springframework.test.context.transaction.TransactionalTestExecutionListener@1bbf7e81, org.springframework.test.context.jdbc.SqlScriptsTestExecutionListener@3c2956a6]
11423 [main] INFO testLogger -  --- !!! Running org.reactome.server.graph.service.ParticipantServiceTest !!! --- 

11441 [main] INFO testLogger - 


Tests run: 3, Failures: 0, Errors: 0, Skipped: 3, Time elapsed: 0.029 sec - in org.reactome.server.graph.service.ParticipantServiceTest
Running org.reactome.server.graph.service.DetailsServiceTest
11460 [main] INFO org.springframework.test.context.support.DefaultTestContextBootstrapper - Loaded default TestExecutionListener class names from location [META-INF/spring.factories]: [org.springframework.test.context.web.ServletTestExecutionListener, org.springframework.test.context.support.DirtiesContextBeforeModesTestExecutionListener, org.springframework.test.context.support.DependencyInjectionTestExecutionListener, org.springframework.test.context.support.DirtiesContextTestExecutionListener, org.springframework.test.context.transaction.TransactionalTestExecutionListener, org.springframework.test.context.jdbc.SqlScriptsTestExecutionListener]
11461 [main] INFO org.springframework.test.context.support.DefaultTestContextBootstrapper - Could not instantiate TestExecutionListener [org.springframework.test.context.web.ServletTestExecutionListener]. Specify custom listener classes or make the default listener classes (and their required dependencies) available. Offending class: [javax/servlet/ServletContext]
11461 [main] INFO org.springframework.test.context.support.DefaultTestContextBootstrapper - Using TestExecutionListeners: [org.springframework.test.context.support.DirtiesContextBeforeModesTestExecutionListener@25767bd9, org.springframework.test.context.support.DependencyInjectionTestExecutionListener@7e49ab66, org.springframework.test.context.support.DirtiesContextTestExecutionListener@2fad470b, org.springframework.test.context.transaction.TransactionalTestExecutionListener@21f8693e, org.springframework.test.context.jdbc.SqlScriptsTestExecutionListener@3746766b]
11462 [main] INFO testLogger -  --- !!! Running org.reactome.server.graph.service.DetailsServiceTest !!! --- 

11493 [main] INFO testLogger - 


Tests run: 2, Failures: 0, Errors: 0, Skipped: 2, Time elapsed: 0.031 sec - in org.reactome.server.graph.service.DetailsServiceTest
Running org.reactome.server.graph.service.TopLevelPathwayServiceTest
11495 [main] INFO org.springframework.test.context.support.DefaultTestContextBootstrapper - Loaded default TestExecutionListener class names from location [META-INF/spring.factories]: [org.springframework.test.context.web.ServletTestExecutionListener, org.springframework.test.context.support.DirtiesContextBeforeModesTestExecutionListener, org.springframework.test.context.support.DependencyInjectionTestExecutionListener, org.springframework.test.context.support.DirtiesContextTestExecutionListener, org.springframework.test.context.transaction.TransactionalTestExecutionListener, org.springframework.test.context.jdbc.SqlScriptsTestExecutionListener]
11496 [main] INFO org.springframework.test.context.support.DefaultTestContextBootstrapper - Could not instantiate TestExecutionListener [org.springframework.test.context.web.ServletTestExecutionListener]. Specify custom listener classes or make the default listener classes (and their required dependencies) available. Offending class: [javax/servlet/ServletContext]
11496 [main] INFO org.springframework.test.context.support.DefaultTestContextBootstrapper - Using TestExecutionListeners: [org.springframework.test.context.support.DirtiesContextBeforeModesTestExecutionListener@3bf92d96, org.springframework.test.context.support.DependencyInjectionTestExecutionListener@747795d7, org.springframework.test.context.support.DirtiesContextTestExecutionListener@35408036, org.springframework.test.context.transaction.TransactionalTestExecutionListener@6be8e6ee, org.springframework.test.context.jdbc.SqlScriptsTestExecutionListener@198fe398]
11497 [main] INFO testLogger -  --- !!! Running org.reactome.server.graph.service.DetailsServiceTest !!! --- 

11510 [main] INFO org.springframework.data.neo4j.config.Neo4jConfiguration - Initialising Neo4jSession
11513 [main] INFO org.springframework.data.neo4j.config.Neo4jConfiguration - Intercepted exception
11513 [main] ERROR org.reactome.server.graph.repository.GeneralTemplateRepository - A connection with the Neo4j Graph could not be established. Tests will be skipped
org.springframework.beans.factory.BeanCreationException: Error creating bean with name 'scopedTarget.getSession' defined in org.reactome.server.graph.config.Neo4jConfig: Bean instantiation via factory method failed; nested exception is org.springframework.beans.BeanInstantiationException: Failed to instantiate [org.neo4j.ogm.session.Session]: Factory method 'getSession' threw exception; nested exception is java.lang.RuntimeException: java.net.URISyntaxException: Illegal character in authority at index 7: http://${neo4j.user}:${neo4j.password}@${neo4j.host}:${neo4j.port}
	at org.springframework.beans.factory.support.ConstructorResolver.instantiateUsingFactoryMethod(ConstructorResolver.java:599)
	at org.springframework.beans.factory.support.AbstractAutowireCapableBeanFactory.instantiateUsingFactoryMethod(AbstractAutowireCapableBeanFactory.java:1128)
	at org.springframework.beans.factory.support.AbstractAutowireCapableBeanFactory.createBeanInstance(AbstractAutowireCapableBeanFactory.java:1022)
	at org.springframework.beans.factory.support.AbstractAutowireCapableBeanFactory.doCreateBean(AbstractAutowireCapableBeanFactory.java:512)
	at org.springframework.beans.factory.support.AbstractAutowireCapableBeanFactory.createBean(AbstractAutowireCapableBeanFactory.java:482)
	at org.springframework.beans.factory.support.AbstractBeanFactory.doGetBean(AbstractBeanFactory.java:325)
	at org.springframework.beans.factory.support.AbstractBeanFactory.getBean(AbstractBeanFactory.java:197)
	at org.springframework.aop.target.SimpleBeanTargetSource.getTarget(SimpleBeanTargetSource.java:35)
	at org.springframework.aop.framework.JdkDynamicAopProxy.invoke(JdkDynamicAopProxy.java:187)
	at com.sun.proxy.$Proxy33.query(Unknown Source)
	at org.springframework.data.neo4j.template.Neo4jTemplate.query(Neo4jTemplate.java:217)
	at sun.reflect.NativeMethodAccessorImpl.invoke0(Native Method)
	at sun.reflect.NativeMethodAccessorImpl.invoke(NativeMethodAccessorImpl.java:62)
	at sun.reflect.DelegatingMethodAccessorImpl.invoke(DelegatingMethodAccessorImpl.java:43)
	at java.lang.reflect.Method.invoke(Method.java:498)
	at org.springframework.aop.support.AopUtils.invokeJoinpointUsingReflection(AopUtils.java:302)
	at org.springframework.aop.framework.ReflectiveMethodInvocation.invokeJoinpoint(ReflectiveMethodInvocation.java:190)
	at org.springframework.aop.framework.ReflectiveMethodInvocation.proceed(ReflectiveMethodInvocation.java:157)
	at org.springframework.dao.support.PersistenceExceptionTranslationInterceptor.invoke(PersistenceExceptionTranslationInterceptor.java:136)
	at org.springframework.aop.framework.ReflectiveMethodInvocation.proceed(ReflectiveMethodInvocation.java:179)
	at org.springframework.aop.framework.JdkDynamicAopProxy.invoke(JdkDynamicAopProxy.java:208)
	at com.sun.proxy.$Proxy35.query(Unknown Source)
	at org.reactome.server.graph.repository.GeneralTemplateRepository.fitForService(GeneralTemplateRepository.java:69)
	at org.reactome.server.graph.repository.GeneralTemplateRepository$$FastClassBySpringCGLIB$$61963217.invoke(<generated>)
	at org.springframework.cglib.proxy.MethodProxy.invoke(MethodProxy.java:204)
	at org.springframework.aop.framework.CglibAopProxy$CglibMethodInvocation.invokeJoinpoint(CglibAopProxy.java:720)
	at org.springframework.aop.framework.ReflectiveMethodInvocation.proceed(ReflectiveMethodInvocation.java:157)
	at org.springframework.dao.support.PersistenceExceptionTranslationInterceptor.invoke(PersistenceExceptionTranslationInterceptor.java:136)
	at org.springframework.aop.framework.ReflectiveMethodInvocation.proceed(ReflectiveMethodInvocation.java:179)
	at org.springframework.aop.framework.CglibAopProxy$DynamicAdvisedInterceptor.intercept(CglibAopProxy.java:655)
	at org.reactome.server.graph.repository.GeneralTemplateRepository$$EnhancerBySpringCGLIB$$9f8e894e.fitForService(<generated>)
	at org.reactome.server.graph.service.GeneralService.fitForService_aroundBody18(GeneralService.java:81)
	at org.reactome.server.graph.service.GeneralService.fitForService_aroundBody19$advice(GeneralService.java:33)
	at org.reactome.server.graph.service.GeneralService.fitForService(GeneralService.java:1)
	at org.reactome.server.graph.service.TopLevelPathwayServiceTest.setUp_aroundBody4(TopLevelPathwayServiceTest.java:58)
	at org.reactome.server.graph.service.TopLevelPathwayServiceTest.setUp_aroundBody5$advice(TopLevelPathwayServiceTest.java:33)
	at org.reactome.server.graph.service.TopLevelPathwayServiceTest.setUp(TopLevelPathwayServiceTest.java:1)
	at sun.reflect.NativeMethodAccessorImpl.invoke0(Native Method)
	at sun.reflect.NativeMethodAccessorImpl.invoke(NativeMethodAccessorImpl.java:62)
	at sun.reflect.DelegatingMethodAccessorImpl.invoke(DelegatingMethodAccessorImpl.java:43)
	at java.lang.reflect.Method.invoke(Method.java:498)
	at org.junit.runners.model.FrameworkMethod$1.runReflectiveCall(FrameworkMethod.java:50)
	at org.junit.internal.runners.model.ReflectiveCallable.run(ReflectiveCallable.java:12)
	at org.junit.runners.model.FrameworkMethod.invokeExplosively(FrameworkMethod.java:47)
	at org.junit.internal.runners.statements.RunBefores.evaluate(RunBefores.java:24)
	at org.springframework.test.context.junit4.statements.RunBeforeTestMethodCallbacks.evaluate(RunBeforeTestMethodCallbacks.java:75)
	at org.springframework.test.context.junit4.statements.RunAfterTestMethodCallbacks.evaluate(RunAfterTestMethodCallbacks.java:86)
	at org.springframework.test.context.junit4.statements.SpringRepeat.evaluate(SpringRepeat.java:84)
	at org.junit.runners.ParentRunner.runLeaf(ParentRunner.java:325)
	at org.springframework.test.context.junit4.SpringJUnit4ClassRunner.runChild(SpringJUnit4ClassRunner.java:252)
	at org.springframework.test.context.junit4.SpringJUnit4ClassRunner.runChild(SpringJUnit4ClassRunner.java:94)
	at org.junit.runners.ParentRunner$3.run(ParentRunner.java:290)
	at org.junit.runners.ParentRunner$1.schedule(ParentRunner.java:71)
	at org.junit.runners.ParentRunner.runChildren(ParentRunner.java:288)
	at org.junit.runners.ParentRunner.access$000(ParentRunner.java:58)
	at org.junit.runners.ParentRunner$2.evaluate(ParentRunner.java:268)
	at org.junit.internal.runners.statements.RunBefores.evaluate(RunBefores.java:26)
	at org.springframework.test.context.junit4.statements.RunBeforeTestClassCallbacks.evaluate(RunBeforeTestClassCallbacks.java:61)
	at org.junit.internal.runners.statements.RunAfters.evaluate(RunAfters.java:27)
	at org.springframework.test.context.junit4.statements.RunAfterTestClassCallbacks.evaluate(RunAfterTestClassCallbacks.java:70)
	at org.junit.runners.ParentRunner.run(ParentRunner.java:363)
	at org.springframework.test.context.junit4.SpringJUnit4ClassRunner.run(SpringJUnit4ClassRunner.java:191)
	at org.apache.maven.surefire.junit4.JUnit4Provider.execute(JUnit4Provider.java:367)
	at org.apache.maven.surefire.junit4.JUnit4Provider.executeWithRerun(JUnit4Provider.java:274)
	at org.apache.maven.surefire.junit4.JUnit4Provider.executeTestSet(JUnit4Provider.java:238)
	at org.apache.maven.surefire.junit4.JUnit4Provider.invoke(JUnit4Provider.java:161)
	at org.apache.maven.surefire.booter.ForkedBooter.invokeProviderInSameClassLoader(ForkedBooter.java:290)
	at org.apache.maven.surefire.booter.ForkedBooter.runSuitesInProcess(ForkedBooter.java:242)
	at org.apache.maven.surefire.booter.ForkedBooter.main(ForkedBooter.java:121)
Caused by: org.springframework.beans.BeanInstantiationException: Failed to instantiate [org.neo4j.ogm.session.Session]: Factory method 'getSession' threw exception; nested exception is java.lang.RuntimeException: java.net.URISyntaxException: Illegal character in authority at index 7: http://${neo4j.user}:${neo4j.password}@${neo4j.host}:${neo4j.port}
	at org.springframework.beans.factory.support.SimpleInstantiationStrategy.instantiate(SimpleInstantiationStrategy.java:189)
	at org.springframework.beans.factory.support.ConstructorResolver.instantiateUsingFactoryMethod(ConstructorResolver.java:588)
	... 68 more
Caused by: java.lang.RuntimeException: java.net.URISyntaxException: Illegal character in authority at index 7: http://${neo4j.user}:${neo4j.password}@${neo4j.host}:${neo4j.port}
	at org.neo4j.ogm.driver.AbstractConfigurableDriver.setCredentials(AbstractConfigurableDriver.java:78)
	at org.neo4j.ogm.driver.AbstractConfigurableDriver.configure(AbstractConfigurableDriver.java:53)
	at org.neo4j.ogm.service.DriverService.load(DriverService.java:64)
	at org.neo4j.ogm.service.Components.loadDriver(Components.java:157)
	at org.neo4j.ogm.service.Components.driver(Components.java:103)
	at org.neo4j.ogm.session.SessionFactory.openSession(SessionFactory.java:81)
	at org.springframework.data.neo4j.config.Neo4jConfiguration.getSession(Neo4jConfiguration.java:56)
	at org.reactome.server.graph.config.Neo4jConfig.getSession(Neo4jConfig.java:31)
	at org.reactome.server.graph.config.Neo4jConfig$$EnhancerBySpringCGLIB$$7e90b9b9.CGLIB$getSession$1(<generated>)
	at org.reactome.server.graph.config.Neo4jConfig$$EnhancerBySpringCGLIB$$7e90b9b9$$FastClassBySpringCGLIB$$52267f99.invoke(<generated>)
	at org.springframework.cglib.proxy.MethodProxy.invokeSuper(MethodProxy.java:228)
	at org.springframework.context.annotation.ConfigurationClassEnhancer$BeanMethodInterceptor.intercept(ConfigurationClassEnhancer.java:356)
	at org.reactome.server.graph.config.Neo4jConfig$$EnhancerBySpringCGLIB$$7e90b9b9.getSession(<generated>)
	at sun.reflect.NativeMethodAccessorImpl.invoke0(Native Method)
	at sun.reflect.NativeMethodAccessorImpl.invoke(NativeMethodAccessorImpl.java:62)
	at sun.reflect.DelegatingMethodAccessorImpl.invoke(DelegatingMethodAccessorImpl.java:43)
	at java.lang.reflect.Method.invoke(Method.java:498)
	at org.springframework.beans.factory.support.SimpleInstantiationStrategy.instantiate(SimpleInstantiationStrategy.java:162)
	... 69 more
Caused by: java.net.URISyntaxException: Illegal character in authority at index 7: http://${neo4j.user}:${neo4j.password}@${neo4j.host}:${neo4j.port}
	at java.net.URI$Parser.fail(URI.java:2848)
	at java.net.URI$Parser.parseAuthority(URI.java:3186)
	at java.net.URI$Parser.parseHierarchical(URI.java:3097)
	at java.net.URI$Parser.parse(URI.java:3053)
	at java.net.URI.<init>(URI.java:588)
	at org.neo4j.ogm.driver.AbstractConfigurableDriver.setCredentials(AbstractConfigurableDriver.java:71)
	... 86 more
11535 [main] INFO testLogger - 


Tests run: 6, Failures: 0, Errors: 0, Skipped: 6, Time elapsed: 0.138 sec - in org.reactome.server.graph.service.TopLevelPathwayServiceTest
Running org.reactome.server.graph.service.AdvancedServiceTest
11563 [main] INFO org.springframework.test.context.support.DefaultTestContextBootstrapper - Loaded default TestExecutionListener class names from location [META-INF/spring.factories]: [org.springframework.test.context.web.ServletTestExecutionListener, org.springframework.test.context.support.DirtiesContextBeforeModesTestExecutionListener, org.springframework.test.context.support.DependencyInjectionTestExecutionListener, org.springframework.test.context.support.DirtiesContextTestExecutionListener, org.springframework.test.context.transaction.TransactionalTestExecutionListener, org.springframework.test.context.jdbc.SqlScriptsTestExecutionListener]
11564 [main] INFO org.springframework.test.context.support.DefaultTestContextBootstrapper - Could not instantiate TestExecutionListener [org.springframework.test.context.web.ServletTestExecutionListener]. Specify custom listener classes or make the default listener classes (and their required dependencies) available. Offending class: [javax/servlet/ServletContext]
11567 [main] INFO org.springframework.test.context.support.DefaultTestContextBootstrapper - Using TestExecutionListeners: [org.springframework.test.context.support.DirtiesContextBeforeModesTestExecutionListener@65a86de0, org.springframework.test.context.support.DependencyInjectionTestExecutionListener@745e1fb7, org.springframework.test.context.support.DirtiesContextTestExecutionListener@4d484961, org.springframework.test.context.transaction.TransactionalTestExecutionListener@497d9489, org.springframework.test.context.jdbc.SqlScriptsTestExecutionListener@6f9c272b]
11585 [main] INFO testLogger -  --- !!! Running org.reactome.server.graph.service.AdvancedServiceTest!!! --- 

11706 [main] INFO testLogger - 


Tests run: 23, Failures: 0, Errors: 0, Skipped: 23, Time elapsed: 0.013 sec - in org.reactome.server.graph.service.AdvancedServiceTest
Running org.reactome.server.graph.service.OrthologyServiceTest
11709 [main] INFO org.springframework.test.context.support.DefaultTestContextBootstrapper - Loaded default TestExecutionListener class names from location [META-INF/spring.factories]: [org.springframework.test.context.web.ServletTestExecutionListener, org.springframework.test.context.support.DirtiesContextBeforeModesTestExecutionListener, org.springframework.test.context.support.DependencyInjectionTestExecutionListener, org.springframework.test.context.support.DirtiesContextTestExecutionListener, org.springframework.test.context.transaction.TransactionalTestExecutionListener, org.springframework.test.context.jdbc.SqlScriptsTestExecutionListener]
11709 [main] INFO org.springframework.test.context.support.DefaultTestContextBootstrapper - Could not instantiate TestExecutionListener [org.springframework.test.context.web.ServletTestExecutionListener]. Specify custom listener classes or make the default listener classes (and their required dependencies) available. Offending class: [javax/servlet/ServletContext]
11710 [main] INFO org.springframework.test.context.support.DefaultTestContextBootstrapper - Using TestExecutionListeners: [org.springframework.test.context.support.DirtiesContextBeforeModesTestExecutionListener@5ce50c82, org.springframework.test.context.support.DependencyInjectionTestExecutionListener@75f2a654, org.springframework.test.context.support.DirtiesContextTestExecutionListener@5680228, org.springframework.test.context.transaction.TransactionalTestExecutionListener@5411a529, org.springframework.test.context.jdbc.SqlScriptsTestExecutionListener@20e43235]
11710 [main] INFO testLogger -  --- !!! Running org.reactome.server.graph.service.OrthologyServiceTest !!! --- 

11713 [main] INFO testLogger - 


Tests run: 1, Failures: 0, Errors: 0, Skipped: 1, Time elapsed: 0.004 sec - in org.reactome.server.graph.service.OrthologyServiceTest
Running org.reactome.server.graph.service.MappingServiceTest
11715 [main] INFO org.springframework.test.context.support.DefaultTestContextBootstrapper - Loaded default TestExecutionListener class names from location [META-INF/spring.factories]: [org.springframework.test.context.web.ServletTestExecutionListener, org.springframework.test.context.support.DirtiesContextBeforeModesTestExecutionListener, org.springframework.test.context.support.DependencyInjectionTestExecutionListener, org.springframework.test.context.support.DirtiesContextTestExecutionListener, org.springframework.test.context.transaction.TransactionalTestExecutionListener, org.springframework.test.context.jdbc.SqlScriptsTestExecutionListener]
11715 [main] INFO org.springframework.test.context.support.DefaultTestContextBootstrapper - Could not instantiate TestExecutionListener [org.springframework.test.context.web.ServletTestExecutionListener]. Specify custom listener classes or make the default listener classes (and their required dependencies) available. Offending class: [javax/servlet/ServletContext]
11716 [main] INFO org.springframework.test.context.support.DefaultTestContextBootstrapper - Using TestExecutionListeners: [org.springframework.test.context.support.DirtiesContextBeforeModesTestExecutionListener@65669def, org.springframework.test.context.support.DependencyInjectionTestExecutionListener@15d25244, org.springframework.test.context.support.DirtiesContextTestExecutionListener@73602e88, org.springframework.test.context.transaction.TransactionalTestExecutionListener@2889d997, org.springframework.test.context.jdbc.SqlScriptsTestExecutionListener@7951a08c]
11716 [main] INFO testLogger -  --- !!! Running org.reactome.server.graph.service.MappingServiceTest !!! --- 

11750 [main] INFO testLogger - 


Tests run: 4, Failures: 0, Errors: 0, Skipped: 4, Time elapsed: 0.004 sec - in org.reactome.server.graph.service.MappingServiceTest
Running org.reactome.server.graph.service.PersonServiceTest
11763 [main] INFO org.springframework.test.context.support.DefaultTestContextBootstrapper - Loaded default TestExecutionListener class names from location [META-INF/spring.factories]: [org.springframework.test.context.web.ServletTestExecutionListener, org.springframework.test.context.support.DirtiesContextBeforeModesTestExecutionListener, org.springframework.test.context.support.DependencyInjectionTestExecutionListener, org.springframework.test.context.support.DirtiesContextTestExecutionListener, org.springframework.test.context.transaction.TransactionalTestExecutionListener, org.springframework.test.context.jdbc.SqlScriptsTestExecutionListener]
11763 [main] INFO org.springframework.test.context.support.DefaultTestContextBootstrapper - Could not instantiate TestExecutionListener [org.springframework.test.context.web.ServletTestExecutionListener]. Specify custom listener classes or make the default listener classes (and their required dependencies) available. Offending class: [javax/servlet/ServletContext]
11775 [main] INFO org.springframework.test.context.support.DefaultTestContextBootstrapper - Using TestExecutionListeners: [org.springframework.test.context.support.DirtiesContextBeforeModesTestExecutionListener@58182d7, org.springframework.test.context.support.DependencyInjectionTestExecutionListener@1eedf268, org.springframework.test.context.support.DirtiesContextTestExecutionListener@654322b0, org.springframework.test.context.transaction.TransactionalTestExecutionListener@6d9069ab, org.springframework.test.context.jdbc.SqlScriptsTestExecutionListener@648ec9f4]
11775 [main] INFO testLogger -  --- !!! Running org.reactome.server.graph.service.PersonServiceTest !!! --- 

11854 [main] INFO testLogger - 


Tests run: 15, Failures: 0, Errors: 0, Skipped: 15, Time elapsed: 0.017 sec - in org.reactome.server.graph.service.PersonServiceTest
Running org.reactome.server.graph.service.CompartmentTest
11858 [main] INFO org.springframework.test.context.support.DefaultTestContextBootstrapper - Loaded default TestExecutionListener class names from location [META-INF/spring.factories]: [org.springframework.test.context.web.ServletTestExecutionListener, org.springframework.test.context.support.DirtiesContextBeforeModesTestExecutionListener, org.springframework.test.context.support.DependencyInjectionTestExecutionListener, org.springframework.test.context.support.DirtiesContextTestExecutionListener, org.springframework.test.context.transaction.TransactionalTestExecutionListener, org.springframework.test.context.jdbc.SqlScriptsTestExecutionListener]
11866 [main] INFO org.springframework.test.context.support.DefaultTestContextBootstrapper - Could not instantiate TestExecutionListener [org.springframework.test.context.web.ServletTestExecutionListener]. Specify custom listener classes or make the default listener classes (and their required dependencies) available. Offending class: [javax/servlet/ServletContext]
11866 [main] INFO org.springframework.test.context.support.DefaultTestContextBootstrapper - Using TestExecutionListeners: [org.springframework.test.context.support.DirtiesContextBeforeModesTestExecutionListener@1377af49, org.springframework.test.context.support.DependencyInjectionTestExecutionListener@1b3639a1, org.springframework.test.context.support.DirtiesContextTestExecutionListener@59df8444, org.springframework.test.context.transaction.TransactionalTestExecutionListener@4ac7f844, org.springframework.test.context.jdbc.SqlScriptsTestExecutionListener@64641bb2]
11867 [main] INFO testLogger -  --- !!! Running org.reactome.server.graph.service.CompartmentTest !!! --- 

11870 [main] INFO testLogger - 


Tests run: 1, Failures: 0, Errors: 0, Skipped: 1, Time elapsed: 0.02 sec - in org.reactome.server.graph.service.CompartmentTest
Running org.reactome.server.graph.service.LazyLoadingTest
11873 [main] INFO org.springframework.test.context.support.DefaultTestContextBootstrapper - Loaded default TestExecutionListener class names from location [META-INF/spring.factories]: [org.springframework.test.context.web.ServletTestExecutionListener, org.springframework.test.context.support.DirtiesContextBeforeModesTestExecutionListener, org.springframework.test.context.support.DependencyInjectionTestExecutionListener, org.springframework.test.context.support.DirtiesContextTestExecutionListener, org.springframework.test.context.transaction.TransactionalTestExecutionListener, org.springframework.test.context.jdbc.SqlScriptsTestExecutionListener]
11873 [main] INFO org.springframework.test.context.support.DefaultTestContextBootstrapper - Could not instantiate TestExecutionListener [org.springframework.test.context.web.ServletTestExecutionListener]. Specify custom listener classes or make the default listener classes (and their required dependencies) available. Offending class: [javax/servlet/ServletContext]
11874 [main] INFO org.springframework.test.context.support.DefaultTestContextBootstrapper - Using TestExecutionListeners: [org.springframework.test.context.support.DirtiesContextBeforeModesTestExecutionListener@7f03e5f4, org.springframework.test.context.support.DependencyInjectionTestExecutionListener@6725f9e0, org.springframework.test.context.support.DirtiesContextTestExecutionListener@6121b045, org.springframework.test.context.transaction.TransactionalTestExecutionListener@4b8ab2f8, org.springframework.test.context.jdbc.SqlScriptsTestExecutionListener@2b46d238]
11875 [main] INFO testLogger -  --- !!! Running org.reactome.server.graph.service.LazyLoadingTest!!! --- 

11885 [main] INFO testLogger - 


Tests run: 7, Failures: 0, Errors: 0, Skipped: 7, Time elapsed: 0.012 sec - in org.reactome.server.graph.service.LazyLoadingTest
Running org.reactome.server.graph.service.SchemaDataSetTest
11887 [main] INFO org.springframework.test.context.support.DefaultTestContextBootstrapper - Loaded default TestExecutionListener class names from location [META-INF/spring.factories]: [org.springframework.test.context.web.ServletTestExecutionListener, org.springframework.test.context.support.DirtiesContextBeforeModesTestExecutionListener, org.springframework.test.context.support.DependencyInjectionTestExecutionListener, org.springframework.test.context.support.DirtiesContextTestExecutionListener, org.springframework.test.context.transaction.TransactionalTestExecutionListener, org.springframework.test.context.jdbc.SqlScriptsTestExecutionListener]
11888 [main] INFO org.springframework.test.context.support.DefaultTestContextBootstrapper - Could not instantiate TestExecutionListener [org.springframework.test.context.web.ServletTestExecutionListener]. Specify custom listener classes or make the default listener classes (and their required dependencies) available. Offending class: [javax/servlet/ServletContext]
11888 [main] INFO org.springframework.test.context.support.DefaultTestContextBootstrapper - Using TestExecutionListeners: [org.springframework.test.context.support.DirtiesContextBeforeModesTestExecutionListener@472073bb, org.springframework.test.context.support.DependencyInjectionTestExecutionListener@63714a1, org.springframework.test.context.support.DirtiesContextTestExecutionListener@53bf791, org.springframework.test.context.transaction.TransactionalTestExecutionListener@1bc6a43c, org.springframework.test.context.jdbc.SqlScriptsTestExecutionListener@5f3fa154]
11889 [main] INFO testLogger -  --- !!! Running org.reactome.server.graph.service.SchemaDataSetTest!!! --- 

11891 [main] INFO testLogger - 


Tests run: 1, Failures: 0, Errors: 0, Skipped: 1, Time elapsed: 0.003 sec - in org.reactome.server.graph.service.SchemaDataSetTest
Running org.reactome.server.graph.service.EventsServiceTest
11916 [main] INFO org.springframework.test.context.support.DefaultTestContextBootstrapper - Loaded default TestExecutionListener class names from location [META-INF/spring.factories]: [org.springframework.test.context.web.ServletTestExecutionListener, org.springframework.test.context.support.DirtiesContextBeforeModesTestExecutionListener, org.springframework.test.context.support.DependencyInjectionTestExecutionListener, org.springframework.test.context.support.DirtiesContextTestExecutionListener, org.springframework.test.context.transaction.TransactionalTestExecutionListener, org.springframework.test.context.jdbc.SqlScriptsTestExecutionListener]
11921 [main] INFO org.springframework.test.context.support.DefaultTestContextBootstrapper - Could not instantiate TestExecutionListener [org.springframework.test.context.web.ServletTestExecutionListener]. Specify custom listener classes or make the default listener classes (and their required dependencies) available. Offending class: [javax/servlet/ServletContext]
11921 [main] INFO org.springframework.test.context.support.DefaultTestContextBootstrapper - Using TestExecutionListeners: [org.springframework.test.context.support.DirtiesContextBeforeModesTestExecutionListener@1bb1ba54, org.springframework.test.context.support.DependencyInjectionTestExecutionListener@25727f74, org.springframework.test.context.support.DirtiesContextTestExecutionListener@6999dca2, org.springframework.test.context.transaction.TransactionalTestExecutionListener@312af870, org.springframework.test.context.jdbc.SqlScriptsTestExecutionListener@27df971b]
11922 [main] INFO testLogger -  --- !!! Running org.reactome.server.graph.service.EventsServiceTest !!! --- 

11937 [main] INFO testLogger - 


Tests run: 2, Failures: 0, Errors: 0, Skipped: 2, Time elapsed: 0.006 sec - in org.reactome.server.graph.service.EventsServiceTest
Running org.reactome.server.graph.service.PathwaysServiceTest
11951 [main] INFO org.springframework.test.context.support.DefaultTestContextBootstrapper - Loaded default TestExecutionListener class names from location [META-INF/spring.factories]: [org.springframework.test.context.web.ServletTestExecutionListener, org.springframework.test.context.support.DirtiesContextBeforeModesTestExecutionListener, org.springframework.test.context.support.DependencyInjectionTestExecutionListener, org.springframework.test.context.support.DirtiesContextTestExecutionListener, org.springframework.test.context.transaction.TransactionalTestExecutionListener, org.springframework.test.context.jdbc.SqlScriptsTestExecutionListener]
11953 [main] INFO org.springframework.test.context.support.DefaultTestContextBootstrapper - Could not instantiate TestExecutionListener [org.springframework.test.context.web.ServletTestExecutionListener]. Specify custom listener classes or make the default listener classes (and their required dependencies) available. Offending class: [javax/servlet/ServletContext]
11953 [main] INFO org.springframework.test.context.support.DefaultTestContextBootstrapper - Using TestExecutionListeners: [org.springframework.test.context.support.DirtiesContextBeforeModesTestExecutionListener@1af6cd73, org.springframework.test.context.support.DependencyInjectionTestExecutionListener@50cfe725, org.springframework.test.context.support.DirtiesContextTestExecutionListener@2baf2c6, org.springframework.test.context.transaction.TransactionalTestExecutionListener@2c226db0, org.springframework.test.context.jdbc.SqlScriptsTestExecutionListener@13b012]
11954 [main] INFO testLogger -  --- !!! Running org.reactome.server.graph.service.DetailsServiceTest !!! --- 

11959 [main] INFO org.springframework.data.neo4j.config.Neo4jConfiguration - Initialising Neo4jSession
11960 [main] INFO org.springframework.data.neo4j.config.Neo4jConfiguration - Intercepted exception
11960 [main] ERROR org.reactome.server.graph.repository.GeneralTemplateRepository - A connection with the Neo4j Graph could not be established. Tests will be skipped
org.springframework.beans.factory.BeanCreationException: Error creating bean with name 'scopedTarget.getSession' defined in org.reactome.server.graph.config.Neo4jConfig: Bean instantiation via factory method failed; nested exception is org.springframework.beans.BeanInstantiationException: Failed to instantiate [org.neo4j.ogm.session.Session]: Factory method 'getSession' threw exception; nested exception is java.lang.RuntimeException: java.net.URISyntaxException: Illegal character in authority at index 7: http://${neo4j.user}:${neo4j.password}@${neo4j.host}:${neo4j.port}
	at org.springframework.beans.factory.support.ConstructorResolver.instantiateUsingFactoryMethod(ConstructorResolver.java:599)
	at org.springframework.beans.factory.support.AbstractAutowireCapableBeanFactory.instantiateUsingFactoryMethod(AbstractAutowireCapableBeanFactory.java:1128)
	at org.springframework.beans.factory.support.AbstractAutowireCapableBeanFactory.createBeanInstance(AbstractAutowireCapableBeanFactory.java:1022)
	at org.springframework.beans.factory.support.AbstractAutowireCapableBeanFactory.doCreateBean(AbstractAutowireCapableBeanFactory.java:512)
	at org.springframework.beans.factory.support.AbstractAutowireCapableBeanFactory.createBean(AbstractAutowireCapableBeanFactory.java:482)
	at org.springframework.beans.factory.support.AbstractBeanFactory.doGetBean(AbstractBeanFactory.java:325)
	at org.springframework.beans.factory.support.AbstractBeanFactory.getBean(AbstractBeanFactory.java:197)
	at org.springframework.aop.target.SimpleBeanTargetSource.getTarget(SimpleBeanTargetSource.java:35)
	at org.springframework.aop.framework.JdkDynamicAopProxy.invoke(JdkDynamicAopProxy.java:187)
	at com.sun.proxy.$Proxy33.query(Unknown Source)
	at org.springframework.data.neo4j.template.Neo4jTemplate.query(Neo4jTemplate.java:217)
	at sun.reflect.NativeMethodAccessorImpl.invoke0(Native Method)
	at sun.reflect.NativeMethodAccessorImpl.invoke(NativeMethodAccessorImpl.java:62)
	at sun.reflect.DelegatingMethodAccessorImpl.invoke(DelegatingMethodAccessorImpl.java:43)
	at java.lang.reflect.Method.invoke(Method.java:498)
	at org.springframework.aop.support.AopUtils.invokeJoinpointUsingReflection(AopUtils.java:302)
	at org.springframework.aop.framework.ReflectiveMethodInvocation.invokeJoinpoint(ReflectiveMethodInvocation.java:190)
	at org.springframework.aop.framework.ReflectiveMethodInvocation.proceed(ReflectiveMethodInvocation.java:157)
	at org.springframework.dao.support.PersistenceExceptionTranslationInterceptor.invoke(PersistenceExceptionTranslationInterceptor.java:136)
	at org.springframework.aop.framework.ReflectiveMethodInvocation.proceed(ReflectiveMethodInvocation.java:179)
	at org.springframework.aop.framework.JdkDynamicAopProxy.invoke(JdkDynamicAopProxy.java:208)
	at com.sun.proxy.$Proxy35.query(Unknown Source)
	at org.reactome.server.graph.repository.GeneralTemplateRepository.fitForService(GeneralTemplateRepository.java:69)
	at org.reactome.server.graph.repository.GeneralTemplateRepository$$FastClassBySpringCGLIB$$61963217.invoke(<generated>)
	at org.springframework.cglib.proxy.MethodProxy.invoke(MethodProxy.java:204)
	at org.springframework.aop.framework.CglibAopProxy$CglibMethodInvocation.invokeJoinpoint(CglibAopProxy.java:720)
	at org.springframework.aop.framework.ReflectiveMethodInvocation.proceed(ReflectiveMethodInvocation.java:157)
	at org.springframework.dao.support.PersistenceExceptionTranslationInterceptor.invoke(PersistenceExceptionTranslationInterceptor.java:136)
	at org.springframework.aop.framework.ReflectiveMethodInvocation.proceed(ReflectiveMethodInvocation.java:179)
	at org.springframework.aop.framework.CglibAopProxy$DynamicAdvisedInterceptor.intercept(CglibAopProxy.java:655)
	at org.reactome.server.graph.repository.GeneralTemplateRepository$$EnhancerBySpringCGLIB$$9f8e894e.fitForService(<generated>)
	at org.reactome.server.graph.service.GeneralService.fitForService_aroundBody18(GeneralService.java:81)
	at org.reactome.server.graph.service.GeneralService.fitForService_aroundBody19$advice(GeneralService.java:33)
	at org.reactome.server.graph.service.GeneralService.fitForService(GeneralService.java:1)
	at org.reactome.server.graph.service.PathwaysServiceTest.setUp_aroundBody4(PathwaysServiceTest.java:56)
	at org.reactome.server.graph.service.PathwaysServiceTest.setUp_aroundBody5$advice(PathwaysServiceTest.java:33)
	at org.reactome.server.graph.service.PathwaysServiceTest.setUp(PathwaysServiceTest.java:1)
	at sun.reflect.NativeMethodAccessorImpl.invoke0(Native Method)
	at sun.reflect.NativeMethodAccessorImpl.invoke(NativeMethodAccessorImpl.java:62)
	at sun.reflect.DelegatingMethodAccessorImpl.invoke(DelegatingMethodAccessorImpl.java:43)
	at java.lang.reflect.Method.invoke(Method.java:498)
	at org.junit.runners.model.FrameworkMethod$1.runReflectiveCall(FrameworkMethod.java:50)
	at org.junit.internal.runners.model.ReflectiveCallable.run(ReflectiveCallable.java:12)
	at org.junit.runners.model.FrameworkMethod.invokeExplosively(FrameworkMethod.java:47)
	at org.junit.internal.runners.statements.RunBefores.evaluate(RunBefores.java:24)
	at org.springframework.test.context.junit4.statements.RunBeforeTestMethodCallbacks.evaluate(RunBeforeTestMethodCallbacks.java:75)
	at org.springframework.test.context.junit4.statements.RunAfterTestMethodCallbacks.evaluate(RunAfterTestMethodCallbacks.java:86)
	at org.springframework.test.context.junit4.statements.SpringRepeat.evaluate(SpringRepeat.java:84)
	at org.junit.runners.ParentRunner.runLeaf(ParentRunner.java:325)
	at org.springframework.test.context.junit4.SpringJUnit4ClassRunner.runChild(SpringJUnit4ClassRunner.java:252)
	at org.springframework.test.context.junit4.SpringJUnit4ClassRunner.runChild(SpringJUnit4ClassRunner.java:94)
	at org.junit.runners.ParentRunner$3.run(ParentRunner.java:290)
	at org.junit.runners.ParentRunner$1.schedule(ParentRunner.java:71)
	at org.junit.runners.ParentRunner.runChildren(ParentRunner.java:288)
	at org.junit.runners.ParentRunner.access$000(ParentRunner.java:58)
	at org.junit.runners.ParentRunner$2.evaluate(ParentRunner.java:268)
	at org.junit.internal.runners.statements.RunBefores.evaluate(RunBefores.java:26)
	at org.springframework.test.context.junit4.statements.RunBeforeTestClassCallbacks.evaluate(RunBeforeTestClassCallbacks.java:61)
	at org.junit.internal.runners.statements.RunAfters.evaluate(RunAfters.java:27)
	at org.springframework.test.context.junit4.statements.RunAfterTestClassCallbacks.evaluate(RunAfterTestClassCallbacks.java:70)
	at org.junit.runners.ParentRunner.run(ParentRunner.java:363)
	at org.springframework.test.context.junit4.SpringJUnit4ClassRunner.run(SpringJUnit4ClassRunner.java:191)
	at org.apache.maven.surefire.junit4.JUnit4Provider.execute(JUnit4Provider.java:367)
	at org.apache.maven.surefire.junit4.JUnit4Provider.executeWithRerun(JUnit4Provider.java:274)
	at org.apache.maven.surefire.junit4.JUnit4Provider.executeTestSet(JUnit4Provider.java:238)
	at org.apache.maven.surefire.junit4.JUnit4Provider.invoke(JUnit4Provider.java:161)
	at org.apache.maven.surefire.booter.ForkedBooter.invokeProviderInSameClassLoader(ForkedBooter.java:290)
	at org.apache.maven.surefire.booter.ForkedBooter.runSuitesInProcess(ForkedBooter.java:242)
	at org.apache.maven.surefire.booter.ForkedBooter.main(ForkedBooter.java:121)
Caused by: org.springframework.beans.BeanInstantiationException: Failed to instantiate [org.neo4j.ogm.session.Session]: Factory method 'getSession' threw exception; nested exception is java.lang.RuntimeException: java.net.URISyntaxException: Illegal character in authority at index 7: http://${neo4j.user}:${neo4j.password}@${neo4j.host}:${neo4j.port}
	at org.springframework.beans.factory.support.SimpleInstantiationStrategy.instantiate(SimpleInstantiationStrategy.java:189)
	at org.springframework.beans.factory.support.ConstructorResolver.instantiateUsingFactoryMethod(ConstructorResolver.java:588)
	... 68 more
Caused by: java.lang.RuntimeException: java.net.URISyntaxException: Illegal character in authority at index 7: http://${neo4j.user}:${neo4j.password}@${neo4j.host}:${neo4j.port}
	at org.neo4j.ogm.driver.AbstractConfigurableDriver.setCredentials(AbstractConfigurableDriver.java:78)
	at org.neo4j.ogm.driver.AbstractConfigurableDriver.configure(AbstractConfigurableDriver.java:53)
	at org.neo4j.ogm.service.DriverService.load(DriverService.java:64)
	at org.neo4j.ogm.service.Components.loadDriver(Components.java:157)
	at org.neo4j.ogm.service.Components.driver(Components.java:103)
	at org.neo4j.ogm.session.SessionFactory.openSession(SessionFactory.java:81)
	at org.springframework.data.neo4j.config.Neo4jConfiguration.getSession(Neo4jConfiguration.java:56)
	at org.reactome.server.graph.config.Neo4jConfig.getSession(Neo4jConfig.java:31)
	at org.reactome.server.graph.config.Neo4jConfig$$EnhancerBySpringCGLIB$$7e90b9b9.CGLIB$getSession$1(<generated>)
	at org.reactome.server.graph.config.Neo4jConfig$$EnhancerBySpringCGLIB$$7e90b9b9$$FastClassBySpringCGLIB$$52267f99.invoke(<generated>)
	at org.springframework.cglib.proxy.MethodProxy.invokeSuper(MethodProxy.java:228)
	at org.springframework.context.annotation.ConfigurationClassEnhancer$BeanMethodInterceptor.intercept(ConfigurationClassEnhancer.java:356)
	at org.reactome.server.graph.config.Neo4jConfig$$EnhancerBySpringCGLIB$$7e90b9b9.getSession(<generated>)
	at sun.reflect.NativeMethodAccessorImpl.invoke0(Native Method)
	at sun.reflect.NativeMethodAccessorImpl.invoke(NativeMethodAccessorImpl.java:62)
	at sun.reflect.DelegatingMethodAccessorImpl.invoke(DelegatingMethodAccessorImpl.java:43)
	at java.lang.reflect.Method.invoke(Method.java:498)
	at org.springframework.beans.factory.support.SimpleInstantiationStrategy.instantiate(SimpleInstantiationStrategy.java:162)
	... 69 more
Caused by: java.net.URISyntaxException: Illegal character in authority at index 7: http://${neo4j.user}:${neo4j.password}@${neo4j.host}:${neo4j.port}
	at java.net.URI$Parser.fail(URI.java:2848)
	at java.net.URI$Parser.parseAuthority(URI.java:3186)
	at java.net.URI$Parser.parseHierarchical(URI.java:3097)
	at java.net.URI$Parser.parse(URI.java:3053)
	at java.net.URI.<init>(URI.java:588)
	at org.neo4j.ogm.driver.AbstractConfigurableDriver.setCredentials(AbstractConfigurableDriver.java:71)
	... 86 more
12043 [main] INFO testLogger - 


Tests run: 9, Failures: 0, Errors: 0, Skipped: 9, Time elapsed: 0.051 sec - in org.reactome.server.graph.service.PathwaysServiceTest
Running org.reactome.server.graph.service.PublicationTest
12047 [main] INFO org.springframework.test.context.support.DefaultTestContextBootstrapper - Loaded default TestExecutionListener class names from location [META-INF/spring.factories]: [org.springframework.test.context.web.ServletTestExecutionListener, org.springframework.test.context.support.DirtiesContextBeforeModesTestExecutionListener, org.springframework.test.context.support.DependencyInjectionTestExecutionListener, org.springframework.test.context.support.DirtiesContextTestExecutionListener, org.springframework.test.context.transaction.TransactionalTestExecutionListener, org.springframework.test.context.jdbc.SqlScriptsTestExecutionListener]
12050 [main] INFO org.springframework.test.context.support.DefaultTestContextBootstrapper - Could not instantiate TestExecutionListener [org.springframework.test.context.web.ServletTestExecutionListener]. Specify custom listener classes or make the default listener classes (and their required dependencies) available. Offending class: [javax/servlet/ServletContext]
12051 [main] INFO org.springframework.test.context.support.DefaultTestContextBootstrapper - Using TestExecutionListeners: [org.springframework.test.context.support.DirtiesContextBeforeModesTestExecutionListener@3b0b20a8, org.springframework.test.context.support.DependencyInjectionTestExecutionListener@1d7135c, org.springframework.test.context.support.DirtiesContextTestExecutionListener@2c2f4769, org.springframework.test.context.transaction.TransactionalTestExecutionListener@62e7e3df, org.springframework.test.context.jdbc.SqlScriptsTestExecutionListener@8b814b]
12051 [main] INFO testLogger -  --- !!! Running org.reactome.server.graph.service.PublicationTest !!! --- 

12071 [main] INFO testLogger - 


Tests run: 2, Failures: 0, Errors: 0, Skipped: 2, Time elapsed: 0.003 sec - in org.reactome.server.graph.service.PublicationTest
Running org.reactome.server.graph.service.SortingAspectsTest
12075 [main] INFO org.springframework.test.context.support.DefaultTestContextBootstrapper - Loaded default TestExecutionListener class names from location [META-INF/spring.factories]: [org.springframework.test.context.web.ServletTestExecutionListener, org.springframework.test.context.support.DirtiesContextBeforeModesTestExecutionListener, org.springframework.test.context.support.DependencyInjectionTestExecutionListener, org.springframework.test.context.support.DirtiesContextTestExecutionListener, org.springframework.test.context.transaction.TransactionalTestExecutionListener, org.springframework.test.context.jdbc.SqlScriptsTestExecutionListener]
12082 [main] INFO org.springframework.test.context.support.DefaultTestContextBootstrapper - Could not instantiate TestExecutionListener [org.springframework.test.context.web.ServletTestExecutionListener]. Specify custom listener classes or make the default listener classes (and their required dependencies) available. Offending class: [javax/servlet/ServletContext]
12082 [main] INFO org.springframework.test.context.support.DefaultTestContextBootstrapper - Using TestExecutionListeners: [org.springframework.test.context.support.DirtiesContextBeforeModesTestExecutionListener@1743c249, org.springframework.test.context.support.DependencyInjectionTestExecutionListener@2531049f, org.springframework.test.context.support.DirtiesContextTestExecutionListener@14404be2, org.springframework.test.context.transaction.TransactionalTestExecutionListener@6efa2e06, org.springframework.test.context.jdbc.SqlScriptsTestExecutionListener@6722f81a]
12083 [main] INFO testLogger -  --- !!! Running org.reactome.server.graph.service.SortingAspectsTest!!! --- 

12086 [main] INFO testLogger - 


Tests run: 1, Failures: 0, Errors: 0, Skipped: 1, Time elapsed: 0.004 sec - in org.reactome.server.graph.service.SortingAspectsTest
Running org.reactome.server.graph.service.InteractionTest
12092 [main] INFO org.springframework.test.context.support.DefaultTestContextBootstrapper - Loaded default TestExecutionListener class names from location [META-INF/spring.factories]: [org.springframework.test.context.web.ServletTestExecutionListener, org.springframework.test.context.support.DirtiesContextBeforeModesTestExecutionListener, org.springframework.test.context.support.DependencyInjectionTestExecutionListener, org.springframework.test.context.support.DirtiesContextTestExecutionListener, org.springframework.test.context.transaction.TransactionalTestExecutionListener, org.springframework.test.context.jdbc.SqlScriptsTestExecutionListener]
12099 [main] INFO org.springframework.test.context.support.DefaultTestContextBootstrapper - Could not instantiate TestExecutionListener [org.springframework.test.context.web.ServletTestExecutionListener]. Specify custom listener classes or make the default listener classes (and their required dependencies) available. Offending class: [javax/servlet/ServletContext]
12099 [main] INFO org.springframework.test.context.support.DefaultTestContextBootstrapper - Using TestExecutionListeners: [org.springframework.test.context.support.DirtiesContextBeforeModesTestExecutionListener@4c627575, org.springframework.test.context.support.DependencyInjectionTestExecutionListener@7e32f76b, org.springframework.test.context.support.DirtiesContextTestExecutionListener@339b9869, org.springframework.test.context.transaction.TransactionalTestExecutionListener@356c8c1b, org.springframework.test.context.jdbc.SqlScriptsTestExecutionListener@6a7a8e1e]
12100 [main] INFO testLogger -  --- !!! Running org.reactome.server.graph.service.InteractionTest !!! --- 

12144 [main] INFO testLogger - 


Tests run: 5, Failures: 0, Errors: 0, Skipped: 5, Time elapsed: 0.005 sec - in org.reactome.server.graph.service.InteractionTest
12164 [Thread-1] INFO org.springframework.context.support.GenericApplicationContext - Closing org.springframework.context.support.GenericApplicationContext@5d43409a: startup date [Thu Jul 30 20:33:11 UTC 2020]; root of context hierarchy

Results :

Tests run: 145, Failures: 0, Errors: 0, Skipped: 145

[INFO] 
[INFO] --- jacoco-maven-plugin:0.8.5:report (report) @ graph-core ---
[INFO] Loading execution data file /tmp/tmp7e4hj0ys/graph-core/target/jacoco.exec
[INFO] Analyzed bundle 'ReactomeGraphCore' with 2687 classes
[WARNING] Classes in bundle 'ReactomeGraphCore' do no match with execution data. For report generation the same class files must be used as at runtime.
[WARNING] Execution data for class org/reactome/server/graph/aop/LazyFetchAspect does not match.
[INFO] ------------------------------------------------------------------------
[INFO] BUILD SUCCESS
[INFO] ------------------------------------------------------------------------
[INFO] Total time:  01:53 min
[INFO] Finished at: 2020-07-30T20:33:28Z
[INFO] ------------------------------------------------------------------------
