[INFO] Error stacktraces are turned on.
[INFO] Scanning for projects...
[INFO] Inspecting build with total of 1 modules...
[INFO] Installing Nexus Staging features:
[INFO]   ... total of 1 executions of maven-deploy-plugin replaced with nexus-staging-maven-plugin
[INFO] 
[INFO] ----------------< com.networknt:json-schema-validator >-----------------
[INFO] Building JsonSchemaValidator 1.0.41
[INFO] -------------------------------[ bundle ]-------------------------------
[INFO] 
[INFO] --- jacoco-maven-plugin:0.8.5:prepare-agent (default) @ json-schema-validator ---
[INFO] argLine set to -javaagent:/home/jdbl/.m2/repository/org/jacoco/org.jacoco.agent/0.8.5/org.jacoco.agent-0.8.5-runtime.jar=destfile=/tmp/tmpws1jy0xg/json-schema-validator/target/jacoco.exec
[INFO] 
[INFO] --- maven-resources-plugin:3.1.0:resources (default-resources) @ json-schema-validator ---
[INFO] Using 'UTF-8' encoding to copy filtered resources.
[INFO] Copying 1 resource
[INFO] 
[INFO] --- maven-compiler-plugin:3.6.1:compile (default-compile) @ json-schema-validator ---
[INFO] Changes detected - recompiling the module!
[INFO] Compiling 83 source files to /tmp/tmpws1jy0xg/json-schema-validator/target/classes
[INFO] /tmp/tmpws1jy0xg/json-schema-validator/src/main/java/com/networknt/schema/SpecVersion.java: /tmp/tmpws1jy0xg/json-schema-validator/src/main/java/com/networknt/schema/SpecVersion.java uses unchecked or unsafe operations.
[INFO] /tmp/tmpws1jy0xg/json-schema-validator/src/main/java/com/networknt/schema/SpecVersion.java: Recompile with -Xlint:unchecked for details.
[INFO] 
[INFO] --- maven-compiler-plugin:3.6.1:testCompile (test-compile) @ json-schema-validator ---
[INFO] Changes detected - recompiling the module!
[INFO] Compiling 22 source files to /tmp/tmpws1jy0xg/json-schema-validator/target/test-classes
[INFO] /tmp/tmpws1jy0xg/json-schema-validator/src/test/java/com/networknt/schema/SpecVersionTest.java: /tmp/tmpws1jy0xg/json-schema-validator/src/test/java/com/networknt/schema/SpecVersionTest.java uses unchecked or unsafe operations.
[INFO] /tmp/tmpws1jy0xg/json-schema-validator/src/test/java/com/networknt/schema/SpecVersionTest.java: Recompile with -Xlint:unchecked for details.
[INFO] 
[INFO] --- maven-resources-plugin:3.1.0:testResources (default-testResources) @ json-schema-validator ---
[INFO] Using 'UTF-8' encoding to copy filtered resources.
[INFO] Copying 240 resources
[INFO] 
[INFO] --- maven-compiler-plugin:3.6.1:testCompile (default-testCompile) @ json-schema-validator ---
[INFO] Changes detected - recompiling the module!
[INFO] Compiling 22 source files to /tmp/tmpws1jy0xg/json-schema-validator/target/test-classes
[INFO] /tmp/tmpws1jy0xg/json-schema-validator/src/test/java/com/networknt/schema/SpecVersionTest.java: /tmp/tmpws1jy0xg/json-schema-validator/src/test/java/com/networknt/schema/SpecVersionTest.java uses unchecked or unsafe operations.
[INFO] /tmp/tmpws1jy0xg/json-schema-validator/src/test/java/com/networknt/schema/SpecVersionTest.java: Recompile with -Xlint:unchecked for details.
[INFO] 
[INFO] --- maven-surefire-plugin:2.19.1:test (default-test) @ json-schema-validator ---
[INFO] Surefire report directory: /tmp/tmpws1jy0xg/json-schema-validator/target/surefire-reports

-------------------------------------------------------
 T E S T S
-------------------------------------------------------
Running com.networknt.schema.CustomMetaSchemaTest
Tests run: 1, Failures: 0, Errors: 0, Skipped: 0, Time elapsed: 0.942 sec - in com.networknt.schema.CustomMetaSchemaTest
Running com.networknt.schema.CyclicDependencyTest
Tests run: 1, Failures: 0, Errors: 0, Skipped: 0, Time elapsed: 1.254 sec - in com.networknt.schema.CyclicDependencyTest
Running com.networknt.schema.MinimumValidatorTest
Tests run: 9, Failures: 0, Errors: 0, Skipped: 0, Time elapsed: 0.034 sec - in com.networknt.schema.MinimumValidatorTest
Running com.networknt.schema.MaximumValidatorPerfTest
Tests run: 1, Failures: 0, Errors: 0, Skipped: 1, Time elapsed: 0 sec - in com.networknt.schema.MaximumValidatorPerfTest
Running com.networknt.schema.SpecVersionDetectorTest
Tests run: 6, Failures: 0, Errors: 0, Skipped: 0, Time elapsed: 0.006 sec - in com.networknt.schema.SpecVersionDetectorTest
Running com.networknt.schema.V201909JsonSchemaTest
22:49:19.236 [main] ERROR c.networknt.schema.DateTimeValidator - Failed to apply RFC3339 pattern on 06/19/1963
22:49:19.239 [main] ERROR c.networknt.schema.DateTimeValidator - Failed to apply RFC3339 pattern on 2013-350
22:49:19.312 [main] ERROR c.networknt.schema.DateTimeValidator - Failed to apply RFC3339 pattern on 06/19/1963 08:30:06 PST
22:49:19.312 [main] ERROR c.networknt.schema.DateTimeValidator - Failed to apply RFC3339 pattern on 2013-350T01:01:01
Tests run: 59, Failures: 0, Errors: 0, Skipped: 19, Time elapsed: 1.106 sec - in com.networknt.schema.V201909JsonSchemaTest
Running com.networknt.schema.V4JsonSchemaTest
22:49:19.526 [main] ERROR c.networknt.schema.DateTimeValidator - Failed to apply RFC3339 pattern on 2019-07-24T25/:00:01-04:00
22:49:19.526 [main] ERROR c.networknt.schema.DateTimeValidator - Failed to apply RFC3339 pattern on 06/19/1963 08:30:06 PST
22:49:19.527 [main] ERROR c.networknt.schema.DateTimeValidator - Failed to apply RFC3339 pattern on 2013-350T01:01:01
22:49:19.529 [main] ERROR c.networknt.schema.DateTimeValidator - The supplied date/time format type does not match the specification, expected: date-time
22:49:19.529 [main] ERROR c.networknt.schema.DateTimeValidator - The supplied date/time format type does not match the specification, expected: date-time
22:49:19.529 [main] ERROR c.networknt.schema.DateTimeValidator - The supplied date/time format type does not match the specification, expected: date-time
22:49:19.530 [main] ERROR c.networknt.schema.DateTimeValidator - The supplied date/time format type does not match the specification, expected: date
22:49:19.530 [main] ERROR c.networknt.schema.DateTimeValidator - Failed to apply RFC3339 pattern on 2013-35
Tests run: 44, Failures: 0, Errors: 0, Skipped: 0, Time elapsed: 0.363 sec - in com.networknt.schema.V4JsonSchemaTest
Running com.networknt.schema.Issue255Test
Tests run: 1, Failures: 0, Errors: 0, Skipped: 0, Time elapsed: 0 sec - in com.networknt.schema.Issue255Test
Running com.networknt.schema.ThresholdMixinPerfTest
Tests run: 1, Failures: 0, Errors: 0, Skipped: 1, Time elapsed: 0 sec - in com.networknt.schema.ThresholdMixinPerfTest
Running com.networknt.schema.PatternPropertiesValidatorTest
22:49:19.816 [main] ERROR com.networknt.schema.JsonMetaSchema - Error:
java.lang.reflect.InvocationTargetException: null
	at sun.reflect.GeneratedConstructorAccessor24.newInstance(Unknown Source)
	at sun.reflect.DelegatingConstructorAccessorImpl.newInstance(DelegatingConstructorAccessorImpl.java:45)
	at java.lang.reflect.Constructor.newInstance(Constructor.java:423)
	at com.networknt.schema.ValidatorTypeCode.newValidator(ValidatorTypeCode.java:130)
	at com.networknt.schema.JsonMetaSchema.newValidator(JsonMetaSchema.java:342)
	at com.networknt.schema.ValidationContext.newValidator(ValidationContext.java:53)
	at com.networknt.schema.JsonSchema.read(JsonSchema.java:198)
	at com.networknt.schema.JsonSchema.initialize(JsonSchema.java:76)
	at com.networknt.schema.JsonSchemaFactory.newJsonSchema(JsonSchemaFactory.java:254)
	at com.networknt.schema.JsonSchemaFactory.getSchema(JsonSchemaFactory.java:282)
	at com.networknt.schema.PatternPropertiesValidatorTest.testInvalidPatternPropertiesValidatorECMA262(PatternPropertiesValidatorTest.java:45)
	at sun.reflect.NativeMethodAccessorImpl.invoke0(Native Method)
	at sun.reflect.NativeMethodAccessorImpl.invoke(NativeMethodAccessorImpl.java:62)
	at sun.reflect.DelegatingMethodAccessorImpl.invoke(DelegatingMethodAccessorImpl.java:43)
	at java.lang.reflect.Method.invoke(Method.java:498)
	at org.junit.runners.model.FrameworkMethod$1.runReflectiveCall(FrameworkMethod.java:50)
	at org.junit.internal.runners.model.ReflectiveCallable.run(ReflectiveCallable.java:12)
	at org.junit.runners.model.FrameworkMethod.invokeExplosively(FrameworkMethod.java:47)
	at org.junit.internal.runners.statements.InvokeMethod.evaluate(InvokeMethod.java:17)
	at org.junit.internal.runners.statements.ExpectException.evaluate(ExpectException.java:19)
	at org.junit.runners.ParentRunner.runLeaf(ParentRunner.java:325)
	at org.junit.runners.BlockJUnit4ClassRunner.runChild(BlockJUnit4ClassRunner.java:78)
	at org.junit.runners.BlockJUnit4ClassRunner.runChild(BlockJUnit4ClassRunner.java:57)
	at org.junit.runners.ParentRunner$3.run(ParentRunner.java:290)
	at org.junit.runners.ParentRunner$1.schedule(ParentRunner.java:71)
	at org.junit.runners.ParentRunner.runChildren(ParentRunner.java:288)
	at org.junit.runners.ParentRunner.access$000(ParentRunner.java:58)
	at org.junit.runners.ParentRunner$2.evaluate(ParentRunner.java:268)
	at org.junit.runners.ParentRunner.run(ParentRunner.java:363)
	at org.apache.maven.surefire.junit4.JUnit4Provider.execute(JUnit4Provider.java:367)
	at org.apache.maven.surefire.junit4.JUnit4Provider.executeWithRerun(JUnit4Provider.java:274)
	at org.apache.maven.surefire.junit4.JUnit4Provider.executeTestSet(JUnit4Provider.java:238)
	at org.apache.maven.surefire.junit4.JUnit4Provider.invoke(JUnit4Provider.java:161)
	at org.apache.maven.surefire.booter.ForkedBooter.invokeProviderInSameClassLoader(ForkedBooter.java:290)
	at org.apache.maven.surefire.booter.ForkedBooter.runSuitesInProcess(ForkedBooter.java:242)
	at org.apache.maven.surefire.booter.ForkedBooter.main(ForkedBooter.java:121)
Caused by: com.networknt.schema.JsonSchemaException: patternProperties must be an object node
	at com.networknt.schema.PatternPropertiesValidator.<init>(PatternPropertiesValidator.java:36)
	... 36 common frames omitted
22:49:19.818 [main] ERROR com.networknt.schema.JsonMetaSchema - Error:
java.lang.reflect.InvocationTargetException: null
	at sun.reflect.GeneratedConstructorAccessor24.newInstance(Unknown Source)
	at sun.reflect.DelegatingConstructorAccessorImpl.newInstance(DelegatingConstructorAccessorImpl.java:45)
	at java.lang.reflect.Constructor.newInstance(Constructor.java:423)
	at com.networknt.schema.ValidatorTypeCode.newValidator(ValidatorTypeCode.java:130)
	at com.networknt.schema.JsonMetaSchema.newValidator(JsonMetaSchema.java:342)
	at com.networknt.schema.ValidationContext.newValidator(ValidationContext.java:53)
	at com.networknt.schema.JsonSchema.read(JsonSchema.java:198)
	at com.networknt.schema.JsonSchema.initialize(JsonSchema.java:76)
	at com.networknt.schema.JsonSchemaFactory.newJsonSchema(JsonSchemaFactory.java:254)
	at com.networknt.schema.JsonSchemaFactory.getSchema(JsonSchemaFactory.java:282)
	at com.networknt.schema.JsonSchemaFactory.getSchema(JsonSchemaFactory.java:290)
	at com.networknt.schema.PatternPropertiesValidatorTest.testInvalidPatternPropertiesValidator(PatternPropertiesValidatorTest.java:33)
	at sun.reflect.NativeMethodAccessorImpl.invoke0(Native Method)
	at sun.reflect.NativeMethodAccessorImpl.invoke(NativeMethodAccessorImpl.java:62)
	at sun.reflect.DelegatingMethodAccessorImpl.invoke(DelegatingMethodAccessorImpl.java:43)
	at java.lang.reflect.Method.invoke(Method.java:498)
	at org.junit.runners.model.FrameworkMethod$1.runReflectiveCall(FrameworkMethod.java:50)
	at org.junit.internal.runners.model.ReflectiveCallable.run(ReflectiveCallable.java:12)
	at org.junit.runners.model.FrameworkMethod.invokeExplosively(FrameworkMethod.java:47)
	at org.junit.internal.runners.statements.InvokeMethod.evaluate(InvokeMethod.java:17)
	at org.junit.internal.runners.statements.ExpectException.evaluate(ExpectException.java:19)
	at org.junit.runners.ParentRunner.runLeaf(ParentRunner.java:325)
	at org.junit.runners.BlockJUnit4ClassRunner.runChild(BlockJUnit4ClassRunner.java:78)
	at org.junit.runners.BlockJUnit4ClassRunner.runChild(BlockJUnit4ClassRunner.java:57)
	at org.junit.runners.ParentRunner$3.run(ParentRunner.java:290)
	at org.junit.runners.ParentRunner$1.schedule(ParentRunner.java:71)
	at org.junit.runners.ParentRunner.runChildren(ParentRunner.java:288)
	at org.junit.runners.ParentRunner.access$000(ParentRunner.java:58)
	at org.junit.runners.ParentRunner$2.evaluate(ParentRunner.java:268)
	at org.junit.runners.ParentRunner.run(ParentRunner.java:363)
	at org.apache.maven.surefire.junit4.JUnit4Provider.execute(JUnit4Provider.java:367)
	at org.apache.maven.surefire.junit4.JUnit4Provider.executeWithRerun(JUnit4Provider.java:274)
	at org.apache.maven.surefire.junit4.JUnit4Provider.executeTestSet(JUnit4Provider.java:238)
	at org.apache.maven.surefire.junit4.JUnit4Provider.invoke(JUnit4Provider.java:161)
	at org.apache.maven.surefire.booter.ForkedBooter.invokeProviderInSameClassLoader(ForkedBooter.java:290)
	at org.apache.maven.surefire.booter.ForkedBooter.runSuitesInProcess(ForkedBooter.java:242)
	at org.apache.maven.surefire.booter.ForkedBooter.main(ForkedBooter.java:121)
Caused by: com.networknt.schema.JsonSchemaException: patternProperties must be an object node
	at com.networknt.schema.PatternPropertiesValidator.<init>(PatternPropertiesValidator.java:36)
	... 37 common frames omitted
Tests run: 2, Failures: 0, Errors: 0, Skipped: 0, Time elapsed: 0.022 sec - in com.networknt.schema.PatternPropertiesValidatorTest
Running com.networknt.schema.MaximumValidatorTest
Tests run: 9, Failures: 0, Errors: 0, Skipped: 0, Time elapsed: 0.009 sec - in com.networknt.schema.MaximumValidatorTest
Running com.networknt.schema.V7JsonSchemaTest
22:49:19.931 [main] ERROR c.networknt.schema.DateTimeValidator - Failed to apply RFC3339 pattern on 06/19/1963
22:49:19.931 [main] ERROR c.networknt.schema.DateTimeValidator - Failed to apply RFC3339 pattern on 2013-350
22:49:20.086 [main] ERROR c.networknt.schema.DateTimeValidator - Failed to apply RFC3339 pattern on 06/19/1963 08:30:06 PST
22:49:20.086 [main] ERROR c.networknt.schema.DateTimeValidator - Failed to apply RFC3339 pattern on 2013-350T01:01:01
Tests run: 60, Failures: 0, Errors: 0, Skipped: 17, Time elapsed: 0.352 sec - in com.networknt.schema.V7JsonSchemaTest
Running com.networknt.schema.SpecVersionTest
Tests run: 3, Failures: 0, Errors: 0, Skipped: 0, Time elapsed: 0 sec - in com.networknt.schema.SpecVersionTest
Running com.networknt.schema.UriMappingTest
22:49:20.491 [main] ERROR c.networknt.schema.JsonSchemaFactory - Failed to load json schema!
java.io.FileNotFoundException: http://example.com/invalid/schema/url
	at sun.net.www.protocol.http.HttpURLConnection.getInputStream0(HttpURLConnection.java:1896)
	at sun.net.www.protocol.http.HttpURLConnection.getInputStream(HttpURLConnection.java:1498)
	at com.networknt.schema.uri.URLFetcher.openConnectionCheckRedirects(URLFetcher.java:57)
	at com.networknt.schema.uri.URLFetcher.fetch(URLFetcher.java:43)
	at com.networknt.schema.uri.URISchemeFetcher.fetch(URISchemeFetcher.java:50)
	at com.networknt.schema.JsonSchemaFactory.getSchema(JsonSchemaFactory.java:325)
	at com.networknt.schema.JsonSchemaFactory.getSchema(JsonSchemaFactory.java:353)
	at com.networknt.schema.UriMappingTest.testBuilderExampleMappings(UriMappingTest.java:78)
	at sun.reflect.NativeMethodAccessorImpl.invoke0(Native Method)
	at sun.reflect.NativeMethodAccessorImpl.invoke(NativeMethodAccessorImpl.java:62)
	at sun.reflect.DelegatingMethodAccessorImpl.invoke(DelegatingMethodAccessorImpl.java:43)
	at java.lang.reflect.Method.invoke(Method.java:498)
	at org.junit.runners.model.FrameworkMethod$1.runReflectiveCall(FrameworkMethod.java:50)
	at org.junit.internal.runners.model.ReflectiveCallable.run(ReflectiveCallable.java:12)
	at org.junit.runners.model.FrameworkMethod.invokeExplosively(FrameworkMethod.java:47)
	at org.junit.internal.runners.statements.InvokeMethod.evaluate(InvokeMethod.java:17)
	at org.junit.runners.ParentRunner.runLeaf(ParentRunner.java:325)
	at org.junit.runners.BlockJUnit4ClassRunner.runChild(BlockJUnit4ClassRunner.java:78)
	at org.junit.runners.BlockJUnit4ClassRunner.runChild(BlockJUnit4ClassRunner.java:57)
	at org.junit.runners.ParentRunner$3.run(ParentRunner.java:290)
	at org.junit.runners.ParentRunner$1.schedule(ParentRunner.java:71)
	at org.junit.runners.ParentRunner.runChildren(ParentRunner.java:288)
	at org.junit.runners.ParentRunner.access$000(ParentRunner.java:58)
	at org.junit.runners.ParentRunner$2.evaluate(ParentRunner.java:268)
	at org.junit.runners.ParentRunner.run(ParentRunner.java:363)
	at org.apache.maven.surefire.junit4.JUnit4Provider.execute(JUnit4Provider.java:367)
	at org.apache.maven.surefire.junit4.JUnit4Provider.executeWithRerun(JUnit4Provider.java:274)
	at org.apache.maven.surefire.junit4.JUnit4Provider.executeTestSet(JUnit4Provider.java:238)
	at org.apache.maven.surefire.junit4.JUnit4Provider.invoke(JUnit4Provider.java:161)
	at org.apache.maven.surefire.booter.ForkedBooter.invokeProviderInSameClassLoader(ForkedBooter.java:290)
	at org.apache.maven.surefire.booter.ForkedBooter.runSuitesInProcess(ForkedBooter.java:242)
	at org.apache.maven.surefire.booter.ForkedBooter.main(ForkedBooter.java:121)
22:49:20.771 [main] ERROR c.networknt.schema.JsonSchemaFactory - Failed to load json schema!
java.io.FileNotFoundException: http://example.com/invalid/schema/url
	at sun.net.www.protocol.http.HttpURLConnection.getInputStream0(HttpURLConnection.java:1896)
	at sun.net.www.protocol.http.HttpURLConnection.getInputStream(HttpURLConnection.java:1498)
	at com.networknt.schema.uri.URLFetcher.openConnectionCheckRedirects(URLFetcher.java:57)
	at com.networknt.schema.uri.URLFetcher.fetch(URLFetcher.java:43)
	at com.networknt.schema.uri.URISchemeFetcher.fetch(URISchemeFetcher.java:50)
	at com.networknt.schema.JsonSchemaFactory.getSchema(JsonSchemaFactory.java:325)
	at com.networknt.schema.UriMappingTest.testValidatorConfigExampleMappings(UriMappingTest.java:136)
	at sun.reflect.NativeMethodAccessorImpl.invoke0(Native Method)
	at sun.reflect.NativeMethodAccessorImpl.invoke(NativeMethodAccessorImpl.java:62)
	at sun.reflect.DelegatingMethodAccessorImpl.invoke(DelegatingMethodAccessorImpl.java:43)
	at java.lang.reflect.Method.invoke(Method.java:498)
	at org.junit.runners.model.FrameworkMethod$1.runReflectiveCall(FrameworkMethod.java:50)
	at org.junit.internal.runners.model.ReflectiveCallable.run(ReflectiveCallable.java:12)
	at org.junit.runners.model.FrameworkMethod.invokeExplosively(FrameworkMethod.java:47)
	at org.junit.internal.runners.statements.InvokeMethod.evaluate(InvokeMethod.java:17)
	at org.junit.runners.ParentRunner.runLeaf(ParentRunner.java:325)
	at org.junit.runners.BlockJUnit4ClassRunner.runChild(BlockJUnit4ClassRunner.java:78)
	at org.junit.runners.BlockJUnit4ClassRunner.runChild(BlockJUnit4ClassRunner.java:57)
	at org.junit.runners.ParentRunner$3.run(ParentRunner.java:290)
	at org.junit.runners.ParentRunner$1.schedule(ParentRunner.java:71)
	at org.junit.runners.ParentRunner.runChildren(ParentRunner.java:288)
	at org.junit.runners.ParentRunner.access$000(ParentRunner.java:58)
	at org.junit.runners.ParentRunner$2.evaluate(ParentRunner.java:268)
	at org.junit.runners.ParentRunner.run(ParentRunner.java:363)
	at org.apache.maven.surefire.junit4.JUnit4Provider.execute(JUnit4Provider.java:367)
	at org.apache.maven.surefire.junit4.JUnit4Provider.executeWithRerun(JUnit4Provider.java:274)
	at org.apache.maven.surefire.junit4.JUnit4Provider.executeTestSet(JUnit4Provider.java:238)
	at org.apache.maven.surefire.junit4.JUnit4Provider.invoke(JUnit4Provider.java:161)
	at org.apache.maven.surefire.booter.ForkedBooter.invokeProviderInSameClassLoader(ForkedBooter.java:290)
	at org.apache.maven.surefire.booter.ForkedBooter.runSuitesInProcess(ForkedBooter.java:242)
	at org.apache.maven.surefire.booter.ForkedBooter.main(ForkedBooter.java:121)
Tests run: 5, Failures: 0, Errors: 0, Skipped: 0, Time elapsed: 0.534 sec - in com.networknt.schema.UriMappingTest
Running com.networknt.schema.V6JsonSchemaTest
Tests run: 41, Failures: 0, Errors: 0, Skipped: 6, Time elapsed: 0.221 sec - in com.networknt.schema.V6JsonSchemaTest
Running com.networknt.schema.UrnTest
Tests run: 1, Failures: 0, Errors: 0, Skipped: 0, Time elapsed: 0.203 sec - in com.networknt.schema.UrnTest
Running com.networknt.schema.TypeValidatorTest
Tests run: 2, Failures: 0, Errors: 0, Skipped: 0, Time elapsed: 0 sec - in com.networknt.schema.TypeValidatorTest
Running com.networknt.schema.SelfRefTest
Tests run: 1, Failures: 0, Errors: 0, Skipped: 1, Time elapsed: 0 sec - in com.networknt.schema.SelfRefTest
Running com.networknt.schema.ValidatorTypeCodeTest
Tests run: 5, Failures: 0, Errors: 0, Skipped: 0, Time elapsed: 0.002 sec - in com.networknt.schema.ValidatorTypeCodeTest
Running com.networknt.schema.UnknownMetaSchemaTest
Tests run: 4, Failures: 0, Errors: 0, Skipped: 0, Time elapsed: 0.001 sec - in com.networknt.schema.UnknownMetaSchemaTest
Running com.networknt.schema.CollectorContextTest
Tests run: 4, Failures: 0, Errors: 0, Skipped: 0, Time elapsed: 0.036 sec - in com.networknt.schema.CollectorContextTest

Results :

Tests run: 260, Failures: 0, Errors: 0, Skipped: 45

[INFO] 
[INFO] --- jacoco-maven-plugin:0.8.5:report (report) @ json-schema-validator ---
[INFO] Loading execution data file /tmp/tmpws1jy0xg/json-schema-validator/target/jacoco.exec
[INFO] Analyzed bundle 'JsonSchemaValidator' with 334 classes
[INFO] ------------------------------------------------------------------------
[INFO] BUILD SUCCESS
[INFO] ------------------------------------------------------------------------
[INFO] Total time:  30.157 s
[INFO] Finished at: 2020-07-30T22:49:23Z
[INFO] ------------------------------------------------------------------------
