[INFO] Error stacktraces are turned on.
[INFO] Scanning for projects...
[WARNING] The POM for org.jenkins-ci.tools:maven-hpi-plugin:jar:1.106 is missing, no dependency information available
[WARNING] Failed to build parent project for org.jenkins-ci.plugins:token-macro:hpi:1.12.1
[INFO] 
[INFO] -----------------< org.jenkins-ci.plugins:token-macro >-----------------
[INFO] Building Token Macro Plugin 1.12.1
[INFO] --------------------------------[ hpi ]---------------------------------
[INFO] 
[INFO] --- maven-hpi-plugin:1.99:validate (default-validate) @ token-macro ---
[INFO] 
[INFO] --- maven-enforcer-plugin:1.0.1:enforce (enforce-maven) @ token-macro ---
[INFO] 
[INFO] --- maven-enforcer-plugin:1.0.1:display-info (display-info) @ token-macro ---
[INFO] Maven Version: 3.6.3
[INFO] JDK Version: 1.8.0_262 normalized as: 1.8.0-262
[INFO] OS Info: Arch: amd64 Family: unix Name: linux Version: 4.15.0-109-generic
[INFO] 
[INFO] --- maven-localizer-plugin:1.14:generate (default) @ token-macro ---
[INFO] 
[INFO] --- maven-resources-plugin:2.5:resources (default-resources) @ token-macro ---
[debug] execute contextualize
[INFO] Using 'UTF-8' encoding to copy filtered resources.
[INFO] Copying 21 resources
[INFO] 
[INFO] --- maven-compiler-plugin:2.5:compile (default-compile) @ token-macro ---
[INFO] Compiling 30 source files to /tmp/tmpikm0klmh/token-macro-plugin/target/classes
[INFO] 
[INFO] --- access-modifier-checker:1.16:enforce (default-enforce) @ token-macro ---
[INFO] 
[INFO] --- maven-hpi-plugin:1.99:insert-test (default-insert-test) @ token-macro ---
[INFO] 
[INFO] --- gmaven-plugin:1.5-jenkins-1:generateTestStubs (test-in-groovy) @ token-macro ---
[INFO] No sources found for Java stub generation
[INFO] 
[INFO] --- maven-resources-plugin:2.5:testResources (default-testResources) @ token-macro ---
[debug] execute contextualize
[INFO] Using 'UTF-8' encoding to copy filtered resources.
[INFO] skip non existing resourceDirectory /tmp/tmpikm0klmh/token-macro-plugin/src/test/resources
[INFO] 
[INFO] --- maven-compiler-plugin:2.5:testCompile (default-testCompile) @ token-macro ---
[INFO] Compiling 20 source files to /tmp/tmpikm0klmh/token-macro-plugin/target/test-classes
[INFO] 
[INFO] --- maven-hpi-plugin:1.99:test-hpl (default-test-hpl) @ token-macro ---
[INFO] Generating /tmp/tmpikm0klmh/token-macro-plugin/target/test-classes/the.hpl
[INFO] 
[INFO] --- maven-hpi-plugin:1.99:resolve-test-dependencies (default-resolve-test-dependencies) @ token-macro ---
[INFO] 
[INFO] --- gmaven-plugin:1.5-jenkins-1:testCompile (test-in-groovy) @ token-macro ---
[INFO] No sources found to compile
[INFO] 
[INFO] --- maven-surefire-plugin:2.16:test (default-test) @ token-macro ---
[INFO] Surefire report directory: /tmp/tmpikm0klmh/token-macro-plugin/target/surefire-reports

-------------------------------------------------------
 T E S T S
-------------------------------------------------------

-------------------------------------------------------
 T E S T S
-------------------------------------------------------
RRuunnnniinngg  Ionrjge.cjteendkTiensstc
i.plugins.tokenmacro.impl.ChangesSinceLastUnstableBuildMacroTest
Tests run: 11, Failures: 0, Errors: 0, Skipped: 0, Time elapsed: 1.105 sec - in org.jenkinsci.plugins.tokenmacro.impl.ChangesSinceLastUnstableBuildMacroTest
Running org.jenkinsci.plugins.tokenmacro.impl.BuildLogMultilineRegexMacroTest
Tests run: 15, Failures: 0, Errors: 0, Skipped: 0, Time elapsed: 0.187 sec - in org.jenkinsci.plugins.tokenmacro.impl.BuildLogMultilineRegexMacroTest
Running org.jenkinsci.plugins.tokenmacro.impl.AdminEmailMacroTest
Tests run: 1, Failures: 0, Errors: 0, Skipped: 0, Time elapsed: 11.884 sec - in org.jenkinsci.plugins.tokenmacro.impl.AdminEmailMacroTest
Running org.jenkinsci.plugins.tokenmacro.impl.BuildLogRegexMacroTest
Tests run: 17, Failures: 0, Errors: 0, Skipped: 0, Time elapsed: 0.013 sec - in org.jenkinsci.plugins.tokenmacro.impl.BuildLogRegexMacroTest
Running org.jenkinsci.plugins.tokenmacro.impl.LogRegExMacroTest
Tests run: 1, Failures: 0, Errors: 0, Skipped: 0, Time elapsed: 1.417 sec - in org.jenkinsci.plugins.tokenmacro.impl.LogRegExMacroTest
Running org.jenkinsci.plugins.tokenmacro.impl.BuildLogMacroTest
Tests run: 5, Failures: 0, Errors: 0, Skipped: 0, Time elapsed: 0.056 sec - in org.jenkinsci.plugins.tokenmacro.impl.BuildLogMacroTest
Running org.jenkinsci.plugins.tokenmacro.impl.BuildStatusMacroTest
Tests run: 1, Failures: 0, Errors: 0, Skipped: 0, Time elapsed: 0.002 sec - in org.jenkinsci.plugins.tokenmacro.impl.BuildStatusMacroTest
Running org.jenkinsci.plugins.tokenmacro.impl.ChangesSinceLastBuildMacroTest
Tests run: 12, Failures: 0, Errors: 0, Skipped: 0, Time elapsed: 0.022 sec - in org.jenkinsci.plugins.tokenmacro.impl.ChangesSinceLastBuildMacroTest
Running org.jenkinsci.plugins.tokenmacro.impl.WorkspaceFileMacroTest
Tests run: 1, Failures: 0, Errors: 0, Skipped: 0, Time elapsed: 1.396 sec - in org.jenkinsci.plugins.tokenmacro.impl.WorkspaceFileMacroTest
Running org.jenkinsci.plugins.tokenmacro.impl.ChangesSinceLastSuccessfulBuildMacroTest
Tests run: 11, Failures: 0, Errors: 0, Skipped: 0, Time elapsed: 0.093 sec - in org.jenkinsci.plugins.tokenmacro.impl.ChangesSinceLastSuccessfulBuildMacroTest
Running org.jenkinsci.plugins.tokenmacro.impl.XmlFileMacroTest
Tests run: 9, Failures: 0, Errors: 0, Skipped: 0, Time elapsed: 16.609 sec - in InjectedTest
Running org.jenkinsci.plugins.tokenmacro.impl.BuildLogExcerptMacroTest
Tests run: 3, Failures: 0, Errors: 0, Skipped: 0, Time elapsed: 0.205 sec - in org.jenkinsci.plugins.tokenmacro.impl.BuildLogExcerptMacroTest
Running org.jenkinsci.plugins.tokenmacro.impl.JobDescriptionMacroTest
Tests run: 1, Failures: 0, Errors: 0, Skipped: 0, Time elapsed: 1.101 sec - in org.jenkinsci.plugins.tokenmacro.impl.XmlFileMacroTest
Running org.jenkinsci.plugins.tokenmacro.impl.PropertyFromFileMacroTest
Tests run: 1, Failures: 0, Errors: 0, Skipped: 0, Time elapsed: 0.795 sec - in org.jenkinsci.plugins.tokenmacro.impl.PropertyFromFileMacroTest
Running org.jenkinsci.plugins.tokenmacro.impl.UpstreamRunNameMacroTest
Tests run: 2, Failures: 0, Errors: 0, Skipped: 0, Time elapsed: 1.418 sec - in org.jenkinsci.plugins.tokenmacro.impl.UpstreamRunNameMacroTest
Running org.jenkinsci.plugins.tokenmacro.impl.EnvironmentVariableMacroTest
Tests run: 3, Failures: 0, Errors: 0, Skipped: 0, Time elapsed: 2.788 sec - in org.jenkinsci.plugins.tokenmacro.impl.JobDescriptionMacroTest
Running org.jenkinsci.plugins.tokenmacro.impl.BuildCauseMacroTest
Tests run: 4, Failures: 0, Errors: 0, Skipped: 0, Time elapsed: 0.079 sec - in org.jenkinsci.plugins.tokenmacro.impl.BuildCauseMacroTest
Running org.jenkinsci.plugins.tokenmacro.DataBoundTokenMacroTest
Tests run: 1, Failures: 0, Errors: 0, Skipped: 0, Time elapsed: 0.685 sec - in org.jenkinsci.plugins.tokenmacro.impl.EnvironmentVariableMacroTest
Running org.jenkinsci.plugins.tokenmacro.TokenMacroTest
Tests run: 3, Failures: 0, Errors: 0, Skipped: 0, Time elapsed: 2.162 sec - in org.jenkinsci.plugins.tokenmacro.DataBoundTokenMacroTest
Tests run: 11, Failures: 0, Errors: 0, Skipped: 0, Time elapsed: 5.157 sec - in org.jenkinsci.plugins.tokenmacro.TokenMacroTest

Results :

Tests run: 113, Failures: 0, Errors: 0, Skipped: 0

[INFO] 
[INFO] --- maven-license-plugin:1.7:process (default) @ token-macro ---
[INFO] Generated /tmp/tmpikm0klmh/token-macro-plugin/target/token-macro/WEB-INF/licenses.xml
[INFO] 
[INFO] --- maven-hpi-plugin:1.99:hpi (default-hpi) @ token-macro ---
[INFO] Generating /tmp/tmpikm0klmh/token-macro-plugin/target/token-macro/META-INF/MANIFEST.MF
[INFO] Building jar: /tmp/tmpikm0klmh/token-macro-plugin/target/token-macro.jar
[INFO] Exploding webapp...
[INFO] Copy webapp webResources to /tmp/tmpikm0klmh/token-macro-plugin/target/token-macro
[INFO] Assembling webapp token-macro in /tmp/tmpikm0klmh/token-macro-plugin/target/token-macro
[INFO] Generating hpi /tmp/tmpikm0klmh/token-macro-plugin/target/token-macro.hpi
[INFO] Building jar: /tmp/tmpikm0klmh/token-macro-plugin/target/token-macro.hpi
[INFO] 
[INFO] --- maven-assembly-plugin:3.2.0:single (default) @ token-macro ---
[WARNING] The POM for org.jenkins-ci.tools:maven-hpi-plugin:jar:1.106 is missing, no dependency information available
[WARNING] Failed to build parent project for org.jenkins-ci.plugins:token-macro:hpi:1.12.1
[INFO] ------------------------------------------------------------------------
[INFO] BUILD FAILURE
[INFO] ------------------------------------------------------------------------
[INFO] Total time:  03:24 min
[INFO] Finished at: 2020-08-03T09:49:27Z
[INFO] ------------------------------------------------------------------------
[ERROR] Failed to execute goal org.apache.maven.plugins:maven-assembly-plugin:3.2.0:single (default) on project token-macro: Failed to create assembly: Error adding file-set for 'org.jenkins-ci.plugins:token-macro:hpi:1.12.1' to archive: Error adding archived file-set. PlexusIoResourceCollection not found for: /tmp/tmpikm0klmh/token-macro-plugin/target/token-macro.hpi: No such archiver: 'hpi'. -> [Help 1]
org.apache.maven.lifecycle.LifecycleExecutionException: Failed to execute goal org.apache.maven.plugins:maven-assembly-plugin:3.2.0:single (default) on project token-macro: Failed to create assembly: Error adding file-set for 'org.jenkins-ci.plugins:token-macro:hpi:1.12.1' to archive: Error adding archived file-set. PlexusIoResourceCollection not found for: /tmp/tmpikm0klmh/token-macro-plugin/target/token-macro.hpi
    at org.apache.maven.lifecycle.internal.MojoExecutor.execute (MojoExecutor.java:215)
    at org.apache.maven.lifecycle.internal.MojoExecutor.execute (MojoExecutor.java:156)
    at org.apache.maven.lifecycle.internal.MojoExecutor.execute (MojoExecutor.java:148)
    at org.apache.maven.lifecycle.internal.LifecycleModuleBuilder.buildProject (LifecycleModuleBuilder.java:117)
    at org.apache.maven.lifecycle.internal.LifecycleModuleBuilder.buildProject (LifecycleModuleBuilder.java:81)
    at org.apache.maven.lifecycle.internal.builder.singlethreaded.SingleThreadedBuilder.build (SingleThreadedBuilder.java:56)
    at org.apache.maven.lifecycle.internal.LifecycleStarter.execute (LifecycleStarter.java:128)
    at org.apache.maven.DefaultMaven.doExecute (DefaultMaven.java:305)
    at org.apache.maven.DefaultMaven.doExecute (DefaultMaven.java:192)
    at org.apache.maven.DefaultMaven.execute (DefaultMaven.java:105)
    at org.apache.maven.cli.MavenCli.execute (MavenCli.java:957)
    at org.apache.maven.cli.MavenCli.doMain (MavenCli.java:289)
    at org.apache.maven.cli.MavenCli.main (MavenCli.java:193)
    at sun.reflect.NativeMethodAccessorImpl.invoke0 (Native Method)
    at sun.reflect.NativeMethodAccessorImpl.invoke (NativeMethodAccessorImpl.java:62)
    at sun.reflect.DelegatingMethodAccessorImpl.invoke (DelegatingMethodAccessorImpl.java:43)
    at java.lang.reflect.Method.invoke (Method.java:498)
    at org.codehaus.plexus.classworlds.launcher.Launcher.launchEnhanced (Launcher.java:282)
    at org.codehaus.plexus.classworlds.launcher.Launcher.launch (Launcher.java:225)
    at org.codehaus.plexus.classworlds.launcher.Launcher.mainWithExitCode (Launcher.java:406)
    at org.codehaus.plexus.classworlds.launcher.Launcher.main (Launcher.java:347)
Caused by: org.apache.maven.plugin.MojoExecutionException: Failed to create assembly: Error adding file-set for 'org.jenkins-ci.plugins:token-macro:hpi:1.12.1' to archive: Error adding archived file-set. PlexusIoResourceCollection not found for: /tmp/tmpikm0klmh/token-macro-plugin/target/token-macro.hpi
    at org.apache.maven.plugins.assembly.mojos.AbstractAssemblyMojo.execute (AbstractAssemblyMojo.java:542)
    at org.apache.maven.plugins.assembly.mojos.SingleAssemblyMojo.execute (SingleAssemblyMojo.java:61)
    at org.apache.maven.plugin.DefaultBuildPluginManager.executeMojo (DefaultBuildPluginManager.java:137)
    at org.apache.maven.lifecycle.internal.MojoExecutor.execute (MojoExecutor.java:210)
    at org.apache.maven.lifecycle.internal.MojoExecutor.execute (MojoExecutor.java:156)
    at org.apache.maven.lifecycle.internal.MojoExecutor.execute (MojoExecutor.java:148)
    at org.apache.maven.lifecycle.internal.LifecycleModuleBuilder.buildProject (LifecycleModuleBuilder.java:117)
    at org.apache.maven.lifecycle.internal.LifecycleModuleBuilder.buildProject (LifecycleModuleBuilder.java:81)
    at org.apache.maven.lifecycle.internal.builder.singlethreaded.SingleThreadedBuilder.build (SingleThreadedBuilder.java:56)
    at org.apache.maven.lifecycle.internal.LifecycleStarter.execute (LifecycleStarter.java:128)
    at org.apache.maven.DefaultMaven.doExecute (DefaultMaven.java:305)
    at org.apache.maven.DefaultMaven.doExecute (DefaultMaven.java:192)
    at org.apache.maven.DefaultMaven.execute (DefaultMaven.java:105)
    at org.apache.maven.cli.MavenCli.execute (MavenCli.java:957)
    at org.apache.maven.cli.MavenCli.doMain (MavenCli.java:289)
    at org.apache.maven.cli.MavenCli.main (MavenCli.java:193)
    at sun.reflect.NativeMethodAccessorImpl.invoke0 (Native Method)
    at sun.reflect.NativeMethodAccessorImpl.invoke (NativeMethodAccessorImpl.java:62)
    at sun.reflect.DelegatingMethodAccessorImpl.invoke (DelegatingMethodAccessorImpl.java:43)
    at java.lang.reflect.Method.invoke (Method.java:498)
    at org.codehaus.plexus.classworlds.launcher.Launcher.launchEnhanced (Launcher.java:282)
    at org.codehaus.plexus.classworlds.launcher.Launcher.launch (Launcher.java:225)
    at org.codehaus.plexus.classworlds.launcher.Launcher.mainWithExitCode (Launcher.java:406)
    at org.codehaus.plexus.classworlds.launcher.Launcher.main (Launcher.java:347)
Caused by: org.apache.maven.plugins.assembly.archive.ArchiveCreationException: Error adding file-set for 'org.jenkins-ci.plugins:token-macro:hpi:1.12.1' to archive: Error adding archived file-set. PlexusIoResourceCollection not found for: /tmp/tmpikm0klmh/token-macro-plugin/target/token-macro.hpi
    at org.apache.maven.plugins.assembly.archive.task.AddArtifactTask.unpacked (AddArtifactTask.java:239)
    at org.apache.maven.plugins.assembly.archive.task.AddArtifactTask.execute (AddArtifactTask.java:128)
    at org.apache.maven.plugins.assembly.archive.task.AddDependencySetsTask.addNormalArtifact (AddDependencySetsTask.java:263)
    at org.apache.maven.plugins.assembly.archive.task.AddDependencySetsTask.addDependencySet (AddDependencySetsTask.java:175)
    at org.apache.maven.plugins.assembly.archive.task.AddDependencySetsTask.execute (AddDependencySetsTask.java:120)
    at org.apache.maven.plugins.assembly.archive.phase.DependencySetAssemblyPhase.execute (DependencySetAssemblyPhase.java:104)
    at org.apache.maven.plugins.assembly.archive.DefaultAssemblyArchiver.createArchive (DefaultAssemblyArchiver.java:182)
    at org.apache.maven.plugins.assembly.mojos.AbstractAssemblyMojo.execute (AbstractAssemblyMojo.java:488)
    at org.apache.maven.plugins.assembly.mojos.SingleAssemblyMojo.execute (SingleAssemblyMojo.java:61)
    at org.apache.maven.plugin.DefaultBuildPluginManager.executeMojo (DefaultBuildPluginManager.java:137)
    at org.apache.maven.lifecycle.internal.MojoExecutor.execute (MojoExecutor.java:210)
    at org.apache.maven.lifecycle.internal.MojoExecutor.execute (MojoExecutor.java:156)
    at org.apache.maven.lifecycle.internal.MojoExecutor.execute (MojoExecutor.java:148)
    at org.apache.maven.lifecycle.internal.LifecycleModuleBuilder.buildProject (LifecycleModuleBuilder.java:117)
    at org.apache.maven.lifecycle.internal.LifecycleModuleBuilder.buildProject (LifecycleModuleBuilder.java:81)
    at org.apache.maven.lifecycle.internal.builder.singlethreaded.SingleThreadedBuilder.build (SingleThreadedBuilder.java:56)
    at org.apache.maven.lifecycle.internal.LifecycleStarter.execute (LifecycleStarter.java:128)
    at org.apache.maven.DefaultMaven.doExecute (DefaultMaven.java:305)
    at org.apache.maven.DefaultMaven.doExecute (DefaultMaven.java:192)
    at org.apache.maven.DefaultMaven.execute (DefaultMaven.java:105)
    at org.apache.maven.cli.MavenCli.execute (MavenCli.java:957)
    at org.apache.maven.cli.MavenCli.doMain (MavenCli.java:289)
    at org.apache.maven.cli.MavenCli.main (MavenCli.java:193)
    at sun.reflect.NativeMethodAccessorImpl.invoke0 (Native Method)
    at sun.reflect.NativeMethodAccessorImpl.invoke (NativeMethodAccessorImpl.java:62)
    at sun.reflect.DelegatingMethodAccessorImpl.invoke (DelegatingMethodAccessorImpl.java:43)
    at java.lang.reflect.Method.invoke (Method.java:498)
    at org.codehaus.plexus.classworlds.launcher.Launcher.launchEnhanced (Launcher.java:282)
    at org.codehaus.plexus.classworlds.launcher.Launcher.launch (Launcher.java:225)
    at org.codehaus.plexus.classworlds.launcher.Launcher.mainWithExitCode (Launcher.java:406)
    at org.codehaus.plexus.classworlds.launcher.Launcher.main (Launcher.java:347)
Caused by: org.codehaus.plexus.archiver.ArchiverException: Error adding archived file-set. PlexusIoResourceCollection not found for: /tmp/tmpikm0klmh/token-macro-plugin/target/token-macro.hpi
    at org.codehaus.plexus.archiver.AbstractArchiver.asResourceCollection (AbstractArchiver.java:761)
    at org.codehaus.plexus.archiver.AbstractArchiver.addArchivedFileSet (AbstractArchiver.java:836)
    at org.apache.maven.plugins.assembly.archive.archiver.AssemblyProxyArchiver.addArchivedFileSet (AssemblyProxyArchiver.java:697)
    at org.apache.maven.plugins.assembly.archive.task.AddArtifactTask.unpacked (AddArtifactTask.java:234)
    at org.apache.maven.plugins.assembly.archive.task.AddArtifactTask.execute (AddArtifactTask.java:128)
    at org.apache.maven.plugins.assembly.archive.task.AddDependencySetsTask.addNormalArtifact (AddDependencySetsTask.java:263)
    at org.apache.maven.plugins.assembly.archive.task.AddDependencySetsTask.addDependencySet (AddDependencySetsTask.java:175)
    at org.apache.maven.plugins.assembly.archive.task.AddDependencySetsTask.execute (AddDependencySetsTask.java:120)
    at org.apache.maven.plugins.assembly.archive.phase.DependencySetAssemblyPhase.execute (DependencySetAssemblyPhase.java:104)
    at org.apache.maven.plugins.assembly.archive.DefaultAssemblyArchiver.createArchive (DefaultAssemblyArchiver.java:182)
    at org.apache.maven.plugins.assembly.mojos.AbstractAssemblyMojo.execute (AbstractAssemblyMojo.java:488)
    at org.apache.maven.plugins.assembly.mojos.SingleAssemblyMojo.execute (SingleAssemblyMojo.java:61)
    at org.apache.maven.plugin.DefaultBuildPluginManager.executeMojo (DefaultBuildPluginManager.java:137)
    at org.apache.maven.lifecycle.internal.MojoExecutor.execute (MojoExecutor.java:210)
    at org.apache.maven.lifecycle.internal.MojoExecutor.execute (MojoExecutor.java:156)
    at org.apache.maven.lifecycle.internal.MojoExecutor.execute (MojoExecutor.java:148)
    at org.apache.maven.lifecycle.internal.LifecycleModuleBuilder.buildProject (LifecycleModuleBuilder.java:117)
    at org.apache.maven.lifecycle.internal.LifecycleModuleBuilder.buildProject (LifecycleModuleBuilder.java:81)
    at org.apache.maven.lifecycle.internal.builder.singlethreaded.SingleThreadedBuilder.build (SingleThreadedBuilder.java:56)
    at org.apache.maven.lifecycle.internal.LifecycleStarter.execute (LifecycleStarter.java:128)
    at org.apache.maven.DefaultMaven.doExecute (DefaultMaven.java:305)
    at org.apache.maven.DefaultMaven.doExecute (DefaultMaven.java:192)
    at org.apache.maven.DefaultMaven.execute (DefaultMaven.java:105)
    at org.apache.maven.cli.MavenCli.execute (MavenCli.java:957)
    at org.apache.maven.cli.MavenCli.doMain (MavenCli.java:289)
    at org.apache.maven.cli.MavenCli.main (MavenCli.java:193)
    at sun.reflect.NativeMethodAccessorImpl.invoke0 (Native Method)
    at sun.reflect.NativeMethodAccessorImpl.invoke (NativeMethodAccessorImpl.java:62)
    at sun.reflect.DelegatingMethodAccessorImpl.invoke (DelegatingMethodAccessorImpl.java:43)
    at java.lang.reflect.Method.invoke (Method.java:498)
    at org.codehaus.plexus.classworlds.launcher.Launcher.launchEnhanced (Launcher.java:282)
    at org.codehaus.plexus.classworlds.launcher.Launcher.launch (Launcher.java:225)
    at org.codehaus.plexus.classworlds.launcher.Launcher.mainWithExitCode (Launcher.java:406)
    at org.codehaus.plexus.classworlds.launcher.Launcher.main (Launcher.java:347)
Caused by: org.codehaus.plexus.archiver.manager.NoSuchArchiverException: No such archiver: 'hpi'.
    at org.codehaus.plexus.archiver.manager.DefaultArchiverManager.getResourceCollection (DefaultArchiverManager.java:94)
    at org.codehaus.plexus.archiver.manager.DefaultArchiverManager.getResourceCollection (DefaultArchiverManager.java:140)
    at org.codehaus.plexus.archiver.AbstractArchiver.asResourceCollection (AbstractArchiver.java:757)
    at org.codehaus.plexus.archiver.AbstractArchiver.addArchivedFileSet (AbstractArchiver.java:836)
    at org.apache.maven.plugins.assembly.archive.archiver.AssemblyProxyArchiver.addArchivedFileSet (AssemblyProxyArchiver.java:697)
    at org.apache.maven.plugins.assembly.archive.task.AddArtifactTask.unpacked (AddArtifactTask.java:234)
    at org.apache.maven.plugins.assembly.archive.task.AddArtifactTask.execute (AddArtifactTask.java:128)
    at org.apache.maven.plugins.assembly.archive.task.AddDependencySetsTask.addNormalArtifact (AddDependencySetsTask.java:263)
    at org.apache.maven.plugins.assembly.archive.task.AddDependencySetsTask.addDependencySet (AddDependencySetsTask.java:175)
    at org.apache.maven.plugins.assembly.archive.task.AddDependencySetsTask.execute (AddDependencySetsTask.java:120)
    at org.apache.maven.plugins.assembly.archive.phase.DependencySetAssemblyPhase.execute (DependencySetAssemblyPhase.java:104)
    at org.apache.maven.plugins.assembly.archive.DefaultAssemblyArchiver.createArchive (DefaultAssemblyArchiver.java:182)
    at org.apache.maven.plugins.assembly.mojos.AbstractAssemblyMojo.execute (AbstractAssemblyMojo.java:488)
    at org.apache.maven.plugins.assembly.mojos.SingleAssemblyMojo.execute (SingleAssemblyMojo.java:61)
    at org.apache.maven.plugin.DefaultBuildPluginManager.executeMojo (DefaultBuildPluginManager.java:137)
    at org.apache.maven.lifecycle.internal.MojoExecutor.execute (MojoExecutor.java:210)
    at org.apache.maven.lifecycle.internal.MojoExecutor.execute (MojoExecutor.java:156)
    at org.apache.maven.lifecycle.internal.MojoExecutor.execute (MojoExecutor.java:148)
    at org.apache.maven.lifecycle.internal.LifecycleModuleBuilder.buildProject (LifecycleModuleBuilder.java:117)
    at org.apache.maven.lifecycle.internal.LifecycleModuleBuilder.buildProject (LifecycleModuleBuilder.java:81)
    at org.apache.maven.lifecycle.internal.builder.singlethreaded.SingleThreadedBuilder.build (SingleThreadedBuilder.java:56)
    at org.apache.maven.lifecycle.internal.LifecycleStarter.execute (LifecycleStarter.java:128)
    at org.apache.maven.DefaultMaven.doExecute (DefaultMaven.java:305)
    at org.apache.maven.DefaultMaven.doExecute (DefaultMaven.java:192)
    at org.apache.maven.DefaultMaven.execute (DefaultMaven.java:105)
    at org.apache.maven.cli.MavenCli.execute (MavenCli.java:957)
    at org.apache.maven.cli.MavenCli.doMain (MavenCli.java:289)
    at org.apache.maven.cli.MavenCli.main (MavenCli.java:193)
    at sun.reflect.NativeMethodAccessorImpl.invoke0 (Native Method)
    at sun.reflect.NativeMethodAccessorImpl.invoke (NativeMethodAccessorImpl.java:62)
    at sun.reflect.DelegatingMethodAccessorImpl.invoke (DelegatingMethodAccessorImpl.java:43)
    at java.lang.reflect.Method.invoke (Method.java:498)
    at org.codehaus.plexus.classworlds.launcher.Launcher.launchEnhanced (Launcher.java:282)
    at org.codehaus.plexus.classworlds.launcher.Launcher.launch (Launcher.java:225)
    at org.codehaus.plexus.classworlds.launcher.Launcher.mainWithExitCode (Launcher.java:406)
    at org.codehaus.plexus.classworlds.launcher.Launcher.main (Launcher.java:347)
[ERROR] 
[ERROR] Re-run Maven using the -X switch to enable full debug logging.
[ERROR] 
[ERROR] For more information about the errors and possible solutions, please read the following articles:
[ERROR] [Help 1] http://cwiki.apache.org/confluence/display/MAVEN/MojoExecutionException
[INFO] Build failures were ignored.
