[INFO] Error stacktraces are turned on.
[INFO] Scanning for projects...
[INFO] 
[INFO] -----------< org.eu.ingwar.tools:arquillian-suite-extension >-----------
[INFO] Building Arquillian suite extension 1.2.1-SNAPSHOT
[INFO] --------------------------------[ jar ]---------------------------------
[INFO] 
[INFO] --- jacoco-maven-plugin:0.8.5:prepare-agent (default) @ arquillian-suite-extension ---
[INFO] argLine set to -javaagent:/home/jdbl/.m2/repository/org/jacoco/org.jacoco.agent/0.8.5/org.jacoco.agent-0.8.5-runtime.jar=destfile=/tmp/tmph4qadllx/arquillian-suite-extension/target/jacoco.exec
[INFO] 
[INFO] --- maven-resources-plugin:2.6:resources (default-resources) @ arquillian-suite-extension ---
[INFO] Using 'UTF-8' encoding to copy filtered resources.
[INFO] Copying 2 resources
[INFO] 
[INFO] --- maven-compiler-plugin:3.6.2:compile (default-compile) @ arquillian-suite-extension ---
[INFO] Changes detected - recompiling the module!
[INFO] Compiling 10 source files to /tmp/tmph4qadllx/arquillian-suite-extension/target/classes
[INFO] 
[INFO] --- maven-resources-plugin:2.6:testResources (default-testResources) @ arquillian-suite-extension ---
[INFO] Using 'UTF-8' encoding to copy filtered resources.
[INFO] Copying 1 resource
[INFO] 
[INFO] --- maven-compiler-plugin:3.6.2:testCompile (default-testCompile) @ arquillian-suite-extension ---
[INFO] Changes detected - recompiling the module!
[INFO] Compiling 13 source files to /tmp/tmph4qadllx/arquillian-suite-extension/target/test-classes
[INFO] 
[INFO] --- maven-war-plugin:3.1.0:exploded (genetate-exploded-archive) @ arquillian-suite-extension ---
[INFO] Exploding webapp
[INFO] Assembling webapp [arquillian-suite-extension] in [/tmp/tmph4qadllx/arquillian-suite-extension/target/test-war-module]
[INFO] Processing war project
[INFO] Webapp assembled in [821 msecs]
[INFO] 
[INFO] --- maven-dependency-plugin:3.0.1:unpack (unpack) @ arquillian-suite-extension ---
[INFO] Configured Artifact: org.wildfly:wildfly-dist:10.1.0.Final:zip
[INFO] Unpacking /home/jdbl/.m2/repository/org/wildfly/wildfly-dist/10.1.0.Final/wildfly-dist-10.1.0.Final.zip to /tmp/tmph4qadllx/arquillian-suite-extension/target with includes "" and excludes ""
[INFO] 
[INFO] --- maven-surefire-plugin:2.19.1:test (default-test) @ arquillian-suite-extension ---
[INFO] Surefire report directory: /tmp/tmph4qadllx/arquillian-suite-extension/target/surefire-reports

-------------------------------------------------------
 T E S T S
-------------------------------------------------------
Running org.eu.ingwar.tools.arquillian.extension.suite.normal.Extension2Test
[main] INFO org.reflections.Reflections - Reflections took 388 ms to scan 1 urls, producing 8 keys and 18 values 
Jul 30, 2020 8:03:38 PM org.eu.ingwar.tools.arquillian.extension.suite.DeploymentClassFinder getDeploymentClassFromAnnotation
INFO: arquillian-suite-deployment: Found class annotated with @ArquillianSuiteDeployment: org.eu.ingwar.tools.arquillian.extension.suite.Deployments
Tests run: 1, Failures: 0, Errors: 1, Skipped: 0, Time elapsed: 2.228 sec <<< FAILURE! - in org.eu.ingwar.tools.arquillian.extension.suite.normal.Extension2Test
org.eu.ingwar.tools.arquillian.extension.suite.normal.Extension2Test  Time elapsed: 2.228 sec  <<< ERROR!
org.jboss.arquillian.container.spi.client.container.LifecycleException: Could not start container
Caused by: java.lang.IllegalArgumentException: WFLYLNCHR0001: The path 'null' does not exist

Running org.eu.ingwar.tools.arquillian.extension.suite.normal.Extension1Test
Tests run: 1, Failures: 0, Errors: 1, Skipped: 0, Time elapsed: 0 sec <<< FAILURE! - in org.eu.ingwar.tools.arquillian.extension.suite.normal.Extension1Test
org.eu.ingwar.tools.arquillian.extension.suite.normal.Extension1Test  Time elapsed: 0 sec  <<< ERROR!
java.lang.RuntimeException: Arquillian initialization has already been attempted, but failed. See previous exceptions for cause
Caused by: org.jboss.arquillian.container.spi.client.container.LifecycleException: Could not start container
Caused by: java.lang.IllegalArgumentException: WFLYLNCHR0001: The path 'null' does not exist

Running org.eu.ingwar.tools.arquillian.extension.suite.extra.ExtensionExtraEjbTest
Tests run: 1, Failures: 0, Errors: 1, Skipped: 0, Time elapsed: 0 sec <<< FAILURE! - in org.eu.ingwar.tools.arquillian.extension.suite.extra.ExtensionExtraEjbTest
org.eu.ingwar.tools.arquillian.extension.suite.extra.ExtensionExtraEjbTest  Time elapsed: 0 sec  <<< ERROR!
java.lang.RuntimeException: Arquillian initialization has already been attempted, but failed. See previous exceptions for cause
Caused by: org.jboss.arquillian.container.spi.client.container.LifecycleException: Could not start container
Caused by: java.lang.IllegalArgumentException: WFLYLNCHR0001: The path 'null' does not exist

Running org.eu.ingwar.tools.arquillian.extension.suite.extra.ExtensionExtra1Test
Tests run: 1, Failures: 0, Errors: 1, Skipped: 0, Time elapsed: 0 sec <<< FAILURE! - in org.eu.ingwar.tools.arquillian.extension.suite.extra.ExtensionExtra1Test
org.eu.ingwar.tools.arquillian.extension.suite.extra.ExtensionExtra1Test  Time elapsed: 0 sec  <<< ERROR!
java.lang.RuntimeException: Arquillian initialization has already been attempted, but failed. See previous exceptions for cause
Caused by: org.jboss.arquillian.container.spi.client.container.LifecycleException: Could not start container
Caused by: java.lang.IllegalArgumentException: WFLYLNCHR0001: The path 'null' does not exist

Running org.eu.ingwar.tools.arquillian.extension.suite.extra.ExtensionExtra2Test
Tests run: 1, Failures: 0, Errors: 1, Skipped: 0, Time elapsed: 0 sec <<< FAILURE! - in org.eu.ingwar.tools.arquillian.extension.suite.extra.ExtensionExtra2Test
org.eu.ingwar.tools.arquillian.extension.suite.extra.ExtensionExtra2Test  Time elapsed: 0 sec  <<< ERROR!
java.lang.RuntimeException: Arquillian initialization has already been attempted, but failed. See previous exceptions for cause
Caused by: org.jboss.arquillian.container.spi.client.container.LifecycleException: Could not start container
Caused by: java.lang.IllegalArgumentException: WFLYLNCHR0001: The path 'null' does not exist

Running org.eu.ingwar.tools.arquillian.extension.deployment.ModuleTypeTest
Tests run: 7, Failures: 0, Errors: 0, Skipped: 0, Time elapsed: 0.011 sec - in org.eu.ingwar.tools.arquillian.extension.deployment.ModuleTypeTest

Results :

Tests in error: 
  ExtensionExtra1Test.org.eu.ingwar.tools.arquillian.extension.suite.extra.ExtensionExtra1Test » Runtime
  ExtensionExtra2Test.org.eu.ingwar.tools.arquillian.extension.suite.extra.ExtensionExtra2Test » Runtime
  ExtensionExtraEjbTest.org.eu.ingwar.tools.arquillian.extension.suite.extra.ExtensionExtraEjbTest » Runtime
  Extension1Test.org.eu.ingwar.tools.arquillian.extension.suite.normal.Extension1Test » Runtime
  Extension2Test.org.eu.ingwar.tools.arquillian.extension.suite.normal.Extension2Test » Lifecycle

Tests run: 12, Failures: 0, Errors: 5, Skipped: 0

[ERROR] There are test failures.

Please refer to /tmp/tmph4qadllx/arquillian-suite-extension/target/surefire-reports for the individual test results.
[INFO] 
[INFO] --- jacoco-maven-plugin:0.8.5:report (report) @ arquillian-suite-extension ---
[INFO] Loading execution data file /tmp/tmph4qadllx/arquillian-suite-extension/target/jacoco.exec
[INFO] Analyzed bundle 'Arquillian suite extension' with 2511 classes
[INFO] ------------------------------------------------------------------------
[INFO] BUILD SUCCESS
[INFO] ------------------------------------------------------------------------
[INFO] Total time:  55.147 s
[INFO] Finished at: 2020-07-30T20:03:44Z
[INFO] ------------------------------------------------------------------------
