[INFO] Error stacktraces are turned on.
[INFO] Scanning for projects...
[WARNING] 
[WARNING] Some problems were encountered while building the effective model for com.liveramp:hyperminhash:jar:0.3-SNAPSHOT
[WARNING] The expression ${artifactId} is deprecated. Please use ${project.artifactId} instead.
[WARNING] The expression ${version} is deprecated. Please use ${project.version} instead.
[WARNING] 
[WARNING] It is highly recommended to fix these problems because they threaten the stability of your build.
[WARNING] 
[WARNING] For this reason, future Maven versions might no longer support building such malformed projects.
[WARNING] 
[INFO] Inspecting build with total of 1 modules...
[INFO] Installing Nexus Staging features:
[INFO]   ... total of 1 executions of maven-deploy-plugin replaced with nexus-staging-maven-plugin
[INFO] 
[INFO] ---------------------< com.liveramp:hyperminhash >----------------------
[INFO] Building com.liveramp:hyperminhash 0.3-SNAPSHOT
[INFO] --------------------------------[ jar ]---------------------------------
[INFO] 
[INFO] --- jacoco-maven-plugin:0.8.5:prepare-agent (default) @ hyperminhash ---
[INFO] argLine set to -javaagent:/home/jdbl/.m2/repository/org/jacoco/org.jacoco.agent/0.8.5/org.jacoco.agent-0.8.5-runtime.jar=destfile=/tmp/tmppfad2qvr/HyperMinHash-java/target/jacoco.exec
[INFO] 
[INFO] --- maven-resources-plugin:2.6:resources (default-resources) @ hyperminhash ---
[INFO] Using 'UTF-8' encoding to copy filtered resources.
[INFO] skip non existing resourceDirectory /tmp/tmppfad2qvr/HyperMinHash-java/src/main/resources
[INFO] 
[INFO] --- maven-compiler-plugin:2.3.2:compile (default-compile) @ hyperminhash ---
[INFO] Compiling 20 source files to /tmp/tmppfad2qvr/HyperMinHash-java/target/classes
[INFO] 
[INFO] --- maven-resources-plugin:2.6:testResources (default-testResources) @ hyperminhash ---
[INFO] Using 'UTF-8' encoding to copy filtered resources.
[INFO] skip non existing resourceDirectory /tmp/tmppfad2qvr/HyperMinHash-java/src/test/resources
[INFO] 
[INFO] --- maven-compiler-plugin:2.3.2:testCompile (default-testCompile) @ hyperminhash ---
[INFO] Compiling 8 source files to /tmp/tmppfad2qvr/HyperMinHash-java/target/test-classes
[INFO] 
[INFO] --- maven-surefire-plugin:2.19.1:test (default-test) @ hyperminhash ---
[INFO] Surefire report directory: /tmp/tmppfad2qvr/HyperMinHash-java/target/surefire-reports

-------------------------------------------------------
 T E S T S
-------------------------------------------------------
Running com.liveramp.hyperminhash.TestPackers
Tests run: 2, Failures: 0, Errors: 0, Skipped: 0, Time elapsed: 0.124 sec - in com.liveramp.hyperminhash.TestPackers
Running com.liveramp.hyperminhash.TestHyperMinHashSerDe
Tests run: 3, Failures: 0, Errors: 0, Skipped: 0, Time elapsed: 11.778 sec - in com.liveramp.hyperminhash.TestHyperMinHashSerDe
Running com.liveramp.hyperminhash.TestBetaMinHash
Tests run: 6, Failures: 0, Errors: 1, Skipped: 0, Time elapsed: 407.84 sec <<< FAILURE! - in com.liveramp.hyperminhash.TestBetaMinHash
testCardinality(com.liveramp.hyperminhash.TestBetaMinHash)  Time elapsed: 164.642 sec  <<< ERROR!
java.lang.OutOfMemoryError: GC overhead limit exceeded
	at com.liveramp.hyperminhash.TestBetaMinHash.lambda$testCardinality$0(TestBetaMinHash.java:23)
	at com.liveramp.hyperminhash.TestBetaMinHash.testCardinality(TestBetaMinHash.java:21)

Running com.liveramp.hyperminhash.TestHmhCardinalityEstimator
Tests run: 1, Failures: 0, Errors: 0, Skipped: 0, Time elapsed: 0.035 sec - in com.liveramp.hyperminhash.TestHmhCardinalityEstimator
Running com.liveramp.hyperminhash.TestHyperMinHash
Tests run: 7, Failures: 0, Errors: 1, Skipped: 0, Time elapsed: 165.142 sec <<< FAILURE! - in com.liveramp.hyperminhash.TestHyperMinHash
testCardinality(com.liveramp.hyperminhash.TestHyperMinHash)  Time elapsed: 138.389 sec  <<< ERROR!
java.lang.OutOfMemoryError: Java heap space
	at com.liveramp.hyperminhash.TestHyperMinHash.lambda$testCardinality$0(TestHyperMinHash.java:22)
	at com.liveramp.hyperminhash.TestHyperMinHash.testCardinality(TestHyperMinHash.java:20)

Running com.liveramp.hyperminhash.TestBetaMinHashSerde
Tests run: 3, Failures: 0, Errors: 0, Skipped: 0, Time elapsed: 9.442 sec - in com.liveramp.hyperminhash.TestBetaMinHashSerde

Results :

Tests in error: 
  TestBetaMinHash.testCardinality:21->lambda$testCardinality$0:23 » OutOfMemory ...
  TestHyperMinHash.testCardinality:20->lambda$testCardinality$0:22 » OutOfMemory

Tests run: 22, Failures: 0, Errors: 2, Skipped: 0

[ERROR] There are test failures.

Please refer to /tmp/tmppfad2qvr/HyperMinHash-java/target/surefire-reports for the individual test results.
[INFO] 
[INFO] --- jacoco-maven-plugin:0.8.5:report (report) @ hyperminhash ---
[INFO] Loading execution data file /tmp/tmppfad2qvr/HyperMinHash-java/target/jacoco.exec
[INFO] Analyzed bundle 'com.liveramp:hyperminhash' with 1022 classes
[INFO] ------------------------------------------------------------------------
[INFO] BUILD SUCCESS
[INFO] ------------------------------------------------------------------------
[INFO] Total time:  10:13 min
[INFO] Finished at: 2020-07-31T05:27:48Z
[INFO] ------------------------------------------------------------------------
