[INFO] Error stacktraces are turned on.
[INFO] Scanning for projects...
[INFO] 
[INFO] -----------< com.github.checkstyle:checkstyle-sonar-plugin >------------
[INFO] Building Checkstyle SonarQube Plugin 4.34-SNAPSHOT
[INFO] ----------------------------[ sonar-plugin ]----------------------------
[INFO] 
[INFO] --- maven-enforcer-plugin:3.0.0-M3:enforce (enforce-jdk-maven-versions) @ checkstyle-sonar-plugin ---
[INFO] 
[INFO] --- sonar-packaging-maven-plugin:1.17:check (default-check) @ checkstyle-sonar-plugin ---
[INFO] 
[INFO] --- jacoco-maven-plugin:0.8.5:prepare-agent (default) @ checkstyle-sonar-plugin ---
[INFO] argLine set to -javaagent:/home/jdbl/.m2/repository/org/jacoco/org.jacoco.agent/0.8.5/org.jacoco.agent-0.8.5-runtime.jar=destfile=/tmp/tmpeu4zdz_z/sonar-checkstyle/target/jacoco.exec
[INFO] 
[INFO] --- maven-resources-plugin:3.1.0:resources (default-resources) @ checkstyle-sonar-plugin ---
[INFO] Using 'UTF-8' encoding to copy filtered resources.
[INFO] Copying 1 resource
[INFO] Copying 179 resources
[INFO] 
[INFO] --- maven-compiler-plugin:3.6.0:compile (default-compile) @ checkstyle-sonar-plugin ---
[INFO] Changes detected - recompiling the module!
[INFO] Compiling 15 source files to /tmp/tmpeu4zdz_z/sonar-checkstyle/target/classes
[INFO] /tmp/tmpeu4zdz_z/sonar-checkstyle/src/main/java/org/sonar/plugins/checkstyle/CheckstyleAuditListener.java: Some input files use or override a deprecated API.
[INFO] /tmp/tmpeu4zdz_z/sonar-checkstyle/src/main/java/org/sonar/plugins/checkstyle/CheckstyleAuditListener.java: Recompile with -Xlint:deprecation for details.
[INFO] 
[INFO] --- build-helper-maven-plugin:3.0.0:add-test-source (add-test-source) @ checkstyle-sonar-plugin ---
[INFO] Test Source directory: /tmp/tmpeu4zdz_z/sonar-checkstyle/src/it/java added.
[INFO] 
[INFO] --- maven-resources-plugin:3.1.0:testResources (default-testResources) @ checkstyle-sonar-plugin ---
[INFO] Using 'UTF-8' encoding to copy filtered resources.
[INFO] Copying 21 resources
[INFO] 
[INFO] --- maven-compiler-plugin:3.6.0:testCompile (default-testCompile) @ checkstyle-sonar-plugin ---
[INFO] Changes detected - recompiling the module!
[INFO] Compiling 17 source files to /tmp/tmpeu4zdz_z/sonar-checkstyle/target/test-classes
[INFO] /tmp/tmpeu4zdz_z/sonar-checkstyle/src/test/java/org/sonar/plugins/checkstyle/CheckstyleSeverityUtilsTest.java: Some input files use or override a deprecated API.
[INFO] /tmp/tmpeu4zdz_z/sonar-checkstyle/src/test/java/org/sonar/plugins/checkstyle/CheckstyleSeverityUtilsTest.java: Recompile with -Xlint:deprecation for details.
[INFO] 
[INFO] --- maven-surefire-plugin:2.19.1:test (default-test) @ checkstyle-sonar-plugin ---
[INFO] Surefire report directory: /tmp/tmpeu4zdz_z/sonar-checkstyle/target/surefire-reports

-------------------------------------------------------
 T E S T S
-------------------------------------------------------
Running org.sonar.plugins.checkstyle.CheckstyleVersionTest
SLF4J: The requested version 1.7.16 by your slf4j binding is not compatible with [1.5.5, 1.5.6]
SLF4J: See http://www.slf4j.org/codes.html#version_mismatch for further details.
Tests run: 2, Failures: 0, Errors: 0, Skipped: 0, Time elapsed: 0.267 sec - in org.sonar.plugins.checkstyle.CheckstyleVersionTest
Running org.sonar.plugins.checkstyle.CheckstyleProfileExporterTest
Tests run: 11, Failures: 0, Errors: 0, Skipped: 0, Time elapsed: 0.661 sec - in org.sonar.plugins.checkstyle.CheckstyleProfileExporterTest
Running org.sonar.plugins.checkstyle.CheckstyleRulesDefinitionTest
Tests run: 1, Failures: 0, Errors: 0, Skipped: 0, Time elapsed: 0.224 sec - in org.sonar.plugins.checkstyle.CheckstyleRulesDefinitionTest
Running org.sonar.plugins.checkstyle.CheckstyleConstantsTest
Tests run: 1, Failures: 0, Errors: 0, Skipped: 0, Time elapsed: 0.001 sec - in org.sonar.plugins.checkstyle.CheckstyleConstantsTest
Running org.sonar.plugins.checkstyle.CheckstylePluginTest
Tests run: 1, Failures: 0, Errors: 0, Skipped: 0, Time elapsed: 0 sec - in org.sonar.plugins.checkstyle.CheckstylePluginTest
Running org.sonar.plugins.checkstyle.CheckstyleConfigurationTest
Tests run: 4, Failures: 0, Errors: 0, Skipped: 0, Time elapsed: 0.067 sec - in org.sonar.plugins.checkstyle.CheckstyleConfigurationTest
Running org.sonar.plugins.checkstyle.CheckstyleSeverityUtilsTest
Tests run: 5, Failures: 0, Errors: 0, Skipped: 0, Time elapsed: 0.001 sec - in org.sonar.plugins.checkstyle.CheckstyleSeverityUtilsTest
Running org.sonar.plugins.checkstyle.CheckstyleAuditListenerTest
Tests run: 7, Failures: 0, Errors: 0, Skipped: 0, Time elapsed: 0.232 sec - in org.sonar.plugins.checkstyle.CheckstyleAuditListenerTest
Running org.sonar.plugins.checkstyle.CheckstyleProfileImporterTest
Tests run: 9, Failures: 0, Errors: 0, Skipped: 0, Time elapsed: 0.02 sec - in org.sonar.plugins.checkstyle.CheckstyleProfileImporterTest
Running org.sonar.plugins.checkstyle.CheckstyleSensorTest
Tests run: 3, Failures: 0, Errors: 0, Skipped: 0, Time elapsed: 0.015 sec - in org.sonar.plugins.checkstyle.CheckstyleSensorTest
Running org.sonar.plugins.checkstyle.CheckstyleExecutorTest
Tests run: 7, Failures: 1, Errors: 3, Skipped: 0, Time elapsed: 0.167 sec <<< FAILURE! - in org.sonar.plugins.checkstyle.CheckstyleExecutorTest
execute(org.sonar.plugins.checkstyle.CheckstyleExecutorTest)  Time elapsed: 0.113 sec  <<< ERROR!
java.lang.NoSuchMethodError: org.slf4j.spi.LocationAwareLogger.log(Lorg/slf4j/Marker;Ljava/lang/String;ILjava/lang/String;[Ljava/lang/Object;Ljava/lang/Throwable;)V
	at org.sonar.plugins.checkstyle.CheckstyleExecutorTest.execute(CheckstyleExecutorTest.java:66)

executeException(org.sonar.plugins.checkstyle.CheckstyleExecutorTest)  Time elapsed: 0.011 sec  <<< FAILURE!
java.lang.AssertionError: 

Expected: (exception with message a string containing "Can not execute Checkstyle" and an instance of java.lang.IllegalStateException)
     got: <java.lang.NoSuchMethodError: org.slf4j.spi.LocationAwareLogger.log(Lorg/slf4j/Marker;Ljava/lang/String;ILjava/lang/String;[Ljava/lang/Object;Ljava/lang/Throwable;)V>


generateXmlReportInEnglish(org.sonar.plugins.checkstyle.CheckstyleExecutorTest)  Time elapsed: 0.02 sec  <<< ERROR!
java.lang.NoSuchMethodError: org.slf4j.spi.LocationAwareLogger.log(Lorg/slf4j/Marker;Ljava/lang/String;ILjava/lang/String;[Ljava/lang/Object;Ljava/lang/Throwable;)V
	at org.sonar.plugins.checkstyle.CheckstyleExecutorTest.generateXmlReportInEnglish(CheckstyleExecutorTest.java:123)

generateXmlReportNull(org.sonar.plugins.checkstyle.CheckstyleExecutorTest)  Time elapsed: 0.009 sec  <<< ERROR!
java.lang.NoSuchMethodError: org.slf4j.spi.LocationAwareLogger.log(Lorg/slf4j/Marker;Ljava/lang/String;ILjava/lang/String;[Ljava/lang/Object;Ljava/lang/Throwable;)V
	at org.sonar.plugins.checkstyle.CheckstyleExecutorTest.generateXmlReportNull(CheckstyleExecutorTest.java:146)

Running org.sonar.plugins.checkstyle.internal.ChecksTest
Tests run: 1, Failures: 0, Errors: 1, Skipped: 0, Time elapsed: 0.002 sec <<< FAILURE! - in org.sonar.plugins.checkstyle.internal.ChecksTest
verifyTestConfigurationFiles(org.sonar.plugins.checkstyle.internal.ChecksTest)  Time elapsed: 0 sec  <<< ERROR!
java.lang.NoSuchMethodError: org.slf4j.spi.LocationAwareLogger.log(Lorg/slf4j/Marker;Ljava/lang/String;ILjava/lang/String;[Ljava/lang/Object;Ljava/lang/Throwable;)V
	at org.sonar.plugins.checkstyle.internal.ChecksTest.getProperties(ChecksTest.java:457)
	at org.sonar.plugins.checkstyle.internal.ChecksTest.<clinit>(ChecksTest.java:63)


Results :

Failed tests: 
  CheckstyleExecutorTest.executeException 
Expected: (exception with message a string containing "Can not execute Checkstyle" and an instance of java.lang.IllegalStateException)
     got: <java.lang.NoSuchMethodError: org.slf4j.spi.LocationAwareLogger.log(Lorg/slf4j/Marker;Ljava/lang/String;ILjava/lang/String;[Ljava/lang/Object;Ljava/lang/Throwable;)V>

Tests in error: 
  CheckstyleExecutorTest.execute:66 » NoSuchMethod org.slf4j.spi.LocationAwareLo...
  CheckstyleExecutorTest.generateXmlReportInEnglish:123 » NoSuchMethod org.slf4j...
  CheckstyleExecutorTest.generateXmlReportNull:146 » NoSuchMethod org.slf4j.spi....
  ChecksTest.<clinit>:63->getProperties:457 » NoSuchMethod org.slf4j.spi.Locatio...

Tests run: 52, Failures: 1, Errors: 4, Skipped: 0

[ERROR] There are test failures.

Please refer to /tmp/tmpeu4zdz_z/sonar-checkstyle/target/surefire-reports for the individual test results.
[INFO] 
[INFO] --- jacoco-maven-plugin:0.8.5:report (report) @ checkstyle-sonar-plugin ---
[INFO] Loading execution data file /tmp/tmpeu4zdz_z/sonar-checkstyle/target/jacoco.exec
[INFO] Analyzed bundle 'Checkstyle SonarQube Plugin' with 2251 classes
[INFO] ------------------------------------------------------------------------
[INFO] BUILD SUCCESS
[INFO] ------------------------------------------------------------------------
[INFO] Total time:  18.916 s
[INFO] Finished at: 2020-07-30T19:24:06Z
[INFO] ------------------------------------------------------------------------
