[INFO] Error stacktraces are turned on.
[INFO] Scanning for projects...
[INFO] 
[INFO] -------------------< org.craftercms:crafter-engine >--------------------
[INFO] Building Crafter Engine 3.1.7
[INFO] --------------------------------[ war ]---------------------------------
[INFO] 
[INFO] --- buildnumber-maven-plugin:1.2:create (default) @ crafter-engine ---
[INFO] Checking for local modifications: skipped.
[INFO] Updating project files from SCM: skipped.
[INFO] Executing: /bin/sh -c cd /tmp/tmp3x6rams2/engine && git rev-parse --verify HEAD
[INFO] Working directory: /tmp/tmp3x6rams2/engine
[INFO] Storing buildNumber: 89a4156f20200f8295eb98f40507929315885a7e at timestamp: 1596149283906
[INFO] Executing: /bin/sh -c cd /tmp/tmp3x6rams2/engine && git rev-parse --verify HEAD
[INFO] Working directory: /tmp/tmp3x6rams2/engine
[INFO] Storing buildScmBranch: UNKNOWN
[INFO] 
[INFO] --- buildnumber-maven-plugin:1.2:create-timestamp (default) @ crafter-engine ---
[INFO] 
[INFO] --- jacoco-maven-plugin:0.8.5:prepare-agent (default) @ crafter-engine ---
[INFO] argLine set to -javaagent:/home/jdbl/.m2/repository/org/jacoco/org.jacoco.agent/0.8.5/org.jacoco.agent-0.8.5-runtime.jar=destfile=/tmp/tmp3x6rams2/engine/target/jacoco.exec
[INFO] 
[INFO] --- maven-resources-plugin:2.6:resources (default-resources) @ crafter-engine ---
[INFO] Using 'UTF-8' encoding to copy filtered resources.
[INFO] Copying 25 resources
[INFO] 
[INFO] --- maven-compiler-plugin:3.8.1:compile (default-compile) @ crafter-engine ---
[INFO] Changes detected - recompiling the module!
[INFO] Compiling 261 source files to /tmp/tmp3x6rams2/engine/target/classes
Processing annotations
Annotations processed
Processing annotations
No elements to process
[INFO] /tmp/tmp3x6rams2/engine/src/main/java/org/craftercms/engine/util/freemarker/SiteContextHashModel.java: /tmp/tmp3x6rams2/engine/src/main/java/org/craftercms/engine/util/freemarker/SiteContextHashModel.java uses or overrides a deprecated API.
[INFO] /tmp/tmp3x6rams2/engine/src/main/java/org/craftercms/engine/util/freemarker/SiteContextHashModel.java: Recompile with -Xlint:deprecation for details.
[INFO] /tmp/tmp3x6rams2/engine/src/main/java/org/craftercms/engine/servlet/filter/HttpProxyFilter.java: Some input files use unchecked or unsafe operations.
[INFO] /tmp/tmp3x6rams2/engine/src/main/java/org/craftercms/engine/servlet/filter/HttpProxyFilter.java: Recompile with -Xlint:unchecked for details.
[INFO] 
[INFO] --- maven-resources-plugin:2.6:testResources (default-testResources) @ crafter-engine ---
[INFO] Using 'UTF-8' encoding to copy filtered resources.
[INFO] Copying 16 resources
[INFO] 
[INFO] --- maven-compiler-plugin:3.8.1:testCompile (default-testCompile) @ crafter-engine ---
[INFO] Changes detected - recompiling the module!
[INFO] Compiling 32 source files to /tmp/tmp3x6rams2/engine/target/test-classes
[INFO] /tmp/tmp3x6rams2/engine/src/test/java/org/craftercms/engine/navigation/impl/NavBreadcrumbBuilderImplTest.java: Some input files use unchecked or unsafe operations.
[INFO] /tmp/tmp3x6rams2/engine/src/test/java/org/craftercms/engine/navigation/impl/NavBreadcrumbBuilderImplTest.java: Recompile with -Xlint:unchecked for details.
[INFO] 
[INFO] --- maven-surefire-plugin:2.19.1:test (default-test) @ crafter-engine ---
[INFO] Surefire report directory: /tmp/tmp3x6rams2/engine/target/surefire-reports

-------------------------------------------------------
 T E S T S
-------------------------------------------------------
Running org.craftercms.engine.service.context.FolderScanningSiteListResolverTest
INFO : org.craftercms.engine.service.context.FolderScanningSiteListResolver - Sites folder resolved to /tmp/junit4226814824285187350
Tests run: 1, Failures: 0, Errors: 0, Skipped: 0, Time elapsed: 2.747 sec - in org.craftercms.engine.service.context.FolderScanningSiteListResolverTest
Running org.craftercms.engine.controller.RestScriptsControllerTest
ERROR: org.craftercms.engine.controller.rest.RestScriptsController - Error executing REST script at /scripts/testError2.get.groovy
org.craftercms.engine.exception.ScriptException: This is an error test message
	at org.craftercms.engine.scripting.impl.GroovyScript.execute(GroovyScript.java:74) ~[classes/:?]
	at org.craftercms.engine.controller.rest.RestScriptsController.executeScript(RestScriptsController.java:171) [classes/:?]
	at org.craftercms.engine.controller.rest.RestScriptsController.handleRequestInternal(RestScriptsController.java:105) [classes/:?]
	at org.springframework.web.servlet.mvc.AbstractController.handleRequest(AbstractController.java:174) [spring-webmvc-4.3.18.RELEASE.jar:4.3.18.RELEASE]
	at org.craftercms.engine.controller.RestScriptsControllerTest.testError(RestScriptsControllerTest.java:131) [test-classes/:?]
	at org.craftercms.engine.controller.RestScriptsControllerTest.testError2(RestScriptsControllerTest.java:101) [test-classes/:?]
	at sun.reflect.NativeMethodAccessorImpl.invoke0(Native Method) ~[?:1.8.0_262]
	at sun.reflect.NativeMethodAccessorImpl.invoke(NativeMethodAccessorImpl.java:62) ~[?:1.8.0_262]
	at sun.reflect.DelegatingMethodAccessorImpl.invoke(DelegatingMethodAccessorImpl.java:43) ~[?:1.8.0_262]
	at java.lang.reflect.Method.invoke(Method.java:498) ~[?:1.8.0_262]
	at org.junit.runners.model.FrameworkMethod$1.runReflectiveCall(FrameworkMethod.java:50) [junit-4.12.jar:4.12]
	at org.junit.internal.runners.model.ReflectiveCallable.run(ReflectiveCallable.java:12) [junit-4.12.jar:4.12]
	at org.junit.runners.model.FrameworkMethod.invokeExplosively(FrameworkMethod.java:47) [junit-4.12.jar:4.12]
	at org.junit.internal.runners.statements.InvokeMethod.evaluate(InvokeMethod.java:17) [junit-4.12.jar:4.12]
	at org.junit.internal.runners.statements.RunBefores.evaluate(RunBefores.java:26) [junit-4.12.jar:4.12]
	at org.junit.runners.ParentRunner.runLeaf(ParentRunner.java:325) [junit-4.12.jar:4.12]
	at org.junit.runners.BlockJUnit4ClassRunner.runChild(BlockJUnit4ClassRunner.java:78) [junit-4.12.jar:4.12]
	at org.junit.runners.BlockJUnit4ClassRunner.runChild(BlockJUnit4ClassRunner.java:57) [junit-4.12.jar:4.12]
	at org.junit.runners.ParentRunner$3.run(ParentRunner.java:290) [junit-4.12.jar:4.12]
	at org.junit.runners.ParentRunner$1.schedule(ParentRunner.java:71) [junit-4.12.jar:4.12]
	at org.junit.runners.ParentRunner.runChildren(ParentRunner.java:288) [junit-4.12.jar:4.12]
	at org.junit.runners.ParentRunner.access$000(ParentRunner.java:58) [junit-4.12.jar:4.12]
	at org.junit.runners.ParentRunner$2.evaluate(ParentRunner.java:268) [junit-4.12.jar:4.12]
	at org.junit.runners.ParentRunner.run(ParentRunner.java:363) [junit-4.12.jar:4.12]
	at org.apache.maven.surefire.junit4.JUnit4Provider.execute(JUnit4Provider.java:367) [surefire-junit4-2.19.1.jar:2.19.1]
	at org.apache.maven.surefire.junit4.JUnit4Provider.executeWithRerun(JUnit4Provider.java:274) [surefire-junit4-2.19.1.jar:2.19.1]
	at org.apache.maven.surefire.junit4.JUnit4Provider.executeTestSet(JUnit4Provider.java:238) [surefire-junit4-2.19.1.jar:2.19.1]
	at org.apache.maven.surefire.junit4.JUnit4Provider.invoke(JUnit4Provider.java:161) [surefire-junit4-2.19.1.jar:2.19.1]
	at org.apache.maven.surefire.booter.ForkedBooter.invokeProviderInSameClassLoader(ForkedBooter.java:290) [surefire-booter-2.19.1.jar:2.19.1]
	at org.apache.maven.surefire.booter.ForkedBooter.runSuitesInProcess(ForkedBooter.java:242) [surefire-booter-2.19.1.jar:2.19.1]
	at org.apache.maven.surefire.booter.ForkedBooter.main(ForkedBooter.java:121) [surefire-booter-2.19.1.jar:2.19.1]
Caused by: org.craftercms.engine.exception.HttpStatusCodeException: This is an error test message
	at sun.reflect.NativeConstructorAccessorImpl.newInstance0(Native Method) ~[?:1.8.0_262]
	at sun.reflect.NativeConstructorAccessorImpl.newInstance(NativeConstructorAccessorImpl.java:62) ~[?:1.8.0_262]
	at sun.reflect.DelegatingConstructorAccessorImpl.newInstance(DelegatingConstructorAccessorImpl.java:45) ~[?:1.8.0_262]
	at java.lang.reflect.Constructor.newInstance(Constructor.java:423) ~[?:1.8.0_262]
	at org.codehaus.groovy.reflection.CachedConstructor.invoke(CachedConstructor.java:83) ~[groovy-all-2.4.15.jar:2.4.15]
	at org.codehaus.groovy.runtime.callsite.ConstructorSite$ConstructorSiteNoUnwrapNoCoerce.callConstructor(ConstructorSite.java:105) ~[groovy-all-2.4.15.jar:2.4.15]
	at org.codehaus.groovy.runtime.callsite.CallSiteArray.defaultCallConstructor(CallSiteArray.java:59) ~[groovy-all-2.4.15.jar:2.4.15]
	at org.codehaus.groovy.runtime.callsite.AbstractCallSite.callConstructor(AbstractCallSite.java:238) ~[groovy-all-2.4.15.jar:2.4.15]
	at org.codehaus.groovy.runtime.callsite.AbstractCallSite.callConstructor(AbstractCallSite.java:258) ~[groovy-all-2.4.15.jar:2.4.15]
	at testError2_get.run(testError2.get.groovy:19) ~[?:?]
	at org.craftercms.engine.scripting.impl.GroovyScript.execute(GroovyScript.java:72) ~[classes/:?]
	... 30 more
ERROR: org.craftercms.engine.controller.rest.RestScriptsController - Script not found at /scripts/testErrorNotFound.get.groovy
org.craftercms.engine.exception.ScriptNotFoundException: No content found at '/scripts/testErrorNotFound.get.groovy' in content store
	at org.craftercms.engine.scripting.impl.GroovyScriptFactory.lambda$getScript$0(GroovyScriptFactory.java:79) ~[classes/:?]
	at org.craftercms.engine.test.utils.CacheTemplateMockUtils.lambda$setUpWithNoCaching$0(CacheTemplateMockUtils.java:41) ~[test-classes/:?]
	at org.mockito.internal.stubbing.StubbedInvocationMatcher.answer(StubbedInvocationMatcher.java:34) ~[mockito-all-1.9.5.jar:?]
	at org.mockito.internal.handler.MockHandlerImpl.handle(MockHandlerImpl.java:91) ~[mockito-all-1.9.5.jar:?]
	at org.mockito.internal.handler.NullResultGuardian.handle(NullResultGuardian.java:29) ~[mockito-all-1.9.5.jar:?]
	at org.mockito.internal.handler.InvocationNotifierHandler.handle(InvocationNotifierHandler.java:38) ~[mockito-all-1.9.5.jar:?]
	at org.mockito.internal.creation.MethodInterceptorFilter.intercept(MethodInterceptorFilter.java:51) ~[mockito-all-1.9.5.jar:?]
	at org.craftercms.core.util.cache.CacheTemplate$$EnhancerByMockitoWithCGLIB$$b3df7c82.getObject(<generated>) ~[mockito-all-1.9.5.jar:3.1.7]
	at org.craftercms.engine.scripting.impl.GroovyScriptFactory.getScript(GroovyScriptFactory.java:73) ~[classes/:?]
	at org.craftercms.engine.controller.rest.RestScriptsController.executeScript(RestScriptsController.java:171) [classes/:?]
	at org.craftercms.engine.controller.rest.RestScriptsController.handleRequestInternal(RestScriptsController.java:105) [classes/:?]
	at org.springframework.web.servlet.mvc.AbstractController.handleRequest(AbstractController.java:174) [spring-webmvc-4.3.18.RELEASE.jar:4.3.18.RELEASE]
	at org.craftercms.engine.controller.RestScriptsControllerTest.testError(RestScriptsControllerTest.java:131) [test-classes/:?]
	at org.craftercms.engine.controller.RestScriptsControllerTest.testScriptNotFound(RestScriptsControllerTest.java:91) [test-classes/:?]
	at sun.reflect.NativeMethodAccessorImpl.invoke0(Native Method) ~[?:1.8.0_262]
	at sun.reflect.NativeMethodAccessorImpl.invoke(NativeMethodAccessorImpl.java:62) ~[?:1.8.0_262]
	at sun.reflect.DelegatingMethodAccessorImpl.invoke(DelegatingMethodAccessorImpl.java:43) ~[?:1.8.0_262]
	at java.lang.reflect.Method.invoke(Method.java:498) ~[?:1.8.0_262]
	at org.junit.runners.model.FrameworkMethod$1.runReflectiveCall(FrameworkMethod.java:50) [junit-4.12.jar:4.12]
	at org.junit.internal.runners.model.ReflectiveCallable.run(ReflectiveCallable.java:12) [junit-4.12.jar:4.12]
	at org.junit.runners.model.FrameworkMethod.invokeExplosively(FrameworkMethod.java:47) [junit-4.12.jar:4.12]
	at org.junit.internal.runners.statements.InvokeMethod.evaluate(InvokeMethod.java:17) [junit-4.12.jar:4.12]
	at org.junit.internal.runners.statements.RunBefores.evaluate(RunBefores.java:26) [junit-4.12.jar:4.12]
	at org.junit.runners.ParentRunner.runLeaf(ParentRunner.java:325) [junit-4.12.jar:4.12]
	at org.junit.runners.BlockJUnit4ClassRunner.runChild(BlockJUnit4ClassRunner.java:78) [junit-4.12.jar:4.12]
	at org.junit.runners.BlockJUnit4ClassRunner.runChild(BlockJUnit4ClassRunner.java:57) [junit-4.12.jar:4.12]
	at org.junit.runners.ParentRunner$3.run(ParentRunner.java:290) [junit-4.12.jar:4.12]
	at org.junit.runners.ParentRunner$1.schedule(ParentRunner.java:71) [junit-4.12.jar:4.12]
	at org.junit.runners.ParentRunner.runChildren(ParentRunner.java:288) [junit-4.12.jar:4.12]
	at org.junit.runners.ParentRunner.access$000(ParentRunner.java:58) [junit-4.12.jar:4.12]
	at org.junit.runners.ParentRunner$2.evaluate(ParentRunner.java:268) [junit-4.12.jar:4.12]
	at org.junit.runners.ParentRunner.run(ParentRunner.java:363) [junit-4.12.jar:4.12]
	at org.apache.maven.surefire.junit4.JUnit4Provider.execute(JUnit4Provider.java:367) [surefire-junit4-2.19.1.jar:2.19.1]
	at org.apache.maven.surefire.junit4.JUnit4Provider.executeWithRerun(JUnit4Provider.java:274) [surefire-junit4-2.19.1.jar:2.19.1]
	at org.apache.maven.surefire.junit4.JUnit4Provider.executeTestSet(JUnit4Provider.java:238) [surefire-junit4-2.19.1.jar:2.19.1]
	at org.apache.maven.surefire.junit4.JUnit4Provider.invoke(JUnit4Provider.java:161) [surefire-junit4-2.19.1.jar:2.19.1]
	at org.apache.maven.surefire.booter.ForkedBooter.invokeProviderInSameClassLoader(ForkedBooter.java:290) [surefire-booter-2.19.1.jar:2.19.1]
	at org.apache.maven.surefire.booter.ForkedBooter.runSuitesInProcess(ForkedBooter.java:242) [surefire-booter-2.19.1.jar:2.19.1]
	at org.apache.maven.surefire.booter.ForkedBooter.main(ForkedBooter.java:121) [surefire-booter-2.19.1.jar:2.19.1]
Caused by: java.io.FileNotFoundException: No content found at '/scripts/testErrorNotFound.get.groovy' in content store
	at org.craftercms.engine.util.url.ContentStoreUrlStreamHandler.openConnection(ContentStoreUrlStreamHandler.java:61) ~[classes/:?]
	at java.net.URL.openConnection(URL.java:1002) ~[?:1.8.0_262]
	at org.craftercms.engine.util.groovy.ContentStoreResourceConnector.getResourceConnection(ContentStoreResourceConnector.java:43) ~[classes/:?]
	at groovy.util.GroovyScriptEngine.loadScriptByName(GroovyScriptEngine.java:552) ~[groovy-all-2.4.15.jar:2.4.15]
	at org.craftercms.engine.scripting.impl.GroovyScriptFactory.lambda$getScript$0(GroovyScriptFactory.java:75) ~[classes/:?]
	... 38 more
Tests run: 5, Failures: 0, Errors: 0, Skipped: 0, Time elapsed: 1.864 sec - in org.craftercms.engine.controller.RestScriptsControllerTest
Running org.craftercms.engine.navigation.impl.ToCurrentTargetedVersionItemProcessorTest
Tests run: 1, Failures: 0, Errors: 0, Skipped: 0, Time elapsed: 0.036 sec - in org.craftercms.engine.navigation.impl.ToCurrentTargetedVersionItemProcessorTest
Running org.craftercms.engine.navigation.impl.NavTreeBuilderImplTest
Tests run: 1, Failures: 0, Errors: 0, Skipped: 0, Time elapsed: 0.016 sec - in org.craftercms.engine.navigation.impl.NavTreeBuilderImplTest
Running org.craftercms.engine.navigation.impl.RejectIndexFilesItemFilterTest
Tests run: 1, Failures: 0, Errors: 0, Skipped: 0, Time elapsed: 0.008 sec - in org.craftercms.engine.navigation.impl.RejectIndexFilesItemFilterTest
Running org.craftercms.engine.navigation.impl.FolderToIndexItemProcessorTest
Tests run: 1, Failures: 0, Errors: 0, Skipped: 0, Time elapsed: 0.016 sec - in org.craftercms.engine.navigation.impl.FolderToIndexItemProcessorTest
Running org.craftercms.engine.navigation.impl.NavBreadcrumbBuilderImplTest
Tests run: 1, Failures: 0, Errors: 0, Skipped: 0, Time elapsed: 0 sec - in org.craftercms.engine.navigation.impl.NavBreadcrumbBuilderImplTest
Running org.craftercms.engine.security.ConfigAwareAccessTokenIdResolverTest
INFO : org.apache.commons.beanutils.FluentPropertyBeanIntrospector - Error when creating PropertyDescriptor for public final void org.apache.commons.configuration2.AbstractConfiguration.setProperty(java.lang.String,java.lang.Object)! Ignoring this property.
Tests run: 2, Failures: 0, Errors: 0, Skipped: 0, Time elapsed: 0.301 sec - in org.craftercms.engine.security.ConfigAwareAccessTokenIdResolverTest
Running org.craftercms.engine.util.spring.security.ConfigAwareAccessDeniedHandlerTest
Tests run: 1, Failures: 0, Errors: 0, Skipped: 0, Time elapsed: 0.015 sec - in org.craftercms.engine.util.spring.security.ConfigAwareAccessDeniedHandlerTest
Running org.craftercms.engine.util.spring.security.ConfigAwareAuthenticationSuccessHandlerTest
Tests run: 1, Failures: 0, Errors: 0, Skipped: 0, Time elapsed: 0.05 sec - in org.craftercms.engine.util.spring.security.ConfigAwareAuthenticationSuccessHandlerTest
Running org.craftercms.engine.util.spring.security.ConfigAwareSecurityMetadataSourceTest
Tests run: 1, Failures: 0, Errors: 0, Skipped: 0, Time elapsed: 0.118 sec - in org.craftercms.engine.util.spring.security.ConfigAwareSecurityMetadataSourceTest
Running org.craftercms.engine.util.spring.security.ConfigAwareLoginUrlAuthenticationEntryPointTest
Tests run: 1, Failures: 0, Errors: 0, Skipped: 0, Time elapsed: 0.019 sec - in org.craftercms.engine.util.spring.security.ConfigAwareLoginUrlAuthenticationEntryPointTest
Running org.craftercms.engine.util.spring.security.ConfigAwareAuthenticationFailureHandlerTest
Tests run: 1, Failures: 0, Errors: 0, Skipped: 0, Time elapsed: 0.016 sec - in org.craftercms.engine.util.spring.security.ConfigAwareAuthenticationFailureHandlerTest
Running org.craftercms.engine.util.spring.security.ConfigAwareLogoutSuccessHandlerTest
Tests run: 1, Failures: 0, Errors: 0, Skipped: 0, Time elapsed: 0.015 sec - in org.craftercms.engine.util.spring.security.ConfigAwareLogoutSuccessHandlerTest
Running org.craftercms.engine.util.spring.social.ConfigAwareConnectionFactoryLocatorTest
Tests run: 2, Failures: 0, Errors: 0, Skipped: 0, Time elapsed: 0.057 sec - in org.craftercms.engine.util.spring.social.ConfigAwareConnectionFactoryLocatorTest
Running org.craftercms.engine.util.groovy.Dom4jExtensionTest
Tests run: 1, Failures: 0, Errors: 0, Skipped: 0, Time elapsed: 0.204 sec - in org.craftercms.engine.util.groovy.Dom4jExtensionTest
Running org.craftercms.engine.url.ToTargetedUrlTransformerTest
Tests run: 1, Failures: 0, Errors: 0, Skipped: 0, Time elapsed: 0.024 sec - in org.craftercms.engine.url.ToTargetedUrlTransformerTest
Running org.craftercms.engine.scripting.impl.GroovyScriptFactoryTest
INFO : org.springframework.beans.factory.xml.XmlBeanDefinitionReader - Loading XML bean definitions from class path resource [config/application-context.xml]
INFO : org.springframework.context.support.GenericApplicationContext - Refreshing org.springframework.context.support.GenericApplicationContext@523d07cc: startup date [Thu Jul 30 22:48:23 UTC 2020]; root of context hierarchy
INFO : org.springframework.context.support.GenericApplicationContext - Closing org.springframework.context.support.GenericApplicationContext@523d07cc: startup date [Thu Jul 30 22:48:23 UTC 2020]; root of context hierarchy
Tests run: 1, Failures: 0, Errors: 0, Skipped: 0, Time elapsed: 0.997 sec - in org.craftercms.engine.scripting.impl.GroovyScriptFactoryTest
Running org.craftercms.engine.scripting.impl.FolderBasedScriptJobResolverTest
Tests run: 1, Failures: 0, Errors: 0, Skipped: 0, Time elapsed: 0.032 sec - in org.craftercms.engine.scripting.impl.FolderBasedScriptJobResolverTest
Running org.craftercms.engine.scripting.impl.SiteItemScriptResolverImplTest
ERROR: org.craftercms.engine.scripting.impl.SiteItemScriptResolverImpl - Error retrieving script for content type '/page/mypage3' at /scripts/pages/mypage3.groovy
org.craftercms.core.exception.CrafterException: null
	at org.craftercms.engine.scripting.impl.SiteItemScriptResolverImpl.getScriptUrls(SiteItemScriptResolverImpl.java:88) [classes/:?]
	at org.craftercms.engine.scripting.impl.SiteItemScriptResolverImplTest.testGetScriptUrlError(SiteItemScriptResolverImplTest.java:97) [test-classes/:?]
	at sun.reflect.NativeMethodAccessorImpl.invoke0(Native Method) ~[?:1.8.0_262]
	at sun.reflect.NativeMethodAccessorImpl.invoke(NativeMethodAccessorImpl.java:62) ~[?:1.8.0_262]
	at sun.reflect.DelegatingMethodAccessorImpl.invoke(DelegatingMethodAccessorImpl.java:43) ~[?:1.8.0_262]
	at java.lang.reflect.Method.invoke(Method.java:498) ~[?:1.8.0_262]
	at org.junit.runners.model.FrameworkMethod$1.runReflectiveCall(FrameworkMethod.java:50) [junit-4.12.jar:4.12]
	at org.junit.internal.runners.model.ReflectiveCallable.run(ReflectiveCallable.java:12) [junit-4.12.jar:4.12]
	at org.junit.runners.model.FrameworkMethod.invokeExplosively(FrameworkMethod.java:47) [junit-4.12.jar:4.12]
	at org.junit.internal.runners.statements.InvokeMethod.evaluate(InvokeMethod.java:17) [junit-4.12.jar:4.12]
	at org.junit.internal.runners.statements.RunBefores.evaluate(RunBefores.java:26) [junit-4.12.jar:4.12]
	at org.junit.internal.runners.statements.RunAfters.evaluate(RunAfters.java:27) [junit-4.12.jar:4.12]
	at org.junit.runners.ParentRunner.runLeaf(ParentRunner.java:325) [junit-4.12.jar:4.12]
	at org.junit.runners.BlockJUnit4ClassRunner.runChild(BlockJUnit4ClassRunner.java:78) [junit-4.12.jar:4.12]
	at org.junit.runners.BlockJUnit4ClassRunner.runChild(BlockJUnit4ClassRunner.java:57) [junit-4.12.jar:4.12]
	at org.junit.runners.ParentRunner$3.run(ParentRunner.java:290) [junit-4.12.jar:4.12]
	at org.junit.runners.ParentRunner$1.schedule(ParentRunner.java:71) [junit-4.12.jar:4.12]
	at org.junit.runners.ParentRunner.runChildren(ParentRunner.java:288) [junit-4.12.jar:4.12]
	at org.junit.runners.ParentRunner.access$000(ParentRunner.java:58) [junit-4.12.jar:4.12]
	at org.junit.runners.ParentRunner$2.evaluate(ParentRunner.java:268) [junit-4.12.jar:4.12]
	at org.junit.runners.ParentRunner.run(ParentRunner.java:363) [junit-4.12.jar:4.12]
	at org.apache.maven.surefire.junit4.JUnit4Provider.execute(JUnit4Provider.java:367) [surefire-junit4-2.19.1.jar:2.19.1]
	at org.apache.maven.surefire.junit4.JUnit4Provider.executeWithRerun(JUnit4Provider.java:274) [surefire-junit4-2.19.1.jar:2.19.1]
	at org.apache.maven.surefire.junit4.JUnit4Provider.executeTestSet(JUnit4Provider.java:238) [surefire-junit4-2.19.1.jar:2.19.1]
	at org.apache.maven.surefire.junit4.JUnit4Provider.invoke(JUnit4Provider.java:161) [surefire-junit4-2.19.1.jar:2.19.1]
	at org.apache.maven.surefire.booter.ForkedBooter.invokeProviderInSameClassLoader(ForkedBooter.java:290) [surefire-booter-2.19.1.jar:2.19.1]
	at org.apache.maven.surefire.booter.ForkedBooter.runSuitesInProcess(ForkedBooter.java:242) [surefire-booter-2.19.1.jar:2.19.1]
	at org.apache.maven.surefire.booter.ForkedBooter.main(ForkedBooter.java:121) [surefire-booter-2.19.1.jar:2.19.1]
Tests run: 3, Failures: 0, Errors: 0, Skipped: 0, Time elapsed: 0.014 sec - in org.craftercms.engine.scripting.impl.SiteItemScriptResolverImplTest
Running org.craftercms.engine.scripting.impl.ScriptFilterTest
Tests run: 2, Failures: 0, Errors: 0, Skipped: 0, Time elapsed: 0.171 sec - in org.craftercms.engine.scripting.impl.ScriptFilterTest
Running org.craftercms.engine.scripting.impl.ConfigurationScriptJobResolverTest
Tests run: 1, Failures: 0, Errors: 0, Skipped: 0, Time elapsed: 0.014 sec - in org.craftercms.engine.scripting.impl.ConfigurationScriptJobResolverTest
Running org.craftercms.engine.targeting.impl.TargetedUrlByFolderStrategyTest
Tests run: 4, Failures: 0, Errors: 0, Skipped: 0, Time elapsed: 0.004 sec - in org.craftercms.engine.targeting.impl.TargetedUrlByFolderStrategyTest
Running org.craftercms.engine.targeting.impl.CandidateTargetIdsResolverImplTest
Tests run: 1, Failures: 0, Errors: 0, Skipped: 0, Time elapsed: 0.001 sec - in org.craftercms.engine.targeting.impl.CandidateTargetIdsResolverImplTest
Running org.craftercms.engine.targeting.impl.TargetedUrlByFileStrategyTest
Tests run: 4, Failures: 0, Errors: 0, Skipped: 0, Time elapsed: 0.007 sec - in org.craftercms.engine.targeting.impl.TargetedUrlByFileStrategyTest
Running org.craftercms.engine.targeting.impl.CandidateTargetedUrlsResolverImplTest
Tests run: 1, Failures: 0, Errors: 0, Skipped: 0, Time elapsed: 0.002 sec - in org.craftercms.engine.targeting.impl.CandidateTargetedUrlsResolverImplTest
Running org.craftercms.engine.targeting.impl.merge.TargetedContentDescriptorMergeStrategyTest
Tests run: 1, Failures: 0, Errors: 0, Skipped: 0, Time elapsed: 0.008 sec - in org.craftercms.engine.targeting.impl.merge.TargetedContentDescriptorMergeStrategyTest
Running org.craftercms.engine.targeting.impl.TargetedContentStoreAdapterDecoratorTest
Tests run: 4, Failures: 0, Errors: 0, Skipped: 0, Time elapsed: 0.059 sec - in org.craftercms.engine.targeting.impl.TargetedContentStoreAdapterDecoratorTest

Results :

Tests run: 46, Failures: 0, Errors: 0, Skipped: 0

[INFO] 
[INFO] --- jacoco-maven-plugin:0.8.5:report (report) @ crafter-engine ---
[INFO] Loading execution data file /tmp/tmp3x6rams2/engine/target/jacoco.exec
[INFO] Analyzed bundle 'Crafter Engine' with 481 classes
[INFO] ------------------------------------------------------------------------
[INFO] BUILD SUCCESS
[INFO] ------------------------------------------------------------------------
[INFO] Total time:  02:25 min
[INFO] Finished at: 2020-07-30T22:48:26Z
[INFO] ------------------------------------------------------------------------
