[INFO] Error stacktraces are turned on.
[INFO] Scanning for projects...
[INFO] Inspecting build with total of 1 modules...
[INFO] Installing Nexus Staging features:
[INFO]   ... total of 1 executions of maven-deploy-plugin replaced with nexus-staging-maven-plugin
[INFO] 
[INFO] -----------------< com.ibm.jsonata4java:JSONata4Java >------------------
[INFO] Building JSONata4Java 1.4.7
[INFO] --------------------------------[ jar ]---------------------------------
[INFO] 
[INFO] --- jacoco-maven-plugin:0.8.5:prepare-agent (default) @ JSONata4Java ---
[INFO] argLine set to -javaagent:/home/jdbl/.m2/repository/org/jacoco/org.jacoco.agent/0.8.5/org.jacoco.agent-0.8.5-runtime.jar=destfile=/tmp/tmpqiq5tg9a/JSONata4Java/target/jacoco.exec
[INFO] 
[INFO] --- antlr4-maven-plugin:4.8-1:antlr4 (default) @ JSONata4Java ---
[INFO] ANTLR 4: Processing source directory /tmp/tmpqiq5tg9a/JSONata4Java/src/main/antlr4
[INFO] Processing grammar: com/api/jsonata4java/expressions/path/generated/PathExpressionLexer.g4
[WARNING] warning(180): com/api/jsonata4java/expressions/path/generated/PathExpressionLexer.g4:63:27: chars '\'' used multiple times in set ['`']
[WARNING] /tmp/tmpqiq5tg9a/JSONata4Java/com/api/jsonata4java/expressions/path/generated/PathExpressionLexer.g4 [63:27]: chars '\'' used multiple times in set ['`']
[INFO] Processing grammar: com/api/jsonata4java/expressions/path/generated/PathExpressionParser.g4
[INFO] Processing grammar: com/api/jsonata4java/expressions/generated/MappingExpression.g4
[INFO] 
[INFO] --- maven-resources-plugin:2.6:resources (default-resources) @ JSONata4Java ---
[INFO] Using 'UTF-8' encoding to copy filtered resources.
[INFO] skip non existing resourceDirectory /tmp/tmpqiq5tg9a/JSONata4Java/src/main/resources
[INFO] Copying 2 resources
[INFO] 
[INFO] --- download-maven-plugin:1.4.0:wget (install-jsonata) @ JSONata4Java ---
[INFO] 
[INFO] --- maven-compiler-plugin:3.7.0:compile (default-compile) @ JSONata4Java ---
[INFO] Changes detected - recompiling the module!
[INFO] Compiling 102 source files to /tmp/tmpqiq5tg9a/JSONata4Java/target/classes
[INFO] /tmp/tmpqiq5tg9a/JSONata4Java/src/main/java/com/api/jsonata4java/expressions/path/PathExpression.java: Some input files use or override a deprecated API.
[INFO] /tmp/tmpqiq5tg9a/JSONata4Java/src/main/java/com/api/jsonata4java/expressions/path/PathExpression.java: Recompile with -Xlint:deprecation for details.
[INFO] /tmp/tmpqiq5tg9a/JSONata4Java/src/main/java/com/api/jsonata4java/expressions/ExpressionsVisitor.java: /tmp/tmpqiq5tg9a/JSONata4Java/src/main/java/com/api/jsonata4java/expressions/ExpressionsVisitor.java uses unchecked or unsafe operations.
[INFO] /tmp/tmpqiq5tg9a/JSONata4Java/src/main/java/com/api/jsonata4java/expressions/ExpressionsVisitor.java: Recompile with -Xlint:unchecked for details.
[INFO] 
[INFO] --- maven-resources-plugin:2.6:testResources (default-testResources) @ JSONata4Java ---
[INFO] Using 'UTF-8' encoding to copy filtered resources.
[INFO] Copying 1 resource
[INFO] 
[INFO] --- maven-compiler-plugin:3.7.0:testCompile (default-testCompile) @ JSONata4Java ---
[INFO] Changes detected - recompiling the module!
[INFO] Compiling 51 source files to /tmp/tmpqiq5tg9a/JSONata4Java/target/test-classes
[INFO] /tmp/tmpqiq5tg9a/JSONata4Java/src/test/java/com/api/jsonata4java/test/expressions/agnostic/AgnosticTestSuite.java: /tmp/tmpqiq5tg9a/JSONata4Java/src/test/java/com/api/jsonata4java/test/expressions/agnostic/AgnosticTestSuite.java uses or overrides a deprecated API.
[INFO] /tmp/tmpqiq5tg9a/JSONata4Java/src/test/java/com/api/jsonata4java/test/expressions/agnostic/AgnosticTestSuite.java: Recompile with -Xlint:deprecation for details.
[INFO] 
[INFO] --- maven-surefire-plugin:2.19.1:test (default-test) @ JSONata4Java ---
[INFO] Surefire report directory: /tmp/tmpqiq5tg9a/JSONata4Java/target/surefire-reports

-------------------------------------------------------
 T E S T S
-------------------------------------------------------
Running com.api.jsonata4java.test.expressions.agnostic.AgnosticTestSuite
----------
- Loading datasets
----------
Read 27 datasets from ./target/jsonata/jsonata-1.8.3/test/test-suite/datasets
----------

----------
- Loading groups
----------
Read 99 groups from ./target/jsonata/jsonata-1.8.3/test/test-suite/groups
----------

* $abs() got exception with message Context value is not a compatible type with argument 1 of function "$abs"
* $abs({}) got exception with message Argument 1 of function $abs does not match function signature
* $abs([]) got exception with message Argument 1 of function $abs does not match function signature
* $abs('1') got exception with message Argument 1 of function $abs does not match function signature
* $abs(true) got exception with message Argument 1 of function $abs does not match function signature
* $abs(null) got exception with message Argument 1 of function $abs does not match function signature
* $abs(a.b.c) returned null
* $abs(1) returned 1
* $abs(-1) returned 1
* $abs(2147483647) returned 2147483647
* $abs(-2147483640) returned 2147483640
* $abs(21474836471234) returned 21474836471234
* $abs(-21474836471234) returned 21474836471234
* $abs(1.0) returned 1
* $abs(-1.0) returned 1
* $abs(1.23456) returned 1.23456
* $abs(-1.23456) returned 1.23456
* $abs(1.234567890123) returned 1.234567890123
* $abs(-1.234567890123) returned 1.234567890123
* $abs(10/3.0) returned 3.3333333333333335
* $abs(-10/3.0) returned 3.3333333333333335
* $abs(9223372036854775807) returned 9223372036854775807
* $abs(-9223372036854775808) returned 9223372036854775807
* $abs(9223372036854775809) returned 9223372036854775807
* $abs(-9223372036854775809) returned 9223372036854775807
* $abs(9223372036854775899.5) returned 9223372036854775807
* $abs(-9223372036854775899.5) returned 9223372036854775807
* $abs(9223372036854775809123456789) returned 9.223372036854776E27
* $abs(-9223372036854775809123456789) returned 9.223372036854776E27
* $abs(9223372036854775809123456789.5) returned 9.223372036854776E27
* $abs(-9223372036854775809123456789.5) returned 9.223372036854776E27
* $abs(1234567890123456789012345678901234567890123456789012345678901234567890123456789012345678901234567890123456789012345678901234567890123456789012345678901234567890123456789012345678901234567890123456789012345678901234567890123456789012345678901234567890123456789012345678901234567890123456789012345678901234567890123456789012345678901234567890123456789012345678901234567890123456789012345678901234567890) got exception with message Number out of range: "1234567890123456789012345678901234567890123456789012345678901234567890123456789012345678901234567890123456789012345678901234567890123456789012345678901234567890123456789012345678901234567890123456789012345678901234567890123456789012345678901234567890123456789012345678901234567890123456789012345678901234567890123456789012345678901234567890123456789012345678901234567890123456789012345678901234567890"
* {}~>$abs() got exception with message Argument 1 of function $abs does not match function signature
* []~>$abs() got exception with message Argument 1 of function $abs does not match function signature
* '1'~>$abs() got exception with message Argument 1 of function $abs does not match function signature
* true~>$abs() got exception with message Argument 1 of function $abs does not match function signature
* null~>$abs() got exception with message Argument 1 of function $abs does not match function signature
* a.b.c~>$abs() returned null
* 1~>$abs() returned 1
* -1~>$abs() returned 1
* 2147483647~>$abs() returned 2147483647
* -2147483640~>$abs() returned 2147483640
* 21474836471234~>$abs() returned 21474836471234
* -21474836471234~>$abs() returned 21474836471234
* 1.0~>$abs() returned 1
* -1.0~>$abs() returned 1
* 1.23456~>$abs() returned 1.23456
* -1.23456~>$abs() returned 1.23456
* 1.234567890123~>$abs() returned 1.234567890123
* -1.234567890123~>$abs() returned 1.234567890123
* 10/3.0~>$abs() returned 3.3333333333333335
* -10/3.0~>$abs() returned 3.3333333333333335
* 9223372036854775807~>$abs() returned 9223372036854775807
* -9223372036854775808~>$abs() returned 9223372036854775807
* 9223372036854775809~>$abs() returned 9223372036854775807
* -9223372036854775809~>$abs() returned 9223372036854775807
* 9223372036854775899.5~>$abs() returned 9223372036854775807
* -9223372036854775899.5~>$abs() returned 9223372036854775807
* 9223372036854775809123456789~>$abs() returned 9.223372036854776E27
* -9223372036854775809123456789~>$abs() returned 9.223372036854776E27
* 9223372036854775809123456789.5~>$abs() returned 9.223372036854776E27
* -9223372036854775809123456789.5~>$abs() returned 9.223372036854776E27
* $base64decode() got exception with message Context value is not a compatible type with argument 1 of function "$base64decode"
* $base64decode({}) got exception with message Argument 1 of function $base64decode does not match function signature
* $base64decode([]) got exception with message Argument 1 of function $base64decode does not match function signature
* $base64decode({"hello": 1}) got exception with message Argument 1 of function $base64decode does not match function signature
* $base64decode(["hello", 1]) got exception with message Argument 1 of function $base64decode does not match function signature
* $base64decode(1) got exception with message Argument 1 of function $base64decode does not match function signature
* $base64decode(-22.2) got exception with message Argument 1 of function $base64decode does not match function signature
* $base64decode(10/3.0) got exception with message Argument 1 of function $base64decode does not match function signature
* $base64decode(null) got exception with message Argument 1 of function $base64decode does not match function signature
* $base64decode('', '') got exception with message Argument 2 of function $base64decode does not match function signature
* $base64decode(a.b.c) returned null
* $base64decode('SGVsbG8gV29ybGQ=') returned "Hello World"
* $base64decode('bXl1c2VyOm15cGFzcw==') returned "myuser:mypass"
* $base64encode() got exception with message Context value is not a compatible type with argument 1 of function "$base64encode"
* $base64encode({}) got exception with message Argument 1 of function $base64encode does not match function signature
* $base64encode([]) got exception with message Argument 1 of function $base64encode does not match function signature
* $base64encode({"hello": 1}) got exception with message Argument 1 of function $base64encode does not match function signature
* $base64encode(["hello", 1]) got exception with message Argument 1 of function $base64encode does not match function signature
* $base64encode(1) got exception with message Argument 1 of function $base64encode does not match function signature
* $base64encode(-22.2) got exception with message Argument 1 of function $base64encode does not match function signature
* $base64encode(10/3.0) got exception with message Argument 1 of function $base64encode does not match function signature
* $base64encode(null) got exception with message Argument 1 of function $base64encode does not match function signature
* $base64encode('', '') got exception with message Argument 2 of function $base64encode does not match function signature
* $base64encode(a.b.c) returned null
* $base64encode('Hello World') returned "SGVsbG8gV29ybGQ="
* $base64encode('myuser:mypass') returned "bXl1c2VyOm15cGFzcw=="
* $boolean() returned null
* $boolean(true, false) got exception with message Argument 2 of function $boolean does not match function signature
* $boolean(a.b.c) returned null
* $boolean(true) returned true
* $boolean(false) returned false
* $boolean('') returned false
* $boolean('a') returned true
* $boolean('false') returned true
* $boolean('true') returned true
* $boolean(0) returned false
* $boolean(1) returned true
* $boolean(1.0) returned true
* $boolean(-1) returned true
* $boolean(-1.0) returned true
* $boolean(2) returned true
* $boolean(2.0) returned true
* $boolean(-2) returned true
* $boolean(-2.0) returned true
* $boolean(null) returned false
* $boolean([]) returned false
* $boolean([0]) returned false
* $boolean([1]) returned true
* $boolean([false, '', false, [], [0], null]) returned false
* $boolean([true, 1, 'a', [1]]) returned true
* $boolean([false, '', false, [], [0], true, null]) returned true
* $boolean([false, '', false, [], [1], null]) returned true
* $boolean({}) returned false
* $boolean({'hello':true}) returned true
* $boolean({'0':false}) returned true
* $boolean([9223372036854775807]) returned true
* $boolean([-9223372036854775808]) returned true
* $boolean([9223372036854775809]) returned true
* $boolean([9223372036854775899.5]) returned true
* $boolean(1234567890123456789012345678901234567890123456789012345678901234567890123456789012345678901234567890123456789012345678901234567890123456789012345678901234567890123456789012345678901234567890123456789012345678901234567890123456789012345678901234567890123456789012345678901234567890123456789012345678901234567890123456789012345678901234567890123456789012345678901234567890123456789012345678901234567890) got exception with message Number out of range: "1234567890123456789012345678901234567890123456789012345678901234567890123456789012345678901234567890123456789012345678901234567890123456789012345678901234567890123456789012345678901234567890123456789012345678901234567890123456789012345678901234567890123456789012345678901234567890123456789012345678901234567890123456789012345678901234567890123456789012345678901234567890123456789012345678901234567890"
* a.b.c~>$boolean() returned null
* true~>$boolean() returned true
* false~>$boolean() returned false
* ''~>$boolean() returned false
* 'a'~>$boolean(      ) returned true
* 'false'~>$boolean() returned true
* 'true'~>$boolean() returned true
* 0~>$boolean() returned false
* 1~>$boolean() returned true
* 1.0~>$boolean() returned true
* -1~>$boolean() returned true
* -1.0~>$boolean() returned true
* 2~>$boolean() returned true
* 2.0~>$boolean() returned true
* -2~>$boolean() returned true
* -2.0~>$boolean() returned true
* null~>$boolean() returned false
* []~>$boolean() returned false
* [0]~>$boolean() returned false
* [1]~>$boolean() returned true
* [false, '', false, [], [0], null]~>$boolean() returned false
* [true, 1, 'a', [1]]~>$boolean() returned true
* [false, '', false, [], [0], true, null]~>$boolean() returned true
* [false, '', false, [], [1], null]~>$boolean() returned true
* {}~>$boolean() returned false
* {'hello':true}~>$boolean() returned true
* {'0':false}~>$boolean(      ) returned true
* [9223372036854775807]~>$boolean(      ) returned true
* [-9223372036854775808]~>$boolean(      ) returned true
* [9223372036854775809]~>$boolean(      ) returned true
* [9223372036854775899.5]~>$boolean(      ) returned true
* $ceil() returned null
* $ceil({}) got exception with message Argument 1 of function $ceil does not match function signature
* $ceil([]) got exception with message Argument 1 of function $ceil does not match function signature
* $ceil('1') got exception with message Argument 1 of function $ceil does not match function signature
* $ceil(true) got exception with message Argument 1 of function $ceil does not match function signature
* $ceil(null) got exception with message Argument 1 of function $ceil does not match function signature
* $ceil(a.b.c) returned null
* a.b.c~>$ceil() returned null
* $ceil(1) returned 1
* $ceil(-1) returned -1
* $ceil(2147483647) returned 2147483647
* $ceil(-2147483640) returned -2147483640
* $ceil(21474836471234) returned 21474836471234
* $ceil(-21474836471234) returned -21474836471234
* $ceil(0) returned 0
* $ceil(0.0) returned 0
* $ceil(1.0) returned 1
* $ceil(-1.0) returned -1
* $ceil(1.23456) returned 2
* $ceil(-1.23456) returned -1
* $ceil(1.234567890123) returned 2
* $ceil(-1.234567890123) returned -1
* $ceil(10/3.0) returned 4
* $ceil(-10/3.0) returned -3
* $ceil(9223372036854775807) returned 9223372036854775807
* $ceil(-9223372036854775808) returned -9223372036854775808
* $ceil(9223372036854775809) returned 9223372036854775807
* $ceil(9223372036854775899.5) returned 9223372036854775807
* $ceil(9223372036854775809123456789) returned 9223372036854775807
* $ceil(-9223372036854775809123456789) returned -9223372036854775808
* $ceil(-9223372036854775899.5) returned -9223372036854775808
* $ceil(9223372036854775809123456789.5) returned 9223372036854775807
* $ceil(-9223372036854775809123456789.5) returned -9223372036854775808
* $ceil(1234567890123456789012.5) returned 9223372036854775807
* $ceil(1,2) got exception with message Argument 2 of function $ceil does not match function signature
* $ceil(1234567890123456789012345678901234567890123456789012345678901234567890123456789012345678901234567890123456789012345678901234567890123456789012345678901234567890123456789012345678901234567890123456789012345678901234567890123456789012345678901234567890123456789012345678901234567890123456789012345678901234567890123456789012345678901234567890123456789012345678901234567890123456789012345678901234567890.5) got exception with message Number out of range: "1234567890123456789012345678901234567890123456789012345678901234567890123456789012345678901234567890123456789012345678901234567890123456789012345678901234567890123456789012345678901234567890123456789012345678901234567890123456789012345678901234567890123456789012345678901234567890123456789012345678901234567890123456789012345678901234567890123456789012345678901234567890123456789012345678901234567890.5"
* $contains() got exception with message Context value is not a compatible type with argument 1 of function "$contains"
* $contains(a.b.c) got exception with message Context value is not a compatible type with argument 1 of function "$contains"
* $contains(a.b.c,"a") returned null
* $contains({}) got exception with message Context value is not a compatible type with argument 1 of function "$contains"
* $contains({}, ' ') got exception with message Argument 1 of function $contains does not match function signature
* $contains(' ', {}) got exception with message Argument 2 of function $contains does not match function signature
* $contains([]) got exception with message Context value is not a compatible type with argument 1 of function "$contains"
* $contains([], ' ') got exception with message Argument 1 of function $contains does not match function signature
* $contains(' ', []) got exception with message Argument 2 of function $contains does not match function signature
* $contains({"hello": 1}) got exception with message Context value is not a compatible type with argument 1 of function "$contains"
* $contains({"hello": 1}, ' ') got exception with message Argument 1 of function $contains does not match function signature
* $contains(' ', {"hello": 1}) got exception with message Argument 2 of function $contains does not match function signature
* $contains(["hello", 1]) got exception with message Context value is not a compatible type with argument 1 of function "$contains"
* $contains(["hello", 1], ' ') got exception with message Argument 1 of function $contains does not match function signature
* $contains(' ', ["hello", 1]) got exception with message Argument 2 of function $contains does not match function signature
* $contains(true) got exception with message Context value is not a compatible type with argument 1 of function "$contains"
* $contains(true, ' ') got exception with message Argument 1 of function $contains does not match function signature
* $contains(' ', true) got exception with message Argument 2 of function $contains does not match function signature
* $contains(null) got exception with message Context value is not a compatible type with argument 1 of function "$contains"
* $contains(null, ' ') got exception with message Argument 1 of function $contains does not match function signature
* $contains(' ', null) got exception with message Argument 2 of function $contains does not match function signature
* $contains(1) got exception with message Context value is not a compatible type with argument 1 of function "$contains"
* $contains(1, ' ') got exception with message Argument 1 of function $contains does not match function signature
* $contains(' ', 1) got exception with message Argument 2 of function $contains does not match function signature
* $contains(-1) got exception with message Context value is not a compatible type with argument 1 of function "$contains"
* $contains(-1, ' ') got exception with message Argument 1 of function $contains does not match function signature
* $contains(' ', -1) got exception with message Argument 2 of function $contains does not match function signature
* $contains(10/3.0) got exception with message Context value is not a compatible type with argument 1 of function "$contains"
* $contains(10/3.0, ' ') got exception with message Argument 1 of function $contains does not match function signature
* $contains(' ',  10/3.0) got exception with message Argument 2 of function $contains does not match function signature
* $contains(null) got exception with message Context value is not a compatible type with argument 1 of function "$contains"
* $contains(null, ' ') got exception with message Argument 1 of function $contains does not match function signature
* $contains(' ', null) got exception with message Argument 2 of function $contains does not match function signature
* $contains(a.b.c) got exception with message Context value is not a compatible type with argument 1 of function "$contains"
* $contains(' ', a.b.c) got exception with message Argument 2 of function $contains does not match function signature
* $contains(a.b.c, ' ') returned null
* $contains('',  ' ') returned false
* $contains('abracadabra',  ' ') returned false
* $contains('abracadabra', 'bra') returned true
* $count(null) returned 1
* $count([]) returned 0
* $count([1,2,3]) returned 3
* $count({"a":{"b":1}}.a.b) returned 1
* $count() got exception with message Context value is not a compatible type with argument 1 of function "$count"
* $count([], []) got exception with message Argument 2 of function $count does not match function signature
* [] returned []
* [0,1,2,3] returned [0,1,2,3]
* ["a", "b", "c"] returned ["a","b","c"]
* [1,"a", true, false, 1.1, {}, []] returned [1,"a",true,false,1.1,{},[]]
* [1..2] returned [1,2]
* [2..1] returned []
* [-2..2] returned [-2,-1,0,1,2]
* [1+1,2*2] returned [2,4]
* [1.0..2.0] returned [1,2]
* [1..2, 5..7] returned [1,2,5,6,7]
* [1..2, 3, 2+2] returned [1,2,3,4]
* [1..2.0, 5.0..7] returned [1,2,5,6,7]
* [1+1..2*2] returned [2,3,4]
* [1..xxx] returned []
* [xxx..2] returned []
* [xxx..xxx] returned []
* [xxx..xxx, 3..4] returned [3,4]
* ["hello"..2] got exception with message The left side of the range operator (..) must evaluate to an integer
* [true..2] got exception with message The left side of the range operator (..) must evaluate to an integer
* [[]..2] got exception with message The left side of the range operator (..) must evaluate to an integer
* [{}..2] got exception with message The left side of the range operator (..) must evaluate to an integer
* [1.1..2] got exception with message The left side of the range operator (..) must evaluate to an integer
* [1.00000001..2] got exception with message The left side of the range operator (..) must evaluate to an integer
* [2.."hello"] got exception with message The right side of the range operator (..) must evaluate to an integer
* [2..true] got exception with message The right side of the range operator (..) must evaluate to an integer
* [2..[]] got exception with message The right side of the range operator (..) must evaluate to an integer
* [2..{}] got exception with message The right side of the range operator (..) must evaluate to an integer
* [1..2.1] got exception with message The right side of the range operator (..) must evaluate to an integer
* [1..2.00000001] got exception with message The right side of the range operator (..) must evaluate to an integer
* [{"a":1}].a returned 1
* [[{"a":1}].a] returned [1]
* [{"a":[0,1]}, {"a":[2,3]}].a returned [0,1,2,3]
* {"a":{"b":1}}.a.(b) returned 1
* {"a":{"b":1}}.(a).b returned 1
* {"a":{"b":1, "c":2}}.a.b returned 1
* {"a":{"b":1, "c":2}}.a.c returned 2
* {"a":{"b":1, "c":2}}.a.(b+c) returned 3
* null returned null
* {"a":1}.a returned 1
* {"a":{"b":1}}.a.b returned 1
* {"a":null}.a returned null
* {"a":1}.z returned null
* [{"a":1}].a returned 1
* [{"a":1}, {"a":2}].a returned [1,2]
* [ [{"a":1}] ].a returned 1
* [ [{"a":1}, {"a":2}] ].a returned [1,2]
* [ [{"a":1}, {"a":1}] ].a returned [1,1]
* [[ {"a":{"b":1}}, {"a":{"b":2}} ]].a returned [{"b":1},{"b":2}]
* [[ {"a":{"b":1}}, {"a":{"b":2}} ]].a.b returned [1,2]
* [ [{"a":1}], [{"a":2}] ].a returned [1,2]
* [ [{"a":1}], [{"a":2}] ].z returned null
* [ [{"a":1}], [{"a":1}] ].a returned [1,1]
* [ [{"a":null}] ].a returned null
* [ [{"a":null}], [{"a":null}] ].a returned [null,null]
* null.a got exception with message The literal value null cannot be used as a step within a path expression
* [{"a":[1,2]}, {"a":[3,4]}].a returned [1,2,3,4]
* [{"a":{"b":[1,2]}}, {"a":{"b":[3,4]}}].a.b returned [1,2,3,4]
* ([{"a":[1,2]}, {"a":[3,4]}]).a returned [1,2,3,4]
* [{"a":[1,2]}, {"a":[3,4]}].[a] returned [[1,2],[3,4]]
* [{"a":{"b":[1,2]}}, {"a":{"b":[3,4]}}].[a].b returned [1,2,3,4]
* [{"a":{"b":[1,2]}}, {"a":{"b":[3,4]}}].a.[b] returned [[1,2],[3,4]]
* [{"a":{"b":[1,2]}}, {"a":{"b":[3,4]}}].[a.b] returned [[1,2],[3,4]]
* [{"a":[1,2]}, {"a":[3,4]}].[[a]] returned [[[1,2]],[[3,4]]]
* [{"a":[1,2]}, {"a":[3,4]}].[[[a]]] returned [[[[1,2]]],[[[3,4]]]]
* [{"a":[[1,2]]}, {"a":[[3,4]]}].a returned [[1,2],[3,4]]
* [{"a":[[1,2]]}, {"a":[[3,4]]}].[a] returned [[[1,2]],[[3,4]]]
* [[[{"a":[1,2]}, {"a":[3,4]}]]].[a] returned [1,2,3,4]
* [1,2,3][0] returned 1
* [1,2,3][1] returned 2
* [1,2,3][2] returned 3
* [1,2,3][-1] returned 3
* [1,2,3][-2] returned 2
* [1,2,3][-3] returned 1
* [1,2,3][3] returned null
* [1,2,3][-4] returned null
* [1,2,3][0.00001] returned 1
* [1,2,3][0.99999] returned 1
* [1,2,3][1.00001] returned 2
* [1,2,3][1.99999] returned 2
* [1,2,3][-1.00001] returned 2
* [1,2,3][-1.99999] returned 2
* [1,2,3][[0,1]] returned [1,2]
* [1,2,3][[1,0]] returned [1,2]
* [1,2,3][[0,0,1,1,2,2]] returned [1,1,2,2,3,3]
* [1,2,3][[0.00001,1.999999, -1.99999, -1.00001]] returned [1,2,2,2]
* [1,2,3][[3,-4]] returned null
* [1,2,3][[3,-3]] returned 1
* a returned null
* a>1 returned null
* 1=1 returned true
* 1=2 returned false
* noexisty=1 returned false
* 1=noexisty returned false
* noexist1=noexist2 returned false
* 1<2 returned true
* noexisty<2 returned null
* 2<noexisty returned null
* noexist1<noexist2 returned false
* null<2 got exception with message The expressions either side of operator "<" must evaluate to numeric or string values
* 1+2 returned 3
* noexisty+1 returned null
* 1+noexisty returned null
* noexist1+noexist2 returned null
* 1-2 returned -1
* noexisty-1 returned null
* 1-noexisty returned null
* noexist1-noexist2 returned null
* null-1 got exception with message - expects two numeric arguments
* 2*2 returned 4
* noexisty*1 returned null
* 1*noexisty returned null
* noexist1*noexist2 returned null
* null*1 got exception with message * expects two numeric arguments
* "1"*1 got exception with message * expects two numeric arguments
* -22 returned -22
* -22.2 returned -22.2
* -xxx returned null
* -null got exception with message Cannot negate a non-numeric value
* -"22" got exception with message Cannot negate a non-numeric value
* -{} got exception with message Cannot negate a non-numeric value
* -{"h":2} got exception with message Cannot negate a non-numeric value
* -[] got exception with message Cannot negate a non-numeric value
* -[1] got exception with message Cannot negate a non-numeric value
* true and true returned true
* true and false returned false
* false and true returned false
* false and false returned false
* 1 and true returned true
* "" and true returned false
* "blah" and true returned true
* "false" and true returned true
* 0 and true returned false
* 1 and true returned true
* 2 and true returned true
* null and true returned false
* [] and true returned false
* [false, true, false] and true returned true
* [false, 0] and true returned false
* {} and true returned false
* {"a":"b"} and true returned true
* true and 1 returned true
* true and "" returned false
* true and "blah" returned true
* true and "false" returned true
* true and 0 returned false
* true and 1 returned true
* true and 2 returned true
* true and null returned false
* true and [] returned false
* true and [false, true, false] returned true
* true and [false, 0] returned false
* true and {} returned false
* true and {"a":"b"} returned true
* noexist and true returned false
* true and noexist returned false
* noexist and noexist returned false
* true or true returned true
* true or false returned true
* false or true returned true
* false or false returned false
* 1 or false returned true
* "" or false returned false
* "blah" or false returned true
* "false" or false returned true
* 0 or false returned false
* 1 or false returned true
* 2 or false returned true
* null or false returned false
* [] or false returned false
* [false, true, false] or false returned true
* [false, 0] or false returned false
* {} or false returned false
* {"a":"b"} or false returned true
* false or 1 returned true
* false or "" returned false
* false or "blah" returned true
* false or "false" returned true
* false or 0 returned false
* false or 1 returned true
* false or 2 returned true
* false or null returned false
* false or [] returned false
* false or [false, true, false] returned true
* false or [false, 0] returned false
* false or {} returned false
* false or {"a":"b"} returned true
* noexist and true returned false
* true and noexist returned false
* noexist and noexist returned false
* null & null returned "nullnull"
* 2 & 3 returned "23"
* true & false returned "truefalse"
* 1.2&3.4 returned "1.23.4"
* {} & {} returned "{}{}"
* [] & [] returned "[][]"
* {"hello":1} & {} returned "{\"hello\":1}{}"
* ["hello"]&[1,2] returned "[\"hello\"][1,2]"
* xxx & "a" returned "a"
* "a" & xxx returned "a"
* xxx & xxx returned ""
* 0?0:1 returned 1
* 1?0:1 returned 0
* 2?0:1 returned 0
* xxx?0:1 returned 1
* $floor() got exception with message Context value is not a compatible type with argument 1 of function "$floor"
* $floor({}) got exception with message Argument 1 of function $floor does not match function signature
* $floor([]) got exception with message Argument 1 of function $floor does not match function signature
* $floor('1') got exception with message Argument 1 of function $floor does not match function signature
* $floor(true) got exception with message Argument 1 of function $floor does not match function signature
* $floor(null) got exception with message Argument 1 of function $floor does not match function signature
* $floor(a.b.c) returned null
* $floor(a.b.c,"a") got exception with message Argument 2 of function $floor does not match function signature
* $floor(1) returned 1
* $floor(-1) returned -1
* $floor(2147483647) returned 2147483647
* $floor(-2147483640) returned -2147483640
* $floor(21474836471234) returned 21474836471234
* $floor(-21474836471234) returned -21474836471234
* $floor(0) returned 0
* $floor(0.0) returned 0
* $floor(1.0) returned 1
* $floor(-1.0) returned -1
* $floor(1.23456) returned 1
* $floor(-1.23456) returned -2
* $floor(1.234567890123) returned 1
* $floor(-1.234567890123) returned -2
* $floor(10/3.0) returned 3
* $floor(-10/3.0) returned -4
* $floor(9223372036854775807) returned 9223372036854775807
* $floor(-9223372036854775808) returned -9223372036854775808
* $floor(9223372036854775809) returned 9223372036854775807
* $floor(9223372036854775899.5) returned 9223372036854775807
* $floor(9223372036854775809123456789) returned 9223372036854775807
* $floor(-9223372036854775809123456789) returned -9223372036854775808
* $floor(-9223372036854775899.5) returned -9223372036854775808
* $floor(9223372036854775809123456789.5) returned 9223372036854775807
* $floor(-9223372036854775809123456789.5) returned -9223372036854775808
* $floor(1234567890123456789012.5) returned 9223372036854775807
* $floor(1234567890123456789012345678901234567890123456789012345678901234567890123456789012345678901234567890123456789012345678901234567890123456789012345678901234567890123456789012345678901234567890123456789012345678901234567890123456789012345678901234567890123456789012345678901234567890123456789012345678901234567890123456789012345678901234567890123456789012345678901234567890123456789012345678901234567890.5) got exception with message Number out of range: "1234567890123456789012345678901234567890123456789012345678901234567890123456789012345678901234567890123456789012345678901234567890123456789012345678901234567890123456789012345678901234567890123456789012345678901234567890123456789012345678901234567890123456789012345678901234567890123456789012345678901234567890123456789012345678901234567890123456789012345678901234567890123456789012345678901234567890.5"
* $formatBase() got exception with message Context value is not a compatible type with argument 1 of function "$formatBase"
* $formatBase({}) got exception with message Argument 1 of function $formatBase does not match function signature
* $formatBase({}, 2) got exception with message Argument 1 of function $formatBase does not match function signature
* $formatBase(2, {}) got exception with message Argument 2 of function $formatBase does not match function signature
* $formatBase([]) got exception with message Argument 1 of function $formatBase does not match function signature
* $formatBase([], 2) got exception with message Argument 1 of function $formatBase does not match function signature
* $formatBase(2, []) got exception with message Argument 2 of function $formatBase does not match function signature
* $formatBase({"hello": 1}) got exception with message Argument 1 of function $formatBase does not match function signature
* $formatBase({"hello": 1}, 2) got exception with message Argument 1 of function $formatBase does not match function signature
* $formatBase(2, {"hello": 1}) got exception with message Argument 2 of function $formatBase does not match function signature
* $formatBase(["hello", 1]) got exception with message Argument 1 of function $formatBase does not match function signature
* $formatBase(["hello", 1], 2) got exception with message Argument 1 of function $formatBase does not match function signature
* $formatBase(2, ["hello", 1]) got exception with message Argument 2 of function $formatBase does not match function signature
* $formatBase(true) got exception with message Argument 1 of function $formatBase does not match function signature
* $formatBase(true, 2) got exception with message Argument 1 of function $formatBase does not match function signature
* $formatBase(2, true) got exception with message Argument 2 of function $formatBase does not match function signature
* $formatBase(null) got exception with message Argument 1 of function $formatBase does not match function signature
* $formatBase(null, 2) got exception with message Argument 1 of function $formatBase does not match function signature
* $formatBase(2, null) got exception with message Argument 2 of function $formatBase does not match function signature
* $formatBase(' ') got exception with message Argument 1 of function $formatBase does not match function signature
* $formatBase(2, ' ') got exception with message Argument 2 of function $formatBase does not match function signature
* $formatBase(' ', 2) got exception with message Argument 1 of function $formatBase does not match function signature
* $formatBase(-1, ' ') got exception with message Argument 2 of function $formatBase does not match function signature
* $formatBase(' ', -1) got exception with message Argument 1 of function $formatBase does not match function signature
* $formatBase(10/3.0, ' ') got exception with message Argument 2 of function $formatBase does not match function signature
* $formatBase(' ',  10/3.0) got exception with message Argument 1 of function $formatBase does not match function signature
* $formatBase(100,  2, 2) got exception with message Argument 3 of function $formatBase does not match function signature
* $formatBase(100,  1) got exception with message The radix of the $formatBase function must be between 2 and 36
* $formatBase(100,  37) got exception with message The radix of the $formatBase function must be between 2 and 36
* $formatBase(a.b.c) returned null
* $formatBase(a.b.c, 2) returned null
* $formatBase(100, a.b.c) returned "100"
* $formatBase(100, "a") got exception with message Argument 2 of function $formatBase does not match function signature
* $formatBase(100,  2) returned "1100100"
* $formatBase(100,  3) returned "10201"
* $formatBase(100,  4) returned "1210"
* $formatBase(100,  5) returned "400"
* $formatBase(100,  6) returned "244"
* $formatBase(100,  7) returned "202"
* $formatBase(100,  8) returned "144"
* $formatBase(100,  9) returned "121"
* $formatBase(100,  10) returned "100"
* $formatBase(100,  11) returned "91"
* $formatBase(100,  12) returned "84"
* $formatBase(100,  13) returned "79"
* $formatBase(100,  14) returned "72"
* $formatBase(100,  15) returned "6a"
* $formatBase(100,  16) returned "64"
* $formatBase(100,  17) returned "5f"
* $formatBase(100,  18) returned "5a"
* $formatBase(100,  19) returned "55"
* $formatBase(100,  20) returned "50"
* $formatBase(100,  21) returned "4g"
* $formatBase(100,  22) returned "4c"
* $formatBase(100,  23) returned "48"
* $formatBase(100,  24) returned "44"
* $formatBase(100,  25) returned "40"
* $formatBase(100,  26) returned "3m"
* $formatBase(100,  27) returned "3j"
* $formatBase(100,  28) returned "3g"
* $formatBase(100,  29) returned "3d"
* $formatBase(100,  30) returned "3a"
* $formatBase(100,  31) returned "37"
* $formatBase(100,  32) returned "34"
* $formatBase(100,  33) returned "31"
* $formatBase(100,  34) returned "2w"
* $formatBase(100,  35) returned "2u"
* $formatBase(100,  36) returned "2s"
* $formatNumber() got exception with message Context value is not a compatible type with argument 1 of function "$formatNumber"
* $formatNumber({}) got exception with message Argument 2 of function $formatNumber does not match function signature
* $formatNumber(1, {}) got exception with message Argument 2 of function $formatNumber does not match function signature
* $formatNumber([]) got exception with message Argument 2 of function $formatNumber does not match function signature
* $formatNumber(1, []) got exception with message Argument 2 of function $formatNumber does not match function signature
* $formatNumber(1, '#', []) got exception with message Argument 3 of function $formatNumber does not match function signature
* $formatNumber({"hello": 1}) got exception with message Argument 2 of function $formatNumber does not match function signature
* $formatNumber(1, {"hello": 1}) got exception with message Argument 2 of function $formatNumber does not match function signature
* $formatNumber(["hello", 1]) got exception with message Argument 2 of function $formatNumber does not match function signature
* $formatNumber(1, ["hello", 1]) got exception with message Argument 2 of function $formatNumber does not match function signature
* $formatNumber(1, '# ', ["hello", 1]) got exception with message Argument 3 of function $formatNumber does not match function signature
* $formatNumber(true) got exception with message Argument 2 of function $formatNumber does not match function signature
* $formatNumber(1, true) got exception with message Argument 2 of function $formatNumber does not match function signature
* $formatNumber(1, '#', true) got exception with message Argument 3 of function $formatNumber does not match function signature
* $formatNumber(null) got exception with message Argument 2 of function $formatNumber does not match function signature
* $formatNumber(1, null) got exception with message Argument 2 of function $formatNumber does not match function signature
* $formatNumber(1, '#', null) got exception with message Argument 3 of function $formatNumber does not match function signature
* $formatNumber(5) got exception with message Argument 2 of function $formatNumber does not match function signature
* $formatNumber(5, 5) got exception with message Argument 2 of function $formatNumber does not match function signature
* $formatNumber(5, '#', 5) got exception with message Argument 3 of function $formatNumber does not match function signature
* $formatNumber(-5) got exception with message Argument 2 of function $formatNumber does not match function signature
* $formatNumber(-5, -5) got exception with message Argument 2 of function $formatNumber does not match function signature
* $formatNumber(-5, '#', -5) got exception with message Argument 3 of function $formatNumber does not match function signature
* $formatNumber(' ') got exception with message Argument 2 of function $formatNumber does not match function signature
* $formatNumber(1, '#', ' ') got exception with message Argument 3 of function $formatNumber does not match function signature
* $formatNumber(10/3.0) got exception with message Argument 2 of function $formatNumber does not match function signature
* $formatNumber(1, 10/3.0) got exception with message Argument 2 of function $formatNumber does not match function signature
* $formatNumber(1, '#', 10/3.0) got exception with message Argument 3 of function $formatNumber does not match function signature
* $formatNumber(a.b.c) got exception with message Argument 2 of function $formatNumber does not match function signature
* $formatNumber(1, a.b.c) got exception with message Argument 2 of function $formatNumber does not match function signature
* $formatNumber(1, '#', a.b.c) got exception with message Argument 3 of function $formatNumber does not match function signature
* $formatNumber(1, '#', {'decimal-separator': '!!'}) got exception with message Argument 3 of function $formatNumber is invalid. The value of the decimal-separator property must be a single character
* $formatNumber(1, '#', {'grouping-separator': '!!'}) got exception with message Argument 3 of function $formatNumber is invalid. The value of the grouping-separator property must be a single character
* $formatNumber(1, '#', {'infinity': ''}) got exception with message Argument 3 of function $formatNumber is invalid. The value of the infinity property must be a string
* $formatNumber(1, '#', {'minus-sign': '!!'}) got exception with message Argument 3 of function $formatNumber is invalid. The value of the minus-sign property must be a single character
* $formatNumber(1, '#', {'NaN': ''}) got exception with message Argument 3 of function $formatNumber is invalid. The value of the NaN property must be a string
* $formatNumber(1, '#', {'percent': '!!'}) got exception with message Argument 3 of function $formatNumber is invalid. The value of the percent property must be a single character
* $formatNumber(1, '#', {'per-mille': '!!'}) got exception with message Argument 3 of function $formatNumber is invalid. The value of the per-mille property must be a single character
* $formatNumber(1, '#', {'zero-digit': '!!'}) got exception with message Argument 3 of function $formatNumber is invalid. The value of the zero-digit property must be a single character
* $formatNumber(1, '#', {'digit': '!!'}) got exception with message Argument 3 of function $formatNumber is invalid. The value of the digit property must be a single character
* $formatNumber(1, '#', {'pattern-separator': 1}) got exception with message Argument 3 of function $formatNumber is invalid. The value of the pattern-separator property must be a single character
* $formatNumber(1, '#', {'decimal-separator': 1}) got exception with message Argument 3 of function $formatNumber is invalid. The value of the decimal-separator property must be a single character
* $formatNumber(1, '#', {'grouping-separator': 1}) got exception with message Argument 3 of function $formatNumber is invalid. The value of the grouping-separator property must be a single character
* $formatNumber(1, '#', {'infinity': 1}) got exception with message Argument 3 of function $formatNumber is invalid. The value of the infinity property must be a string
* $formatNumber(1, '#', {'minus-sign': 1}) got exception with message Argument 3 of function $formatNumber is invalid. The value of the minus-sign property must be a single character
* $formatNumber(1, '#', {'NaN': 1}) got exception with message Argument 3 of function $formatNumber is invalid. The value of the NaN property must be a string
* $formatNumber(1, '#', {'percent': 1}) got exception with message Argument 3 of function $formatNumber is invalid. The value of the percent property must be a single character
* $formatNumber(1, '#', {'per-mille': 1}) got exception with message Argument 3 of function $formatNumber is invalid. The value of the per-mille property must be a single character
* $formatNumber(1, '#', {'zero-digit': 1}) got exception with message Argument 3 of function $formatNumber is invalid. The value of the zero-digit property must be a single character
* $formatNumber(1, '#', {'digit': 1}) got exception with message Argument 3 of function $formatNumber is invalid. The value of the digit property must be a single character
* $formatNumber(1, '#', {'pattern-separator': 1}) got exception with message Argument 3 of function $formatNumber is invalid. The value of the pattern-separator property must be a single character
* $formatNumber(a.b.c, '#') returned null
* $formatNumber({}, '#') returned "NaN"
* $formatNumber({'hello': 1}, '#') returned "NaN"
* $formatNumber([], '#') returned "NaN"
* $formatNumber(['hello', 1], '#') returned "NaN"
* $formatNumber(true, '#') returned "NaN"
* $formatNumber(null, '#') returned "NaN"
* $formatNumber(' ', '#') returned "NaN"
* $formatNumber(1 / 0, '#') returned "Infinity"
* $formatNumber(1 % 0, '#') returned "NaN"
* $formatNumber(1234, '00000000') returned "00001234"
* $formatNumber(-123.45, '###,###.00') returned "-123.45"
* $formatNumber(-123.45, '###,###.00;(###,###.00)') returned "(123.45)"
* $formatNumber(193.00 / 200.00, '###.#%') returned "96.5%"
* $formatNumber(12345.6, '#,###.00') returned "12,345.60"
* $formatNumber(1234.5678, '00.000e0') returned "12.346e2"
* $formatNumber(34.5555, '#0.00;(#0.00)') returned "34.56"
* $formatNumber(-34.5555, '#0.00;(#0.00)') returned "(34.56)"
* $formatNumber(0.14, '0%') returned "14%"
* $formatNumber(12345.6, '#,###!00', {'decimal-separator': '!'}) returned "12,345!60"
* $formatNumber(12345.6, '#!###.00', {'grouping-separator': '!'}) returned "12!345.60"
* $formatNumber(1/0, '#', {'infinity': 'foo'}) returned "foo"
* $formatNumber(-12345, '#', {'minus-sign': '@'}) returned "@12345"
* $formatNumber({}, '#', {'NaN': 'foo'}) returned "foo"
* $formatNumber(193.00 / 200.00, '###.#@', {'percent': '@'}) returned "96.5@"
* $formatNumber(0.14, '###m', {'per-mille': 'm'}) returned "140m"
* $formatNumber(1, '⑟⑟', {'zero-digit': '⑟'}) returned "⑟①"
* $formatNumber(1234, '****', {'digit': '*'}) returned "1234"
* $formatNumber(-1.2, '#.0@(#.0)', {'pattern-separator': '@'}) returned "(1.2)"
* $formatNumber(100,"##",{"zero-digit": "\u245f"},2) got exception with message Argument 4 of function $formatNumber does not match function signature
* $formatNumber(100,"##",{"zero-digit": "\u245f"}) returned "①⑟⑟"
* $fromMillis() got exception with message Context value is not a compatible type with argument 1 of function "$fromMillis"
* $fromMillis({}) got exception with message Argument 1 of function $fromMillis does not match function signature
* $fromMillis([]) got exception with message Argument 1 of function $fromMillis does not match function signature
* $fromMillis('1') got exception with message Argument 1 of function $fromMillis does not match function signature
* $fromMillis(true) got exception with message Argument 1 of function $fromMillis does not match function signature
* $fromMillis(null) got exception with message Argument 1 of function $fromMillis does not match function signature
* $fromMillis(a.b.c) returned null
* $fromMillis(1512159584136) returned "2017-12-01T20:19:44.136Z"
* $fromMillis(1) returned "1970-01-01T00:00:00.001Z"
* $fromMillis(-1) returned "1969-12-31T23:59:59.999Z"
* $fromMillis(10/3.0) returned "1970-01-01T00:00:00.003Z"
* $join() got exception with message Context value is not a compatible type with argument 1 of function "$join"
* $join({}) got exception with message Argument 1 of function $join must be an array of strings
* $join({},  ' ') got exception with message Argument 1 of function $join must be an array of strings
* $join([], {}) got exception with message Argument 2 of function $join does not match function signature
* $join({"hello": 1}) got exception with message Argument 1 of function $join must be an array of strings
* $join({"hello": 1}, ' ') got exception with message Argument 1 of function $join must be an array of strings
* $join([], {"hello": 1}) got exception with message Argument 2 of function $join does not match function signature
* $join([], []) got exception with message Argument 2 of function $join does not match function signature
* $join([], ["hello"]) got exception with message Argument 2 of function $join does not match function signature
* $join(1) got exception with message Argument 1 of function $join must be an array of strings
* $join(1, ' ') got exception with message Argument 1 of function $join must be an array of strings
* $join([], 1) got exception with message Argument 2 of function $join does not match function signature
* $join('1') returned "1"
* $join('1', ' ') returned "1"
* $join(10/3.0) got exception with message Argument 1 of function $join must be an array of strings
* $join(10/3.0, ' ') got exception with message Argument 1 of function $join must be an array of strings
* $join([],  10/3.0) got exception with message Argument 2 of function $join does not match function signature
* $join(null) got exception with message Argument 1 of function $join must be an array of strings
* $join(null, ' ') got exception with message Argument 1 of function $join must be an array of strings
* $join([], null) got exception with message Argument 2 of function $join does not match function signature
* $join(a.b.c) returned null
* $join(a.b.c, ' ') returned null
* $join([], a.b.c) returned ""
* $join(['f', 'o', 'o'], a.b.c) returned "foo"
* $join([]) returned ""
* $join([], ' ') returned ""
* $join(['f', 'o', 'o'], '') returned "foo"
* $join(['f', 'o', 'o'], ',') returned "f,o,o"
* $join(["hello"], ' ') returned "hello"
* $length() returned null
* $length({}) got exception with message Argument 1 of function $length does not match function signature
* $length([]) got exception with message Argument 1 of function $length does not match function signature
* $length({"hello": 1}) got exception with message Argument 1 of function $length does not match function signature
* $length(["hello", 1]) got exception with message Argument 1 of function $length does not match function signature
* $length(1) got exception with message Argument 1 of function $length does not match function signature
* $length(-22.2) got exception with message Argument 1 of function $length does not match function signature
* $length(10/3.0) got exception with message Argument 1 of function $length does not match function signature
* $length(true) got exception with message Argument 1 of function $length does not match function signature
* $length(null) got exception with message Argument 1 of function $length does not match function signature
* $length(a.b.c) returned null
* $length("") returned 0
* $length("Hello World") returned 11
* $length("abc",2) got exception with message Argument 2 of function $length does not match function signature
* a.b.c~>$length() returned null
* $lowercase() got exception with message Context value is not a compatible type with argument 1 of function "$lowercase"
* $lowercase({}) got exception with message Argument 1 of function $lowercase does not match function signature
* $lowercase([]) got exception with message Argument 1 of function $lowercase does not match function signature
* $lowercase({"hello": 1}) got exception with message Argument 1 of function $lowercase does not match function signature
* $lowercase(["hello", 1]) got exception with message Argument 1 of function $lowercase does not match function signature
* $lowercase(1) got exception with message Argument 1 of function $lowercase does not match function signature
* $lowercase(-22.2) got exception with message Argument 1 of function $lowercase does not match function signature
* $lowercase(10/3.0) got exception with message Argument 1 of function $lowercase does not match function signature
* $lowercase(null) got exception with message Argument 1 of function $lowercase does not match function signature
* $lowercase("", "") got exception with message Argument 2 of function $lowercase does not match function signature
* $lowercase(a.b.c) returned null
* $lowercase("") returned ""
* $lowercase("Hello World") returned "hello world"
* $lowercase("hello world") returned "hello world"
* $lowercase("!@#$%^&*()") returned "!@#$%^&*()"
* $match() got exception with message Argument 1 of function $match does not match function signature
* $match({}) got exception with message Argument 1 of function $match does not match function signature
* $match({}, ' ') got exception with message Argument 1 of function $match does not match function signature
* $match(' ', {}) got exception with message Argument 2 of function $match does not match function signature
* $match([]) got exception with message Argument 1 of function $match does not match function signature
* $match([], ' ') got exception with message Argument 1 of function $match does not match function signature
* $match(' ', []) got exception with message Argument 2 of function $match does not match function signature
* $match({"hello": 1}) got exception with message Argument 1 of function $match does not match function signature
* $match({"hello": 1}, ' ') got exception with message Argument 1 of function $match does not match function signature
* $match(' ', {"hello": 1}) got exception with message Argument 2 of function $match does not match function signature
* $match(true) got exception with message Argument 1 of function $match does not match function signature
* $match(true, ' ') got exception with message Argument 1 of function $match does not match function signature
* $match(' ', true) got exception with message Argument 2 of function $match does not match function signature
* $match(null) got exception with message Argument 1 of function $match does not match function signature
* $match(null, ' ') got exception with message Argument 1 of function $match does not match function signature
* $match(' ', null) got exception with message Argument 2 of function $match does not match function signature
* $match(5) got exception with message Argument 1 of function $match does not match function signature
* $match(5, ' ') got exception with message Argument 1 of function $match does not match function signature
* $match(' ', 5) got exception with message Argument 2 of function $match does not match function signature
* $match(-5) got exception with message Argument 1 of function $match does not match function signature
* $match(-5, ' ') got exception with message Argument 1 of function $match does not match function signature
* $match(' ', -5) got exception with message Argument 2 of function $match does not match function signature
* $match(10/3.0) got exception with message Argument 1 of function $match does not match function signature
* $match(10/3.0, ' ') got exception with message Argument 1 of function $match does not match function signature
* $match(' ', 10/3.0) got exception with message Argument 2 of function $match does not match function signature
* $match(a.b.c) got exception with message Argument 1 of function $match does not match function signature
* $match(a.b.c, ' ') got exception with message Argument 1 of function $match does not match function signature
* $match(' ', a.b.c) got exception with message Argument 2 of function $match does not match function signature
* $match('foo bar', 'a') returned {"match":"a","start":5,"groups":["a"]}
* $match('foo bar', 'o', 0) returned null
* $match('foo bar', 'o', 1) returned {"match":"o","start":1,"groups":["o"]}
* $match('foo bar', 'o', {}) got exception with message Argument 3 of function $match does not match function signature
* $match('foo bar', 'o', []) got exception with message Argument 3 of function $match does not match function signature
* $match('foo bar', 'o', true) got exception with message Argument 3 of function $match does not match function signature
* $match('foo bar', 'o', null) got exception with message Argument 3 of function $match does not match function signature
* $match('foo bar', 'o', -1) got exception with message Argument 3 of function $match does not match function signature
* $match('ababbabbcc','a(b+)') returned [{"match":"ab","start":0,"groups":["ab"]},{"match":"abb","start":2,"groups":["abb"]},{"match":"abb","start":5,"groups":["abb"]}]
* $max() got exception with message Argument 1 of function $max does not match function signature
* $max({}) got exception with message Argument 1 of function "$max" must be an array of "number"
* $max('1') got exception with message Argument 1 of function "$max" must be an array of "number"
* $max(true) got exception with message Argument 1 of function "$max" must be an array of "number"
* $max(null) got exception with message Argument 1 of function "$max" must be an array of "number"
* $max(1) returned 1
* $max(-1) returned -1
* $max(1.0) returned 1
* $max(-1.0) returned -1
* $max([]) returned null
* $max([1, {}]) got exception with message Argument 1 of function "$max" must be an array of "number"
* $max([1, []]) got exception with message Argument 1 of function "$max" must be an array of "number"
* $max([1, 'foo']) got exception with message Argument 1 of function "$max" must be an array of "number"
* $max([1, true]) got exception with message Argument 1 of function "$max" must be an array of "number"
* $max([1, null]) got exception with message Argument 1 of function "$max" must be an array of "number"
* $max(a.b.c) returned null
* $max([5,1,3,7,4]) returned 7
* $max([5.2 , 1.0, 3 , 7, 4]) returned 7
* $max([5.2 , 1.0, 3 , 7.0, 4]) returned 7
* $max([10/3.0, 1, 3]) returned 3.3333333333333335
* $max([9223372036854775807]) returned 9223372036854775807
* $max([-9223372036854775808]) returned -9223372036854775808
* $max([9223372036854775809]) returned 9223372036854775807
* $max([9223372036854775899.5]) returned 9223372036854775807
* $max([9223372036854775809123456789]) returned 9.223372036854776E27
* $max([9223372036854775809123456789.5]) returned 9.223372036854776E27
* $max([1234567890123456789012345678901234567890123456789012345678901234567890123456789012345678901234567890123456789012345678901234567890123456789012345678901234567890123456789012345678901234567890123456789012345678901234567890123456789012345678901234567890123456789012345678901234567890123456789012345678901234567890123456789012345678901234567890123456789012345678901234567890123456789012345678901234567890]) got exception with message Number out of range: "1234567890123456789012345678901234567890123456789012345678901234567890123456789012345678901234567890123456789012345678901234567890123456789012345678901234567890123456789012345678901234567890123456789012345678901234567890123456789012345678901234567890123456789012345678901234567890123456789012345678901234567890123456789012345678901234567890123456789012345678901234567890123456789012345678901234567890"
* {"now":$millis()}.(now > 1549400775880) returned true
* $millis({}) got exception with message Argument 1 of function $millis does not match function signature
* $millis([]) got exception with message Argument 1 of function $millis does not match function signature
* $millis(1) got exception with message Argument 1 of function $millis does not match function signature
* $millis(-1) got exception with message Argument 1 of function $millis does not match function signature
* $millis(10/3.0) got exception with message Argument 1 of function $millis does not match function signature
* $millis('1') got exception with message Argument 1 of function $millis does not match function signature
* $millis(a.b.c) got exception with message Argument 1 of function $millis does not match function signature
* $millis(null) got exception with message Argument 1 of function $millis does not match function signature
* $min() got exception with message Argument 1 of function $min does not match function signature
* $min({}) got exception with message Argument 1 of function "$min" must be an array of "number"
* $min('1') got exception with message Argument 1 of function "$min" must be an array of "number"
* $min(true) got exception with message Argument 1 of function "$min" must be an array of "number"
* $min(null) got exception with message Argument 1 of function "$min" must be an array of "number"
* $min(1) returned 1
* $min(-1) returned -1
* $min(1.0) returned 1
* $min(-1.0) returned -1
* $min([]) returned null
* $min([1, {}]) got exception with message Argument 1 of function "$min" must be an array of "number"
* $min([1, []]) got exception with message Argument 1 of function "$min" must be an array of "number"
* $min([1, 'foo']) got exception with message Argument 1 of function "$min" must be an array of "number"
* $min([1, true]) got exception with message Argument 1 of function "$min" must be an array of "number"
* $min([1, null]) got exception with message Argument 1 of function "$min" must be an array of "number"
* $min(a.b.c) returned null
* $min([5,1,3,7,4],"a") got exception with message Argument 2 of function $min does not match function signature
* $min([5,1,3,7,4]) returned 1
* $min([5.2, 1, 3, 7, 4]) returned 1
* $min([5.2, 1.0, 3, 7, 4]) returned 1
* $min([10/3.0, 4, 7]) returned 3.3333333333333335
* $min([9223372036854775807]) returned 9223372036854775807
* $min([-9223372036854775808, 1]) returned -9223372036854775808
* $min([9223372036854775809]) returned 9223372036854775807
* $min([9223372036854775899.5]) returned 9223372036854775807
* $min([9223372036854775809123456789]) returned 9.223372036854776E27
* $min([9223372036854775809123456789.5]) returned 9.223372036854776E27
* $min([1234567890123456789012345678901234567890123456789012345678901234567890123456789012345678901234567890123456789012345678901234567890123456789012345678901234567890123456789012345678901234567890123456789012345678901234567890123456789012345678901234567890123456789012345678901234567890123456789012345678901234567890123456789012345678901234567890123456789012345678901234567890123456789012345678901234567890]) got exception with message Number out of range: "1234567890123456789012345678901234567890123456789012345678901234567890123456789012345678901234567890123456789012345678901234567890123456789012345678901234567890123456789012345678901234567890123456789012345678901234567890123456789012345678901234567890123456789012345678901234567890123456789012345678901234567890123456789012345678901234567890123456789012345678901234567890123456789012345678901234567890"
* $not(true) returned false
* $not(false) returned true
* $not("") returned true
* $not("a") returned false
* $not("false") returned false
* $not("true") returned false
* $not(0) returned true
* $not(1) returned false
* $not(2) returned false
* $not(null) returned true
* $not([]) returned true
* $not([0]) returned true
* $not([1]) returned false
* $not([false, "", false, [], [0], null]) returned true
* $not([true, 1, "a", [1]]) returned false
* $not([false, "", false, [], [0], true, null]) returned false
* $not([false, "", false, [], [1], null]) returned false
* $not({}) returned true
* $not({"hello":true}) returned false
* $not({"0":false}) returned false
* $not() returned false
* $not(true, false) got exception with message Argument 2 of function $not does not match function signature
* $now({}) got exception with message Argument 1 of function $now does not match function signature
* $now([]) got exception with message Argument 1 of function $now does not match function signature
* $now(1) got exception with message Argument 1 of function $now does not match function signature
* $now(-1) got exception with message Argument 1 of function $now does not match function signature
* $now(10/3.0) got exception with message Argument 1 of function $now does not match function signature
* $now('1') got exception with message Argument 1 of function $now does not match function signature
* $now(a.b.c) got exception with message Argument 1 of function $now does not match function signature
* $now(null) got exception with message Argument 1 of function $now does not match function signature
* $number() got exception with message Context value is not a compatible type with argument 1 of function "$number"
* $number({}) got exception with message Argument 1 of function $number does not match function signature
* $number({"hello": 1}) got exception with message Argument 1 of function $number does not match function signature
* $number([]) got exception with message Argument 1 of function $number does not match function signature
* $number(["hello", 1]) got exception with message Argument 1 of function $number does not match function signature
* $number('foo') got exception with message Unable to cast value to a number: "foo"
* $number(true) returned 1
* $number(null) got exception with message Argument 1 of function $number does not match function signature
* $number('10/3.0') got exception with message Unable to cast value to a number: "10/3.0"
* $number(a.b.c) returned null
* $number(1) returned 1
* $number(-22.2) returned -22.2
* $number(10/3.0) returned 3.3333333333333335
* $number(10/3) returned 3.3333333333333335
* $number(0) returned 0
* $number(0.0) returned 0
* $number('0') returned 0
* $number('0.0') returned 0
* $number('1') returned 1
* $number('1',"a") got exception with message Argument 2 of function $number does not match function signature
* $number('1.0') returned 1
* $number('1.00000') returned 1
* $number('-22.2') returned -22.2
* $number(9223372036854775807) returned 9223372036854775807
* $number(-9223372036854775808) returned -9223372036854775808
* $number('9223372036854775807') returned 9223372036854775807
* $number('-9223372036854775808') returned -9223372036854775808
* $number(9223372036854775809) returned 9223372036854775807
* $number(-9223372036854775809) returned -9223372036854775808
* $number('9223372036854775809') returned 9223372036854775807
* $number('-9223372036854775809') returned -9223372036854775808
* $number(9223372036854775899.5) returned 9223372036854775807
* $number(-9223372036854775899.5) returned -9223372036854775808
* $number('9223372036854775899.5') returned 9223372036854775807
* $number('-9223372036854775899.5') returned -9223372036854775808
* $number(9223372036854775809123456789) returned 9.223372036854776E27
* $number(-9223372036854775809123456789) returned -9.223372036854776E27
* $number('9223372036854775809123456789') returned 9.223372036854776E27
* $number('-9223372036854775809123456789') returned -9.223372036854776E27
* $number(9223372036854775809123456789.5) returned 9.223372036854776E27
* $number(-9223372036854775809123456789.5) returned -9.223372036854776E27
* $number('9223372036854775809123456789.5') returned 9.223372036854776E27
* $number('-9223372036854775809123456789.5') returned -9.223372036854776E27
* $number(1234567890123456789012345678901234567890123456789012345678901234567890123456789012345678901234567890123456789012345678901234567890123456789012345678901234567890123456789012345678901234567890123456789012345678901234567890123456789012345678901234567890123456789012345678901234567890123456789012345678901234567890123456789012345678901234567890123456789012345678901234567890123456789012345678901234567890) got exception with message Number out of range: "1234567890123456789012345678901234567890123456789012345678901234567890123456789012345678901234567890123456789012345678901234567890123456789012345678901234567890123456789012345678901234567890123456789012345678901234567890123456789012345678901234567890123456789012345678901234567890123456789012345678901234567890123456789012345678901234567890123456789012345678901234567890123456789012345678901234567890"
* 30/10 returned 3
* 30.0/10 returned 3
* 30/10.0 returned 3
* 30.0/10.0 returned 3
* -30/10 returned -3
* -30.0/10 returned -3
* -30/10.0 returned -3
* -30.0/10.0 returned -3
* 30/-10 returned -3
* 30.0/-10 returned -3
* 30/-10.0 returned -3
* 30.0/-10.0 returned -3
* -30/-10 returned 3
* -30.0/-10 returned 3
* -30/-10.0 returned 3
* -30.0/-10.0 returned 3
* 3/10 returned 0.3
* 3.0/10 returned 0.3
* 3/10.0 returned 0.3
* 3.0/10.0 returned 0.3
* -3/10 returned -0.3
* -3.0/10 returned -0.3
* -3/10.0 returned -0.3
* -3.0/10.0 returned -0.3
* 3/-10 returned -0.3
* 3.0/-10 returned -0.3
* 3/-10.0 returned -0.3
* 3.0/-10.0 returned -0.3
* -3/-10 returned 0.3
* -3.0/-10 returned 0.3
* -3/-10.0 returned 0.3
* -3.0/-10.0 returned 0.3
* 3*10 returned 30
* 3.0*10 returned 30
* 3*10.0 returned 30
* 3.0*10.0 returned 30
* -3*10 returned -30
* -3.0*10 returned -30
* -3*10.0 returned -30
* -3.0*10.0 returned -30
* 3*-10 returned -30
* 3.0*-10 returned -30
* 3*-10.0 returned -30
* 3.0*-10.0 returned -30
* -3*-10 returned 30
* -3.0*-10 returned 30
* -3*-10.0 returned 30
* -3.0*-10.0 returned 30
* 4*1.2 returned 4.8
* 1.2*4 returned 4.8
* 1.2*4.2 returned 5.04
* -4*1.2 returned -4.8
* -1.2*4 returned -4.8
* -1.2*4.2 returned -5.04
* 4*-1.2 returned -4.8
* 1.2*-4 returned -4.8
* 1.2*-4.2 returned -5.04
* -4*-1.2 returned 4.8
* -1.2*-4 returned 4.8
* -1.2*-4.2 returned 5.04
* 3/10*100 returned 30
* 10%2 returned 0
* 10.0%2 returned 0
* 10%2.0 returned 0
* 10.0%2.0 returned 0
* -10%2 returned 0
* -10.0%2 returned 0
* -10%2.0 returned 0
* -10.0%2.0 returned 0
* 10%-2 returned 0
* 10.0%-2 returned 0
* 10%-2.0 returned 0
* 10.0%-2.0 returned 0
* -10%-2 returned 0
* -10.0%-2 returned 0
* -10%-2.0 returned 0
* -10.0%-2.0 returned 0
* 10%2.8 returned 1.6000000000000005
* 2.2%2 returned 0.20000000000000018
* 10.1%2.1 returned 1.6999999999999993
* -10%2.8 returned -1.6000000000000005
* -2.2%2 returned -0.20000000000000018
* -10.1%2.1 returned -1.6999999999999993
* 10%-2.8 returned 1.6000000000000005
* 2.2%-2 returned 0.20000000000000018
* 10.1%-2.1 returned 1.6999999999999993
* -10%-2.8 returned -1.6000000000000005
* -2.2%-2 returned -0.20000000000000018
* -10.1%-2.1 returned -1.6999999999999993
* 10+2 returned 12
* 10.0+2 returned 12
* 10+2.0 returned 12
* 9.5+2.5 returned 12
* -10+2 returned -8
* -10.0+2 returned -8
* -10+2.0 returned -8
* -9.5+1.5 returned -8
* 10+-2 returned 8
* 10.0+-2 returned 8
* 10+-2.0 returned 8
* 9.5+-1.5 returned 8
* -10+-2 returned -12
* -10.0+-2 returned -12
* -10+-2.0 returned -12
* -9.5+-2.5 returned -12
* 10+2.8 returned 12.8
* 2.2+2 returned 4.2
* 10.1+2.1 returned 12.2
* -10+2.8 returned -7.2
* -2.2+2 returned -0.20000000000000018
* -10.2+2.1 returned -8.1
* 10+-2.8 returned 7.2
* 2.2+-2 returned 0.20000000000000018
* 10.2+-2.1 returned 8.1
* 10+2.8 returned 12.8
* 2.2+2 returned 4.2
* 10.1+2.1 returned 12.2
* 10-2 returned 8
* 10.0-2 returned 8
* 10-2.0 returned 8
* 9.5-1.5 returned 8
* -10-2 returned -12
* -10.0-2 returned -12
* -10-2.0 returned -12
* -9.5-2.5 returned -12
* 10--2 returned 12
* 10.0--2 returned 12
* 10--2.0 returned 12
* 9.5--2.5 returned 12
* -10--2 returned -8
* -10.0--2 returned -8
* -10--2.0 returned -8
* -9.5--1.5 returned -8
* 10-2.8 returned 7.2
* 2.2-2 returned 0.20000000000000018
* 10.1-2.3 returned 7.8
* -10-2.8 returned -12.8
* -2.2-2 returned -4.2
* -10.2-2.3 returned -12.5
* 10--2.8 returned 12.8
* 2.2--2 returned 4.2
* 10.2--2.3 returned 12.5
* -10--2.8 returned -7.2
* -2.2--2 returned -0.20000000000000018
* -10.1--2.3 returned -7.8
* $pad() got exception with message Argument 1 of function $pad does not match function signature
* $pad({}) got exception with message Argument 1 of function $pad does not match function signature
* $pad({}, 5) got exception with message Argument 1 of function $pad does not match function signature
* $pad(' ', {}) got exception with message Argument 2 of function $pad does not match function signature
* $pad(' ', 5, {}) got exception with message Argument 3 of function $pad does not match function signature
* $pad([]) got exception with message Argument 1 of function $pad does not match function signature
* $pad([], 5) got exception with message Argument 1 of function $pad does not match function signature
* $pad(' ', []) got exception with message Argument 2 of function $pad does not match function signature
* $pad(' ', 5, []) got exception with message Argument 3 of function $pad does not match function signature
* $pad({"hello": 1}) got exception with message Argument 1 of function $pad does not match function signature
* $pad({"hello": 1}, 5) got exception with message Argument 1 of function $pad does not match function signature
* $pad(' ', {"hello": 1}) got exception with message Argument 2 of function $pad does not match function signature
* $pad(' ', 5, {"hello": 1}) got exception with message Argument 3 of function $pad does not match function signature
* $pad(["hello", 1]) got exception with message Argument 1 of function $pad does not match function signature
* $pad(["hello", 1], 5) got exception with message Argument 1 of function $pad does not match function signature
* $pad(' ', ["hello", 1]) got exception with message Argument 2 of function $pad does not match function signature
* $pad(' ', 5, ["hello", 1]) got exception with message Argument 3 of function $pad does not match function signature
* $pad(true) got exception with message Argument 1 of function $pad does not match function signature
* $pad(true, 5) got exception with message Argument 1 of function $pad does not match function signature
* $pad(' ', true) got exception with message Argument 2 of function $pad does not match function signature
* $pad(' ', 5, true) got exception with message Argument 3 of function $pad does not match function signature
* $pad(null) got exception with message Argument 1 of function $pad does not match function signature
* $pad(null, 5) got exception with message Argument 1 of function $pad does not match function signature
* $pad(' ', null) got exception with message Argument 2 of function $pad does not match function signature
* $pad(' ', 5, null) got exception with message Argument 3 of function $pad does not match function signature
* $pad(5) got exception with message Argument 1 of function $pad does not match function signature
* $pad(5, 5) got exception with message Argument 1 of function $pad does not match function signature
* $pad(' ', 5, 5) got exception with message Argument 3 of function $pad does not match function signature
* $pad(-5) got exception with message Argument 1 of function $pad does not match function signature
* $pad(-5, 5) got exception with message Argument 1 of function $pad does not match function signature
* $pad(' ', 5, -5) got exception with message Argument 3 of function $pad does not match function signature
* $pad(10/3.0) got exception with message Argument 1 of function $pad does not match function signature
* $pad(10/3.0, 5) got exception with message Argument 1 of function $pad does not match function signature
* $pad(' ', 5, 10/3.0) got exception with message Argument 3 of function $pad does not match function signature
* $pad(' ') got exception with message Argument 1 of function $pad does not match function signature
* $pad(' ', ' ') got exception with message Argument 2 of function $pad does not match function signature
* $pad(-22.2) got exception with message Argument 1 of function $pad does not match function signature
* $pad(a.b.c) got exception with message Argument 1 of function $pad does not match function signature
* $pad(a.b.c, 5) returned null
* $pad('foo', 5) returned "foo  "
* $pad('foo', 5, 2) got exception with message Argument 3 of function $pad does not match function signature
* $pad('foo', 5, '#') returned "foo##"
* $pad('foo', 10, '#$%^&') returned "foo#$%^&#$"
* $pad('foo', -5) returned "  foo"
* $pad('foo', -5, '#') returned "##foo"
* $pad('foo', -10, '#$%^&') returned "#$%^&#$foo"
* $power() got exception with message Argument 1 of function $power does not match function signature
* $power({}) got exception with message Context value is not a compatible type with argument 1 of function "$power"
* $power({}, 1) got exception with message Argument 1 of function $power does not match function signature
* $power(1, {}) got exception with message Argument 2 of function $power does not match function signature
* $power([]) got exception with message Context value is not a compatible type with argument 1 of function "$power"
* $power([], 1) got exception with message Argument 1 of function $power does not match function signature
* $power(1, []) got exception with message Argument 2 of function $power does not match function signature
* $power({"hello": 1}) got exception with message Context value is not a compatible type with argument 1 of function "$power"
* $power({"hello": 1}, 1) got exception with message Argument 1 of function $power does not match function signature
* $power(1, {"hello": 1}) got exception with message Argument 2 of function $power does not match function signature
* $power(["hello", 1]) got exception with message Context value is not a compatible type with argument 1 of function "$power"
* $power(["hello", 1], 1) got exception with message Argument 1 of function $power does not match function signature
* $power(1, ["hello", 1]) got exception with message Argument 2 of function $power does not match function signature
* $power(true) got exception with message Context value is not a compatible type with argument 1 of function "$power"
* $power(true, 1) got exception with message Argument 1 of function $power does not match function signature
* $power(1, true) got exception with message Argument 2 of function $power does not match function signature
* $power(null) got exception with message Context value is not a compatible type with argument 1 of function "$power"
* $power(null, 1) got exception with message Argument 1 of function $power does not match function signature
* $power(1, null) got exception with message Argument 2 of function $power does not match function signature
* $power('foo') got exception with message Context value is not a compatible type with argument 1 of function "$power"
* $power('foo', 1) got exception with message Argument 1 of function $power does not match function signature
* $power(1, 'foo') got exception with message Argument 2 of function $power does not match function signature
* $power(a.b.c) got exception with message Context value is not a compatible type with argument 1 of function "$power"
* $power(1, a.b.c) got exception with message Argument 2 of function $power does not match function signature
* $power(a.b.c, 1) returned null
* $power(0) got exception with message Context value is not a compatible type with argument 1 of function "$power"
* $power(0.0) got exception with message Context value is not a compatible type with argument 1 of function "$power"
* $power(1) got exception with message Context value is not a compatible type with argument 1 of function "$power"
* $power(-1) got exception with message Context value is not a compatible type with argument 1 of function "$power"
* $power(123.456) got exception with message Context value is not a compatible type with argument 1 of function "$power"
* $power(123.456,2,0) got exception with message Argument 3 of function $power does not match function signature
* $power(0, 2) returned 0
* $power(0.0, 2) returned 0
* $power(123.456, 2) returned 15241.383936
* $power(123.456, -1) returned 0.008100051840331779
* $power(123.456, -2) returned 6.561083981606222E-5
* $power(125, -1) returned 0.008
* $power(123.456, 0.2) returned 2.6200069317003254
* $power(123.456, -0.2) returned 0.38167837951139405
* $power(123.456, 2.5) returned 169348.16848325965
* $power(125, -2.5) returned 5.724334022399462E-6
* $power(2147483647, 2) returned 4611686014132420608
* $power(-2147483640, 2) returned 4611685984067649536
* $power(21474836471234, 2) returned 4.6116860146624196E26
* $power(-21474836471234, 2) returned 4.6116860146624196E26
* $power(10/3.0, 1) returned 3.3333333333333335
* $power(-10/3.0, 1) returned -3.3333333333333335
* $power(1, 10/3.0) returned 1
* $power(1, -10/3.0) returned 1
* $power(9223372036854775807, 2) returned 8.507059173023462E37
* $power(-9223372036854775807, 2) returned 8.507059173023462E37
* $power(-9223372036854775808, 3) returned -7.846377169233351E56
* $power(9223372036854775809, 2) returned 8.507059173023462E37
* $power(9223372036854775899.5, 2) returned 8.507059173023462E37
* $power(-9223372036854775899.5, 2) returned 8.507059173023462E37
* $power(9223372036854775809123456789, 2) returned 8.507059173023462E55
* $power(-9223372036854775809123456789, 2) returned 8.507059173023462E55
* $power(9223372036854775809123456789.1, 2) returned 8.507059173023462E55
* $power(-9223372036854775809123456789.1, 2) returned 8.507059173023462E55
* $power(9223372036854775809123456789, 9223372036854775809123456789) got exception with message The power function has resulted in a value that cannot be represented as a number: base="9.223372036854776E27", exponent="9.223372036854776E27"
* $power(1234567890123456789012345678901234567890123456789012345678901234567890123456789012345678901234567890123456789012345678901234567890123456789012345678901234567890123456789012345678901234567890123456789012345678901234567890123456789012345678901234567890123456789012345678901234567890123456789012345678901234567890123456789012345678901234567890123456789012345678901234567890123456789012345678901234567890.5, 2) got exception with message Number out of range: "1234567890123456789012345678901234567890123456789012345678901234567890123456789012345678901234567890123456789012345678901234567890123456789012345678901234567890123456789012345678901234567890123456789012345678901234567890123456789012345678901234567890123456789012345678901234567890123456789012345678901234567890123456789012345678901234567890123456789012345678901234567890123456789012345678901234567890.5"
* $random({}) got exception with message Argument 1 of function $random does not match function signature
* $random([]) got exception with message Argument 1 of function $random does not match function signature
* $random(1) got exception with message Argument 1 of function $random does not match function signature
* $random(-1) got exception with message Argument 1 of function $random does not match function signature
* $random(10/3.0) got exception with message Argument 1 of function $random does not match function signature
* $random('1') got exception with message Argument 1 of function $random does not match function signature
* $random(a.b.c) got exception with message Argument 1 of function $random does not match function signature
* $random(null) got exception with message Argument 1 of function $random does not match function signature
* $random() >= 0 returned true
* $random() < 1 returned true
* $replace() got exception with message Argument 1 of function $replace does not match function signature
* $replace({}) got exception with message Argument 1 of function $replace does not match function signature
* $replace({}, ' ') got exception with message Argument 1 of function $replace does not match function signature
* $replace({}, ' ', ' ') got exception with message Argument 1 of function $replace does not match function signature
* $replace(' ', {}) got exception with message Argument 2 of function $replace does not match function signature
* $replace(' ', {}, ' ') got exception with message Argument 2 of function $replace does not match function signature
* $replace(' ', ' ', {}) got exception with message Argument 3 of function $replace does not match function signature
* $replace([]) got exception with message Argument 1 of function $replace does not match function signature
* $replace([], ' ') got exception with message Argument 1 of function $replace does not match function signature
* $replace([], ' ', ' ') got exception with message Argument 1 of function $replace does not match function signature
* $replace(' ', []) got exception with message Argument 2 of function $replace does not match function signature
* $replace(' ', [], ' ') got exception with message Argument 2 of function $replace does not match function signature
* $replace(' ', ' ', []) got exception with message Argument 3 of function $replace does not match function signature
* $replace({"hello": 1}) got exception with message Argument 1 of function $replace does not match function signature
* $replace({"hello": 1}, ' ') got exception with message Argument 1 of function $replace does not match function signature
* $replace({"hello": 1}, ' ', ' ') got exception with message Argument 1 of function $replace does not match function signature
* $replace(' ', {"hello": 1}) got exception with message Argument 2 of function $replace does not match function signature
* $replace(' ', {"hello": 1}, ' ') got exception with message Argument 2 of function $replace does not match function signature
* $replace(' ', ' ', {"hello": 1}) got exception with message Argument 3 of function $replace does not match function signature
* $replace(["hello", 1]) got exception with message Argument 1 of function $replace does not match function signature
* $replace(["hello", 1], ' ') got exception with message Argument 1 of function $replace does not match function signature
* $replace(["hello", 1], ' ', ' ') got exception with message Argument 1 of function $replace does not match function signature
* $replace(' ', ["hello", 1]) got exception with message Argument 2 of function $replace does not match function signature
* $replace(' ', ["hello", 1], ' ') got exception with message Argument 2 of function $replace does not match function signature
* $replace(' ', ' ', ["hello", 1]) got exception with message Argument 3 of function $replace does not match function signature
* $replace(true) got exception with message Argument 1 of function $replace does not match function signature
* $replace(true, ' ') got exception with message Argument 1 of function $replace does not match function signature
* $replace(true, ' ', ' ') got exception with message Argument 1 of function $replace does not match function signature
* $replace(' ', true) got exception with message Argument 2 of function $replace does not match function signature
* $replace(' ', true, ' ') got exception with message Argument 2 of function $replace does not match function signature
* $replace(' ', ' ', true) got exception with message Argument 3 of function $replace does not match function signature
* $replace(null) got exception with message Argument 1 of function $replace does not match function signature
* $replace(null, ' ') got exception with message Argument 1 of function $replace does not match function signature
* $replace(null, ' ', ' ') got exception with message Argument 1 of function $replace does not match function signature
* $replace(' ', null) got exception with message Argument 2 of function $replace does not match function signature
* $replace(' ', null, ' ') got exception with message Argument 2 of function $replace does not match function signature
* $replace(' ', ' ', null) got exception with message Argument 3 of function $replace does not match function signature
* $replace(5) got exception with message Argument 1 of function $replace does not match function signature
* $replace(5, ' ') got exception with message Argument 1 of function $replace does not match function signature
* $replace(5, ' ', ' ') got exception with message Argument 1 of function $replace does not match function signature
* $replace(' ', 5) got exception with message Argument 2 of function $replace does not match function signature
* $replace(' ', 5, ' ') got exception with message Argument 2 of function $replace does not match function signature
* $replace(' ', ' ', 5) got exception with message Argument 3 of function $replace does not match function signature
* $replace(-5) got exception with message Argument 1 of function $replace does not match function signature
* $replace(-5, ' ') got exception with message Argument 1 of function $replace does not match function signature
* $replace(-5, ' ', ' ') got exception with message Argument 1 of function $replace does not match function signature
* $replace(' ', -5) got exception with message Argument 2 of function $replace does not match function signature
* $replace(' ', -5, ' ') got exception with message Argument 2 of function $replace does not match function signature
* $replace(' ', ' ', -5) got exception with message Argument 3 of function $replace does not match function signature
* $replace(10/3.0) got exception with message Argument 1 of function $replace does not match function signature
* $replace(10/3.0, ' ') got exception with message Argument 1 of function $replace does not match function signature
* $replace(10/3.0, ' ', ' ') got exception with message Argument 1 of function $replace does not match function signature
* $replace(' ', 10/3.0) got exception with message Argument 2 of function $replace does not match function signature
* $replace(' ', 10/3.0, ' ') got exception with message Argument 2 of function $replace does not match function signature
* $replace(' ', ' ', 10/3.0) got exception with message Argument 3 of function $replace does not match function signature
* $replace(a.b.c) got exception with message Argument 2 of function $replace does not match function signature
* $replace(a.b.c, ' ') got exception with message Context value is not a compatible type with argument 1 of function "$replace"
* $replace(a.b.c, ' ', ' ') returned null
* $replace(' ', a.b.c) got exception with message Argument 2 of function $replace does not match function signature
* $replace(' ', a.b.c, ' ') got exception with message Argument 2 of function $replace does not match function signature
* $replace(' ', ' ', a.b.c) got exception with message Argument 3 of function $replace does not match function signature
* $replace('', '', '') got exception with message Second argument of function $replace cannot be an empty string
* $replace(' ', ' ', ' ') returned " "
* $replace('foo bar', 'o', 'a') returned "faa bar"
* $replace('foo bar', 'o', 'aa') returned "faaaa bar"
* $replace('foo bar', 'o', 'a', 0) returned "foo bar"
* $replace('foo bar', 'o', 'a', 1) returned "fao bar"
* $replace('foo bar', 'o', 'a', 2) returned "faa bar"
* $replace('foo bar', 'o', 'a', {}) got exception with message Argument 4 of function $replace does not match function signature
* $replace('foo bar', 'o', 'a', []) got exception with message Argument 4 of function $replace does not match function signature
* $replace('foo bar', 'o', 'a', true) got exception with message Argument 4 of function $replace does not match function signature
* $replace('foo bar', 'o', 'a', null) got exception with message Argument 4 of function $replace does not match function signature
* $replace('foo bar', 'o', 'a', -1) got exception with message Argument 4 of function $replace does not match function signature
* $round() got exception with message Context value is not a compatible type with argument 1 of function "$round"
* $round(a.b.c) returned null
* $round({}) got exception with message Argument 1 of function $round does not match function signature
* $round(1, {}) got exception with message Argument 2 of function $round does not match function signature
* $round([]) got exception with message Argument 1 of function $round does not match function signature
* $round([], 1) got exception with message Argument 1 of function $round does not match function signature
* $round(1, []) got exception with message Argument 2 of function $round does not match function signature
* $round({"hello": 1}) got exception with message Argument 1 of function $round does not match function signature
* $round(1, {"hello": 1}) got exception with message Argument 2 of function $round does not match function signature
* $round(["hello", 1]) got exception with message Argument 1 of function $round does not match function signature
* $round(["hello", 1], 1) got exception with message Argument 1 of function $round does not match function signature
* $round(1, ["hello", 1]) got exception with message Argument 2 of function $round does not match function signature
* $round(true) got exception with message Argument 1 of function $round does not match function signature
* $round(true, 1) got exception with message Argument 1 of function $round does not match function signature
* $round(1, true) got exception with message Argument 2 of function $round does not match function signature
* $round(null) got exception with message Argument 1 of function $round does not match function signature
* $round(null, 1) got exception with message Argument 1 of function $round does not match function signature
* $round(1, null) got exception with message Argument 2 of function $round does not match function signature
* $round('foo') got exception with message Argument 1 of function $round does not match function signature
* $round('foo', 1) got exception with message Argument 1 of function $round does not match function signature
* $round(1, 'foo') got exception with message Argument 2 of function $round does not match function signature
* $round(a.b.c) returned null
* $round(a.b.c, 1) returned null
* $round(1, a.b.c) returned 1
* $round(1) returned 1
* $round(-1) returned -1
* $round(123.456) returned 123
* $round(123.456, 2) returned 123.46
* $round(123.456, -1) returned 120
* $round(123.456, -2) returned 100
* $round(11.5) returned 12
* $round(12.5) returned 12
* $round(125, -1) returned 120
* $round(2147483647) returned 2147483647
* $round(-2147483640) returned -2147483640
* $round(21474836471234) returned 21474836471234
* $round(-21474836471234) returned -21474836471234
* $round(0) returned 0
* $round(0.0) returned 0
* $round(1.0) returned 1
* $round(-1.0) returned -1
* $round(1.23456) returned 1
* $round(-1.23456) returned -1
* $round(1.234567890123) returned 1
* $round(-1.234567890123) returned -1
* $round(10/3.0) returned 3
* $round(-10/3.0) returned -3
* $round(9223372036854775807) returned 9223372036854775807
* $round(-9223372036854775808) returned -9223372036854775808
* $round(9223372036854775809) returned 9223372036854775807
* $round(9223372036854775899.5) returned 9223372036854775807
* $round(-9223372036854775899.5) returned -9223372036854775808
* $round(9223372036854775809123456789) returned 9.223372036854776E27
* $round(-9223372036854775809123456789) returned -9.223372036854776E27
* $round(9223372036854775809123456789.1) returned 9.223372036854776E27
* $round(-9223372036854775809123456789.1) returned -9.223372036854776E27
* $round(9223372036854775809123456789.3) returned 9.223372036854776E27
* $round(-9223372036854775809123456789.3) returned -9.223372036854776E27
* $round(9223372036854775809123456789.5) returned 9.223372036854776E27
* $round(-9223372036854775809123456789.5) returned -9.223372036854776E27
* $round(9223372036854775809123456789.7) returned 9.223372036854776E27
* $round(-9223372036854775809123456789.7) returned -9.223372036854776E27
* $round(9223372036854775809123456789.9) returned 9.223372036854776E27
* $round(-9223372036854775809123456789.9) returned -9.223372036854776E27
* $round(1234567890123456789012.5) returned 1.2345678901234568E21
* $round(1234567890123456789012345678901234567890123456789012345678901234567890123456789012345678901234567890123456789012345678901234567890123456789012345678901234567890123456789012345678901234567890123456789012345678901234567890123456789012345678901234567890123456789012345678901234567890123456789012345678901234567890123456789012345678901234567890123456789012345678901234567890123456789012345678901234567890.5) got exception with message Number out of range: "1234567890123456789012345678901234567890123456789012345678901234567890123456789012345678901234567890123456789012345678901234567890123456789012345678901234567890123456789012345678901234567890123456789012345678901234567890123456789012345678901234567890123456789012345678901234567890123456789012345678901234567890123456789012345678901234567890123456789012345678901234567890123456789012345678901234567890.5"
*     1 returned 1
*    [1] returned [1]
*   [[1]] returned [[1]]
*  [[[1]]] returned [[[1]]]
* [[[[1]]]] returned [[[[1]]]]
* {'a':     1     }.a returned 1
* {'a':    [1]    }.a returned [1]
* {'a':   [[1]]   }.a returned [[1]]
* {'a':  [[[1]]]  }.a returned [[[1]]]
* {'a': [[[[1]]]] }.a returned [[[[1]]]]
* [{'a':     1     }.a] returned [1]
* [{'a':    [1]    }.a] returned [1]
* [{'a':   [[1]]   }.a] returned [[1]]
* {'a':   [[1]]   }.[a] returned [[1]]
*     [1]    [0] returned 1
*    [[1]]   [0] returned [1]
*   [[[1]]]  [0] returned [[1]]
*  [[[[1]]]] [0] returned [[[1]]]
* [[[[[1]]]]][0] returned [[[[1]]]]
* $split() got exception with message Context value is not a compatible type with argument 1 of function "$split"
* $split({}) got exception with message Argument 1 of function $split does not match function signature
* $split({}, ' ') got exception with message Argument 1 of function $split does not match function signature
* $split(' ', {}) got exception with message Argument 2 of function $split does not match function signature
* $split(' ', ' ', {}) got exception with message Argument 3 of function $split does not match function signature
* $split([]) got exception with message Argument 1 of function $split does not match function signature
* $split([], ' ') got exception with message Argument 1 of function $split does not match function signature
* $split(' ', []) got exception with message Argument 2 of function $split does not match function signature
* $split(' ', ' ', []) got exception with message Argument 3 of function $split does not match function signature
* $split({"hello": 1}) got exception with message Argument 1 of function $split does not match function signature
* $split({"hello": 1}, ' ') got exception with message Argument 1 of function $split does not match function signature
* $split(' ', {"hello": 1}) got exception with message Argument 2 of function $split does not match function signature
* $split(' ', ' ', {"hello": 1}) got exception with message Argument 3 of function $split does not match function signature
* $split(["hello", 1]) got exception with message Argument 1 of function $split does not match function signature
* $split(["hello", 1], ' ') got exception with message Argument 1 of function $split does not match function signature
* $split(' ', ["hello", 1]) got exception with message Argument 2 of function $split does not match function signature
* $split(' ', ' ', ["hello", 1]) got exception with message Argument 3 of function $split does not match function signature
* $split(true) got exception with message Argument 1 of function $split does not match function signature
* $split(true, ' ') got exception with message Argument 1 of function $split does not match function signature
* $split(' ', true) got exception with message Argument 2 of function $split does not match function signature
* $split(' ', ' ', true) got exception with message Argument 3 of function $split does not match function signature
* $split(null) got exception with message Argument 1 of function $split does not match function signature
* $split(null, ' ') got exception with message Argument 1 of function $split does not match function signature
* $split(' ', null) got exception with message Argument 2 of function $split does not match function signature
* $split(' ', ' ', null) got exception with message Argument 3 of function $split does not match function signature
* $split(5) got exception with message Argument 1 of function $split does not match function signature
* $split(5, ' ') got exception with message Argument 1 of function $split does not match function signature
* $split(-5) got exception with message Argument 1 of function $split does not match function signature
* $split(-5, ' ') got exception with message Argument 1 of function $split does not match function signature
* $split(' ', ' ', -5) got exception with message Argument 3 of function $split does not match function signature
* $split(10/3.0) got exception with message Argument 1 of function $split does not match function signature
* $split(10/3.0, ' ') got exception with message Argument 1 of function $split does not match function signature
* $split(' ', ' ', 10/3.0) returned []
* $split(a.b.c) got exception with message Context value is not a compatible type with argument 1 of function "$split"
* $split(a.b.c, ' ') returned null
* $split(' ') got exception with message Context value is not a compatible type with argument 1 of function "$split"
* $split(' ', ' ') returned []
* $split('so many words', ' ') returned ["so","many","words"]
* $split('so many words', ' ', 2) returned ["so","many"]
* $split('foo', '') returned ["f","o","o"]
* $split('', '') returned []
* $sqrt() got exception with message Context value is not a compatible type with argument 1 of function "$sqrt"
* $sqrt({}) got exception with message Argument 1 of function $sqrt does not match function signature
* $sqrt([]) got exception with message Argument 1 of function $sqrt does not match function signature
* $sqrt('1') got exception with message Argument 1 of function $sqrt does not match function signature
* $sqrt(true) got exception with message Argument 1 of function $sqrt does not match function signature
* $sqrt(null) got exception with message Argument 1 of function $sqrt does not match function signature
* $sqrt(-1) got exception with message The $sqrt function cannot be applied to a negative number: -1.0
* $sqrt(a.b.c) returned null
* $sqrt(1) returned 1
* $sqrt(2147483647) returned 46340.950001051984
* $sqrt(21474836471234) returned 4634095.000238342
* $sqrt(1.0) returned 1
* $sqrt(1.23456) returned 1.1111075555498666
* $sqrt(1.234567890123) returned 1.1111111061109056
* $sqrt(10/3.0) returned 1.8257418583505538
* $sqrt(9223372036854775807) returned 3.03700049997605E9
* $sqrt(9223372036854775809) returned 3.03700049997605E9
* $sqrt(9223372036854775899.5) returned 3.03700049997605E9
* $sqrt(9223372036854775809123456789) returned 9.603838834994461E13
* $sqrt(9223372036854775809123456789.5) returned 9.603838834994461E13
* $sqrt(1234567890123456789012345678901234567890123456789012345678901234567890123456789012345678901234567890123456789012345678901234567890123456789012345678901234567890123456789012345678901234567890123456789012345678901234567890123456789012345678901234567890123456789012345678901234567890123456789012345678901234567890123456789012345678901234567890123456789012345678901234567890123456789012345678901234567890) got exception with message Number out of range: "1234567890123456789012345678901234567890123456789012345678901234567890123456789012345678901234567890123456789012345678901234567890123456789012345678901234567890123456789012345678901234567890123456789012345678901234567890123456789012345678901234567890123456789012345678901234567890123456789012345678901234567890123456789012345678901234567890123456789012345678901234567890123456789012345678901234567890"
* $string() returned null
* $string({}) returned "{}"
* $string([]) returned "[]"
* $string({"hello": 1}) returned "{\"hello\":1}"
* $string($string(["hello", 1])) returned "[\"hello\",1]"
* $string(1) returned "1"
* $string(-22.2) returned "-22.2"
* $string(10/3.0) returned "3.33333333333333"
* $string(xxxx) returned null
* $string(null) returned "null"
* $substringAfter() got exception with message Argument 1 of function $substringAfter does not match function signature
* $substringAfter({}) got exception with message Argument 1 of function $substringAfter does not match function signature
* $substringAfter({},  ' ') got exception with message Argument 1 of function $substringAfter does not match function signature
* $substringAfter('', {}) got exception with message Argument 2 of function $substringAfter does not match function signature
* $substringAfter({"hello": 1}, ' ') got exception with message Argument 1 of function $substringAfter does not match function signature
* $substringAfter(' ', {"hello": 1}) got exception with message Argument 2 of function $substringAfter does not match function signature
* $substringAfter([]) got exception with message Argument 1 of function $substringAfter does not match function signature
* $substringAfter([], ' ') got exception with message Argument 1 of function $substringAfter does not match function signature
* $substringAfter(' ', []) got exception with message Argument 2 of function $substringAfter does not match function signature
* $substringAfter(["hello"], ' ') got exception with message Argument 1 of function $substringAfter does not match function signature
* $substringAfter(' ', ["hello"]) got exception with message Argument 2 of function $substringAfter does not match function signature
* $substringAfter(1) got exception with message Argument 1 of function $substringAfter does not match function signature
* $substringAfter(1, 2) got exception with message Argument 1 of function $substringAfter does not match function signature
* $substringAfter(1, '2') got exception with message Argument 1 of function $substringAfter does not match function signature
* $substringAfter('1', 2) got exception with message Argument 2 of function $substringAfter does not match function signature
* $substringAfter(10/3.0) got exception with message Argument 1 of function $substringAfter does not match function signature
* $substringAfter(10/3.0, ' ') got exception with message Argument 1 of function $substringAfter does not match function signature
* $substringAfter(' ',  10/3.0) got exception with message Argument 2 of function $substringAfter does not match function signature
* $substringAfter(null) got exception with message Argument 1 of function $substringAfter does not match function signature
* $substringAfter(null, ' ') got exception with message Argument 1 of function $substringAfter does not match function signature
* $substringAfter(' ', null) got exception with message Argument 2 of function $substringAfter does not match function signature
* $substringAfter(a.b.c) returned null
* $substringAfter(a.b.c, ' ') returned null
* $substringAfter('', a.b.c) returned ""
* $substringAfter('',  ' ') returned ""
* $substringAfter('hello',  ' ') returned "hello"
* $substringAfter('hello world', ' ') returned "world"
* $substringAfter('hello world again', ' ') returned "world again"
* $substringAfter(' hello world again', ' ') returned "hello world again"
* $substringAfter('hello ', ' ') returned ""
* $substringBefore() got exception with message Argument 1 of function $substringBefore does not match function signature
* $substringBefore({}) got exception with message Argument 1 of function $substringBefore does not match function signature
* $substringBefore({},  ' ') got exception with message Argument 1 of function $substringBefore does not match function signature
* $substringBefore('', {}) got exception with message Argument 2 of function $substringBefore does not match function signature
* $substringBefore({"hello": 1}, ' ') got exception with message Argument 1 of function $substringBefore does not match function signature
* $substringBefore(' ', {"hello": 1}) got exception with message Argument 2 of function $substringBefore does not match function signature
* $substringBefore([]) got exception with message Argument 1 of function $substringBefore does not match function signature
* $substringBefore([], ' ') got exception with message Argument 1 of function $substringBefore does not match function signature
* $substringBefore(' ', []) got exception with message Argument 2 of function $substringBefore does not match function signature
* $substringBefore(["hello"], ' ') got exception with message Argument 1 of function $substringBefore does not match function signature
* $substringBefore(' ', ["hello"]) got exception with message Argument 2 of function $substringBefore does not match function signature
* $substringBefore(1) got exception with message Argument 1 of function $substringBefore does not match function signature
* $substringBefore(1, 2) got exception with message Argument 1 of function $substringBefore does not match function signature
* $substringBefore(1, '2') got exception with message Argument 1 of function $substringBefore does not match function signature
* $substringBefore('1', 2) got exception with message Argument 2 of function $substringBefore does not match function signature
* $substringBefore(10/3.0) got exception with message Argument 1 of function $substringBefore does not match function signature
* $substringBefore(10/3.0, ' ') got exception with message Argument 1 of function $substringBefore does not match function signature
* $substringBefore(' ',  10/3.0) got exception with message Argument 2 of function $substringBefore does not match function signature
* $substringBefore(null) got exception with message Argument 1 of function $substringBefore does not match function signature
* $substringBefore(null, ' ') got exception with message Argument 1 of function $substringBefore does not match function signature
* $substringBefore(' ', null) got exception with message Argument 2 of function $substringBefore does not match function signature
* $substringBefore(a.b.c) returned null
* $substringBefore('', a.b.c) returned ""
* $substringBefore(a.b.c, ' ') returned null
* $substringBefore('',  ' ') returned ""
* $substringBefore('hello',  ' ') returned "hello"
* $substringBefore('hello world', ' ') returned "hello"
* $substringBefore('hello world again', ' ') returned "hello"
* $substringBefore(' hello world again', ' ') returned ""
* $substring("hello",0) returned "hello"
* $substring("hello",1) returned "ello"
* $substring("hello",4) returned "o"
* $substring("hello",5) returned ""
* $substring("hello",6) returned ""
* $substring("hello",66) returned ""
* $substring("hello",1,1) returned "e"
* $substring("hello",-1,1) returned "o"
* $substring("hello",2,2) returned "ll"
* $substring("hello",0,1) returned "h"
* $substring("hello",0,4) returned "hell"
* $substring("hello",0,5) returned "hello"
* $substring("hello",0,6) returned "hello"
* $substring("hello",0,66) returned "hello"
* $substring("hello",-1) returned "o"
* $substring("hello",-2) returned "lo"
* $substring("hello",-4) returned "ello"
* $substring("hello",-5) returned "hello"
* $substring("hello",-6) returned "hello"
* $substring("hello",-66) returned "hello"
* $substring("hello",0,0) returned ""
* $substring("hello",0,-1) returned ""
* $substring("hello",0,-66) returned ""
* $substring("hello",1.0) returned "ello"
* $substring("hello",1.9) returned "ello"
* $substring("hello",2.0) returned "llo"
* $substring("hello",2.1) returned "llo"
* $substring("hello",-0.9) returned "hello"
* $substring("hello",-1.0) returned "o"
* $substring("hello",-1.1) returned "o"
* $substring("hello",-1.9) returned "o"
* $substring("hello",-2.0) returned "lo"
* $substring("hello",-2.1) returned "lo"
* $substring("hello",0,0.1) returned ""
* $substring("hello",0,0.9) returned ""
* $substring("hello",0,1.0) returned "h"
* $substring("hello",0,1.1) returned "h"
* $substring("hello",0,1.9999) returned "h"
* $substring() got exception with message Argument 1 of function $substring does not match function signature
* $substring("hello") got exception with message Argument 2 of function $substring does not match function signature
* $substring("hello", 1, 1, 1) got exception with message Argument 4 of function $substring does not match function signature
* $substring(null, 1) got exception with message Argument 1 of function $substring does not match function signature
* $substring(22, 1) got exception with message Argument 1 of function $substring does not match function signature
* $substring(["hello"], 1) got exception with message Argument 1 of function $substring does not match function signature
* $substring("hello", null) got exception with message Argument 2 of function $substring does not match function signature
* $substring("hello", "2") got exception with message Argument 2 of function $substring does not match function signature
* $substring("hello", [2]) got exception with message Argument 2 of function $substring does not match function signature
* $substring("hello", 1, null) got exception with message Argument 3 of function $substring does not match function signature
* $substring("hello", 1, "2") got exception with message Argument 3 of function $substring does not match function signature
* $substring("hello", 1, [2]) got exception with message Argument 3 of function $substring does not match function signature
* $substring(noexisty, 0) returned null
* $substring("hello", noexisty) returned "hello"
* $substring("hello", 1, noexisty) returned "ello"
* $sum({}) got exception with message Argument 1 of function "$sum" must be an array of "number"
* $sum(null) got exception with message Argument 1 of function "$sum" must be an array of "number"
* $sum([]) returned 0
* $sum([1,2,3]) returned 6
* $sum({"a":{"b":1}}.a.b) returned 1
* $sum() got exception with message Argument 1 of function $sum does not match function signature
* $sum([], []) got exception with message Argument 2 of function $sum does not match function signature
* $toMillis() got exception with message Context value is not a compatible type with argument 1 of function "$toMillis"
* $toMillis(1) got exception with message Argument 1 of function $toMillis does not match function signature
* $toMillis(-1) got exception with message Argument 1 of function $toMillis does not match function signature
* $toMillis({}) got exception with message Argument 1 of function $toMillis does not match function signature
* $toMillis({"hello": 1}) got exception with message Argument 1 of function $toMillis does not match function signature
* $toMillis([]) got exception with message Argument 1 of function $toMillis does not match function signature
* $toMillis(["hello", 1]) got exception with message Argument 1 of function $toMillis does not match function signature
* $toMillis(true) got exception with message Argument 1 of function $toMillis does not match function signature
* $toMillis(null) got exception with message Argument 1 of function $toMillis does not match function signature
* $toMillis('foo') got exception with message The argument for the $toMillis function must be an ISO 8601 format datetime string: "foo"
* $toMillis(a.b.c) returned null
* $toMillis('2018-01-22T10:02:09.240Z') returned 1516615329240
* $toMillis('2018-01-22T10:02:09.240+01:00') returned 1516611729240
* $toMillis('2018-01-22T10:02:09.240-01:00') returned 1516618929240
* $toMillis('2018-01-22T10:02:09.240+10:00') returned 1516579329240
* $toMillis('2018-01-22T10:02:09.240-10:00') returned 1516651329240
* $trim() returned null
* $trim({}) got exception with message Argument 1 of function $trim does not match function signature
* $trim([]) got exception with message Argument 1 of function $trim does not match function signature
* $trim({"hello": 1}) got exception with message Argument 1 of function $trim does not match function signature
* $trim(["hello", 1]) got exception with message Argument 1 of function $trim does not match function signature
* $trim(1) got exception with message Argument 1 of function $trim does not match function signature
* $trim(-22.2) got exception with message Argument 1 of function $trim does not match function signature
* $trim(10/3.0) got exception with message Argument 1 of function $trim does not match function signature
* $trim(null) got exception with message Argument 1 of function $trim does not match function signature
* $trim("", "") got exception with message Argument 2 of function $trim does not match function signature
* $trim(a.b.c) returned null
* $trim("") returned ""
* $trim(" Hello World ") returned "Hello World"
* $trim("	Hello World	") returned "Hello World"
* $trim("
Hello World
") returned "Hello World"
* $trim(" Hello   World ") returned "Hello World"
* $trim(" Hello	World ") returned "Hello World"
* $trim(" Hello
World ") returned "Hello World"
* $trim(" Hello	
World ") returned "Hello World"
* $trim(" Hello	   World ") returned "Hello World"
* $uppercase() got exception with message Context value is not a compatible type with argument 1 of function "$uppercase"
* $uppercase({}) got exception with message Argument 1 of function $uppercase does not match function signature
* $uppercase([]) got exception with message Argument 1 of function $uppercase does not match function signature
* $uppercase({"hello": 1}) got exception with message Argument 1 of function $uppercase does not match function signature
* $uppercase(["hello", 1]) got exception with message Argument 1 of function $uppercase does not match function signature
* $uppercase(1) got exception with message Argument 1 of function $uppercase does not match function signature
* $uppercase(-22.2) got exception with message Argument 1 of function $uppercase does not match function signature
* $uppercase(10/3.0) got exception with message Argument 1 of function $uppercase does not match function signature
* $uppercase(null) got exception with message Argument 1 of function $uppercase does not match function signature
* $uppercase("", "") got exception with message Argument 2 of function $uppercase does not match function signature
* $uppercase(a.b.c) returned null
* $uppercase("") returned ""
* $uppercase("Hello World") returned "HELLO WORLD"
* $uppercase("HELLO WORLD") returned "HELLO WORLD"
* $uppercase("!@#$%^&*()") returned "!@#$%^&*()"
* $unpack() got exception with message Context value is not a compatible type with argument 1 of function "$unpack"
* $unpack("41b1999a", "b32f") returned 22.2
1..2
$count(1..2)
$notavar
$exists(payload.entities)
function($v,$k){$v.value}
$exists(payload.results.bindings) and $count(payload.results.bindings) < 10
($array1:=payload.results.bindings;  $array2:=payload.results.vars; $append([[$array2]],$map($array1,function($obj1){$each($obj1,function($v,$k){$v.value})})))
payload.context.cohibasAction="cohibasRestart"
payload.countSummary.reductionType = ""
payload.cohibas.workflow.flowPointer+1
$exists(payload.metaPrefix) and $exists(payload.metaPrefixURI)
$exists(payload.setID) and $exists(payload.facets) and $exists(payload.prefixes) and $exists(payload.prefixTypes)
$contains($lowercase(user_msg), "new conversation")
$substring(payload.input.text,0,$length(payload.input.text)-2)
"The " & payload.context.flight_route & " is " & payload.context.airport & " and is located at (" & payload.context.airportCoordinates.latitude & "," & payload.context.airportCoordinates.longitude & ")"
payload.context.flight_route and payload.context.airport and payload.context.airportCoordinates.latitude and payload.context.airportCoordinates.longitude
"actions":["getFlightRouteReference","getCoordinatesForAirportICAO"]
payload.entities[entity="flight_route"].value
* Surname returned "Smith"
* Age returned 28
* Address.City returned "Winchester"
* Other.Misc returned null
* Other.`Over 18 ?` returned true
* Phone[0] returned {"type":"home","number":"0203 544 1234"}
* Phone[1] returned {"type":"office","number":"01962 001234"}
* Phone[-1] returned {"type":"mobile","number":"077 7700 1234"}
* Phone[-2] returned {"type":"office","number":"01962 001235"}
* Phone[8] returned null
* Phone[0].number returned "0203 544 1234"
* Phone.number returned ["0203 544 1234","01962 001234","01962 001235","077 7700 1234"]
* Phone.number[0] returned ["0203 544 1234","01962 001234","01962 001235","077 7700 1234"]
* (Phone.number)[0] returned "0203 544 1234"
* Phone[type='mobile'] returned {"type":"mobile","number":"077 7700 1234"}
* Phone[type='mobile'].number returned "077 7700 1234"
* Phone[type='office'].number returned ["01962 001234","01962 001235"]
* FirstName & ' ' & Surname returned "Fred Smith"
* Address.(Street & ', ' & City) returned "Hursley Park, Winchester"
* Numbers[0] + Numbers[1] returned 3.4
* Numbers[0] - Numbers[4] returned -19.9
* Numbers[0] * Numbers[5] returned 30
* Numbers[0] / Numbers[4] returned 0.04784688995215311
* Numbers[2] % Numbers[5] returned 3.5
* Numbers[0] = Numbers[5] returned false
* Numbers[0] != Numbers[4] returned true
* Numbers[0] < Numbers[5] returned true
* Numbers[1] <= Numbers[5] returned true
* Numbers[2] > Numbers[4] returned false
* Numbers[2] >= Numbers[4] returned false
* "01962 001234" in Phone.number returned true
* (Numbers[2] != 0) and (Numbers[5] != Numbers[1]) returned true
* (Numbers[2] != 0) or (Numbers[5] = Numbers[1]) returned true
* [Address, Other.`Alternative.Address`].City returned ["Winchester","London"]
* Email.[address] returned [["fred.smith@my-work.com","fsmith@my-work.com"],["freddy@my-social.com","frederic.smith@very-serious.com"]]
* "hello world" returned "hello world"
* 34.5 returned 34.5
* true returned true
* false returned false
* {"key1": "value1", "key2": "value2"} returned {"key1":"value1","key2":"value2"}
* ["value1", "value2"] returned ["value1","value2"]
* Address.City returned "Winchester"
* Phone.number returned ["0203 544 1234","01962 001234","01962 001235","077 7700 1234"]
* Account.Order.Product.(Price * Quantity) returned [68.9,21.67,137.8,107.99]
* "Hello" & "World" returned "HelloWorld"
* 5 + 2 returned 7
* 5 - 2 returned 3
* - 42 returned -42
* 5 * 2 returned 10
* 5.0 / 2 returned 2.5
* 5 % 2 returned 1
* 1+1 = 2 returned true
* 1+1 != 3 returned true
* "Hello" != "World" returned true
* 22.0/7 > 3 returned true
* 5>5 returned false
* 22.0/7 < 3 returned false
* 5<5 returned false
* 22.0/7 >= 3 returned true
* 5>=5 returned true
* 22.0/7 <= 3 returned false
* 5<=5 returned true
* "world" in ["hello", "world"] returned true
* "hello" in "hello" returned true
* library.books["Aho" in authors and price < 50].title returned "The Big Bad World"
* library.books[price < 10 or section="diy"].title returned ["Shelves for idiots","Moby Dick"]
* [1..5] returned [1,2,3,4,5]
* [1..3, 7..9] returned [1,2,3,7,8,9]
* library.books[0].price < 50 ? "Cheap" : "Expensive" returned "Cheap"
* $substring("Hello World", 3) returned "lo World"
* $substring("Hello World", 3, 5) returned "lo Wo"
* $substring("Hello World", -4) returned "orld"
* $substring("Hello World", -4, 2) returned "or"
* Surname returned "Smith"
* Age returned 28
* Address.City returned "Winchester"
* Account.`Account Name` returned "Firefly"
* Other.Misc returned null
* Other.Nothing returned null
* Nothing.Other returned null
* Other.`Over 18 ?` returned true
* Phone[0] returned {"type":"home","number":"0203 544 1234"}
* Phone[1] returned {"type":"office","number":"01962 001234"}
* Phone[-1] returned {"type":"mobile","number":"077 7700 1234"}
* Phone[-2] returned {"type":"office","number":"01962 001235"}
* Phone[8] returned null
* Phone[0].number returned "0203 544 1234"
* Phone.number returned ["0203 544 1234","01962 001234","01962 001235","077 7700 1234"]
* Phone.number[0] returned ["0203 544 1234","01962 001234","01962 001235","077 7700 1234"]
* (Phone.number)[0] returned "0203 544 1234"
* Phone[[0..1]] returned [{"type":"home","number":"0203 544 1234"},{"type":"office","number":"01962 001234"}]
* $[0] returned {"ref":[1,2]}
* Account.Order[0].OrderID returned "order103"
* Account.Order.OrderID returned ["order103","order104"]
* Account.Order.OrderID.$uppercase() returned ["ORDER103","ORDER104"]
* Account.Order.Product[858236 in ProductID].SKU returned "0406634348"
* Account.Order.Product[0].SKU returned ["0406654608","040657863"]
* $sift(Account.Order.Product[1][ProductID=858236],function($v, $k) {$substring($k,0,1)="P"}) returned {"Product Name":"Trilby hat","ProductID":858236,"Price":21.67}
* Account.Order.Product.$sift(function($v, $k){$substring($k,0,1)="P"}) returned [{"Product Name":"Bowler Hat","ProductID":858383,"Price":34.45},{"Product Name":"Trilby hat","ProductID":858236,"Price":21.67},{"Product Name":"Bowler Hat","ProductID":858383,"Price":34.45},{"ProductID":345664,"Product Name":"Cloak","Price":107.99}]
* $filter([{"entity":{"filter":true}},{"entity":{"filter":false}},{"entity":{"missingfilter":true}}],
   function($v){$v.entity.filter=true}) returned {"entity":{"filter":true}}
* $filter([{"entity":{"filter":true}},{"entity":{"filter":false}},{"entity":{"missingfilter":true}}],
   function($v){$v.filter=true}) returned null
* $length(Surname) returned 5
* $length(SurnameX) returned null
* $length(Surname)=5 returned true
* $length(SurnameX)=5 returned false
* ( $abc := function($x) {( $y := 2 * $x; $x + $y )}; $abc(5)) returned 15
* ( $abc := function($x) {( $y := 2 * $x; $x + $y )}; $abc(Age)) returned 84
* Account.Order.*.ProductID returned [858383,858236,858383,345664]
* Account.Order.Product.ProductID.** returned [858383,858236,858383,345664]
* Account.Order.*[0] returned ["order103","order104"]
* Account.**.OrderID returned ["order103","order104"]
* Account.**.junk returned null
* **.junk returned null
* ( (true and false) ? "one" : (true and true) ? "two" : (false and true) ? "three" : (false and false) ? "four" : "five" ) returned "two"
* { "books": ["one"] }.books returned ["one"]
* name returned ["one","three"]
* [name] returned ["one","three"]
* namec.names returned ["one","two","three","four"]
* namec.[names] returned [["one"],["two"],["three","four"]]
* {"a":[1]}.a returned [1]
* [{"a":[1]}].a[0] returned 1
* {"a":[1]}.a[0] returned 1
* [Account.Order].{"id" : $join(Product.ProductID, ', ')} got exception with message Argument 1 of function $join must be an array of strings
* null returned null
* $exists(whatever)?22:null returned null
* observedProperties[0][name='VIS-MISSED600sec'].value returned 2
* $string([1,2,3,4,5]) returned "[1,2,3,4,5]"
* 'a' returned "a"
* "a" returned "a"
* `a` returned null
* 'helloworld' returned "helloworld"
* "helloworld" returned "helloworld"
* `helloworld` returned null
* 'a b' returned "a b"
* "a b" returned "a b"
* `a b` returned null
* 'hello world' returned "hello world"
* "hello world" returned "hello world"
* `hello world` returned null
* ' ' returned " "
* " " returned " "
* ` ` returned null
* '   ' returned "   "
* "   " returned "   "
* `   ` returned null
* '' returned ""
* "" returned ""
* `` returned null
* '\"' returned "\""
* "\"" returned "\""
* `\"` returned null
* '\/' returned "/"
* "\/" returned "/"
* `\/` returned null
* '\b' returned "\b"
* "\b" returned "\b"
* `\b` returned null
* '\f' returned "\f"
* "\f" returned "\f"
* `\f` returned null
* '\n' returned "\n"
* "\n" returned "\n"
* `\n` returned null
* '\r' returned "\r"
* "\r" returned "\r"
* `\r` returned null
* '\t' returned "\t"
* "\t" returned "\t"
* `\t` returned null
* '\uaA2d' returned "ꨭ"
* "\uaA2d" returned "ꨭ"
* `\uaA2d` returned null
* '\" \/ \b \f \n \r \t  \uaA2d' returned "\" / \b \f \n \r \t  ꨭ"
* "\" \/ \b \f \n \r \t  \uaA2d" returned "\" / \b \f \n \r \t  ꨭ"
* `\" \/ \b \f \n \r \t  \uaA2d` returned null
* "hello" returned "hello"
* [0,1,2,3,4][5] returned null
* [0,1,2,3,4][-5] returned 0
* [0,1,2,3,4][-6] returned null
* [0,1,2,3,4]["hello"] got exception with message non-numeric value used as array index
* [0,1,2,3,4][["hello"]] got exception with message non-numeric value used as array index
* [0,1,2,3,4][true] returned [0,1,2,3,4]
* [0,1,2,3,4][[true]] returned [0,1,2,3,4]
* [0,1,2,3,4][{"hello":"world"}] got exception with message non-numeric value used as array index
* [0,1,2,3,4][[{"hello":"world"}]] got exception with message non-numeric value used as array index
* [0,1,2,3,4][false] returned null
* [0,1,2,3,4][[false]] returned null
* [0,1,2,3,4][[[false]]] returned null
* true[0] returned true
* true[1] returned null
* {"arr":true}.arr[0] returned true
* false[0] returned false
* 1[0] returned 1
* "hello"[0] returned "hello"
* $shuffle("a") returned ["a"]
* $shuffle(1) returned [1]
* $reverse([1,2,3,4,5]) returned [5,4,3,2,1]
* $reverse([1..5]) returned [5,4,3,2,1]
* $shuffle([1..5])=[3,2,5,4,1]
* $zip([1,2],4,{"a":1,"b":2}) returned [[1,4,{"a":1,"b":2}]]
* $zip([]) returned []
* $zip({}) returned [[{}]]
* $sort(a.b) returned null
* $sort("a") returned ["a"]
* $sort([1,5,3,4,2]) returned [1,2,3,4,5]
* $sort([1,5,3,4,2],function($l,$r){$l>$r}) returned [1,2,3,4,5]
* ($x:=function($l,$r){$l>$r};$sort([1,5,3,4,2],$x)) returned [1,2,3,4,5]
* $test:=10/2 returned 5
* ($x:=10;$y:=2;$x/$y) returned 5
* function($l, $w, $h){ $l * $w * $h }(10, 10, 5) returned 500
* $string(1) returned "1"
* $map([1..5], $string) returned ["1","2","3","4","5"]
* $map([1..3],function($v,$k,$a){$string($v) & " " & $string($k)}) returned ["1 0","2 1","3 2"]
* $map([{"a":1,"value":2},{"b":3,"value":4}],function($obj1){$each($obj1,function($v,$k){$k&"="&$v})}) returned [["a=1","value=2"],["b=3","value=4"]]
* ($x:=function($l){$l*2};$map([1,5,3,4,2],$x)) returned [2,10,6,8,4]
* ($x:=function($l){$l>2};$filter([1,5,3,4,2],$x)) returned [5,3,4]
* ($x:=function($l){$l%2=1};$map([1,5,3,4,2],$x)) returned [true,true,true,false,false]
* ($x:=function($l){$l%2=1};$filter([1,5,3,4,2],$x)) returned [1,5,3]
* $reduce([1..5],function($i,$j){$i*$j}) returned 120
* $reduce([1..5],function($i,$j){$i*$j},30) returned 3600
* ($x:=function($i,$j){$i*$j};$reduce([1..5],$x,30)) returned 3600
* $keys(a.b) returned null
* [{"key1":"value1"},{"key2":"value2"},[{"key3":"value3"}],4,"value5"]~>$keys() returned ["key1","key2"]
* $keys({"a":1,"value":2}) returned ["a","value"]
* $lookup({"a":1,"value":2}, "a") returned 1
* [{"key1":"value1"},{"key2":"value2"},[{"key1":"value3"}],4,"value5"]~>$lookup("key1") returned ["value1",["value3"]]
* $spread({"a":1,"value":2}) returned [{"a":1},{"value":2}]
* $spread([{"a":1,"value":2},{"b":{"value":{"d":5},"c":5}},{"a":2}]) returned [{"a":1},{"value":2},{"b":{"value":{"d":5},"c":5}},{"a":2}]
* $spread({}) returned null
* $spread([{}]) returned []
* $spread([]) returned null
* $spread("a") returned "a"
* $spread(1) returned 1
* $spread([1]) returned [1]
* $merge([{"a":1,"value":2},{"b":{"value":{"d":5},"c":5}},{"a":2}]) returned {"a":2,"value":2,"b":{"value":{"d":5},"c":5}}
* $merge(a.b) returned null
* [ {"a": [1,2]}, {"a":[3,4]} ].a returned [1,2,3,4]
* "hello"="hello" returned true
* "hello"="ello" returned false
* true=true returned true
* true=false returned false
* false=false returned true
* "hello"!="hello" returned false
* "hello"!="ello" returned true
* true!=true returned false
* true!=false returned true
* false!=false returned false
* [1]=[1] returned true
* [1]=[1,2] returned false
* [true]=[true] returned true
* ["a"]=["a"] returned true
* [2] in [1,[2]] returned false
* [1]!=[1] returned false
* [1]!=[1,2] returned true
* [true]!=[true] returned false
* ["a"]!=["a"] returned false
* {}={} returned true
* {"a":1}={"a":1} returned true
* {}!={} returned false
* {"a":1}!={"a":1} returned false
* 1 in [1,2] returned true
* 1.0 in [1,2] returned true
* 2 in [1,2] returned true
* 2 in [1,[2]] returned false
* [1,2] in 1 returned false
* 1.1 in [1.1,2] returned true
* 1.1 in [1.2,2] returned false
* 1 in 1 returned true
* 1 in 0 returned false
* {"a":[0,1,2,3,4]}.a returned [0,1,2,3,4]
* [{"a":[0,1,2,4]},{"a":[0,1,2,4]}].a returned [0,1,2,4,0,1,2,4]
* [{"City":"Winchester"}, {"Alternative.Address":{"City":"London"}}.`Alternative.Address`].City returned ["Winchester","London"]
* $append([], [1,2]) returned [1,2]
* $append([1,2], []) returned [1,2]
* $append([][0], [1,2]) returned [1,2]
* $append([1,2], [][0]) returned [1,2]
* a.b.c~>$append(null) returned null
* $append("abc",a.b.c) returned "abc"
* $append(a.b.c,"abc") returned "abc"
* $append(a.b.c, a.b.c) returned null
* null~>$append(null) returned [null,null]
* [1,2,3]~>$average() returned 2
* a.b.c~>$average() returned null
* [{"a":1},{"a":2},{"a":3},{"a":4},{"a":5},{"a":[6,7]}].a returned [1,2,3,4,5,6,7]
* [{"a":1},{"a":2},{"a":3},{"a":4},{"a":5},{"a":[6,7]}].a.b returned null
* ([{"a":1},{"a":2},{"a":3},{"a":4},{"a":5},{"a":[6,7]}].a).b returned null
* [{"a":1},{"a":2},{"a":3},{"a":4},{"a":5},{"a":[6,7]}].a[0] returned [1,2,3,4,5,6]
* [{"a":1},{"a":2},{"a":3},{"a":4},{"a":5},{"a":[6,7]}].a[""] got exception with message non-numeric value used as array index
* [{"a":1},{"a":2},{"a":3},{"a":4},{"a":5},{"a":[6,7]}].a["hello"] got exception with message non-numeric value used as array index
* [{"a":1},{"a":2},{"a":3},{"a":4},{"a":5},{"a":[6,7]}].a[true] returned [1,2,3,4,5,6,7]
* [{"a":1},{"a":2},{"a":3},{"a":4},{"a":5},{"a":[6,7]}].a[[true]] returned [1,2,3,4,5,6,7]
* [{"a":1},{"a":2},{"a":3},{"a":4},{"a":5},{"a":[6,7]}].a[false] returned null
* [{"a":1},{"a":2},{"a":3},{"a":4},{"a":5},{"a":[6,7]}].a[[false]] returned null
* [{"a":1},{"a":2},{"a":3},{"a":4},{"a":5},{"a":[6,7]}].a[[[false]]] returned null
* ([{"a":1},{"a":2},{"a":3},{"a":4},{"a":5},{"a":[6,7]}]).a returned [1,2,3,4,5,6,7]
* ($count([{"a":1},{"a":2},{"a":3},{"a":4},{"a":5},{"a":[6,7]}].a)) returned 7
* ([{"a":1},{"a":2},{"a":3},{"a":4},{"a":5},{"a":[6,7]}].a) returned [1,2,3,4,5,6,7]
* [{"a":1},{"a":2},{"a":3},{"a":4},{"a":5},{"a":[6,7]}].a[0][0] returned [1,2,3,4,5,6]
* [{"a":1},{"a":2},{"a":3},{"a":4},{"a":5},{"a":[6,7]}].a[0][1] returned null
* [{"a":1},{"a":2},{"a":3},{"a":4},{"a":5},{"a":[6,7]}].a[1] returned 7
* [{"a":1},{"a":2},{"a":3},{"a":4},{"a":5},{"a":[6,7]}].a[1][0] returned 7
* [{"a":1},{"a":2},{"a":3},{"a":4},{"a":5},{"a":[6,7]}].a[1][1] returned null
* [{"a":1},{"a":2},{"a":3},{"a":4},{"a":5},{"a":[6,7]}].a[2] returned null
* [{"a":1},{"a":2},{"a":3},{"a":4},{"a":5},{"a":[6,7]}].a[2][0] returned null
* [{"a":1},{"a":2},{"a":3},{"a":4},{"a":5},{"a":[6,7]}].a[[0]] returned [1,2,3,4,5,6]
* [{"a":1},{"a":2},{"a":3},{"a":4},{"a":5},{"a":[6,7]}].a[[1]] returned 7
* [{"a":1},{"a":2},{"a":3},{"a":4},{"a":5},{"a":[6,7]}].a[[0,1]] returned [1,2,3,4,5,6,7]
* [{"a":1},{"a":2},{"a":3},{"a":4},{"a":5},{"a":[6,7]}].a[[0,1,2]] returned [1,2,3,4,5,6,7]
* [{"a":1},{"a":2},{"a":3},{"a":4},{"a":5},{"a":[6,7]}].a[[1,2]] returned 7
* [{"a": [{"b":[0, 1, 2]}]}, {"a": [{"b":[3, 4, 5]}, {"b":[6,7,8]}]}].a[0] returned [{"b":[0,1,2]},{"b":[3,4,5]}]
* [{"a": [{"b":[0, 1, 2]}]}, {"a": [{"b":[3, 4, 5]}, {"b":[6,7,8]}]}].a[1] returned {"b":[6,7,8]}
* [{"a": [{"b":[0, 1, 2]}]}, {"a": [{"b":[3, 4, 5]}, {"b":[6,7,8]}]}].a[2] returned null
* [{"a": [{"b":[0, 1, 2]}]}, {"a": [{"b":[3, 4, 5]}, {"b":[6,7,8]}]}].a[0].b returned [0,1,2,3,4,5]
* [{"a": [{"b":[0, 1, 2]}]}, {"a": [{"b":[3, 4, 5]}, {"b":[6,7,8]}]}].a[1].b returned [6,7,8]
* [{"a": [{"b":[0, 1, 2]}]}, {"a": [{"b":[3, 4, 5]}, {"b":[6,7,8]}]}].a[2].b returned null
* [{"a": [{"b":[0, 1, 2]}]}, {"a": [{"b":[3, 4, 5]}, {"b":[6,7,8]}]}].a[0].b[0] returned [0,3]
* [{"a": [{"b":[0, 1, 2]}]}, {"a": [{"b":[3, 4, 5]}, {"b":[6,7,8]}]}].a[0].b[1] returned [1,4]
* [{"a": [{"b":[0, 1, 2]}]}, {"a": [{"b":[3, 4, 5]}, {"b":[6,7,8]}]}].a[0].b[2] returned [2,5]
* [{"a": [{"b":[0, 1, 2]}]}, {"a": [{"b":[3, 4, 5]}, {"b":[6,7,8]}]}].a[0].b[3] returned null
* [{"a": [{"b":[0, 1, 2]}]}, {"a": [{"b":[3, 4, 5]}, {"b":[6,7,8]}]}].a[1].b[0] returned 6
* [{"a": [{"b":[0, 1, 2]}]}, {"a": [{"b":[3, 4, 5]}, {"b":[6,7,8]}]}].a[1].b[1] returned 7
* [{"a": [{"b":[0, 1, 2]}]}, {"a": [{"b":[3, 4, 5]}, {"b":[6,7,8]}]}].a[1].b[2] returned 8
* [{"a": [{"b":[0, 1, 2]}]}, {"a": [{"b":[3, 4, 5]}, {"b":[6,7,8]}]}].a[1].b[3] returned null
* [{"a": [{"b":[0, 1, 2]}]}, {"a": [{"b":[3, 4, 5]}, {"b":[6,7,8]}]}].a[2].b[0] returned null
* ([{"a": [{"b":[0, 1, 2]}]}, {"a": [{"b":[3, 4, 5]}, {"b":[6,7,8]}]}].a)[0] returned {"b":[0,1,2]}
* ([{"a": [{"b":[0, 1, 2]}]}, {"a": [{"b":[3, 4, 5]}, {"b":[6,7,8]}]}].a)[1] returned {"b":[3,4,5]}
* ([{"a": [{"b":[0, 1, 2]}]}, {"a": [{"b":[3, 4, 5]}, {"b":[6,7,8]}]}].a)[2] returned {"b":[6,7,8]}
* ([{"a": [{"b":[0, 1, 2]}]}, {"a": [{"b":[3, 4, 5]}, {"b":[6,7,8]}]}].a)[0].b returned [0,1,2]
* ([{"a": [{"b":[0, 1, 2]}]}, {"a": [{"b":[3, 4, 5]}, {"b":[6,7,8]}]}].a)[1].b returned [3,4,5]
* ([{"a": [{"b":[0, 1, 2]}]}, {"a": [{"b":[3, 4, 5]}, {"b":[6,7,8]}]}].a)[2].b returned [6,7,8]
* ([{"a": [{"b":[0, 1, 2]}]}, {"a": [{"b":[3, 4, 5]}, {"b":[6,7,8]}]}].a[0]).b returned [0,1,2,3,4,5]
* ([{"a": [{"b":[0, 1, 2]}]}, {"a": [{"b":[3, 4, 5]}, {"b":[6,7,8]}]}].a[1]).b returned [6,7,8]
* ([{"a": [{"b":[0, 1, 2]}]}, {"a": [{"b":[3, 4, 5]}, {"b":[6,7,8]}]}].a[2]).b returned null
* ([{"a": [{"b":[0, 1, 2]}]}, {"a": [{"b":[3, 4, 5]}, {"b":[6,7,8]}]}].a)[0].b[0] returned 0
* ([{"a": [{"b":[0, 1, 2]}]}, {"a": [{"b":[3, 4, 5]}, {"b":[6,7,8]}]}].a)[0].b[1] returned 1
* ([{"a": [{"b":[0, 1, 2]}]}, {"a": [{"b":[3, 4, 5]}, {"b":[6,7,8]}]}].a)[0].b[2] returned 2
* ([{"a": [{"b":[0, 1, 2]}]}, {"a": [{"b":[3, 4, 5]}, {"b":[6,7,8]}]}].a[0]).b[0] returned [0,3]
* ([{"a": [{"b":[0, 1, 2]}]}, {"a": [{"b":[3, 4, 5]}, {"b":[6,7,8]}]}].a[1]).b[0] returned 6
* ([{"a": [{"b":[0, 1, 2]}]}, {"a": [{"b":[3, 4, 5]}, {"b":[6,7,8]}]}].a[2]).b[0] returned null
* ([{"a": [{"b":[0, 1, 2]}]}, {"a": [{"b":[3, 4, 5]}, {"b":[6,7,8]}]}].a[0]).b[1] returned [1,4]
* ([{"a": [{"b":[0, 1, 2]}]}, {"a": [{"b":[3, 4, 5]}, {"b":[6,7,8]}]}].a[1]).b[1] returned 7
* ([{"a": [{"b":[0, 1, 2]}]}, {"a": [{"b":[3, 4, 5]}, {"b":[6,7,8]}]}].a[2]).b[1] returned null
* ([{"a": [{"b":[0, 1, 2]}]}, {"a": [{"b":[3, 4, 5]}, {"b":[6,7,8]}]}].a[0]).b[2] returned [2,5]
* ([{"a": [{"b":[0, 1, 2]}]}, {"a": [{"b":[3, 4, 5]}, {"b":[6,7,8]}]}].a[1]).b[2] returned 8
* [[{"a":1}, {"a":2}, {"a":3}], [{"a":4}, {"a":5}],[{"a":6}],[]][0] returned [{"a":1},{"a":2},{"a":3}]
* [[{"a":1}, {"a":2}, {"a":3}], [{"a":4}, {"a":5}],[{"a":6}],[]][0][0] returned {"a":1}
* [[{"a":1}, {"a":2}, {"a":3}], [{"a":4}, {"a":5}],[{"a":6}],[]].a returned [1,2,3,4,5,6]
* [[{"a":1}, {"a":2}, {"a":3}], [{"a":4}, {"a":5}],[{"a":6}],[]].a[0] returned [1,4,6]
* [[{"a":1}, {"a":2}, {"a":3}], [{"a":4}, {"a":5}],[{"a":6}],[]].a[0][0] returned [1,4,6]
* [[{"a":1}, {"a":2}, {"a":3}], [{"a":4}, {"a":5}],[{"a":6}],[]].a[1] returned [2,5]
* [[{"a":1}, {"a":2}, {"a":3}], [{"a":4}, {"a":5}],[{"a":6}],[]].a[2] returned 3
* [[{"a":1}, {"a":2}, {"a":3}], [{"a":4}, {"a":5}],[{"a":6}],[]].a[3] returned null
* [[{"a":1}, {"a":2}, {"a":3}], [{"a":4}, {"a":5}],[{"a":6}],[]].a[[0]] returned [1,4,6]
* [[{"a":1}, {"a":2}, {"a":3}], [{"a":4}, {"a":5}],[{"a":6}],[]].a[[1]] returned [2,5]
* [[{"a":1}, {"a":2}, {"a":3}], [{"a":4}, {"a":5}],[{"a":6}],[]].a[[2]] returned 3
* [[{"a":1}, {"a":2}, {"a":3}], [{"a":4}, {"a":5}],[{"a":6}],[]].a[[3]] returned null
* [[{"a":1}, {"a":2}, {"a":3}], [{"a":4}, {"a":5}],[{"a":6}],[]].a[[0,1]] returned [1,2,4,5,6]
* [[{"a":1}, {"a":2}, {"a":3}], [{"a":4}, {"a":5}],[{"a":6}],[]].a[[1,0]] returned [1,2,4,5,6]
* [[{"a":1}, {"a":2}, {"a":3}], [{"a":4}, {"a":5}],[{"a":6}],[]].a[[0,1,2]] returned [1,2,3,4,5,6]
* [[{"a":1}, {"a":2}, {"a":3}], [{"a":4}, {"a":5}],[{"a":6}],[]].a[[0,1,2,3]] returned [1,2,3,4,5,6]
* [[{"a":1}, {"a":2}, {"a":3}], [{"a":4}, {"a":5}],[{"a":6}],[]].a[[1,2,3]] returned [2,3,5]
* [[{"a":1}, {"a":2}, {"a":3}], [{"a":4}, {"a":5}],[{"a":6}],[]].a[[3,2,1]] returned [2,3,5]
* [[{"a":1}, {"a":2}, {"a":3}], [{"a":4}, {"a":5}],[{"a":6}],[]].a[[1,2,3,2,1]] returned [2,2,3,3,5,5]
* [{"a": [{"b":1}, {"b":2}]}, {"a": [{"b":3}]}, {"a":[{"b":4}, {"b":5}]}, {"a":[]}, {"b":[{"b":6} ]}, {"c":[{"b":7} ]}, 8, {"b":9}, {"a":[{"x":22}]}][6] returned 8
* [{"a": [{"b":1}, {"b":2}]}, {"a": [{"b":3}]}, {"a":[{"b":4}, {"b":5}]}, {"a":[]}, {"b":[{"b":6} ]}, {"c":[{"b":7} ]}, 8, {"b":9}, {"a":[{"x":22}]}].a returned [{"b":1},{"b":2},{"b":3},{"b":4},{"b":5},{"x":22}]
* [{"a": [{"b":1}, {"b":2}]}, {"a": [{"b":3}]}, {"a":[{"b":4}, {"b":5}]}, {"a":[]}, {"b":[{"b":6} ]}, {"c":[{"b":7} ]}, 8, {"b":9}, {"a":[{"x":22}]}].a.b returned [1,2,3,4,5]
* [{"a": [{"b":1}, {"b":2}]}, {"a": [{"b":3}]}, {"a":[{"b":4}, {"b":5}]}, {"a":[]}, {"b":[{"b":6} ]}, {"c":[{"b":7} ]}, 8, {"b":9}, {"a":[{"x":22}]}].a.x returned 22
* [{"a": [{"b":1}, {"b":2}]}, {"a": [{"b":3}]}, {"a":[{"b":4}, {"b":5}]}, {"a":[]}, {"b":[{"b":6} ]}, {"c":[{"b":7} ]}, 8, {"b":9}, {"a":[{"x":22}]}].a[0] returned [{"b":1},{"b":3},{"b":4},{"x":22}]
* [{"a": [{"b":1}, {"b":2}]}, {"a": [{"b":3}]}, {"a":[{"b":4}, {"b":5}]}, {"a":[]}, {"b":[{"b":6} ]}, {"c":[{"b":7} ]}, 8, {"b":9}, {"a":[{"x":22}]}].a[1] returned [{"b":2},{"b":5}]
* [{"a": [{"b":1}, {"b":2}]}, {"a": [{"b":3}]}, {"a":[{"b":4}, {"b":5}]}, {"a":[]}, {"b":[{"b":6} ]}, {"c":[{"b":7} ]}, 8, {"b":9}, {"a":[{"x":22}]}].a[2] returned null
* [{"a": [{"b":1}, {"b":2}]}, {"a": [{"b":3}]}, {"a":[{"b":4}, {"b":5}]}, {"a":[]}, {"b":[{"b":6} ]}, {"c":[{"b":7} ]}, 8, {"b":9}, {"a":[{"x":22}]}].a[0][0] returned [{"b":1},{"b":3},{"b":4},{"x":22}]
* ([{"a": [{"b":1}, {"b":2}]}, {"a": [{"b":3}]}, {"a":[{"b":4}, {"b":5}]}, {"a":[]}, {"b":[{"b":6} ]}, {"c":[{"b":7} ]}, 8, {"b":9}, {"a":[{"x":22}]}].a[0])[0] returned {"b":1}
* [{"a": [{"b":1}, {"b":2}]}, {"a": [{"b":3}]}, {"a":[{"b":4}, {"b":5}]}, {"a":[]}, {"b":[{"b":6} ]}, {"c":[{"b":7} ]}, 8, {"b":9}, {"a":[{"x":22}]}].a[0].b returned [1,3,4]
* ([{"a": [{"b":1}, {"b":2}]}, {"a": [{"b":3}]}, {"a":[{"b":4}, {"b":5}]}, {"a":[]}, {"b":[{"b":6} ]}, {"c":[{"b":7} ]}, 8, {"b":9}, {"a":[{"x":22}]}].a[0]).b returned [1,3,4]
* [{"a": [{"b":1}, {"b":2}]}, {"a": [{"b":3}]}, {"a":[{"b":4}, {"b":5}]}, {"a":[]}, {"b":[{"b":6} ]}, {"c":[{"b":7} ]}, 8, {"b":9}, {"a":[{"x":22}]}].a[[0]] returned [{"b":1},{"b":3},{"b":4},{"x":22}]
* [{"a": [{"b":1}, {"b":2}]}, {"a": [{"b":3}]}, {"a":[{"b":4}, {"b":5}]}, {"a":[]}, {"b":[{"b":6} ]}, {"c":[{"b":7} ]}, 8, {"b":9}, {"a":[{"x":22}]}].a[[1]] returned [{"b":2},{"b":5}]
* [{"a": [{"b":1}, {"b":2}]}, {"a": [{"b":3}]}, {"a":[{"b":4}, {"b":5}]}, {"a":[]}, {"b":[{"b":6} ]}, {"c":[{"b":7} ]}, 8, {"b":9}, {"a":[{"x":22}]}].a[1] returned [{"b":2},{"b":5}]
* [{"a":0}, [{"a":1},{"a":2}], [{"a":3},{"a":4}, [{"a":5}]]].a returned [0,1,2,3,4,5]
* [{"a":0}, [{"a":1},{"a":2}], [{"a":3},{"a":4}, [{"a":5}]]].a[0] returned [0,1,3]
* [{"a":0}, [{"a":1},{"a":2}], [{"a":3},{"a":4}, [{"a":5}]]].a[1] returned [2,4]
* [{"a":0}, [{"a":1},{"a":2}], [{"a":3},{"a":4}, [{"a":5}]]].a[2] returned 5
* [{"a":0}, [{"a":1},{"a":2}], [{"a":3},{"a":4}, [{"a":{"a":[{"a":5}]}}]]].a.a.a returned 5
* [{"a": 1+1}, {"a":3}].a returned [2,3]
* [{"a":3}, {}].a returned 3
* [{"a": 1}, {"a":"string"}, {"a": 1.2}, {"a": true}, {"a":{}}, {"a":[]}].a returned [1,"string",1.2,true,{}]
* Phone.ns returned ["h11","h12","h21","h22"]
* Phone.ns[0] returned ["h11","h21"]
* $sum(spaces.occupied) returned 2
* [{"  \" \/ \b \f \n \r \t  \uaA2d ":1}, {"  \" \/ \b \f \n \r \t  \uaA2d ":2}].`  \" \/ \b \f \n \r \t  \uaA2d ` returned [1,2]
* [{"":1}, {"":2}].`` returned [1,2]
* [{"a":1}, {"a":2}][a=2] returned {"a":2}
* [{"a":{"b":2}}, {"a":{"b":3}}][a.b=2] returned {"a":{"b":2}}
* [{"a":1}, {"a":2}][a=1+1] returned {"a":2}
* [{"a":true}, {"a":false}][a and true] returned {"a":true}
* [{"a":true}, {"a":false}][a or true] returned [{"a":true},{"a":false}]
* [{"a":1, "b":1}, {"a":2, "b":3}][a=b] returned {"a":1,"b":1}
* [{"b":1}][a=2] returned null
* [{"b":1}][a in [2]] returned null
* [{"b":1}][a or true] returned {"b":1}
* [{"b":1}][a and true] returned null
* [{"a":[1]}][a=[1]] returned {"a":[1]}
* [{"b":1}][true] returned {"b":1}
* [{"a":[1]}][1 in a] returned {"a":[1]}
* [{"a":1, "b":[2,1]}, {"a":2, "b":[1,3]}][a in b] returned {"a":1,"b":[2,1]}
* [{"a":1, "b":[1]}, {"a":2, "b":[1,4]}][a+a in b] returned {"a":2,"b":[1,4]}
* [{"a":{"b":1}}].a[b=1] returned {"b":1}
* ([{"a":{"b":1}}].a)[b=1] returned {"b":1}
* [{"a":[{"b":0},{"b":1}]}, {"a":[{"b":1}, {"b":2}]}].a returned [{"b":0},{"b":1},{"b":1},{"b":2}]
* [{"a":[{"b":0},{"b":1}]}, {"a":[{"b":1}, {"b":2}]}].a[b=0] returned {"b":0}
* [{"a":[{"b":0},{"b":1}]}, {"a":[{"b":1}, {"b":2}]}].a[b=1] returned [{"b":1},{"b":1}]
* [{"a":[{"b":0},{"b":1}]}, {"a":[{"b":1}, {"b":2}]}].a[b=2] returned {"b":2}
* [{"a":[{"b":0},{"b":1}]}, {"a":[{"b":1}, {"b":2}]}].a[b=3] returned null
* [{"a":[{"b":0},{"b":1}]}, {"a":[{"b":1}, {"b":2}]}].a[0][b=0] returned {"b":0}
* ([{"a":[{"b":0},{"b":1}]}, {"a":[{"b":1}, {"b":2}]}].a)[b=0] returned {"b":0}
* ([{"a":[{"b":0},{"b":1}]}, {"a":[{"b":1}, {"b":2}]}].a)[b=1] returned [{"b":1},{"b":1}]
* ([{"a":[{"b":0},{"b":1}]}, {"a":[{"b":1}, {"b":2}]}].a)[b=2] returned {"b":2}
* ([{"a":[{"b":0},{"b":1}]}, {"a":[{"b":1}, {"b":2}]}].a)[b=3] returned null
* ([{"a":[{"b":0},{"b":1}]}, {"a":[{"b":1}, {"b":2}]}].a[0])[b=0] returned {"b":0}
* [{"a":[0,1]}, {"a":[0,2]}][a[0]=0] returned [{"a":[0,1]},{"a":[0,2]}]
* [{"a":[0,1]}, {"a":[0,2]}][a[0]=1] returned null
* [{"a":[0,1]}, {"a":[0,2]}][a[1]=0] returned null
* [{"a":[0,1]}, {"a":[0,2]}][a[1]=1] returned {"a":[0,1]}
* [{"a":[0,1]}, {"a":[0,2]}][a[1]=2] returned {"a":[0,2]}
* [{"a":[{"b":1}]}, {"a":[{"b":1},{"b":2},{"b":3}]}][a[0].b=1] returned [{"a":[{"b":1}]},{"a":[{"b":1},{"b":2},{"b":3}]}]
* [{"a":[{"b":1}]}, {"a":[{"b":1},{"b":2},{"b":3}]}][a[0].b=2] returned null
* [{"a":[{"b":1}]}, {"a":[{"b":1},{"b":2},{"b":3}]}][a[1].b=1] returned null
* [{"a":[{"b":1}]}, {"a":[{"b":1},{"b":2},{"b":3}]}][a[1].b=2] returned {"a":[{"b":1},{"b":2},{"b":3}]}
* [{"x":2}, {"x":3}] [x=([{"a":101, "b":2}, {"a":102, "b":3}][a=100]).b] returned null
* [{"x":2}, {"x":3}] [x=([{"a":101, "b":2}, {"a":102, "b":3}][a=101]).b] returned {"x":2}
* [{"x":2}, {"x":3}] [x=([{"a":101, "b":2}, {"a":102, "b":3}][a=102]).b] returned {"x":3}
* [{"a":[{"b":0}]}, {"a":[{"b":1}]}][a.b=1] returned {"a":[{"b":1}]}
* [{"a":[{"b":0}]}, {"a":[{"b":1}]}, {"a":[{"b":2}]}][a.b>=1] returned [{"a":[{"b":1}]},{"a":[{"b":2}]}]
Tests run: 1314, Failures: 0, Errors: 0, Skipped: 415, Time elapsed: 3.111 sec - in com.api.jsonata4java.test.expressions.agnostic.AgnosticTestSuite

Results :

Tests run: 1314, Failures: 0, Errors: 0, Skipped: 415

[INFO] ------------------------------------------------------------------------
[INFO] BUILD FAILURE
[INFO] ------------------------------------------------------------------------
[INFO] Total time:  01:05 min
[INFO] Finished at: 2020-08-03T11:18:20Z
[INFO] ------------------------------------------------------------------------
[ERROR] Failed to execute goal org.apache.maven.plugins:maven-surefire-plugin:2.19.1:test (default-test) on project JSONata4Java: Execution default-test of goal org.apache.maven.plugins:maven-surefire-plugin:2.19.1:test failed: There was an error in the forked process
[ERROR] org.apache.maven.surefire.testset.TestSetFailedException: java.lang.IndexOutOfBoundsException: Index: 0, Size: 0
[ERROR] 	at org.apache.maven.surefire.common.junit4.JUnit4RunListener.rethrowAnyTestMechanismFailures(JUnit4RunListener.java:209)
[ERROR] 	at org.apache.maven.surefire.junit4.JUnit4Provider.invoke(JUnit4Provider.java:169)
[ERROR] 	at org.apache.maven.surefire.booter.ForkedBooter.invokeProviderInSameClassLoader(ForkedBooter.java:290)
[ERROR] 	at org.apache.maven.surefire.booter.ForkedBooter.runSuitesInProcess(ForkedBooter.java:242)
[ERROR] 	at org.apache.maven.surefire.booter.ForkedBooter.main(ForkedBooter.java:121)
[ERROR] Caused by: java.lang.IndexOutOfBoundsException: Index: 0, Size: 0
[ERROR] 	at java.util.ArrayList.rangeCheck(ArrayList.java:659)
[ERROR] 	at java.util.ArrayList.get(ArrayList.java:435)
[ERROR] 	at org.apache.maven.surefire.common.junit4.JUnit4RunListener.getClassName(JUnit4RunListener.java:161)
[ERROR] 	at org.apache.maven.surefire.common.junit4.JUnit4RunListener.createReportEntry(JUnit4RunListener.java:181)
[ERROR] 	at org.apache.maven.surefire.common.junit4.JUnit4RunListener.testStarted(JUnit4RunListener.java:91)
[ERROR] 	at org.junit.runner.notification.SynchronizedRunListener.testStarted(SynchronizedRunListener.java:80)
[ERROR] 	at org.junit.runner.notification.RunNotifier$5.notifyListener(RunNotifier.java:156)
[ERROR] 	at org.junit.runner.notification.RunNotifier$SafeNotifier.run(RunNotifier.java:72)
[ERROR] 	at org.junit.runner.notification.RunNotifier.fireTestStarted(RunNotifier.java:153)
[ERROR] 	at org.apache.maven.surefire.common.junit4.Notifier.fireTestStarted(Notifier.java:100)
[ERROR] 	at com.api.jsonata4java.test.expressions.agnostic.AgnosticTestSuite.runChild(AgnosticTestSuite.java:529)
[ERROR] 	at com.api.jsonata4java.test.expressions.agnostic.AgnosticTestSuite.runChild(AgnosticTestSuite.java:92)
[ERROR] 	at org.junit.runners.ParentRunner$4.run(ParentRunner.java:331)
[ERROR] 	at org.junit.runners.ParentRunner$1.schedule(ParentRunner.java:79)
[ERROR] 	at org.junit.runners.ParentRunner.runChildren(ParentRunner.java:329)
[ERROR] 	at org.junit.runners.ParentRunner.access$100(ParentRunner.java:66)
[ERROR] 	at org.junit.runners.ParentRunner$2.evaluate(ParentRunner.java:293)
[ERROR] 	at org.junit.runners.ParentRunner$3.evaluate(ParentRunner.java:306)
[ERROR] 	at org.junit.runners.ParentRunner.run(ParentRunner.java:413)
[ERROR] 	at org.apache.maven.surefire.junit4.JUnit4Provider.execute(JUnit4Provider.java:367)
[ERROR] 	at org.apache.maven.surefire.junit4.JUnit4Provider.executeWithRerun(JUnit4Provider.java:274)
[ERROR] 	at org.apache.maven.surefire.junit4.JUnit4Provider.executeTestSet(JUnit4Provider.java:238)
[ERROR] 	at org.apache.maven.surefire.junit4.JUnit4Provider.invoke(JUnit4Provider.java:161)
[ERROR] 	... 3 more
[ERROR] -> [Help 1]
org.apache.maven.lifecycle.LifecycleExecutionException: Failed to execute goal org.apache.maven.plugins:maven-surefire-plugin:2.19.1:test (default-test) on project JSONata4Java: Execution default-test of goal org.apache.maven.plugins:maven-surefire-plugin:2.19.1:test failed: There was an error in the forked process
org.apache.maven.surefire.testset.TestSetFailedException: java.lang.IndexOutOfBoundsException: Index: 0, Size: 0
	at org.apache.maven.surefire.common.junit4.JUnit4RunListener.rethrowAnyTestMechanismFailures(JUnit4RunListener.java:209)
	at org.apache.maven.surefire.junit4.JUnit4Provider.invoke(JUnit4Provider.java:169)
	at org.apache.maven.surefire.booter.ForkedBooter.invokeProviderInSameClassLoader(ForkedBooter.java:290)
	at org.apache.maven.surefire.booter.ForkedBooter.runSuitesInProcess(ForkedBooter.java:242)
	at org.apache.maven.surefire.booter.ForkedBooter.main(ForkedBooter.java:121)
Caused by: java.lang.IndexOutOfBoundsException: Index: 0, Size: 0
	at java.util.ArrayList.rangeCheck(ArrayList.java:659)
	at java.util.ArrayList.get(ArrayList.java:435)
	at org.apache.maven.surefire.common.junit4.JUnit4RunListener.getClassName(JUnit4RunListener.java:161)
	at org.apache.maven.surefire.common.junit4.JUnit4RunListener.createReportEntry(JUnit4RunListener.java:181)
	at org.apache.maven.surefire.common.junit4.JUnit4RunListener.testStarted(JUnit4RunListener.java:91)
	at org.junit.runner.notification.SynchronizedRunListener.testStarted(SynchronizedRunListener.java:80)
	at org.junit.runner.notification.RunNotifier$5.notifyListener(RunNotifier.java:156)
	at org.junit.runner.notification.RunNotifier$SafeNotifier.run(RunNotifier.java:72)
	at org.junit.runner.notification.RunNotifier.fireTestStarted(RunNotifier.java:153)
	at org.apache.maven.surefire.common.junit4.Notifier.fireTestStarted(Notifier.java:100)
	at com.api.jsonata4java.test.expressions.agnostic.AgnosticTestSuite.runChild(AgnosticTestSuite.java:529)
	at com.api.jsonata4java.test.expressions.agnostic.AgnosticTestSuite.runChild(AgnosticTestSuite.java:92)
	at org.junit.runners.ParentRunner$4.run(ParentRunner.java:331)
	at org.junit.runners.ParentRunner$1.schedule(ParentRunner.java:79)
	at org.junit.runners.ParentRunner.runChildren(ParentRunner.java:329)
	at org.junit.runners.ParentRunner.access$100(ParentRunner.java:66)
	at org.junit.runners.ParentRunner$2.evaluate(ParentRunner.java:293)
	at org.junit.runners.ParentRunner$3.evaluate(ParentRunner.java:306)
	at org.junit.runners.ParentRunner.run(ParentRunner.java:413)
	at org.apache.maven.surefire.junit4.JUnit4Provider.execute(JUnit4Provider.java:367)
	at org.apache.maven.surefire.junit4.JUnit4Provider.executeWithRerun(JUnit4Provider.java:274)
	at org.apache.maven.surefire.junit4.JUnit4Provider.executeTestSet(JUnit4Provider.java:238)
	at org.apache.maven.surefire.junit4.JUnit4Provider.invoke(JUnit4Provider.java:161)
	... 3 more

    at org.apache.maven.lifecycle.internal.MojoExecutor.execute (MojoExecutor.java:215)
    at org.apache.maven.lifecycle.internal.MojoExecutor.execute (MojoExecutor.java:156)
    at org.apache.maven.lifecycle.internal.MojoExecutor.execute (MojoExecutor.java:148)
    at org.apache.maven.lifecycle.internal.LifecycleModuleBuilder.buildProject (LifecycleModuleBuilder.java:117)
    at org.apache.maven.lifecycle.internal.LifecycleModuleBuilder.buildProject (LifecycleModuleBuilder.java:81)
    at org.apache.maven.lifecycle.internal.builder.singlethreaded.SingleThreadedBuilder.build (SingleThreadedBuilder.java:56)
    at org.apache.maven.lifecycle.internal.LifecycleStarter.execute (LifecycleStarter.java:128)
    at org.apache.maven.DefaultMaven.doExecute (DefaultMaven.java:305)
    at org.apache.maven.DefaultMaven.doExecute (DefaultMaven.java:192)
    at org.apache.maven.DefaultMaven.execute (DefaultMaven.java:105)
    at org.apache.maven.cli.MavenCli.execute (MavenCli.java:957)
    at org.apache.maven.cli.MavenCli.doMain (MavenCli.java:289)
    at org.apache.maven.cli.MavenCli.main (MavenCli.java:193)
    at sun.reflect.NativeMethodAccessorImpl.invoke0 (Native Method)
    at sun.reflect.NativeMethodAccessorImpl.invoke (NativeMethodAccessorImpl.java:62)
    at sun.reflect.DelegatingMethodAccessorImpl.invoke (DelegatingMethodAccessorImpl.java:43)
    at java.lang.reflect.Method.invoke (Method.java:498)
    at org.codehaus.plexus.classworlds.launcher.Launcher.launchEnhanced (Launcher.java:282)
    at org.codehaus.plexus.classworlds.launcher.Launcher.launch (Launcher.java:225)
    at org.codehaus.plexus.classworlds.launcher.Launcher.mainWithExitCode (Launcher.java:406)
    at org.codehaus.plexus.classworlds.launcher.Launcher.main (Launcher.java:347)
Caused by: org.apache.maven.plugin.PluginExecutionException: Execution default-test of goal org.apache.maven.plugins:maven-surefire-plugin:2.19.1:test failed: There was an error in the forked process
org.apache.maven.surefire.testset.TestSetFailedException: java.lang.IndexOutOfBoundsException: Index: 0, Size: 0
	at org.apache.maven.surefire.common.junit4.JUnit4RunListener.rethrowAnyTestMechanismFailures(JUnit4RunListener.java:209)
	at org.apache.maven.surefire.junit4.JUnit4Provider.invoke(JUnit4Provider.java:169)
	at org.apache.maven.surefire.booter.ForkedBooter.invokeProviderInSameClassLoader(ForkedBooter.java:290)
	at org.apache.maven.surefire.booter.ForkedBooter.runSuitesInProcess(ForkedBooter.java:242)
	at org.apache.maven.surefire.booter.ForkedBooter.main(ForkedBooter.java:121)
Caused by: java.lang.IndexOutOfBoundsException: Index: 0, Size: 0
	at java.util.ArrayList.rangeCheck(ArrayList.java:659)
	at java.util.ArrayList.get(ArrayList.java:435)
	at org.apache.maven.surefire.common.junit4.JUnit4RunListener.getClassName(JUnit4RunListener.java:161)
	at org.apache.maven.surefire.common.junit4.JUnit4RunListener.createReportEntry(JUnit4RunListener.java:181)
	at org.apache.maven.surefire.common.junit4.JUnit4RunListener.testStarted(JUnit4RunListener.java:91)
	at org.junit.runner.notification.SynchronizedRunListener.testStarted(SynchronizedRunListener.java:80)
	at org.junit.runner.notification.RunNotifier$5.notifyListener(RunNotifier.java:156)
	at org.junit.runner.notification.RunNotifier$SafeNotifier.run(RunNotifier.java:72)
	at org.junit.runner.notification.RunNotifier.fireTestStarted(RunNotifier.java:153)
	at org.apache.maven.surefire.common.junit4.Notifier.fireTestStarted(Notifier.java:100)
	at com.api.jsonata4java.test.expressions.agnostic.AgnosticTestSuite.runChild(AgnosticTestSuite.java:529)
	at com.api.jsonata4java.test.expressions.agnostic.AgnosticTestSuite.runChild(AgnosticTestSuite.java:92)
	at org.junit.runners.ParentRunner$4.run(ParentRunner.java:331)
	at org.junit.runners.ParentRunner$1.schedule(ParentRunner.java:79)
	at org.junit.runners.ParentRunner.runChildren(ParentRunner.java:329)
	at org.junit.runners.ParentRunner.access$100(ParentRunner.java:66)
	at org.junit.runners.ParentRunner$2.evaluate(ParentRunner.java:293)
	at org.junit.runners.ParentRunner$3.evaluate(ParentRunner.java:306)
	at org.junit.runners.ParentRunner.run(ParentRunner.java:413)
	at org.apache.maven.surefire.junit4.JUnit4Provider.execute(JUnit4Provider.java:367)
	at org.apache.maven.surefire.junit4.JUnit4Provider.executeWithRerun(JUnit4Provider.java:274)
	at org.apache.maven.surefire.junit4.JUnit4Provider.executeTestSet(JUnit4Provider.java:238)
	at org.apache.maven.surefire.junit4.JUnit4Provider.invoke(JUnit4Provider.java:161)
	... 3 more

    at org.apache.maven.plugin.DefaultBuildPluginManager.executeMojo (DefaultBuildPluginManager.java:148)
    at org.apache.maven.lifecycle.internal.MojoExecutor.execute (MojoExecutor.java:210)
    at org.apache.maven.lifecycle.internal.MojoExecutor.execute (MojoExecutor.java:156)
    at org.apache.maven.lifecycle.internal.MojoExecutor.execute (MojoExecutor.java:148)
    at org.apache.maven.lifecycle.internal.LifecycleModuleBuilder.buildProject (LifecycleModuleBuilder.java:117)
    at org.apache.maven.lifecycle.internal.LifecycleModuleBuilder.buildProject (LifecycleModuleBuilder.java:81)
    at org.apache.maven.lifecycle.internal.builder.singlethreaded.SingleThreadedBuilder.build (SingleThreadedBuilder.java:56)
    at org.apache.maven.lifecycle.internal.LifecycleStarter.execute (LifecycleStarter.java:128)
    at org.apache.maven.DefaultMaven.doExecute (DefaultMaven.java:305)
    at org.apache.maven.DefaultMaven.doExecute (DefaultMaven.java:192)
    at org.apache.maven.DefaultMaven.execute (DefaultMaven.java:105)
    at org.apache.maven.cli.MavenCli.execute (MavenCli.java:957)
    at org.apache.maven.cli.MavenCli.doMain (MavenCli.java:289)
    at org.apache.maven.cli.MavenCli.main (MavenCli.java:193)
    at sun.reflect.NativeMethodAccessorImpl.invoke0 (Native Method)
    at sun.reflect.NativeMethodAccessorImpl.invoke (NativeMethodAccessorImpl.java:62)
    at sun.reflect.DelegatingMethodAccessorImpl.invoke (DelegatingMethodAccessorImpl.java:43)
    at java.lang.reflect.Method.invoke (Method.java:498)
    at org.codehaus.plexus.classworlds.launcher.Launcher.launchEnhanced (Launcher.java:282)
    at org.codehaus.plexus.classworlds.launcher.Launcher.launch (Launcher.java:225)
    at org.codehaus.plexus.classworlds.launcher.Launcher.mainWithExitCode (Launcher.java:406)
    at org.codehaus.plexus.classworlds.launcher.Launcher.main (Launcher.java:347)
Caused by: java.lang.RuntimeException: There was an error in the forked process
org.apache.maven.surefire.testset.TestSetFailedException: java.lang.IndexOutOfBoundsException: Index: 0, Size: 0
	at org.apache.maven.surefire.common.junit4.JUnit4RunListener.rethrowAnyTestMechanismFailures(JUnit4RunListener.java:209)
	at org.apache.maven.surefire.junit4.JUnit4Provider.invoke(JUnit4Provider.java:169)
	at org.apache.maven.surefire.booter.ForkedBooter.invokeProviderInSameClassLoader(ForkedBooter.java:290)
	at org.apache.maven.surefire.booter.ForkedBooter.runSuitesInProcess(ForkedBooter.java:242)
	at org.apache.maven.surefire.booter.ForkedBooter.main(ForkedBooter.java:121)
Caused by: java.lang.IndexOutOfBoundsException: Index: 0, Size: 0
	at java.util.ArrayList.rangeCheck(ArrayList.java:659)
	at java.util.ArrayList.get(ArrayList.java:435)
	at org.apache.maven.surefire.common.junit4.JUnit4RunListener.getClassName(JUnit4RunListener.java:161)
	at org.apache.maven.surefire.common.junit4.JUnit4RunListener.createReportEntry(JUnit4RunListener.java:181)
	at org.apache.maven.surefire.common.junit4.JUnit4RunListener.testStarted(JUnit4RunListener.java:91)
	at org.junit.runner.notification.SynchronizedRunListener.testStarted(SynchronizedRunListener.java:80)
	at org.junit.runner.notification.RunNotifier$5.notifyListener(RunNotifier.java:156)
	at org.junit.runner.notification.RunNotifier$SafeNotifier.run(RunNotifier.java:72)
	at org.junit.runner.notification.RunNotifier.fireTestStarted(RunNotifier.java:153)
	at org.apache.maven.surefire.common.junit4.Notifier.fireTestStarted(Notifier.java:100)
	at com.api.jsonata4java.test.expressions.agnostic.AgnosticTestSuite.runChild(AgnosticTestSuite.java:529)
	at com.api.jsonata4java.test.expressions.agnostic.AgnosticTestSuite.runChild(AgnosticTestSuite.java:92)
	at org.junit.runners.ParentRunner$4.run(ParentRunner.java:331)
	at org.junit.runners.ParentRunner$1.schedule(ParentRunner.java:79)
	at org.junit.runners.ParentRunner.runChildren(ParentRunner.java:329)
	at org.junit.runners.ParentRunner.access$100(ParentRunner.java:66)
	at org.junit.runners.ParentRunner$2.evaluate(ParentRunner.java:293)
	at org.junit.runners.ParentRunner$3.evaluate(ParentRunner.java:306)
	at org.junit.runners.ParentRunner.run(ParentRunner.java:413)
	at org.apache.maven.surefire.junit4.JUnit4Provider.execute(JUnit4Provider.java:367)
	at org.apache.maven.surefire.junit4.JUnit4Provider.executeWithRerun(JUnit4Provider.java:274)
	at org.apache.maven.surefire.junit4.JUnit4Provider.executeTestSet(JUnit4Provider.java:238)
	at org.apache.maven.surefire.junit4.JUnit4Provider.invoke(JUnit4Provider.java:161)
	... 3 more

    at org.apache.maven.plugin.surefire.booterclient.ForkStarter.fork (ForkStarter.java:584)
    at org.apache.maven.plugin.surefire.booterclient.ForkStarter.fork (ForkStarter.java:460)
    at org.apache.maven.plugin.surefire.booterclient.ForkStarter.run (ForkStarter.java:229)
    at org.apache.maven.plugin.surefire.booterclient.ForkStarter.run (ForkStarter.java:201)
    at org.apache.maven.plugin.surefire.AbstractSurefireMojo.executeProvider (AbstractSurefireMojo.java:1026)
    at org.apache.maven.plugin.surefire.AbstractSurefireMojo.executeAfterPreconditionsChecked (AbstractSurefireMojo.java:862)
    at org.apache.maven.plugin.surefire.AbstractSurefireMojo.execute (AbstractSurefireMojo.java:755)
    at org.apache.maven.plugin.DefaultBuildPluginManager.executeMojo (DefaultBuildPluginManager.java:137)
    at org.apache.maven.lifecycle.internal.MojoExecutor.execute (MojoExecutor.java:210)
    at org.apache.maven.lifecycle.internal.MojoExecutor.execute (MojoExecutor.java:156)
    at org.apache.maven.lifecycle.internal.MojoExecutor.execute (MojoExecutor.java:148)
    at org.apache.maven.lifecycle.internal.LifecycleModuleBuilder.buildProject (LifecycleModuleBuilder.java:117)
    at org.apache.maven.lifecycle.internal.LifecycleModuleBuilder.buildProject (LifecycleModuleBuilder.java:81)
    at org.apache.maven.lifecycle.internal.builder.singlethreaded.SingleThreadedBuilder.build (SingleThreadedBuilder.java:56)
    at org.apache.maven.lifecycle.internal.LifecycleStarter.execute (LifecycleStarter.java:128)
    at org.apache.maven.DefaultMaven.doExecute (DefaultMaven.java:305)
    at org.apache.maven.DefaultMaven.doExecute (DefaultMaven.java:192)
    at org.apache.maven.DefaultMaven.execute (DefaultMaven.java:105)
    at org.apache.maven.cli.MavenCli.execute (MavenCli.java:957)
    at org.apache.maven.cli.MavenCli.doMain (MavenCli.java:289)
    at org.apache.maven.cli.MavenCli.main (MavenCli.java:193)
    at sun.reflect.NativeMethodAccessorImpl.invoke0 (Native Method)
    at sun.reflect.NativeMethodAccessorImpl.invoke (NativeMethodAccessorImpl.java:62)
    at sun.reflect.DelegatingMethodAccessorImpl.invoke (DelegatingMethodAccessorImpl.java:43)
    at java.lang.reflect.Method.invoke (Method.java:498)
    at org.codehaus.plexus.classworlds.launcher.Launcher.launchEnhanced (Launcher.java:282)
    at org.codehaus.plexus.classworlds.launcher.Launcher.launch (Launcher.java:225)
    at org.codehaus.plexus.classworlds.launcher.Launcher.mainWithExitCode (Launcher.java:406)
    at org.codehaus.plexus.classworlds.launcher.Launcher.main (Launcher.java:347)
[ERROR] 
[ERROR] Re-run Maven using the -X switch to enable full debug logging.
[ERROR] 
[ERROR] For more information about the errors and possible solutions, please read the following articles:
[ERROR] [Help 1] http://cwiki.apache.org/confluence/display/MAVEN/PluginExecutionException
[INFO] Build failures were ignored.
