<?xml version="1.0" encoding="UTF-8"?>
<testsuite name="jline.console.ConsoleReaderTest" time="0.238" tests="27" errors="0" skipped="8" failures="0">
  <properties>
    <property name="java.runtime.name" value="OpenJDK Runtime Environment"/>
    <property name="sun.boot.library.path" value="/usr/local/openjdk-8/jre/lib/amd64"/>
    <property name="java.vm.version" value="25.262-b10"/>
    <property name="animal.sniffer.skip" value="true"/>
    <property name="java.vm.vendor" value="Oracle Corporation"/>
    <property name="maven.multiModuleProjectDirectory" value="/tmp/tmpsnrmoojt/jline2"/>
    <property name="maven.javadoc.skip" value="true"/>
    <property name="java.vendor.url" value="http://java.oracle.com/"/>
    <property name="path.separator" value=":"/>
    <property name="guice.disable.misplaced.annotation.check" value="true"/>
    <property name="java.vm.name" value="OpenJDK 64-Bit Server VM"/>
    <property name="file.encoding.pkg" value="sun.io"/>
    <property name="sun.java.launcher" value="SUN_STANDARD"/>
    <property name="sun.os.patch.level" value="unknown"/>
    <property name="source.skip" value="true"/>
    <property name="java.vm.specification.name" value="Java Virtual Machine Specification"/>
    <property name="user.dir" value="/tmp/tmpsnrmoojt/jline2"/>
    <property name="java.runtime.version" value="1.8.0_262-b10"/>
    <property name="java.awt.graphicsenv" value="sun.awt.X11GraphicsEnvironment"/>
    <property name="java.endorsed.dirs" value="/usr/local/openjdk-8/jre/lib/endorsed"/>
    <property name="os.arch" value="amd64"/>
    <property name="java.io.tmpdir" value="/tmp"/>
    <property name="line.separator" value="&#10;"/>
    <property name="java.vm.specification.vendor" value="Oracle Corporation"/>
    <property name="os.name" value="Linux"/>
    <property name="classworlds.conf" value="/usr/share/maven/bin/m2.conf"/>
    <property name="maven.test.error.ignore" value="true"/>
    <property name="sun.jnu.encoding" value="UTF-8"/>
    <property name="java.library.path" value="/usr/java/packages/lib/amd64:/usr/lib64:/lib64:/lib:/usr/lib"/>
    <property name="license.skip" value="true"/>
    <property name="maven.conf" value="/usr/share/maven/conf"/>
    <property name="java.specification.name" value="Java Platform API Specification"/>
    <property name="java.class.version" value="52.0"/>
    <property name="sun.management.compiler" value="HotSpot 64-Bit Tiered Compilers"/>
    <property name="maven.test.failure.ignore" value="true"/>
    <property name="os.version" value="4.15.0-109-generic"/>
    <property name="library.jansi.path" value="/usr/share/maven/lib/jansi-native"/>
    <property name="user.home" value="/home/jdbl"/>
    <property name="user.timezone" value="Etc/UTC"/>
    <property name="java.awt.printerjob" value="sun.print.PSPrinterJob"/>
    <property name="java.specification.version" value="1.8"/>
    <property name="file.encoding" value="UTF-8"/>
    <property name="user.name" value="jdbl"/>
    <property name="java.class.path" value="/usr/share/maven/boot/plexus-classworlds-2.6.0.jar"/>
    <property name="java.vm.specification.version" value="1.8"/>
    <property name="sun.arch.data.model" value="64"/>
    <property name="java.home" value="/usr/local/openjdk-8/jre"/>
    <property name="sun.java.command" value="org.codehaus.plexus.classworlds.launcher.Launcher package -e --fail-never -ntp -Dmaven.test.error.ignore=true -Dmaven.test.failure.ignore=true -B -Dmaven.javadoc.skip=true -Drat.skip=true -Danimal.sniffer.skip=true -Dmaven.javadoc.skip=true -Dlicense.skip=true -Dsource.skip=true"/>
    <property name="java.specification.vendor" value="Oracle Corporation"/>
    <property name="user.language" value="en"/>
    <property name="awt.toolkit" value="sun.awt.X11.XToolkit"/>
    <property name="java.vm.info" value="mixed mode"/>
    <property name="java.version" value="1.8.0_262"/>
    <property name="java.ext.dirs" value="/usr/local/openjdk-8/jre/lib/ext:/usr/java/packages/lib/ext"/>
    <property name="securerandom.source" value="file:/dev/./urandom"/>
    <property name="sun.boot.class.path" value="/usr/local/openjdk-8/jre/lib/resources.jar:/usr/local/openjdk-8/jre/lib/rt.jar:/usr/local/openjdk-8/jre/lib/sunrsasign.jar:/usr/local/openjdk-8/jre/lib/jsse.jar:/usr/local/openjdk-8/jre/lib/jce.jar:/usr/local/openjdk-8/jre/lib/charsets.jar:/usr/local/openjdk-8/jre/lib/jfr.jar:/usr/local/openjdk-8/jre/classes"/>
    <property name="java.vendor" value="Oracle Corporation"/>
    <property name="rat.skip" value="true"/>
    <property name="maven.home" value="/usr/share/maven"/>
    <property name="file.separator" value="/"/>
    <property name="java.vendor.url.bug" value="http://bugreport.sun.com/bugreport/"/>
    <property name="sun.cpu.endian" value="little"/>
    <property name="sun.io.unicode.encoding" value="UnicodeLittle"/>
    <property name="sun.cpu.isalist" value=""/>
  </properties>
  <testcase name="testDefaultBuffer" classname="jline.console.ConsoleReaderTest" time="0.012"/>
  <testcase name="testHomeKeyOnWindowsTerminal" classname="jline.console.ConsoleReaderTest" time="0">
    <skipped/>
    <system-err><![CDATA[[DEBUG] Resetting
[DEBUG] Loading properties from: file:/no-such-file
[DEBUG] Unable to read configuration: java.io.FileNotFoundException: /no-such-file (No such file or directory)
[TRACE] 
java.lang.Throwable: CREATE MARKER
	at jline.TerminalFactory.create(TerminalFactory.java:57)
	at jline.TerminalFactory.get(TerminalFactory.java:186)
	at jline.TerminalFactory.get(TerminalFactory.java:192)
	at jline.console.ConsoleReaderTest.testHomeKeyOnWindowsTerminal(ConsoleReaderTest.java:159)
	at sun.reflect.NativeMethodAccessorImpl.invoke0(Native Method)
	at sun.reflect.NativeMethodAccessorImpl.invoke(NativeMethodAccessorImpl.java:62)
	at sun.reflect.DelegatingMethodAccessorImpl.invoke(DelegatingMethodAccessorImpl.java:43)
	at java.lang.reflect.Method.invoke(Method.java:498)
	at org.junit.runners.model.FrameworkMethod$1.runReflectiveCall(FrameworkMethod.java:50)
	at org.junit.internal.runners.model.ReflectiveCallable.run(ReflectiveCallable.java:12)
	at org.junit.runners.model.FrameworkMethod.invokeExplosively(FrameworkMethod.java:47)
	at org.junit.internal.runners.statements.InvokeMethod.evaluate(InvokeMethod.java:17)
	at org.junit.internal.runners.statements.RunBefores.evaluate(RunBefores.java:26)
	at org.junit.internal.runners.statements.RunAfters.evaluate(RunAfters.java:27)
	at org.junit.runners.ParentRunner.runLeaf(ParentRunner.java:325)
	at org.junit.runners.BlockJUnit4ClassRunner.runChild(BlockJUnit4ClassRunner.java:78)
	at org.junit.runners.BlockJUnit4ClassRunner.runChild(BlockJUnit4ClassRunner.java:57)
	at org.junit.runners.ParentRunner$3.run(ParentRunner.java:290)
	at org.junit.runners.ParentRunner$1.schedule(ParentRunner.java:71)
	at org.junit.runners.ParentRunner.runChildren(ParentRunner.java:288)
	at org.junit.runners.ParentRunner.access$000(ParentRunner.java:58)
	at org.junit.runners.ParentRunner$2.evaluate(ParentRunner.java:268)
	at org.junit.runners.ParentRunner.run(ParentRunner.java:363)
	at org.apache.maven.surefire.junit4.JUnit4Provider.execute(JUnit4Provider.java:283)
	at org.apache.maven.surefire.junit4.JUnit4Provider.executeWithRerun(JUnit4Provider.java:173)
	at org.apache.maven.surefire.junit4.JUnit4Provider.executeTestSet(JUnit4Provider.java:153)
	at org.apache.maven.surefire.junit4.JUnit4Provider.invoke(JUnit4Provider.java:128)
	at org.apache.maven.surefire.booter.ForkedBooter.invokeProviderInSameClassLoader(ForkedBooter.java:203)
	at org.apache.maven.surefire.booter.ForkedBooter.runSuitesInProcess(ForkedBooter.java:155)
	at org.apache.maven.surefire.booter.ForkedBooter.main(ForkedBooter.java:103)

[DEBUG] Creating terminal; type=auto
[DEBUG] Created Terminal: jline.UnixTerminal@28c4711c
[DEBUG] Adding shutdown-hook task: jline.TerminalSupport$1@59717824
[DEBUG] Ansi supported: true
[TRACE] Running: [stty,-icanon,min,1,-icrnl,-inlcr,-ixon]
[TRACE] Result: sh: 1: cannot open /dev/tty: No such device or address

[TRACE] Running: [stty,dsusp,undef]
[TRACE] Result: sh: 1: cannot open /dev/tty: No such device or address

[TRACE] Running: [stty,-echo]
[TRACE] Result: sh: 1: cannot open /dev/tty: No such device or address

[DEBUG] Echo enabled: false
[TRACE] Running: [stty,sh:,1:,cannot,open,/dev/tty:,No,such,device,or,address]
[TRACE] Result: sh: 1: cannot open /dev/tty: No such device or address

]]></system-err>
  </testcase>
  <testcase name="testExpansionAndHistoryWithEscapes" classname="jline.console.ConsoleReaderTest" time="0.051"/>
  <testcase name="testReadBinding" classname="jline.console.ConsoleReaderTest" time="0.01"/>
  <testcase name="testInputBadConfig" classname="jline.console.ConsoleReaderTest" time="0.013"/>
  <testcase name="testInput" classname="jline.console.ConsoleReaderTest" time="0.006"/>
  <testcase name="testMacro" classname="jline.console.ConsoleReaderTest" time="0.013"/>
  <testcase name="testBell" classname="jline.console.ConsoleReaderTest" time="0.008"/>
  <testcase name="testEscapeOnWindowsTerminal" classname="jline.console.ConsoleReaderTest" time="0">
    <skipped/>
    <system-err><![CDATA[[DEBUG] Resetting
[DEBUG] Loading properties from: file:/no-such-file
[DEBUG] Unable to read configuration: java.io.FileNotFoundException: /no-such-file (No such file or directory)
[TRACE] 
java.lang.Throwable: CREATE MARKER
	at jline.TerminalFactory.create(TerminalFactory.java:57)
	at jline.TerminalFactory.get(TerminalFactory.java:186)
	at jline.TerminalFactory.get(TerminalFactory.java:192)
	at jline.console.ConsoleReaderTest.testEscapeOnWindowsTerminal(ConsoleReaderTest.java:212)
	at sun.reflect.NativeMethodAccessorImpl.invoke0(Native Method)
	at sun.reflect.NativeMethodAccessorImpl.invoke(NativeMethodAccessorImpl.java:62)
	at sun.reflect.DelegatingMethodAccessorImpl.invoke(DelegatingMethodAccessorImpl.java:43)
	at java.lang.reflect.Method.invoke(Method.java:498)
	at org.junit.runners.model.FrameworkMethod$1.runReflectiveCall(FrameworkMethod.java:50)
	at org.junit.internal.runners.model.ReflectiveCallable.run(ReflectiveCallable.java:12)
	at org.junit.runners.model.FrameworkMethod.invokeExplosively(FrameworkMethod.java:47)
	at org.junit.internal.runners.statements.InvokeMethod.evaluate(InvokeMethod.java:17)
	at org.junit.internal.runners.statements.RunBefores.evaluate(RunBefores.java:26)
	at org.junit.internal.runners.statements.RunAfters.evaluate(RunAfters.java:27)
	at org.junit.runners.ParentRunner.runLeaf(ParentRunner.java:325)
	at org.junit.runners.BlockJUnit4ClassRunner.runChild(BlockJUnit4ClassRunner.java:78)
	at org.junit.runners.BlockJUnit4ClassRunner.runChild(BlockJUnit4ClassRunner.java:57)
	at org.junit.runners.ParentRunner$3.run(ParentRunner.java:290)
	at org.junit.runners.ParentRunner$1.schedule(ParentRunner.java:71)
	at org.junit.runners.ParentRunner.runChildren(ParentRunner.java:288)
	at org.junit.runners.ParentRunner.access$000(ParentRunner.java:58)
	at org.junit.runners.ParentRunner$2.evaluate(ParentRunner.java:268)
	at org.junit.runners.ParentRunner.run(ParentRunner.java:363)
	at org.apache.maven.surefire.junit4.JUnit4Provider.execute(JUnit4Provider.java:283)
	at org.apache.maven.surefire.junit4.JUnit4Provider.executeWithRerun(JUnit4Provider.java:173)
	at org.apache.maven.surefire.junit4.JUnit4Provider.executeTestSet(JUnit4Provider.java:153)
	at org.apache.maven.surefire.junit4.JUnit4Provider.invoke(JUnit4Provider.java:128)
	at org.apache.maven.surefire.booter.ForkedBooter.invokeProviderInSameClassLoader(ForkedBooter.java:203)
	at org.apache.maven.surefire.booter.ForkedBooter.runSuitesInProcess(ForkedBooter.java:155)
	at org.apache.maven.surefire.booter.ForkedBooter.main(ForkedBooter.java:103)

[DEBUG] Creating terminal; type=auto
[DEBUG] Created Terminal: jline.UnixTerminal@279ad2e3
[DEBUG] Adding shutdown-hook task: jline.TerminalSupport$1@58134517
[DEBUG] Ansi supported: true
[TRACE] Running: [stty,-icanon,min,1,-icrnl,-inlcr,-ixon]
[TRACE] Result: sh: 1: cannot open /dev/tty: No such device or address

[TRACE] Running: [stty,dsusp,undef]
[TRACE] Result: sh: 1: cannot open /dev/tty: No such device or address

[TRACE] Running: [stty,-echo]
[TRACE] Result: sh: 1: cannot open /dev/tty: No such device or address

[DEBUG] Echo enabled: false
[TRACE] Running: [stty,sh:,1:,cannot,open,/dev/tty:,No,such,device,or,address]
[TRACE] Result: sh: 1: cannot open /dev/tty: No such device or address

]]></system-err>
  </testcase>
  <testcase name="testPageDownOnWindowsTerminal" classname="jline.console.ConsoleReaderTest" time="0">
    <skipped/>
    <system-err><![CDATA[[DEBUG] Resetting
[DEBUG] Loading properties from: file:/no-such-file
[DEBUG] Unable to read configuration: java.io.FileNotFoundException: /no-such-file (No such file or directory)
[TRACE] 
java.lang.Throwable: CREATE MARKER
	at jline.TerminalFactory.create(TerminalFactory.java:57)
	at jline.TerminalFactory.get(TerminalFactory.java:186)
	at jline.TerminalFactory.get(TerminalFactory.java:192)
	at jline.console.ConsoleReaderTest.testPageDownOnWindowsTerminal(ConsoleReaderTest.java:200)
	at sun.reflect.NativeMethodAccessorImpl.invoke0(Native Method)
	at sun.reflect.NativeMethodAccessorImpl.invoke(NativeMethodAccessorImpl.java:62)
	at sun.reflect.DelegatingMethodAccessorImpl.invoke(DelegatingMethodAccessorImpl.java:43)
	at java.lang.reflect.Method.invoke(Method.java:498)
	at org.junit.runners.model.FrameworkMethod$1.runReflectiveCall(FrameworkMethod.java:50)
	at org.junit.internal.runners.model.ReflectiveCallable.run(ReflectiveCallable.java:12)
	at org.junit.runners.model.FrameworkMethod.invokeExplosively(FrameworkMethod.java:47)
	at org.junit.internal.runners.statements.InvokeMethod.evaluate(InvokeMethod.java:17)
	at org.junit.internal.runners.statements.RunBefores.evaluate(RunBefores.java:26)
	at org.junit.internal.runners.statements.RunAfters.evaluate(RunAfters.java:27)
	at org.junit.runners.ParentRunner.runLeaf(ParentRunner.java:325)
	at org.junit.runners.BlockJUnit4ClassRunner.runChild(BlockJUnit4ClassRunner.java:78)
	at org.junit.runners.BlockJUnit4ClassRunner.runChild(BlockJUnit4ClassRunner.java:57)
	at org.junit.runners.ParentRunner$3.run(ParentRunner.java:290)
	at org.junit.runners.ParentRunner$1.schedule(ParentRunner.java:71)
	at org.junit.runners.ParentRunner.runChildren(ParentRunner.java:288)
	at org.junit.runners.ParentRunner.access$000(ParentRunner.java:58)
	at org.junit.runners.ParentRunner$2.evaluate(ParentRunner.java:268)
	at org.junit.runners.ParentRunner.run(ParentRunner.java:363)
	at org.apache.maven.surefire.junit4.JUnit4Provider.execute(JUnit4Provider.java:283)
	at org.apache.maven.surefire.junit4.JUnit4Provider.executeWithRerun(JUnit4Provider.java:173)
	at org.apache.maven.surefire.junit4.JUnit4Provider.executeTestSet(JUnit4Provider.java:153)
	at org.apache.maven.surefire.junit4.JUnit4Provider.invoke(JUnit4Provider.java:128)
	at org.apache.maven.surefire.booter.ForkedBooter.invokeProviderInSameClassLoader(ForkedBooter.java:203)
	at org.apache.maven.surefire.booter.ForkedBooter.runSuitesInProcess(ForkedBooter.java:155)
	at org.apache.maven.surefire.booter.ForkedBooter.main(ForkedBooter.java:103)

[DEBUG] Creating terminal; type=auto
[DEBUG] Created Terminal: jline.UnixTerminal@4461c7e3
[DEBUG] Adding shutdown-hook task: jline.TerminalSupport$1@351d0846
[DEBUG] Ansi supported: true
[TRACE] Running: [stty,-icanon,min,1,-icrnl,-inlcr,-ixon]
[TRACE] Result: sh: 1: cannot open /dev/tty: No such device or address

[TRACE] Running: [stty,dsusp,undef]
[TRACE] Result: sh: 1: cannot open /dev/tty: No such device or address

[TRACE] Running: [stty,-echo]
[TRACE] Result: sh: 1: cannot open /dev/tty: No such device or address

[DEBUG] Echo enabled: false
[TRACE] Running: [stty,sh:,1:,cannot,open,/dev/tty:,No,such,device,or,address]
[TRACE] Result: sh: 1: cannot open /dev/tty: No such device or address

]]></system-err>
  </testcase>
  <testcase name="testEndKeyOnWindowsTerminal" classname="jline.console.ConsoleReaderTest" time="0">
    <skipped/>
    <system-err><![CDATA[[DEBUG] Resetting
[DEBUG] Loading properties from: file:/no-such-file
[DEBUG] Unable to read configuration: java.io.FileNotFoundException: /no-such-file (No such file or directory)
[TRACE] 
java.lang.Throwable: CREATE MARKER
	at jline.TerminalFactory.create(TerminalFactory.java:57)
	at jline.TerminalFactory.get(TerminalFactory.java:186)
	at jline.TerminalFactory.get(TerminalFactory.java:192)
	at jline.console.ConsoleReaderTest.testEndKeyOnWindowsTerminal(ConsoleReaderTest.java:173)
	at sun.reflect.NativeMethodAccessorImpl.invoke0(Native Method)
	at sun.reflect.NativeMethodAccessorImpl.invoke(NativeMethodAccessorImpl.java:62)
	at sun.reflect.DelegatingMethodAccessorImpl.invoke(DelegatingMethodAccessorImpl.java:43)
	at java.lang.reflect.Method.invoke(Method.java:498)
	at org.junit.runners.model.FrameworkMethod$1.runReflectiveCall(FrameworkMethod.java:50)
	at org.junit.internal.runners.model.ReflectiveCallable.run(ReflectiveCallable.java:12)
	at org.junit.runners.model.FrameworkMethod.invokeExplosively(FrameworkMethod.java:47)
	at org.junit.internal.runners.statements.InvokeMethod.evaluate(InvokeMethod.java:17)
	at org.junit.internal.runners.statements.RunBefores.evaluate(RunBefores.java:26)
	at org.junit.internal.runners.statements.RunAfters.evaluate(RunAfters.java:27)
	at org.junit.runners.ParentRunner.runLeaf(ParentRunner.java:325)
	at org.junit.runners.BlockJUnit4ClassRunner.runChild(BlockJUnit4ClassRunner.java:78)
	at org.junit.runners.BlockJUnit4ClassRunner.runChild(BlockJUnit4ClassRunner.java:57)
	at org.junit.runners.ParentRunner$3.run(ParentRunner.java:290)
	at org.junit.runners.ParentRunner$1.schedule(ParentRunner.java:71)
	at org.junit.runners.ParentRunner.runChildren(ParentRunner.java:288)
	at org.junit.runners.ParentRunner.access$000(ParentRunner.java:58)
	at org.junit.runners.ParentRunner$2.evaluate(ParentRunner.java:268)
	at org.junit.runners.ParentRunner.run(ParentRunner.java:363)
	at org.apache.maven.surefire.junit4.JUnit4Provider.execute(JUnit4Provider.java:283)
	at org.apache.maven.surefire.junit4.JUnit4Provider.executeWithRerun(JUnit4Provider.java:173)
	at org.apache.maven.surefire.junit4.JUnit4Provider.executeTestSet(JUnit4Provider.java:153)
	at org.apache.maven.surefire.junit4.JUnit4Provider.invoke(JUnit4Provider.java:128)
	at org.apache.maven.surefire.booter.ForkedBooter.invokeProviderInSameClassLoader(ForkedBooter.java:203)
	at org.apache.maven.surefire.booter.ForkedBooter.runSuitesInProcess(ForkedBooter.java:155)
	at org.apache.maven.surefire.booter.ForkedBooter.main(ForkedBooter.java:103)

[DEBUG] Creating terminal; type=auto
[DEBUG] Created Terminal: jline.UnixTerminal@35fc6dc4
[DEBUG] Adding shutdown-hook task: jline.TerminalSupport$1@7fe8ea47
[DEBUG] Ansi supported: true
[TRACE] Running: [stty,-icanon,min,1,-icrnl,-inlcr,-ixon]
[TRACE] Result: sh: 1: cannot open /dev/tty: No such device or address

[TRACE] Running: [stty,dsusp,undef]
[TRACE] Result: sh: 1: cannot open /dev/tty: No such device or address

[TRACE] Running: [stty,-echo]
[TRACE] Result: sh: 1: cannot open /dev/tty: No such device or address

[DEBUG] Echo enabled: false
[TRACE] Running: [stty,sh:,1:,cannot,open,/dev/tty:,No,such,device,or,address]
[TRACE] Result: sh: 1: cannot open /dev/tty: No such device or address

]]></system-err>
  </testcase>
  <testcase name="testInsertOnWindowsTerminal" classname="jline.console.ConsoleReaderTest" time="0">
    <skipped/>
    <system-err><![CDATA[[DEBUG] Resetting
[DEBUG] Loading properties from: file:/no-such-file
[DEBUG] Unable to read configuration: java.io.FileNotFoundException: /no-such-file (No such file or directory)
[TRACE] 
java.lang.Throwable: CREATE MARKER
	at jline.TerminalFactory.create(TerminalFactory.java:57)
	at jline.TerminalFactory.get(TerminalFactory.java:186)
	at jline.TerminalFactory.get(TerminalFactory.java:192)
	at jline.console.ConsoleReaderTest.testInsertOnWindowsTerminal(ConsoleReaderTest.java:225)
	at sun.reflect.NativeMethodAccessorImpl.invoke0(Native Method)
	at sun.reflect.NativeMethodAccessorImpl.invoke(NativeMethodAccessorImpl.java:62)
	at sun.reflect.DelegatingMethodAccessorImpl.invoke(DelegatingMethodAccessorImpl.java:43)
	at java.lang.reflect.Method.invoke(Method.java:498)
	at org.junit.runners.model.FrameworkMethod$1.runReflectiveCall(FrameworkMethod.java:50)
	at org.junit.internal.runners.model.ReflectiveCallable.run(ReflectiveCallable.java:12)
	at org.junit.runners.model.FrameworkMethod.invokeExplosively(FrameworkMethod.java:47)
	at org.junit.internal.runners.statements.InvokeMethod.evaluate(InvokeMethod.java:17)
	at org.junit.internal.runners.statements.RunBefores.evaluate(RunBefores.java:26)
	at org.junit.internal.runners.statements.RunAfters.evaluate(RunAfters.java:27)
	at org.junit.runners.ParentRunner.runLeaf(ParentRunner.java:325)
	at org.junit.runners.BlockJUnit4ClassRunner.runChild(BlockJUnit4ClassRunner.java:78)
	at org.junit.runners.BlockJUnit4ClassRunner.runChild(BlockJUnit4ClassRunner.java:57)
	at org.junit.runners.ParentRunner$3.run(ParentRunner.java:290)
	at org.junit.runners.ParentRunner$1.schedule(ParentRunner.java:71)
	at org.junit.runners.ParentRunner.runChildren(ParentRunner.java:288)
	at org.junit.runners.ParentRunner.access$000(ParentRunner.java:58)
	at org.junit.runners.ParentRunner$2.evaluate(ParentRunner.java:268)
	at org.junit.runners.ParentRunner.run(ParentRunner.java:363)
	at org.apache.maven.surefire.junit4.JUnit4Provider.execute(JUnit4Provider.java:283)
	at org.apache.maven.surefire.junit4.JUnit4Provider.executeWithRerun(JUnit4Provider.java:173)
	at org.apache.maven.surefire.junit4.JUnit4Provider.executeTestSet(JUnit4Provider.java:153)
	at org.apache.maven.surefire.junit4.JUnit4Provider.invoke(JUnit4Provider.java:128)
	at org.apache.maven.surefire.booter.ForkedBooter.invokeProviderInSameClassLoader(ForkedBooter.java:203)
	at org.apache.maven.surefire.booter.ForkedBooter.runSuitesInProcess(ForkedBooter.java:155)
	at org.apache.maven.surefire.booter.ForkedBooter.main(ForkedBooter.java:103)

[DEBUG] Creating terminal; type=auto
[DEBUG] Created Terminal: jline.UnixTerminal@731f8236
[DEBUG] Adding shutdown-hook task: jline.TerminalSupport$1@255b53dc
[DEBUG] Ansi supported: true
[TRACE] Running: [stty,-icanon,min,1,-icrnl,-inlcr,-ixon]
[TRACE] Result: sh: 1: cannot open /dev/tty: No such device or address

[TRACE] Running: [stty,dsusp,undef]
[TRACE] Result: sh: 1: cannot open /dev/tty: No such device or address

[TRACE] Running: [stty,-echo]
[TRACE] Result: sh: 1: cannot open /dev/tty: No such device or address

[DEBUG] Echo enabled: false
[TRACE] Running: [stty,sh:,1:,cannot,open,/dev/tty:,No,such,device,or,address]
[TRACE] Result: sh: 1: cannot open /dev/tty: No such device or address

]]></system-err>
  </testcase>
  <testcase name="testCallbacks" classname="jline.console.ConsoleReaderTest" time="0.009"/>
  <testcase name="testStoringHistoryWithExpandEventsOff" classname="jline.console.ConsoleReaderTest" time="0.007"/>
  <testcase name="testReadline" classname="jline.console.ConsoleReaderTest" time="0.011"/>
  <testcase name="testReadlineWithMask" classname="jline.console.ConsoleReaderTest" time="0.017"/>
  <testcase name="testReadlineWithUnicode" classname="jline.console.ConsoleReaderTest" time="0.009"/>
  <testcase name="testNumpadDeleteOnWindowsTerminal" classname="jline.console.ConsoleReaderTest" time="0">
    <skipped/>
    <system-err><![CDATA[[DEBUG] Resetting
[DEBUG] Loading properties from: file:/no-such-file
[DEBUG] Unable to read configuration: java.io.FileNotFoundException: /no-such-file (No such file or directory)
[TRACE] 
java.lang.Throwable: CREATE MARKER
	at jline.TerminalFactory.create(TerminalFactory.java:57)
	at jline.TerminalFactory.get(TerminalFactory.java:186)
	at jline.TerminalFactory.get(TerminalFactory.java:192)
	at jline.console.ConsoleReaderTest.testNumpadDeleteOnWindowsTerminal(ConsoleReaderTest.java:144)
	at sun.reflect.NativeMethodAccessorImpl.invoke0(Native Method)
	at sun.reflect.NativeMethodAccessorImpl.invoke(NativeMethodAccessorImpl.java:62)
	at sun.reflect.DelegatingMethodAccessorImpl.invoke(DelegatingMethodAccessorImpl.java:43)
	at java.lang.reflect.Method.invoke(Method.java:498)
	at org.junit.runners.model.FrameworkMethod$1.runReflectiveCall(FrameworkMethod.java:50)
	at org.junit.internal.runners.model.ReflectiveCallable.run(ReflectiveCallable.java:12)
	at org.junit.runners.model.FrameworkMethod.invokeExplosively(FrameworkMethod.java:47)
	at org.junit.internal.runners.statements.InvokeMethod.evaluate(InvokeMethod.java:17)
	at org.junit.internal.runners.statements.RunBefores.evaluate(RunBefores.java:26)
	at org.junit.internal.runners.statements.RunAfters.evaluate(RunAfters.java:27)
	at org.junit.runners.ParentRunner.runLeaf(ParentRunner.java:325)
	at org.junit.runners.BlockJUnit4ClassRunner.runChild(BlockJUnit4ClassRunner.java:78)
	at org.junit.runners.BlockJUnit4ClassRunner.runChild(BlockJUnit4ClassRunner.java:57)
	at org.junit.runners.ParentRunner$3.run(ParentRunner.java:290)
	at org.junit.runners.ParentRunner$1.schedule(ParentRunner.java:71)
	at org.junit.runners.ParentRunner.runChildren(ParentRunner.java:288)
	at org.junit.runners.ParentRunner.access$000(ParentRunner.java:58)
	at org.junit.runners.ParentRunner$2.evaluate(ParentRunner.java:268)
	at org.junit.runners.ParentRunner.run(ParentRunner.java:363)
	at org.apache.maven.surefire.junit4.JUnit4Provider.execute(JUnit4Provider.java:283)
	at org.apache.maven.surefire.junit4.JUnit4Provider.executeWithRerun(JUnit4Provider.java:173)
	at org.apache.maven.surefire.junit4.JUnit4Provider.executeTestSet(JUnit4Provider.java:153)
	at org.apache.maven.surefire.junit4.JUnit4Provider.invoke(JUnit4Provider.java:128)
	at org.apache.maven.surefire.booter.ForkedBooter.invokeProviderInSameClassLoader(ForkedBooter.java:203)
	at org.apache.maven.surefire.booter.ForkedBooter.runSuitesInProcess(ForkedBooter.java:155)
	at org.apache.maven.surefire.booter.ForkedBooter.main(ForkedBooter.java:103)

[DEBUG] Creating terminal; type=auto
[DEBUG] Created Terminal: jline.UnixTerminal@c540f5a
[DEBUG] Adding shutdown-hook task: jline.TerminalSupport$1@770c2e6b
[DEBUG] Ansi supported: true
[TRACE] Running: [stty,-icanon,min,1,-icrnl,-inlcr,-ixon]
[TRACE] Result: sh: 1: cannot open /dev/tty: No such device or address

[TRACE] Running: [stty,dsusp,undef]
[TRACE] Result: sh: 1: cannot open /dev/tty: No such device or address

[TRACE] Running: [stty,-echo]
[TRACE] Result: sh: 1: cannot open /dev/tty: No such device or address

[DEBUG] Echo enabled: false
[TRACE] Running: [stty,sh:,1:,cannot,open,/dev/tty:,No,such,device,or,address]
[TRACE] Result: sh: 1: cannot open /dev/tty: No such device or address

]]></system-err>
  </testcase>
  <testcase name="testComplete" classname="jline.console.ConsoleReaderTest" time="0.017"/>
  <testcase name="testPageUpOnWindowsTerminal" classname="jline.console.ConsoleReaderTest" time="0">
    <skipped/>
    <system-err><![CDATA[[DEBUG] Resetting
[DEBUG] Loading properties from: file:/no-such-file
[DEBUG] Unable to read configuration: java.io.FileNotFoundException: /no-such-file (No such file or directory)
[TRACE] 
java.lang.Throwable: CREATE MARKER
	at jline.TerminalFactory.create(TerminalFactory.java:57)
	at jline.TerminalFactory.get(TerminalFactory.java:186)
	at jline.TerminalFactory.get(TerminalFactory.java:192)
	at jline.console.ConsoleReaderTest.testPageUpOnWindowsTerminal(ConsoleReaderTest.java:188)
	at sun.reflect.NativeMethodAccessorImpl.invoke0(Native Method)
	at sun.reflect.NativeMethodAccessorImpl.invoke(NativeMethodAccessorImpl.java:62)
	at sun.reflect.DelegatingMethodAccessorImpl.invoke(DelegatingMethodAccessorImpl.java:43)
	at java.lang.reflect.Method.invoke(Method.java:498)
	at org.junit.runners.model.FrameworkMethod$1.runReflectiveCall(FrameworkMethod.java:50)
	at org.junit.internal.runners.model.ReflectiveCallable.run(ReflectiveCallable.java:12)
	at org.junit.runners.model.FrameworkMethod.invokeExplosively(FrameworkMethod.java:47)
	at org.junit.internal.runners.statements.InvokeMethod.evaluate(InvokeMethod.java:17)
	at org.junit.internal.runners.statements.RunBefores.evaluate(RunBefores.java:26)
	at org.junit.internal.runners.statements.RunAfters.evaluate(RunAfters.java:27)
	at org.junit.runners.ParentRunner.runLeaf(ParentRunner.java:325)
	at org.junit.runners.BlockJUnit4ClassRunner.runChild(BlockJUnit4ClassRunner.java:78)
	at org.junit.runners.BlockJUnit4ClassRunner.runChild(BlockJUnit4ClassRunner.java:57)
	at org.junit.runners.ParentRunner$3.run(ParentRunner.java:290)
	at org.junit.runners.ParentRunner$1.schedule(ParentRunner.java:71)
	at org.junit.runners.ParentRunner.runChildren(ParentRunner.java:288)
	at org.junit.runners.ParentRunner.access$000(ParentRunner.java:58)
	at org.junit.runners.ParentRunner$2.evaluate(ParentRunner.java:268)
	at org.junit.runners.ParentRunner.run(ParentRunner.java:363)
	at org.apache.maven.surefire.junit4.JUnit4Provider.execute(JUnit4Provider.java:283)
	at org.apache.maven.surefire.junit4.JUnit4Provider.executeWithRerun(JUnit4Provider.java:173)
	at org.apache.maven.surefire.junit4.JUnit4Provider.executeTestSet(JUnit4Provider.java:153)
	at org.apache.maven.surefire.junit4.JUnit4Provider.invoke(JUnit4Provider.java:128)
	at org.apache.maven.surefire.booter.ForkedBooter.invokeProviderInSameClassLoader(ForkedBooter.java:203)
	at org.apache.maven.surefire.booter.ForkedBooter.runSuitesInProcess(ForkedBooter.java:155)
	at org.apache.maven.surefire.booter.ForkedBooter.main(ForkedBooter.java:103)

[DEBUG] Creating terminal; type=auto
[DEBUG] Created Terminal: jline.UnixTerminal@448ff1a8
[DEBUG] Adding shutdown-hook task: jline.TerminalSupport$1@1a38c59b
[DEBUG] Ansi supported: true
[TRACE] Running: [stty,-icanon,min,1,-icrnl,-inlcr,-ixon]
[TRACE] Result: sh: 1: cannot open /dev/tty: No such device or address

[TRACE] Running: [stty,dsusp,undef]
[TRACE] Result: sh: 1: cannot open /dev/tty: No such device or address

[TRACE] Running: [stty,-echo]
[TRACE] Result: sh: 1: cannot open /dev/tty: No such device or address

[DEBUG] Echo enabled: false
[TRACE] Running: [stty,sh:,1:,cannot,open,/dev/tty:,No,such,device,or,address]
[TRACE] Result: sh: 1: cannot open /dev/tty: No such device or address

]]></system-err>
  </testcase>
  <testcase name="testNumericExpansions" classname="jline.console.ConsoleReaderTest" time="0.015"/>
  <testcase name="testExpansion" classname="jline.console.ConsoleReaderTest" time="0.006"/>
  <testcase name="testStoringHistory" classname="jline.console.ConsoleReaderTest" time="0.013"/>
  <testcase name="testInput2" classname="jline.console.ConsoleReaderTest" time="0.006"/>
  <testcase name="testArgsExpansion" classname="jline.console.ConsoleReaderTest" time="0.008"/>
  <testcase name="testDeleteOnWindowsTerminal" classname="jline.console.ConsoleReaderTest" time="0">
    <skipped/>
    <system-err><![CDATA[[DEBUG] Resetting
[DEBUG] Loading properties from: file:/no-such-file
[DEBUG] Unable to read configuration: java.io.FileNotFoundException: /no-such-file (No such file or directory)
[TRACE] 
java.lang.Throwable: CREATE MARKER
	at jline.TerminalFactory.create(TerminalFactory.java:57)
	at jline.TerminalFactory.get(TerminalFactory.java:186)
	at jline.TerminalFactory.get(TerminalFactory.java:192)
	at jline.console.ConsoleReaderTest.testDeleteOnWindowsTerminal(ConsoleReaderTest.java:129)
	at sun.reflect.NativeMethodAccessorImpl.invoke0(Native Method)
	at sun.reflect.NativeMethodAccessorImpl.invoke(NativeMethodAccessorImpl.java:62)
	at sun.reflect.DelegatingMethodAccessorImpl.invoke(DelegatingMethodAccessorImpl.java:43)
	at java.lang.reflect.Method.invoke(Method.java:498)
	at org.junit.runners.model.FrameworkMethod$1.runReflectiveCall(FrameworkMethod.java:50)
	at org.junit.internal.runners.model.ReflectiveCallable.run(ReflectiveCallable.java:12)
	at org.junit.runners.model.FrameworkMethod.invokeExplosively(FrameworkMethod.java:47)
	at org.junit.internal.runners.statements.InvokeMethod.evaluate(InvokeMethod.java:17)
	at org.junit.internal.runners.statements.RunBefores.evaluate(RunBefores.java:26)
	at org.junit.internal.runners.statements.RunAfters.evaluate(RunAfters.java:27)
	at org.junit.runners.ParentRunner.runLeaf(ParentRunner.java:325)
	at org.junit.runners.BlockJUnit4ClassRunner.runChild(BlockJUnit4ClassRunner.java:78)
	at org.junit.runners.BlockJUnit4ClassRunner.runChild(BlockJUnit4ClassRunner.java:57)
	at org.junit.runners.ParentRunner$3.run(ParentRunner.java:290)
	at org.junit.runners.ParentRunner$1.schedule(ParentRunner.java:71)
	at org.junit.runners.ParentRunner.runChildren(ParentRunner.java:288)
	at org.junit.runners.ParentRunner.access$000(ParentRunner.java:58)
	at org.junit.runners.ParentRunner$2.evaluate(ParentRunner.java:268)
	at org.junit.runners.ParentRunner.run(ParentRunner.java:363)
	at org.apache.maven.surefire.junit4.JUnit4Provider.execute(JUnit4Provider.java:283)
	at org.apache.maven.surefire.junit4.JUnit4Provider.executeWithRerun(JUnit4Provider.java:173)
	at org.apache.maven.surefire.junit4.JUnit4Provider.executeTestSet(JUnit4Provider.java:153)
	at org.apache.maven.surefire.junit4.JUnit4Provider.invoke(JUnit4Provider.java:128)
	at org.apache.maven.surefire.booter.ForkedBooter.invokeProviderInSameClassLoader(ForkedBooter.java:203)
	at org.apache.maven.surefire.booter.ForkedBooter.runSuitesInProcess(ForkedBooter.java:155)
	at org.apache.maven.surefire.booter.ForkedBooter.main(ForkedBooter.java:103)

[DEBUG] Creating terminal; type=auto
[DEBUG] Created Terminal: jline.UnixTerminal@157632c9
[DEBUG] Adding shutdown-hook task: jline.TerminalSupport$1@6ee12bac
[DEBUG] Ansi supported: true
[TRACE] Running: [stty,-icanon,min,1,-icrnl,-inlcr,-ixon]
[TRACE] Result: sh: 1: cannot open /dev/tty: No such device or address

[TRACE] Running: [stty,dsusp,undef]
[TRACE] Result: sh: 1: cannot open /dev/tty: No such device or address

[TRACE] Running: [stty,-echo]
[TRACE] Result: sh: 1: cannot open /dev/tty: No such device or address

[DEBUG] Echo enabled: false
[TRACE] Running: [stty,sh:,1:,cannot,open,/dev/tty:,No,such,device,or,address]
[TRACE] Result: sh: 1: cannot open /dev/tty: No such device or address

]]></system-err>
  </testcase>
  <testcase name="testIllegalExpansionDoesntCrashReadLine" classname="jline.console.ConsoleReaderTest" time="0.007"/>
</testsuite>