[INFO] Error stacktraces are turned on.
[INFO] Scanning for projects...
[INFO] 
[INFO] ------------------------< org.segrada:segrada >-------------------------
[INFO] Building Segrada - Semantic Graph Database 1.0-SNAPSHOT
[INFO] --------------------------------[ jar ]---------------------------------
[INFO] 
[INFO] --- jacoco-maven-plugin:0.8.5:prepare-agent (default) @ segrada ---
[INFO] argLine set to -javaagent:/home/jdbl/.m2/repository/org/jacoco/org.jacoco.agent/0.8.5/org.jacoco.agent-0.8.5-runtime.jar=destfile=/tmp/tmpy5dgxex1/segrada/target/jacoco.exec
[INFO] 
[INFO] --- maven-resources-plugin:2.6:resources (default-resources) @ segrada ---
[INFO] Using 'UTF-8' encoding to copy filtered resources.
[INFO] Copying 170 resources
[INFO] 
[INFO] --- maven-resources-plugin:2.6:copy-resources (copy-prod-resources) @ segrada ---
[INFO] Using 'UTF-8' encoding to copy filtered resources.
[INFO] Copying 6 resources
[INFO] 
[INFO] --- maven-resources-plugin:2.6:copy-resources (copy-prod-resources-2) @ segrada ---
[INFO] Using 'UTF-8' encoding to copy filtered resources.
[INFO] Copying 1 resource
[INFO] 
[INFO] --- maven-resources-plugin:2.6:copy-resources (copy-prod-resources-3) @ segrada ---
[INFO] Using 'UTF-8' encoding to copy filtered resources.
[INFO] Copying 492 resources
[INFO] 
[INFO] --- maven-compiler-plugin:3.3:compile (default-compile) @ segrada ---
[INFO] Changes detected - recompiling the module!
[INFO] Compiling 197 source files to /tmp/tmpy5dgxex1/segrada/target/classes
[INFO] /tmp/tmpy5dgxex1/segrada/src/main/java/org/segrada/search/lucene/LuceneSearchEngine.java: Some input files use or override a deprecated API.
[INFO] /tmp/tmpy5dgxex1/segrada/src/main/java/org/segrada/search/lucene/LuceneSearchEngine.java: Recompile with -Xlint:deprecation for details.
[INFO] /tmp/tmpy5dgxex1/segrada/src/main/java/org/segrada/servlet/ThymeleafViewProcessor.java: Some input files use unchecked or unsafe operations.
[INFO] /tmp/tmpy5dgxex1/segrada/src/main/java/org/segrada/servlet/ThymeleafViewProcessor.java: Recompile with -Xlint:unchecked for details.
[INFO] 
[INFO] --- maven-resources-plugin:2.6:testResources (default-testResources) @ segrada ---
[INFO] Using 'UTF-8' encoding to copy filtered resources.
[INFO] Copying 10 resources
[INFO] 
[INFO] --- maven-compiler-plugin:3.3:testCompile (default-testCompile) @ segrada ---
[INFO] Changes detected - recompiling the module!
[INFO] Compiling 73 source files to /tmp/tmpy5dgxex1/segrada/target/test-classes
[INFO] /tmp/tmpy5dgxex1/segrada/src/test/java/org/segrada/service/binarydata/BinaryDataServiceFileTest.java: /tmp/tmpy5dgxex1/segrada/src/test/java/org/segrada/service/binarydata/BinaryDataServiceFileTest.java uses or overrides a deprecated API.
[INFO] /tmp/tmpy5dgxex1/segrada/src/test/java/org/segrada/service/binarydata/BinaryDataServiceFileTest.java: Recompile with -Xlint:deprecation for details.
[INFO] /tmp/tmpy5dgxex1/segrada/src/test/java/org/segrada/service/base/AbstractFullTextServiceTest.java: Some input files use unchecked or unsafe operations.
[INFO] /tmp/tmpy5dgxex1/segrada/src/test/java/org/segrada/service/base/AbstractFullTextServiceTest.java: Recompile with -Xlint:unchecked for details.
[INFO] 
[INFO] --- maven-surefire-plugin:2.19.1:test (default-test) @ segrada ---
[INFO] Surefire report directory: /tmp/tmpy5dgxex1/segrada/target/surefire-reports

-------------------------------------------------------
 T E S T S
-------------------------------------------------------
Running org.segrada.model.FileTest
0    [main] DEBUG org.jboss.logging  - Logging Provider: org.jboss.logging.Log4jLoggerProvider
6    [main] INFO  org.hibernate.validator.internal.util.Version  - HV000001: Hibernate Validator 5.3.1.Final
30   [main] DEBUG org.hibernate.validator.internal.engine.resolver.DefaultTraversableResolver  - Cannot find javax.persistence.Persistence on classpath. Assuming non JPA 2 environment. All properties will per default be traversable.
34   [main] DEBUG org.hibernate.validator.internal.xml.ValidationXmlParser  - Trying to load META-INF/validation.xml for XML based Validator configuration.
36   [main] DEBUG org.hibernate.validator.internal.xml.ResourceLoaderHelper  - Trying to load META-INF/validation.xml via TCCL
588  [main] INFO  org.hibernate.validator.internal.xml.ValidationXmlParser  - HV000007: META-INF/validation.xml found. Parsing XML based configuration.
1400 [main] DEBUG org.hibernate.validator.resourceloading.PlatformResourceBundleLocator  - ValidationMessages not found.
1401 [main] DEBUG org.hibernate.validator.resourceloading.PlatformResourceBundleLocator  - ContributorValidationMessages not found.
1402 [main] DEBUG org.hibernate.validator.resourceloading.PlatformResourceBundleLocator  - org.hibernate.validator.ValidationMessages found.
1485 [main] DEBUG org.segrada.test.PropertyAsserter  - property, 'class' does not have both getter and setter.
1487 [main] DEBUG org.segrada.test.PropertyAsserter  - writing method on object 'class org.segrada.model.File' with arg: '10'
1488 [main] DEBUG org.segrada.test.PropertyAsserter  - Wrote arg: '10'
1488 [main] DEBUG org.segrada.test.PropertyAsserter  - Invoking read method public java.lang.Integer org.segrada.model.base.AbstractColoredModel.getColor() on object: class org.segrada.model.File
1488 [main] DEBUG org.segrada.test.PropertyAsserter  - read result: '10'
1489 [main] DEBUG org.segrada.test.PropertyAsserter  - writing method on object 'class org.segrada.model.File' with arg: ''
1489 [main] DEBUG org.segrada.test.PropertyAsserter  - Wrote arg: ''
1490 [main] DEBUG org.segrada.test.PropertyAsserter  - Invoking read method public java.lang.String org.segrada.model.base.AbstractColoredModel.getColorCode() on object: class org.segrada.model.File
1490 [main] DEBUG org.segrada.test.PropertyAsserter  - read result: ''
1490 [main] DEBUG org.segrada.test.PropertyAsserter  - writing method on object 'class org.segrada.model.File' with arg: '[]'
1490 [main] DEBUG org.segrada.test.PropertyAsserter  - Wrote arg: '[]'
1490 [main] DEBUG org.segrada.test.PropertyAsserter  - Invoking read method public java.util.List org.segrada.model.base.AbstractAnnotatedModel.getComments() on object: class org.segrada.model.File
1490 [main] DEBUG org.segrada.test.PropertyAsserter  - read result: '[]'
1490 [main] DEBUG org.segrada.test.PropertyAsserter  - writing method on object 'class org.segrada.model.File' with arg: 'true'
1490 [main] DEBUG org.segrada.test.PropertyAsserter  - Wrote arg: 'true'
1491 [main] DEBUG org.segrada.test.PropertyAsserter  - Invoking read method public java.lang.Boolean org.segrada.model.File.getContainFile() on object: class org.segrada.model.File
1491 [main] DEBUG org.segrada.test.PropertyAsserter  - read result: 'true'
1491 [main] DEBUG org.segrada.test.PropertyAsserter  - writing method on object 'class org.segrada.model.File' with arg: ''
1491 [main] DEBUG org.segrada.test.PropertyAsserter  - Wrote arg: ''
1491 [main] DEBUG org.segrada.test.PropertyAsserter  - Invoking read method public java.lang.String org.segrada.model.File.getCopyright() on object: class org.segrada.model.File
1491 [main] DEBUG org.segrada.test.PropertyAsserter  - read result: ''
1491 [main] DEBUG org.segrada.test.PropertyAsserter  - writing method on object 'class org.segrada.model.File' with arg: '10'
1491 [main] DEBUG org.segrada.test.PropertyAsserter  - Wrote arg: '10'
1491 [main] DEBUG org.segrada.test.PropertyAsserter  - Invoking read method public java.lang.Long org.segrada.model.base.AbstractSegradaEntity.getCreated() on object: class org.segrada.model.File
1491 [main] DEBUG org.segrada.test.PropertyAsserter  - read result: '10'
1492 [main] DEBUG org.segrada.test.PropertyAsserter  - writing method on object 'class org.segrada.model.File' with arg: '[0, 0, 0, 0, 0, 0, 0, 0, 0, 0]'
1492 [main] DEBUG org.segrada.test.PropertyAsserter  - Wrote arg: '[0, 0, 0, 0, 0, 0, 0, 0, 0, 0]'
1492 [main] DEBUG org.segrada.test.PropertyAsserter  - Invoking read method public byte[] org.segrada.model.File.getData() on object: class org.segrada.model.File
1492 [main] DEBUG org.segrada.test.PropertyAsserter  - read result: '[0, 0, 0, 0, 0, 0, 0, 0, 0, 0]'
1492 [main] DEBUG org.segrada.test.PropertyAsserter  - writing method on object 'class org.segrada.model.File' with arg: ''
1492 [main] DEBUG org.segrada.test.PropertyAsserter  - Wrote arg: ''
1492 [main] DEBUG org.segrada.test.PropertyAsserter  - Invoking read method public java.lang.String org.segrada.model.File.getDescription() on object: class org.segrada.model.File
1492 [main] DEBUG org.segrada.test.PropertyAsserter  - read result: ''
1493 [main] DEBUG org.segrada.test.PropertyAsserter  - writing method on object 'class org.segrada.model.File' with arg: ''
1493 [main] DEBUG org.segrada.test.PropertyAsserter  - Wrote arg: ''
1493 [main] DEBUG org.segrada.test.PropertyAsserter  - Invoking read method public java.lang.String org.segrada.model.File.getDescriptionMarkup() on object: class org.segrada.model.File
1495 [main] DEBUG org.segrada.test.PropertyAsserter  - read result: ''
1496 [main] DEBUG org.segrada.test.PropertyAsserter  - writing method on object 'class org.segrada.model.File' with arg: ''
1496 [main] DEBUG org.segrada.test.PropertyAsserter  - Wrote arg: ''
1496 [main] DEBUG org.segrada.test.PropertyAsserter  - Invoking read method public java.lang.String org.segrada.model.File.getFileIdentifier() on object: class org.segrada.model.File
1496 [main] DEBUG org.segrada.test.PropertyAsserter  - read result: ''
1496 [main] DEBUG org.segrada.test.PropertyAsserter  - writing method on object 'class org.segrada.model.File' with arg: '10'
1496 [main] DEBUG org.segrada.test.PropertyAsserter  - Wrote arg: '10'
1497 [main] DEBUG org.segrada.test.PropertyAsserter  - Invoking read method public java.lang.Long org.segrada.model.File.getFileSize() on object: class org.segrada.model.File
1497 [main] DEBUG org.segrada.test.PropertyAsserter  - read result: '10'
1497 [main] DEBUG org.segrada.test.PropertyAsserter  - property, 'fileType' does not have both getter and setter.
1497 [main] DEBUG org.segrada.test.PropertyAsserter  - writing method on object 'class org.segrada.model.File' with arg: ''
1497 [main] DEBUG org.segrada.test.PropertyAsserter  - Wrote arg: ''
1497 [main] DEBUG org.segrada.test.PropertyAsserter  - Invoking read method public java.lang.String org.segrada.model.File.getFilename() on object: class org.segrada.model.File
1497 [main] DEBUG org.segrada.test.PropertyAsserter  - read result: ''
1497 [main] DEBUG org.segrada.test.PropertyAsserter  - writing method on object 'class org.segrada.model.File' with arg: '[]'
1497 [main] DEBUG org.segrada.test.PropertyAsserter  - Wrote arg: '[]'
1497 [main] DEBUG org.segrada.test.PropertyAsserter  - Invoking read method public java.util.List org.segrada.model.base.AbstractAnnotatedModel.getFiles() on object: class org.segrada.model.File
1504 [main] DEBUG org.segrada.test.PropertyAsserter  - read result: '[]'
1505 [main] DEBUG org.segrada.test.PropertyAsserter  - writing method on object 'class org.segrada.model.File' with arg: ''
1505 [main] DEBUG org.segrada.test.PropertyAsserter  - Wrote arg: ''
1505 [main] DEBUG org.segrada.test.PropertyAsserter  - Invoking read method public java.lang.String org.segrada.model.File.getFullText() on object: class org.segrada.model.File
1505 [main] DEBUG org.segrada.test.PropertyAsserter  - read result: ''
1505 [main] DEBUG org.segrada.test.PropertyAsserter  - writing method on object 'class org.segrada.model.File' with arg: ''
1505 [main] DEBUG org.segrada.test.PropertyAsserter  - Wrote arg: ''
1505 [main] DEBUG org.segrada.test.PropertyAsserter  - Invoking read method public java.lang.String org.segrada.model.base.AbstractSegradaEntity.getId() on object: class org.segrada.model.File
1505 [main] DEBUG org.segrada.test.PropertyAsserter  - read result: ''
1505 [main] DEBUG org.segrada.test.PropertyAsserter  - writing method on object 'class org.segrada.model.File' with arg: 'true'
1505 [main] DEBUG org.segrada.test.PropertyAsserter  - Wrote arg: 'true'
1506 [main] DEBUG org.segrada.test.PropertyAsserter  - Invoking read method public java.lang.Boolean org.segrada.model.File.getIndexFullText() on object: class org.segrada.model.File
1506 [main] DEBUG org.segrada.test.PropertyAsserter  - read result: 'true'
1506 [main] DEBUG org.segrada.test.PropertyAsserter  - writing method on object 'class org.segrada.model.File' with arg: ''
1506 [main] DEBUG org.segrada.test.PropertyAsserter  - Wrote arg: ''
1506 [main] DEBUG org.segrada.test.PropertyAsserter  - Invoking read method public java.lang.String org.segrada.model.File.getLocation() on object: class org.segrada.model.File
1506 [main] DEBUG org.segrada.test.PropertyAsserter  - read result: ''
1506 [main] DEBUG org.segrada.test.PropertyAsserter  - writing method on object 'class org.segrada.model.File' with arg: ''
1506 [main] DEBUG org.segrada.test.PropertyAsserter  - Wrote arg: ''
1506 [main] DEBUG org.segrada.test.PropertyAsserter  - Invoking read method public java.lang.String org.segrada.model.File.getMimeType() on object: class org.segrada.model.File
1506 [main] DEBUG org.segrada.test.PropertyAsserter  - read result: ''
1506 [main] DEBUG org.segrada.test.PropertyAsserter  - property, 'modelName' does not have both getter and setter.
1506 [main] DEBUG org.segrada.test.PropertyAsserter  - writing method on object 'class org.segrada.model.File' with arg: '10'
1506 [main] DEBUG org.segrada.test.PropertyAsserter  - Wrote arg: '10'
1507 [main] DEBUG org.segrada.test.PropertyAsserter  - Invoking read method public java.lang.Long org.segrada.model.base.AbstractSegradaEntity.getModified() on object: class org.segrada.model.File
1507 [main] DEBUG org.segrada.test.PropertyAsserter  - read result: '10'
1507 [main] DEBUG org.segrada.test.PropertyAsserter  - writing method on object 'class org.segrada.model.File' with arg: '[]'
1507 [main] DEBUG org.segrada.test.PropertyAsserter  - Wrote arg: '[]'
1507 [main] DEBUG org.segrada.test.PropertyAsserter  - Invoking read method public java.util.List org.segrada.model.base.AbstractAnnotatedModel.getSourceReferences() on object: class org.segrada.model.File
1507 [main] DEBUG org.segrada.test.PropertyAsserter  - read result: '[]'
1507 [main] DEBUG org.segrada.test.PropertyAsserter  - writing method on object 'class org.segrada.model.File' with arg: '[null, null, null, null, null, null, null, null, null, null]'
1507 [main] DEBUG org.segrada.test.PropertyAsserter  - Wrote arg: '[null, null, null, null, null, null, null, null, null, null]'
1507 [main] DEBUG org.segrada.test.PropertyAsserter  - Invoking read method public java.lang.String[] org.segrada.model.base.AbstractAnnotatedModel.getTags() on object: class org.segrada.model.File
1508 [main] DEBUG org.segrada.test.PropertyAsserter  - read result: '[null, null, null, null, null, null, null, null, null, null]'
1508 [main] DEBUG org.segrada.test.PropertyAsserter  - writing method on object 'class org.segrada.model.File' with arg: ''
1508 [main] DEBUG org.segrada.test.PropertyAsserter  - Wrote arg: ''
1508 [main] DEBUG org.segrada.test.PropertyAsserter  - Invoking read method public java.lang.String org.segrada.model.File.getThumbFileIdentifier() on object: class org.segrada.model.File
1508 [main] DEBUG org.segrada.test.PropertyAsserter  - read result: ''
1508 [main] DEBUG org.segrada.test.PropertyAsserter  - writing method on object 'class org.segrada.model.File' with arg: ''
1508 [main] DEBUG org.segrada.test.PropertyAsserter  - Wrote arg: ''
1508 [main] DEBUG org.segrada.test.PropertyAsserter  - Invoking read method public java.lang.String org.segrada.model.File.getTitle() on object: class org.segrada.model.File
1508 [main] DEBUG org.segrada.test.PropertyAsserter  - read result: ''
1508 [main] DEBUG org.segrada.test.PropertyAsserter  - property, 'uid' does not have both getter and setter.
1508 [main] DEBUG org.segrada.test.PropertyAsserter  - writing method on object 'class org.segrada.model.File' with arg: '10'
1508 [main] DEBUG org.segrada.test.PropertyAsserter  - Wrote arg: '10'
1508 [main] DEBUG org.segrada.test.PropertyAsserter  - Invoking read method public int org.segrada.model.base.AbstractSegradaEntity.getVersion() on object: class org.segrada.model.File
1509 [main] DEBUG org.segrada.test.PropertyAsserter  - read result: '10'
1509 [main] DEBUG org.hibernate.validator.resourceloading.PlatformResourceBundleLocator  - ValidationMessages not found.
1510 [main] DEBUG org.hibernate.validator.resourceloading.PlatformResourceBundleLocator  - ContributorValidationMessages not found.
1510 [main] DEBUG org.hibernate.validator.resourceloading.PlatformResourceBundleLocator  - org.hibernate.validator.ValidationMessages found.
Tests run: 11, Failures: 0, Errors: 0, Skipped: 0, Time elapsed: 1.864 sec - in org.segrada.model.FileTest
Running org.segrada.model.SourceTest
1539 [main] DEBUG org.hibernate.validator.internal.engine.resolver.DefaultTraversableResolver  - Cannot find javax.persistence.Persistence on classpath. Assuming non JPA 2 environment. All properties will per default be traversable.
1540 [main] DEBUG org.hibernate.validator.internal.xml.ValidationXmlParser  - Trying to load META-INF/validation.xml for XML based Validator configuration.
1540 [main] DEBUG org.hibernate.validator.internal.xml.ResourceLoaderHelper  - Trying to load META-INF/validation.xml via TCCL
1541 [main] INFO  org.hibernate.validator.internal.xml.ValidationXmlParser  - HV000007: META-INF/validation.xml found. Parsing XML based configuration.
1567 [main] DEBUG org.segrada.test.PropertyAsserter  - writing method on object 'class org.segrada.model.Source' with arg: ''
1568 [main] DEBUG org.segrada.test.PropertyAsserter  - Wrote arg: ''
1568 [main] DEBUG org.segrada.test.PropertyAsserter  - Invoking read method public java.lang.String org.segrada.model.Source.getAuthor() on object: class org.segrada.model.Source
1568 [main] DEBUG org.segrada.test.PropertyAsserter  - read result: ''
1568 [main] DEBUG org.segrada.test.PropertyAsserter  - writing method on object 'class org.segrada.model.Source' with arg: ''
1568 [main] DEBUG org.segrada.test.PropertyAsserter  - Wrote arg: ''
1568 [main] DEBUG org.segrada.test.PropertyAsserter  - Invoking read method public java.lang.String org.segrada.model.Source.getCitation() on object: class org.segrada.model.Source
1568 [main] DEBUG org.segrada.test.PropertyAsserter  - read result: ''
1568 [main] DEBUG org.segrada.test.PropertyAsserter  - property, 'class' does not have both getter and setter.
1568 [main] DEBUG org.segrada.test.PropertyAsserter  - writing method on object 'class org.segrada.model.Source' with arg: '10'
1568 [main] DEBUG org.segrada.test.PropertyAsserter  - Wrote arg: '10'
1568 [main] DEBUG org.segrada.test.PropertyAsserter  - Invoking read method public java.lang.Integer org.segrada.model.base.AbstractColoredModel.getColor() on object: class org.segrada.model.Source
1568 [main] DEBUG org.segrada.test.PropertyAsserter  - read result: '10'
1568 [main] DEBUG org.segrada.test.PropertyAsserter  - writing method on object 'class org.segrada.model.Source' with arg: ''
1569 [main] DEBUG org.segrada.test.PropertyAsserter  - Wrote arg: ''
1569 [main] DEBUG org.segrada.test.PropertyAsserter  - Invoking read method public java.lang.String org.segrada.model.base.AbstractColoredModel.getColorCode() on object: class org.segrada.model.Source
1569 [main] DEBUG org.segrada.test.PropertyAsserter  - read result: ''
1569 [main] DEBUG org.segrada.test.PropertyAsserter  - writing method on object 'class org.segrada.model.Source' with arg: '[]'
1569 [main] DEBUG org.segrada.test.PropertyAsserter  - Wrote arg: '[]'
1569 [main] DEBUG org.segrada.test.PropertyAsserter  - Invoking read method public java.util.List org.segrada.model.base.AbstractAnnotatedModel.getComments() on object: class org.segrada.model.Source
1569 [main] DEBUG org.segrada.test.PropertyAsserter  - read result: '[]'
1569 [main] DEBUG org.segrada.test.PropertyAsserter  - writing method on object 'class org.segrada.model.Source' with arg: ''
1569 [main] DEBUG org.segrada.test.PropertyAsserter  - Wrote arg: ''
1570 [main] DEBUG org.segrada.test.PropertyAsserter  - Invoking read method public java.lang.String org.segrada.model.Source.getCopyright() on object: class org.segrada.model.Source
1621 [main] DEBUG org.segrada.test.PropertyAsserter  - read result: ''
1622 [main] DEBUG org.segrada.test.PropertyAsserter  - writing method on object 'class org.segrada.model.Source' with arg: '10'
1667 [main] DEBUG org.segrada.test.PropertyAsserter  - Wrote arg: '10'
1667 [main] DEBUG org.segrada.test.PropertyAsserter  - Invoking read method public java.lang.Long org.segrada.model.base.AbstractSegradaEntity.getCreated() on object: class org.segrada.model.Source
1667 [main] DEBUG org.segrada.test.PropertyAsserter  - read result: '10'
1667 [main] DEBUG org.segrada.test.PropertyAsserter  - writing method on object 'class org.segrada.model.Source' with arg: ''
1667 [main] DEBUG org.segrada.test.PropertyAsserter  - Wrote arg: ''
1667 [main] DEBUG org.segrada.test.PropertyAsserter  - Invoking read method public java.lang.String org.segrada.model.Source.getDescription() on object: class org.segrada.model.Source
1670 [main] DEBUG org.segrada.test.PropertyAsserter  - read result: ''
1670 [main] DEBUG org.segrada.test.PropertyAsserter  - writing method on object 'class org.segrada.model.Source' with arg: ''
1670 [main] DEBUG org.segrada.test.PropertyAsserter  - Wrote arg: ''
1670 [main] DEBUG org.segrada.test.PropertyAsserter  - Invoking read method public java.lang.String org.segrada.model.Source.getDescriptionMarkup() on object: class org.segrada.model.Source
1670 [main] DEBUG org.segrada.test.PropertyAsserter  - read result: ''
1670 [main] DEBUG org.segrada.test.PropertyAsserter  - writing method on object 'class org.segrada.model.Source' with arg: '[]'
1670 [main] DEBUG org.segrada.test.PropertyAsserter  - Wrote arg: '[]'
1670 [main] DEBUG org.segrada.test.PropertyAsserter  - Invoking read method public java.util.List org.segrada.model.base.AbstractAnnotatedModel.getFiles() on object: class org.segrada.model.Source
1671 [main] DEBUG org.segrada.test.PropertyAsserter  - read result: '[]'
1671 [main] DEBUG org.segrada.test.PropertyAsserter  - writing method on object 'class org.segrada.model.Source' with arg: ''
1671 [main] DEBUG org.segrada.test.PropertyAsserter  - Wrote arg: ''
1671 [main] DEBUG org.segrada.test.PropertyAsserter  - Invoking read method public java.lang.String org.segrada.model.base.AbstractSegradaEntity.getId() on object: class org.segrada.model.Source
1671 [main] DEBUG org.segrada.test.PropertyAsserter  - read result: ''
1671 [main] DEBUG org.segrada.test.PropertyAsserter  - writing method on object 'class org.segrada.model.Source' with arg: ''
1671 [main] DEBUG org.segrada.test.PropertyAsserter  - Wrote arg: ''
1671 [main] DEBUG org.segrada.test.PropertyAsserter  - Invoking read method public java.lang.String org.segrada.model.Source.getLongTitle() on object: class org.segrada.model.Source
1671 [main] DEBUG org.segrada.test.PropertyAsserter  - read result: ''
1671 [main] DEBUG org.segrada.test.PropertyAsserter  - property, 'modelName' does not have both getter and setter.
1671 [main] DEBUG org.segrada.test.PropertyAsserter  - writing method on object 'class org.segrada.model.Source' with arg: '10'
1671 [main] DEBUG org.segrada.test.PropertyAsserter  - Wrote arg: '10'
1671 [main] DEBUG org.segrada.test.PropertyAsserter  - Invoking read method public java.lang.Long org.segrada.model.base.AbstractSegradaEntity.getModified() on object: class org.segrada.model.Source
1671 [main] DEBUG org.segrada.test.PropertyAsserter  - read result: '10'
1672 [main] DEBUG org.segrada.test.PropertyAsserter  - writing method on object 'class org.segrada.model.Source' with arg: ''
1672 [main] DEBUG org.segrada.test.PropertyAsserter  - Wrote arg: ''
1672 [main] DEBUG org.segrada.test.PropertyAsserter  - Invoking read method public java.lang.String org.segrada.model.Source.getProductCode() on object: class org.segrada.model.Source
1672 [main] DEBUG org.segrada.test.PropertyAsserter  - read result: ''
1672 [main] DEBUG org.segrada.test.PropertyAsserter  - writing method on object 'class org.segrada.model.Source' with arg: ''
1672 [main] DEBUG org.segrada.test.PropertyAsserter  - Wrote arg: ''
1672 [main] DEBUG org.segrada.test.PropertyAsserter  - Invoking read method public java.lang.String org.segrada.model.Source.getShortRef() on object: class org.segrada.model.Source
1672 [main] DEBUG org.segrada.test.PropertyAsserter  - read result: ''
1672 [main] DEBUG org.segrada.test.PropertyAsserter  - writing method on object 'class org.segrada.model.Source' with arg: ''
1672 [main] DEBUG org.segrada.test.PropertyAsserter  - Wrote arg: ''
1672 [main] DEBUG org.segrada.test.PropertyAsserter  - Invoking read method public java.lang.String org.segrada.model.Source.getShortTitle() on object: class org.segrada.model.Source
1672 [main] DEBUG org.segrada.test.PropertyAsserter  - read result: ''
1672 [main] DEBUG org.segrada.test.PropertyAsserter  - writing method on object 'class org.segrada.model.Source' with arg: '[]'
1677 [main] DEBUG org.segrada.test.PropertyAsserter  - Wrote arg: '[]'
1677 [main] DEBUG org.segrada.test.PropertyAsserter  - Invoking read method public java.util.List org.segrada.model.base.AbstractAnnotatedModel.getSourceReferences() on object: class org.segrada.model.Source
1677 [main] DEBUG org.segrada.test.PropertyAsserter  - read result: '[]'
1677 [main] DEBUG org.segrada.test.PropertyAsserter  - writing method on object 'class org.segrada.model.Source' with arg: '[null, null, null, null, null, null, null, null, null, null]'
1677 [main] DEBUG org.segrada.test.PropertyAsserter  - Wrote arg: '[null, null, null, null, null, null, null, null, null, null]'
1677 [main] DEBUG org.segrada.test.PropertyAsserter  - Invoking read method public java.lang.String[] org.segrada.model.base.AbstractAnnotatedModel.getTags() on object: class org.segrada.model.Source
1677 [main] DEBUG org.segrada.test.PropertyAsserter  - read result: '[null, null, null, null, null, null, null, null, null, null]'
1677 [main] DEBUG org.segrada.test.PropertyAsserter  - property, 'title' does not have both getter and setter.
1677 [main] DEBUG org.segrada.test.PropertyAsserter  - property, 'uid' does not have both getter and setter.
1677 [main] DEBUG org.segrada.test.PropertyAsserter  - writing method on object 'class org.segrada.model.Source' with arg: ''
1677 [main] DEBUG org.segrada.test.PropertyAsserter  - Wrote arg: ''
1677 [main] DEBUG org.segrada.test.PropertyAsserter  - Invoking read method public java.lang.String org.segrada.model.Source.getUrl() on object: class org.segrada.model.Source
1677 [main] DEBUG org.segrada.test.PropertyAsserter  - read result: ''
1677 [main] DEBUG org.segrada.test.PropertyAsserter  - writing method on object 'class org.segrada.model.Source' with arg: '10'
1677 [main] DEBUG org.segrada.test.PropertyAsserter  - Wrote arg: '10'
1695 [main] DEBUG org.segrada.test.PropertyAsserter  - Invoking read method public int org.segrada.model.base.AbstractSegradaEntity.getVersion() on object: class org.segrada.model.Source
1695 [main] DEBUG org.segrada.test.PropertyAsserter  - read result: '10'
1724 [main] DEBUG org.hibernate.validator.resourceloading.PlatformResourceBundleLocator  - ValidationMessages not found.
1725 [main] DEBUG org.hibernate.validator.resourceloading.PlatformResourceBundleLocator  - ContributorValidationMessages not found.
1725 [main] DEBUG org.hibernate.validator.resourceloading.PlatformResourceBundleLocator  - org.hibernate.validator.ValidationMessages found.
1740 [main] DEBUG org.hibernate.validator.resourceloading.PlatformResourceBundleLocator  - ValidationMessages not found.
1741 [main] DEBUG org.hibernate.validator.resourceloading.PlatformResourceBundleLocator  - ContributorValidationMessages not found.
1741 [main] DEBUG org.hibernate.validator.resourceloading.PlatformResourceBundleLocator  - org.hibernate.validator.ValidationMessages found.
Tests run: 7, Failures: 0, Errors: 0, Skipped: 0, Time elapsed: 0.104 sec - in org.segrada.model.SourceTest
Running org.segrada.model.SourceReferenceTest
1749 [main] DEBUG org.hibernate.validator.internal.engine.resolver.DefaultTraversableResolver  - Cannot find javax.persistence.Persistence on classpath. Assuming non JPA 2 environment. All properties will per default be traversable.
1749 [main] DEBUG org.hibernate.validator.internal.xml.ValidationXmlParser  - Trying to load META-INF/validation.xml for XML based Validator configuration.
1749 [main] DEBUG org.hibernate.validator.internal.xml.ResourceLoaderHelper  - Trying to load META-INF/validation.xml via TCCL
1751 [main] INFO  org.hibernate.validator.internal.xml.ValidationXmlParser  - HV000007: META-INF/validation.xml found. Parsing XML based configuration.
1763 [main] DEBUG org.segrada.test.PropertyAsserter  - property, 'class' does not have both getter and setter.
1763 [main] DEBUG org.segrada.test.PropertyAsserter  - writing method on object 'class org.segrada.model.SourceReference' with arg: '10'
1763 [main] DEBUG org.segrada.test.PropertyAsserter  - Wrote arg: '10'
1763 [main] DEBUG org.segrada.test.PropertyAsserter  - Invoking read method public java.lang.Long org.segrada.model.base.AbstractSegradaEntity.getCreated() on object: class org.segrada.model.SourceReference
1763 [main] DEBUG org.segrada.test.PropertyAsserter  - read result: '10'
1763 [main] DEBUG org.segrada.test.PropertyAsserter  - writing method on object 'class org.segrada.model.SourceReference' with arg: ''
1763 [main] DEBUG org.segrada.test.PropertyAsserter  - Wrote arg: ''
1764 [main] DEBUG org.segrada.test.PropertyAsserter  - Invoking read method public java.lang.String org.segrada.model.base.AbstractSegradaEntity.getId() on object: class org.segrada.model.SourceReference
1764 [main] DEBUG org.segrada.test.PropertyAsserter  - read result: ''
1764 [main] DEBUG org.segrada.test.PropertyAsserter  - property, 'modelName' does not have both getter and setter.
1764 [main] DEBUG org.segrada.test.PropertyAsserter  - writing method on object 'class org.segrada.model.SourceReference' with arg: '10'
1764 [main] DEBUG org.segrada.test.PropertyAsserter  - Wrote arg: '10'
1764 [main] DEBUG org.segrada.test.PropertyAsserter  - Invoking read method public java.lang.Long org.segrada.model.base.AbstractSegradaEntity.getModified() on object: class org.segrada.model.SourceReference
1764 [main] DEBUG org.segrada.test.PropertyAsserter  - read result: '10'
1764 [main] DEBUG org.segrada.test.PropertyAsserter  - writing method on object 'class org.segrada.model.SourceReference' with arg: ''
1764 [main] DEBUG org.segrada.test.PropertyAsserter  - Wrote arg: ''
1764 [main] DEBUG org.segrada.test.PropertyAsserter  - Invoking read method public java.lang.String org.segrada.model.SourceReference.getReferenceText() on object: class org.segrada.model.SourceReference
1764 [main] DEBUG org.segrada.test.PropertyAsserter  - read result: ''
1764 [main] DEBUG org.segrada.test.PropertyAsserter  - property, 'title' does not have both getter and setter.
1764 [main] DEBUG org.segrada.test.PropertyAsserter  - property, 'uid' does not have both getter and setter.
1764 [main] DEBUG org.segrada.test.PropertyAsserter  - writing method on object 'class org.segrada.model.SourceReference' with arg: '10'
1764 [main] DEBUG org.segrada.test.PropertyAsserter  - Wrote arg: '10'
1764 [main] DEBUG org.segrada.test.PropertyAsserter  - Invoking read method public int org.segrada.model.base.AbstractSegradaEntity.getVersion() on object: class org.segrada.model.SourceReference
1764 [main] DEBUG org.segrada.test.PropertyAsserter  - read result: '10'
1777 [main] DEBUG org.hibernate.validator.resourceloading.PlatformResourceBundleLocator  - ValidationMessages not found.
1778 [main] DEBUG org.hibernate.validator.resourceloading.PlatformResourceBundleLocator  - ContributorValidationMessages not found.
1778 [main] DEBUG org.hibernate.validator.resourceloading.PlatformResourceBundleLocator  - org.hibernate.validator.ValidationMessages found.
Tests run: 5, Failures: 0, Errors: 0, Skipped: 0, Time elapsed: 0.036 sec - in org.segrada.model.SourceReferenceTest
Running org.segrada.model.UserGroupTest
1787 [main] DEBUG org.hibernate.validator.internal.engine.resolver.DefaultTraversableResolver  - Cannot find javax.persistence.Persistence on classpath. Assuming non JPA 2 environment. All properties will per default be traversable.
1787 [main] DEBUG org.hibernate.validator.internal.xml.ValidationXmlParser  - Trying to load META-INF/validation.xml for XML based Validator configuration.
1787 [main] DEBUG org.hibernate.validator.internal.xml.ResourceLoaderHelper  - Trying to load META-INF/validation.xml via TCCL
1788 [main] INFO  org.hibernate.validator.internal.xml.ValidationXmlParser  - HV000007: META-INF/validation.xml found. Parsing XML based configuration.
1813 [main] DEBUG org.segrada.test.PropertyAsserter  - property, 'class' does not have both getter and setter.
1814 [main] DEBUG org.segrada.test.PropertyAsserter  - writing method on object 'class org.segrada.model.UserGroup' with arg: '10'
1814 [main] DEBUG org.segrada.test.PropertyAsserter  - Wrote arg: '10'
1814 [main] DEBUG org.segrada.test.PropertyAsserter  - Invoking read method public java.lang.Long org.segrada.model.base.AbstractSegradaEntity.getCreated() on object: class org.segrada.model.UserGroup
1814 [main] DEBUG org.segrada.test.PropertyAsserter  - read result: '10'
1814 [main] DEBUG org.segrada.test.PropertyAsserter  - writing method on object 'class org.segrada.model.UserGroup' with arg: ''
1814 [main] DEBUG org.segrada.test.PropertyAsserter  - Wrote arg: ''
1814 [main] DEBUG org.segrada.test.PropertyAsserter  - Invoking read method public java.lang.String org.segrada.model.UserGroup.getDescription() on object: class org.segrada.model.UserGroup
1814 [main] DEBUG org.segrada.test.PropertyAsserter  - read result: ''
1814 [main] DEBUG org.segrada.test.PropertyAsserter  - writing method on object 'class org.segrada.model.UserGroup' with arg: ''
1814 [main] DEBUG org.segrada.test.PropertyAsserter  - Wrote arg: ''
1814 [main] DEBUG org.segrada.test.PropertyAsserter  - Invoking read method public java.lang.String org.segrada.model.base.AbstractSegradaEntity.getId() on object: class org.segrada.model.UserGroup
1814 [main] DEBUG org.segrada.test.PropertyAsserter  - read result: ''
1814 [main] DEBUG org.segrada.test.PropertyAsserter  - property, 'modelName' does not have both getter and setter.
1814 [main] DEBUG org.segrada.test.PropertyAsserter  - writing method on object 'class org.segrada.model.UserGroup' with arg: '10'
1814 [main] DEBUG org.segrada.test.PropertyAsserter  - Wrote arg: '10'
1815 [main] DEBUG org.segrada.test.PropertyAsserter  - Invoking read method public java.lang.Long org.segrada.model.base.AbstractSegradaEntity.getModified() on object: class org.segrada.model.UserGroup
1815 [main] DEBUG org.segrada.test.PropertyAsserter  - read result: '10'
1815 [main] DEBUG org.segrada.test.PropertyAsserter  - property, 'role' does not have both getter and setter.
1815 [main] DEBUG org.segrada.test.PropertyAsserter  - property, 'roles' does not have both getter and setter.
1817 [main] DEBUG org.segrada.test.PropertyAsserter  - writing method on object 'class org.segrada.model.UserGroup' with arg: ''
1817 [main] DEBUG org.segrada.test.PropertyAsserter  - Wrote arg: ''
1817 [main] DEBUG org.segrada.test.PropertyAsserter  - Invoking read method public java.lang.String org.segrada.model.UserGroup.getSpecial() on object: class org.segrada.model.UserGroup
1817 [main] DEBUG org.segrada.test.PropertyAsserter  - read result: ''
1817 [main] DEBUG org.segrada.test.PropertyAsserter  - writing method on object 'class org.segrada.model.UserGroup' with arg: ''
1817 [main] DEBUG org.segrada.test.PropertyAsserter  - Wrote arg: ''
1817 [main] DEBUG org.segrada.test.PropertyAsserter  - Invoking read method public java.lang.String org.segrada.model.UserGroup.getTitle() on object: class org.segrada.model.UserGroup
1817 [main] DEBUG org.segrada.test.PropertyAsserter  - read result: ''
1817 [main] DEBUG org.segrada.test.PropertyAsserter  - property, 'uid' does not have both getter and setter.
1817 [main] DEBUG org.segrada.test.PropertyAsserter  - writing method on object 'class org.segrada.model.UserGroup' with arg: '10'
1817 [main] DEBUG org.segrada.test.PropertyAsserter  - Wrote arg: '10'
1817 [main] DEBUG org.segrada.test.PropertyAsserter  - Invoking read method public int org.segrada.model.base.AbstractSegradaEntity.getVersion() on object: class org.segrada.model.UserGroup
1817 [main] DEBUG org.segrada.test.PropertyAsserter  - read result: '10'
1838 [main] DEBUG org.hibernate.validator.resourceloading.PlatformResourceBundleLocator  - ValidationMessages not found.
1838 [main] DEBUG org.hibernate.validator.resourceloading.PlatformResourceBundleLocator  - ContributorValidationMessages not found.
1843 [main] DEBUG org.hibernate.validator.resourceloading.PlatformResourceBundleLocator  - org.hibernate.validator.ValidationMessages found.
1847 [main] DEBUG org.hibernate.validator.resourceloading.PlatformResourceBundleLocator  - ValidationMessages not found.
1847 [main] DEBUG org.hibernate.validator.resourceloading.PlatformResourceBundleLocator  - ContributorValidationMessages not found.
1847 [main] DEBUG org.hibernate.validator.resourceloading.PlatformResourceBundleLocator  - org.hibernate.validator.ValidationMessages found.
Tests run: 10, Failures: 0, Errors: 0, Skipped: 0, Time elapsed: 0.069 sec - in org.segrada.model.UserGroupTest
Running org.segrada.model.ColorTest
1850 [main] DEBUG org.hibernate.validator.internal.engine.resolver.DefaultTraversableResolver  - Cannot find javax.persistence.Persistence on classpath. Assuming non JPA 2 environment. All properties will per default be traversable.
1851 [main] DEBUG org.hibernate.validator.internal.xml.ValidationXmlParser  - Trying to load META-INF/validation.xml for XML based Validator configuration.
1851 [main] DEBUG org.hibernate.validator.internal.xml.ResourceLoaderHelper  - Trying to load META-INF/validation.xml via TCCL
1853 [main] INFO  org.hibernate.validator.internal.xml.ValidationXmlParser  - HV000007: META-INF/validation.xml found. Parsing XML based configuration.
1880 [main] DEBUG org.segrada.test.PropertyAsserter  - property, 'b' does not have both getter and setter.
1880 [main] DEBUG org.segrada.test.PropertyAsserter  - property, 'class' does not have both getter and setter.
1880 [main] DEBUG org.segrada.test.PropertyAsserter  - writing method on object 'class org.segrada.model.Color' with arg: '10'
1883 [main] DEBUG org.segrada.test.PropertyAsserter  - Wrote arg: '10'
1883 [main] DEBUG org.segrada.test.PropertyAsserter  - Invoking read method public java.lang.Integer org.segrada.model.Color.getColor() on object: class org.segrada.model.Color
1883 [main] DEBUG org.segrada.test.PropertyAsserter  - read result: '10'
1884 [main] DEBUG org.segrada.test.PropertyAsserter  - writing method on object 'class org.segrada.model.Color' with arg: ''
1884 [main] DEBUG org.segrada.test.PropertyAsserter  - Wrote arg: ''
1884 [main] DEBUG org.segrada.test.PropertyAsserter  - Invoking read method public java.lang.String org.segrada.model.Color.getColorCode() on object: class org.segrada.model.Color
1884 [main] DEBUG org.segrada.test.PropertyAsserter  - read result: ''
1884 [main] DEBUG org.segrada.test.PropertyAsserter  - writing method on object 'class org.segrada.model.Color' with arg: '10'
1884 [main] DEBUG org.segrada.test.PropertyAsserter  - Wrote arg: '10'
1885 [main] DEBUG org.segrada.test.PropertyAsserter  - Invoking read method public java.lang.Long org.segrada.model.base.AbstractSegradaEntity.getCreated() on object: class org.segrada.model.Color
1885 [main] DEBUG org.segrada.test.PropertyAsserter  - read result: '10'
1885 [main] DEBUG org.segrada.test.PropertyAsserter  - property, 'g' does not have both getter and setter.
1885 [main] DEBUG org.segrada.test.PropertyAsserter  - writing method on object 'class org.segrada.model.Color' with arg: ''
1885 [main] DEBUG org.segrada.test.PropertyAsserter  - Wrote arg: ''
1885 [main] DEBUG org.segrada.test.PropertyAsserter  - Invoking read method public java.lang.String org.segrada.model.base.AbstractSegradaEntity.getId() on object: class org.segrada.model.Color
1886 [main] DEBUG org.segrada.test.PropertyAsserter  - read result: ''
1886 [main] DEBUG org.segrada.test.PropertyAsserter  - property, 'modelName' does not have both getter and setter.
1886 [main] DEBUG org.segrada.test.PropertyAsserter  - writing method on object 'class org.segrada.model.Color' with arg: '10'
1886 [main] DEBUG org.segrada.test.PropertyAsserter  - Wrote arg: '10'
1886 [main] DEBUG org.segrada.test.PropertyAsserter  - Invoking read method public java.lang.Long org.segrada.model.base.AbstractSegradaEntity.getModified() on object: class org.segrada.model.Color
1886 [main] DEBUG org.segrada.test.PropertyAsserter  - read result: '10'
1886 [main] DEBUG org.segrada.test.PropertyAsserter  - property, 'r' does not have both getter and setter.
1887 [main] DEBUG org.segrada.test.PropertyAsserter  - writing method on object 'class org.segrada.model.Color' with arg: ''
1887 [main] DEBUG org.segrada.test.PropertyAsserter  - Wrote arg: ''
1887 [main] DEBUG org.segrada.test.PropertyAsserter  - Invoking read method public java.lang.String org.segrada.model.Color.getTitle() on object: class org.segrada.model.Color
1887 [main] DEBUG org.segrada.test.PropertyAsserter  - read result: ''
1887 [main] DEBUG org.segrada.test.PropertyAsserter  - property, 'uid' does not have both getter and setter.
1887 [main] DEBUG org.segrada.test.PropertyAsserter  - writing method on object 'class org.segrada.model.Color' with arg: '10'
1887 [main] DEBUG org.segrada.test.PropertyAsserter  - Wrote arg: '10'
1887 [main] DEBUG org.segrada.test.PropertyAsserter  - Invoking read method public int org.segrada.model.base.AbstractSegradaEntity.getVersion() on object: class org.segrada.model.Color
1888 [main] DEBUG org.segrada.test.PropertyAsserter  - read result: '10'
1905 [main] DEBUG org.hibernate.validator.resourceloading.PlatformResourceBundleLocator  - ValidationMessages not found.
1906 [main] DEBUG org.hibernate.validator.resourceloading.PlatformResourceBundleLocator  - ContributorValidationMessages not found.
1906 [main] DEBUG org.hibernate.validator.resourceloading.PlatformResourceBundleLocator  - org.hibernate.validator.ValidationMessages found.
1908 [main] DEBUG org.hibernate.validator.resourceloading.PlatformResourceBundleLocator  - ValidationMessages not found.
1909 [main] DEBUG org.hibernate.validator.resourceloading.PlatformResourceBundleLocator  - ContributorValidationMessages not found.
1909 [main] DEBUG org.hibernate.validator.resourceloading.PlatformResourceBundleLocator  - org.hibernate.validator.ValidationMessages found.
Tests run: 10, Failures: 0, Errors: 0, Skipped: 0, Time elapsed: 0.052 sec - in org.segrada.model.ColorTest
Running org.segrada.model.TagTest
1913 [main] DEBUG org.hibernate.validator.internal.engine.resolver.DefaultTraversableResolver  - Cannot find javax.persistence.Persistence on classpath. Assuming non JPA 2 environment. All properties will per default be traversable.
1914 [main] DEBUG org.hibernate.validator.internal.xml.ValidationXmlParser  - Trying to load META-INF/validation.xml for XML based Validator configuration.
1914 [main] DEBUG org.hibernate.validator.internal.xml.ResourceLoaderHelper  - Trying to load META-INF/validation.xml via TCCL
1914 [main] INFO  org.hibernate.validator.internal.xml.ValidationXmlParser  - HV000007: META-INF/validation.xml found. Parsing XML based configuration.
1928 [main] DEBUG org.segrada.test.PropertyAsserter  - writing method on object 'class org.segrada.model.Tag' with arg: '[null, null, null, null, null, null, null, null, null, null]'
1928 [main] DEBUG org.segrada.test.PropertyAsserter  - Wrote arg: '[null, null, null, null, null, null, null, null, null, null]'
1928 [main] DEBUG org.segrada.test.PropertyAsserter  - Invoking read method public java.lang.String[] org.segrada.model.Tag.getChildTags() on object: class org.segrada.model.Tag
1928 [main] DEBUG org.segrada.test.PropertyAsserter  - read result: '[null, null, null, null, null, null, null, null, null, null]'
1928 [main] DEBUG org.segrada.test.PropertyAsserter  - property, 'class' does not have both getter and setter.
1928 [main] DEBUG org.segrada.test.PropertyAsserter  - writing method on object 'class org.segrada.model.Tag' with arg: '10'
1928 [main] DEBUG org.segrada.test.PropertyAsserter  - Wrote arg: '10'
1928 [main] DEBUG org.segrada.test.PropertyAsserter  - Invoking read method public java.lang.Long org.segrada.model.base.AbstractSegradaEntity.getCreated() on object: class org.segrada.model.Tag
1928 [main] DEBUG org.segrada.test.PropertyAsserter  - read result: '10'
1928 [main] DEBUG org.segrada.test.PropertyAsserter  - writing method on object 'class org.segrada.model.Tag' with arg: ''
1928 [main] DEBUG org.segrada.test.PropertyAsserter  - Wrote arg: ''
1928 [main] DEBUG org.segrada.test.PropertyAsserter  - Invoking read method public java.lang.String org.segrada.model.base.AbstractSegradaEntity.getId() on object: class org.segrada.model.Tag
1928 [main] DEBUG org.segrada.test.PropertyAsserter  - read result: ''
1928 [main] DEBUG org.segrada.test.PropertyAsserter  - property, 'modelName' does not have both getter and setter.
1928 [main] DEBUG org.segrada.test.PropertyAsserter  - writing method on object 'class org.segrada.model.Tag' with arg: '10'
1928 [main] DEBUG org.segrada.test.PropertyAsserter  - Wrote arg: '10'
1929 [main] DEBUG org.segrada.test.PropertyAsserter  - Invoking read method public java.lang.Long org.segrada.model.base.AbstractSegradaEntity.getModified() on object: class org.segrada.model.Tag
1929 [main] DEBUG org.segrada.test.PropertyAsserter  - read result: '10'
1929 [main] DEBUG org.segrada.test.PropertyAsserter  - writing method on object 'class org.segrada.model.Tag' with arg: '[null, null, null, null, null, null, null, null, null, null]'
1929 [main] DEBUG org.segrada.test.PropertyAsserter  - Wrote arg: '[null, null, null, null, null, null, null, null, null, null]'
1929 [main] DEBUG org.segrada.test.PropertyAsserter  - Invoking read method public java.lang.String[] org.segrada.model.Tag.getTags() on object: class org.segrada.model.Tag
1929 [main] DEBUG org.segrada.test.PropertyAsserter  - read result: '[null, null, null, null, null, null, null, null, null, null]'
1929 [main] DEBUG org.segrada.test.PropertyAsserter  - writing method on object 'class org.segrada.model.Tag' with arg: ''
1929 [main] DEBUG org.segrada.test.PropertyAsserter  - Wrote arg: ''
1929 [main] DEBUG org.segrada.test.PropertyAsserter  - Invoking read method public java.lang.String org.segrada.model.Tag.getTitle() on object: class org.segrada.model.Tag
1929 [main] DEBUG org.segrada.test.PropertyAsserter  - read result: ''
1929 [main] DEBUG org.segrada.test.PropertyAsserter  - property, 'uid' does not have both getter and setter.
1929 [main] DEBUG org.segrada.test.PropertyAsserter  - writing method on object 'class org.segrada.model.Tag' with arg: '10'
1929 [main] DEBUG org.segrada.test.PropertyAsserter  - Wrote arg: '10'
1929 [main] DEBUG org.segrada.test.PropertyAsserter  - Invoking read method public int org.segrada.model.base.AbstractSegradaEntity.getVersion() on object: class org.segrada.model.Tag
1929 [main] DEBUG org.segrada.test.PropertyAsserter  - read result: '10'
1939 [main] DEBUG org.hibernate.validator.resourceloading.PlatformResourceBundleLocator  - ValidationMessages not found.
1939 [main] DEBUG org.hibernate.validator.resourceloading.PlatformResourceBundleLocator  - ContributorValidationMessages not found.
1939 [main] DEBUG org.hibernate.validator.resourceloading.PlatformResourceBundleLocator  - org.hibernate.validator.ValidationMessages found.
1940 [main] DEBUG org.hibernate.validator.resourceloading.PlatformResourceBundleLocator  - ValidationMessages not found.
1940 [main] DEBUG org.hibernate.validator.resourceloading.PlatformResourceBundleLocator  - ContributorValidationMessages not found.
1940 [main] DEBUG org.hibernate.validator.resourceloading.PlatformResourceBundleLocator  - org.hibernate.validator.ValidationMessages found.
Tests run: 5, Failures: 0, Errors: 0, Skipped: 0, Time elapsed: 0.038 sec - in org.segrada.model.TagTest
Running org.segrada.model.PeriodTest
1944 [main] DEBUG org.hibernate.validator.internal.engine.resolver.DefaultTraversableResolver  - Cannot find javax.persistence.Persistence on classpath. Assuming non JPA 2 environment. All properties will per default be traversable.
1944 [main] DEBUG org.hibernate.validator.internal.xml.ValidationXmlParser  - Trying to load META-INF/validation.xml for XML based Validator configuration.
1944 [main] DEBUG org.hibernate.validator.internal.xml.ResourceLoaderHelper  - Trying to load META-INF/validation.xml via TCCL
1945 [main] INFO  org.hibernate.validator.internal.xml.ValidationXmlParser  - HV000007: META-INF/validation.xml found. Parsing XML based configuration.
2055 [main] DEBUG org.hibernate.validator.resourceloading.PlatformResourceBundleLocator  - ValidationMessages not found.
2055 [main] DEBUG org.hibernate.validator.resourceloading.PlatformResourceBundleLocator  - ContributorValidationMessages not found.
2055 [main] DEBUG org.hibernate.validator.resourceloading.PlatformResourceBundleLocator  - org.hibernate.validator.ValidationMessages found.
2087 [main] DEBUG org.hibernate.validator.resourceloading.PlatformResourceBundleLocator  - ValidationMessages not found.
2088 [main] DEBUG org.hibernate.validator.resourceloading.PlatformResourceBundleLocator  - ContributorValidationMessages not found.
2088 [main] DEBUG org.hibernate.validator.resourceloading.PlatformResourceBundleLocator  - org.hibernate.validator.ValidationMessages found.
2091 [main] DEBUG org.segrada.test.PropertyAsserter  - property, 'class' does not have both getter and setter.
2092 [main] DEBUG org.segrada.test.PropertyAsserter  - writing method on object 'class org.segrada.model.Period' with arg: ''
2092 [main] DEBUG org.segrada.test.PropertyAsserter  - Wrote arg: ''
2092 [main] DEBUG org.segrada.test.PropertyAsserter  - Invoking read method public java.lang.String org.segrada.model.Period.getComment() on object: class org.segrada.model.Period
2092 [main] DEBUG org.segrada.test.PropertyAsserter  - read result: ''
2092 [main] DEBUG org.segrada.test.PropertyAsserter  - writing method on object 'class org.segrada.model.Period' with arg: '10'
2092 [main] DEBUG org.segrada.test.PropertyAsserter  - Wrote arg: '10'
2092 [main] DEBUG org.segrada.test.PropertyAsserter  - Invoking read method public java.lang.Long org.segrada.model.base.AbstractSegradaEntity.getCreated() on object: class org.segrada.model.Period
2092 [main] DEBUG org.segrada.test.PropertyAsserter  - read result: '10'
2092 [main] DEBUG org.segrada.test.PropertyAsserter  - writing method on object 'class org.segrada.model.Period' with arg: ''
2092 [main] DEBUG org.segrada.test.PropertyAsserter  - Wrote arg: ''
2092 [main] DEBUG org.segrada.test.PropertyAsserter  - Invoking read method public java.lang.String org.segrada.model.Period.getFromEntry() on object: class org.segrada.model.Period
2092 [main] DEBUG org.segrada.test.PropertyAsserter  - read result: ''
2092 [main] DEBUG org.segrada.test.PropertyAsserter  - writing method on object 'class org.segrada.model.Period' with arg: ''
2092 [main] DEBUG org.segrada.test.PropertyAsserter  - Wrote arg: ''
2093 [main] DEBUG org.segrada.test.PropertyAsserter  - Invoking read method public java.lang.String org.segrada.model.Period.getFromEntryCalendar() on object: class org.segrada.model.Period
2093 [main] DEBUG org.segrada.test.PropertyAsserter  - read result: ''
2093 [main] DEBUG org.segrada.test.PropertyAsserter  - writing method on object 'class org.segrada.model.Period' with arg: '10'
2093 [main] DEBUG org.segrada.test.PropertyAsserter  - Wrote arg: '10'
2093 [main] DEBUG org.segrada.test.PropertyAsserter  - Invoking read method public java.lang.Long org.segrada.model.Period.getFromJD() on object: class org.segrada.model.Period
2093 [main] DEBUG org.segrada.test.PropertyAsserter  - read result: '10'
2093 [main] DEBUG org.segrada.test.PropertyAsserter  - property, 'fromLowerEqualThanTo' does not have both getter and setter.
2093 [main] DEBUG org.segrada.test.PropertyAsserter  - property, 'fuzzyFromFlags' does not have both getter and setter.
2093 [main] DEBUG org.segrada.test.PropertyAsserter  - property, 'fuzzyToFlags' does not have both getter and setter.
2093 [main] DEBUG org.segrada.test.PropertyAsserter  - writing method on object 'class org.segrada.model.Period' with arg: ''
2093 [main] DEBUG org.segrada.test.PropertyAsserter  - Wrote arg: ''
2093 [main] DEBUG org.segrada.test.PropertyAsserter  - Invoking read method public java.lang.String org.segrada.model.base.AbstractSegradaEntity.getId() on object: class org.segrada.model.Period
2093 [main] DEBUG org.segrada.test.PropertyAsserter  - read result: ''
2093 [main] DEBUG org.segrada.test.PropertyAsserter  - property, 'modelName' does not have both getter and setter.
2093 [main] DEBUG org.segrada.test.PropertyAsserter  - writing method on object 'class org.segrada.model.Period' with arg: '10'
2093 [main] DEBUG org.segrada.test.PropertyAsserter  - Wrote arg: '10'
2093 [main] DEBUG org.segrada.test.PropertyAsserter  - Invoking read method public java.lang.Long org.segrada.model.base.AbstractSegradaEntity.getModified() on object: class org.segrada.model.Period
2093 [main] DEBUG org.segrada.test.PropertyAsserter  - read result: '10'
2093 [main] DEBUG org.segrada.test.PropertyAsserter  - property, 'nonEmpty' does not have both getter and setter.
2093 [main] DEBUG org.segrada.test.PropertyAsserter  - writing method on object 'class org.segrada.model.Period' with arg: ''
2093 [main] DEBUG org.segrada.test.PropertyAsserter  - Wrote arg: ''
2093 [main] DEBUG org.segrada.test.PropertyAsserter  - Invoking read method public java.lang.String org.segrada.model.Period.getParentId() on object: class org.segrada.model.Period
2093 [main] DEBUG org.segrada.test.PropertyAsserter  - read result: ''
2093 [main] DEBUG org.segrada.test.PropertyAsserter  - writing method on object 'class org.segrada.model.Period' with arg: ''
2094 [main] DEBUG org.segrada.test.PropertyAsserter  - Wrote arg: ''
2094 [main] DEBUG org.segrada.test.PropertyAsserter  - Invoking read method public java.lang.String org.segrada.model.Period.getParentModel() on object: class org.segrada.model.Period
2094 [main] DEBUG org.segrada.test.PropertyAsserter  - read result: ''
2094 [main] DEBUG org.segrada.test.PropertyAsserter  - property, 'title' does not have both getter and setter.
2094 [main] DEBUG org.segrada.test.PropertyAsserter  - writing method on object 'class org.segrada.model.Period' with arg: ''
2094 [main] DEBUG org.segrada.test.PropertyAsserter  - Wrote arg: ''
2094 [main] DEBUG org.segrada.test.PropertyAsserter  - Invoking read method public java.lang.String org.segrada.model.Period.getToEntry() on object: class org.segrada.model.Period
2094 [main] DEBUG org.segrada.test.PropertyAsserter  - read result: ''
2094 [main] DEBUG org.segrada.test.PropertyAsserter  - writing method on object 'class org.segrada.model.Period' with arg: ''
2094 [main] DEBUG org.segrada.test.PropertyAsserter  - Wrote arg: ''
2094 [main] DEBUG org.segrada.test.PropertyAsserter  - Invoking read method public java.lang.String org.segrada.model.Period.getToEntryCalendar() on object: class org.segrada.model.Period
2094 [main] DEBUG org.segrada.test.PropertyAsserter  - read result: ''
2094 [main] DEBUG org.segrada.test.PropertyAsserter  - writing method on object 'class org.segrada.model.Period' with arg: '10'
2094 [main] DEBUG org.segrada.test.PropertyAsserter  - Wrote arg: '10'
2094 [main] DEBUG org.segrada.test.PropertyAsserter  - Invoking read method public java.lang.Long org.segrada.model.Period.getToJD() on object: class org.segrada.model.Period
2094 [main] DEBUG org.segrada.test.PropertyAsserter  - read result: '10'
2094 [main] DEBUG org.segrada.test.PropertyAsserter  - property, 'type' does not have both getter and setter.
2094 [main] DEBUG org.segrada.test.PropertyAsserter  - property, 'uid' does not have both getter and setter.
2094 [main] DEBUG org.segrada.test.PropertyAsserter  - writing method on object 'class org.segrada.model.Period' with arg: '10'
2094 [main] DEBUG org.segrada.test.PropertyAsserter  - Wrote arg: '10'
2094 [main] DEBUG org.segrada.test.PropertyAsserter  - Invoking read method public int org.segrada.model.base.AbstractSegradaEntity.getVersion() on object: class org.segrada.model.Period
2094 [main] DEBUG org.segrada.test.PropertyAsserter  - read result: '10'
2095 [main] DEBUG org.hibernate.validator.resourceloading.PlatformResourceBundleLocator  - ValidationMessages not found.
2095 [main] DEBUG org.hibernate.validator.resourceloading.PlatformResourceBundleLocator  - ContributorValidationMessages not found.
2095 [main] DEBUG org.hibernate.validator.resourceloading.PlatformResourceBundleLocator  - org.hibernate.validator.ValidationMessages found.
2131 [main] DEBUG org.hibernate.validator.resourceloading.PlatformResourceBundleLocator  - ValidationMessages not found.
2132 [main] DEBUG org.hibernate.validator.resourceloading.PlatformResourceBundleLocator  - ContributorValidationMessages not found.
2132 [main] DEBUG org.hibernate.validator.resourceloading.PlatformResourceBundleLocator  - org.hibernate.validator.ValidationMessages found.
Tests run: 19, Failures: 0, Errors: 0, Skipped: 0, Time elapsed: 0.198 sec - in org.segrada.model.PeriodTest
Running org.segrada.model.RelationTypeTest
2152 [main] DEBUG org.hibernate.validator.internal.engine.resolver.DefaultTraversableResolver  - Cannot find javax.persistence.Persistence on classpath. Assuming non JPA 2 environment. All properties will per default be traversable.
2152 [main] DEBUG org.hibernate.validator.internal.xml.ValidationXmlParser  - Trying to load META-INF/validation.xml for XML based Validator configuration.
2152 [main] DEBUG org.hibernate.validator.internal.xml.ResourceLoaderHelper  - Trying to load META-INF/validation.xml via TCCL
2159 [main] INFO  org.hibernate.validator.internal.xml.ValidationXmlParser  - HV000007: META-INF/validation.xml found. Parsing XML based configuration.
2172 [main] DEBUG org.segrada.test.PropertyAsserter  - property, 'class' does not have both getter and setter.
2172 [main] DEBUG org.segrada.test.PropertyAsserter  - writing method on object 'class org.segrada.model.RelationType' with arg: '10'
2172 [main] DEBUG org.segrada.test.PropertyAsserter  - Wrote arg: '10'
2172 [main] DEBUG org.segrada.test.PropertyAsserter  - Invoking read method public java.lang.Integer org.segrada.model.base.AbstractColoredModel.getColor() on object: class org.segrada.model.RelationType
2172 [main] DEBUG org.segrada.test.PropertyAsserter  - read result: '10'
2172 [main] DEBUG org.segrada.test.PropertyAsserter  - writing method on object 'class org.segrada.model.RelationType' with arg: ''
2172 [main] DEBUG org.segrada.test.PropertyAsserter  - Wrote arg: ''
2172 [main] DEBUG org.segrada.test.PropertyAsserter  - Invoking read method public java.lang.String org.segrada.model.base.AbstractColoredModel.getColorCode() on object: class org.segrada.model.RelationType
2172 [main] DEBUG org.segrada.test.PropertyAsserter  - read result: ''
2172 [main] DEBUG org.segrada.test.PropertyAsserter  - writing method on object 'class org.segrada.model.RelationType' with arg: '10'
2172 [main] DEBUG org.segrada.test.PropertyAsserter  - Wrote arg: '10'
2172 [main] DEBUG org.segrada.test.PropertyAsserter  - Invoking read method public java.lang.Long org.segrada.model.base.AbstractSegradaEntity.getCreated() on object: class org.segrada.model.RelationType
2172 [main] DEBUG org.segrada.test.PropertyAsserter  - read result: '10'
2173 [main] DEBUG org.segrada.test.PropertyAsserter  - writing method on object 'class org.segrada.model.RelationType' with arg: ''
2173 [main] DEBUG org.segrada.test.PropertyAsserter  - Wrote arg: ''
2173 [main] DEBUG org.segrada.test.PropertyAsserter  - Invoking read method public java.lang.String org.segrada.model.RelationType.getDescription() on object: class org.segrada.model.RelationType
2173 [main] DEBUG org.segrada.test.PropertyAsserter  - read result: ''
2173 [main] DEBUG org.segrada.test.PropertyAsserter  - writing method on object 'class org.segrada.model.RelationType' with arg: ''
2173 [main] DEBUG org.segrada.test.PropertyAsserter  - Wrote arg: ''
2173 [main] DEBUG org.segrada.test.PropertyAsserter  - Invoking read method public java.lang.String org.segrada.model.RelationType.getDescriptionMarkup() on object: class org.segrada.model.RelationType
2173 [main] DEBUG org.segrada.test.PropertyAsserter  - read result: ''
2173 [main] DEBUG org.segrada.test.PropertyAsserter  - writing method on object 'class org.segrada.model.RelationType' with arg: ''
2173 [main] DEBUG org.segrada.test.PropertyAsserter  - Wrote arg: ''
2173 [main] DEBUG org.segrada.test.PropertyAsserter  - Invoking read method public java.lang.String org.segrada.model.RelationType.getFromTagIds() on object: class org.segrada.model.RelationType
2173 [main] DEBUG org.segrada.test.PropertyAsserter  - read result: ''
2173 [main] DEBUG org.segrada.test.PropertyAsserter  - writing method on object 'class org.segrada.model.RelationType' with arg: '[null, null, null, null, null, null, null, null, null, null]'
2173 [main] DEBUG org.segrada.test.PropertyAsserter  - Wrote arg: '[null, null, null, null, null, null, null, null, null, null]'
2173 [main] DEBUG org.segrada.test.PropertyAsserter  - Invoking read method public java.lang.String[] org.segrada.model.RelationType.getFromTags() on object: class org.segrada.model.RelationType
2173 [main] DEBUG org.segrada.test.PropertyAsserter  - read result: '[null, null, null, null, null, null, null, null, null, null]'
2173 [main] DEBUG org.segrada.test.PropertyAsserter  - writing method on object 'class org.segrada.model.RelationType' with arg: ''
2173 [main] DEBUG org.segrada.test.PropertyAsserter  - Wrote arg: ''
2173 [main] DEBUG org.segrada.test.PropertyAsserter  - Invoking read method public java.lang.String org.segrada.model.RelationType.getFromTitle() on object: class org.segrada.model.RelationType
2173 [main] DEBUG org.segrada.test.PropertyAsserter  - read result: ''
2173 [main] DEBUG org.segrada.test.PropertyAsserter  - writing method on object 'class org.segrada.model.RelationType' with arg: ''
2173 [main] DEBUG org.segrada.test.PropertyAsserter  - Wrote arg: ''
2173 [main] DEBUG org.segrada.test.PropertyAsserter  - Invoking read method public java.lang.String org.segrada.model.base.AbstractSegradaEntity.getId() on object: class org.segrada.model.RelationType
2173 [main] DEBUG org.segrada.test.PropertyAsserter  - read result: ''
2173 [main] DEBUG org.segrada.test.PropertyAsserter  - property, 'modelName' does not have both getter and setter.
2173 [main] DEBUG org.segrada.test.PropertyAsserter  - writing method on object 'class org.segrada.model.RelationType' with arg: '10'
2173 [main] DEBUG org.segrada.test.PropertyAsserter  - Wrote arg: '10'
2173 [main] DEBUG org.segrada.test.PropertyAsserter  - Invoking read method public java.lang.Long org.segrada.model.base.AbstractSegradaEntity.getModified() on object: class org.segrada.model.RelationType
2174 [main] DEBUG org.segrada.test.PropertyAsserter  - read result: '10'
2174 [main] DEBUG org.segrada.test.PropertyAsserter  - writing method on object 'class org.segrada.model.RelationType' with arg: '[null, null, null, null, null, null, null, null, null, null]'
2174 [main] DEBUG org.segrada.test.PropertyAsserter  - Wrote arg: '[null, null, null, null, null, null, null, null, null, null]'
2174 [main] DEBUG org.segrada.test.PropertyAsserter  - Invoking read method public java.lang.String[] org.segrada.model.RelationType.getTags() on object: class org.segrada.model.RelationType
2174 [main] DEBUG org.segrada.test.PropertyAsserter  - read result: '[null, null, null, null, null, null, null, null, null, null]'
2174 [main] DEBUG org.segrada.test.PropertyAsserter  - property, 'title' does not have both getter and setter.
2174 [main] DEBUG org.segrada.test.PropertyAsserter  - writing method on object 'class org.segrada.model.RelationType' with arg: ''
2175 [main] DEBUG org.segrada.test.PropertyAsserter  - Wrote arg: ''
2175 [main] DEBUG org.segrada.test.PropertyAsserter  - Invoking read method public java.lang.String org.segrada.model.RelationType.getToTagIds() on object: class org.segrada.model.RelationType
2175 [main] DEBUG org.segrada.test.PropertyAsserter  - read result: ''
2175 [main] DEBUG org.segrada.test.PropertyAsserter  - writing method on object 'class org.segrada.model.RelationType' with arg: '[null, null, null, null, null, null, null, null, null, null]'
2175 [main] DEBUG org.segrada.test.PropertyAsserter  - Wrote arg: '[null, null, null, null, null, null, null, null, null, null]'
2175 [main] DEBUG org.segrada.test.PropertyAsserter  - Invoking read method public java.lang.String[] org.segrada.model.RelationType.getToTags() on object: class org.segrada.model.RelationType
2175 [main] DEBUG org.segrada.test.PropertyAsserter  - read result: '[null, null, null, null, null, null, null, null, null, null]'
2175 [main] DEBUG org.segrada.test.PropertyAsserter  - writing method on object 'class org.segrada.model.RelationType' with arg: ''
2175 [main] DEBUG org.segrada.test.PropertyAsserter  - Wrote arg: ''
2175 [main] DEBUG org.segrada.test.PropertyAsserter  - Invoking read method public java.lang.String org.segrada.model.RelationType.getToTitle() on object: class org.segrada.model.RelationType
2175 [main] DEBUG org.segrada.test.PropertyAsserter  - read result: ''
2175 [main] DEBUG org.segrada.test.PropertyAsserter  - property, 'uid' does not have both getter and setter.
2175 [main] DEBUG org.segrada.test.PropertyAsserter  - writing method on object 'class org.segrada.model.RelationType' with arg: '10'
2175 [main] DEBUG org.segrada.test.PropertyAsserter  - Wrote arg: '10'
2175 [main] DEBUG org.segrada.test.PropertyAsserter  - Invoking read method public int org.segrada.model.base.AbstractSegradaEntity.getVersion() on object: class org.segrada.model.RelationType
2175 [main] DEBUG org.segrada.test.PropertyAsserter  - read result: '10'
2187 [main] DEBUG org.hibernate.validator.resourceloading.PlatformResourceBundleLocator  - ValidationMessages not found.
2187 [main] DEBUG org.hibernate.validator.resourceloading.PlatformResourceBundleLocator  - ContributorValidationMessages not found.
2187 [main] DEBUG org.hibernate.validator.resourceloading.PlatformResourceBundleLocator  - org.hibernate.validator.ValidationMessages found.
2194 [main] DEBUG org.hibernate.validator.resourceloading.PlatformResourceBundleLocator  - ValidationMessages not found.
2195 [main] DEBUG org.hibernate.validator.resourceloading.PlatformResourceBundleLocator  - ContributorValidationMessages not found.
2195 [main] DEBUG org.hibernate.validator.resourceloading.PlatformResourceBundleLocator  - org.hibernate.validator.ValidationMessages found.
Tests run: 9, Failures: 0, Errors: 0, Skipped: 0, Time elapsed: 0.046 sec - in org.segrada.model.RelationTypeTest
Running org.segrada.model.util.FuzzyFlagTest
Tests run: 6, Failures: 0, Errors: 0, Skipped: 0, Time elapsed: 0.005 sec - in org.segrada.model.util.FuzzyFlagTest
Running org.segrada.model.UserTest
2208 [main] DEBUG org.hibernate.validator.internal.engine.resolver.DefaultTraversableResolver  - Cannot find javax.persistence.Persistence on classpath. Assuming non JPA 2 environment. All properties will per default be traversable.
2208 [main] DEBUG org.hibernate.validator.internal.xml.ValidationXmlParser  - Trying to load META-INF/validation.xml for XML based Validator configuration.
2209 [main] DEBUG org.hibernate.validator.internal.xml.ResourceLoaderHelper  - Trying to load META-INF/validation.xml via TCCL
2210 [main] INFO  org.hibernate.validator.internal.xml.ValidationXmlParser  - HV000007: META-INF/validation.xml found. Parsing XML based configuration.
2234 [main] DEBUG org.hibernate.validator.resourceloading.PlatformResourceBundleLocator  - ValidationMessages not found.
2237 [main] DEBUG org.hibernate.validator.resourceloading.PlatformResourceBundleLocator  - ContributorValidationMessages not found.
2237 [main] DEBUG org.hibernate.validator.resourceloading.PlatformResourceBundleLocator  - org.hibernate.validator.ValidationMessages found.
2244 [main] DEBUG org.segrada.test.PropertyAsserter  - writing method on object 'class org.segrada.model.User' with arg: 'true'
2245 [main] DEBUG org.segrada.test.PropertyAsserter  - Wrote arg: 'true'
2245 [main] DEBUG org.segrada.test.PropertyAsserter  - Invoking read method public java.lang.Boolean org.segrada.model.User.getActive() on object: class org.segrada.model.User
2245 [main] DEBUG org.segrada.test.PropertyAsserter  - read result: 'true'
2245 [main] DEBUG org.segrada.test.PropertyAsserter  - property, 'class' does not have both getter and setter.
2245 [main] DEBUG org.segrada.test.PropertyAsserter  - writing method on object 'class org.segrada.model.User' with arg: ''
2245 [main] DEBUG org.segrada.test.PropertyAsserter  - Wrote arg: ''
2245 [main] DEBUG org.segrada.test.PropertyAsserter  - Invoking read method public java.lang.String org.segrada.model.User.getConfirmPassword() on object: class org.segrada.model.User
2245 [main] DEBUG org.segrada.test.PropertyAsserter  - read result: ''
2246 [main] DEBUG org.segrada.test.PropertyAsserter  - writing method on object 'class org.segrada.model.User' with arg: '10'
2246 [main] DEBUG org.segrada.test.PropertyAsserter  - Wrote arg: '10'
2246 [main] DEBUG org.segrada.test.PropertyAsserter  - Invoking read method public java.lang.Long org.segrada.model.base.AbstractSegradaEntity.getCreated() on object: class org.segrada.model.User
2246 [main] DEBUG org.segrada.test.PropertyAsserter  - read result: '10'
2246 [main] DEBUG org.segrada.test.PropertyAsserter  - writing method on object 'class org.segrada.model.User' with arg: ''
2246 [main] DEBUG org.segrada.test.PropertyAsserter  - Wrote arg: ''
2246 [main] DEBUG org.segrada.test.PropertyAsserter  - Invoking read method public java.lang.String org.segrada.model.base.AbstractSegradaEntity.getId() on object: class org.segrada.model.User
2246 [main] DEBUG org.segrada.test.PropertyAsserter  - read result: ''
2246 [main] DEBUG org.segrada.test.PropertyAsserter  - writing method on object 'class org.segrada.model.User' with arg: '10'
2246 [main] DEBUG org.segrada.test.PropertyAsserter  - Wrote arg: '10'
2246 [main] DEBUG org.segrada.test.PropertyAsserter  - Invoking read method public java.lang.Long org.segrada.model.User.getLastLogin() on object: class org.segrada.model.User
2246 [main] DEBUG org.segrada.test.PropertyAsserter  - read result: '10'
2246 [main] DEBUG org.segrada.test.PropertyAsserter  - writing method on object 'class org.segrada.model.User' with arg: ''
2246 [main] DEBUG org.segrada.test.PropertyAsserter  - Wrote arg: ''
2246 [main] DEBUG org.segrada.test.PropertyAsserter  - Invoking read method public java.lang.String org.segrada.model.User.getLogin() on object: class org.segrada.model.User
2246 [main] DEBUG org.segrada.test.PropertyAsserter  - read result: ''
2246 [main] DEBUG org.segrada.test.PropertyAsserter  - property, 'modelName' does not have both getter and setter.
2246 [main] DEBUG org.segrada.test.PropertyAsserter  - writing method on object 'class org.segrada.model.User' with arg: '10'
2246 [main] DEBUG org.segrada.test.PropertyAsserter  - Wrote arg: '10'
2246 [main] DEBUG org.segrada.test.PropertyAsserter  - Invoking read method public java.lang.Long org.segrada.model.base.AbstractSegradaEntity.getModified() on object: class org.segrada.model.User
2246 [main] DEBUG org.segrada.test.PropertyAsserter  - read result: '10'
2247 [main] DEBUG org.segrada.test.PropertyAsserter  - writing method on object 'class org.segrada.model.User' with arg: ''
2247 [main] DEBUG org.segrada.test.PropertyAsserter  - Wrote arg: ''
2247 [main] DEBUG org.segrada.test.PropertyAsserter  - Invoking read method public java.lang.String org.segrada.model.User.getName() on object: class org.segrada.model.User
2247 [main] DEBUG org.segrada.test.PropertyAsserter  - read result: ''
2247 [main] DEBUG org.segrada.test.PropertyAsserter  - writing method on object 'class org.segrada.model.User' with arg: ''
2247 [main] DEBUG org.segrada.test.PropertyAsserter  - Wrote arg: ''
2247 [main] DEBUG org.segrada.test.PropertyAsserter  - Invoking read method public java.lang.String org.segrada.model.User.getPassword() on object: class org.segrada.model.User
2247 [main] DEBUG org.segrada.test.PropertyAsserter  - read result: ''
2247 [main] DEBUG org.segrada.test.PropertyAsserter  - property, 'title' does not have both getter and setter.
2247 [main] DEBUG org.segrada.test.PropertyAsserter  - property, 'uid' does not have both getter and setter.
2247 [main] DEBUG org.segrada.test.PropertyAsserter  - writing method on object 'class org.segrada.model.User' with arg: '10'
2247 [main] DEBUG org.segrada.test.PropertyAsserter  - Wrote arg: '10'
2247 [main] DEBUG org.segrada.test.PropertyAsserter  - Invoking read method public int org.segrada.model.base.AbstractSegradaEntity.getVersion() on object: class org.segrada.model.User
2247 [main] DEBUG org.segrada.test.PropertyAsserter  - read result: '10'
2248 [main] DEBUG org.hibernate.validator.resourceloading.PlatformResourceBundleLocator  - ValidationMessages not found.
2248 [main] DEBUG org.hibernate.validator.resourceloading.PlatformResourceBundleLocator  - ContributorValidationMessages not found.
2248 [main] DEBUG org.hibernate.validator.resourceloading.PlatformResourceBundleLocator  - org.hibernate.validator.ValidationMessages found.
2249 [main] DEBUG org.hibernate.validator.resourceloading.PlatformResourceBundleLocator  - ValidationMessages not found.
2249 [main] DEBUG org.hibernate.validator.resourceloading.PlatformResourceBundleLocator  - ContributorValidationMessages not found.
2249 [main] DEBUG org.hibernate.validator.resourceloading.PlatformResourceBundleLocator  - org.hibernate.validator.ValidationMessages found.
2254 [main] DEBUG org.hibernate.validator.resourceloading.PlatformResourceBundleLocator  - ValidationMessages not found.
2254 [main] DEBUG org.hibernate.validator.resourceloading.PlatformResourceBundleLocator  - ContributorValidationMessages not found.
2254 [main] DEBUG org.hibernate.validator.resourceloading.PlatformResourceBundleLocator  - org.hibernate.validator.ValidationMessages found.
Tests run: 14, Failures: 0, Errors: 0, Skipped: 0, Time elapsed: 0.055 sec - in org.segrada.model.UserTest
Running org.segrada.model.CommentTest
2273 [main] DEBUG org.hibernate.validator.internal.engine.resolver.DefaultTraversableResolver  - Cannot find javax.persistence.Persistence on classpath. Assuming non JPA 2 environment. All properties will per default be traversable.
2273 [main] DEBUG org.hibernate.validator.internal.xml.ValidationXmlParser  - Trying to load META-INF/validation.xml for XML based Validator configuration.
2273 [main] DEBUG org.hibernate.validator.internal.xml.ResourceLoaderHelper  - Trying to load META-INF/validation.xml via TCCL
2274 [main] INFO  org.hibernate.validator.internal.xml.ValidationXmlParser  - HV000007: META-INF/validation.xml found. Parsing XML based configuration.
2286 [main] DEBUG org.segrada.test.PropertyAsserter  - property, 'class' does not have both getter and setter.
2286 [main] DEBUG org.segrada.test.PropertyAsserter  - writing method on object 'class org.segrada.model.Comment' with arg: '10'
2286 [main] DEBUG org.segrada.test.PropertyAsserter  - Wrote arg: '10'
2286 [main] DEBUG org.segrada.test.PropertyAsserter  - Invoking read method public java.lang.Integer org.segrada.model.base.AbstractColoredModel.getColor() on object: class org.segrada.model.Comment
2286 [main] DEBUG org.segrada.test.PropertyAsserter  - read result: '10'
2286 [main] DEBUG org.segrada.test.PropertyAsserter  - writing method on object 'class org.segrada.model.Comment' with arg: ''
2287 [main] DEBUG org.segrada.test.PropertyAsserter  - Wrote arg: ''
2287 [main] DEBUG org.segrada.test.PropertyAsserter  - Invoking read method public java.lang.String org.segrada.model.base.AbstractColoredModel.getColorCode() on object: class org.segrada.model.Comment
2287 [main] DEBUG org.segrada.test.PropertyAsserter  - read result: ''
2287 [main] DEBUG org.segrada.test.PropertyAsserter  - writing method on object 'class org.segrada.model.Comment' with arg: '[]'
2287 [main] DEBUG org.segrada.test.PropertyAsserter  - Wrote arg: '[]'
2287 [main] DEBUG org.segrada.test.PropertyAsserter  - Invoking read method public java.util.List org.segrada.model.base.AbstractAnnotatedModel.getComments() on object: class org.segrada.model.Comment
2287 [main] DEBUG org.segrada.test.PropertyAsserter  - read result: '[]'
2287 [main] DEBUG org.segrada.test.PropertyAsserter  - writing method on object 'class org.segrada.model.Comment' with arg: '10'
2287 [main] DEBUG org.segrada.test.PropertyAsserter  - Wrote arg: '10'
2287 [main] DEBUG org.segrada.test.PropertyAsserter  - Invoking read method public java.lang.Long org.segrada.model.base.AbstractSegradaEntity.getCreated() on object: class org.segrada.model.Comment
2287 [main] DEBUG org.segrada.test.PropertyAsserter  - read result: '10'
2287 [main] DEBUG org.segrada.test.PropertyAsserter  - writing method on object 'class org.segrada.model.Comment' with arg: '[]'
2287 [main] DEBUG org.segrada.test.PropertyAsserter  - Wrote arg: '[]'
2287 [main] DEBUG org.segrada.test.PropertyAsserter  - Invoking read method public java.util.List org.segrada.model.base.AbstractAnnotatedModel.getFiles() on object: class org.segrada.model.Comment
2287 [main] DEBUG org.segrada.test.PropertyAsserter  - read result: '[]'
2287 [main] DEBUG org.segrada.test.PropertyAsserter  - writing method on object 'class org.segrada.model.Comment' with arg: ''
2287 [main] DEBUG org.segrada.test.PropertyAsserter  - Wrote arg: ''
2287 [main] DEBUG org.segrada.test.PropertyAsserter  - Invoking read method public java.lang.String org.segrada.model.base.AbstractSegradaEntity.getId() on object: class org.segrada.model.Comment
2287 [main] DEBUG org.segrada.test.PropertyAsserter  - read result: ''
2287 [main] DEBUG org.segrada.test.PropertyAsserter  - writing method on object 'class org.segrada.model.Comment' with arg: ''
2287 [main] DEBUG org.segrada.test.PropertyAsserter  - Wrote arg: ''
2287 [main] DEBUG org.segrada.test.PropertyAsserter  - Invoking read method public java.lang.String org.segrada.model.Comment.getMarkup() on object: class org.segrada.model.Comment
2287 [main] DEBUG org.segrada.test.PropertyAsserter  - read result: ''
2287 [main] DEBUG org.segrada.test.PropertyAsserter  - property, 'modelName' does not have both getter and setter.
2287 [main] DEBUG org.segrada.test.PropertyAsserter  - writing method on object 'class org.segrada.model.Comment' with arg: '10'
2287 [main] DEBUG org.segrada.test.PropertyAsserter  - Wrote arg: '10'
2287 [main] DEBUG org.segrada.test.PropertyAsserter  - Invoking read method public java.lang.Long org.segrada.model.base.AbstractSegradaEntity.getModified() on object: class org.segrada.model.Comment
2287 [main] DEBUG org.segrada.test.PropertyAsserter  - read result: '10'
2287 [main] DEBUG org.segrada.test.PropertyAsserter  - writing method on object 'class org.segrada.model.Comment' with arg: '[]'
2287 [main] DEBUG org.segrada.test.PropertyAsserter  - Wrote arg: '[]'
2288 [main] DEBUG org.segrada.test.PropertyAsserter  - Invoking read method public java.util.List org.segrada.model.base.AbstractAnnotatedModel.getSourceReferences() on object: class org.segrada.model.Comment
2288 [main] DEBUG org.segrada.test.PropertyAsserter  - read result: '[]'
2288 [main] DEBUG org.segrada.test.PropertyAsserter  - writing method on object 'class org.segrada.model.Comment' with arg: '[null, null, null, null, null, null, null, null, null, null]'
2288 [main] DEBUG org.segrada.test.PropertyAsserter  - Wrote arg: '[null, null, null, null, null, null, null, null, null, null]'
2288 [main] DEBUG org.segrada.test.PropertyAsserter  - Invoking read method public java.lang.String[] org.segrada.model.base.AbstractAnnotatedModel.getTags() on object: class org.segrada.model.Comment
2288 [main] DEBUG org.segrada.test.PropertyAsserter  - read result: '[null, null, null, null, null, null, null, null, null, null]'
2288 [main] DEBUG org.segrada.test.PropertyAsserter  - writing method on object 'class org.segrada.model.Comment' with arg: ''
2288 [main] DEBUG org.segrada.test.PropertyAsserter  - Wrote arg: ''
2288 [main] DEBUG org.segrada.test.PropertyAsserter  - Invoking read method public java.lang.String org.segrada.model.Comment.getText() on object: class org.segrada.model.Comment
2288 [main] DEBUG org.segrada.test.PropertyAsserter  - read result: ''
2288 [main] DEBUG org.segrada.test.PropertyAsserter  - property, 'title' does not have both getter and setter.
2288 [main] DEBUG org.segrada.test.PropertyAsserter  - property, 'uid' does not have both getter and setter.
2288 [main] DEBUG org.segrada.test.PropertyAsserter  - writing method on object 'class org.segrada.model.Comment' with arg: '10'
2288 [main] DEBUG org.segrada.test.PropertyAsserter  - Wrote arg: '10'
2288 [main] DEBUG org.segrada.test.PropertyAsserter  - Invoking read method public int org.segrada.model.base.AbstractSegradaEntity.getVersion() on object: class org.segrada.model.Comment
2288 [main] DEBUG org.segrada.test.PropertyAsserter  - read result: '10'
2296 [main] DEBUG org.hibernate.validator.resourceloading.PlatformResourceBundleLocator  - ValidationMessages not found.
2296 [main] DEBUG org.hibernate.validator.resourceloading.PlatformResourceBundleLocator  - ContributorValidationMessages not found.
2296 [main] DEBUG org.hibernate.validator.resourceloading.PlatformResourceBundleLocator  - org.hibernate.validator.ValidationMessages found.
2303 [main] DEBUG org.hibernate.validator.resourceloading.PlatformResourceBundleLocator  - ValidationMessages not found.
2303 [main] DEBUG org.hibernate.validator.resourceloading.PlatformResourceBundleLocator  - ContributorValidationMessages not found.
2303 [main] DEBUG org.hibernate.validator.resourceloading.PlatformResourceBundleLocator  - org.hibernate.validator.ValidationMessages found.
Tests run: 5, Failures: 0, Errors: 0, Skipped: 0, Time elapsed: 0.044 sec - in org.segrada.model.CommentTest
Running org.segrada.model.base.AbstractAnnotatedModelTest
Tests run: 2, Failures: 0, Errors: 0, Skipped: 0, Time elapsed: 0.008 sec - in org.segrada.model.base.AbstractAnnotatedModelTest
Running org.segrada.model.base.AbstractColoredModelTest
Tests run: 1, Failures: 0, Errors: 0, Skipped: 0, Time elapsed: 0.001 sec - in org.segrada.model.base.AbstractColoredModelTest
Running org.segrada.model.base.AbstractSegradaEntityTest
Tests run: 8, Failures: 0, Errors: 0, Skipped: 0, Time elapsed: 0.003 sec - in org.segrada.model.base.AbstractSegradaEntityTest
Running org.segrada.model.base.AbstractCoreModelTest
Tests run: 8, Failures: 0, Errors: 0, Skipped: 0, Time elapsed: 0.006 sec - in org.segrada.model.base.AbstractCoreModelTest
Running org.segrada.model.RelationTest
2327 [main] DEBUG org.hibernate.validator.internal.engine.resolver.DefaultTraversableResolver  - Cannot find javax.persistence.Persistence on classpath. Assuming non JPA 2 environment. All properties will per default be traversable.
2327 [main] DEBUG org.hibernate.validator.internal.xml.ValidationXmlParser  - Trying to load META-INF/validation.xml for XML based Validator configuration.
2327 [main] DEBUG org.hibernate.validator.internal.xml.ResourceLoaderHelper  - Trying to load META-INF/validation.xml via TCCL
2328 [main] INFO  org.hibernate.validator.internal.xml.ValidationXmlParser  - HV000007: META-INF/validation.xml found. Parsing XML based configuration.
2352 [main] DEBUG org.hibernate.validator.resourceloading.PlatformResourceBundleLocator  - ValidationMessages not found.
2352 [main] DEBUG org.hibernate.validator.resourceloading.PlatformResourceBundleLocator  - ContributorValidationMessages not found.
2352 [main] DEBUG org.hibernate.validator.resourceloading.PlatformResourceBundleLocator  - org.hibernate.validator.ValidationMessages found.
2364 [main] DEBUG org.segrada.test.PropertyAsserter  - property, 'class' does not have both getter and setter.
2365 [main] DEBUG org.segrada.test.PropertyAsserter  - writing method on object 'class org.segrada.model.Relation' with arg: '10'
2365 [main] DEBUG org.segrada.test.PropertyAsserter  - Wrote arg: '10'
2365 [main] DEBUG org.segrada.test.PropertyAsserter  - Invoking read method public java.lang.Integer org.segrada.model.base.AbstractColoredModel.getColor() on object: class org.segrada.model.Relation
2365 [main] DEBUG org.segrada.test.PropertyAsserter  - read result: '10'
2365 [main] DEBUG org.segrada.test.PropertyAsserter  - writing method on object 'class org.segrada.model.Relation' with arg: ''
2365 [main] DEBUG org.segrada.test.PropertyAsserter  - Wrote arg: ''
2365 [main] DEBUG org.segrada.test.PropertyAsserter  - Invoking read method public java.lang.String org.segrada.model.base.AbstractColoredModel.getColorCode() on object: class org.segrada.model.Relation
2365 [main] DEBUG org.segrada.test.PropertyAsserter  - read result: ''
2365 [main] DEBUG org.segrada.test.PropertyAsserter  - writing method on object 'class org.segrada.model.Relation' with arg: '[]'
2365 [main] DEBUG org.segrada.test.PropertyAsserter  - Wrote arg: '[]'
2365 [main] DEBUG org.segrada.test.PropertyAsserter  - Invoking read method public java.util.List org.segrada.model.base.AbstractAnnotatedModel.getComments() on object: class org.segrada.model.Relation
2365 [main] DEBUG org.segrada.test.PropertyAsserter  - read result: '[]'
2365 [main] DEBUG org.segrada.test.PropertyAsserter  - writing method on object 'class org.segrada.model.Relation' with arg: '10'
2365 [main] DEBUG org.segrada.test.PropertyAsserter  - Wrote arg: '10'
2365 [main] DEBUG org.segrada.test.PropertyAsserter  - Invoking read method public java.lang.Long org.segrada.model.base.AbstractSegradaEntity.getCreated() on object: class org.segrada.model.Relation
2365 [main] DEBUG org.segrada.test.PropertyAsserter  - read result: '10'
2365 [main] DEBUG org.segrada.test.PropertyAsserter  - writing method on object 'class org.segrada.model.Relation' with arg: ''
2365 [main] DEBUG org.segrada.test.PropertyAsserter  - Wrote arg: ''
2365 [main] DEBUG org.segrada.test.PropertyAsserter  - Invoking read method public java.lang.String org.segrada.model.Relation.getDescription() on object: class org.segrada.model.Relation
2365 [main] DEBUG org.segrada.test.PropertyAsserter  - read result: ''
2365 [main] DEBUG org.segrada.test.PropertyAsserter  - writing method on object 'class org.segrada.model.Relation' with arg: ''
2365 [main] DEBUG org.segrada.test.PropertyAsserter  - Wrote arg: ''
2365 [main] DEBUG org.segrada.test.PropertyAsserter  - Invoking read method public java.lang.String org.segrada.model.Relation.getDescriptionMarkup() on object: class org.segrada.model.Relation
2365 [main] DEBUG org.segrada.test.PropertyAsserter  - read result: ''
2365 [main] DEBUG org.segrada.test.PropertyAsserter  - writing method on object 'class org.segrada.model.Relation' with arg: '[]'
2365 [main] DEBUG org.segrada.test.PropertyAsserter  - Wrote arg: '[]'
2365 [main] DEBUG org.segrada.test.PropertyAsserter  - Invoking read method public java.util.List org.segrada.model.base.AbstractAnnotatedModel.getFiles() on object: class org.segrada.model.Relation
2365 [main] DEBUG org.segrada.test.PropertyAsserter  - read result: '[]'
2365 [main] DEBUG org.segrada.test.PropertyAsserter  - property, 'fuzzyMaxFlags' does not have both getter and setter.
2365 [main] DEBUG org.segrada.test.PropertyAsserter  - property, 'fuzzyMinFlags' does not have both getter and setter.
2365 [main] DEBUG org.segrada.test.PropertyAsserter  - writing method on object 'class org.segrada.model.Relation' with arg: ''
2365 [main] DEBUG org.segrada.test.PropertyAsserter  - Wrote arg: ''
2365 [main] DEBUG org.segrada.test.PropertyAsserter  - Invoking read method public java.lang.String org.segrada.model.base.AbstractSegradaEntity.getId() on object: class org.segrada.model.Relation
2365 [main] DEBUG org.segrada.test.PropertyAsserter  - read result: ''
2365 [main] DEBUG org.segrada.test.PropertyAsserter  - writing method on object 'class org.segrada.model.Relation' with arg: '[]'
2366 [main] DEBUG org.segrada.test.PropertyAsserter  - Wrote arg: '[]'
2366 [main] DEBUG org.segrada.test.PropertyAsserter  - Invoking read method public java.util.List org.segrada.model.base.AbstractCoreModel.getLocations() on object: class org.segrada.model.Relation
2366 [main] DEBUG org.segrada.test.PropertyAsserter  - read result: '[]'
2366 [main] DEBUG org.segrada.test.PropertyAsserter  - writing method on object 'class org.segrada.model.Relation' with arg: ''
2366 [main] DEBUG org.segrada.test.PropertyAsserter  - Wrote arg: ''
2366 [main] DEBUG org.segrada.test.PropertyAsserter  - Invoking read method public java.lang.String org.segrada.model.base.AbstractCoreModel.getMaxEntry() on object: class org.segrada.model.Relation
2366 [main] DEBUG org.segrada.test.PropertyAsserter  - read result: ''
2366 [main] DEBUG org.segrada.test.PropertyAsserter  - writing method on object 'class org.segrada.model.Relation' with arg: ''
2366 [main] DEBUG org.segrada.test.PropertyAsserter  - Wrote arg: ''
2366 [main] DEBUG org.segrada.test.PropertyAsserter  - Invoking read method public java.lang.String org.segrada.model.base.AbstractCoreModel.getMaxEntryCalendar() on object: class org.segrada.model.Relation
2366 [main] DEBUG org.segrada.test.PropertyAsserter  - read result: ''
2366 [main] DEBUG org.segrada.test.PropertyAsserter  - writing method on object 'class org.segrada.model.Relation' with arg: '10'
2366 [main] DEBUG org.segrada.test.PropertyAsserter  - Wrote arg: '10'
2366 [main] DEBUG org.segrada.test.PropertyAsserter  - Invoking read method public java.lang.Long org.segrada.model.base.AbstractCoreModel.getMaxJD() on object: class org.segrada.model.Relation
2366 [main] DEBUG org.segrada.test.PropertyAsserter  - read result: '10'
2366 [main] DEBUG org.segrada.test.PropertyAsserter  - writing method on object 'class org.segrada.model.Relation' with arg: ''
2366 [main] DEBUG org.segrada.test.PropertyAsserter  - Wrote arg: ''
2366 [main] DEBUG org.segrada.test.PropertyAsserter  - Invoking read method public java.lang.String org.segrada.model.base.AbstractCoreModel.getMinEntry() on object: class org.segrada.model.Relation
2366 [main] DEBUG org.segrada.test.PropertyAsserter  - read result: ''
2366 [main] DEBUG org.segrada.test.PropertyAsserter  - writing method on object 'class org.segrada.model.Relation' with arg: ''
2366 [main] DEBUG org.segrada.test.PropertyAsserter  - Wrote arg: ''
2366 [main] DEBUG org.segrada.test.PropertyAsserter  - Invoking read method public java.lang.String org.segrada.model.base.AbstractCoreModel.getMinEntryCalendar() on object: class org.segrada.model.Relation
2366 [main] DEBUG org.segrada.test.PropertyAsserter  - read result: ''
2366 [main] DEBUG org.segrada.test.PropertyAsserter  - writing method on object 'class org.segrada.model.Relation' with arg: '10'
2366 [main] DEBUG org.segrada.test.PropertyAsserter  - Wrote arg: '10'
2366 [main] DEBUG org.segrada.test.PropertyAsserter  - Invoking read method public java.lang.Long org.segrada.model.base.AbstractCoreModel.getMinJD() on object: class org.segrada.model.Relation
2366 [main] DEBUG org.segrada.test.PropertyAsserter  - read result: '10'
2366 [main] DEBUG org.segrada.test.PropertyAsserter  - property, 'modelName' does not have both getter and setter.
2366 [main] DEBUG org.segrada.test.PropertyAsserter  - writing method on object 'class org.segrada.model.Relation' with arg: '10'
2366 [main] DEBUG org.segrada.test.PropertyAsserter  - Wrote arg: '10'
2366 [main] DEBUG org.segrada.test.PropertyAsserter  - Invoking read method public java.lang.Long org.segrada.model.base.AbstractSegradaEntity.getModified() on object: class org.segrada.model.Relation
2366 [main] DEBUG org.segrada.test.PropertyAsserter  - read result: '10'
2366 [main] DEBUG org.segrada.test.PropertyAsserter  - writing method on object 'class org.segrada.model.Relation' with arg: '[]'
2366 [main] DEBUG org.segrada.test.PropertyAsserter  - Wrote arg: '[]'
2366 [main] DEBUG org.segrada.test.PropertyAsserter  - Invoking read method public java.util.List org.segrada.model.base.AbstractCoreModel.getPeriods() on object: class org.segrada.model.Relation
2366 [main] DEBUG org.segrada.test.PropertyAsserter  - read result: '[]'
2366 [main] DEBUG org.segrada.test.PropertyAsserter  - property, 'reversedTitle' does not have both getter and setter.
2366 [main] DEBUG org.segrada.test.PropertyAsserter  - writing method on object 'class org.segrada.model.Relation' with arg: '[]'
2367 [main] DEBUG org.segrada.test.PropertyAsserter  - Wrote arg: '[]'
2367 [main] DEBUG org.segrada.test.PropertyAsserter  - Invoking read method public java.util.List org.segrada.model.base.AbstractAnnotatedModel.getSourceReferences() on object: class org.segrada.model.Relation
2367 [main] DEBUG org.segrada.test.PropertyAsserter  - read result: '[]'
2367 [main] DEBUG org.segrada.test.PropertyAsserter  - writing method on object 'class org.segrada.model.Relation' with arg: '[null, null, null, null, null, null, null, null, null, null]'
2367 [main] DEBUG org.segrada.test.PropertyAsserter  - Wrote arg: '[null, null, null, null, null, null, null, null, null, null]'
2367 [main] DEBUG org.segrada.test.PropertyAsserter  - Invoking read method public java.lang.String[] org.segrada.model.base.AbstractAnnotatedModel.getTags() on object: class org.segrada.model.Relation
2367 [main] DEBUG org.segrada.test.PropertyAsserter  - read result: '[null, null, null, null, null, null, null, null, null, null]'
2367 [main] DEBUG org.segrada.test.PropertyAsserter  - property, 'title' does not have both getter and setter.
2367 [main] DEBUG org.segrada.test.PropertyAsserter  - property, 'uid' does not have both getter and setter.
2367 [main] DEBUG org.segrada.test.PropertyAsserter  - writing method on object 'class org.segrada.model.Relation' with arg: '10'
2367 [main] DEBUG org.segrada.test.PropertyAsserter  - Wrote arg: '10'
2367 [main] DEBUG org.segrada.test.PropertyAsserter  - Invoking read method public int org.segrada.model.base.AbstractSegradaEntity.getVersion() on object: class org.segrada.model.Relation
2367 [main] DEBUG org.segrada.test.PropertyAsserter  - read result: '10'
Tests run: 9, Failures: 0, Errors: 0, Skipped: 0, Time elapsed: 0.062 sec - in org.segrada.model.RelationTest
Running org.segrada.model.SavedQueryTest
2372 [main] DEBUG org.hibernate.validator.internal.engine.resolver.DefaultTraversableResolver  - Cannot find javax.persistence.Persistence on classpath. Assuming non JPA 2 environment. All properties will per default be traversable.
2372 [main] DEBUG org.hibernate.validator.internal.xml.ValidationXmlParser  - Trying to load META-INF/validation.xml for XML based Validator configuration.
2372 [main] DEBUG org.hibernate.validator.internal.xml.ResourceLoaderHelper  - Trying to load META-INF/validation.xml via TCCL
2373 [main] INFO  org.hibernate.validator.internal.xml.ValidationXmlParser  - HV000007: META-INF/validation.xml found. Parsing XML based configuration.
2387 [main] DEBUG org.segrada.test.PropertyAsserter  - property, 'JSONData' does not have both getter and setter.
2387 [main] DEBUG org.segrada.test.PropertyAsserter  - property, 'class' does not have both getter and setter.
2387 [main] DEBUG org.segrada.test.PropertyAsserter  - writing method on object 'class org.segrada.model.SavedQuery' with arg: '10'
2387 [main] DEBUG org.segrada.test.PropertyAsserter  - Wrote arg: '10'
2387 [main] DEBUG org.segrada.test.PropertyAsserter  - Invoking read method public java.lang.Long org.segrada.model.base.AbstractSegradaEntity.getCreated() on object: class org.segrada.model.SavedQuery
2387 [main] DEBUG org.segrada.test.PropertyAsserter  - read result: '10'
2387 [main] DEBUG org.segrada.test.PropertyAsserter  - writing method on object 'class org.segrada.model.SavedQuery' with arg: ''
2387 [main] DEBUG org.segrada.test.PropertyAsserter  - Wrote arg: ''
2387 [main] DEBUG org.segrada.test.PropertyAsserter  - Invoking read method public java.lang.String org.segrada.model.SavedQuery.getData() on object: class org.segrada.model.SavedQuery
2387 [main] DEBUG org.segrada.test.PropertyAsserter  - read result: ''
2387 [main] DEBUG org.segrada.test.PropertyAsserter  - writing method on object 'class org.segrada.model.SavedQuery' with arg: ''
2387 [main] DEBUG org.segrada.test.PropertyAsserter  - Wrote arg: ''
2387 [main] DEBUG org.segrada.test.PropertyAsserter  - Invoking read method public java.lang.String org.segrada.model.SavedQuery.getDescription() on object: class org.segrada.model.SavedQuery
2387 [main] DEBUG org.segrada.test.PropertyAsserter  - read result: ''
2387 [main] DEBUG org.segrada.test.PropertyAsserter  - writing method on object 'class org.segrada.model.SavedQuery' with arg: ''
2387 [main] DEBUG org.segrada.test.PropertyAsserter  - Wrote arg: ''
2387 [main] DEBUG org.segrada.test.PropertyAsserter  - Invoking read method public java.lang.String org.segrada.model.base.AbstractSegradaEntity.getId() on object: class org.segrada.model.SavedQuery
2387 [main] DEBUG org.segrada.test.PropertyAsserter  - read result: ''
2387 [main] DEBUG org.segrada.test.PropertyAsserter  - property, 'modelName' does not have both getter and setter.
2387 [main] DEBUG org.segrada.test.PropertyAsserter  - writing method on object 'class org.segrada.model.SavedQuery' with arg: '10'
2387 [main] DEBUG org.segrada.test.PropertyAsserter  - Wrote arg: '10'
2387 [main] DEBUG org.segrada.test.PropertyAsserter  - Invoking read method public java.lang.Long org.segrada.model.base.AbstractSegradaEntity.getModified() on object: class org.segrada.model.SavedQuery
2387 [main] DEBUG org.segrada.test.PropertyAsserter  - read result: '10'
2387 [main] DEBUG org.segrada.test.PropertyAsserter  - writing method on object 'class org.segrada.model.SavedQuery' with arg: ''
2387 [main] DEBUG org.segrada.test.PropertyAsserter  - Wrote arg: ''
2387 [main] DEBUG org.segrada.test.PropertyAsserter  - Invoking read method public java.lang.String org.segrada.model.SavedQuery.getTitle() on object: class org.segrada.model.SavedQuery
2387 [main] DEBUG org.segrada.test.PropertyAsserter  - read result: ''
2387 [main] DEBUG org.segrada.test.PropertyAsserter  - writing method on object 'class org.segrada.model.SavedQuery' with arg: ''
2387 [main] DEBUG org.segrada.test.PropertyAsserter  - Wrote arg: ''
2387 [main] DEBUG org.segrada.test.PropertyAsserter  - Invoking read method public java.lang.String org.segrada.model.SavedQuery.getType() on object: class org.segrada.model.SavedQuery
2387 [main] DEBUG org.segrada.test.PropertyAsserter  - read result: ''
2387 [main] DEBUG org.segrada.test.PropertyAsserter  - property, 'uid' does not have both getter and setter.
2387 [main] DEBUG org.segrada.test.PropertyAsserter  - writing method on object 'class org.segrada.model.SavedQuery' with arg: '10'
2387 [main] DEBUG org.segrada.test.PropertyAsserter  - Wrote arg: '10'
2387 [main] DEBUG org.segrada.test.PropertyAsserter  - Invoking read method public int org.segrada.model.base.AbstractSegradaEntity.getVersion() on object: class org.segrada.model.SavedQuery
2387 [main] DEBUG org.segrada.test.PropertyAsserter  - read result: '10'
2392 [main] DEBUG org.hibernate.validator.resourceloading.PlatformResourceBundleLocator  - ValidationMessages not found.
2392 [main] DEBUG org.hibernate.validator.resourceloading.PlatformResourceBundleLocator  - ContributorValidationMessages not found.
2392 [main] DEBUG org.hibernate.validator.resourceloading.PlatformResourceBundleLocator  - org.hibernate.validator.ValidationMessages found.
Tests run: 7, Failures: 0, Errors: 0, Skipped: 0, Time elapsed: 0.011 sec - in org.segrada.model.SavedQueryTest
Running org.segrada.model.NodeTest
2402 [main] DEBUG org.hibernate.validator.internal.engine.resolver.DefaultTraversableResolver  - Cannot find javax.persistence.Persistence on classpath. Assuming non JPA 2 environment. All properties will per default be traversable.
2402 [main] DEBUG org.hibernate.validator.internal.xml.ValidationXmlParser  - Trying to load META-INF/validation.xml for XML based Validator configuration.
2402 [main] DEBUG org.hibernate.validator.internal.xml.ResourceLoaderHelper  - Trying to load META-INF/validation.xml via TCCL
2403 [main] INFO  org.hibernate.validator.internal.xml.ValidationXmlParser  - HV000007: META-INF/validation.xml found. Parsing XML based configuration.
2416 [main] DEBUG org.segrada.test.PropertyAsserter  - writing method on object 'class org.segrada.model.Node' with arg: ''
2416 [main] DEBUG org.segrada.test.PropertyAsserter  - Wrote arg: ''
2416 [main] DEBUG org.segrada.test.PropertyAsserter  - Invoking read method public java.lang.String org.segrada.model.Node.getAlternativeTitles() on object: class org.segrada.model.Node
2416 [main] DEBUG org.segrada.test.PropertyAsserter  - read result: ''
2416 [main] DEBUG org.segrada.test.PropertyAsserter  - property, 'class' does not have both getter and setter.
2416 [main] DEBUG org.segrada.test.PropertyAsserter  - writing method on object 'class org.segrada.model.Node' with arg: '10'
2416 [main] DEBUG org.segrada.test.PropertyAsserter  - Wrote arg: '10'
2416 [main] DEBUG org.segrada.test.PropertyAsserter  - Invoking read method public java.lang.Integer org.segrada.model.base.AbstractColoredModel.getColor() on object: class org.segrada.model.Node
2416 [main] DEBUG org.segrada.test.PropertyAsserter  - read result: '10'
2417 [main] DEBUG org.segrada.test.PropertyAsserter  - writing method on object 'class org.segrada.model.Node' with arg: ''
2417 [main] DEBUG org.segrada.test.PropertyAsserter  - Wrote arg: ''
2417 [main] DEBUG org.segrada.test.PropertyAsserter  - Invoking read method public java.lang.String org.segrada.model.base.AbstractColoredModel.getColorCode() on object: class org.segrada.model.Node
2417 [main] DEBUG org.segrada.test.PropertyAsserter  - read result: ''
2417 [main] DEBUG org.segrada.test.PropertyAsserter  - writing method on object 'class org.segrada.model.Node' with arg: '[]'
2417 [main] DEBUG org.segrada.test.PropertyAsserter  - Wrote arg: '[]'
2417 [main] DEBUG org.segrada.test.PropertyAsserter  - Invoking read method public java.util.List org.segrada.model.base.AbstractAnnotatedModel.getComments() on object: class org.segrada.model.Node
2417 [main] DEBUG org.segrada.test.PropertyAsserter  - read result: '[]'
2417 [main] DEBUG org.segrada.test.PropertyAsserter  - writing method on object 'class org.segrada.model.Node' with arg: '10'
2417 [main] DEBUG org.segrada.test.PropertyAsserter  - Wrote arg: '10'
2417 [main] DEBUG org.segrada.test.PropertyAsserter  - Invoking read method public java.lang.Long org.segrada.model.base.AbstractSegradaEntity.getCreated() on object: class org.segrada.model.Node
2417 [main] DEBUG org.segrada.test.PropertyAsserter  - read result: '10'
2417 [main] DEBUG org.segrada.test.PropertyAsserter  - writing method on object 'class org.segrada.model.Node' with arg: ''
2417 [main] DEBUG org.segrada.test.PropertyAsserter  - Wrote arg: ''
2417 [main] DEBUG org.segrada.test.PropertyAsserter  - Invoking read method public java.lang.String org.segrada.model.Node.getDescription() on object: class org.segrada.model.Node
2417 [main] DEBUG org.segrada.test.PropertyAsserter  - read result: ''
2417 [main] DEBUG org.segrada.test.PropertyAsserter  - writing method on object 'class org.segrada.model.Node' with arg: ''
2417 [main] DEBUG org.segrada.test.PropertyAsserter  - Wrote arg: ''
2417 [main] DEBUG org.segrada.test.PropertyAsserter  - Invoking read method public java.lang.String org.segrada.model.Node.getDescriptionMarkup() on object: class org.segrada.model.Node
2417 [main] DEBUG org.segrada.test.PropertyAsserter  - read result: ''
2417 [main] DEBUG org.segrada.test.PropertyAsserter  - writing method on object 'class org.segrada.model.Node' with arg: '[]'
2417 [main] DEBUG org.segrada.test.PropertyAsserter  - Wrote arg: '[]'
2417 [main] DEBUG org.segrada.test.PropertyAsserter  - Invoking read method public java.util.List org.segrada.model.base.AbstractAnnotatedModel.getFiles() on object: class org.segrada.model.Node
2417 [main] DEBUG org.segrada.test.PropertyAsserter  - read result: '[]'
2417 [main] DEBUG org.segrada.test.PropertyAsserter  - property, 'fuzzyMaxFlags' does not have both getter and setter.
2417 [main] DEBUG org.segrada.test.PropertyAsserter  - property, 'fuzzyMinFlags' does not have both getter and setter.
2417 [main] DEBUG org.segrada.test.PropertyAsserter  - writing method on object 'class org.segrada.model.Node' with arg: ''
2417 [main] DEBUG org.segrada.test.PropertyAsserter  - Wrote arg: ''
2417 [main] DEBUG org.segrada.test.PropertyAsserter  - Invoking read method public java.lang.String org.segrada.model.base.AbstractSegradaEntity.getId() on object: class org.segrada.model.Node
2417 [main] DEBUG org.segrada.test.PropertyAsserter  - read result: ''
2417 [main] DEBUG org.segrada.test.PropertyAsserter  - writing method on object 'class org.segrada.model.Node' with arg: '[]'
2417 [main] DEBUG org.segrada.test.PropertyAsserter  - Wrote arg: '[]'
2417 [main] DEBUG org.segrada.test.PropertyAsserter  - Invoking read method public java.util.List org.segrada.model.base.AbstractCoreModel.getLocations() on object: class org.segrada.model.Node
2417 [main] DEBUG org.segrada.test.PropertyAsserter  - read result: '[]'
2417 [main] DEBUG org.segrada.test.PropertyAsserter  - writing method on object 'class org.segrada.model.Node' with arg: ''
2417 [main] DEBUG org.segrada.test.PropertyAsserter  - Wrote arg: ''
2417 [main] DEBUG org.segrada.test.PropertyAsserter  - Invoking read method public java.lang.String org.segrada.model.base.AbstractCoreModel.getMaxEntry() on object: class org.segrada.model.Node
2417 [main] DEBUG org.segrada.test.PropertyAsserter  - read result: ''
2417 [main] DEBUG org.segrada.test.PropertyAsserter  - writing method on object 'class org.segrada.model.Node' with arg: ''
2417 [main] DEBUG org.segrada.test.PropertyAsserter  - Wrote arg: ''
2417 [main] DEBUG org.segrada.test.PropertyAsserter  - Invoking read method public java.lang.String org.segrada.model.base.AbstractCoreModel.getMaxEntryCalendar() on object: class org.segrada.model.Node
2417 [main] DEBUG org.segrada.test.PropertyAsserter  - read result: ''
2417 [main] DEBUG org.segrada.test.PropertyAsserter  - writing method on object 'class org.segrada.model.Node' with arg: '10'
2417 [main] DEBUG org.segrada.test.PropertyAsserter  - Wrote arg: '10'
2417 [main] DEBUG org.segrada.test.PropertyAsserter  - Invoking read method public java.lang.Long org.segrada.model.base.AbstractCoreModel.getMaxJD() on object: class org.segrada.model.Node
2417 [main] DEBUG org.segrada.test.PropertyAsserter  - read result: '10'
2418 [main] DEBUG org.segrada.test.PropertyAsserter  - writing method on object 'class org.segrada.model.Node' with arg: ''
2418 [main] DEBUG org.segrada.test.PropertyAsserter  - Wrote arg: ''
2418 [main] DEBUG org.segrada.test.PropertyAsserter  - Invoking read method public java.lang.String org.segrada.model.base.AbstractCoreModel.getMinEntry() on object: class org.segrada.model.Node
2418 [main] DEBUG org.segrada.test.PropertyAsserter  - read result: ''
2418 [main] DEBUG org.segrada.test.PropertyAsserter  - writing method on object 'class org.segrada.model.Node' with arg: ''
2418 [main] DEBUG org.segrada.test.PropertyAsserter  - Wrote arg: ''
2418 [main] DEBUG org.segrada.test.PropertyAsserter  - Invoking read method public java.lang.String org.segrada.model.base.AbstractCoreModel.getMinEntryCalendar() on object: class org.segrada.model.Node
2418 [main] DEBUG org.segrada.test.PropertyAsserter  - read result: ''
2418 [main] DEBUG org.segrada.test.PropertyAsserter  - writing method on object 'class org.segrada.model.Node' with arg: '10'
2419 [main] DEBUG org.segrada.test.PropertyAsserter  - Wrote arg: '10'
2419 [main] DEBUG org.segrada.test.PropertyAsserter  - Invoking read method public java.lang.Long org.segrada.model.base.AbstractCoreModel.getMinJD() on object: class org.segrada.model.Node
2419 [main] DEBUG org.segrada.test.PropertyAsserter  - read result: '10'
2419 [main] DEBUG org.segrada.test.PropertyAsserter  - property, 'modelName' does not have both getter and setter.
2419 [main] DEBUG org.segrada.test.PropertyAsserter  - writing method on object 'class org.segrada.model.Node' with arg: '10'
2419 [main] DEBUG org.segrada.test.PropertyAsserter  - Wrote arg: '10'
2419 [main] DEBUG org.segrada.test.PropertyAsserter  - Invoking read method public java.lang.Long org.segrada.model.base.AbstractSegradaEntity.getModified() on object: class org.segrada.model.Node
2419 [main] DEBUG org.segrada.test.PropertyAsserter  - read result: '10'
2419 [main] DEBUG org.segrada.test.PropertyAsserter  - writing method on object 'class org.segrada.model.Node' with arg: '[]'
2419 [main] DEBUG org.segrada.test.PropertyAsserter  - Wrote arg: '[]'
2419 [main] DEBUG org.segrada.test.PropertyAsserter  - Invoking read method public java.util.List org.segrada.model.base.AbstractCoreModel.getPeriods() on object: class org.segrada.model.Node
2419 [main] DEBUG org.segrada.test.PropertyAsserter  - read result: '[]'
2419 [main] DEBUG org.segrada.test.PropertyAsserter  - writing method on object 'class org.segrada.model.Node' with arg: '[]'
2419 [main] DEBUG org.segrada.test.PropertyAsserter  - Wrote arg: '[]'
2419 [main] DEBUG org.segrada.test.PropertyAsserter  - Invoking read method public java.util.List org.segrada.model.base.AbstractAnnotatedModel.getSourceReferences() on object: class org.segrada.model.Node
2419 [main] DEBUG org.segrada.test.PropertyAsserter  - read result: '[]'
2419 [main] DEBUG org.segrada.test.PropertyAsserter  - writing method on object 'class org.segrada.model.Node' with arg: '[null, null, null, null, null, null, null, null, null, null]'
2420 [main] DEBUG org.segrada.test.PropertyAsserter  - Wrote arg: '[null, null, null, null, null, null, null, null, null, null]'
2420 [main] DEBUG org.segrada.test.PropertyAsserter  - Invoking read method public java.lang.String[] org.segrada.model.base.AbstractAnnotatedModel.getTags() on object: class org.segrada.model.Node
2420 [main] DEBUG org.segrada.test.PropertyAsserter  - read result: '[null, null, null, null, null, null, null, null, null, null]'
2420 [main] DEBUG org.segrada.test.PropertyAsserter  - writing method on object 'class org.segrada.model.Node' with arg: ''
2420 [main] DEBUG org.segrada.test.PropertyAsserter  - Wrote arg: ''
2420 [main] DEBUG org.segrada.test.PropertyAsserter  - Invoking read method public java.lang.String org.segrada.model.Node.getTitle() on object: class org.segrada.model.Node
2420 [main] DEBUG org.segrada.test.PropertyAsserter  - read result: ''
2420 [main] DEBUG org.segrada.test.PropertyAsserter  - property, 'uid' does not have both getter and setter.
2420 [main] DEBUG org.segrada.test.PropertyAsserter  - writing method on object 'class org.segrada.model.Node' with arg: '10'
2420 [main] DEBUG org.segrada.test.PropertyAsserter  - Wrote arg: '10'
2420 [main] DEBUG org.segrada.test.PropertyAsserter  - Invoking read method public int org.segrada.model.base.AbstractSegradaEntity.getVersion() on object: class org.segrada.model.Node
2420 [main] DEBUG org.segrada.test.PropertyAsserter  - read result: '10'
2433 [main] DEBUG org.hibernate.validator.resourceloading.PlatformResourceBundleLocator  - ValidationMessages not found.
2433 [main] DEBUG org.hibernate.validator.resourceloading.PlatformResourceBundleLocator  - ContributorValidationMessages not found.
2433 [main] DEBUG org.hibernate.validator.resourceloading.PlatformResourceBundleLocator  - org.hibernate.validator.ValidationMessages found.
2445 [main] DEBUG org.hibernate.validator.resourceloading.PlatformResourceBundleLocator  - ValidationMessages not found.
2445 [main] DEBUG org.hibernate.validator.resourceloading.PlatformResourceBundleLocator  - ContributorValidationMessages not found.
2445 [main] DEBUG org.hibernate.validator.resourceloading.PlatformResourceBundleLocator  - org.hibernate.validator.ValidationMessages found.
Tests run: 8, Failures: 0, Errors: 0, Skipped: 0, Time elapsed: 0.046 sec - in org.segrada.model.NodeTest
Running org.segrada.model.PictogramTest
2448 [main] DEBUG org.hibernate.validator.internal.engine.resolver.DefaultTraversableResolver  - Cannot find javax.persistence.Persistence on classpath. Assuming non JPA 2 environment. All properties will per default be traversable.
2448 [main] DEBUG org.hibernate.validator.internal.xml.ValidationXmlParser  - Trying to load META-INF/validation.xml for XML based Validator configuration.
2448 [main] DEBUG org.hibernate.validator.internal.xml.ResourceLoaderHelper  - Trying to load META-INF/validation.xml via TCCL
2449 [main] INFO  org.hibernate.validator.internal.xml.ValidationXmlParser  - HV000007: META-INF/validation.xml found. Parsing XML based configuration.
2463 [main] DEBUG org.segrada.test.PropertyAsserter  - property, 'class' does not have both getter and setter.
2463 [main] DEBUG org.segrada.test.PropertyAsserter  - writing method on object 'class org.segrada.model.Pictogram' with arg: '10'
2463 [main] DEBUG org.segrada.test.PropertyAsserter  - Wrote arg: '10'
2463 [main] DEBUG org.segrada.test.PropertyAsserter  - Invoking read method public java.lang.Long org.segrada.model.base.AbstractSegradaEntity.getCreated() on object: class org.segrada.model.Pictogram
2463 [main] DEBUG org.segrada.test.PropertyAsserter  - read result: '10'
2464 [main] DEBUG org.segrada.test.PropertyAsserter  - writing method on object 'class org.segrada.model.Pictogram' with arg: '[0, 0, 0, 0, 0, 0, 0, 0, 0, 0]'
2464 [main] DEBUG org.segrada.test.PropertyAsserter  - Wrote arg: '[0, 0, 0, 0, 0, 0, 0, 0, 0, 0]'
2464 [main] DEBUG org.segrada.test.PropertyAsserter  - Invoking read method public byte[] org.segrada.model.Pictogram.getData() on object: class org.segrada.model.Pictogram
2464 [main] DEBUG org.segrada.test.PropertyAsserter  - read result: '[0, 0, 0, 0, 0, 0, 0, 0, 0, 0]'
2464 [main] DEBUG org.segrada.test.PropertyAsserter  - writing method on object 'class org.segrada.model.Pictogram' with arg: ''
2464 [main] DEBUG org.segrada.test.PropertyAsserter  - Wrote arg: ''
2464 [main] DEBUG org.segrada.test.PropertyAsserter  - Invoking read method public java.lang.String org.segrada.model.Pictogram.getFileIdentifier() on object: class org.segrada.model.Pictogram
2464 [main] DEBUG org.segrada.test.PropertyAsserter  - read result: ''
2464 [main] DEBUG org.segrada.test.PropertyAsserter  - writing method on object 'class org.segrada.model.Pictogram' with arg: ''
2464 [main] DEBUG org.segrada.test.PropertyAsserter  - Wrote arg: ''
2464 [main] DEBUG org.segrada.test.PropertyAsserter  - Invoking read method public java.lang.String org.segrada.model.Pictogram.getFileName() on object: class org.segrada.model.Pictogram
2464 [main] DEBUG org.segrada.test.PropertyAsserter  - read result: ''
2464 [main] DEBUG org.segrada.test.PropertyAsserter  - writing method on object 'class org.segrada.model.Pictogram' with arg: ''
2464 [main] DEBUG org.segrada.test.PropertyAsserter  - Wrote arg: ''
2464 [main] DEBUG org.segrada.test.PropertyAsserter  - Invoking read method public java.lang.String org.segrada.model.base.AbstractSegradaEntity.getId() on object: class org.segrada.model.Pictogram
2464 [main] DEBUG org.segrada.test.PropertyAsserter  - read result: ''
2464 [main] DEBUG org.segrada.test.PropertyAsserter  - writing method on object 'class org.segrada.model.Pictogram' with arg: ''
2464 [main] DEBUG org.segrada.test.PropertyAsserter  - Wrote arg: ''
2464 [main] DEBUG org.segrada.test.PropertyAsserter  - Invoking read method public java.lang.String org.segrada.model.Pictogram.getMimeType() on object: class org.segrada.model.Pictogram
2464 [main] DEBUG org.segrada.test.PropertyAsserter  - read result: ''
2464 [main] DEBUG org.segrada.test.PropertyAsserter  - property, 'modelName' does not have both getter and setter.
2464 [main] DEBUG org.segrada.test.PropertyAsserter  - writing method on object 'class org.segrada.model.Pictogram' with arg: '10'
2465 [main] DEBUG org.segrada.test.PropertyAsserter  - Wrote arg: '10'
2465 [main] DEBUG org.segrada.test.PropertyAsserter  - Invoking read method public java.lang.Long org.segrada.model.base.AbstractSegradaEntity.getModified() on object: class org.segrada.model.Pictogram
2465 [main] DEBUG org.segrada.test.PropertyAsserter  - read result: '10'
2465 [main] DEBUG org.segrada.test.PropertyAsserter  - writing method on object 'class org.segrada.model.Pictogram' with arg: ''
2465 [main] DEBUG org.segrada.test.PropertyAsserter  - Wrote arg: ''
2465 [main] DEBUG org.segrada.test.PropertyAsserter  - Invoking read method public java.lang.String org.segrada.model.Pictogram.getTitle() on object: class org.segrada.model.Pictogram
2465 [main] DEBUG org.segrada.test.PropertyAsserter  - read result: ''
2465 [main] DEBUG org.segrada.test.PropertyAsserter  - property, 'uid' does not have both getter and setter.
2465 [main] DEBUG org.segrada.test.PropertyAsserter  - writing method on object 'class org.segrada.model.Pictogram' with arg: '10'
2465 [main] DEBUG org.segrada.test.PropertyAsserter  - Wrote arg: '10'
2465 [main] DEBUG org.segrada.test.PropertyAsserter  - Invoking read method public int org.segrada.model.base.AbstractSegradaEntity.getVersion() on object: class org.segrada.model.Pictogram
2465 [main] DEBUG org.segrada.test.PropertyAsserter  - read result: '10'
2471 [main] DEBUG org.hibernate.validator.resourceloading.PlatformResourceBundleLocator  - ValidationMessages not found.
2471 [main] DEBUG org.hibernate.validator.resourceloading.PlatformResourceBundleLocator  - ContributorValidationMessages not found.
2472 [main] DEBUG org.hibernate.validator.resourceloading.PlatformResourceBundleLocator  - org.hibernate.validator.ValidationMessages found.
2472 [main] DEBUG org.hibernate.validator.resourceloading.PlatformResourceBundleLocator  - ValidationMessages not found.
2472 [main] DEBUG org.hibernate.validator.resourceloading.PlatformResourceBundleLocator  - ContributorValidationMessages not found.
2472 [main] DEBUG org.hibernate.validator.resourceloading.PlatformResourceBundleLocator  - org.hibernate.validator.ValidationMessages found.
Tests run: 5, Failures: 0, Errors: 0, Skipped: 0, Time elapsed: 0.027 sec - in org.segrada.model.PictogramTest
Running org.segrada.model.LocationTest
2475 [main] DEBUG org.hibernate.validator.internal.engine.resolver.DefaultTraversableResolver  - Cannot find javax.persistence.Persistence on classpath. Assuming non JPA 2 environment. All properties will per default be traversable.
2475 [main] DEBUG org.hibernate.validator.internal.xml.ValidationXmlParser  - Trying to load META-INF/validation.xml for XML based Validator configuration.
2475 [main] DEBUG org.hibernate.validator.internal.xml.ResourceLoaderHelper  - Trying to load META-INF/validation.xml via TCCL
2476 [main] INFO  org.hibernate.validator.internal.xml.ValidationXmlParser  - HV000007: META-INF/validation.xml found. Parsing XML based configuration.
2488 [main] DEBUG org.segrada.test.PropertyAsserter  - property, 'class' does not have both getter and setter.
2488 [main] DEBUG org.segrada.test.PropertyAsserter  - writing method on object 'class org.segrada.model.Location' with arg: ''
2488 [main] DEBUG org.segrada.test.PropertyAsserter  - Wrote arg: ''
2488 [main] DEBUG org.segrada.test.PropertyAsserter  - Invoking read method public java.lang.String org.segrada.model.Location.getComment() on object: class org.segrada.model.Location
2488 [main] DEBUG org.segrada.test.PropertyAsserter  - read result: ''
2488 [main] DEBUG org.segrada.test.PropertyAsserter  - writing method on object 'class org.segrada.model.Location' with arg: '10'
2488 [main] DEBUG org.segrada.test.PropertyAsserter  - Wrote arg: '10'
2488 [main] DEBUG org.segrada.test.PropertyAsserter  - Invoking read method public java.lang.Long org.segrada.model.base.AbstractSegradaEntity.getCreated() on object: class org.segrada.model.Location
2488 [main] DEBUG org.segrada.test.PropertyAsserter  - read result: '10'
2491 [main] DEBUG org.segrada.test.PropertyAsserter  - writing method on object 'class org.segrada.model.Location' with arg: '3.14159'
2491 [main] DEBUG org.segrada.test.PropertyAsserter  - Wrote arg: '3.14159'
2491 [main] DEBUG org.segrada.test.PropertyAsserter  - Invoking read method public java.lang.Double org.segrada.model.Location.getDistance() on object: class org.segrada.model.Location
2491 [main] DEBUG org.segrada.test.PropertyAsserter  - read result: '3.14159'
2491 [main] DEBUG org.segrada.test.PropertyAsserter  - writing method on object 'class org.segrada.model.Location' with arg: ''
2491 [main] DEBUG org.segrada.test.PropertyAsserter  - Wrote arg: ''
2491 [main] DEBUG org.segrada.test.PropertyAsserter  - Invoking read method public java.lang.String org.segrada.model.base.AbstractSegradaEntity.getId() on object: class org.segrada.model.Location
2491 [main] DEBUG org.segrada.test.PropertyAsserter  - read result: ''
2491 [main] DEBUG org.segrada.test.PropertyAsserter  - writing method on object 'class org.segrada.model.Location' with arg: '3.14159'
2491 [main] DEBUG org.segrada.test.PropertyAsserter  - Wrote arg: '3.14159'
2491 [main] DEBUG org.segrada.test.PropertyAsserter  - Invoking read method public java.lang.Double org.segrada.model.Location.getLatitude() on object: class org.segrada.model.Location
2491 [main] DEBUG org.segrada.test.PropertyAsserter  - read result: '3.14159'
2491 [main] DEBUG org.segrada.test.PropertyAsserter  - writing method on object 'class org.segrada.model.Location' with arg: '3.14159'
2491 [main] DEBUG org.segrada.test.PropertyAsserter  - Wrote arg: '3.14159'
2491 [main] DEBUG org.segrada.test.PropertyAsserter  - Invoking read method public java.lang.Double org.segrada.model.Location.getLongitude() on object: class org.segrada.model.Location
2491 [main] DEBUG org.segrada.test.PropertyAsserter  - read result: '3.14159'
2491 [main] DEBUG org.segrada.test.PropertyAsserter  - property, 'modelName' does not have both getter and setter.
2491 [main] DEBUG org.segrada.test.PropertyAsserter  - writing method on object 'class org.segrada.model.Location' with arg: '10'
2491 [main] DEBUG org.segrada.test.PropertyAsserter  - Wrote arg: '10'
2491 [main] DEBUG org.segrada.test.PropertyAsserter  - Invoking read method public java.lang.Long org.segrada.model.base.AbstractSegradaEntity.getModified() on object: class org.segrada.model.Location
2492 [main] DEBUG org.segrada.test.PropertyAsserter  - read result: '10'
2492 [main] DEBUG org.segrada.test.PropertyAsserter  - writing method on object 'class org.segrada.model.Location' with arg: ''
2492 [main] DEBUG org.segrada.test.PropertyAsserter  - Wrote arg: ''
2492 [main] DEBUG org.segrada.test.PropertyAsserter  - Invoking read method public java.lang.String org.segrada.model.Location.getParentId() on object: class org.segrada.model.Location
2492 [main] DEBUG org.segrada.test.PropertyAsserter  - read result: ''
2492 [main] DEBUG org.segrada.test.PropertyAsserter  - writing method on object 'class org.segrada.model.Location' with arg: ''
2492 [main] DEBUG org.segrada.test.PropertyAsserter  - Wrote arg: ''
2492 [main] DEBUG org.segrada.test.PropertyAsserter  - Invoking read method public java.lang.String org.segrada.model.Location.getParentModel() on object: class org.segrada.model.Location
2492 [main] DEBUG org.segrada.test.PropertyAsserter  - read result: ''
2492 [main] DEBUG org.segrada.test.PropertyAsserter  - property, 'title' does not have both getter and setter.
2492 [main] DEBUG org.segrada.test.PropertyAsserter  - property, 'uid' does not have both getter and setter.
2492 [main] DEBUG org.segrada.test.PropertyAsserter  - writing method on object 'class org.segrada.model.Location' with arg: '10'
2492 [main] DEBUG org.segrada.test.PropertyAsserter  - Wrote arg: '10'
2492 [main] DEBUG org.segrada.test.PropertyAsserter  - Invoking read method public int org.segrada.model.base.AbstractSegradaEntity.getVersion() on object: class org.segrada.model.Location
2492 [main] DEBUG org.segrada.test.PropertyAsserter  - read result: '10'
2505 [main] DEBUG org.hibernate.validator.internal.metadata.descriptor.ConstraintDescriptorImpl  - Adding composing constraint: ConstraintDescriptorImpl{annotation=javax.validation.constraints.Min, payloads=[], hasComposingConstraints=true, isReportAsSingleInvalidConstraint=false, elementType=FIELD, definedOn=DEFINED_LOCALLY, groups=[interface javax.validation.groups.Default], attributes={groups=[Ljava.lang.Class;@4a09f5b, message={javax.validation.constraints.Min.message}, value=-90, payload=[Ljava.lang.Class;@10b40e87}, constraintType=GENERIC}.
2505 [main] DEBUG org.hibernate.validator.internal.metadata.descriptor.ConstraintDescriptorImpl  - Adding composing constraint: ConstraintDescriptorImpl{annotation=javax.validation.constraints.Max, payloads=[], hasComposingConstraints=true, isReportAsSingleInvalidConstraint=false, elementType=FIELD, definedOn=DEFINED_LOCALLY, groups=[interface javax.validation.groups.Default], attributes={groups=[Ljava.lang.Class;@1290fc6a, message={javax.validation.constraints.Max.message}, value=90, payload=[Ljava.lang.Class;@6ee7c941}, constraintType=GENERIC}.
2506 [main] DEBUG org.hibernate.validator.internal.metadata.descriptor.ConstraintDescriptorImpl  - Adding composing constraint: ConstraintDescriptorImpl{annotation=javax.validation.constraints.Min, payloads=[], hasComposingConstraints=true, isReportAsSingleInvalidConstraint=false, elementType=FIELD, definedOn=DEFINED_LOCALLY, groups=[interface javax.validation.groups.Default], attributes={groups=[Ljava.lang.Class;@4b2be6f8, message={javax.validation.constraints.Min.message}, value=-180, payload=[Ljava.lang.Class;@1bd6831d}, constraintType=GENERIC}.
2506 [main] DEBUG org.hibernate.validator.internal.metadata.descriptor.ConstraintDescriptorImpl  - Adding composing constraint: ConstraintDescriptorImpl{annotation=javax.validation.constraints.Max, payloads=[], hasComposingConstraints=true, isReportAsSingleInvalidConstraint=false, elementType=FIELD, definedOn=DEFINED_LOCALLY, groups=[interface javax.validation.groups.Default], attributes={groups=[Ljava.lang.Class;@1b272037, message={javax.validation.constraints.Max.message}, value=180, payload=[Ljava.lang.Class;@2c4af3ae}, constraintType=GENERIC}.
2510 [main] DEBUG org.hibernate.validator.resourceloading.PlatformResourceBundleLocator  - ValidationMessages not found.
2510 [main] DEBUG org.hibernate.validator.resourceloading.PlatformResourceBundleLocator  - ContributorValidationMessages not found.
2511 [main] DEBUG org.hibernate.validator.resourceloading.PlatformResourceBundleLocator  - org.hibernate.validator.ValidationMessages found.
2515 [main] DEBUG org.hibernate.validator.resourceloading.PlatformResourceBundleLocator  - ValidationMessages not found.
2515 [main] DEBUG org.hibernate.validator.resourceloading.PlatformResourceBundleLocator  - ContributorValidationMessages not found.
2516 [main] DEBUG org.hibernate.validator.resourceloading.PlatformResourceBundleLocator  - org.hibernate.validator.ValidationMessages found.
2519 [main] DEBUG org.hibernate.validator.resourceloading.PlatformResourceBundleLocator  - ValidationMessages not found.
2519 [main] DEBUG org.hibernate.validator.resourceloading.PlatformResourceBundleLocator  - ContributorValidationMessages not found.
2519 [main] DEBUG org.hibernate.validator.resourceloading.PlatformResourceBundleLocator  - org.hibernate.validator.ValidationMessages found.
2520 [main] DEBUG org.hibernate.validator.resourceloading.PlatformResourceBundleLocator  - ValidationMessages not found.
2521 [main] DEBUG org.hibernate.validator.resourceloading.PlatformResourceBundleLocator  - ContributorValidationMessages not found.
2521 [main] DEBUG org.hibernate.validator.resourceloading.PlatformResourceBundleLocator  - org.hibernate.validator.ValidationMessages found.
2521 [main] DEBUG org.hibernate.validator.resourceloading.PlatformResourceBundleLocator  - ValidationMessages not found.
2521 [main] DEBUG org.hibernate.validator.resourceloading.PlatformResourceBundleLocator  - ContributorValidationMessages not found.
2521 [main] DEBUG org.hibernate.validator.resourceloading.PlatformResourceBundleLocator  - org.hibernate.validator.ValidationMessages found.
Tests run: 9, Failures: 0, Errors: 0, Skipped: 0, Time elapsed: 0.045 sec - in org.segrada.model.LocationTest
Running org.segrada.rendering.markup.HtmlMarkupFilterTest
Tests run: 2, Failures: 0, Errors: 0, Skipped: 0, Time elapsed: 0.215 sec - in org.segrada.rendering.markup.HtmlMarkupFilterTest
Running org.segrada.rendering.markup.MarkupFilterFactoryTest
Jul 30, 2020 11:18:49 PM org.segrada.rendering.markup.MarkupFilterFactory produce
WARNING: Could not produce MarkupFilter of type unknown. Falling back to default.
Tests run: 3, Failures: 0, Errors: 0, Skipped: 0, Time elapsed: 0.005 sec - in org.segrada.rendering.markup.MarkupFilterFactoryTest
Running org.segrada.rendering.markup.MarkupFilterTest
Tests run: 1, Failures: 0, Errors: 0, Skipped: 0, Time elapsed: 0.001 sec - in org.segrada.rendering.markup.MarkupFilterTest
Running org.segrada.rendering.markup.DefaultMarkupFilterTest
Tests run: 6, Failures: 0, Errors: 0, Skipped: 0, Time elapsed: 0.039 sec - in org.segrada.rendering.markup.DefaultMarkupFilterTest
Running org.segrada.rendering.thymeleaf.util.MimeTypeIsRenderableTest
Tests run: 1, Failures: 0, Errors: 0, Skipped: 0, Time elapsed: 0.001 sec - in org.segrada.rendering.thymeleaf.util.MimeTypeIsRenderableTest
Running org.segrada.rendering.thymeleaf.processor.Nl2BrProcessorTest
Tests run: 1, Failures: 0, Errors: 0, Skipped: 0, Time elapsed: 0.025 sec - in org.segrada.rendering.thymeleaf.processor.Nl2BrProcessorTest
Running org.segrada.rendering.thymeleaf.processor.MarkupProcessorTest
Jul 30, 2020 11:18:49 PM org.segrada.rendering.markup.MarkupFilterFactory produce
WARNING: Could not produce MarkupFilter of type xxxyyy. Falling back to default.
Jul 30, 2020 11:18:49 PM org.segrada.rendering.markup.MarkupFilterFactory produce
WARNING: Could not produce MarkupFilter of type xxxyyy. Falling back to default.
Tests run: 2, Failures: 0, Errors: 0, Skipped: 0, Time elapsed: 0.012 sec - in org.segrada.rendering.thymeleaf.processor.MarkupProcessorTest
Running org.segrada.service.repository.orientdb.OrientDbFileRepositoryTest
Jul 30, 2020 11:18:50 PM com.orientechnologies.common.log.OLogManager log
INFO: Configuration of usage of soft references inside of containers of results of SQL execution
Jul 30, 2020 11:18:50 PM com.orientechnologies.common.log.OLogManager log
INFO: Initial or maximum values of heap memory usage are NOT set, containers of results of SQL executors will NOT use soft references by default
Jul 30, 2020 11:18:50 PM com.orientechnologies.common.log.OLogManager log
INFO: Auto configuration of disk cache size.
Jul 30, 2020 11:18:50 PM com.orientechnologies.common.log.OLogManager log
INFO: 134857117696 B/128609 MB/125 GB of physical memory were detected on machine
Jul 30, 2020 11:18:50 PM com.orientechnologies.common.log.OLogManager log
INFO: Soft memory limit for this process is set to -1 B/-1 MB/-1 GB
Jul 30, 2020 11:18:50 PM com.orientechnologies.common.log.OLogManager log
INFO: Hard memory limit for this process is set to -1 B/-1 MB/-1 GB
Jul 30, 2020 11:18:50 PM com.orientechnologies.common.log.OLogManager log
INFO: Path to 'memory' cgroup is '/docker/f8777c43621a6b24f36abbf95090b6d4f52f2c8b542f84f1324abdca7dbe2e0e'
Jul 30, 2020 11:18:50 PM com.orientechnologies.common.log.OLogManager log
INFO: Mounting path for memory cgroup controller is '/sys/fs/cgroup/memory'
Jul 30, 2020 11:18:50 PM com.orientechnologies.common.log.OLogManager log
INFO: Can not find '/sys/fs/cgroup/memory/docker/f8777c43621a6b24f36abbf95090b6d4f52f2c8b542f84f1324abdca7dbe2e0e' path for memory cgroup, it is supposed that process is running in container, will try to read root '/sys/fs/cgroup/memory' memory cgroup data
Jul 30, 2020 11:18:50 PM com.orientechnologies.common.log.OLogManager log
INFO: cgroup soft memory limit is 9223372036854771712 B/8796093022207 MB/8589934591 GB
Jul 30, 2020 11:18:50 PM com.orientechnologies.common.log.OLogManager log
INFO: cgroup hard memory limit is 5368709120 B/5120 MB/5 GB
Jul 30, 2020 11:18:50 PM com.orientechnologies.common.log.OLogManager log
INFO: Detected memory limit for current process is 5368709120 B/5120 MB/5 GB
Jul 30, 2020 11:18:50 PM com.orientechnologies.common.log.OLogManager log
INFO: OrientDB auto-config DISKCACHE=1,138MB (heap=1,138MB direct=1,138MB os=5,120MB)
Jul 30, 2020 11:18:50 PM com.orientechnologies.common.log.OLogManager log
INFO: Lowering disk cache size from 1,138MB to 1,136MB.
Jul 30, 2020 11:18:50 PM com.orientechnologies.common.log.OLogManager log
INFO: Lowering memory chunk size from 1,193,279,488B to 1,191,182,336B.
4561 [main] INFO  org.segrada.service.repository.orientdb.init.OrientDbSchemaUpdater  - Database memory:segradatest did not exist: Creating it now.
Jul 30, 2020 11:18:51 PM com.orientechnologies.common.log.OLogManager log
INFO: Storage 'memory:segradatest' is created under OrientDB distribution : 2.2.37 (build a7541e7ceeabf592dd9a7b2928b6c023cbc73193, branch 2.2.x)
8150 [main] INFO  org.segrada.service.repository.orientdb.init.OrientDbSchemaUpdater  - Running sql update /orientdb/schema_version_0.sql to update schema now.
8179 [main] INFO  org.segrada.service.repository.orientdb.init.OrientDbSchemaUpdater  - create class Config
8207 [main] INFO  org.segrada.service.repository.orientdb.init.OrientDbSchemaUpdater  - create property Config.key String
8216 [main] INFO  org.segrada.service.repository.orientdb.init.OrientDbSchemaUpdater  - create property Config.value String
8222 [main] INFO  org.segrada.service.repository.orientdb.init.OrientDbSchemaUpdater  - alter property Config.key MANDATORY true
8226 [main] INFO  org.segrada.service.repository.orientdb.init.OrientDbSchemaUpdater  - alter property Config.value MANDATORY true
8245 [main] INFO  org.segrada.service.repository.orientdb.init.OrientDbSchemaUpdater  - create index Config.key DICTIONARY_HASH_INDEX
8275 [main] INFO  org.segrada.service.repository.orientdb.init.OrientDbSchemaUpdater  - create class User
8304 [main] INFO  org.segrada.service.repository.orientdb.init.OrientDbSchemaUpdater  - create class Color
8311 [main] INFO  org.segrada.service.repository.orientdb.init.OrientDbSchemaUpdater  - create property Color.title String
8318 [main] INFO  org.segrada.service.repository.orientdb.init.OrientDbSchemaUpdater  - create property Color.titleasc String
8327 [main] INFO  org.segrada.service.repository.orientdb.init.OrientDbSchemaUpdater  - create property Color.color Integer
8341 [main] INFO  org.segrada.service.repository.orientdb.init.OrientDbSchemaUpdater  - create property Color.created Datetime
8365 [main] INFO  org.segrada.service.repository.orientdb.init.OrientDbSchemaUpdater  - create property Color.modified Datetime
8381 [main] INFO  org.segrada.service.repository.orientdb.init.OrientDbSchemaUpdater  - create property Color.creator Link User
8398 [main] INFO  org.segrada.service.repository.orientdb.init.OrientDbSchemaUpdater  - create property Color.modifier Link User
8401 [main] INFO  org.segrada.service.repository.orientdb.init.OrientDbSchemaUpdater  - alter property Color.title MANDATORY true
8404 [main] INFO  org.segrada.service.repository.orientdb.init.OrientDbSchemaUpdater  - alter property Color.title COLLATE ci
8407 [main] INFO  org.segrada.service.repository.orientdb.init.OrientDbSchemaUpdater  - alter property Color.titleasc MANDATORY true
8409 [main] INFO  org.segrada.service.repository.orientdb.init.OrientDbSchemaUpdater  - alter property Color.color MANDATORY true
8415 [main] INFO  org.segrada.service.repository.orientdb.init.OrientDbSchemaUpdater  - alter property Color.created MANDATORY true
8418 [main] INFO  org.segrada.service.repository.orientdb.init.OrientDbSchemaUpdater  - alter property Color.modified MANDATORY true
8427 [main] INFO  org.segrada.service.repository.orientdb.init.OrientDbSchemaUpdater  - create index Color.color NOTUNIQUE
8449 [main] INFO  org.segrada.service.repository.orientdb.init.OrientDbSchemaUpdater  - create index Color.titleasc NOTUNIQUE
8466 [main] INFO  org.segrada.service.repository.orientdb.init.OrientDbSchemaUpdater  - create class Pictogram
8485 [main] INFO  org.segrada.service.repository.orientdb.init.OrientDbSchemaUpdater  - create property Pictogram.title String
8493 [main] INFO  org.segrada.service.repository.orientdb.init.OrientDbSchemaUpdater  - create property Pictogram.titleasc String
8501 [main] INFO  org.segrada.service.repository.orientdb.init.OrientDbSchemaUpdater  - create property Pictogram.fileIdentifier String
8509 [main] INFO  org.segrada.service.repository.orientdb.init.OrientDbSchemaUpdater  - create property Pictogram.mimeType String
8521 [main] INFO  org.segrada.service.repository.orientdb.init.OrientDbSchemaUpdater  - create property Pictogram.created Datetime
8529 [main] INFO  org.segrada.service.repository.orientdb.init.OrientDbSchemaUpdater  - create property Pictogram.modified Datetime
8546 [main] INFO  org.segrada.service.repository.orientdb.init.OrientDbSchemaUpdater  - create property Pictogram.creator Link User
8558 [main] INFO  org.segrada.service.repository.orientdb.init.OrientDbSchemaUpdater  - create property Pictogram.modifier Link User
8565 [main] INFO  org.segrada.service.repository.orientdb.init.OrientDbSchemaUpdater  - alter property Pictogram.title MANDATORY true
8570 [main] INFO  org.segrada.service.repository.orientdb.init.OrientDbSchemaUpdater  - alter property Pictogram.title COLLATE ci
8573 [main] INFO  org.segrada.service.repository.orientdb.init.OrientDbSchemaUpdater  - alter property Pictogram.titleasc MANDATORY true
8593 [main] INFO  org.segrada.service.repository.orientdb.init.OrientDbSchemaUpdater  - alter property Pictogram.fileIdentifier MANDATORY true
8596 [main] INFO  org.segrada.service.repository.orientdb.init.OrientDbSchemaUpdater  - alter property Pictogram.created MANDATORY true
8599 [main] INFO  org.segrada.service.repository.orientdb.init.OrientDbSchemaUpdater  - alter property Pictogram.modified MANDATORY true
9101 [main] INFO  org.segrada.service.repository.orientdb.init.OrientDbSchemaUpdater  - create index Pictogram.title on Pictogram (title) FULLTEXT ENGINE LUCENE
9105 [main] INFO  org.segrada.service.repository.orientdb.init.OrientDbSchemaUpdater  - create index Pictogram.titleasc NOTUNIQUE
9113 [main] INFO  org.segrada.service.repository.orientdb.init.OrientDbSchemaUpdater  - create property User.login String
9120 [main] INFO  org.segrada.service.repository.orientdb.init.OrientDbSchemaUpdater  - create property User.password String
9132 [main] INFO  org.segrada.service.repository.orientdb.init.OrientDbSchemaUpdater  - create property User.name String
9145 [main] INFO  org.segrada.service.repository.orientdb.init.OrientDbSchemaUpdater  - create property User.nameasc String
9153 [main] INFO  org.segrada.service.repository.orientdb.init.OrientDbSchemaUpdater  - create property User.role String
9160 [main] INFO  org.segrada.service.repository.orientdb.init.OrientDbSchemaUpdater  - create property User.lastLogin Datetime
9167 [main] INFO  org.segrada.service.repository.orientdb.init.OrientDbSchemaUpdater  - create property User.active Boolean
9174 [main] INFO  org.segrada.service.repository.orientdb.init.OrientDbSchemaUpdater  - create property User.created Datetime
9181 [main] INFO  org.segrada.service.repository.orientdb.init.OrientDbSchemaUpdater  - create property User.modified Datetime
9189 [main] INFO  org.segrada.service.repository.orientdb.init.OrientDbSchemaUpdater  - create property User.creator Link User
9208 [main] INFO  org.segrada.service.repository.orientdb.init.OrientDbSchemaUpdater  - create property User.modifier Link User
9211 [main] INFO  org.segrada.service.repository.orientdb.init.OrientDbSchemaUpdater  - alter property User.login MANDATORY true
9216 [main] INFO  org.segrada.service.repository.orientdb.init.OrientDbSchemaUpdater  - alter property User.password MANDATORY true
9239 [main] INFO  org.segrada.service.repository.orientdb.init.OrientDbSchemaUpdater  - alter property User.name MANDATORY true
9250 [main] INFO  org.segrada.service.repository.orientdb.init.OrientDbSchemaUpdater  - alter property User.nameasc MANDATORY true
9265 [main] INFO  org.segrada.service.repository.orientdb.init.OrientDbSchemaUpdater  - alter property User.role MANDATORY true
9276 [main] INFO  org.segrada.service.repository.orientdb.init.OrientDbSchemaUpdater  - alter property User.active MANDATORY true
9280 [main] INFO  org.segrada.service.repository.orientdb.init.OrientDbSchemaUpdater  - alter property User.created MANDATORY true
9294 [main] INFO  org.segrada.service.repository.orientdb.init.OrientDbSchemaUpdater  - alter property User.modified MANDATORY true
9368 [main] INFO  org.segrada.service.repository.orientdb.init.OrientDbSchemaUpdater  - create index User.login UNIQUE_HASH_INDEX
9387 [main] INFO  org.segrada.service.repository.orientdb.init.OrientDbSchemaUpdater  - create index User.name NOTUNIQUE
9399 [main] INFO  org.segrada.service.repository.orientdb.init.OrientDbSchemaUpdater  - create index User.nameasc NOTUNIQUE
9459 [main] INFO  org.segrada.service.repository.orientdb.init.OrientDbSchemaUpdater  - create class Comment extends V
9469 [main] INFO  org.segrada.service.repository.orientdb.init.OrientDbSchemaUpdater  - create property Comment.text String
9508 [main] INFO  org.segrada.service.repository.orientdb.init.OrientDbSchemaUpdater  - create property Comment.markup String
9519 [main] INFO  org.segrada.service.repository.orientdb.init.OrientDbSchemaUpdater  - create property Comment.pictogram Link Pictogram
9545 [main] INFO  org.segrada.service.repository.orientdb.init.OrientDbSchemaUpdater  - create property Comment.color Integer
9551 [main] INFO  org.segrada.service.repository.orientdb.init.OrientDbSchemaUpdater  - create property Comment.created Datetime
9589 [main] INFO  org.segrada.service.repository.orientdb.init.OrientDbSchemaUpdater  - create property Comment.modified Datetime
9595 [main] INFO  org.segrada.service.repository.orientdb.init.OrientDbSchemaUpdater  - create property Comment.creator Link User
9614 [main] INFO  org.segrada.service.repository.orientdb.init.OrientDbSchemaUpdater  - create property Comment.modifier Link User
9619 [main] INFO  org.segrada.service.repository.orientdb.init.OrientDbSchemaUpdater  - alter property Comment.text MANDATORY true
9631 [main] INFO  org.segrada.service.repository.orientdb.init.OrientDbSchemaUpdater  - alter property Comment.markup MANDATORY true
9650 [main] INFO  org.segrada.service.repository.orientdb.init.OrientDbSchemaUpdater  - alter property Comment.created MANDATORY true
9653 [main] INFO  org.segrada.service.repository.orientdb.init.OrientDbSchemaUpdater  - alter property Comment.modified MANDATORY true
9693 [main] INFO  org.segrada.service.repository.orientdb.init.OrientDbSchemaUpdater  - create class Tag extends V
9753 [main] INFO  org.segrada.service.repository.orientdb.init.OrientDbSchemaUpdater  - create property Tag.title String
9769 [main] INFO  org.segrada.service.repository.orientdb.init.OrientDbSchemaUpdater  - create property Tag.titleasc String
9789 [main] INFO  org.segrada.service.repository.orientdb.init.OrientDbSchemaUpdater  - create property Tag.created Datetime
9802 [main] INFO  org.segrada.service.repository.orientdb.init.OrientDbSchemaUpdater  - create property Tag.modified Datetime
9815 [main] INFO  org.segrada.service.repository.orientdb.init.OrientDbSchemaUpdater  - create property Tag.creator Link User
9823 [main] INFO  org.segrada.service.repository.orientdb.init.OrientDbSchemaUpdater  - create property Tag.modifier Link User
9832 [main] INFO  org.segrada.service.repository.orientdb.init.OrientDbSchemaUpdater  - alter property Tag.title MANDATORY true
9838 [main] INFO  org.segrada.service.repository.orientdb.init.OrientDbSchemaUpdater  - alter property Tag.title COLLATE ci
9841 [main] INFO  org.segrada.service.repository.orientdb.init.OrientDbSchemaUpdater  - alter property Tag.titleasc MANDATORY true
9845 [main] INFO  org.segrada.service.repository.orientdb.init.OrientDbSchemaUpdater  - alter property Tag.created MANDATORY true
9848 [main] INFO  org.segrada.service.repository.orientdb.init.OrientDbSchemaUpdater  - alter property Tag.modified MANDATORY true
9857 [main] INFO  org.segrada.service.repository.orientdb.init.OrientDbSchemaUpdater  - create index Tag.title UNIQUE_HASH_INDEX
9862 [main] INFO  org.segrada.service.repository.orientdb.init.OrientDbSchemaUpdater  - create index Tag.titleasc UNIQUE
9875 [main] INFO  org.segrada.service.repository.orientdb.init.OrientDbSchemaUpdater  - create index Tag.searchtitle on Tag (title) FULLTEXT ENGINE LUCENE
9915 [main] INFO  org.segrada.service.repository.orientdb.init.OrientDbSchemaUpdater  - create class Location
9922 [main] INFO  org.segrada.service.repository.orientdb.init.OrientDbSchemaUpdater  - create property Location.parent Link V
9940 [main] INFO  org.segrada.service.repository.orientdb.init.OrientDbSchemaUpdater  - create property Location.latitude Double
9946 [main] INFO  org.segrada.service.repository.orientdb.init.OrientDbSchemaUpdater  - create property Location.longitude Double
9953 [main] INFO  org.segrada.service.repository.orientdb.init.OrientDbSchemaUpdater  - create property Location.created Datetime
9984 [main] INFO  org.segrada.service.repository.orientdb.init.OrientDbSchemaUpdater  - create property Location.modified Datetime
10010 [main] INFO  org.segrada.service.repository.orientdb.init.OrientDbSchemaUpdater  - create property Location.creator Link User
10025 [main] INFO  org.segrada.service.repository.orientdb.init.OrientDbSchemaUpdater  - create property Location.modifier Link User
10046 [main] INFO  org.segrada.service.repository.orientdb.init.OrientDbSchemaUpdater  - alter property Location.parent MANDATORY true
10050 [main] INFO  org.segrada.service.repository.orientdb.init.OrientDbSchemaUpdater  - alter property Location.latitude MANDATORY true
10053 [main] INFO  org.segrada.service.repository.orientdb.init.OrientDbSchemaUpdater  - alter property Location.longitude MANDATORY true
10057 [main] INFO  org.segrada.service.repository.orientdb.init.OrientDbSchemaUpdater  - alter property Location.created MANDATORY true
10060 [main] INFO  org.segrada.service.repository.orientdb.init.OrientDbSchemaUpdater  - alter property Location.modified MANDATORY true
10104 [main] INFO  org.segrada.service.repository.orientdb.init.OrientDbSchemaUpdater  - create index Location.parent NOTUNIQUE_HASH_INDEX
10177 [main] INFO  org.segrada.service.repository.orientdb.init.OrientDbSchemaUpdater  - create index Location.spatial on Location (latitude,longitude) SPATIAL ENGINE LUCENE
10210 [main] INFO  org.segrada.service.repository.orientdb.init.OrientDbSchemaUpdater  - create class Period
10232 [main] INFO  org.segrada.service.repository.orientdb.init.OrientDbSchemaUpdater  - create property Period.parent Link V
10247 [main] INFO  org.segrada.service.repository.orientdb.init.OrientDbSchemaUpdater  - create property Period.type String
10260 [main] INFO  org.segrada.service.repository.orientdb.init.OrientDbSchemaUpdater  - create property Period.fromEntry String
10278 [main] INFO  org.segrada.service.repository.orientdb.init.OrientDbSchemaUpdater  - create property Period.toEntry String
10308 [main] INFO  org.segrada.service.repository.orientdb.init.OrientDbSchemaUpdater  - create property Period.fromJD Long
10331 [main] INFO  org.segrada.service.repository.orientdb.init.OrientDbSchemaUpdater  - create property Period.toJD Long
10349 [main] INFO  org.segrada.service.repository.orientdb.init.OrientDbSchemaUpdater  - create property Period.fromEntryCalendar String
10361 [main] INFO  org.segrada.service.repository.orientdb.init.OrientDbSchemaUpdater  - create property Period.toEntryCalendar String
10369 [main] INFO  org.segrada.service.repository.orientdb.init.OrientDbSchemaUpdater  - create property Period.created Datetime
10391 [main] INFO  org.segrada.service.repository.orientdb.init.OrientDbSchemaUpdater  - create property Period.modified Datetime
10397 [main] INFO  org.segrada.service.repository.orientdb.init.OrientDbSchemaUpdater  - create property Period.creator Link User
10413 [main] INFO  org.segrada.service.repository.orientdb.init.OrientDbSchemaUpdater  - create property Period.modifier Link User
10417 [main] INFO  org.segrada.service.repository.orientdb.init.OrientDbSchemaUpdater  - alter property Period.parent MANDATORY true
10428 [main] INFO  org.segrada.service.repository.orientdb.init.OrientDbSchemaUpdater  - alter property Period.type MANDATORY true
10431 [main] INFO  org.segrada.service.repository.orientdb.init.OrientDbSchemaUpdater  - alter property Period.created MANDATORY true
10444 [main] INFO  org.segrada.service.repository.orientdb.init.OrientDbSchemaUpdater  - alter property Period.modified MANDATORY true
10467 [main] INFO  org.segrada.service.repository.orientdb.init.OrientDbSchemaUpdater  - create index Period.parent NOTUNIQUE_HASH_INDEX
10472 [main] INFO  org.segrada.service.repository.orientdb.init.OrientDbSchemaUpdater  - create index Period.fromJD_toJD ON Period (fromJD, toJD) NOTUNIQUE
10495 [main] INFO  org.segrada.service.repository.orientdb.init.OrientDbSchemaUpdater  - create class File extends V
10519 [main] INFO  org.segrada.service.repository.orientdb.init.OrientDbSchemaUpdater  - create property File.filename String
10528 [main] INFO  org.segrada.service.repository.orientdb.init.OrientDbSchemaUpdater  - create property File.title String
10534 [main] INFO  org.segrada.service.repository.orientdb.init.OrientDbSchemaUpdater  - create property File.titleasc String
10540 [main] INFO  org.segrada.service.repository.orientdb.init.OrientDbSchemaUpdater  - create property File.description String
10553 [main] INFO  org.segrada.service.repository.orientdb.init.OrientDbSchemaUpdater  - create property File.descriptionMarkup String
10569 [main] INFO  org.segrada.service.repository.orientdb.init.OrientDbSchemaUpdater  - create property File.copyright String
10578 [main] INFO  org.segrada.service.repository.orientdb.init.OrientDbSchemaUpdater  - create property File.mimeType String
10584 [main] INFO  org.segrada.service.repository.orientdb.init.OrientDbSchemaUpdater  - create property File.location String
10590 [main] INFO  org.segrada.service.repository.orientdb.init.OrientDbSchemaUpdater  - create property File.fullText String
10607 [main] INFO  org.segrada.service.repository.orientdb.init.OrientDbSchemaUpdater  - create property File.fileSize Long
10615 [main] INFO  org.segrada.service.repository.orientdb.init.OrientDbSchemaUpdater  - create property File.indexFullText Boolean
10629 [main] INFO  org.segrada.service.repository.orientdb.init.OrientDbSchemaUpdater  - create property File.containFile Boolean
10635 [main] INFO  org.segrada.service.repository.orientdb.init.OrientDbSchemaUpdater  - create property File.pictogram Link Pictogram
10640 [main] INFO  org.segrada.service.repository.orientdb.init.OrientDbSchemaUpdater  - create property File.color Integer
10645 [main] INFO  org.segrada.service.repository.orientdb.init.OrientDbSchemaUpdater  - create property File.created Datetime
10674 [main] INFO  org.segrada.service.repository.orientdb.init.OrientDbSchemaUpdater  - create property File.modified Datetime
10682 [main] INFO  org.segrada.service.repository.orientdb.init.OrientDbSchemaUpdater  - create property File.creator Link User
10687 [main] INFO  org.segrada.service.repository.orientdb.init.OrientDbSchemaUpdater  - create property File.modifier Link User
10690 [main] INFO  org.segrada.service.repository.orientdb.init.OrientDbSchemaUpdater  - alter property File.title MANDATORY true
10694 [main] INFO  org.segrada.service.repository.orientdb.init.OrientDbSchemaUpdater  - alter property File.title COLLATE ci
10697 [main] INFO  org.segrada.service.repository.orientdb.init.OrientDbSchemaUpdater  - alter property File.titleasc MANDATORY true
10701 [main] INFO  org.segrada.service.repository.orientdb.init.OrientDbSchemaUpdater  - alter property File.filename MANDATORY true
10719 [main] INFO  org.segrada.service.repository.orientdb.init.OrientDbSchemaUpdater  - alter property File.mimeType MANDATORY true
10746 [main] INFO  org.segrada.service.repository.orientdb.init.OrientDbSchemaUpdater  - alter property File.descriptionMarkup MANDATORY true
10751 [main] INFO  org.segrada.service.repository.orientdb.init.OrientDbSchemaUpdater  - alter property File.created MANDATORY true
10770 [main] INFO  org.segrada.service.repository.orientdb.init.OrientDbSchemaUpdater  - alter property File.modified MANDATORY true
10774 [main] INFO  org.segrada.service.repository.orientdb.init.OrientDbSchemaUpdater  - alter property File.indexFullText MANDATORY true
10777 [main] INFO  org.segrada.service.repository.orientdb.init.OrientDbSchemaUpdater  - alter property File.containFile MANDATORY true
10781 [main] INFO  org.segrada.service.repository.orientdb.init.OrientDbSchemaUpdater  - create index File.filename NOTUNIQUE
10791 [main] INFO  org.segrada.service.repository.orientdb.init.OrientDbSchemaUpdater  - create index File.searchtitle on File (title,filename) FULLTEXT ENGINE LUCENE
10795 [main] INFO  org.segrada.service.repository.orientdb.init.OrientDbSchemaUpdater  - create index File.titleasc NOTUNIQUE
10846 [main] INFO  org.segrada.service.repository.orientdb.init.OrientDbSchemaUpdater  - create class Source extends V
10865 [main] INFO  org.segrada.service.repository.orientdb.init.OrientDbSchemaUpdater  - create property Source.shortTitle String
10878 [main] INFO  org.segrada.service.repository.orientdb.init.OrientDbSchemaUpdater  - create property Source.shortTitleasc String
10903 [main] INFO  org.segrada.service.repository.orientdb.init.OrientDbSchemaUpdater  - create property Source.longTitle String
10916 [main] INFO  org.segrada.service.repository.orientdb.init.OrientDbSchemaUpdater  - create property Source.shortRef String
10931 [main] INFO  org.segrada.service.repository.orientdb.init.OrientDbSchemaUpdater  - create property Source.url String
10941 [main] INFO  org.segrada.service.repository.orientdb.init.OrientDbSchemaUpdater  - create property Source.productCode String
10962 [main] INFO  org.segrada.service.repository.orientdb.init.OrientDbSchemaUpdater  - create property Source.author String
10978 [main] INFO  org.segrada.service.repository.orientdb.init.OrientDbSchemaUpdater  - create property Source.citation String
10994 [main] INFO  org.segrada.service.repository.orientdb.init.OrientDbSchemaUpdater  - create property Source.copyright String
11010 [main] INFO  org.segrada.service.repository.orientdb.init.OrientDbSchemaUpdater  - create property Source.description String
11018 [main] INFO  org.segrada.service.repository.orientdb.init.OrientDbSchemaUpdater  - create property Source.descriptionMarkup String
11037 [main] INFO  org.segrada.service.repository.orientdb.init.OrientDbSchemaUpdater  - create property Source.pictogram Link Pictogram
11050 [main] INFO  org.segrada.service.repository.orientdb.init.OrientDbSchemaUpdater  - create property Source.color Integer
11072 [main] INFO  org.segrada.service.repository.orientdb.init.OrientDbSchemaUpdater  - create property Source.created Datetime
11080 [main] INFO  org.segrada.service.repository.orientdb.init.OrientDbSchemaUpdater  - create property Source.modified Datetime
11102 [main] INFO  org.segrada.service.repository.orientdb.init.OrientDbSchemaUpdater  - create property Source.creator Link User
11117 [main] INFO  org.segrada.service.repository.orientdb.init.OrientDbSchemaUpdater  - create property Source.modifier Link User
11121 [main] INFO  org.segrada.service.repository.orientdb.init.OrientDbSchemaUpdater  - alter property Source.shortTitle MANDATORY true
11130 [main] INFO  org.segrada.service.repository.orientdb.init.OrientDbSchemaUpdater  - alter property Source.shortTitle COLLATE ci
11142 [main] INFO  org.segrada.service.repository.orientdb.init.OrientDbSchemaUpdater  - alter property Source.shortTitleasc MANDATORY true
11153 [main] INFO  org.segrada.service.repository.orientdb.init.OrientDbSchemaUpdater  - alter property Source.longTitle COLLATE ci
11163 [main] INFO  org.segrada.service.repository.orientdb.init.OrientDbSchemaUpdater  - alter property Source.shortRef MANDATORY true
11178 [main] INFO  org.segrada.service.repository.orientdb.init.OrientDbSchemaUpdater  - alter property Source.shortRef COLLATE ci
11189 [main] INFO  org.segrada.service.repository.orientdb.init.OrientDbSchemaUpdater  - alter property Source.created MANDATORY true
11201 [main] INFO  org.segrada.service.repository.orientdb.init.OrientDbSchemaUpdater  - alter property Source.modified MANDATORY true
11213 [main] INFO  org.segrada.service.repository.orientdb.init.OrientDbSchemaUpdater  - create index Source.shortTitle NOTUNIQUE
11225 [main] INFO  org.segrada.service.repository.orientdb.init.OrientDbSchemaUpdater  - create index Source.shortTitleAsc NOTUNIQUE
11242 [main] INFO  org.segrada.service.repository.orientdb.init.OrientDbSchemaUpdater  - create index Source.shortRef UNIQUE_HASH_INDEX
11270 [main] INFO  org.segrada.service.repository.orientdb.init.OrientDbSchemaUpdater  - create index Source.searchtitle on Source (longTitle,shortRef,shortTitle) FULLTEXT ENGINE LUCENE
11288 [main] INFO  org.segrada.service.repository.orientdb.init.OrientDbSchemaUpdater  - create class Node extends V
11295 [main] INFO  org.segrada.service.repository.orientdb.init.OrientDbSchemaUpdater  - create property Node.title String
11309 [main] INFO  org.segrada.service.repository.orientdb.init.OrientDbSchemaUpdater  - create property Node.titleasc String
11316 [main] INFO  org.segrada.service.repository.orientdb.init.OrientDbSchemaUpdater  - create property Node.alternativeTitles String
11323 [main] INFO  org.segrada.service.repository.orientdb.init.OrientDbSchemaUpdater  - create property Node.description String
11337 [main] INFO  org.segrada.service.repository.orientdb.init.OrientDbSchemaUpdater  - create property Node.descriptionMarkup String
11344 [main] INFO  org.segrada.service.repository.orientdb.init.OrientDbSchemaUpdater  - create property Node.pictogram Link Pictogram
11354 [main] INFO  org.segrada.service.repository.orientdb.init.OrientDbSchemaUpdater  - create property Node.color Integer
11361 [main] INFO  org.segrada.service.repository.orientdb.init.OrientDbSchemaUpdater  - create property Node.created Datetime
11373 [main] INFO  org.segrada.service.repository.orientdb.init.OrientDbSchemaUpdater  - create property Node.modified Datetime
11402 [main] INFO  org.segrada.service.repository.orientdb.init.OrientDbSchemaUpdater  - create property Node.creator Link User
11410 [main] INFO  org.segrada.service.repository.orientdb.init.OrientDbSchemaUpdater  - create property Node.modifier Link User
11434 [main] INFO  org.segrada.service.repository.orientdb.init.OrientDbSchemaUpdater  - create property Node.minEntry String
11454 [main] INFO  org.segrada.service.repository.orientdb.init.OrientDbSchemaUpdater  - create property Node.maxEntry String
11478 [main] INFO  org.segrada.service.repository.orientdb.init.OrientDbSchemaUpdater  - create property Node.minJD Long
11497 [main] INFO  org.segrada.service.repository.orientdb.init.OrientDbSchemaUpdater  - create property Node.maxJD Long
11511 [main] INFO  org.segrada.service.repository.orientdb.init.OrientDbSchemaUpdater  - create property Node.minEntryCalendar String
11522 [main] INFO  org.segrada.service.repository.orientdb.init.OrientDbSchemaUpdater  - create property Node.maxEntryCalendar String
11534 [main] INFO  org.segrada.service.repository.orientdb.init.OrientDbSchemaUpdater  - alter property Node.title MANDATORY true
11546 [main] INFO  org.segrada.service.repository.orientdb.init.OrientDbSchemaUpdater  - alter property Node.title COLLATE ci
11549 [main] INFO  org.segrada.service.repository.orientdb.init.OrientDbSchemaUpdater  - alter property Node.titleasc MANDATORY true
11554 [main] INFO  org.segrada.service.repository.orientdb.init.OrientDbSchemaUpdater  - alter property Node.alternativeTitles COLLATE ci
11562 [main] INFO  org.segrada.service.repository.orientdb.init.OrientDbSchemaUpdater  - alter property Node.description MANDATORY true
11567 [main] INFO  org.segrada.service.repository.orientdb.init.OrientDbSchemaUpdater  - alter property Node.descriptionMarkup MANDATORY true
11579 [main] INFO  org.segrada.service.repository.orientdb.init.OrientDbSchemaUpdater  - alter property Node.created MANDATORY true
11588 [main] INFO  org.segrada.service.repository.orientdb.init.OrientDbSchemaUpdater  - alter property Node.modified MANDATORY true
11597 [main] INFO  org.segrada.service.repository.orientdb.init.OrientDbSchemaUpdater  - create index Node.title NOTUNIQUE
11625 [main] INFO  org.segrada.service.repository.orientdb.init.OrientDbSchemaUpdater  - create index Node.titleasc NOTUNIQUE
11653 [main] INFO  org.segrada.service.repository.orientdb.init.OrientDbSchemaUpdater  - create index Node.alternativeTitles NOTUNIQUE
11670 [main] INFO  org.segrada.service.repository.orientdb.init.OrientDbSchemaUpdater  - create index Node.searchtitle ON Node (title,alternativeTitles) FULLTEXT ENGINE LUCENE
11754 [main] INFO  org.segrada.service.repository.orientdb.init.OrientDbSchemaUpdater  - create class RelationType extends V
11773 [main] INFO  org.segrada.service.repository.orientdb.init.OrientDbSchemaUpdater  - create property RelationType.fromTitle String
11852 [main] INFO  org.segrada.service.repository.orientdb.init.OrientDbSchemaUpdater  - create property RelationType.toTitle String
11871 [main] INFO  org.segrada.service.repository.orientdb.init.OrientDbSchemaUpdater  - create property RelationType.fromTitleAsc String
11877 [main] INFO  org.segrada.service.repository.orientdb.init.OrientDbSchemaUpdater  - create property RelationType.toTitleAsc String
11887 [main] INFO  org.segrada.service.repository.orientdb.init.OrientDbSchemaUpdater  - create property RelationType.fromTags Linklist Tag
11921 [main] INFO  org.segrada.service.repository.orientdb.init.OrientDbSchemaUpdater  - create property RelationType.toTags Linklist Tag
11931 [main] INFO  org.segrada.service.repository.orientdb.init.OrientDbSchemaUpdater  - create property RelationType.description String
11945 [main] INFO  org.segrada.service.repository.orientdb.init.OrientDbSchemaUpdater  - create property RelationType.descriptionMarkup String
11951 [main] INFO  org.segrada.service.repository.orientdb.init.OrientDbSchemaUpdater  - create property RelationType.pictogram Link Pictogram
11958 [main] INFO  org.segrada.service.repository.orientdb.init.OrientDbSchemaUpdater  - create property RelationType.color Integer
11965 [main] INFO  org.segrada.service.repository.orientdb.init.OrientDbSchemaUpdater  - create property RelationType.created Datetime
11972 [main] INFO  org.segrada.service.repository.orientdb.init.OrientDbSchemaUpdater  - create property RelationType.modified Datetime
11981 [main] INFO  org.segrada.service.repository.orientdb.init.OrientDbSchemaUpdater  - create property RelationType.creator Link User
11988 [main] INFO  org.segrada.service.repository.orientdb.init.OrientDbSchemaUpdater  - create property RelationType.modifier Link User
11992 [main] INFO  org.segrada.service.repository.orientdb.init.OrientDbSchemaUpdater  - alter property RelationType.fromTitle MANDATORY true
11997 [main] INFO  org.segrada.service.repository.orientdb.init.OrientDbSchemaUpdater  - alter property RelationType.fromTitle COLLATE ci
12001 [main] INFO  org.segrada.service.repository.orientdb.init.OrientDbSchemaUpdater  - alter property RelationType.toTitle MANDATORY true
12021 [main] INFO  org.segrada.service.repository.orientdb.init.OrientDbSchemaUpdater  - alter property RelationType.toTitle COLLATE ci
12025 [main] INFO  org.segrada.service.repository.orientdb.init.OrientDbSchemaUpdater  - alter property RelationType.fromTitleAsc MANDATORY true
12030 [main] INFO  org.segrada.service.repository.orientdb.init.OrientDbSchemaUpdater  - alter property RelationType.toTitleAsc MANDATORY true
12034 [main] INFO  org.segrada.service.repository.orientdb.init.OrientDbSchemaUpdater  - alter property RelationType.description MANDATORY true
12049 [main] INFO  org.segrada.service.repository.orientdb.init.OrientDbSchemaUpdater  - alter property RelationType.descriptionMarkup MANDATORY true
12053 [main] INFO  org.segrada.service.repository.orientdb.init.OrientDbSchemaUpdater  - alter property RelationType.created MANDATORY true
12059 [main] INFO  org.segrada.service.repository.orientdb.init.OrientDbSchemaUpdater  - alter property RelationType.modified MANDATORY true
12069 [main] INFO  org.segrada.service.repository.orientdb.init.OrientDbSchemaUpdater  - create index RelationType.fromTitle NOTUNIQUE
12079 [main] INFO  org.segrada.service.repository.orientdb.init.OrientDbSchemaUpdater  - create index RelationType.toTitle NOTUNIQUE
12084 [main] INFO  org.segrada.service.repository.orientdb.init.OrientDbSchemaUpdater  - create index RelationType.fromTitleAsc NOTUNIQUE
12088 [main] INFO  org.segrada.service.repository.orientdb.init.OrientDbSchemaUpdater  - create index RelationType.toTitleAsc NOTUNIQUE
12120 [main] INFO  org.segrada.service.repository.orientdb.init.OrientDbSchemaUpdater  - create index RelationType.fromTitle_toTitle ON RelationType (fromTitle,toTitle) FULLTEXT ENGINE LUCENE
12154 [main] INFO  org.segrada.service.repository.orientdb.init.OrientDbSchemaUpdater  - create index RelationType.fromTags NOTUNIQUE_HASH_INDEX
12176 [main] INFO  org.segrada.service.repository.orientdb.init.OrientDbSchemaUpdater  - create index RelationType.toTags NOTUNIQUE_HASH_INDEX
12212 [main] INFO  org.segrada.service.repository.orientdb.init.OrientDbSchemaUpdater  - create class IsRelation extends E
12254 [main] INFO  org.segrada.service.repository.orientdb.init.OrientDbSchemaUpdater  - create class Relation extends V
12262 [main] INFO  org.segrada.service.repository.orientdb.init.OrientDbSchemaUpdater  - create property Relation.relationType Link RelationType
12269 [main] INFO  org.segrada.service.repository.orientdb.init.OrientDbSchemaUpdater  - create property Relation.relationLink Link IsRelation
12276 [main] INFO  org.segrada.service.repository.orientdb.init.OrientDbSchemaUpdater  - create property Relation.description String
12283 [main] INFO  org.segrada.service.repository.orientdb.init.OrientDbSchemaUpdater  - create property Relation.descriptionMarkup String
12290 [main] INFO  org.segrada.service.repository.orientdb.init.OrientDbSchemaUpdater  - create property Relation.pictogram Link Pictogram
12299 [main] INFO  org.segrada.service.repository.orientdb.init.OrientDbSchemaUpdater  - create property Relation.color Integer
12305 [main] INFO  org.segrada.service.repository.orientdb.init.OrientDbSchemaUpdater  - create property Relation.created Datetime
12313 [main] INFO  org.segrada.service.repository.orientdb.init.OrientDbSchemaUpdater  - create property Relation.modified Datetime
12323 [main] INFO  org.segrada.service.repository.orientdb.init.OrientDbSchemaUpdater  - create property Relation.creator Link User
12332 [main] INFO  org.segrada.service.repository.orientdb.init.OrientDbSchemaUpdater  - create property Relation.modifier Link User
12346 [main] INFO  org.segrada.service.repository.orientdb.init.OrientDbSchemaUpdater  - create property Relation.minEntry String
12361 [main] INFO  org.segrada.service.repository.orientdb.init.OrientDbSchemaUpdater  - create property Relation.maxEntry String
12375 [main] INFO  org.segrada.service.repository.orientdb.init.OrientDbSchemaUpdater  - create property Relation.minJD Long
12382 [main] INFO  org.segrada.service.repository.orientdb.init.OrientDbSchemaUpdater  - create property Relation.maxJD Long
12388 [main] INFO  org.segrada.service.repository.orientdb.init.OrientDbSchemaUpdater  - create property Relation.minEntryCalendar String
12395 [main] INFO  org.segrada.service.repository.orientdb.init.OrientDbSchemaUpdater  - create property Relation.maxEntryCalendar String
12399 [main] INFO  org.segrada.service.repository.orientdb.init.OrientDbSchemaUpdater  - alter property Relation.relationType MANDATORY true
12403 [main] INFO  org.segrada.service.repository.orientdb.init.OrientDbSchemaUpdater  - alter property Relation.relationLink MANDATORY true
12407 [main] INFO  org.segrada.service.repository.orientdb.init.OrientDbSchemaUpdater  - alter property Relation.description MANDATORY true
12411 [main] INFO  org.segrada.service.repository.orientdb.init.OrientDbSchemaUpdater  - alter property Relation.descriptionMarkup MANDATORY true
12416 [main] INFO  org.segrada.service.repository.orientdb.init.OrientDbSchemaUpdater  - alter property Relation.created MANDATORY true
12421 [main] INFO  org.segrada.service.repository.orientdb.init.OrientDbSchemaUpdater  - alter property Relation.modified MANDATORY true
12436 [main] INFO  org.segrada.service.repository.orientdb.init.OrientDbSchemaUpdater  - create index Relation.relationType NOTUNIQUE_HASH_INDEX
12486 [main] INFO  org.segrada.service.repository.orientdb.init.OrientDbSchemaUpdater  - create index Relation.relationLink UNIQUE_HASH_INDEX
12511 [main] INFO  org.segrada.service.repository.orientdb.init.OrientDbSchemaUpdater  - create class SourceReference
12518 [main] INFO  org.segrada.service.repository.orientdb.init.OrientDbSchemaUpdater  - create property SourceReference.source Link Source
12524 [main] INFO  org.segrada.service.repository.orientdb.init.OrientDbSchemaUpdater  - create property SourceReference.reference Link V
12531 [main] INFO  org.segrada.service.repository.orientdb.init.OrientDbSchemaUpdater  - create property SourceReference.referenceText String
12539 [main] INFO  org.segrada.service.repository.orientdb.init.OrientDbSchemaUpdater  - create property SourceReference.created Datetime
12545 [main] INFO  org.segrada.service.repository.orientdb.init.OrientDbSchemaUpdater  - create property SourceReference.modified Datetime
12552 [main] INFO  org.segrada.service.repository.orientdb.init.OrientDbSchemaUpdater  - create property SourceReference.creator Link User
12559 [main] INFO  org.segrada.service.repository.orientdb.init.OrientDbSchemaUpdater  - create property SourceReference.modifier Link User
12564 [main] INFO  org.segrada.service.repository.orientdb.init.OrientDbSchemaUpdater  - alter property SourceReference.source MANDATORY true
12568 [main] INFO  org.segrada.service.repository.orientdb.init.OrientDbSchemaUpdater  - alter property SourceReference.reference MANDATORY true
12572 [main] INFO  org.segrada.service.repository.orientdb.init.OrientDbSchemaUpdater  - alter property SourceReference.created MANDATORY true
12577 [main] INFO  org.segrada.service.repository.orientdb.init.OrientDbSchemaUpdater  - alter property SourceReference.modified MANDATORY true
12581 [main] INFO  org.segrada.service.repository.orientdb.init.OrientDbSchemaUpdater  - create index SourceReference.referenceText NOTUNIQUE
12594 [main] INFO  org.segrada.service.repository.orientdb.init.OrientDbSchemaUpdater  - create index SourceReference.source NOTUNIQUE_HASH_INDEX
12608 [main] INFO  org.segrada.service.repository.orientdb.init.OrientDbSchemaUpdater  - create index SourceReference.reference NOTUNIQUE_HASH_INDEX
12638 [main] INFO  org.segrada.service.repository.orientdb.init.OrientDbSchemaUpdater  - create class IsTagOf extends E
12667 [main] INFO  org.segrada.service.repository.orientdb.init.OrientDbSchemaUpdater  - create class IsCommentOf extends E
12702 [main] INFO  org.segrada.service.repository.orientdb.init.OrientDbSchemaUpdater  - create class IsFileOf extends E
12702 [main] INFO  org.segrada.service.repository.orientdb.init.OrientDbSchemaUpdater  - Running sql update /orientdb/schema_version_1.sql to update schema now.
12710 [main] INFO  org.segrada.service.repository.orientdb.init.OrientDbSchemaUpdater  - create property Period.fromFuzzyFlags String
12717 [main] INFO  org.segrada.service.repository.orientdb.init.OrientDbSchemaUpdater  - create property Period.toFuzzyFlags String
12723 [main] INFO  org.segrada.service.repository.orientdb.init.OrientDbSchemaUpdater  - create property Period.comment String
12730 [main] INFO  org.segrada.service.repository.orientdb.init.OrientDbSchemaUpdater  - create property Node.minFuzzyFlags String
12737 [main] INFO  org.segrada.service.repository.orientdb.init.OrientDbSchemaUpdater  - create property Node.maxFuzzyFlags String
12849 [main] INFO  org.segrada.service.repository.orientdb.init.OrientDbSchemaUpdater  - create property Relation.minFuzzyFlags String
12860 [main] INFO  org.segrada.service.repository.orientdb.init.OrientDbSchemaUpdater  - create property Relation.maxFuzzyFlags String
12868 [main] INFO  org.segrada.service.repository.orientdb.init.OrientDbSchemaUpdater  - create property Location.comment String
12902 [main] INFO  org.segrada.service.repository.orientdb.init.OrientDbSchemaUpdater  - create property File.fileIdentifier String
12926 [main] INFO  org.segrada.service.repository.orientdb.init.OrientDbSchemaUpdater  - create property File.thumbFileIdentifier String
12926 [main] INFO  org.segrada.service.repository.orientdb.init.OrientDbSchemaUpdater  - Running sql update /orientdb/schema_version_2.sql to update schema now.
13026 [main] INFO  org.segrada.service.repository.orientdb.init.OrientDbSchemaUpdater  - create class RememberMeToken
13042 [main] INFO  org.segrada.service.repository.orientdb.init.OrientDbSchemaUpdater  - create property RememberMeToken.user Link User
13056 [main] INFO  org.segrada.service.repository.orientdb.init.OrientDbSchemaUpdater  - create property RememberMeToken.selector String
13066 [main] INFO  org.segrada.service.repository.orientdb.init.OrientDbSchemaUpdater  - create property RememberMeToken.token String
13073 [main] INFO  org.segrada.service.repository.orientdb.init.OrientDbSchemaUpdater  - create property RememberMeToken.expires Datetime
13078 [main] INFO  org.segrada.service.repository.orientdb.init.OrientDbSchemaUpdater  - alter property RememberMeToken.user MANDATORY true
13088 [main] INFO  org.segrada.service.repository.orientdb.init.OrientDbSchemaUpdater  - alter property RememberMeToken.selector MANDATORY true
13093 [main] INFO  org.segrada.service.repository.orientdb.init.OrientDbSchemaUpdater  - alter property RememberMeToken.token MANDATORY true
13098 [main] INFO  org.segrada.service.repository.orientdb.init.OrientDbSchemaUpdater  - alter property RememberMeToken.expires MANDATORY true
13108 [main] INFO  org.segrada.service.repository.orientdb.init.OrientDbSchemaUpdater  - create index RememberMeToken.selector DICTIONARY_HASH_INDEX
13109 [main] INFO  org.segrada.service.repository.orientdb.init.OrientDbSchemaUpdater  - Running sql update /orientdb/schema_version_3.sql to update schema now.
13146 [main] INFO  org.segrada.service.repository.orientdb.init.OrientDbSchemaUpdater  - create class UserGroup
13154 [main] INFO  org.segrada.service.repository.orientdb.init.OrientDbSchemaUpdater  - create property UserGroup.title String
13162 [main] INFO  org.segrada.service.repository.orientdb.init.OrientDbSchemaUpdater  - create property UserGroup.titleasc String
13169 [main] INFO  org.segrada.service.repository.orientdb.init.OrientDbSchemaUpdater  - create property UserGroup.description String
13177 [main] INFO  org.segrada.service.repository.orientdb.init.OrientDbSchemaUpdater  - create property UserGroup.roles EMBEDDEDMAP Integer
13199 [main] INFO  org.segrada.service.repository.orientdb.init.OrientDbSchemaUpdater  - create property UserGroup.created Datetime
13205 [main] INFO  org.segrada.service.repository.orientdb.init.OrientDbSchemaUpdater  - create property UserGroup.modified Datetime
13225 [main] INFO  org.segrada.service.repository.orientdb.init.OrientDbSchemaUpdater  - create property UserGroup.creator Link User
13230 [main] INFO  org.segrada.service.repository.orientdb.init.OrientDbSchemaUpdater  - create property UserGroup.modifier Link User
13241 [main] INFO  org.segrada.service.repository.orientdb.init.OrientDbSchemaUpdater  - create property UserGroup.special String
13247 [main] INFO  org.segrada.service.repository.orientdb.init.OrientDbSchemaUpdater  - alter property UserGroup.title MANDATORY true
13251 [main] INFO  org.segrada.service.repository.orientdb.init.OrientDbSchemaUpdater  - alter property UserGroup.title COLLATE ci
13256 [main] INFO  org.segrada.service.repository.orientdb.init.OrientDbSchemaUpdater  - alter property UserGroup.titleasc MANDATORY true
13260 [main] INFO  org.segrada.service.repository.orientdb.init.OrientDbSchemaUpdater  - alter property UserGroup.roles MANDATORY true
13265 [main] INFO  org.segrada.service.repository.orientdb.init.OrientDbSchemaUpdater  - alter property UserGroup.created MANDATORY true
13273 [main] INFO  org.segrada.service.repository.orientdb.init.OrientDbSchemaUpdater  - alter property UserGroup.modified MANDATORY true
13278 [main] INFO  org.segrada.service.repository.orientdb.init.OrientDbSchemaUpdater  - alter property UserGroup.special COLLATE ci
13287 [main] INFO  org.segrada.service.repository.orientdb.init.OrientDbSchemaUpdater  - create index UserGroup.title UNIQUE_HASH_INDEX
13291 [main] INFO  org.segrada.service.repository.orientdb.init.OrientDbSchemaUpdater  - create index UserGroup.titleasc NOTUNIQUE
13295 [main] INFO  org.segrada.service.repository.orientdb.init.OrientDbSchemaUpdater  - create index UserGroup.special NOTUNIQUE
13302 [main] INFO  org.segrada.service.repository.orientdb.init.OrientDbSchemaUpdater  - create property User.group Link UserGroup
13308 [main] INFO  org.segrada.service.repository.orientdb.init.OrientDbSchemaUpdater  - alter property User.group MANDATORY true
13313 [main] INFO  org.segrada.service.repository.orientdb.init.OrientDbSchemaUpdater  - alter property User.role MANDATORY false
13314 [main] INFO  org.segrada.service.repository.orientdb.init.OrientDbSchemaUpdater  - Running sql update /orientdb/schema_version_4.sql to update schema now.
13349 [main] INFO  org.segrada.service.repository.orientdb.init.OrientDbSchemaUpdater  - create class SavedQuery
13357 [main] INFO  org.segrada.service.repository.orientdb.init.OrientDbSchemaUpdater  - create property SavedQuery.type String
13376 [main] INFO  org.segrada.service.repository.orientdb.init.OrientDbSchemaUpdater  - create property SavedQuery.title String
13384 [main] INFO  org.segrada.service.repository.orientdb.init.OrientDbSchemaUpdater  - create property SavedQuery.titleasc String
13392 [main] INFO  org.segrada.service.repository.orientdb.init.OrientDbSchemaUpdater  - create property SavedQuery.description String
13400 [main] INFO  org.segrada.service.repository.orientdb.init.OrientDbSchemaUpdater  - create property SavedQuery.data String
13408 [main] INFO  org.segrada.service.repository.orientdb.init.OrientDbSchemaUpdater  - create property SavedQuery.created Datetime
13468 [main] INFO  org.segrada.service.repository.orientdb.init.OrientDbSchemaUpdater  - create property SavedQuery.modified Datetime
13476 [main] INFO  org.segrada.service.repository.orientdb.init.OrientDbSchemaUpdater  - create property SavedQuery.user Link User
13480 [main] INFO  org.segrada.service.repository.orientdb.init.OrientDbSchemaUpdater  - alter property SavedQuery.title MANDATORY true
13489 [main] INFO  org.segrada.service.repository.orientdb.init.OrientDbSchemaUpdater  - alter property SavedQuery.title COLLATE ci
13495 [main] INFO  org.segrada.service.repository.orientdb.init.OrientDbSchemaUpdater  - alter property SavedQuery.titleasc MANDATORY true
13500 [main] INFO  org.segrada.service.repository.orientdb.init.OrientDbSchemaUpdater  - alter property SavedQuery.created MANDATORY true
13505 [main] INFO  org.segrada.service.repository.orientdb.init.OrientDbSchemaUpdater  - alter property SavedQuery.modified MANDATORY true
13509 [main] INFO  org.segrada.service.repository.orientdb.init.OrientDbSchemaUpdater  - create index SavedQuery.type NOTUNIQUE
13514 [main] INFO  org.segrada.service.repository.orientdb.init.OrientDbSchemaUpdater  - create index SavedQuery.titleasc NOTUNIQUE
13518 [main] INFO  org.segrada.service.repository.orientdb.init.OrientDbSchemaUpdater  - create index SavedQuery.user NOTUNIQUE
13899 [main] INFO  org.segrada.service.repository.orientdb.base.AbstractOrientDbRepository  - Saved entity: {File}#373:0, filename.txt
13901 [main] INFO  org.segrada.service.repository.orientdb.base.AbstractOrientDbRepository  - Saved entity: {Comment}#227:0, 
13932 [main] INFO  org.segrada.service.repository.orientdb.base.AbstractOrientDbRepository  - Saved entity: {File}#374:0, filename.txt
13934 [main] INFO  org.segrada.service.repository.orientdb.base.AbstractOrientDbRepository  - Saved entity: {Comment}#228:0, 
13985 [main] INFO  org.segrada.service.repository.orientdb.base.AbstractOrientDbRepository  - Saved entity: {File}#375:0, filename.txt
14054 [main] INFO  org.segrada.service.repository.orientdb.base.AbstractOrientDbRepository  - Saved entity: {File}#376:0, filename.txt
14530 [main] INFO  org.segrada.service.repository.orientdb.base.AbstractOrientDbRepository  - Saved entity: {File}#377:0, filename.txt
14542 [main] INFO  org.segrada.service.repository.orientdb.base.AbstractOrientDbRepository  - Saved entity: {File}#377:0, filename.txt
14553 [main] INFO  org.segrada.service.repository.orientdb.base.AbstractOrientDbRepository  - Saved entity: {File}#378:0, filename.txt
14555 [main] INFO  org.segrada.service.repository.orientdb.base.AbstractOrientDbRepository  - Saved entity: {Comment}#229:0, 
Tests run: 12, Failures: 0, Errors: 0, Skipped: 0, Time elapsed: 11.755 sec - in org.segrada.service.repository.orientdb.OrientDbFileRepositoryTest
Running org.segrada.service.repository.orientdb.OrientDbTagRepositoryTest
14599 [main] INFO  org.segrada.service.repository.orientdb.base.AbstractOrientDbRepository  - Saved entity: {Tag}#261:0, Root
14601 [main] INFO  org.segrada.service.repository.orientdb.base.AbstractOrientDbRepository  - Saved entity: {Tag}#262:0, Sub 1
14612 [main] INFO  org.segrada.service.repository.orientdb.base.AbstractOrientDbRepository  - Saved entity: {Tag}#263:0, Sub 2
14803 [main] INFO  org.segrada.service.repository.orientdb.base.AbstractOrientDbRepository  - Saved entity: {Tag}#264:0, Root
14806 [main] INFO  org.segrada.service.repository.orientdb.base.AbstractOrientDbRepository  - Saved entity: {Tag}#265:0, Sub 1
14808 [main] INFO  org.segrada.service.repository.orientdb.base.AbstractOrientDbRepository  - Saved entity: {Tag}#266:0, Sub 2
14822 [main] INFO  org.segrada.service.repository.orientdb.base.AbstractOrientDbRepository  - Saved entity: {Tag}#267:0, Sub 2 => Sub 1
14832 [main] INFO  org.segrada.service.repository.orientdb.base.AbstractOrientDbRepository  - Saved entity: {Tag}#268:0, Sub 2 => Sub 2
14967 [main] INFO  org.segrada.service.repository.orientdb.base.AbstractOrientDbRepository  - Saved entity: {Tag}#269:0, Tag1
14972 [main] INFO  org.segrada.service.repository.orientdb.base.AbstractOrientDbRepository  - Saved entity: {Tag}#270:0, Tag2
14976 [main] INFO  org.segrada.service.repository.orientdb.base.AbstractOrientDbRepository  - Saved entity: {Tag}#271:0, Tag3
15005 [main] INFO  org.segrada.service.repository.orientdb.base.AbstractOrientDbRepository  - Saved entity: {Tag}#272:0, Tag4
15125 [main] INFO  org.segrada.service.repository.orientdb.base.AbstractOrientDbRepository  - Saved entity: {Tag}#275:0, Tag1
15132 [main] INFO  org.segrada.service.repository.orientdb.base.AbstractOrientDbRepository  - Saved entity: {Tag}#276:0, Tag2
15136 [main] INFO  org.segrada.service.repository.orientdb.base.AbstractOrientDbRepository  - Saved entity: {Tag}#277:0, Tag3
15145 [main] INFO  org.segrada.service.repository.orientdb.base.AbstractOrientDbRepository  - Saved entity: {Tag}#278:0, Tag4
15154 [main] INFO  org.segrada.service.repository.orientdb.base.AbstractOrientDbRepository  - Saved entity: {Tag}#279:0, Tag5
15162 [main] INFO  org.segrada.service.repository.orientdb.base.AbstractOrientDbRepository  - Saved entity: {Tag}#280:0, Tag6
15170 [main] INFO  org.segrada.service.repository.orientdb.base.AbstractOrientDbRepository  - Saved entity: {Tag}#281:0, Tag7
15178 [main] INFO  org.segrada.service.repository.orientdb.base.AbstractOrientDbRepository  - Saved entity: {Tag}#282:0, Tag8
15186 [main] INFO  org.segrada.service.repository.orientdb.base.AbstractOrientDbRepository  - Saved entity: {Tag}#283:0, Tag9
15198 [main] INFO  org.segrada.service.repository.orientdb.base.AbstractOrientDbRepository  - Saved entity: {Tag}#284:0, Tag10
15235 [main] INFO  org.segrada.service.repository.orientdb.OrientDbTagRepository  - findTagsByTagList: Skipping unknown tag Tag99
15236 [main] INFO  org.segrada.service.repository.orientdb.OrientDbTagRepository  - findTagsByTagList: Skipping unknown tag Tag98
15237 [main] INFO  org.segrada.service.repository.orientdb.OrientDbTagRepository  - findTagsByTagList: Skipping unknown tag Tag99
15258 [main] INFO  org.segrada.service.repository.orientdb.base.AbstractOrientDbRepository  - Saved entity: {Tag}#285:0, title XYZ
15273 [main] INFO  org.segrada.service.repository.orientdb.base.AbstractOrientDbRepository  - Saved entity: {Tag}#286:0, Root
15276 [main] INFO  org.segrada.service.repository.orientdb.base.AbstractOrientDbRepository  - Saved entity: {Tag}#287:0, Sub 1
15279 [main] INFO  org.segrada.service.repository.orientdb.base.AbstractOrientDbRepository  - Saved entity: {Tag}#288:0, Sub 2
15282 [main] INFO  org.segrada.service.repository.orientdb.base.AbstractOrientDbRepository  - Saved entity: {Tag}#289:0, Sub 2 => Sub 1
15285 [main] INFO  org.segrada.service.repository.orientdb.base.AbstractOrientDbRepository  - Saved entity: {Tag}#290:0, Sub 2 => Sub 2
15288 [main] INFO  org.segrada.service.repository.orientdb.base.AbstractOrientDbRepository  - Saved entity: {Tag}#291:0, Not connected
15335 [main] INFO  org.segrada.service.repository.orientdb.base.AbstractOrientDbRepository  - Saved entity: {Tag}#292:0, Root
15339 [main] INFO  org.segrada.service.repository.orientdb.base.AbstractOrientDbRepository  - Saved entity: {Tag}#293:0, Sub 1
15362 [main] INFO  org.segrada.service.repository.orientdb.base.AbstractOrientDbRepository  - Saved entity: {Tag}#294:0, Root
15365 [main] INFO  org.segrada.service.repository.orientdb.base.AbstractOrientDbRepository  - Saved entity: {Tag}#295:0, Sub 1
15698 [main] INFO  org.segrada.service.repository.orientdb.base.AbstractOrientDbRepository  - Saved entity: {Tag}#296:0, Tag1
15709 [main] INFO  org.segrada.service.repository.orientdb.base.AbstractOrientDbRepository  - Saved entity: {Tag}#261:1, Tag2
15711 [main] INFO  org.segrada.service.repository.orientdb.base.AbstractOrientDbRepository  - Saved entity: {Tag}#262:1, Tag3
15713 [main] INFO  org.segrada.service.repository.orientdb.base.AbstractOrientDbRepository  - Saved entity: {Tag}#263:1, Tag4
15715 [main] INFO  org.segrada.service.repository.orientdb.base.AbstractOrientDbRepository  - Saved entity: {Tag}#264:1, Tag5
15716 [main] INFO  org.segrada.service.repository.orientdb.base.AbstractOrientDbRepository  - Saved entity: {Tag}#265:1, Tag6
15718 [main] INFO  org.segrada.service.repository.orientdb.base.AbstractOrientDbRepository  - Saved entity: {Tag}#266:1, Tag7
15722 [main] INFO  org.segrada.service.repository.orientdb.base.AbstractOrientDbRepository  - Saved entity: {Tag}#267:1, Tag8
15725 [main] INFO  org.segrada.service.repository.orientdb.base.AbstractOrientDbRepository  - Saved entity: {Tag}#268:1, Tag9
15727 [main] INFO  org.segrada.service.repository.orientdb.base.AbstractOrientDbRepository  - Saved entity: {Tag}#269:1, Tag10
15753 [main] INFO  org.segrada.service.repository.orientdb.OrientDbTagRepository  - findTagsByTagList: Skipping unknown tag #99:99
15755 [main] INFO  org.segrada.service.repository.orientdb.OrientDbTagRepository  - findTagsByTagList: Skipping unknown tag #99:99
15756 [main] INFO  org.segrada.service.repository.orientdb.OrientDbTagRepository  - findTagsByTagList: Skipping unknown tag #99:89
15756 [main] INFO  org.segrada.service.repository.orientdb.OrientDbTagRepository  - findTagsByTagList: Skipping unknown tag #99:99
15777 [main] INFO  org.segrada.service.repository.orientdb.base.AbstractOrientDbRepository  - Saved entity: {Tag}#270:1, This is a complex title with an mlaut
15922 [main] INFO  org.segrada.service.repository.orientdb.base.AbstractOrientDbRepository  - Saved entity: {Tag}#271:1, Root
15934 [main] INFO  org.segrada.service.repository.orientdb.base.AbstractOrientDbRepository  - Saved entity: {Tag}#272:1, Sub 1
15937 [main] INFO  org.segrada.service.repository.orientdb.base.AbstractOrientDbRepository  - Saved entity: {Tag}#273:1, Sub 2
16065 [main] INFO  org.segrada.service.repository.orientdb.base.AbstractOrientDbRepository  - Saved entity: {Tag}#274:1, Root
16072 [main] INFO  org.segrada.service.repository.orientdb.base.AbstractOrientDbRepository  - Saved entity: {Tag}#275:1, Sub 1
16080 [main] INFO  org.segrada.service.repository.orientdb.base.AbstractOrientDbRepository  - Saved entity: {Tag}#276:1, Sub 2
16083 [main] INFO  org.segrada.service.repository.orientdb.base.AbstractOrientDbRepository  - Saved entity: {Tag}#277:1, Sub 2 => Sub 1
16093 [main] INFO  org.segrada.service.repository.orientdb.base.AbstractOrientDbRepository  - Saved entity: {Tag}#278:1, Sub 2 => Sub 2
16255 [main] INFO  org.segrada.service.repository.orientdb.base.AbstractOrientDbRepository  - Saved entity: {Tag}#279:1, Root
16277 [main] INFO  org.segrada.service.repository.orientdb.base.AbstractOrientDbRepository  - Saved entity: {Tag}#280:1, Sub 1
16326 [main] INFO  org.segrada.service.repository.orientdb.base.AbstractOrientDbRepository  - Saved entity: {Tag}#281:1, Tag1
16329 [main] INFO  org.segrada.service.repository.orientdb.base.AbstractOrientDbRepository  - Saved entity: {Tag}#282:1, Tag2
16331 [main] INFO  org.segrada.service.repository.orientdb.base.AbstractOrientDbRepository  - Saved entity: {Tag}#283:1, Tag3
16337 [main] INFO  org.segrada.service.repository.orientdb.base.AbstractOrientDbRepository  - Saved entity: {Tag}#284:1, Tag4
16353 [main] INFO  org.segrada.service.repository.orientdb.base.AbstractOrientDbRepository  - Saved entity: {Tag}#285:1, Tag5
16356 [main] INFO  org.segrada.service.repository.orientdb.base.AbstractOrientDbRepository  - Saved entity: {Tag}#286:1, Tag6
16358 [main] INFO  org.segrada.service.repository.orientdb.base.AbstractOrientDbRepository  - Saved entity: {Tag}#287:1, Tag7
16360 [main] INFO  org.segrada.service.repository.orientdb.base.AbstractOrientDbRepository  - Saved entity: {Tag}#288:1, Tag8
16362 [main] INFO  org.segrada.service.repository.orientdb.base.AbstractOrientDbRepository  - Saved entity: {Tag}#289:1, Tag9
16364 [main] INFO  org.segrada.service.repository.orientdb.base.AbstractOrientDbRepository  - Saved entity: {Tag}#290:1, Tag10
16369 [main] INFO  org.segrada.service.repository.orientdb.OrientDbTagRepository  - findTagsByTagList: Skipping unknown tag Tag99
16387 [main] INFO  org.segrada.service.repository.orientdb.OrientDbTagRepository  - findTagsByTagList: Skipping unknown tag Tag99
16388 [main] INFO  org.segrada.service.repository.orientdb.OrientDbTagRepository  - findTagsByTagList: Skipping unknown tag Tag98
16389 [main] INFO  org.segrada.service.repository.orientdb.OrientDbTagRepository  - findTagsByTagList: Skipping unknown tag Tag99
Tests run: 19, Failures: 0, Errors: 0, Skipped: 0, Time elapsed: 1.825 sec - in org.segrada.service.repository.orientdb.OrientDbTagRepositoryTest
Running org.segrada.service.repository.orientdb.OrientDbLocationRepositoryTest
16442 [main] INFO  org.segrada.service.repository.orientdb.base.AbstractOrientDbRepository  - Saved entity: {Location}#297:0, 1.0/-1.0
16443 [main] INFO  org.segrada.service.repository.orientdb.base.AbstractOrientDbRepository  - Saved entity: {Location}#298:0, 10.0/-10.0
16444 [main] INFO  org.segrada.service.repository.orientdb.base.AbstractOrientDbRepository  - Saved entity: {Location}#299:0, 50.0/50.0
16548 [main] INFO  org.segrada.service.repository.orientdb.base.AbstractOrientDbRepository  - Saved entity: {Location}#301:0, 1.0/-1.0
16550 [main] INFO  org.segrada.service.repository.orientdb.base.AbstractOrientDbRepository  - Saved entity: {Location}#302:0, 10.0/-10.0
16551 [main] INFO  org.segrada.service.repository.orientdb.base.AbstractOrientDbRepository  - Saved entity: {Location}#303:0, 50.0/50.0
16553 [main] INFO  org.segrada.service.repository.orientdb.base.AbstractOrientDbRepository  - Saved entity: {Location}#304:0, 1.0/-1.0
16703 [main] INFO  org.segrada.service.repository.orientdb.base.AbstractOrientDbRepository  - Saved entity: {Location}#306:0, 1.0/-1.0
16704 [main] INFO  org.segrada.service.repository.orientdb.base.AbstractOrientDbRepository  - Saved entity: {Location}#307:0, 10.0/-10.0
16706 [main] INFO  org.segrada.service.repository.orientdb.base.AbstractOrientDbRepository  - Saved entity: {Location}#308:0, 5.0/5.0
16711 [main] INFO  org.segrada.service.repository.orientdb.base.AbstractOrientDbRepository  - Saved entity: {Location}#309:0, 1.0/-1.0
16789 [main] INFO  org.segrada.service.repository.orientdb.base.AbstractOrientDbRepository  - Saved entity: {Location}#310:0, 1.0/-1.0
16790 [main] INFO  org.segrada.service.repository.orientdb.base.AbstractOrientDbRepository  - Saved entity: {Location}#311:0, 10.0/-10.0
16791 [main] INFO  org.segrada.service.repository.orientdb.base.AbstractOrientDbRepository  - Saved entity: {Location}#312:0, 50.0/50.0
16792 [main] INFO  org.segrada.service.repository.orientdb.base.AbstractOrientDbRepository  - Saved entity: {Location}#313:0, 1.0/-1.0
Tests run: 7, Failures: 0, Errors: 0, Skipped: 0, Time elapsed: 0.475 sec - in org.segrada.service.repository.orientdb.OrientDbLocationRepositoryTest
Running org.segrada.service.repository.orientdb.OrientDbSavedQueryRepositoryTest
16914 [main] INFO  org.segrada.service.repository.orientdb.base.AbstractOrientDbRepository  - Saved entity: {SavedQuery}#803:0, Query 0
16916 [main] INFO  org.segrada.service.repository.orientdb.base.AbstractOrientDbRepository  - Saved entity: {SavedQuery}#804:0, Query 1
16925 [main] INFO  org.segrada.service.repository.orientdb.base.AbstractOrientDbRepository  - Saved entity: {SavedQuery}#805:0, Query 2
16926 [main] INFO  org.segrada.service.repository.orientdb.base.AbstractOrientDbRepository  - Saved entity: {SavedQuery}#806:0, Query 3
16927 [main] INFO  org.segrada.service.repository.orientdb.base.AbstractOrientDbRepository  - Saved entity: {SavedQuery}#807:0, Query 4
16928 [main] INFO  org.segrada.service.repository.orientdb.base.AbstractOrientDbRepository  - Saved entity: {SavedQuery}#808:0, Query 5
16929 [main] INFO  org.segrada.service.repository.orientdb.base.AbstractOrientDbRepository  - Saved entity: {SavedQuery}#809:0, Query 6
16930 [main] INFO  org.segrada.service.repository.orientdb.base.AbstractOrientDbRepository  - Saved entity: {SavedQuery}#810:0, Query 7
16930 [main] INFO  org.segrada.service.repository.orientdb.base.AbstractOrientDbRepository  - Saved entity: {SavedQuery}#811:0, Query 8
16939 [main] INFO  org.segrada.service.repository.orientdb.base.AbstractOrientDbRepository  - Saved entity: {SavedQuery}#812:0, Query 9
Tests run: 6, Failures: 0, Errors: 0, Skipped: 0, Time elapsed: 0.087 sec - in org.segrada.service.repository.orientdb.OrientDbSavedQueryRepositoryTest
Running org.segrada.service.repository.orientdb.factory.OrientDbRepositoryFactoryTest
Tests run: 4, Failures: 0, Errors: 0, Skipped: 0, Time elapsed: 0.031 sec - in org.segrada.service.repository.orientdb.factory.OrientDbRepositoryFactoryTest
Running org.segrada.service.repository.orientdb.OrientRememberMeRepositoryTest
17075 [main] ERROR org.segrada.service.repository.orientdb.OrientRememberMeRepository  - Token jYdTEI2PeSiP:token access error
17076 [main] ERROR org.segrada.service.repository.orientdb.OrientRememberMeRepository  - Token anything:6041cf4b14564c638d24b15f233d3373 is not found
17076 [main] ERROR org.segrada.service.repository.orientdb.OrientRememberMeRepository  - Token null is not valid
17076 [main] ERROR org.segrada.service.repository.orientdb.OrientRememberMeRepository  - Token  is not valid
17080 [main] ERROR org.segrada.service.repository.orientdb.OrientRememberMeRepository  - Token jYdTEI2PeSiP:6041cf4b14564c638d24b15f233d3373 is not found
17207 [main] ERROR org.segrada.service.repository.orientdb.OrientRememberMeRepository  - Token qAytqNdzzTEy:token access error
17207 [main] ERROR org.segrada.service.repository.orientdb.OrientRememberMeRepository  - Token anything:a874573792eb420c98e14df3ccaf92d3 is not found
17207 [main] ERROR org.segrada.service.repository.orientdb.OrientRememberMeRepository  - Token null is not valid
17207 [main] ERROR org.segrada.service.repository.orientdb.OrientRememberMeRepository  - Token  is not valid
17221 [main] ERROR org.segrada.service.repository.orientdb.OrientRememberMeRepository  - Token qAytqNdzzTEy:a874573792eb420c98e14df3ccaf92d3 is not found
Tests run: 3, Failures: 0, Errors: 0, Skipped: 0, Time elapsed: 0.298 sec - in org.segrada.service.repository.orientdb.OrientRememberMeRepositoryTest
Running org.segrada.service.repository.orientdb.OrientDbConfigRepositoryTest
Tests run: 4, Failures: 0, Errors: 0, Skipped: 0, Time elapsed: 0.176 sec - in org.segrada.service.repository.orientdb.OrientDbConfigRepositoryTest
Running org.segrada.service.repository.orientdb.OrientDbRelationRepositoryTest
17619 [main] INFO  org.segrada.service.repository.orientdb.base.AbstractOrientDbRepository  - Saved entity: {Node}#461:0, Node 1
17625 [main] INFO  org.segrada.service.repository.orientdb.base.AbstractOrientDbRepository  - Saved entity: {Node}#462:0, Node 2
17628 [main] INFO  org.segrada.service.repository.orientdb.base.AbstractOrientDbRepository  - Saved entity: {RelationType}#479:0, fromto
17636 [main] INFO  org.segrada.service.repository.orientdb.OrientDbRelationRepository  - Saved entity: {Relation}#551:0, {Node}#461:0, Node 1from{Node}#462:0, Node 2
17638 [main] INFO  org.segrada.service.repository.orientdb.OrientDbRelationRepository  - Saved entity: {Relation}#551:0, {Node}#461:0, Node 1from{Node}#462:0, Node 2
17642 [main] INFO  org.segrada.service.repository.orientdb.OrientDbRelationRepository  - Saved entity: {Relation}#551:0, {Node}#462:0, Node 2from{Node}#461:0, Node 1
Tests run: 10, Failures: 0, Errors: 0, Skipped: 0, Time elapsed: 0.573 sec - in org.segrada.service.repository.orientdb.OrientDbRelationRepositoryTest
Running org.segrada.service.repository.orientdb.OrientDbSourceReferenceRepositoryTest
18075 [main] INFO  org.segrada.service.repository.orientdb.base.AbstractOrientDbRepository  - Saved entity: {Comment}#230:0, Comment Text
18079 [main] INFO  org.segrada.service.repository.orientdb.base.AbstractOrientDbRepository  - Saved entity: {Source}#405:0 [ref:ref]: ShortTitle
18081 [main] INFO  org.segrada.service.repository.orientdb.base.AbstractOrientDbRepository  - Saved entity: {SourceReference}#585:0, ShortTitle, pp. 11f
18120 [main] INFO  org.segrada.service.repository.orientdb.base.AbstractOrientDbRepository  - Saved entity: {Comment}#231:0, Comment Text
18122 [main] INFO  org.segrada.service.repository.orientdb.base.AbstractOrientDbRepository  - Saved entity: {Source}#406:0 [ref:ref]: ShortTitle
18158 [main] INFO  org.segrada.service.repository.orientdb.base.AbstractOrientDbRepository  - Saved entity: {Comment}#232:0, Comment Text
18160 [main] INFO  org.segrada.service.repository.orientdb.base.AbstractOrientDbRepository  - Saved entity: {Source}#407:0 [ref:ref]: ShortTitle
18161 [main] INFO  org.segrada.service.repository.orientdb.base.AbstractOrientDbRepository  - Saved entity: {SourceReference}#587:0, ShortTitle, pp. 11f
18196 [main] INFO  org.segrada.service.repository.orientdb.base.AbstractOrientDbRepository  - Saved entity: {Comment}#233:0, Comment Text
18199 [main] INFO  org.segrada.service.repository.orientdb.base.AbstractOrientDbRepository  - Saved entity: {Source}#408:0 [ref:ref]: ShortTitle
18203 [main] INFO  org.segrada.service.repository.orientdb.base.AbstractOrientDbRepository  - Saved entity: {SourceReference}#588:0, ShortTitle, pp. 11f
Tests run: 5, Failures: 0, Errors: 0, Skipped: 0, Time elapsed: 0.217 sec - in org.segrada.service.repository.orientdb.OrientDbSourceReferenceRepositoryTest
Running org.segrada.service.repository.orientdb.base.AbstractColoredOrientDbRepositoryTest
Tests run: 2, Failures: 0, Errors: 0, Skipped: 0, Time elapsed: 0.645 sec - in org.segrada.service.repository.orientdb.base.AbstractColoredOrientDbRepositoryTest
Running org.segrada.service.repository.orientdb.base.AbstractAnnotatedOrientDbRepositoryTest
19094 [main] INFO  org.segrada.service.repository.orientdb.base.AbstractOrientDbRepository  - Saved entity: {MockEntity}#837:0, DUMMY
19380 [main] DEBUG org.segrada.service.repository.orientdb.factory.OrientDbRepositoryFactory  - Working in testing environment: Finding Mock repository.
19820 [main] INFO  org.segrada.service.repository.orientdb.OrientDbTagRepository  - findTagsByTagList: Skipping unknown tag Tag 1
19821 [main] INFO  org.segrada.service.repository.orientdb.OrientDbTagRepository  - findTagsByTagList: Skipping unknown tag Tag 2
19821 [main] INFO  org.segrada.service.repository.orientdb.OrientDbTagRepository  - findTagsByTagList: Skipping unknown tag Tag 3
19823 [main] INFO  org.segrada.service.repository.orientdb.base.AbstractOrientDbRepository  - Saved entity: {Tag}#292:1, Tag 1
19825 [main] INFO  org.segrada.service.repository.orientdb.base.AbstractOrientDbRepository  - Saved entity: {Tag}#293:1, Tag 2
19826 [main] INFO  org.segrada.service.repository.orientdb.base.AbstractOrientDbRepository  - Saved entity: {Tag}#294:1, Tag 3
19847 [main] INFO  org.segrada.service.repository.orientdb.base.AbstractOrientDbRepository  - Saved entity: {MockEntity}#837:0, DUMMY
19862 [main] INFO  org.segrada.service.repository.orientdb.base.AbstractOrientDbRepository  - Saved entity: {Tag}#295:1, Tag 4
19886 [main] INFO  org.segrada.service.repository.orientdb.base.AbstractOrientDbRepository  - Saved entity: {MockEntity}#837:0, DUMMY
19896 [main] INFO  org.segrada.service.repository.orientdb.base.AbstractOrientDbRepository  - Saved entity: {MockEntity}#837:0, DUMMY
20109 [main] INFO  org.segrada.service.repository.orientdb.base.AbstractOrientDbRepository  - Saved entity: {MockEntity}#837:0, DUMMY
20292 [main] INFO  org.segrada.service.repository.orientdb.OrientDbTagRepository  - findTagsByTagList: Skipping unknown tag Tag 1
20293 [main] INFO  org.segrada.service.repository.orientdb.OrientDbTagRepository  - findTagsByTagList: Skipping unknown tag Tag 2
20293 [main] INFO  org.segrada.service.repository.orientdb.OrientDbTagRepository  - findTagsByTagList: Skipping unknown tag Tag 3
20294 [main] INFO  org.segrada.service.repository.orientdb.base.AbstractOrientDbRepository  - Saved entity: {MockEntity}#837:0, DUMMY
20296 [main] INFO  org.segrada.service.repository.orientdb.base.AbstractOrientDbRepository  - Saved entity: {Tag}#296:1, Tag 1
20299 [main] INFO  org.segrada.service.repository.orientdb.base.AbstractOrientDbRepository  - Saved entity: {Tag}#261:2, Tag 2
20334 [main] INFO  org.segrada.service.repository.orientdb.base.AbstractOrientDbRepository  - Saved entity: {Tag}#262:2, Tag 3
20532 [main] INFO  org.segrada.service.repository.orientdb.base.AbstractOrientDbRepository  - Deleting entity : {MockEntity}#837:0, DUMMY
20679 [main] INFO  org.segrada.service.repository.orientdb.base.AbstractOrientDbRepository  - Saved entity: {MockEntity}#837:0, DUMMY
20692 [main] DEBUG org.segrada.service.repository.orientdb.factory.OrientDbRepositoryFactory  - Working in testing environment: Finding Mock repository.
Tests run: 8, Failures: 0, Errors: 0, Skipped: 0, Time elapsed: 1.807 sec - in org.segrada.service.repository.orientdb.base.AbstractAnnotatedOrientDbRepositoryTest
Running org.segrada.service.repository.orientdb.base.AbstractCoreOrientDbRepositoryTest
20769 [main] INFO  org.segrada.service.repository.orientdb.base.AbstractOrientDbRepository  - Saved entity: {MockEntity}#837:0, DUMMY
21055 [main] INFO  org.segrada.service.repository.orientdb.base.AbstractOrientDbRepository  - Saved entity: {MockEntity}#837:0, DUMMY
21266 [main] INFO  org.segrada.service.repository.orientdb.base.AbstractOrientDbRepository  - Saved entity: {Node}#471:0, 
21274 [main] INFO  org.segrada.service.repository.orientdb.base.AbstractOrientDbRepository  - Saved entity: {Location}#316:0, 10.0/5.0
21276 [main] INFO  org.segrada.service.repository.orientdb.base.AbstractOrientDbRepository  - Saved entity: {Period}#335:0, 1502-1516
21278 [main] INFO  org.segrada.service.repository.orientdb.base.AbstractOrientDbRepository  - Saved entity: {Period}#336:0, -1576
21279 [main] INFO  org.segrada.service.repository.orientdb.base.AbstractOrientDbRepository  - Deleting entity : {Node}#471:0, 
Tests run: 5, Failures: 0, Errors: 0, Skipped: 0, Time elapsed: 0.584 sec - in org.segrada.service.repository.orientdb.base.AbstractCoreOrientDbRepositoryTest
Running org.segrada.service.repository.orientdb.base.AbstractOrientDbBaseRepositoryTest
Tests run: 2, Failures: 0, Errors: 0, Skipped: 0, Time elapsed: 0.003 sec - in org.segrada.service.repository.orientdb.base.AbstractOrientDbBaseRepositoryTest
Running org.segrada.service.repository.orientdb.base.AbstractSegradaOrientDbRepositoryTest
Tests run: 9, Failures: 0, Errors: 0, Skipped: 0, Time elapsed: 1.689 sec - in org.segrada.service.repository.orientdb.base.AbstractSegradaOrientDbRepositoryTest
Running org.segrada.service.repository.orientdb.base.AbstractOrientDbRepositoryTest
23055 [main] INFO  org.segrada.service.repository.orientdb.base.AbstractOrientDbRepository  - Saved entity: {MockEntity}#837:0, DUMMY
23056 [main] INFO  org.segrada.service.repository.orientdb.base.AbstractOrientDbRepository  - Saved entity: {MockEntity}#838:0, DUMMY
23137 [main] INFO  org.segrada.service.repository.orientdb.base.AbstractOrientDbRepository  - Saved entity: {MockEntity}#837:0, DUMMY
23137 [main] INFO  org.segrada.service.repository.orientdb.base.AbstractOrientDbRepository  - Saved entity: {MockEntity}#838:0, DUMMY
23356 [main] INFO  org.segrada.service.repository.orientdb.base.AbstractOrientDbRepository  - Saved entity: {MockEntity}#837:0, DUMMY
23357 [main] INFO  org.segrada.service.repository.orientdb.base.AbstractOrientDbRepository  - Saved entity: {MockEntity}#838:0, DUMMY
23358 [main] INFO  org.segrada.service.repository.orientdb.base.AbstractOrientDbRepository  - Deleting entity : {MockEntity}#838:0, DUMMY
23488 [main] INFO  org.segrada.service.repository.orientdb.base.AbstractOrientDbRepository  - Saved entity: {MockEntity}#837:0, DUMMY
Jul 30, 2020 11:19:10 PM com.orientechnologies.common.log.OLogManager log
SEVERE: Exception `50EC6CAC` in storage `memory:segradatest`: 2.2.37 (build a7541e7ceeabf592dd9a7b2928b6c023cbc73193, branch 2.2.x)
java.lang.IllegalArgumentException: Cluster segment #999 does not exist in database 'segradatest'
	at com.orientechnologies.orient.core.storage.impl.local.OAbstractPaginatedStorage.checkClusterSegmentIndexRange(OAbstractPaginatedStorage.java:4643)
	at com.orientechnologies.orient.core.storage.impl.local.OAbstractPaginatedStorage.getClusterById(OAbstractPaginatedStorage.java:3012)
	at com.orientechnologies.orient.core.storage.impl.local.OAbstractPaginatedStorage.readRecord(OAbstractPaginatedStorage.java:1405)
	at com.orientechnologies.orient.core.db.document.ODatabaseDocumentTx$SimpleRecordReader.readRecord(ODatabaseDocumentTx.java:3395)
	at com.orientechnologies.orient.core.db.document.ODatabaseDocumentTx.executeReadRecord(ODatabaseDocumentTx.java:2008)
	at com.orientechnologies.orient.core.tx.OTransactionNoTx.loadRecord(OTransactionNoTx.java:106)
	at com.orientechnologies.orient.core.db.document.ODatabaseDocumentTx.load(ODatabaseDocumentTx.java:1725)
	at org.segrada.service.repository.orientdb.base.AbstractOrientDbRepository.createOrLoadDocument(AbstractOrientDbRepository.java:104)
	at org.segrada.service.repository.orientdb.base.AbstractOrientDbRepositoryTest.testCreateOrLoadDocument(AbstractOrientDbRepositoryTest.java:98)
	at sun.reflect.NativeMethodAccessorImpl.invoke0(Native Method)
	at sun.reflect.NativeMethodAccessorImpl.invoke(NativeMethodAccessorImpl.java:62)
	at sun.reflect.DelegatingMethodAccessorImpl.invoke(DelegatingMethodAccessorImpl.java:43)
	at java.lang.reflect.Method.invoke(Method.java:498)
	at org.junit.runners.model.FrameworkMethod$1.runReflectiveCall(FrameworkMethod.java:50)
	at org.junit.internal.runners.model.ReflectiveCallable.run(ReflectiveCallable.java:12)
	at org.junit.runners.model.FrameworkMethod.invokeExplosively(FrameworkMethod.java:47)
	at org.junit.internal.runners.statements.InvokeMethod.evaluate(InvokeMethod.java:17)
	at org.junit.internal.runners.statements.RunBefores.evaluate(RunBefores.java:26)
	at org.junit.internal.runners.statements.RunAfters.evaluate(RunAfters.java:27)
	at org.junit.runners.ParentRunner.runLeaf(ParentRunner.java:325)
	at org.junit.runners.BlockJUnit4ClassRunner.runChild(BlockJUnit4ClassRunner.java:78)
	at org.junit.runners.BlockJUnit4ClassRunner.runChild(BlockJUnit4ClassRunner.java:57)
	at org.junit.runners.ParentRunner$3.run(ParentRunner.java:290)
	at org.junit.runners.ParentRunner$1.schedule(ParentRunner.java:71)
	at org.junit.runners.ParentRunner.runChildren(ParentRunner.java:288)
	at org.junit.runners.ParentRunner.access$000(ParentRunner.java:58)
	at org.junit.runners.ParentRunner$2.evaluate(ParentRunner.java:268)
	at org.junit.runners.ParentRunner.run(ParentRunner.java:363)
	at org.apache.maven.surefire.junit4.JUnit4Provider.execute(JUnit4Provider.java:367)
	at org.apache.maven.surefire.junit4.JUnit4Provider.executeWithRerun(JUnit4Provider.java:274)
	at org.apache.maven.surefire.junit4.JUnit4Provider.executeTestSet(JUnit4Provider.java:238)
	at org.apache.maven.surefire.junit4.JUnit4Provider.invoke(JUnit4Provider.java:161)
	at org.apache.maven.surefire.booter.ForkedBooter.invokeProviderInSameClassLoader(ForkedBooter.java:290)
	at org.apache.maven.surefire.booter.ForkedBooter.runSuitesInProcess(ForkedBooter.java:242)
	at org.apache.maven.surefire.booter.ForkedBooter.main(ForkedBooter.java:121)

23943 [main] INFO  org.segrada.service.repository.orientdb.base.AbstractOrientDbRepository  - Deleting entity : {MockEntity}#837:0, DUMMY
Tests run: 12, Failures: 0, Errors: 0, Skipped: 0, Time elapsed: 1.02 sec - in org.segrada.service.repository.orientdb.base.AbstractOrientDbRepositoryTest
Running org.segrada.service.repository.orientdb.OrientDbSourceRepositoryTest
24061 [main] INFO  org.segrada.service.repository.orientdb.base.AbstractOrientDbRepository  - Saved entity: {Source}#414:0 [shortRef]: shortTitle
24079 [main] INFO  org.segrada.service.repository.orientdb.base.AbstractOrientDbRepository  - Saved entity: {Source}#415:0 [ref:ref]: shortTitle
24091 [main] INFO  org.segrada.service.repository.orientdb.base.AbstractOrientDbRepository  - Saved entity: {Source}#416:0 []: 
24093 [main] INFO  org.segrada.service.repository.orientdb.base.AbstractOrientDbRepository  - Saved entity: {Comment}#237:0, Comment Text
24094 [main] INFO  org.segrada.service.repository.orientdb.base.AbstractOrientDbRepository  - Saved entity: {SourceReference}#592:0, , pp. 11f
24094 [main] INFO  org.segrada.service.repository.orientdb.base.AbstractOrientDbRepository  - Deleting entity : {Source}#416:0 []: 
24122 [main] INFO  org.segrada.service.repository.orientdb.base.AbstractOrientDbRepository  - Saved entity: {Source}#417:0 [ref:ref]: This is the short title
Tests run: 9, Failures: 0, Errors: 0, Skipped: 0, Time elapsed: 0.195 sec - in org.segrada.service.repository.orientdb.OrientDbSourceRepositoryTest
Running org.segrada.service.repository.orientdb.OrientDbUserGroupRepositoryTest
24398 [main] INFO  org.segrada.service.repository.orientdb.base.AbstractOrientDbRepository  - Deleting entity : {UserGroup}*, title
24400 [main] INFO  org.segrada.service.repository.orientdb.base.AbstractOrientDbRepository  - Saved entity: {UserGroup}#775:0, title
24401 [main] INFO  org.segrada.service.repository.orientdb.base.AbstractOrientDbRepository  - Saved entity: {UserGroup}#775:0, title
24401 [main] INFO  org.segrada.service.repository.orientdb.base.AbstractOrientDbRepository  - Deleting entity : {UserGroup}#775:0, title
Tests run: 6, Failures: 0, Errors: 0, Skipped: 0, Time elapsed: 0.178 sec - in org.segrada.service.repository.orientdb.OrientDbUserGroupRepositoryTest
Running org.segrada.service.repository.orientdb.OrientDbRelationTypeRepositoryTest
24478 [main] INFO  org.segrada.service.repository.orientdb.base.AbstractOrientDbRepository  - Deleting entity : {RelationType}#486:0, fromTitletoTitle
24500 [main] INFO  org.segrada.service.repository.orientdb.base.AbstractOrientDbRepository  - Saved entity: {RelationType}#487:0, fromTitle heretoTitle there
Tests run: 7, Failures: 0, Errors: 0, Skipped: 0, Time elapsed: 0.157 sec - in org.segrada.service.repository.orientdb.OrientDbRelationTypeRepositoryTest
Running org.segrada.service.repository.orientdb.OrientDbPictogramRepositoryTest
24581 [main] INFO  org.segrada.service.repository.orientdb.base.AbstractOrientDbRepository  - Saved entity: {Pictogram}#194:0, testFindByTitle
24591 [main] INFO  org.segrada.service.repository.orientdb.base.AbstractOrientDbRepository  - Saved entity: {Pictogram}#195:0, This is a complex title with an mlaut
Tests run: 7, Failures: 0, Errors: 0, Skipped: 0, Time elapsed: 0.036 sec - in org.segrada.service.repository.orientdb.OrientDbPictogramRepositoryTest
Running org.segrada.service.repository.orientdb.OrientDbCommentRepositoryTest
24611 [main] INFO  org.segrada.service.repository.orientdb.base.AbstractOrientDbRepository  - Saved entity: {Comment}#238:0, Comment 1
24614 [main] INFO  org.segrada.service.repository.orientdb.base.AbstractOrientDbRepository  - Saved entity: {Comment}#239:0, Comment 2
24630 [main] INFO  org.segrada.service.repository.orientdb.base.AbstractOrientDbRepository  - Saved entity: {Comment}#242:0, Comment 1
24631 [main] INFO  org.segrada.service.repository.orientdb.base.AbstractOrientDbRepository  - Saved entity: {Comment}#243:0, Comment 2
24633 [main] INFO  org.segrada.service.repository.orientdb.base.AbstractOrientDbRepository  - Saved entity: {Comment}#244:0, Comment 3
24644 [main] INFO  org.segrada.service.repository.orientdb.base.AbstractOrientDbRepository  - Saved entity: {Comment}#245:0, Comment 1
24646 [main] INFO  org.segrada.service.repository.orientdb.base.AbstractOrientDbRepository  - Saved entity: {Comment}#246:0, Comment 2
24647 [main] INFO  org.segrada.service.repository.orientdb.base.AbstractOrientDbRepository  - Saved entity: {Comment}#247:0, Comment 3
24662 [main] INFO  org.segrada.service.repository.orientdb.base.AbstractOrientDbRepository  - Saved entity: {Comment}#248:0, Comment 1
24663 [main] INFO  org.segrada.service.repository.orientdb.base.AbstractOrientDbRepository  - Saved entity: {Comment}#249:0, Comment 2
24673 [main] INFO  org.segrada.service.repository.orientdb.base.AbstractOrientDbRepository  - Saved entity: {Comment}#250:0, Comment 1
24674 [main] INFO  org.segrada.service.repository.orientdb.base.AbstractOrientDbRepository  - Saved entity: {Comment}#251:0, Comment 2
Tests run: 8, Failures: 0, Errors: 0, Skipped: 0, Time elapsed: 0.074 sec - in org.segrada.service.repository.orientdb.OrientDbCommentRepositoryTest
Running org.segrada.service.repository.orientdb.OrientDbPeriodRepositoryTest
24688 [main] INFO  org.segrada.service.repository.orientdb.base.AbstractOrientDbRepository  - Saved entity: {Period}#337:0, 1.1585-2.1585
24689 [main] INFO  org.segrada.service.repository.orientdb.base.AbstractOrientDbRepository  - Saved entity: {Period}#338:0, 1929-1930
24691 [main] INFO  org.segrada.service.repository.orientdb.base.AbstractOrientDbRepository  - Saved entity: {Period}#339:0, 1.1.1700-5.6.1702
24723 [main] INFO  org.segrada.service.repository.orientdb.base.AbstractOrientDbRepository  - Saved entity: {Period}#341:0, 1.1585-2.1585
24724 [main] INFO  org.segrada.service.repository.orientdb.base.AbstractOrientDbRepository  - Saved entity: {Period}#342:0, 1929-1930
24725 [main] INFO  org.segrada.service.repository.orientdb.base.AbstractOrientDbRepository  - Saved entity: {Period}#343:0, 1.1.1700-5.6.1702
24726 [main] INFO  org.segrada.service.repository.orientdb.base.AbstractOrientDbRepository  - Saved entity: {Period}#344:0, -1596
24727 [main] INFO  org.segrada.service.repository.orientdb.base.AbstractOrientDbRepository  - Saved entity: {Period}#345:0, 5.1.901-
24748 [main] INFO  org.segrada.service.repository.orientdb.base.AbstractOrientDbRepository  - Saved entity: {Period}#346:0, 19.6.1601-19.6.1601
24867 [main] INFO  org.segrada.service.repository.orientdb.base.AbstractOrientDbRepository  - Saved entity: {Period}#348:0, 1.1585-2.1585
24868 [main] INFO  org.segrada.service.repository.orientdb.base.AbstractOrientDbRepository  - Saved entity: {Period}#349:0, 1929-1930
24870 [main] INFO  org.segrada.service.repository.orientdb.base.AbstractOrientDbRepository  - Saved entity: {Period}#350:0, 1.1.1700-5.6.1702
24870 [main] INFO  org.segrada.service.repository.orientdb.base.AbstractOrientDbRepository  - Saved entity: {Period}#351:0, -1596
24871 [main] INFO  org.segrada.service.repository.orientdb.base.AbstractOrientDbRepository  - Saved entity: {Period}#352:0, 5.1.901-
24872 [main] INFO  org.segrada.service.repository.orientdb.base.AbstractOrientDbRepository  - Saved entity: {Period}#353:0, 19.6.1601-19.6.1601
Tests run: 7, Failures: 0, Errors: 0, Skipped: 0, Time elapsed: 0.205 sec - in org.segrada.service.repository.orientdb.OrientDbPeriodRepositoryTest
Running org.segrada.service.repository.orientdb.OrientDbUserRepositoryTest
24936 [main] INFO  org.segrada.service.repository.orientdb.base.AbstractOrientDbRepository  - Saved entity: {User}#122:0, name, login
Tests run: 6, Failures: 0, Errors: 0, Skipped: 0, Time elapsed: 0.128 sec - in org.segrada.service.repository.orientdb.OrientDbUserRepositoryTest
Running org.segrada.service.repository.orientdb.OrientDbNodeRepositoryTest
25189 [main] INFO  org.segrada.service.repository.orientdb.base.AbstractOrientDbRepository  - Saved entity: {Node}#449:1, This is the title
25192 [main] INFO  org.segrada.service.repository.orientdb.base.AbstractOrientDbRepository  - Deleting entity : {Node}#449:1, This is the title
25219 [main] INFO  org.segrada.service.repository.orientdb.base.AbstractOrientDbRepository  - Saved entity: {Node}#451:1, This is the title
25326 [main] INFO  org.segrada.service.repository.orientdb.base.AbstractOrientDbRepository  - Saved entity: {Tag}#265:2, Tag 1
25331 [main] INFO  org.segrada.service.repository.orientdb.base.AbstractOrientDbRepository  - Saved entity: {Tag}#266:2, Tag 2
25333 [main] INFO  org.segrada.service.repository.orientdb.base.AbstractOrientDbRepository  - Saved entity: {Tag}#267:2, Tag 3
25334 [main] INFO  org.segrada.service.repository.orientdb.base.AbstractOrientDbRepository  - Saved entity: {Tag}#268:2, Tag 4
25336 [main] INFO  org.segrada.service.repository.orientdb.base.AbstractOrientDbRepository  - Saved entity: {Tag}#269:2, Tag 5
25337 [main] INFO  org.segrada.service.repository.orientdb.base.AbstractOrientDbRepository  - Saved entity: {Tag}#270:2, Tag 6
25338 [main] INFO  org.segrada.service.repository.orientdb.base.AbstractOrientDbRepository  - Saved entity: {Tag}#271:2, Tag 7
25344 [main] INFO  org.segrada.service.repository.orientdb.base.AbstractOrientDbRepository  - Saved entity: {Tag}#272:2, Tag 8
25351 [main] INFO  org.segrada.service.repository.orientdb.base.AbstractOrientDbRepository  - Saved entity: {Tag}#273:2, Tag 9
25353 [main] INFO  org.segrada.service.repository.orientdb.base.AbstractOrientDbRepository  - Saved entity: {Tag}#274:2, Tag 10
25360 [main] INFO  org.segrada.service.repository.orientdb.base.AbstractOrientDbRepository  - Saved entity: {Node}#452:1, 
25372 [main] INFO  org.segrada.service.repository.orientdb.base.AbstractOrientDbRepository  - Saved entity: {Node}#453:1, 
25376 [main] INFO  org.segrada.service.repository.orientdb.base.AbstractOrientDbRepository  - Saved entity: {Node}#454:1, 
25381 [main] INFO  org.segrada.service.repository.orientdb.base.AbstractOrientDbRepository  - Saved entity: {Node}#455:1, 
25390 [main] INFO  org.segrada.service.repository.orientdb.base.AbstractOrientDbRepository  - Saved entity: {Node}#456:1, 
25395 [main] INFO  org.segrada.service.repository.orientdb.base.AbstractOrientDbRepository  - Saved entity: {Node}#457:1, 
25400 [main] INFO  org.segrada.service.repository.orientdb.base.AbstractOrientDbRepository  - Saved entity: {Node}#458:1, 
25405 [main] INFO  org.segrada.service.repository.orientdb.base.AbstractOrientDbRepository  - Saved entity: {Node}#459:1, 
25410 [main] INFO  org.segrada.service.repository.orientdb.base.AbstractOrientDbRepository  - Saved entity: {Node}#460:1, 
25415 [main] INFO  org.segrada.service.repository.orientdb.base.AbstractOrientDbRepository  - Saved entity: {Node}#461:1, 
25421 [main] INFO  org.segrada.service.repository.orientdb.base.AbstractOrientDbRepository  - Saved entity: {Node}#462:1, 
25431 [main] INFO  org.segrada.service.repository.orientdb.base.AbstractOrientDbRepository  - Saved entity: {Node}#463:1, 
25438 [main] INFO  org.segrada.service.repository.orientdb.base.AbstractOrientDbRepository  - Saved entity: {Node}#464:1, 
25444 [main] INFO  org.segrada.service.repository.orientdb.base.AbstractOrientDbRepository  - Saved entity: {Node}#465:1, 
25479 [main] INFO  org.segrada.service.repository.orientdb.base.AbstractOrientDbRepository  - Saved entity: {Node}#466:1, 
25486 [main] INFO  org.segrada.service.repository.orientdb.base.AbstractOrientDbRepository  - Saved entity: {Node}#467:1, 
25507 [main] INFO  org.segrada.service.repository.orientdb.base.AbstractOrientDbRepository  - Saved entity: {Node}#468:1, 
25516 [main] INFO  org.segrada.service.repository.orientdb.base.AbstractOrientDbRepository  - Saved entity: {Node}#469:1, 
25536 [main] INFO  org.segrada.service.repository.orientdb.base.AbstractOrientDbRepository  - Saved entity: {Node}#470:1, 
25542 [main] INFO  org.segrada.service.repository.orientdb.base.AbstractOrientDbRepository  - Saved entity: {Node}#471:1, 
25547 [main] INFO  org.segrada.service.repository.orientdb.base.AbstractOrientDbRepository  - Saved entity: {Node}#472:1, 
25572 [main] INFO  org.segrada.service.repository.orientdb.base.AbstractOrientDbRepository  - Saved entity: {Node}#473:1, 
25578 [main] INFO  org.segrada.service.repository.orientdb.base.AbstractOrientDbRepository  - Saved entity: {Node}#474:1, 
25586 [main] INFO  org.segrada.service.repository.orientdb.base.AbstractOrientDbRepository  - Saved entity: {Node}#475:1, 
25607 [main] INFO  org.segrada.service.repository.orientdb.base.AbstractOrientDbRepository  - Saved entity: {Node}#476:1, 
25622 [main] INFO  org.segrada.service.repository.orientdb.base.AbstractOrientDbRepository  - Saved entity: {Node}#441:2, 
25633 [main] INFO  org.segrada.service.repository.orientdb.base.AbstractOrientDbRepository  - Saved entity: {Node}#442:2, 
25646 [main] INFO  org.segrada.service.repository.orientdb.base.AbstractOrientDbRepository  - Saved entity: {Node}#443:2, 
25661 [main] INFO  org.segrada.service.repository.orientdb.base.AbstractOrientDbRepository  - Saved entity: {Node}#444:2, 
25674 [main] INFO  org.segrada.service.repository.orientdb.base.AbstractOrientDbRepository  - Saved entity: {Node}#445:2, 
25686 [main] INFO  org.segrada.service.repository.orientdb.base.AbstractOrientDbRepository  - Saved entity: {Node}#446:2, 
25709 [main] INFO  org.segrada.service.repository.orientdb.base.AbstractOrientDbRepository  - Saved entity: {Node}#447:2, 
25718 [main] INFO  org.segrada.service.repository.orientdb.base.AbstractOrientDbRepository  - Saved entity: {Node}#448:2, 
26408 [main] INFO  org.segrada.service.repository.orientdb.base.AbstractOrientDbRepository  - Saved entity: {Node}#449:2, This is the title
26410 [main] INFO  org.segrada.service.repository.orientdb.base.AbstractOrientDbRepository  - Saved entity: {Tag}#275:2, Tag 1
26413 [main] INFO  org.segrada.service.repository.orientdb.base.AbstractOrientDbRepository  - Saved entity: {Tag}#276:2, Tag 2
26414 [main] INFO  org.segrada.service.repository.orientdb.base.AbstractOrientDbRepository  - Saved entity: {Tag}#277:2, Tag 3
26416 [main] INFO  org.segrada.service.repository.orientdb.base.AbstractOrientDbRepository  - Saved entity: {Tag}#278:2, Tag 4
Tests run: 8, Failures: 0, Errors: 0, Skipped: 0, Time elapsed: 1.475 sec - in org.segrada.service.repository.orientdb.OrientDbNodeRepositoryTest
Running org.segrada.service.repository.orientdb.OrientDbColorRepositoryTest
Tests run: 4, Failures: 0, Errors: 0, Skipped: 0, Time elapsed: 0.014 sec - in org.segrada.service.repository.orientdb.OrientDbColorRepositoryTest
Running org.segrada.service.util.PaginationInfoTest
Tests run: 4, Failures: 0, Errors: 0, Skipped: 0, Time elapsed: 0.004 sec - in org.segrada.service.util.PaginationInfoTest
Running org.segrada.service.util.AbstractLazyLoadedObjectTest
Tests run: 3, Failures: 0, Errors: 0, Skipped: 0, Time elapsed: 0.003 sec - in org.segrada.service.util.AbstractLazyLoadedObjectTest
Running org.segrada.service.binarydata.BinaryDataServiceFileTest
26523 [main] INFO  org.segrada.service.binarydata.BinaryDataServiceFile  - BinaryDataServiceFile implemented as BinaryDataService.
26543 [main] INFO  org.segrada.service.binarydata.BinaryDataServiceFile  - BinaryDataServiceFile implemented as BinaryDataService.
26543 [main] INFO  org.segrada.service.binarydata.BinaryDataServiceFile  - BinaryDataServiceFile implemented as BinaryDataService.
26548 [main] INFO  org.segrada.service.binarydata.BinaryDataServiceFile  - BinaryDataServiceFile implemented as BinaryDataService.
26549 [main] INFO  org.segrada.service.binarydata.BinaryDataServiceFile  - BinaryDataServiceFile implemented as BinaryDataService.
26578 [main] INFO  org.segrada.service.binarydata.BinaryDataServiceFile  - Updated reference id from Node:null to Node
26578 [main] INFO  org.segrada.service.binarydata.BinaryDataServiceFile  - BinaryDataServiceFile implemented as BinaryDataService.
26578 [main] INFO  org.segrada.service.binarydata.BinaryDataServiceFile  - Deleting file testRemove.txt
26578 [main] INFO  org.segrada.service.binarydata.BinaryDataServiceFile  - BinaryDataServiceFile implemented as BinaryDataService.
26579 [main] INFO  org.segrada.service.binarydata.BinaryDataServiceFile  - Replacing old reference testnew391918618736041119.txt by testnew2790527456917964518.txt
26579 [main] INFO  org.segrada.service.binarydata.BinaryDataServiceFile  - Deleting file testnew391918618736041119.txt
Tests run: 7, Failures: 0, Errors: 0, Skipped: 0, Time elapsed: 0.315 sec - in org.segrada.service.binarydata.BinaryDataServiceFileTest
Running org.segrada.service.base.AbstractFullTextServiceTest
26844 [main] INFO  org.segrada.service.repository.orientdb.base.AbstractOrientDbRepository  - Saved entity: {Source}#418:0 [shortRef]: shortTitle
26867 [main] INFO  org.segrada.service.base.AbstractFullTextService  - Indexed entity to search index: Source/418-0
26872 [main] INFO  org.segrada.service.base.AbstractFullTextService  - Indexed entity to search index: Source/418-0
26890 [main] INFO  org.segrada.service.repository.orientdb.base.AbstractOrientDbRepository  - Saved entity: {Source}#419:0 [shortRef]: shortTitle
26894 [main] INFO  org.segrada.service.base.AbstractFullTextService  - Indexed entity to search index: Source/419-0
26925 [main] INFO  org.segrada.service.repository.orientdb.base.AbstractOrientDbRepository  - Saved entity: {Source}#420:0 [shortRef]: shortTitle
26929 [main] INFO  org.segrada.service.base.AbstractFullTextService  - Indexed entity to search index: Source/420-0
26933 [main] INFO  org.segrada.service.base.AbstractFullTextService  - Indexed entity to search index: Source/420-0
26941 [main] INFO  org.segrada.service.repository.orientdb.base.AbstractOrientDbRepository  - Saved entity: {Source}#421:0 [shortRef]: shortTitle
26945 [main] INFO  org.segrada.service.base.AbstractFullTextService  - Indexed entity to search index: Source/421-0
26948 [main] INFO  org.segrada.service.base.AbstractFullTextService  - Removed entity from search index: {Source}#421:0 [shortRef]: shortTitle
26959 [main] INFO  org.segrada.service.repository.orientdb.base.AbstractOrientDbRepository  - Saved entity: {Source}#422:0 [shortRef]: shortTitle
26967 [main] INFO  org.segrada.service.base.AbstractFullTextService  - Indexed entity to search index: Source/422-0
26990 [main] INFO  org.segrada.service.base.AbstractFullTextService  - Indexed entity to search index: Source/422-0
27046 [main] INFO  org.segrada.service.repository.orientdb.base.AbstractOrientDbRepository  - Saved entity: {Source}#423:0 [shortRef]: shortTitle
27053 [main] INFO  org.segrada.service.base.AbstractFullTextService  - Indexed entity to search index: Source/423-0
27061 [main] INFO  org.segrada.service.base.AbstractFullTextService  - Removed entity from search index: {Source}#423:0 [shortRef]: shortTitle
27062 [main] INFO  org.segrada.service.repository.orientdb.base.AbstractOrientDbRepository  - Deleting entity : {Source}#423:0 [shortRef]: shortTitle
Tests run: 7, Failures: 0, Errors: 0, Skipped: 0, Time elapsed: 0.251 sec - in org.segrada.service.base.AbstractFullTextServiceTest
Running org.segrada.service.base.AbstractRepositoryServiceTest
27089 [main] INFO  org.segrada.service.repository.orientdb.base.AbstractOrientDbRepository  - Saved entity: {Color}#155:0, title
27090 [main] INFO  org.segrada.service.repository.orientdb.base.AbstractOrientDbRepository  - Deleting entity : {Color}#155:0, title
27094 [main] INFO  org.segrada.service.repository.orientdb.base.AbstractOrientDbRepository  - Saved entity: {Color}#156:0, title
27097 [main] INFO  org.segrada.service.repository.orientdb.base.AbstractOrientDbRepository  - Deleting entity : {Color}#156:0, title
27102 [main] INFO  org.segrada.service.repository.orientdb.base.AbstractOrientDbRepository  - Saved entity: {Color}#157:0, title
27102 [main] INFO  org.segrada.service.repository.orientdb.base.AbstractOrientDbRepository  - Deleting entity : {Color}#157:0, title
27106 [main] INFO  org.segrada.service.repository.orientdb.base.AbstractOrientDbRepository  - Saved entity: {Color}#158:0, title
27115 [main] INFO  org.segrada.service.repository.orientdb.base.AbstractOrientDbRepository  - Saved entity: {Color}#160:0, title
27115 [main] INFO  org.segrada.service.repository.orientdb.base.AbstractOrientDbRepository  - Deleting entity : {Color}#160:0, title
Tests run: 6, Failures: 0, Errors: 0, Skipped: 0, Time elapsed: 0.032 sec - in org.segrada.service.base.AbstractRepositoryServiceTest
Running org.segrada.util.NumberFormatterTest
Tests run: 2, Failures: 0, Errors: 0, Skipped: 0, Time elapsed: 0.003 sec - in org.segrada.util.NumberFormatterTest
Running org.segrada.util.PBKDF2WithHmacSHA1PasswordEncoderTest
Tests run: 2, Failures: 0, Errors: 0, Skipped: 0, Time elapsed: 1.217 sec - in org.segrada.util.PBKDF2WithHmacSHA1PasswordEncoderTest
Running org.segrada.util.PreconditionsTest
Tests run: 2, Failures: 0, Errors: 0, Skipped: 0, Time elapsed: 0 sec - in org.segrada.util.PreconditionsTest
Running org.segrada.util.FuzzyDateRendererTest
Tests run: 3, Failures: 0, Errors: 0, Skipped: 0, Time elapsed: 0.001 sec - in org.segrada.util.FuzzyDateRendererTest
Running org.segrada.util.ImageManipulatorTest
Tests run: 4, Failures: 0, Errors: 0, Skipped: 0, Time elapsed: 0.343 sec - in org.segrada.util.ImageManipulatorTest
Running org.segrada.util.TextExtractorTest
30584 [main] DEBUG com.optimaize.langdetect.LanguageDetectorImpl  - ==> [DetectedLanguage[en:0.9999944278559147]]
30585 [main] DEBUG com.optimaize.langdetect.LanguageDetectorImpl  - ==> [DetectedLanguage[en:0.999999905245832]]
30586 [main] DEBUG com.optimaize.langdetect.LanguageDetectorImpl  - ==> [DetectedLanguage[en:0.9999983160441189]]
30586 [main] DEBUG com.optimaize.langdetect.LanguageDetectorImpl  - ==> [DetectedLanguage[en:0.9999972188953189]]
30587 [main] DEBUG com.optimaize.langdetect.LanguageDetectorImpl  - ==> [DetectedLanguage[en:0.999998868476733]]
30587 [main] DEBUG com.optimaize.langdetect.LanguageDetectorImpl  - ==> [DetectedLanguage[en:0.999996957478347]]
30591 [main] DEBUG com.optimaize.langdetect.LanguageDetectorImpl  - ==> [DetectedLanguage[en:0.9999998360037797]]
30593 [main] DEBUG com.optimaize.langdetect.LanguageDetectorImpl  - ==> [DetectedLanguage[de:0.9999996663223842]]
30593 [main] DEBUG com.optimaize.langdetect.LanguageDetectorImpl  - ==> [DetectedLanguage[de:0.9999971234144148]]
30593 [main] DEBUG com.optimaize.langdetect.LanguageDetectorImpl  - ==> [DetectedLanguage[de:0.9999970252835109]]
30594 [main] DEBUG com.optimaize.langdetect.LanguageDetectorImpl  - ==> [DetectedLanguage[de:0.9999994060499542]]
30594 [main] DEBUG com.optimaize.langdetect.LanguageDetectorImpl  - ==> [DetectedLanguage[de:0.9999950044285794]]
30595 [main] DEBUG com.optimaize.langdetect.LanguageDetectorImpl  - ==> [DetectedLanguage[de:0.9999938338374742]]
30595 [main] DEBUG com.optimaize.langdetect.LanguageDetectorImpl  - ==> [DetectedLanguage[de:0.9999993829085791]]
30595 [main] DEBUG com.optimaize.langdetect.LanguageDetectorImpl  - ==> [DetectedLanguage[hu:0.870349349330995]]
Jul 30, 2020 11:19:17 PM org.apache.tika.config.InitializableProblemHandler$3 handleInitializableProblem
WARNING: JBIG2ImageReader not loaded. jbig2 files will be ignored
See https://pdfbox.apache.org/2.0/dependencies.html#jai-image-io
for optional dependencies.
TIFFImageWriter not loaded. tiff files will not be processed
See https://pdfbox.apache.org/2.0/dependencies.html#jai-image-io
for optional dependencies.
J2KImageReader not loaded. JPEG2000 files will not be processed.
See https://pdfbox.apache.org/2.0/dependencies.html#jai-image-io
for optional dependencies.

Jul 30, 2020 11:19:18 PM org.apache.tika.config.InitializableProblemHandler$3 handleInitializableProblem
WARNING: org.xerial's sqlite-jdbc is not loaded.
Please provide the jar on your classpath to parse sqlite files.
See tika-parsers/pom.xml for the correct version.
32533 [main] DEBUG org.apache.fontbox.ttf.PostScriptTable  - No PostScript name information is provided for the font LiberationSans-Bold
32544 [main] DEBUG org.apache.fontbox.ttf.PostScriptTable  - No PostScript name information is provided for the font LiberationSerif
Tests run: 2, Failures: 0, Errors: 0, Skipped: 0, Time elapsed: 4.112 sec - in org.segrada.util.TextExtractorTest
Running org.segrada.util.OrientStringEscapeTest
Tests run: 1, Failures: 0, Errors: 0, Skipped: 0, Time elapsed: 0 sec - in org.segrada.util.OrientStringEscapeTest
Running org.segrada.util.FlexibleDateParserTest
Tests run: 3, Failures: 0, Errors: 0, Skipped: 0, Time elapsed: 0 sec - in org.segrada.util.FlexibleDateParserTest
Running org.segrada.util.SluggifyTest
Tests run: 16, Failures: 0, Errors: 0, Skipped: 0, Time elapsed: 0.039 sec - in org.segrada.util.SluggifyTest
Running org.segrada.session.ApplicationSettingsPropertiesTest
Tests run: 4, Failures: 0, Errors: 0, Skipped: 0, Time elapsed: 0.007 sec - in org.segrada.session.ApplicationSettingsPropertiesTest
Running org.segrada.session.IdentityTest
Tests run: 11, Failures: 0, Errors: 0, Skipped: 0, Time elapsed: 0 sec - in org.segrada.session.IdentityTest
Running org.segrada.search.lucene.LuceneSearchEngineTest
33428 [Finalizer] DEBUG org.apache.pdfbox.io.ScratchFileBuffer  - ScratchFileBuffer not closed!
33428 [Finalizer] DEBUG org.apache.pdfbox.io.ScratchFileBuffer  - ScratchFileBuffer not closed!
33461 [main] ERROR org.segrada.search.lucene.LuceneSearchEngine  - Error in search.
java.lang.RuntimeException: fields-Filter noodles is not known.
	at org.segrada.search.lucene.LuceneSearchEngine.search(LuceneSearchEngine.java:182)
	at org.segrada.search.lucene.LuceneSearchEngineTest.testSearchFilters(LuceneSearchEngineTest.java:95)
	at sun.reflect.NativeMethodAccessorImpl.invoke0(Native Method)
	at sun.reflect.NativeMethodAccessorImpl.invoke(NativeMethodAccessorImpl.java:62)
	at sun.reflect.DelegatingMethodAccessorImpl.invoke(DelegatingMethodAccessorImpl.java:43)
	at java.lang.reflect.Method.invoke(Method.java:498)
	at org.junit.runners.model.FrameworkMethod$1.runReflectiveCall(FrameworkMethod.java:50)
	at org.junit.internal.runners.model.ReflectiveCallable.run(ReflectiveCallable.java:12)
	at org.junit.runners.model.FrameworkMethod.invokeExplosively(FrameworkMethod.java:47)
	at org.junit.internal.runners.statements.InvokeMethod.evaluate(InvokeMethod.java:17)
	at org.junit.internal.runners.statements.RunBefores.evaluate(RunBefores.java:26)
	at org.junit.runners.ParentRunner.runLeaf(ParentRunner.java:325)
	at org.junit.runners.BlockJUnit4ClassRunner.runChild(BlockJUnit4ClassRunner.java:78)
	at org.junit.runners.BlockJUnit4ClassRunner.runChild(BlockJUnit4ClassRunner.java:57)
	at org.junit.runners.ParentRunner$3.run(ParentRunner.java:290)
	at org.junit.runners.ParentRunner$1.schedule(ParentRunner.java:71)
	at org.junit.runners.ParentRunner.runChildren(ParentRunner.java:288)
	at org.junit.runners.ParentRunner.access$000(ParentRunner.java:58)
	at org.junit.runners.ParentRunner$2.evaluate(ParentRunner.java:268)
	at org.junit.runners.ParentRunner.run(ParentRunner.java:363)
	at org.apache.maven.surefire.junit4.JUnit4Provider.execute(JUnit4Provider.java:367)
	at org.apache.maven.surefire.junit4.JUnit4Provider.executeWithRerun(JUnit4Provider.java:274)
	at org.apache.maven.surefire.junit4.JUnit4Provider.executeTestSet(JUnit4Provider.java:238)
	at org.apache.maven.surefire.junit4.JUnit4Provider.invoke(JUnit4Provider.java:161)
	at org.apache.maven.surefire.booter.ForkedBooter.invokeProviderInSameClassLoader(ForkedBooter.java:290)
	at org.apache.maven.surefire.booter.ForkedBooter.runSuitesInProcess(ForkedBooter.java:242)
	at org.apache.maven.surefire.booter.ForkedBooter.main(ForkedBooter.java:121)
Tests run: 7, Failures: 0, Errors: 0, Skipped: 0, Time elapsed: 0.803 sec - in org.segrada.search.lucene.LuceneSearchEngineTest
Running org.segrada.search.SearchHitTest
33647 [main] DEBUG org.segrada.test.PropertyAsserter  - property, 'class' does not have both getter and setter.
33648 [main] DEBUG org.segrada.test.PropertyAsserter  - writing method on object 'class org.segrada.search.SearchHit' with arg: ''
33648 [main] DEBUG org.segrada.test.PropertyAsserter  - Wrote arg: ''
33648 [main] DEBUG org.segrada.test.PropertyAsserter  - Invoking read method public java.lang.String org.segrada.search.SearchHit.getClassName() on object: class org.segrada.search.SearchHit
33648 [main] DEBUG org.segrada.test.PropertyAsserter  - read result: ''
33648 [main] DEBUG org.segrada.test.PropertyAsserter  - writing method on object 'class org.segrada.search.SearchHit' with arg: '10'
33648 [main] DEBUG org.segrada.test.PropertyAsserter  - Wrote arg: '10'
33648 [main] DEBUG org.segrada.test.PropertyAsserter  - Invoking read method public java.lang.Integer org.segrada.search.SearchHit.getColor() on object: class org.segrada.search.SearchHit
33648 [main] DEBUG org.segrada.test.PropertyAsserter  - read result: '10'
33648 [main] DEBUG org.segrada.test.PropertyAsserter  - property, 'colorCode' does not have both getter and setter.
33648 [main] DEBUG org.segrada.test.PropertyAsserter  - writing method on object 'class org.segrada.search.SearchHit' with arg: '10'
33648 [main] DEBUG org.segrada.test.PropertyAsserter  - Wrote arg: '10'
33648 [main] DEBUG org.segrada.test.PropertyAsserter  - Invoking read method public java.lang.Long org.segrada.model.base.AbstractSegradaEntity.getCreated() on object: class org.segrada.search.SearchHit
33648 [main] DEBUG org.segrada.test.PropertyAsserter  - read result: '10'
33649 [main] DEBUG org.segrada.test.PropertyAsserter  - writing method on object 'class org.segrada.search.SearchHit' with arg: '[null, null, null, null, null, null, null, null, null, null]'
33649 [main] DEBUG org.segrada.test.PropertyAsserter  - Wrote arg: '[null, null, null, null, null, null, null, null, null, null]'
33649 [main] DEBUG org.segrada.test.PropertyAsserter  - Invoking read method public java.lang.String[] org.segrada.search.SearchHit.getHighlightText() on object: class org.segrada.search.SearchHit
33649 [main] DEBUG org.segrada.test.PropertyAsserter  - read result: '[null, null, null, null, null, null, null, null, null, null]'
33649 [main] DEBUG org.segrada.test.PropertyAsserter  - writing method on object 'class org.segrada.search.SearchHit' with arg: ''
33649 [main] DEBUG org.segrada.test.PropertyAsserter  - Wrote arg: ''
33649 [main] DEBUG org.segrada.test.PropertyAsserter  - Invoking read method public java.lang.String org.segrada.search.SearchHit.getIconFileIdentifier() on object: class org.segrada.search.SearchHit
33649 [main] DEBUG org.segrada.test.PropertyAsserter  - read result: ''
33649 [main] DEBUG org.segrada.test.PropertyAsserter  - writing method on object 'class org.segrada.search.SearchHit' with arg: ''
33649 [main] DEBUG org.segrada.test.PropertyAsserter  - Wrote arg: ''
33649 [main] DEBUG org.segrada.test.PropertyAsserter  - Invoking read method public java.lang.String org.segrada.model.base.AbstractSegradaEntity.getId() on object: class org.segrada.search.SearchHit
33649 [main] DEBUG org.segrada.test.PropertyAsserter  - read result: ''
33649 [main] DEBUG org.segrada.test.PropertyAsserter  - property, 'modelName' does not have both getter and setter.
33649 [main] DEBUG org.segrada.test.PropertyAsserter  - writing method on object 'class org.segrada.search.SearchHit' with arg: '10'
33650 [main] DEBUG org.segrada.test.PropertyAsserter  - Wrote arg: '10'
33650 [main] DEBUG org.segrada.test.PropertyAsserter  - Invoking read method public java.lang.Long org.segrada.model.base.AbstractSegradaEntity.getModified() on object: class org.segrada.search.SearchHit
33650 [main] DEBUG org.segrada.test.PropertyAsserter  - read result: '10'
33650 [main] DEBUG org.segrada.test.PropertyAsserter  - writing method on object 'class org.segrada.search.SearchHit' with arg: '3.14159'
33650 [main] DEBUG org.segrada.test.PropertyAsserter  - Wrote arg: '3.14159'
33650 [main] DEBUG org.segrada.test.PropertyAsserter  - Invoking read method public float org.segrada.search.SearchHit.getRelevance() on object: class org.segrada.search.SearchHit
33650 [main] DEBUG org.segrada.test.PropertyAsserter  - read result: '3.14159'
33650 [main] DEBUG org.segrada.test.PropertyAsserter  - writing method on object 'class org.segrada.search.SearchHit' with arg: ''
33650 [main] DEBUG org.segrada.test.PropertyAsserter  - Wrote arg: ''
33650 [main] DEBUG org.segrada.test.PropertyAsserter  - Invoking read method public java.lang.String org.segrada.search.SearchHit.getSubTitles() on object: class org.segrada.search.SearchHit
33650 [main] DEBUG org.segrada.test.PropertyAsserter  - read result: ''
33650 [main] DEBUG org.segrada.test.PropertyAsserter  - writing method on object 'class org.segrada.search.SearchHit' with arg: '[null, null, null, null, null, null, null, null, null, null]'
33650 [main] DEBUG org.segrada.test.PropertyAsserter  - Wrote arg: '[null, null, null, null, null, null, null, null, null, null]'
33650 [main] DEBUG org.segrada.test.PropertyAsserter  - Invoking read method public java.lang.String[] org.segrada.search.SearchHit.getTagIds() on object: class org.segrada.search.SearchHit
33650 [main] DEBUG org.segrada.test.PropertyAsserter  - read result: '[null, null, null, null, null, null, null, null, null, null]'
33650 [main] DEBUG org.segrada.test.PropertyAsserter  - writing method on object 'class org.segrada.search.SearchHit' with arg: ''
33650 [main] DEBUG org.segrada.test.PropertyAsserter  - Wrote arg: ''
33650 [main] DEBUG org.segrada.test.PropertyAsserter  - Invoking read method public java.lang.String org.segrada.search.SearchHit.getTitle() on object: class org.segrada.search.SearchHit
33650 [main] DEBUG org.segrada.test.PropertyAsserter  - read result: ''
33650 [main] DEBUG org.segrada.test.PropertyAsserter  - property, 'uid' does not have both getter and setter.
33650 [main] DEBUG org.segrada.test.PropertyAsserter  - writing method on object 'class org.segrada.search.SearchHit' with arg: '10'
33651 [main] DEBUG org.segrada.test.PropertyAsserter  - Wrote arg: '10'
33651 [main] DEBUG org.segrada.test.PropertyAsserter  - Invoking read method public int org.segrada.model.base.AbstractSegradaEntity.getVersion() on object: class org.segrada.search.SearchHit
33651 [main] DEBUG org.segrada.test.PropertyAsserter  - read result: '10'
Tests run: 1, Failures: 0, Errors: 0, Skipped: 0, Time elapsed: 0.016 sec - in org.segrada.search.SearchHitTest
Jul 30, 2020 11:19:20 PM com.orientechnologies.common.log.OLogManager log
INFO: Orient Engine is shutting down...

Results :

Tests run: 429, Failures: 0, Errors: 0, Skipped: 0

[INFO] 
[INFO] --- jacoco-maven-plugin:0.8.5:report (report) @ segrada ---
[INFO] Loading execution data file /tmp/tmpy5dgxex1/segrada/target/jacoco.exec
[INFO] Analyzed bundle 'Segrada - Semantic Graph Database' with 425 classes
[INFO] ------------------------------------------------------------------------
[INFO] BUILD SUCCESS
[INFO] ------------------------------------------------------------------------
[INFO] Total time:  01:35 min
[INFO] Finished at: 2020-07-30T23:19:24Z
[INFO] ------------------------------------------------------------------------
