[INFO] Error stacktraces are turned on.
[INFO] Scanning for projects...
[INFO] 
[INFO] --------------< com.purbon.kafka:kafka-topology-builder >---------------
[INFO] Building A Kafka topology builder tool 1.0.0-rc.1
[INFO] --------------------------------[ jar ]---------------------------------
[INFO] 
[INFO] --- jacoco-maven-plugin:0.8.5:prepare-agent (default) @ kafka-topology-builder ---
[INFO] argLine set to -javaagent:/home/jdbl/.m2/repository/org/jacoco/org.jacoco.agent/0.8.5/org.jacoco.agent-0.8.5-runtime.jar=destfile=/tmp/tmpt6yo3vnv/kafka-topology-builder/target/jacoco.exec
[INFO] 
[INFO] --- fmt-maven-plugin:2.9:format (default) @ kafka-topology-builder ---
[INFO] Processed 53 files (0 reformatted).
[INFO] 
[INFO] --- maven-resources-plugin:2.6:resources (default-resources) @ kafka-topology-builder ---
[INFO] Using 'UTF-8' encoding to copy filtered resources.
[INFO] Copying 1 resource
[INFO] 
[INFO] --- maven-compiler-plugin:3.1:compile (default-compile) @ kafka-topology-builder ---
[INFO] Changes detected - recompiling the module!
[INFO] Compiling 40 source files to /tmp/tmpt6yo3vnv/kafka-topology-builder/target/classes
[WARNING] /tmp/tmpt6yo3vnv/kafka-topology-builder/src/main/java/com/purbon/kafka/topology/utils/JSON.java: /tmp/tmpt6yo3vnv/kafka-topology-builder/src/main/java/com/purbon/kafka/topology/utils/JSON.java uses unchecked or unsafe operations.
[WARNING] /tmp/tmpt6yo3vnv/kafka-topology-builder/src/main/java/com/purbon/kafka/topology/utils/JSON.java: Recompile with -Xlint:unchecked for details.
[INFO] 
[INFO] --- maven-resources-plugin:2.6:testResources (default-testResources) @ kafka-topology-builder ---
[INFO] Using 'UTF-8' encoding to copy filtered resources.
[INFO] Copying 5 resources
[INFO] 
[INFO] --- maven-compiler-plugin:3.1:testCompile (default-testCompile) @ kafka-topology-builder ---
[INFO] Changes detected - recompiling the module!
[INFO] Compiling 13 source files to /tmp/tmpt6yo3vnv/kafka-topology-builder/target/test-classes
[WARNING] /tmp/tmpt6yo3vnv/kafka-topology-builder/src/test/java/com/purbon/kafka/topology/AccessControlManagerTest.java: Some input files use unchecked or unsafe operations.
[WARNING] /tmp/tmpt6yo3vnv/kafka-topology-builder/src/test/java/com/purbon/kafka/topology/AccessControlManagerTest.java: Recompile with -Xlint:unchecked for details.
[INFO] 
[INFO] --- maven-surefire-plugin:2.19.1:test (default-test) @ kafka-topology-builder ---
[INFO] Surefire report directory: /tmp/tmpt6yo3vnv/kafka-topology-builder/target/surefire-reports

-------------------------------------------------------
 T E S T S
-------------------------------------------------------
Running com.purbon.kafka.topology.utils.JSONUtilsTest
Tests run: 3, Failures: 0, Errors: 0, Skipped: 0, Time elapsed: 3.316 sec - in com.purbon.kafka.topology.utils.JSONUtilsTest
Running com.purbon.kafka.topology.AccessControlWithRBACTest
[ERROR] 2020-07-30 22:59:16.097 [main] AccessControlManager - java.io.FileNotFoundException: /tmp/tmpt6yo3vnv/kafka-topology-builder/.cluster-state (No such file or directory)
[ERROR] 2020-07-30 22:59:16.097 [main] AccessControlManager - java.io.FileNotFoundException: /tmp/tmpt6yo3vnv/kafka-topology-builder/.cluster-state (No such file or directory)
Tests run: 1, Failures: 0, Errors: 0, Skipped: 0, Time elapsed: 2.13 sec - in com.purbon.kafka.topology.AccessControlWithRBACTest
Running com.purbon.kafka.topology.TopicTest
Tests run: 3, Failures: 0, Errors: 0, Skipped: 0, Time elapsed: 0.005 sec - in com.purbon.kafka.topology.TopicTest
Running com.purbon.kafka.topology.TopicManagerTest
Tests run: 3, Failures: 0, Errors: 0, Skipped: 0, Time elapsed: 0.083 sec - in com.purbon.kafka.topology.TopicManagerTest
Running com.purbon.kafka.topology.KafkaTopologyBuilderTest
log4j:WARN No appenders could be found for logger (org.apache.http.client.protocol.RequestAddCookies).
log4j:WARN Please initialize the log4j system properly.
log4j:WARN See http://logging.apache.org/log4j/1.2/faq.html#noconfig for more info.
org.apache.http.conn.HttpHostConnectException: Connect to localhost:8090 [localhost/127.0.0.1] failed: Connection refused (Connection refused)
	at org.apache.http.impl.conn.DefaultHttpClientConnectionOperator.connect(DefaultHttpClientConnectionOperator.java:156)
	at org.apache.http.impl.conn.PoolingHttpClientConnectionManager.connect(PoolingHttpClientConnectionManager.java:376)
	at org.apache.http.impl.execchain.MainClientExec.establishRoute(MainClientExec.java:393)
	at org.apache.http.impl.execchain.MainClientExec.execute(MainClientExec.java:236)
	at org.apache.http.impl.execchain.ProtocolExec.execute(ProtocolExec.java:186)
	at org.apache.http.impl.execchain.RetryExec.execute(RetryExec.java:89)
	at org.apache.http.impl.execchain.RedirectExec.execute(RedirectExec.java:110)
	at org.apache.http.impl.client.InternalHttpClient.doExecute(InternalHttpClient.java:185)
	at org.apache.http.impl.client.CloseableHttpClient.execute(CloseableHttpClient.java:83)
	at org.apache.http.impl.client.CloseableHttpClient.execute(CloseableHttpClient.java:108)
	at com.purbon.kafka.topology.api.mds.MDSApiClient.get(MDSApiClient.java:219)
	at com.purbon.kafka.topology.api.mds.MDSApiClient.authenticate(MDSApiClient.java:67)
	at com.purbon.kafka.topology.KafkaTopologyBuilder.buildAccessControlProvider(KafkaTopologyBuilder.java:200)
	at com.purbon.kafka.topology.KafkaTopologyBuilderTest.testRbacSetup(KafkaTopologyBuilderTest.java:76)
	at sun.reflect.NativeMethodAccessorImpl.invoke0(Native Method)
	at sun.reflect.NativeMethodAccessorImpl.invoke(NativeMethodAccessorImpl.java:62)
	at sun.reflect.DelegatingMethodAccessorImpl.invoke(DelegatingMethodAccessorImpl.java:43)
	at java.lang.reflect.Method.invoke(Method.java:498)
	at org.junit.runners.model.FrameworkMethod$1.runReflectiveCall(FrameworkMethod.java:50)
	at org.junit.internal.runners.model.ReflectiveCallable.run(ReflectiveCallable.java:12)
	at org.junit.runners.model.FrameworkMethod.invokeExplosively(FrameworkMethod.java:47)
	at org.junit.internal.runners.statements.InvokeMethod.evaluate(InvokeMethod.java:17)
	at org.junit.internal.runners.statements.RunBefores.evaluate(RunBefores.java:26)
	at org.mockito.internal.junit.JUnitRule$1.evaluate(JUnitRule.java:16)
	at org.junit.runners.ParentRunner.runLeaf(ParentRunner.java:325)
	at org.junit.runners.BlockJUnit4ClassRunner.runChild(BlockJUnit4ClassRunner.java:78)
	at org.junit.runners.BlockJUnit4ClassRunner.runChild(BlockJUnit4ClassRunner.java:57)
	at org.junit.runners.ParentRunner$3.run(ParentRunner.java:290)
	at org.junit.runners.ParentRunner$1.schedule(ParentRunner.java:71)
	at org.junit.runners.ParentRunner.runChildren(ParentRunner.java:288)
	at org.junit.runners.ParentRunner.access$000(ParentRunner.java:58)
	at org.junit.runners.ParentRunner$2.evaluate(ParentRunner.java:268)
	at org.junit.runners.ParentRunner.run(ParentRunner.java:363)
	at org.apache.maven.surefire.junit4.JUnit4Provider.execute(JUnit4Provider.java:367)
	at org.apache.maven.surefire.junit4.JUnit4Provider.executeWithRerun(JUnit4Provider.java:274)
	at org.apache.maven.surefire.junit4.JUnit4Provider.executeTestSet(JUnit4Provider.java:238)
	at org.apache.maven.surefire.junit4.JUnit4Provider.invoke(JUnit4Provider.java:161)
	at org.apache.maven.surefire.booter.ForkedBooter.invokeProviderInSameClassLoader(ForkedBooter.java:290)
	at org.apache.maven.surefire.booter.ForkedBooter.runSuitesInProcess(ForkedBooter.java:242)
	at org.apache.maven.surefire.booter.ForkedBooter.main(ForkedBooter.java:121)
Caused by: java.net.ConnectException: Connection refused (Connection refused)
	at java.net.PlainSocketImpl.socketConnect(Native Method)
	at java.net.AbstractPlainSocketImpl.doConnect(AbstractPlainSocketImpl.java:350)
	at java.net.AbstractPlainSocketImpl.connectToAddress(AbstractPlainSocketImpl.java:206)
	at java.net.AbstractPlainSocketImpl.connect(AbstractPlainSocketImpl.java:188)
	at java.net.SocksSocketImpl.connect(SocksSocketImpl.java:392)
	at java.net.Socket.connect(Socket.java:607)
	at org.apache.http.conn.socket.PlainConnectionSocketFactory.connectSocket(PlainConnectionSocketFactory.java:75)
	at org.apache.http.impl.conn.DefaultHttpClientConnectionOperator.connect(DefaultHttpClientConnectionOperator.java:142)
	... 39 more
Tests run: 2, Failures: 0, Errors: 0, Skipped: 0, Time elapsed: 1.399 sec - in com.purbon.kafka.topology.KafkaTopologyBuilderTest
Running com.purbon.kafka.topology.AccessControlManagerTest
Tests run: 6, Failures: 0, Errors: 0, Skipped: 0, Time elapsed: 0.034 sec - in com.purbon.kafka.topology.AccessControlManagerTest
Running com.purbon.kafka.topology.TopologySerdesTest
Tests run: 6, Failures: 0, Errors: 0, Skipped: 0, Time elapsed: 0.212 sec - in com.purbon.kafka.topology.TopologySerdesTest

Results :

Tests run: 24, Failures: 0, Errors: 0, Skipped: 0

[INFO] 
[INFO] --- jacoco-maven-plugin:0.8.5:report (report) @ kafka-topology-builder ---
[INFO] Loading execution data file /tmp/tmpt6yo3vnv/kafka-topology-builder/target/jacoco.exec
[INFO] Analyzed bundle 'A Kafka topology builder tool' with 66 classes
[INFO] ------------------------------------------------------------------------
[INFO] BUILD SUCCESS
[INFO] ------------------------------------------------------------------------
[INFO] Total time:  01:33 min
[INFO] Finished at: 2020-07-30T22:59:19Z
[INFO] ------------------------------------------------------------------------
