[INFO] Error stacktraces are turned on.
[INFO] Scanning for projects...
[INFO] 
[INFO] --------------------< net.lldp.checksims:checksims >--------------------
[INFO] Building Checksims 1.2.0-DEV
[INFO] --------------------------------[ jar ]---------------------------------
[INFO] 
[INFO] --- maven-checkstyle-plugin:2.15:check (checkstyle) @ checksims ---
[INFO] 
[INFO] --- jacoco-maven-plugin:0.8.5:prepare-agent (default) @ checksims ---
[INFO] argLine set to -javaagent:/home/jdbl/.m2/repository/org/jacoco/org.jacoco.agent/0.8.5/org.jacoco.agent-0.8.5-runtime.jar=destfile=/tmp/tmpp_xcma8j/checksims/target/jacoco.exec
[INFO] 
[INFO] --- maven-resources-plugin:2.6:resources (default-resources) @ checksims ---
[INFO] Using 'UTF-8' encoding to copy filtered resources.
[INFO] Copying 1 resource
[INFO] Copying 1 resource
[INFO] 
[INFO] --- maven-compiler-plugin:3.3:compile (default-compile) @ checksims ---
[INFO] Changes detected - recompiling the module!
[INFO] Compiling 71 source files to /tmp/tmpp_xcma8j/checksims/target/classes
[INFO] -------------------------------------------------------------
[ERROR] COMPILATION ERROR : 
[INFO] -------------------------------------------------------------
[ERROR] /tmp/tmpp_xcma8j/checksims/src/main/java/net/lldp/checksims/ChecksimsCommandLine.java:[68,44] cannot find symbol
  symbol:   variable DEFAULT_LOG_LEVEL_KEY
  location: class org.slf4j.impl.SimpleLogger
[ERROR] /tmp/tmpp_xcma8j/checksims/src/main/java/net/lldp/checksims/ChecksimsCommandLine.java:[71,44] cannot find symbol
  symbol:   variable DEFAULT_LOG_LEVEL_KEY
  location: class org.slf4j.impl.SimpleLogger
[ERROR] /tmp/tmpp_xcma8j/checksims/src/main/java/net/lldp/checksims/ChecksimsCommandLine.java:[73,44] cannot find symbol
  symbol:   variable DEFAULT_LOG_LEVEL_KEY
  location: class org.slf4j.impl.SimpleLogger
[ERROR] /tmp/tmpp_xcma8j/checksims/src/main/java/net/lldp/checksims/ChecksimsCommandLine.java:[78,40] cannot find symbol
  symbol:   variable SHOW_LOG_NAME_KEY
  location: class org.slf4j.impl.SimpleLogger
[ERROR] /tmp/tmpp_xcma8j/checksims/src/main/java/net/lldp/checksims/ChecksimsCommandLine.java:[79,40] cannot find symbol
  symbol:   variable SHOW_THREAD_NAME_KEY
  location: class org.slf4j.impl.SimpleLogger
[ERROR] /tmp/tmpp_xcma8j/checksims/src/main/java/net/lldp/checksims/ChecksimsCommandLine.java:[80,40] cannot find symbol
  symbol:   variable LEVEL_IN_BRACKETS_KEY
  location: class org.slf4j.impl.SimpleLogger
[INFO] 6 errors 
[INFO] -------------------------------------------------------------
[INFO] ------------------------------------------------------------------------
[INFO] BUILD FAILURE
[INFO] ------------------------------------------------------------------------
[INFO] Total time:  8.797 s
[INFO] Finished at: 2020-08-03T11:00:57Z
[INFO] ------------------------------------------------------------------------
[ERROR] Failed to execute goal org.apache.maven.plugins:maven-compiler-plugin:3.3:compile (default-compile) on project checksims: Compilation failure: Compilation failure: 
[ERROR] /tmp/tmpp_xcma8j/checksims/src/main/java/net/lldp/checksims/ChecksimsCommandLine.java:[68,44] cannot find symbol
[ERROR]   symbol:   variable DEFAULT_LOG_LEVEL_KEY
[ERROR]   location: class org.slf4j.impl.SimpleLogger
[ERROR] /tmp/tmpp_xcma8j/checksims/src/main/java/net/lldp/checksims/ChecksimsCommandLine.java:[71,44] cannot find symbol
[ERROR]   symbol:   variable DEFAULT_LOG_LEVEL_KEY
[ERROR]   location: class org.slf4j.impl.SimpleLogger
[ERROR] /tmp/tmpp_xcma8j/checksims/src/main/java/net/lldp/checksims/ChecksimsCommandLine.java:[73,44] cannot find symbol
[ERROR]   symbol:   variable DEFAULT_LOG_LEVEL_KEY
[ERROR]   location: class org.slf4j.impl.SimpleLogger
[ERROR] /tmp/tmpp_xcma8j/checksims/src/main/java/net/lldp/checksims/ChecksimsCommandLine.java:[78,40] cannot find symbol
[ERROR]   symbol:   variable SHOW_LOG_NAME_KEY
[ERROR]   location: class org.slf4j.impl.SimpleLogger
[ERROR] /tmp/tmpp_xcma8j/checksims/src/main/java/net/lldp/checksims/ChecksimsCommandLine.java:[79,40] cannot find symbol
[ERROR]   symbol:   variable SHOW_THREAD_NAME_KEY
[ERROR]   location: class org.slf4j.impl.SimpleLogger
[ERROR] /tmp/tmpp_xcma8j/checksims/src/main/java/net/lldp/checksims/ChecksimsCommandLine.java:[80,40] cannot find symbol
[ERROR]   symbol:   variable LEVEL_IN_BRACKETS_KEY
[ERROR]   location: class org.slf4j.impl.SimpleLogger
[ERROR] -> [Help 1]
org.apache.maven.lifecycle.LifecycleExecutionException: Failed to execute goal org.apache.maven.plugins:maven-compiler-plugin:3.3:compile (default-compile) on project checksims: Compilation failure
    at org.apache.maven.lifecycle.internal.MojoExecutor.execute (MojoExecutor.java:215)
    at org.apache.maven.lifecycle.internal.MojoExecutor.execute (MojoExecutor.java:156)
    at org.apache.maven.lifecycle.internal.MojoExecutor.execute (MojoExecutor.java:148)
    at org.apache.maven.lifecycle.internal.LifecycleModuleBuilder.buildProject (LifecycleModuleBuilder.java:117)
    at org.apache.maven.lifecycle.internal.LifecycleModuleBuilder.buildProject (LifecycleModuleBuilder.java:81)
    at org.apache.maven.lifecycle.internal.builder.singlethreaded.SingleThreadedBuilder.build (SingleThreadedBuilder.java:56)
    at org.apache.maven.lifecycle.internal.LifecycleStarter.execute (LifecycleStarter.java:128)
    at org.apache.maven.DefaultMaven.doExecute (DefaultMaven.java:305)
    at org.apache.maven.DefaultMaven.doExecute (DefaultMaven.java:192)
    at org.apache.maven.DefaultMaven.execute (DefaultMaven.java:105)
    at org.apache.maven.cli.MavenCli.execute (MavenCli.java:957)
    at org.apache.maven.cli.MavenCli.doMain (MavenCli.java:289)
    at org.apache.maven.cli.MavenCli.main (MavenCli.java:193)
    at sun.reflect.NativeMethodAccessorImpl.invoke0 (Native Method)
    at sun.reflect.NativeMethodAccessorImpl.invoke (NativeMethodAccessorImpl.java:62)
    at sun.reflect.DelegatingMethodAccessorImpl.invoke (DelegatingMethodAccessorImpl.java:43)
    at java.lang.reflect.Method.invoke (Method.java:498)
    at org.codehaus.plexus.classworlds.launcher.Launcher.launchEnhanced (Launcher.java:282)
    at org.codehaus.plexus.classworlds.launcher.Launcher.launch (Launcher.java:225)
    at org.codehaus.plexus.classworlds.launcher.Launcher.mainWithExitCode (Launcher.java:406)
    at org.codehaus.plexus.classworlds.launcher.Launcher.main (Launcher.java:347)
Caused by: org.apache.maven.plugin.compiler.CompilationFailureException: Compilation failure
    at org.apache.maven.plugin.compiler.AbstractCompilerMojo.execute (AbstractCompilerMojo.java:911)
    at org.apache.maven.plugin.compiler.CompilerMojo.execute (CompilerMojo.java:129)
    at org.apache.maven.plugin.DefaultBuildPluginManager.executeMojo (DefaultBuildPluginManager.java:137)
    at org.apache.maven.lifecycle.internal.MojoExecutor.execute (MojoExecutor.java:210)
    at org.apache.maven.lifecycle.internal.MojoExecutor.execute (MojoExecutor.java:156)
    at org.apache.maven.lifecycle.internal.MojoExecutor.execute (MojoExecutor.java:148)
    at org.apache.maven.lifecycle.internal.LifecycleModuleBuilder.buildProject (LifecycleModuleBuilder.java:117)
    at org.apache.maven.lifecycle.internal.LifecycleModuleBuilder.buildProject (LifecycleModuleBuilder.java:81)
    at org.apache.maven.lifecycle.internal.builder.singlethreaded.SingleThreadedBuilder.build (SingleThreadedBuilder.java:56)
    at org.apache.maven.lifecycle.internal.LifecycleStarter.execute (LifecycleStarter.java:128)
    at org.apache.maven.DefaultMaven.doExecute (DefaultMaven.java:305)
    at org.apache.maven.DefaultMaven.doExecute (DefaultMaven.java:192)
    at org.apache.maven.DefaultMaven.execute (DefaultMaven.java:105)
    at org.apache.maven.cli.MavenCli.execute (MavenCli.java:957)
    at org.apache.maven.cli.MavenCli.doMain (MavenCli.java:289)
    at org.apache.maven.cli.MavenCli.main (MavenCli.java:193)
    at sun.reflect.NativeMethodAccessorImpl.invoke0 (Native Method)
    at sun.reflect.NativeMethodAccessorImpl.invoke (NativeMethodAccessorImpl.java:62)
    at sun.reflect.DelegatingMethodAccessorImpl.invoke (DelegatingMethodAccessorImpl.java:43)
    at java.lang.reflect.Method.invoke (Method.java:498)
    at org.codehaus.plexus.classworlds.launcher.Launcher.launchEnhanced (Launcher.java:282)
    at org.codehaus.plexus.classworlds.launcher.Launcher.launch (Launcher.java:225)
    at org.codehaus.plexus.classworlds.launcher.Launcher.mainWithExitCode (Launcher.java:406)
    at org.codehaus.plexus.classworlds.launcher.Launcher.main (Launcher.java:347)
[ERROR] 
[ERROR] Re-run Maven using the -X switch to enable full debug logging.
[ERROR] 
[ERROR] For more information about the errors and possible solutions, please read the following articles:
[ERROR] [Help 1] http://cwiki.apache.org/confluence/display/MAVEN/MojoFailureException
[INFO] Build failures were ignored.
