[INFO] Error stacktraces are turned on.
[INFO] Scanning for projects...
[INFO] 
[INFO] ------------------< org.easytesting:fest-assert-core >------------------
[INFO] Building FEST Fluent Assertions (Core) 2.0M10
[INFO] --------------------------------[ jar ]---------------------------------
[INFO] 
[INFO] --- maven-enforcer-plugin:1.0:enforce (enforce-maven) @ fest-assert-core ---
[INFO] 
[INFO] --- maven-resources-plugin:2.5:resources (default-resources) @ fest-assert-core ---
[debug] execute contextualize
[INFO] Using 'UTF-8' encoding to copy filtered resources.
[INFO] skip non existing resourceDirectory /tmp/tmpxgfk9amu/fest-assert-2.x/src/main/resources
[INFO] 
[INFO] --- maven-compiler-plugin:2.5.1:compile (default-compile) @ fest-assert-core ---
[INFO] Compiling 229 source files to /tmp/tmpxgfk9amu/fest-assert-2.x/target/classes
[INFO] 
[INFO] --- maven-resources-plugin:2.5:testResources (default-testResources) @ fest-assert-core ---
[debug] execute contextualize
[INFO] Using 'UTF-8' encoding to copy filtered resources.
[INFO] Copying 3 resources
[INFO] 
[INFO] --- maven-compiler-plugin:2.5.1:testCompile (default-testCompile) @ fest-assert-core ---
[INFO] Compiling 1281 source files to /tmp/tmpxgfk9amu/fest-assert-2.x/target/test-classes
[INFO] 
[INFO] --- maven-surefire-plugin:2.12:test (default-test) @ fest-assert-core ---
[INFO] Surefire report directory: /tmp/tmpxgfk9amu/fest-assert-2.x/target/surefire-reports

-------------------------------------------------------
 T E S T S
-------------------------------------------------------
Running org.fest.assertions.core.WritableAssertionInfo_toString_Test
Tests run: 1, Failures: 0, Errors: 0, Skipped: 0, Time elapsed: 0.109 sec
Running org.fest.assertions.core.WritableAssertionInfo_descriptionText_Test
Tests run: 2, Failures: 0, Errors: 0, Skipped: 0, Time elapsed: 0 sec
Running org.fest.assertions.core.Condition_default_constructor_Test
Tests run: 1, Failures: 0, Errors: 0, Skipped: 0, Time elapsed: 0 sec
Running org.fest.assertions.core.Condition_constructor_with_text_description_Test
Tests run: 2, Failures: 0, Errors: 0, Skipped: 0, Time elapsed: 0.009 sec
Running org.fest.assertions.core.Condition_description_Test
Tests run: 1, Failures: 0, Errors: 0, Skipped: 0, Time elapsed: 0 sec
Running org.fest.assertions.core.Condition_as_String_Test
Tests run: 3, Failures: 0, Errors: 0, Skipped: 0, Time elapsed: 0.002 sec
Running org.fest.assertions.core.Condition_describedAs_String_Test
Tests run: 3, Failures: 0, Errors: 0, Skipped: 0, Time elapsed: 0.001 sec
Running org.fest.assertions.core.Condition_as_Description_Test
Tests run: 3, Failures: 0, Errors: 0, Skipped: 0, Time elapsed: 0 sec
Running org.fest.assertions.core.Condition_constructor_with_description_Test
Tests run: 2, Failures: 0, Errors: 0, Skipped: 0, Time elapsed: 0.001 sec
Running org.fest.assertions.core.DescriptionValidator_notNull_Test
Tests run: 4, Failures: 0, Errors: 0, Skipped: 0, Time elapsed: 0.001 sec
Running org.fest.assertions.core.Condition_describedAs_Description_Test
Tests run: 3, Failures: 0, Errors: 0, Skipped: 0, Time elapsed: 0.002 sec
Running org.fest.assertions.error.ShouldBeExactlyInstance_create_Test
Tests run: 1, Failures: 0, Errors: 0, Skipped: 0, Time elapsed: 0.002 sec
Running org.fest.assertions.error.ShouldBeLenientEqualByAccepting_create_Test
Tests run: 2, Failures: 0, Errors: 0, Skipped: 0, Time elapsed: 0.002 sec
Running org.fest.assertions.error.DescriptionFormatter_format_Test
Tests run: 1, Failures: 0, Errors: 0, Skipped: 0, Time elapsed: 0 sec
Running org.fest.assertions.error.ShouldBeInSameMillisecond_create_Test
Tests run: 1, Failures: 0, Errors: 0, Skipped: 0, Time elapsed: 0.011 sec
Running org.fest.assertions.error.ShouldBeBeforeOrEqualsTo_create_Test
Tests run: 1, Failures: 0, Errors: 0, Skipped: 0, Time elapsed: 0.001 sec
Running org.fest.assertions.error.ElementsShouldNotBeAtLeast_create_Test
Tests run: 1, Failures: 0, Errors: 0, Skipped: 0, Time elapsed: 0 sec
Running org.fest.assertions.error.ShouldBeInstance_create_Test
Tests run: 2, Failures: 0, Errors: 0, Skipped: 0, Time elapsed: 0 sec
Running org.fest.assertions.error.ShouldBeLess_create_Test
Tests run: 2, Failures: 0, Errors: 0, Skipped: 0, Time elapsed: 0 sec
Running org.fest.assertions.error.ShouldBeOfClassIn_Test
Tests run: 1, Failures: 0, Errors: 0, Skipped: 0, Time elapsed: 0.001 sec
Running org.fest.assertions.error.ShouldNotContainString_create_Test
Tests run: 2, Failures: 0, Errors: 0, Skipped: 0, Time elapsed: 0.001 sec
Running org.fest.assertions.error.ShouldStartWith_create_Test
Tests run: 2, Failures: 0, Errors: 0, Skipped: 0, Time elapsed: 0 sec
Running org.fest.assertions.error.ShouldBeBefore_create_Test
Tests run: 1, Failures: 0, Errors: 0, Skipped: 0, Time elapsed: 0 sec
Running org.fest.assertions.error.ShouldNotBeEmpty_create_Test
Tests run: 1, Failures: 0, Errors: 0, Skipped: 0, Time elapsed: 0.001 sec
Running org.fest.assertions.error.MessageFormatter_format_Test
Tests run: 3, Failures: 0, Errors: 0, Skipped: 0, Time elapsed: 0.016 sec
Running org.fest.assertions.error.ShouldBeBetween_create_Test
Tests run: 4, Failures: 0, Errors: 0, Skipped: 0, Time elapsed: 0.002 sec
Running org.fest.assertions.error.ElementsShouldBeAtMost_create_Test
Tests run: 1, Failures: 0, Errors: 0, Skipped: 0, Time elapsed: 0 sec
Running org.fest.assertions.error.ShouldHaveAtIndex_create_Test
Tests run: 1, Failures: 0, Errors: 0, Skipped: 0, Time elapsed: 0.001 sec
Running org.fest.assertions.error.ShouldNotBeInstanceOfAny_create_Test
Tests run: 1, Failures: 0, Errors: 0, Skipped: 0, Time elapsed: 0 sec
Running org.fest.assertions.error.ShouldNotContainValue_create_Test
Tests run: 1, Failures: 0, Errors: 0, Skipped: 0, Time elapsed: 0.001 sec
Running org.fest.assertions.error.ShouldBeLenientEqualByIgnoring_create_Test
Tests run: 4, Failures: 0, Errors: 0, Skipped: 0, Time elapsed: 0.001 sec
Running org.fest.assertions.error.ShouldBeInstanceOfAny_create_Test
Tests run: 1, Failures: 0, Errors: 0, Skipped: 0, Time elapsed: 0 sec
Running org.fest.assertions.error.ShouldHaveEqualContent_create_Test
Tests run: 2, Failures: 0, Errors: 0, Skipped: 0, Time elapsed: 0.002 sec
Running org.fest.assertions.error.ShouldBeLowerCase_create_Test
Tests run: 1, Failures: 0, Errors: 0, Skipped: 0, Time elapsed: 0 sec
Running org.fest.assertions.error.ElementsShouldHaveExactly_create_Test
Tests run: 1, Failures: 0, Errors: 0, Skipped: 0, Time elapsed: 0.001 sec
Running org.fest.assertions.error.ShouldBeAtIndex_create_Test
Tests run: 1, Failures: 0, Errors: 0, Skipped: 0, Time elapsed: 0 sec
Running org.fest.assertions.error.ShouldNotBeInstance_create_Test
Tests run: 1, Failures: 0, Errors: 0, Skipped: 0, Time elapsed: 0 sec
Running org.fest.assertions.error.ElementsShouldNotHaveAtLeast_create_Test
Tests run: 1, Failures: 0, Errors: 0, Skipped: 0, Time elapsed: 0.001 sec
Running org.fest.assertions.error.ShouldBeAbsolutePath_create_Test
Tests run: 1, Failures: 0, Errors: 0, Skipped: 0, Time elapsed: 0.001 sec
Running org.fest.assertions.error.ShouldNotBeIn_create_Test
Tests run: 2, Failures: 0, Errors: 0, Skipped: 0, Time elapsed: 0 sec
Running org.fest.assertions.error.ShouldHaveSameSizeAs_create_Test
Tests run: 1, Failures: 0, Errors: 0, Skipped: 0, Time elapsed: 0 sec
Running org.fest.assertions.error.ShouldBeIn_create_Test
Tests run: 2, Failures: 0, Errors: 0, Skipped: 0, Time elapsed: 0 sec
Running org.fest.assertions.error.ShouldBeNullOrEmpty_create_Test
Tests run: 1, Failures: 0, Errors: 0, Skipped: 0, Time elapsed: 0 sec
Running org.fest.assertions.error.ShouldNotHave_create_Test
Tests run: 1, Failures: 0, Errors: 0, Skipped: 0, Time elapsed: 0 sec
Running org.fest.assertions.error.ShouldNotContainAtIndex_create_Test
Tests run: 2, Failures: 0, Errors: 0, Skipped: 0, Time elapsed: 0 sec
Running org.fest.assertions.error.DescriptionFormatter_format_expectingEmptyText_Test
Tests run: 3, Failures: 0, Errors: 0, Skipped: 0, Time elapsed: 0 sec
Running org.fest.assertions.error.ShouldContainSequence_create_Test
Tests run: 2, Failures: 0, Errors: 0, Skipped: 0, Time elapsed: 0 sec
Running org.fest.assertions.error.ShouldBeEqual_newAssertionError_differentiating_expected_and_actual_Test
Tests run: 3, Failures: 0, Errors: 0, Skipped: 0, Time elapsed: 0.003 sec
Running org.fest.assertions.error.ShouldBeEqual_equals_hashCode_Test
Tests run: 8, Failures: 0, Errors: 0, Skipped: 0, Time elapsed: 0.001 sec
Running org.fest.assertions.error.ShouldHaveSize_create_Test
Tests run: 1, Failures: 0, Errors: 0, Skipped: 0, Time elapsed: 0 sec
Running org.fest.assertions.error.ShouldContainValue_create_Test
Tests run: 1, Failures: 0, Errors: 0, Skipped: 0, Time elapsed: 0 sec
Running org.fest.assertions.error.ShouldNotBeEqual_create_Test
Tests run: 2, Failures: 0, Errors: 0, Skipped: 0, Time elapsed: 0 sec
Running org.fest.assertions.error.ShouldBeEqualWithinOffset_create_Test
Tests run: 1, Failures: 0, Errors: 0, Skipped: 0, Time elapsed: 0 sec
Running org.fest.assertions.error.ShouldNotBeExactlyInstance_create_Test
Tests run: 1, Failures: 0, Errors: 0, Skipped: 0, Time elapsed: 0 sec
Running org.fest.assertions.error.ShouldNotContain_create_Test
Tests run: 2, Failures: 0, Errors: 0, Skipped: 0, Time elapsed: 0.001 sec
Running org.fest.assertions.error.ShouldBeInSameHour_create_Test
Tests run: 1, Failures: 0, Errors: 0, Skipped: 0, Time elapsed: 0 sec
Running org.fest.assertions.error.ShouldBeExecutableTest
Tests run: 1, Failures: 0, Errors: 0, Skipped: 0, Time elapsed: 0 sec
Running org.fest.assertions.error.ShouldNotMatchPattern_create_Test
Tests run: 1, Failures: 0, Errors: 0, Skipped: 0, Time elapsed: 0 sec
Running org.fest.assertions.error.ShouldNotBeSame_create_Test
Tests run: 1, Failures: 0, Errors: 0, Skipped: 0, Time elapsed: 0 sec
Running org.fest.assertions.error.ShouldBeSubsetOf_create_Test
Tests run: 2, Failures: 0, Errors: 0, Skipped: 0, Time elapsed: 0 sec
Running org.fest.assertions.error.ShouldBeAfterOrEqualsTo_create_Test
Tests run: 1, Failures: 0, Errors: 0, Skipped: 0, Time elapsed: 0 sec
Running org.fest.assertions.error.ShouldContainString_create_Test
Tests run: 3, Failures: 0, Errors: 0, Skipped: 0, Time elapsed: 0.001 sec
Running org.fest.assertions.error.ElementsShouldBeAtLeast_create_Test
Tests run: 1, Failures: 0, Errors: 0, Skipped: 0, Time elapsed: 0 sec
Running org.fest.assertions.error.ElementsShouldHaveAtMost_create_Test
Tests run: 1, Failures: 0, Errors: 0, Skipped: 0, Time elapsed: 0 sec
Running org.fest.assertions.error.ShouldBeSameGenericBetweenIterableAndCondition_create_Test
Tests run: 1, Failures: 0, Errors: 0, Skipped: 0, Time elapsed: 0.001 sec
Running org.fest.assertions.error.ShouldBe_create_Test
Tests run: 1, Failures: 0, Errors: 0, Skipped: 0, Time elapsed: 0 sec
Running org.fest.assertions.error.ShouldBeSortedAccordingToComparator_create_Test
Tests run: 2, Failures: 0, Errors: 0, Skipped: 0, Time elapsed: 0 sec
Running org.fest.assertions.error.ShouldBeSorted_create_Test
Tests run: 2, Failures: 0, Errors: 0, Skipped: 0, Time elapsed: 0 sec
Running org.fest.assertions.error.ShouldNotHaveSameClass_create_Test
Tests run: 1, Failures: 0, Errors: 0, Skipped: 0, Time elapsed: 0 sec
Running org.fest.assertions.error.ElementsShouldNotBeAtMost_create_Test
Tests run: 1, Failures: 0, Errors: 0, Skipped: 0, Time elapsed: 0 sec
Running org.fest.assertions.error.ShouldBeInSameMinute_create_Test
Tests run: 1, Failures: 0, Errors: 0, Skipped: 0, Time elapsed: 0 sec
Running org.fest.assertions.error.ConstructorInvoker_newInstance_Test
Tests run: 1, Failures: 0, Errors: 0, Skipped: 0, Time elapsed: 0 sec
Running org.fest.assertions.error.ShouldHave_create_Test
Tests run: 1, Failures: 0, Errors: 0, Skipped: 0, Time elapsed: 0.001 sec
Running org.fest.assertions.error.ShouldBeReadableTest
Tests run: 1, Failures: 0, Errors: 0, Skipped: 0, Time elapsed: 0 sec
Running org.fest.assertions.error.ShouldExist_create_Test
Tests run: 1, Failures: 0, Errors: 0, Skipped: 0, Time elapsed: 0 sec
Running org.fest.assertions.error.ShouldHaveSameClass_create_Test
Tests run: 1, Failures: 0, Errors: 0, Skipped: 0, Time elapsed: 0 sec
Running org.fest.assertions.error.ShouldBeFile_create_Test
Tests run: 1, Failures: 0, Errors: 0, Skipped: 0, Time elapsed: 0 sec
Running org.fest.assertions.error.ShouldBeEqual_newAssertionError_Test
Tests run: 2, Failures: 0, Errors: 0, Skipped: 0, Time elapsed: 0.001 sec
Running org.fest.assertions.error.ElementsShouldNotBeExactly_create_Test
Tests run: 1, Failures: 0, Errors: 0, Skipped: 0, Time elapsed: 0 sec
Running org.fest.assertions.error.ShouldBeSame_create_Test
Tests run: 1, Failures: 0, Errors: 0, Skipped: 0, Time elapsed: 0 sec
Running org.fest.assertions.error.ShouldNotBeEqualImages_create_Test
Tests run: 1, Failures: 0, Errors: 0, Skipped: 0, Time elapsed: 0 sec
Running org.fest.assertions.error.ShouldHaveComparableElements_create_Test
Tests run: 1, Failures: 0, Errors: 0, Skipped: 0, Time elapsed: 0 sec
Running org.fest.assertions.error.ShouldBeInSameMonth_create_Test
Tests run: 1, Failures: 0, Errors: 0, Skipped: 0, Time elapsed: 0.001 sec
Running org.fest.assertions.error.ShouldBeCloseTo_create_Test
Tests run: 1, Failures: 0, Errors: 0, Skipped: 0, Time elapsed: 0 sec
Running org.fest.assertions.error.ShouldContainOnly_create_Test
Tests run: 2, Failures: 0, Errors: 0, Skipped: 0, Time elapsed: 0 sec
Running org.fest.assertions.error.ShouldContain_create_Test
Tests run: 3, Failures: 0, Errors: 0, Skipped: 0, Time elapsed: 0 sec
Running org.fest.assertions.error.ShouldBeEqualIgnoringCase_create_Test
Tests run: 1, Failures: 0, Errors: 0, Skipped: 0, Time elapsed: 0 sec
Running org.fest.assertions.error.ShouldNotBeNull_create_Test
Tests run: 1, Failures: 0, Errors: 0, Skipped: 0, Time elapsed: 0 sec
Running org.fest.assertions.error.ShouldNotContainKey_create_Test
Tests run: 1, Failures: 0, Errors: 0, Skipped: 0, Time elapsed: 0 sec
Running org.fest.assertions.error.ShouldBeWritableTest
Tests run: 1, Failures: 0, Errors: 0, Skipped: 0, Time elapsed: 0 sec
Running org.fest.assertions.error.ElementsShouldBe_create_Test
Tests run: 1, Failures: 0, Errors: 0, Skipped: 0, Time elapsed: 0.001 sec
Running org.fest.assertions.error.ShouldNotExist_create_Test
Tests run: 1, Failures: 0, Errors: 0, Skipped: 0, Time elapsed: 0 sec
Running org.fest.assertions.error.ShouldBeRelativePath_create_Test
Tests run: 1, Failures: 0, Errors: 0, Skipped: 0, Time elapsed: 0 sec
Running org.fest.assertions.error.ShouldBeGreater_create_Test
Tests run: 2, Failures: 0, Errors: 0, Skipped: 0, Time elapsed: 0.001 sec
Running org.fest.assertions.error.ShouldMatchPattern_create_Test
Tests run: 1, Failures: 0, Errors: 0, Skipped: 0, Time elapsed: 0 sec
Running org.fest.assertions.error.ElementsShouldHaveAtLeast_create_Test
Tests run: 1, Failures: 0, Errors: 0, Skipped: 0, Time elapsed: 0 sec
Running org.fest.assertions.error.ShouldBeGreaterOrEqual_create_Test
Tests run: 2, Failures: 0, Errors: 0, Skipped: 0, Time elapsed: 0.001 sec
Running org.fest.assertions.error.ShouldContainOnlyOnce_Test
Tests run: 4, Failures: 0, Errors: 0, Skipped: 0, Time elapsed: 0.001 sec
Running org.fest.assertions.error.ElementsShouldNotHaveExactly_create_Test
Tests run: 1, Failures: 0, Errors: 0, Skipped: 0, Time elapsed: 0 sec
Running org.fest.assertions.error.ElementsShouldHave_create_Test
Tests run: 1, Failures: 0, Errors: 0, Skipped: 0, Time elapsed: 0 sec
Running org.fest.assertions.error.ElementsShouldBeExactly_create_Test
Tests run: 1, Failures: 0, Errors: 0, Skipped: 0, Time elapsed: 0 sec
Running org.fest.assertions.error.BasicErrorMessageFactory_equals_hashCode_Test
Tests run: 8, Failures: 0, Errors: 0, Skipped: 0, Time elapsed: 0.001 sec
Running org.fest.assertions.error.ShouldBeInSameSecond_create_Test
Tests run: 1, Failures: 0, Errors: 0, Skipped: 0, Time elapsed: 0 sec
Running org.fest.assertions.error.ShouldBeEmpty_create_Test
Tests run: 1, Failures: 0, Errors: 0, Skipped: 0, Time elapsed: 0.001 sec
Running org.fest.assertions.error.ShouldNotBeBetween_create_Test
Tests run: 4, Failures: 0, Errors: 0, Skipped: 0, Time elapsed: 0.002 sec
Running org.fest.assertions.error.BasicErrorMessageFactory_create_Test
Tests run: 1, Failures: 0, Errors: 0, Skipped: 0, Time elapsed: 0.003 sec
Running org.fest.assertions.error.ShouldBeInSameYear_create_Test
Tests run: 1, Failures: 0, Errors: 0, Skipped: 0, Time elapsed: 0 sec
Running org.fest.assertions.error.ShouldBeUpperCase_create_Test
Tests run: 1, Failures: 0, Errors: 0, Skipped: 0, Time elapsed: 0.001 sec
Running org.fest.assertions.error.ShouldHaveTime_create_Test
Tests run: 1, Failures: 0, Errors: 0, Skipped: 0, Time elapsed: 0 sec
Running org.fest.assertions.error.ShouldBeEqual_fest_elements_stack_trace_filtering_Test
Tests run: 2, Failures: 0, Errors: 0, Skipped: 0, Time elapsed: 0.003 sec
Running org.fest.assertions.error.ShouldBeDirectory_create_Test
Tests run: 1, Failures: 0, Errors: 0, Skipped: 0, Time elapsed: 0 sec
Running org.fest.assertions.error.ShouldContainKey_create_Test
Tests run: 1, Failures: 0, Errors: 0, Skipped: 0, Time elapsed: 0 sec
Running org.fest.assertions.error.ShouldNotBeOfClassIn_Test
Tests run: 1, Failures: 0, Errors: 0, Skipped: 0, Time elapsed: 0 sec
Running org.fest.assertions.error.ShouldEndWith_create_Test
Tests run: 2, Failures: 0, Errors: 0, Skipped: 0, Time elapsed: 0 sec
Running org.fest.assertions.error.ElementsShouldNotHave_create_Test
Tests run: 1, Failures: 0, Errors: 0, Skipped: 0, Time elapsed: 0 sec
Running org.fest.assertions.error.ShouldBeInSameDay_create_Test
Tests run: 1, Failures: 0, Errors: 0, Skipped: 0, Time elapsed: 0 sec
Running org.fest.assertions.error.ShouldNotHaveDuplicates_create_Test
Tests run: 2, Failures: 0, Errors: 0, Skipped: 0, Time elapsed: 0.001 sec
Running org.fest.assertions.error.ShouldBeEqual_newAssertionError_without_JUnit_Test
Tests run: 2, Failures: 0, Errors: 0, Skipped: 0, Time elapsed: 0.004 sec
Running org.fest.assertions.error.BasicErrorMessageFactory_toString_Test
Tests run: 1, Failures: 0, Errors: 0, Skipped: 0, Time elapsed: 0 sec
Running org.fest.assertions.error.ShouldBeAfter_create_Test
Tests run: 1, Failures: 0, Errors: 0, Skipped: 0, Time elapsed: 0.001 sec
Running org.fest.assertions.error.ShouldNotBe_create_Test
Tests run: 1, Failures: 0, Errors: 0, Skipped: 0, Time elapsed: 0 sec
Running org.fest.assertions.error.ElementsShouldNotHaveAtMost_create_Test
Tests run: 1, Failures: 0, Errors: 0, Skipped: 0, Time elapsed: 0.001 sec
Running org.fest.assertions.error.ElementsShouldNotBe_create_Test
Tests run: 1, Failures: 0, Errors: 0, Skipped: 0, Time elapsed: 0 sec
Running org.fest.assertions.error.ShouldContainExactly_create_Test
Tests run: 4, Failures: 0, Errors: 0, Skipped: 0, Time elapsed: 0.001 sec
Running org.fest.assertions.error.ShouldContainAtIndex_create_Test
Tests run: 2, Failures: 0, Errors: 0, Skipped: 0, Time elapsed: 0 sec
Running org.fest.assertions.error.ShouldHaveComparableElementsAccordingToComparator_create_Test
Tests run: 1, Failures: 0, Errors: 0, Skipped: 0, Time elapsed: 0 sec
Running org.fest.assertions.error.ShouldBeEqualImages_create_Test
Tests run: 1, Failures: 0, Errors: 0, Skipped: 0, Time elapsed: 0 sec
Running org.fest.assertions.api.unevencomparable.AbstractUnevenComparableAssert_isEqualToByComparingTo_Test
Tests run: 2, Failures: 0, Errors: 0, Skipped: 0, Time elapsed: 0.015 sec
Running org.fest.assertions.api.unevencomparable.AbstractUnevenComparableAssert_isNotEqualToByComparingTo_Test
Tests run: 2, Failures: 0, Errors: 0, Skipped: 0, Time elapsed: 0.002 sec
Running org.fest.assertions.api.Assertions_assertThat_with_primitive_double_Test
Tests run: 2, Failures: 0, Errors: 0, Skipped: 0, Time elapsed: 0.001 sec
Running org.fest.assertions.api.longarray.LongArrayAssert_doesNotHaveDuplicates_Test
Tests run: 2, Failures: 0, Errors: 0, Skipped: 0, Time elapsed: 0.007 sec
Running org.fest.assertions.api.longarray.LongArrayAssert_isSortedAccordingToComparator_Test
Tests run: 2, Failures: 0, Errors: 0, Skipped: 0, Time elapsed: 0.013 sec
Running org.fest.assertions.api.longarray.LongArrayAssert_startsWith_Test
Tests run: 2, Failures: 0, Errors: 0, Skipped: 0, Time elapsed: 0 sec
Running org.fest.assertions.api.longarray.LongArrayAssert_hasSameSizeAs_with_Iterable_Test
Tests run: 2, Failures: 0, Errors: 0, Skipped: 0, Time elapsed: 0 sec
Running org.fest.assertions.api.longarray.LongArrayAssert_isSorted_Test
Tests run: 2, Failures: 0, Errors: 0, Skipped: 0, Time elapsed: 0 sec
Running org.fest.assertions.api.longarray.LongArrayAssert_doesNotContain_Test
Tests run: 2, Failures: 0, Errors: 0, Skipped: 0, Time elapsed: 0.001 sec
Running org.fest.assertions.api.longarray.LongArrayAssert_endsWith_Test
Tests run: 2, Failures: 0, Errors: 0, Skipped: 0, Time elapsed: 0.001 sec
Running org.fest.assertions.api.longarray.LongArrayAssert_isNotEmpty_Test
Tests run: 2, Failures: 0, Errors: 0, Skipped: 0, Time elapsed: 0.001 sec
Running org.fest.assertions.api.longarray.LongArrayAssert_isEmpty_Test
Tests run: 2, Failures: 0, Errors: 0, Skipped: 0, Time elapsed: 0 sec
Running org.fest.assertions.api.longarray.LongArrayAssert_hasSize_Test
Tests run: 2, Failures: 0, Errors: 0, Skipped: 0, Time elapsed: 0 sec
Running org.fest.assertions.api.longarray.LongArrayAssert_contains_Test
Tests run: 2, Failures: 0, Errors: 0, Skipped: 0, Time elapsed: 0.001 sec
Running org.fest.assertions.api.longarray.LongArrayAssert_usingDefaultComparator_Test
Tests run: 2, Failures: 0, Errors: 0, Skipped: 0, Time elapsed: 0.001 sec
Running org.fest.assertions.api.longarray.LongArrayAssert_isNullOrEmpty_Test
Tests run: 2, Failures: 0, Errors: 0, Skipped: 0, Time elapsed: 0.001 sec
Running org.fest.assertions.api.longarray.LongArrayAssert_usingComparator_Test
Tests run: 2, Failures: 0, Errors: 0, Skipped: 0, Time elapsed: 0.001 sec
Running org.fest.assertions.api.longarray.LongArrayAssert_contains_at_Index_Test
Tests run: 2, Failures: 0, Errors: 0, Skipped: 0, Time elapsed: 0.001 sec
Running org.fest.assertions.api.longarray.LongArrayAssert_doesNotContain_at_Index_Test
Tests run: 2, Failures: 0, Errors: 0, Skipped: 0, Time elapsed: 0.001 sec
Running org.fest.assertions.api.longarray.LongArrayAssert_usingElementComparator_Test
Tests run: 2, Failures: 0, Errors: 0, Skipped: 0, Time elapsed: 0.001 sec
Running org.fest.assertions.api.longarray.LongArrayAssert_containsOnly_Test
Tests run: 2, Failures: 0, Errors: 0, Skipped: 0, Time elapsed: 0 sec
Running org.fest.assertions.api.longarray.LongArrayAssert_hasSameSizeAs_with_Array_Test
Tests run: 2, Failures: 0, Errors: 0, Skipped: 0, Time elapsed: 0.001 sec
Running org.fest.assertions.api.longarray.LongArrayAssert_containsSequence_Test
Tests run: 2, Failures: 0, Errors: 0, Skipped: 0, Time elapsed: 0 sec
Running org.fest.assertions.api.longarray.LongArrayAssert_usingDefaultElementComparator_Test
Tests run: 2, Failures: 0, Errors: 0, Skipped: 0, Time elapsed: 0.001 sec
Running org.fest.assertions.api.Assertions_assertThat_with_Double_Test
Tests run: 2, Failures: 0, Errors: 0, Skipped: 0, Time elapsed: 0 sec
Running org.fest.assertions.api.file.FileAssert_isRelative_Test
Tests run: 2, Failures: 0, Errors: 0, Skipped: 0, Time elapsed: 0.046 sec
Running org.fest.assertions.api.file.FileAssert_usingCharset_null_Test
Tests run: 2, Failures: 0, Errors: 0, Skipped: 0, Time elapsed: 0.002 sec
Running org.fest.assertions.api.file.FileAssert_usingCharset_Test
Tests run: 2, Failures: 0, Errors: 0, Skipped: 0, Time elapsed: 0.002 sec
Running org.fest.assertions.api.file.FileAssert_hasBinaryContent_Test
Tests run: 2, Failures: 0, Errors: 0, Skipped: 0, Time elapsed: 0.001 sec
Running org.fest.assertions.api.file.FileAssert_canRead_Test
Tests run: 2, Failures: 0, Errors: 0, Skipped: 0, Time elapsed: 0.001 sec
Running org.fest.assertions.api.file.FileAssert_doesNotExist_Test
Tests run: 2, Failures: 0, Errors: 0, Skipped: 0, Time elapsed: 0.001 sec
Running org.fest.assertions.api.file.FileAssert_hasContentEqualTo_Test
Tests run: 2, Failures: 0, Errors: 0, Skipped: 0, Time elapsed: 0.001 sec
Running org.fest.assertions.api.file.FileAssert_usingCharset_default_Test
Tests run: 2, Failures: 0, Errors: 0, Skipped: 0, Time elapsed: 0.001 sec
Running org.fest.assertions.api.file.FileAssert_canWrite_Test
Tests run: 2, Failures: 0, Errors: 0, Skipped: 0, Time elapsed: 0.002 sec
Running org.fest.assertions.api.file.FileAssert_isAbsolute_Test
Tests run: 2, Failures: 0, Errors: 0, Skipped: 0, Time elapsed: 0.002 sec
Running org.fest.assertions.api.file.FileAssert_usingCharset_String_invalid_Test
Tests run: 2, Failures: 0, Errors: 0, Skipped: 0, Time elapsed: 0.002 sec
Running org.fest.assertions.api.file.FileAssert_hasContent_Test
Tests run: 2, Failures: 0, Errors: 0, Skipped: 0, Time elapsed: 0.001 sec
Running org.fest.assertions.api.file.FileAssert_exists_Test
Tests run: 2, Failures: 0, Errors: 0, Skipped: 0, Time elapsed: 0.001 sec
Running org.fest.assertions.api.file.FileAssert_usingCharset_String_Test
Tests run: 2, Failures: 0, Errors: 0, Skipped: 0, Time elapsed: 0.001 sec
Running org.fest.assertions.api.file.FileAssert_isDirectory_Test
Tests run: 2, Failures: 0, Errors: 0, Skipped: 0, Time elapsed: 0.002 sec
Running org.fest.assertions.api.file.FileAssert_isFile_Test
Tests run: 2, Failures: 0, Errors: 0, Skipped: 0, Time elapsed: 0.001 sec
Running org.fest.assertions.api.Assertions_assertThat_with_List_Test
Tests run: 2, Failures: 0, Errors: 0, Skipped: 0, Time elapsed: 0.003 sec
Running org.fest.assertions.api.Assertions_assertThat_with_Map_Test
Tests run: 2, Failures: 0, Errors: 0, Skipped: 0, Time elapsed: 0.001 sec
Running org.fest.assertions.api.object.ObjectAssert_isLenientEqualsToByAcceptingFields_Test
Tests run: 2, Failures: 0, Errors: 0, Skipped: 0, Time elapsed: 0.001 sec
Running org.fest.assertions.api.object.ObjectAssert_usingDefaultComparator_Test
Tests run: 2, Failures: 0, Errors: 0, Skipped: 0, Time elapsed: 0.001 sec
Running org.fest.assertions.api.object.ObjectAssert_isLenientEqualsToByIgnoringFields_Test
Tests run: 2, Failures: 0, Errors: 0, Skipped: 0, Time elapsed: 0 sec
Running org.fest.assertions.api.object.ObjectAssert_usingComparator_Test
Tests run: 2, Failures: 0, Errors: 0, Skipped: 0, Time elapsed: 0 sec
Running org.fest.assertions.api.object.ObjectAssert_isEqualsToByComparingFields_Test
Tests run: 2, Failures: 0, Errors: 0, Skipped: 0, Time elapsed: 0.001 sec
Running org.fest.assertions.api.object.ObjectAssert_isLenientEqualsToByIgnoringNullFields_Test
Tests run: 2, Failures: 0, Errors: 0, Skipped: 0, Time elapsed: 0 sec
Running org.fest.assertions.api.double_.DoubleAssert_usingComparator_Test
Tests run: 2, Failures: 0, Errors: 0, Skipped: 0, Time elapsed: 0.005 sec
Running org.fest.assertions.api.double_.DoubleAssert_isNaN_Test
Tests run: 2, Failures: 0, Errors: 0, Skipped: 0, Time elapsed: 0.001 sec
Running org.fest.assertions.api.double_.DoubleAssert_isGreaterThanOrEqualTo_double_Test
Tests run: 2, Failures: 0, Errors: 0, Skipped: 0, Time elapsed: 0 sec
Running org.fest.assertions.api.double_.DoubleAssert_isGreaterThan_double_Test
Tests run: 2, Failures: 0, Errors: 0, Skipped: 0, Time elapsed: 0 sec
Running org.fest.assertions.api.double_.DoubleAssert_isEqualTo_double_Test
Tests run: 2, Failures: 0, Errors: 0, Skipped: 0, Time elapsed: 0.001 sec
Running org.fest.assertions.api.double_.DoubleAssert_isNotZero_Test
Tests run: 2, Failures: 0, Errors: 0, Skipped: 0, Time elapsed: 0 sec
Running org.fest.assertions.api.double_.DoubleAssert_isNotPositive_Test
Tests run: 2, Failures: 0, Errors: 0, Skipped: 0, Time elapsed: 0 sec
Running org.fest.assertions.api.double_.DoubleAssert_isNotNegative_Test
Tests run: 2, Failures: 0, Errors: 0, Skipped: 0, Time elapsed: 0.001 sec
Running org.fest.assertions.api.double_.DoubleAssert_isNotNaN_Test
Tests run: 2, Failures: 0, Errors: 0, Skipped: 0, Time elapsed: 0 sec
Running org.fest.assertions.api.double_.DoubleAssert_isNegative_Test
Tests run: 2, Failures: 0, Errors: 0, Skipped: 0, Time elapsed: 0 sec
Running org.fest.assertions.api.double_.DoubleAssert_isLessThan_double_Test
Tests run: 2, Failures: 0, Errors: 0, Skipped: 0, Time elapsed: 0.001 sec
Running org.fest.assertions.api.double_.DoubleAssert_isZero_Test
Tests run: 2, Failures: 0, Errors: 0, Skipped: 0, Time elapsed: 0 sec
Running org.fest.assertions.api.double_.DoubleAssert_isEqualTo_with_offset_Test
Tests run: 2, Failures: 0, Errors: 0, Skipped: 0, Time elapsed: 0 sec
Running org.fest.assertions.api.double_.DoubleAssert_usingDefaultComparator_Test
Tests run: 2, Failures: 0, Errors: 0, Skipped: 0, Time elapsed: 0.001 sec
Running org.fest.assertions.api.double_.DoubleAssert_isPositive_Test
Tests run: 2, Failures: 0, Errors: 0, Skipped: 0, Time elapsed: 0 sec
Running org.fest.assertions.api.double_.DoubleAssert_isNotEqualTo_double_Test
Tests run: 2, Failures: 0, Errors: 0, Skipped: 0, Time elapsed: 0.002 sec
Running org.fest.assertions.api.double_.DoubleAssert_isLessThanOrEqualTo_double_Test
Tests run: 2, Failures: 0, Errors: 0, Skipped: 0, Time elapsed: 0 sec
Running org.fest.assertions.api.double_.DoubleAssert_isEqualTo_double_with_offset_Test
Tests run: 2, Failures: 0, Errors: 0, Skipped: 0, Time elapsed: 0.001 sec
Running org.fest.assertions.api.Assertions_assertThat_with_FloatArray_Test
Tests run: 2, Failures: 0, Errors: 0, Skipped: 0, Time elapsed: 0.003 sec
Running org.fest.assertions.api.map.MapAssert_isEmpty_Test
Tests run: 2, Failures: 0, Errors: 0, Skipped: 0, Time elapsed: 0.002 sec
Running org.fest.assertions.api.map.MapAssert_containsKey_Test
Tests run: 2, Failures: 0, Errors: 0, Skipped: 0, Time elapsed: 0 sec
Running org.fest.assertions.api.map.MapAssert_contains_Test
Tests run: 2, Failures: 0, Errors: 0, Skipped: 0, Time elapsed: 0.002 sec
Running org.fest.assertions.api.map.MapAssert_doesNotContain_Test
Tests run: 2, Failures: 0, Errors: 0, Skipped: 0, Time elapsed: 0 sec
Running org.fest.assertions.api.map.MapAssert_isNotEmpty_Test
Tests run: 2, Failures: 0, Errors: 0, Skipped: 0, Time elapsed: 0.002 sec
Running org.fest.assertions.api.map.MapAssert_containsValue_Test
Tests run: 2, Failures: 0, Errors: 0, Skipped: 0, Time elapsed: 0 sec
Running org.fest.assertions.api.map.MapAssert_doesNotContainValue_Test
Tests run: 2, Failures: 0, Errors: 0, Skipped: 0, Time elapsed: 0 sec
Running org.fest.assertions.api.map.MapAssert_hasSameSizeAs_with_Array_Test
Tests run: 2, Failures: 0, Errors: 0, Skipped: 0, Time elapsed: 0 sec
Running org.fest.assertions.api.map.MapAssert_doesNotContainKey_Test
Tests run: 2, Failures: 0, Errors: 0, Skipped: 0, Time elapsed: 0.001 sec
Running org.fest.assertions.api.map.MapAssert_hasSize_Test
Tests run: 2, Failures: 0, Errors: 0, Skipped: 0, Time elapsed: 0 sec
Running org.fest.assertions.api.map.MapAssert_isNullOrEmpty_Test
Tests run: 2, Failures: 0, Errors: 0, Skipped: 0, Time elapsed: 0 sec
Running org.fest.assertions.api.map.MapAssert_hasSameSizeAs_with_Iterable_Test
Tests run: 2, Failures: 0, Errors: 0, Skipped: 0, Time elapsed: 0.001 sec
Running org.fest.assertions.api.boolean_.BooleanAssert_isNotEqualTo_boolean_Test
Tests run: 2, Failures: 0, Errors: 0, Skipped: 0, Time elapsed: 0.002 sec
Running org.fest.assertions.api.boolean_.BooleanAssert_usingComparator_Test
Tests run: 2, Failures: 0, Errors: 0, Skipped: 0, Time elapsed: 0.001 sec
Running org.fest.assertions.api.boolean_.BooleanAssert_isEqualTo_boolean_Test
Tests run: 2, Failures: 0, Errors: 0, Skipped: 0, Time elapsed: 0 sec
Running org.fest.assertions.api.boolean_.BooleanAssert_isTrue_Test
Tests run: 2, Failures: 0, Errors: 0, Skipped: 0, Time elapsed: 0 sec
Running org.fest.assertions.api.boolean_.BooleanAssert_isFalse_Test
Tests run: 2, Failures: 0, Errors: 0, Skipped: 0, Time elapsed: 0 sec
Running org.fest.assertions.api.boolean_.BooleanAssert_usingDefaultComparator_Test
Tests run: 2, Failures: 0, Errors: 0, Skipped: 0, Time elapsed: 0 sec
Running org.fest.assertions.api.bigdecimal.BigDecimalAssert_isNegative_Test
Tests run: 2, Failures: 0, Errors: 0, Skipped: 0, Time elapsed: 0.005 sec
Running org.fest.assertions.api.bigdecimal.BigDecimalAssert_isZero_Test
Tests run: 2, Failures: 0, Errors: 0, Skipped: 0, Time elapsed: 0 sec
Running org.fest.assertions.api.bigdecimal.BigDecimalAssert_isEqualToWithStringParameter_Test
Tests run: 2, Failures: 0, Errors: 0, Skipped: 0, Time elapsed: 0.001 sec
Running org.fest.assertions.api.bigdecimal.BigDecimalAssert_isEqualByComparingToWithStringParameter_Test
Tests run: 2, Failures: 0, Errors: 0, Skipped: 0, Time elapsed: 0 sec
Running org.fest.assertions.api.bigdecimal.BigDecimalAssert_isNotNegative_Test
Tests run: 2, Failures: 0, Errors: 0, Skipped: 0, Time elapsed: 0 sec
Running org.fest.assertions.api.bigdecimal.BigDecimalAssert_isNotZero_Test
Tests run: 2, Failures: 0, Errors: 0, Skipped: 0, Time elapsed: 0 sec
Running org.fest.assertions.api.bigdecimal.BigDecimalAssert_usingDefaultComparator_Test
Tests run: 2, Failures: 0, Errors: 0, Skipped: 0, Time elapsed: 0 sec
Running org.fest.assertions.api.bigdecimal.BigDecimalAssert_isNotPositive_Test
Tests run: 2, Failures: 0, Errors: 0, Skipped: 0, Time elapsed: 0 sec
Running org.fest.assertions.api.bigdecimal.BigDecimalAssert_isPositive_Test
Tests run: 2, Failures: 0, Errors: 0, Skipped: 0, Time elapsed: 0.001 sec
Running org.fest.assertions.api.bigdecimal.BigDecimalAssert_usingComparator_Test
Tests run: 2, Failures: 0, Errors: 0, Skipped: 0, Time elapsed: 0 sec
Running org.fest.assertions.api.ComparableAssertion_should_be_flexible_Test
Tests run: 1, Failures: 0, Errors: 0, Skipped: 0, Time elapsed: 0 sec
Running org.fest.assertions.api.iterable.IterableAssert_isSubsetOf_Test
Tests run: 2, Failures: 0, Errors: 0, Skipped: 0, Time elapsed: 0.007 sec
Running org.fest.assertions.api.iterable.IterableAssert_haveExactly_Test
Tests run: 2, Failures: 0, Errors: 0, Skipped: 0, Time elapsed: 0 sec
Running org.fest.assertions.api.iterable.IterableAssert_doNotHaveExactly_Test
Tests run: 2, Failures: 0, Errors: 0, Skipped: 0, Time elapsed: 0 sec
Running org.fest.assertions.api.iterable.IterableAssert_areExactly_Test
Tests run: 2, Failures: 0, Errors: 0, Skipped: 0, Time elapsed: 0 sec
Running org.fest.assertions.api.iterable.IterableAssert_areNotExactly_Test
Tests run: 2, Failures: 0, Errors: 0, Skipped: 0, Time elapsed: 0.001 sec
Running org.fest.assertions.api.iterable.IterableAssert_containsOnly_Test
Tests run: 2, Failures: 0, Errors: 0, Skipped: 0, Time elapsed: 0 sec
Running org.fest.assertions.api.iterable.IterableAssert_containsExactly_Test
Tests run: 2, Failures: 0, Errors: 0, Skipped: 0, Time elapsed: 0 sec
Running org.fest.assertions.api.iterable.IterableAssert_areNotAtLeast_Test
Tests run: 2, Failures: 0, Errors: 0, Skipped: 0, Time elapsed: 0 sec
Running org.fest.assertions.api.iterable.IterableAssert_isNullOrEmpty_Test
Tests run: 3, Failures: 0, Errors: 0, Skipped: 0, Time elapsed: 0 sec
Running org.fest.assertions.api.iterable.IterableAssert_have_Test
Tests run: 2, Failures: 0, Errors: 0, Skipped: 0, Time elapsed: 0.001 sec
Running org.fest.assertions.api.iterable.IterableAssert_doesNotHaveDuplicates_Test
Tests run: 2, Failures: 0, Errors: 0, Skipped: 0, Time elapsed: 0 sec
Running org.fest.assertions.api.iterable.IterableAssert_haveAtLeast_Test
Tests run: 2, Failures: 0, Errors: 0, Skipped: 0, Time elapsed: 0.001 sec
Running org.fest.assertions.api.iterable.IterableAssert_hasSameSizeAs_with_Iterable_Test
Tests run: 2, Failures: 0, Errors: 0, Skipped: 0, Time elapsed: 0 sec
Running org.fest.assertions.api.iterable.IterableAssert_doesNotContainNull_Test
Tests run: 2, Failures: 0, Errors: 0, Skipped: 0, Time elapsed: 0 sec
Running org.fest.assertions.api.iterable.IterableAssert_doesNotContain_Test
Tests run: 2, Failures: 0, Errors: 0, Skipped: 0, Time elapsed: 0 sec
Running org.fest.assertions.api.iterable.IterableAssert_areNotAtMost_Test
Tests run: 2, Failures: 0, Errors: 0, Skipped: 0, Time elapsed: 0 sec
Running org.fest.assertions.api.iterable.IterableAssert_areNot_Test
Tests run: 2, Failures: 0, Errors: 0, Skipped: 0, Time elapsed: 0 sec
Running org.fest.assertions.api.iterable.IterableAssert_contains_Test
Tests run: 2, Failures: 0, Errors: 0, Skipped: 0, Time elapsed: 0 sec
Running org.fest.assertions.api.iterable.IterableAssert_haveAtMost_Test
Tests run: 2, Failures: 0, Errors: 0, Skipped: 0, Time elapsed: 0 sec
Running org.fest.assertions.api.iterable.IterableAssert_are_Test
Tests run: 2, Failures: 0, Errors: 0, Skipped: 0, Time elapsed: 0 sec
Running org.fest.assertions.api.iterable.IterableAssert_hasSize_Test
Tests run: 2, Failures: 0, Errors: 0, Skipped: 0, Time elapsed: 0 sec
Running org.fest.assertions.api.iterable.IterableAssert_isNotEmpty_Test
Tests run: 2, Failures: 0, Errors: 0, Skipped: 0, Time elapsed: 0 sec
Running org.fest.assertions.api.iterable.IterableAssert_doNotHaveAtMost_Test
Tests run: 2, Failures: 0, Errors: 0, Skipped: 0, Time elapsed: 0 sec
Running org.fest.assertions.api.iterable.IterableAssert_doNotHave_Test
Tests run: 2, Failures: 0, Errors: 0, Skipped: 0, Time elapsed: 0 sec
Running org.fest.assertions.api.iterable.IterableAssert_containsNull_Test
Tests run: 2, Failures: 0, Errors: 0, Skipped: 0, Time elapsed: 0.001 sec
Running org.fest.assertions.api.iterable.IterableAssert_endsWith_Test
Tests run: 2, Failures: 0, Errors: 0, Skipped: 0, Time elapsed: 0 sec
Running org.fest.assertions.api.iterable.IterableAssert_isEmpty_Test
Tests run: 2, Failures: 0, Errors: 0, Skipped: 0, Time elapsed: 0.001 sec
Running org.fest.assertions.api.iterable.IterableAssert_areAtLeast_Test
Tests run: 2, Failures: 0, Errors: 0, Skipped: 0, Time elapsed: 0 sec
Running org.fest.assertions.api.iterable.IterableAssert_containsAll_Test
Tests run: 2, Failures: 0, Errors: 0, Skipped: 0, Time elapsed: 0.001 sec
Running org.fest.assertions.api.iterable.IterableAssert_hasSameSizeAs_with_Array_Test
Tests run: 2, Failures: 0, Errors: 0, Skipped: 0, Time elapsed: 0.001 sec
Running org.fest.assertions.api.iterable.IterableAssert_doNotHaveAtLeast_Test
Tests run: 2, Failures: 0, Errors: 0, Skipped: 0, Time elapsed: 0 sec
Running org.fest.assertions.api.iterable.IterableAssert_containsSequence_Test
Tests run: 2, Failures: 0, Errors: 0, Skipped: 0, Time elapsed: 0.001 sec
Running org.fest.assertions.api.iterable.IterableAssert_startsWith_Test
Tests run: 2, Failures: 0, Errors: 0, Skipped: 0, Time elapsed: 0 sec
Running org.fest.assertions.api.iterable.IterableAssert_areAtMost_Test
Tests run: 2, Failures: 0, Errors: 0, Skipped: 0, Time elapsed: 0 sec
Running org.fest.assertions.api.Assertions_assertThat_with_primitive_char_Test
Tests run: 2, Failures: 0, Errors: 0, Skipped: 0, Time elapsed: 0 sec
Running org.fest.assertions.api.Assertions_assertThat_with_DoubleArray_Test
Tests run: 2, Failures: 0, Errors: 0, Skipped: 0, Time elapsed: 0 sec
Running org.fest.assertions.api.comparable.AbstractComparableAssert_isLessThan_Test
Tests run: 2, Failures: 0, Errors: 0, Skipped: 0, Time elapsed: 0 sec
Running org.fest.assertions.api.comparable.AbstractComparableAssert_isLessThanOrEqualTo_Test
Tests run: 2, Failures: 0, Errors: 0, Skipped: 0, Time elapsed: 0.001 sec
Running org.fest.assertions.api.comparable.AbstractComparableAssert_isGreaterThan_Test
Tests run: 2, Failures: 0, Errors: 0, Skipped: 0, Time elapsed: 0 sec
Running org.fest.assertions.api.comparable.AbstractComparableAssert_isGreaterThanOrEqualTo_Test
Tests run: 2, Failures: 0, Errors: 0, Skipped: 0, Time elapsed: 0.001 sec
Running org.fest.assertions.api.CollectionAssert_usingComparator_Test
Tests run: 2, Failures: 0, Errors: 0, Skipped: 0, Time elapsed: 0.001 sec
Running org.fest.assertions.api.Assertions_assertThat_with_primitive_boolean_Test
Tests run: 2, Failures: 0, Errors: 0, Skipped: 0, Time elapsed: 0 sec
Running org.fest.assertions.api.float_.FloatAssert_usingDefaultComparator_Test
Tests run: 2, Failures: 0, Errors: 0, Skipped: 0, Time elapsed: 0.006 sec
Running org.fest.assertions.api.float_.FloatAssert_isNaN_Test
Tests run: 2, Failures: 0, Errors: 0, Skipped: 0, Time elapsed: 0.001 sec
Running org.fest.assertions.api.float_.FloatAssert_isEqualTo_float_Test
Tests run: 2, Failures: 0, Errors: 0, Skipped: 0, Time elapsed: 0 sec
Running org.fest.assertions.api.float_.FloatAssert_isNegative_Test
Tests run: 2, Failures: 0, Errors: 0, Skipped: 0, Time elapsed: 0 sec
Running org.fest.assertions.api.float_.FloatAssert_isNotNaN_Test
Tests run: 2, Failures: 0, Errors: 0, Skipped: 0, Time elapsed: 0 sec
Running org.fest.assertions.api.float_.FloatAssert_isNotPositive_Test
Tests run: 2, Failures: 0, Errors: 0, Skipped: 0, Time elapsed: 0.001 sec
Running org.fest.assertions.api.float_.FloatAssert_usingComparator_Test
Tests run: 2, Failures: 0, Errors: 0, Skipped: 0, Time elapsed: 0 sec
Running org.fest.assertions.api.float_.FloatAssert_isNotEqualTo_float_Test
Tests run: 2, Failures: 0, Errors: 0, Skipped: 0, Time elapsed: 0 sec
Running org.fest.assertions.api.float_.FloatAssert_isLessThanOrEqualTo_float_Test
Tests run: 2, Failures: 0, Errors: 0, Skipped: 0, Time elapsed: 0 sec
Running org.fest.assertions.api.float_.FloatAssert_isEqualTo_with_offset_Test
Tests run: 2, Failures: 0, Errors: 0, Skipped: 0, Time elapsed: 0.001 sec
Running org.fest.assertions.api.float_.FloatAssert_isPositive_Test
Tests run: 2, Failures: 0, Errors: 0, Skipped: 0, Time elapsed: 0 sec
Running org.fest.assertions.api.float_.FloatAssert_isLessThan_float_Test
Tests run: 2, Failures: 0, Errors: 0, Skipped: 0, Time elapsed: 0 sec
Running org.fest.assertions.api.float_.FloatAssert_isNotNegative_Test
Tests run: 2, Failures: 0, Errors: 0, Skipped: 0, Time elapsed: 0.001 sec
Running org.fest.assertions.api.float_.FloatAssert_isGreaterThanOrEqualTo_float_Test
Tests run: 2, Failures: 0, Errors: 0, Skipped: 0, Time elapsed: 0 sec
Running org.fest.assertions.api.float_.FloatAssert_isZero_Test
Tests run: 2, Failures: 0, Errors: 0, Skipped: 0, Time elapsed: 0.001 sec
Running org.fest.assertions.api.float_.FloatAssert_isNotZero_Test
Tests run: 2, Failures: 0, Errors: 0, Skipped: 0, Time elapsed: 0 sec
Running org.fest.assertions.api.float_.FloatAssert_isGreaterThan_float_Test
Tests run: 2, Failures: 0, Errors: 0, Skipped: 0, Time elapsed: 0.001 sec
Running org.fest.assertions.api.float_.FloatAssert_isEqualTo_float_with_offset_Test
Tests run: 2, Failures: 0, Errors: 0, Skipped: 0, Time elapsed: 0 sec
Running org.fest.assertions.api.Assertions_assertThat_with_Float_Test
Tests run: 2, Failures: 0, Errors: 0, Skipped: 0, Time elapsed: 0.001 sec
Running org.fest.assertions.api.floatarray.FloatArrayAssert_hasSameSizeAs_with_Iterable_Test
Tests run: 2, Failures: 0, Errors: 0, Skipped: 0, Time elapsed: 0.004 sec
Running org.fest.assertions.api.floatarray.FloatArrayAssert_usingComparator_Test
Tests run: 2, Failures: 0, Errors: 0, Skipped: 0, Time elapsed: 0.001 sec
Running org.fest.assertions.api.floatarray.FloatArrayAssert_containsSequence_Test
Tests run: 2, Failures: 0, Errors: 0, Skipped: 0, Time elapsed: 0.001 sec
Running org.fest.assertions.api.floatarray.FloatArrayAssert_usingDefaultComparator_Test
Tests run: 2, Failures: 0, Errors: 0, Skipped: 0, Time elapsed: 0 sec
Running org.fest.assertions.api.floatarray.FloatArrayAssert_hasSize_Test
Tests run: 2, Failures: 0, Errors: 0, Skipped: 0, Time elapsed: 0 sec
Running org.fest.assertions.api.floatarray.FloatArrayAssert_doesNotHaveDuplicates_Test
Tests run: 2, Failures: 0, Errors: 0, Skipped: 0, Time elapsed: 0 sec
Running org.fest.assertions.api.floatarray.FloatArrayAssert_isSortedAccordingToComparator_Test
Tests run: 2, Failures: 0, Errors: 0, Skipped: 0, Time elapsed: 0 sec
Running org.fest.assertions.api.floatarray.FloatArrayAssert_containsOnly_Test
Tests run: 2, Failures: 0, Errors: 0, Skipped: 0, Time elapsed: 0.001 sec
Running org.fest.assertions.api.floatarray.FloatArrayAssert_isNullOrEmpty_Test
Tests run: 2, Failures: 0, Errors: 0, Skipped: 0, Time elapsed: 0 sec
Running org.fest.assertions.api.floatarray.FloatArrayAssert_usingDefaultElementComparator_Test
Tests run: 2, Failures: 0, Errors: 0, Skipped: 0, Time elapsed: 0.001 sec
Running org.fest.assertions.api.floatarray.FloatArrayAssert_hasSameSizeAs_with_Array_Test
Tests run: 2, Failures: 0, Errors: 0, Skipped: 0, Time elapsed: 0 sec
Running org.fest.assertions.api.floatarray.FloatArrayAssert_doesNotContain_at_Index_Test
Tests run: 2, Failures: 0, Errors: 0, Skipped: 0, Time elapsed: 0 sec
Running org.fest.assertions.api.floatarray.FloatArrayAssert_contains_Test
Tests run: 2, Failures: 0, Errors: 0, Skipped: 0, Time elapsed: 0 sec
Running org.fest.assertions.api.floatarray.FloatArrayAssert_startsWith_Test
Tests run: 2, Failures: 0, Errors: 0, Skipped: 0, Time elapsed: 0 sec
Running org.fest.assertions.api.floatarray.FloatArrayAssert_isNotEmpty_Test
Tests run: 2, Failures: 0, Errors: 0, Skipped: 0, Time elapsed: 0 sec
Running org.fest.assertions.api.floatarray.FloatArrayAssert_isSorted_Test
Tests run: 2, Failures: 0, Errors: 0, Skipped: 0, Time elapsed: 0 sec
Running org.fest.assertions.api.floatarray.FloatArrayAssert_isEmpty_Test
Tests run: 2, Failures: 0, Errors: 0, Skipped: 0, Time elapsed: 0 sec
Running org.fest.assertions.api.floatarray.FloatArrayAssert_contains_at_Index_Test
Tests run: 2, Failures: 0, Errors: 0, Skipped: 0, Time elapsed: 0 sec
Running org.fest.assertions.api.floatarray.FloatArrayAssert_doesNotContain_Test
Tests run: 2, Failures: 0, Errors: 0, Skipped: 0, Time elapsed: 0 sec
Running org.fest.assertions.api.floatarray.FloatArrayAssert_usingElementComparator_Test
Tests run: 2, Failures: 0, Errors: 0, Skipped: 0, Time elapsed: 0 sec
Running org.fest.assertions.api.floatarray.FloatArrayAssert_endsWith_Test
Tests run: 2, Failures: 0, Errors: 0, Skipped: 0, Time elapsed: 0 sec
Running org.fest.assertions.api.Assertions_assertThat_with_Character_Test
Tests run: 2, Failures: 0, Errors: 0, Skipped: 0, Time elapsed: 0 sec
Running org.fest.assertions.api.Assertions_assertThat_with_ByteArray_Test
Tests run: 2, Failures: 0, Errors: 0, Skipped: 0, Time elapsed: 0 sec
Running org.fest.assertions.api.Assertions_assertThat_with_Integer_Test
Tests run: 2, Failures: 0, Errors: 0, Skipped: 0, Time elapsed: 0 sec
Running org.fest.assertions.api.list.ListAssert_contains_at_Index_Test
Tests run: 2, Failures: 0, Errors: 0, Skipped: 0, Time elapsed: 0.003 sec
Running org.fest.assertions.api.list.ListAssert_is_at_Index_Test
Tests run: 2, Failures: 0, Errors: 0, Skipped: 0, Time elapsed: 0 sec
Running org.fest.assertions.api.list.ListAssert_doesNotContain_at_Index_Test
Tests run: 2, Failures: 0, Errors: 0, Skipped: 0, Time elapsed: 0 sec
Running org.fest.assertions.api.list.ListAssert_usingComparator_Test
Tests run: 2, Failures: 0, Errors: 0, Skipped: 0, Time elapsed: 0.001 sec
Running org.fest.assertions.api.list.ListAssert_isSortedAccordingToComparator_Test
Tests run: 2, Failures: 0, Errors: 0, Skipped: 0, Time elapsed: 0 sec
Running org.fest.assertions.api.list.ListAssert_isSorted_Test
Tests run: 2, Failures: 0, Errors: 0, Skipped: 0, Time elapsed: 0 sec
Running org.fest.assertions.api.list.ListAssert_has_at_Index_Test
Tests run: 2, Failures: 0, Errors: 0, Skipped: 0, Time elapsed: 0 sec
Running org.fest.assertions.api.list.ListAssert_usingDefaultComparator_Test
Tests run: 2, Failures: 0, Errors: 0, Skipped: 0, Time elapsed: 0.001 sec
Running org.fest.assertions.api.Assertions_assertThat_with_String_Test
Tests run: 2, Failures: 0, Errors: 0, Skipped: 0, Time elapsed: 0 sec
Running org.fest.assertions.api.character.CharacterAssert_usingComparator_Test
Tests run: 2, Failures: 0, Errors: 0, Skipped: 0, Time elapsed: 0.004 sec
Running org.fest.assertions.api.character.CharacterAssert_isLessThan_char_Test
Tests run: 2, Failures: 0, Errors: 0, Skipped: 0, Time elapsed: 0 sec
Running org.fest.assertions.api.character.CharacterAssert_isNotEqualTo_char_Test
Tests run: 2, Failures: 0, Errors: 0, Skipped: 0, Time elapsed: 0 sec
Running org.fest.assertions.api.character.CharacterAssert_isEqualTo_char_Test
Tests run: 2, Failures: 0, Errors: 0, Skipped: 0, Time elapsed: 0 sec
Running org.fest.assertions.api.character.CharacterAssert_isLowerCase_Test
Tests run: 2, Failures: 0, Errors: 0, Skipped: 0, Time elapsed: 0.001 sec
Running org.fest.assertions.api.character.CharacterAssert_isGreaterThan_char_Test
Tests run: 2, Failures: 0, Errors: 0, Skipped: 0, Time elapsed: 0 sec
Running org.fest.assertions.api.character.CharacterAssert_usingDefaultComparator_Test
Tests run: 2, Failures: 0, Errors: 0, Skipped: 0, Time elapsed: 0 sec
Running org.fest.assertions.api.character.CharacterAssert_isLessThanOrEqualTo_char_Test
Tests run: 2, Failures: 0, Errors: 0, Skipped: 0, Time elapsed: 0 sec
Running org.fest.assertions.api.character.CharacterAssert_isUpperCase_Test
Tests run: 2, Failures: 0, Errors: 0, Skipped: 0, Time elapsed: 0 sec
Running org.fest.assertions.api.character.CharacterAssert_isGreaterThanOrEqualTo_char_Test
Tests run: 2, Failures: 0, Errors: 0, Skipped: 0, Time elapsed: 0 sec
Running org.fest.assertions.api.Assertions_assertThat_with_primitive_int_Test
Tests run: 2, Failures: 0, Errors: 0, Skipped: 0, Time elapsed: 0 sec
Running org.fest.assertions.api.long_.LongAssert_isPositive_Test
Tests run: 2, Failures: 0, Errors: 0, Skipped: 0, Time elapsed: 0.004 sec
Running org.fest.assertions.api.long_.LongAssert_isNotNegative_Test
Tests run: 2, Failures: 0, Errors: 0, Skipped: 0, Time elapsed: 0 sec
Running org.fest.assertions.api.long_.LongAssert_usingComparator_Test
Tests run: 2, Failures: 0, Errors: 0, Skipped: 0, Time elapsed: 0 sec
Running org.fest.assertions.api.long_.LongAssert_isNotPositive_Test
Tests run: 2, Failures: 0, Errors: 0, Skipped: 0, Time elapsed: 0.001 sec
Running org.fest.assertions.api.long_.LongAssert_isLessThan_long_Test
Tests run: 2, Failures: 0, Errors: 0, Skipped: 0, Time elapsed: 0 sec
Running org.fest.assertions.api.long_.LongAssert_usingDefaultComparator_Test
Tests run: 2, Failures: 0, Errors: 0, Skipped: 0, Time elapsed: 0.001 sec
Running org.fest.assertions.api.long_.LongAssert_isLessThanOrEqualTo_long_Test
Tests run: 2, Failures: 0, Errors: 0, Skipped: 0, Time elapsed: 0 sec
Running org.fest.assertions.api.long_.LongAssert_isNotEqualTo_long_Test
Tests run: 2, Failures: 0, Errors: 0, Skipped: 0, Time elapsed: 0 sec
Running org.fest.assertions.api.long_.LongAssert_isNotZero_Test
Tests run: 2, Failures: 0, Errors: 0, Skipped: 0, Time elapsed: 0 sec
Running org.fest.assertions.api.long_.LongAssert_isGreaterThan_long_Test
Tests run: 2, Failures: 0, Errors: 0, Skipped: 0, Time elapsed: 0 sec
Running org.fest.assertions.api.long_.LongAssert_isZero_Test
Tests run: 2, Failures: 0, Errors: 0, Skipped: 0, Time elapsed: 0 sec
Running org.fest.assertions.api.long_.LongAssert_isGreaterThanOrEqualTo_long_Test
Tests run: 2, Failures: 0, Errors: 0, Skipped: 0, Time elapsed: 0 sec
Running org.fest.assertions.api.long_.LongAssert_isEqualTo_long_Test
Tests run: 2, Failures: 0, Errors: 0, Skipped: 0, Time elapsed: 0 sec
Running org.fest.assertions.api.long_.LongAssert_isNegative_Test
Tests run: 2, Failures: 0, Errors: 0, Skipped: 0, Time elapsed: 0.001 sec
Running org.fest.assertions.api.booleanarray.BooleanArrayAssert_usingDefaultElementComparator_Test
Tests run: 2, Failures: 0, Errors: 0, Skipped: 0, Time elapsed: 0.003 sec
Running org.fest.assertions.api.booleanarray.BooleanArrayAssert_doesNotContain_at_Index_Test
Tests run: 2, Failures: 0, Errors: 0, Skipped: 0, Time elapsed: 0 sec
Running org.fest.assertions.api.booleanarray.BooleanArrayAssert_contains_at_Index_Test
Tests run: 2, Failures: 0, Errors: 0, Skipped: 0, Time elapsed: 0 sec
Running org.fest.assertions.api.booleanarray.BooleanArrayAssert_usingComparator_Test
Tests run: 2, Failures: 0, Errors: 0, Skipped: 0, Time elapsed: 0 sec
Running org.fest.assertions.api.booleanarray.BooleanArrayAssert_usingElementComparator_Test
Tests run: 2, Failures: 0, Errors: 0, Skipped: 0, Time elapsed: 0 sec
Running org.fest.assertions.api.booleanarray.BooleanArrayAssert_doesNotContain_Test
Tests run: 2, Failures: 0, Errors: 0, Skipped: 0, Time elapsed: 0 sec
Running org.fest.assertions.api.booleanarray.BooleanArrayAssert_doesNotHaveDuplicates_Test
Tests run: 2, Failures: 0, Errors: 0, Skipped: 0, Time elapsed: 0 sec
Running org.fest.assertions.api.booleanarray.BooleanArrayAssert_usingDefaultComparator_Test
Tests run: 2, Failures: 0, Errors: 0, Skipped: 0, Time elapsed: 0 sec
Running org.fest.assertions.api.booleanarray.BooleanArrayAssert_isSorted_Test
Tests run: 2, Failures: 0, Errors: 0, Skipped: 0, Time elapsed: 0 sec
Running org.fest.assertions.api.booleanarray.BooleanArrayAssert_hasSameSizeAs_with_Array_Test
Tests run: 2, Failures: 0, Errors: 0, Skipped: 0, Time elapsed: 0 sec
Running org.fest.assertions.api.booleanarray.BooleanArrayAssert_endsWith_Test
Tests run: 2, Failures: 0, Errors: 0, Skipped: 0, Time elapsed: 0 sec
Running org.fest.assertions.api.booleanarray.BooleanArrayAssert_startsWith_Test
Tests run: 2, Failures: 0, Errors: 0, Skipped: 0, Time elapsed: 0 sec
Running org.fest.assertions.api.booleanarray.BooleanArrayAssert_contains_Test
Tests run: 2, Failures: 0, Errors: 0, Skipped: 0, Time elapsed: 0 sec
Running org.fest.assertions.api.booleanarray.BooleanArrayAssert_isNotEmpty_Test
Tests run: 2, Failures: 0, Errors: 0, Skipped: 0, Time elapsed: 0 sec
Running org.fest.assertions.api.booleanarray.BooleanArrayAssert_isNullOrEmpty_Test
Tests run: 2, Failures: 0, Errors: 0, Skipped: 0, Time elapsed: 0 sec
Running org.fest.assertions.api.booleanarray.BooleanArrayAssert_containsOnly_Test
Tests run: 2, Failures: 0, Errors: 0, Skipped: 0, Time elapsed: 0 sec
Running org.fest.assertions.api.booleanarray.BooleanArrayAssert_isEmpty_Test
Tests run: 2, Failures: 0, Errors: 0, Skipped: 0, Time elapsed: 0 sec
Running org.fest.assertions.api.booleanarray.BooleanArrayAssert_isSortedAccordingToComparator_Test
Tests run: 2, Failures: 0, Errors: 0, Skipped: 0, Time elapsed: 0.001 sec
Running org.fest.assertions.api.booleanarray.BooleanArrayAssert_hasSize_Test
Tests run: 2, Failures: 0, Errors: 0, Skipped: 0, Time elapsed: 0 sec
Running org.fest.assertions.api.booleanarray.BooleanArrayAssert_hasSameSizeAs_with_Iterable_Test
Tests run: 2, Failures: 0, Errors: 0, Skipped: 0, Time elapsed: 0.001 sec
Running org.fest.assertions.api.booleanarray.BooleanArrayAssert_containsSequence_Test
Tests run: 2, Failures: 0, Errors: 0, Skipped: 0, Time elapsed: 0 sec
Running org.fest.assertions.api.intarray.IntArrayAssert_doesNotContain_at_Index_Test
Tests run: 2, Failures: 0, Errors: 0, Skipped: 0, Time elapsed: 0.003 sec
Running org.fest.assertions.api.intarray.IntArrayAssert_usingElementComparator_Test
Tests run: 2, Failures: 0, Errors: 0, Skipped: 0, Time elapsed: 0 sec
Running org.fest.assertions.api.intarray.IntArrayAssert_hasSameSizeAs_with_Iterable_Test
Tests run: 2, Failures: 0, Errors: 0, Skipped: 0, Time elapsed: 0 sec
Running org.fest.assertions.api.intarray.IntArrayAssert_hasSameSizeAs_with_Array_Test
Tests run: 2, Failures: 0, Errors: 0, Skipped: 0, Time elapsed: 0 sec
Running org.fest.assertions.api.intarray.IntArrayAssert_contains_at_Index_Test
Tests run: 2, Failures: 0, Errors: 0, Skipped: 0, Time elapsed: 0 sec
Running org.fest.assertions.api.intarray.IntArrayAssert_endsWith_Test
Tests run: 2, Failures: 0, Errors: 0, Skipped: 0, Time elapsed: 0 sec
Running org.fest.assertions.api.intarray.IntArrayAssert_isEmpty_Test
Tests run: 2, Failures: 0, Errors: 0, Skipped: 0, Time elapsed: 0 sec
Running org.fest.assertions.api.intarray.IntArrayAssert_usingComparator_Test
Tests run: 2, Failures: 0, Errors: 0, Skipped: 0, Time elapsed: 0 sec
Running org.fest.assertions.api.intarray.IntArrayAssert_doesNotHaveDuplicates_Test
Tests run: 2, Failures: 0, Errors: 0, Skipped: 0, Time elapsed: 0 sec
Running org.fest.assertions.api.intarray.IntArrayAssert_isSortedAccordingToComparator_Test
Tests run: 2, Failures: 0, Errors: 0, Skipped: 0, Time elapsed: 0 sec
Running org.fest.assertions.api.intarray.IntArrayAssert_contains_Test
Tests run: 2, Failures: 0, Errors: 0, Skipped: 0, Time elapsed: 0 sec
Running org.fest.assertions.api.intarray.IntArrayAssert_isSorted_Test
Tests run: 2, Failures: 0, Errors: 0, Skipped: 0, Time elapsed: 0.001 sec
Running org.fest.assertions.api.intarray.IntArrayAssert_hasSize_Test
Tests run: 2, Failures: 0, Errors: 0, Skipped: 0, Time elapsed: 0 sec
Running org.fest.assertions.api.intarray.IntArrayAssert_usingDefaultComparator_Test
Tests run: 2, Failures: 0, Errors: 0, Skipped: 0, Time elapsed: 0.001 sec
Running org.fest.assertions.api.intarray.IntArrayAssert_isNullOrEmpty_Test
Tests run: 2, Failures: 0, Errors: 0, Skipped: 0, Time elapsed: 0.001 sec
Running org.fest.assertions.api.intarray.IntArrayAssert_containsSequence_Test
Tests run: 2, Failures: 0, Errors: 0, Skipped: 0, Time elapsed: 0 sec
Running org.fest.assertions.api.intarray.IntArrayAssert_usingDefaultElementComparator_Test
Tests run: 2, Failures: 0, Errors: 0, Skipped: 0, Time elapsed: 0 sec
Running org.fest.assertions.api.intarray.IntArrayAssert_startsWith_Test
Tests run: 2, Failures: 0, Errors: 0, Skipped: 0, Time elapsed: 0 sec
Running org.fest.assertions.api.intarray.IntArrayAssert_doesNotContain_Test
Tests run: 2, Failures: 0, Errors: 0, Skipped: 0, Time elapsed: 0 sec
Running org.fest.assertions.api.intarray.IntArrayAssert_containsOnly_Test
Tests run: 2, Failures: 0, Errors: 0, Skipped: 0, Time elapsed: 0.001 sec
Running org.fest.assertions.api.intarray.IntArrayAssert_isNotEmpty_Test
Tests run: 2, Failures: 0, Errors: 0, Skipped: 0, Time elapsed: 0 sec
Running org.fest.assertions.api.Assertions_assertThat_with_primitive_long_Test
Tests run: 2, Failures: 0, Errors: 0, Skipped: 0, Time elapsed: 0 sec
Running org.fest.assertions.api.Assertions_assertThat_with_Byte_Test
Tests run: 2, Failures: 0, Errors: 0, Skipped: 0, Time elapsed: 0 sec
Running org.fest.assertions.api.Assertions_assertThat_with_primitive_float_Test
Tests run: 2, Failures: 0, Errors: 0, Skipped: 0, Time elapsed: 0.001 sec
Running org.fest.assertions.api.doublearray.DoubleArrayAssert_usingDefaultElementComparator_Test
Tests run: 2, Failures: 0, Errors: 0, Skipped: 0, Time elapsed: 0.003 sec
Running org.fest.assertions.api.doublearray.DoubleArrayAssert_isEmpty_Test
Tests run: 2, Failures: 0, Errors: 0, Skipped: 0, Time elapsed: 0 sec
Running org.fest.assertions.api.doublearray.DoubleArrayAssert_hasSize_Test
Tests run: 2, Failures: 0, Errors: 0, Skipped: 0, Time elapsed: 0.001 sec
Running org.fest.assertions.api.doublearray.DoubleArrayAssert_usingComparator_Test
Tests run: 2, Failures: 0, Errors: 0, Skipped: 0, Time elapsed: 0 sec
Running org.fest.assertions.api.doublearray.DoubleArrayAssert_containsOnly_Test
Tests run: 2, Failures: 0, Errors: 0, Skipped: 0, Time elapsed: 0 sec
Running org.fest.assertions.api.doublearray.DoubleArrayAssert_usingDefaultComparator_Test
Tests run: 2, Failures: 0, Errors: 0, Skipped: 0, Time elapsed: 0 sec
Running org.fest.assertions.api.doublearray.DoubleArrayAssert_usingElementComparator_Test
Tests run: 2, Failures: 0, Errors: 0, Skipped: 0, Time elapsed: 0 sec
Running org.fest.assertions.api.doublearray.DoubleArrayAssert_hasSameSizeAs_with_Iterable_Test
Tests run: 2, Failures: 0, Errors: 0, Skipped: 0, Time elapsed: 0 sec
Running org.fest.assertions.api.doublearray.DoubleArrayAssert_isSortedAccordingToComparator_Test
Tests run: 2, Failures: 0, Errors: 0, Skipped: 0, Time elapsed: 0 sec
Running org.fest.assertions.api.doublearray.DoubleArrayAssert_contains_at_Index_Test
Tests run: 2, Failures: 0, Errors: 0, Skipped: 0, Time elapsed: 0 sec
Running org.fest.assertions.api.doublearray.DoubleArrayAssert_doesNotHaveDuplicates_Test
Tests run: 2, Failures: 0, Errors: 0, Skipped: 0, Time elapsed: 0 sec
Running org.fest.assertions.api.doublearray.DoubleArrayAssert_doesNotContain_at_Index_Test
Tests run: 2, Failures: 0, Errors: 0, Skipped: 0, Time elapsed: 0 sec
Running org.fest.assertions.api.doublearray.DoubleArrayAssert_startsWith_Test
Tests run: 2, Failures: 0, Errors: 0, Skipped: 0, Time elapsed: 0 sec
Running org.fest.assertions.api.doublearray.DoubleArrayAssert_isNotEmpty_Test
Tests run: 2, Failures: 0, Errors: 0, Skipped: 0, Time elapsed: 0 sec
Running org.fest.assertions.api.doublearray.DoubleArrayAssert_doesNotContain_Test
Tests run: 2, Failures: 0, Errors: 0, Skipped: 0, Time elapsed: 0 sec
Running org.fest.assertions.api.doublearray.DoubleArrayAssert_isSorted_Test
Tests run: 2, Failures: 0, Errors: 0, Skipped: 0, Time elapsed: 0 sec
Running org.fest.assertions.api.doublearray.DoubleArrayAssert_hasSameSizeAs_with_Array_Test
Tests run: 2, Failures: 0, Errors: 0, Skipped: 0, Time elapsed: 0 sec
Running org.fest.assertions.api.doublearray.DoubleArrayAssert_contains_Test
Tests run: 2, Failures: 0, Errors: 0, Skipped: 0, Time elapsed: 0 sec
Running org.fest.assertions.api.doublearray.DoubleArrayAssert_isNullOrEmpty_Test
Tests run: 2, Failures: 0, Errors: 0, Skipped: 0, Time elapsed: 0 sec
Running org.fest.assertions.api.doublearray.DoubleArrayAssert_containsSequence_Test
Tests run: 2, Failures: 0, Errors: 0, Skipped: 0, Time elapsed: 0 sec
Running org.fest.assertions.api.doublearray.DoubleArrayAssert_endsWith_Test
Tests run: 2, Failures: 0, Errors: 0, Skipped: 0, Time elapsed: 0 sec
Running org.fest.assertions.api.Assertions_assertThat_with_ShortArray_Test
Tests run: 2, Failures: 0, Errors: 0, Skipped: 0, Time elapsed: 0 sec
Running org.fest.assertions.api.shortarray.ShortArrayAssert_isSortedAccordingToComparator_Test
Tests run: 2, Failures: 0, Errors: 0, Skipped: 0, Time elapsed: 0.001 sec
Running org.fest.assertions.api.shortarray.ShortArrayAssert_usingComparator_Test
Tests run: 2, Failures: 0, Errors: 0, Skipped: 0, Time elapsed: 0.002 sec
Running org.fest.assertions.api.shortarray.ShortArrayAssert_contains_Test
Tests run: 2, Failures: 0, Errors: 0, Skipped: 0, Time elapsed: 0 sec
Running org.fest.assertions.api.shortarray.ShortArrayAssert_hasSameSizeAs_with_Array_Test
Tests run: 2, Failures: 0, Errors: 0, Skipped: 0, Time elapsed: 0.001 sec
Running org.fest.assertions.api.shortarray.ShortArrayAssert_doesNotHaveDuplicates_Test
Tests run: 2, Failures: 0, Errors: 0, Skipped: 0, Time elapsed: 0 sec
Running org.fest.assertions.api.shortarray.ShortArrayAssert_doesNotContain_Test
Tests run: 2, Failures: 0, Errors: 0, Skipped: 0, Time elapsed: 0 sec
Running org.fest.assertions.api.shortarray.ShortArrayAssert_containsOnly_Test
Tests run: 2, Failures: 0, Errors: 0, Skipped: 0, Time elapsed: 0.001 sec
Running org.fest.assertions.api.shortarray.ShortArrayAssert_endsWith_Test
Tests run: 2, Failures: 0, Errors: 0, Skipped: 0, Time elapsed: 0 sec
Running org.fest.assertions.api.shortarray.ShortArrayAssert_doesNotContain_at_Index_Test
Tests run: 2, Failures: 0, Errors: 0, Skipped: 0, Time elapsed: 0 sec
Running org.fest.assertions.api.shortarray.ShortArrayAssert_hasSameSizeAs_with_Iterable_Test
Tests run: 2, Failures: 0, Errors: 0, Skipped: 0, Time elapsed: 0 sec
Running org.fest.assertions.api.shortarray.ShortArrayAssert_startsWith_Test
Tests run: 2, Failures: 0, Errors: 0, Skipped: 0, Time elapsed: 0 sec
Running org.fest.assertions.api.shortarray.ShortArrayAssert_hasSize_Test
Tests run: 2, Failures: 0, Errors: 0, Skipped: 0, Time elapsed: 0 sec
Running org.fest.assertions.api.shortarray.ShortArrayAssert_isEmpty_Test
Tests run: 2, Failures: 0, Errors: 0, Skipped: 0, Time elapsed: 0 sec
Running org.fest.assertions.api.shortarray.ShortArrayAssert_usingElementComparator_Test
Tests run: 2, Failures: 0, Errors: 0, Skipped: 0, Time elapsed: 0.001 sec
Running org.fest.assertions.api.shortarray.ShortArrayAssert_usingDefaultElementComparator_Test
Tests run: 2, Failures: 0, Errors: 0, Skipped: 0, Time elapsed: 0 sec
Running org.fest.assertions.api.shortarray.ShortArrayAssert_isSorted_Test
Tests run: 2, Failures: 0, Errors: 0, Skipped: 0, Time elapsed: 0 sec
Running org.fest.assertions.api.shortarray.ShortArrayAssert_isNullOrEmpty_Test
Tests run: 2, Failures: 0, Errors: 0, Skipped: 0, Time elapsed: 0.001 sec
Running org.fest.assertions.api.shortarray.ShortArrayAssert_containsSequence_Test
Tests run: 2, Failures: 0, Errors: 0, Skipped: 0, Time elapsed: 0 sec
Running org.fest.assertions.api.shortarray.ShortArrayAssert_isNotEmpty_Test
Tests run: 2, Failures: 0, Errors: 0, Skipped: 0, Time elapsed: 0 sec
Running org.fest.assertions.api.shortarray.ShortArrayAssert_usingDefaultComparator_Test
Tests run: 2, Failures: 0, Errors: 0, Skipped: 0, Time elapsed: 0.001 sec
Running org.fest.assertions.api.shortarray.ShortArrayAssert_contains_at_Index_Test
Tests run: 2, Failures: 0, Errors: 0, Skipped: 0, Time elapsed: 0 sec
Running org.fest.assertions.api.Assertions_assertThat_with_LongArray_Test
Tests run: 2, Failures: 0, Errors: 0, Skipped: 0, Time elapsed: 0.001 sec
Running org.fest.assertions.api.Assertions_assertThat_with_Boolean_Test
Tests run: 2, Failures: 0, Errors: 0, Skipped: 0, Time elapsed: 0 sec
Running org.fest.assertions.api.string.StringAssert_usingCustomComparator_Test
Tests run: 2, Failures: 0, Errors: 0, Skipped: 0, Time elapsed: 0.003 sec
Running org.fest.assertions.api.string.StringAssert_doesNotContain_Test
Tests run: 2, Failures: 0, Errors: 0, Skipped: 0, Time elapsed: 0 sec
Running org.fest.assertions.api.string.StringAssert_isNotEmpty_Test
Tests run: 2, Failures: 0, Errors: 0, Skipped: 0, Time elapsed: 0 sec
Running org.fest.assertions.api.string.StringAssert_hasSize_Test
Tests run: 2, Failures: 0, Errors: 0, Skipped: 0, Time elapsed: 0 sec
Running org.fest.assertions.api.string.StringAssert_isEmpty_Test
Tests run: 2, Failures: 0, Errors: 0, Skipped: 0, Time elapsed: 0 sec
Running org.fest.assertions.api.string.StringAssert_containsOnlyOnce_Test
Tests run: 2, Failures: 0, Errors: 0, Skipped: 0, Time elapsed: 0 sec
Running org.fest.assertions.api.string.StringAssert_contains_String_Test
Tests run: 2, Failures: 0, Errors: 0, Skipped: 0, Time elapsed: 0 sec
Running org.fest.assertions.api.string.StringAssert_isNullOrEmpty_Test
Tests run: 2, Failures: 0, Errors: 0, Skipped: 0, Time elapsed: 0 sec
Running org.fest.assertions.api.string.StringAssert_startsWith_Test
Tests run: 2, Failures: 0, Errors: 0, Skipped: 0, Time elapsed: 0 sec
Running org.fest.assertions.api.string.StringAssert_endsWith_Test
Tests run: 2, Failures: 0, Errors: 0, Skipped: 0, Time elapsed: 0 sec
Running org.fest.assertions.api.string.StringAssert_containsIgnoringCase_String_Test
Tests run: 2, Failures: 0, Errors: 0, Skipped: 0, Time elapsed: 0.001 sec
Running org.fest.assertions.api.string.StringAssert_doesNotMatch_String_Test
Tests run: 2, Failures: 0, Errors: 0, Skipped: 0, Time elapsed: 0 sec
Running org.fest.assertions.api.string.StringAssert_doesNotMatch_Pattern_Test
Tests run: 2, Failures: 0, Errors: 0, Skipped: 0, Time elapsed: 0.001 sec
Running org.fest.assertions.api.string.StringAssert_usingDefaultComparator_Test
Tests run: 2, Failures: 0, Errors: 0, Skipped: 0, Time elapsed: 0 sec
Running org.fest.assertions.api.string.StringAssert_hasSameSizeAs_with_Array_Test
Tests run: 2, Failures: 0, Errors: 0, Skipped: 0, Time elapsed: 0 sec
Running org.fest.assertions.api.string.StringAssert_matches_Pattern_Test
Tests run: 2, Failures: 0, Errors: 0, Skipped: 0, Time elapsed: 0 sec
Running org.fest.assertions.api.string.StringAssert_hasSameSizeAs_with_Iterable_Test
Tests run: 2, Failures: 0, Errors: 0, Skipped: 0, Time elapsed: 0.001 sec
Running org.fest.assertions.api.string.StringAssert_isEqualToIgnoringCase_Test
Tests run: 2, Failures: 0, Errors: 0, Skipped: 0, Time elapsed: 0 sec
Running org.fest.assertions.api.string.StringAssert_matches_String_Test
Tests run: 2, Failures: 0, Errors: 0, Skipped: 0, Time elapsed: 0.001 sec
Running org.fest.assertions.api.Assertions_assertThat_with_ObjectArray_Test
Tests run: 2, Failures: 0, Errors: 0, Skipped: 0, Time elapsed: 0.001 sec
Running org.fest.assertions.api.Assertions_assertThat_with_Iterable_Test
Tests run: 2, Failures: 0, Errors: 0, Skipped: 0, Time elapsed: 0.001 sec
Running org.fest.assertions.api.chararray.CharArrayAssert_doesNotContain_Test
Tests run: 2, Failures: 0, Errors: 0, Skipped: 0, Time elapsed: 0 sec
Running org.fest.assertions.api.chararray.CharArrayAssert_isNullOrEmpty_Test
Tests run: 2, Failures: 0, Errors: 0, Skipped: 0, Time elapsed: 0 sec
Running org.fest.assertions.api.chararray.CharArrayAssert_containsSequence_Test
Tests run: 2, Failures: 0, Errors: 0, Skipped: 0, Time elapsed: 0.001 sec
Running org.fest.assertions.api.chararray.CharArrayAssert_hasSameSizeAs_with_Iterable_Test
Tests run: 2, Failures: 0, Errors: 0, Skipped: 0, Time elapsed: 0 sec
Running org.fest.assertions.api.chararray.CharArrayAssert_containsOnly_Test
Tests run: 2, Failures: 0, Errors: 0, Skipped: 0, Time elapsed: 0 sec
Running org.fest.assertions.api.chararray.CharArrayAssert_usingElementComparator_Test
Tests run: 2, Failures: 0, Errors: 0, Skipped: 0, Time elapsed: 0 sec
Running org.fest.assertions.api.chararray.CharArrayAssert_doesNotHaveDuplicates_Test
Tests run: 2, Failures: 0, Errors: 0, Skipped: 0, Time elapsed: 0 sec
Running org.fest.assertions.api.chararray.CharArrayAssert_contains_Test
Tests run: 2, Failures: 0, Errors: 0, Skipped: 0, Time elapsed: 0 sec
Running org.fest.assertions.api.chararray.CharArrayAssert_isSorted_Test
Tests run: 2, Failures: 0, Errors: 0, Skipped: 0, Time elapsed: 0.001 sec
Running org.fest.assertions.api.chararray.CharArrayAssert_usingDefaultComparator_Test
Tests run: 2, Failures: 0, Errors: 0, Skipped: 0, Time elapsed: 0 sec
Running org.fest.assertions.api.chararray.CharArrayAssert_isEmpty_Test
Tests run: 2, Failures: 0, Errors: 0, Skipped: 0, Time elapsed: 0 sec
Running org.fest.assertions.api.chararray.CharArrayAssert_hasSize_Test
Tests run: 2, Failures: 0, Errors: 0, Skipped: 0, Time elapsed: 0.001 sec
Running org.fest.assertions.api.chararray.CharArrayAssert_contains_at_Index_Test
Tests run: 2, Failures: 0, Errors: 0, Skipped: 0, Time elapsed: 0 sec
Running org.fest.assertions.api.chararray.CharArrayAssert_isNotEmpty_Test
Tests run: 2, Failures: 0, Errors: 0, Skipped: 0, Time elapsed: 0 sec
Running org.fest.assertions.api.chararray.CharArrayAssert_endsWith_Test
Tests run: 2, Failures: 0, Errors: 0, Skipped: 0, Time elapsed: 0.001 sec
Running org.fest.assertions.api.chararray.CharArrayAssert_startsWith_Test
Tests run: 2, Failures: 0, Errors: 0, Skipped: 0, Time elapsed: 0 sec
Running org.fest.assertions.api.chararray.CharArrayAssert_usingDefaultElementComparator_Test
Tests run: 2, Failures: 0, Errors: 0, Skipped: 0, Time elapsed: 0 sec
Running org.fest.assertions.api.chararray.CharArrayAssert_isSortedAccordingToComparator_Test
Tests run: 2, Failures: 0, Errors: 0, Skipped: 0, Time elapsed: 0 sec
Running org.fest.assertions.api.chararray.CharArrayAssert_hasSameSizeAs_with_Array_Test
Tests run: 2, Failures: 0, Errors: 0, Skipped: 0, Time elapsed: 0 sec
Running org.fest.assertions.api.chararray.CharArrayAssert_doesNotContain_at_Index_Test
Tests run: 2, Failures: 0, Errors: 0, Skipped: 0, Time elapsed: 0 sec
Running org.fest.assertions.api.chararray.CharArrayAssert_usingComparator_Test
Tests run: 2, Failures: 0, Errors: 0, Skipped: 0, Time elapsed: 0 sec
Running org.fest.assertions.api.Assertions_assertThat_with_IntArray_Test
Tests run: 2, Failures: 0, Errors: 0, Skipped: 0, Time elapsed: 0 sec
Running org.fest.assertions.api.Assertions_assertThat_with_InputStream_Test
Tests run: 2, Failures: 0, Errors: 0, Skipped: 0, Time elapsed: 0 sec
Running org.fest.assertions.api.Assertions_assertThat_with_Object_Test
Tests run: 2, Failures: 0, Errors: 0, Skipped: 0, Time elapsed: 0 sec
Running org.fest.assertions.api.integer_.IntegerAssert_isNotEqualTo_int_Test
Tests run: 2, Failures: 0, Errors: 0, Skipped: 0, Time elapsed: 0.004 sec
Running org.fest.assertions.api.integer_.IntegerAssert_isGreaterThanOrEqualTo_int_Test
Tests run: 2, Failures: 0, Errors: 0, Skipped: 0, Time elapsed: 0.001 sec
Running org.fest.assertions.api.integer_.IntegerAssert_isPositive_Test
Tests run: 2, Failures: 0, Errors: 0, Skipped: 0, Time elapsed: 0 sec
Running org.fest.assertions.api.integer_.IntegerAssert_usingComparator_Test
Tests run: 2, Failures: 0, Errors: 0, Skipped: 0, Time elapsed: 0 sec
Running org.fest.assertions.api.integer_.IntegerAssert_isZero_Test
Tests run: 2, Failures: 0, Errors: 0, Skipped: 0, Time elapsed: 0.001 sec
Running org.fest.assertions.api.integer_.IntegerAssert_isLessThanOrEqualTo_int_Test
Tests run: 2, Failures: 0, Errors: 0, Skipped: 0, Time elapsed: 0 sec
Running org.fest.assertions.api.integer_.IntegerAssert_isNotNegative_Test
Tests run: 2, Failures: 0, Errors: 0, Skipped: 0, Time elapsed: 0 sec
Running org.fest.assertions.api.integer_.IntegerAssert_isNegative_Test
Tests run: 2, Failures: 0, Errors: 0, Skipped: 0, Time elapsed: 0.001 sec
Running org.fest.assertions.api.integer_.IntegerAssert_isNotPostitive_Test
Tests run: 2, Failures: 0, Errors: 0, Skipped: 0, Time elapsed: 0 sec
Running org.fest.assertions.api.integer_.IntegerAssert_usingDefaultComparator_Test
Tests run: 2, Failures: 0, Errors: 0, Skipped: 0, Time elapsed: 0 sec
Running org.fest.assertions.api.integer_.IntegerAssert_isNotZero_Test
Tests run: 2, Failures: 0, Errors: 0, Skipped: 0, Time elapsed: 0 sec
Running org.fest.assertions.api.integer_.IntegerAssert_isEqualTo_int_Test
Tests run: 2, Failures: 0, Errors: 0, Skipped: 0, Time elapsed: 0 sec
Running org.fest.assertions.api.integer_.IntegerAssert_isLessThan_int_Test
Tests run: 2, Failures: 0, Errors: 0, Skipped: 0, Time elapsed: 0 sec
Running org.fest.assertions.api.integer_.IntegerAssert_isGreaterThan_int_Test
Tests run: 2, Failures: 0, Errors: 0, Skipped: 0, Time elapsed: 0 sec
Running org.fest.assertions.api.Assertions_assertThat_with_CharArray_Test
Tests run: 2, Failures: 0, Errors: 0, Skipped: 0, Time elapsed: 0 sec
Running org.fest.assertions.api.Assertions_assertThat_with_File_Test
Tests run: 2, Failures: 0, Errors: 0, Skipped: 0, Time elapsed: 0 sec
Running org.fest.assertions.api.Assertions_assertThat_with_Short_Test
Tests run: 2, Failures: 0, Errors: 0, Skipped: 0, Time elapsed: 0 sec
Running org.fest.assertions.api.abstract_.AbstractAssert_isInstanceOfAny_Test
Tests run: 2, Failures: 0, Errors: 0, Skipped: 0, Time elapsed: 0 sec
Running org.fest.assertions.api.abstract_.AbstractAssert_isExactlyInstanceOf_Test
Tests run: 2, Failures: 0, Errors: 0, Skipped: 0, Time elapsed: 0 sec
Running org.fest.assertions.api.abstract_.AbstractAssert_isOfAnyClassIn_Test
Tests run: 2, Failures: 0, Errors: 0, Skipped: 0, Time elapsed: 0.001 sec
Running org.fest.assertions.api.abstract_.AbstractAssert_hasTheSameClassAs_Test
Tests run: 2, Failures: 0, Errors: 0, Skipped: 0, Time elapsed: 0 sec
Running org.fest.assertions.api.abstract_.AbstractAssert_is_Test
Tests run: 2, Failures: 0, Errors: 0, Skipped: 0, Time elapsed: 0.001 sec
Running org.fest.assertions.api.abstract_.AbstractAssert_isNotExactlyInstanceOf_Test
Tests run: 2, Failures: 0, Errors: 0, Skipped: 0, Time elapsed: 0 sec
Running org.fest.assertions.api.abstract_.AbstractAssert_describedAs_with_text_description_Test
Tests run: 3, Failures: 0, Errors: 0, Skipped: 0, Time elapsed: 0.001 sec
Running org.fest.assertions.api.abstract_.AbstractAssert_isInstanceOf_Test
Tests run: 2, Failures: 0, Errors: 0, Skipped: 0, Time elapsed: 0 sec
Running org.fest.assertions.api.abstract_.AbstractAssert_isSameAs_Test
Tests run: 2, Failures: 0, Errors: 0, Skipped: 0, Time elapsed: 0 sec
Running org.fest.assertions.api.abstract_.AbstractAssert_isNull_Test
Tests run: 3, Failures: 0, Errors: 0, Skipped: 0, Time elapsed: 0 sec
Running org.fest.assertions.api.abstract_.AbstractAssert_has_Test
Tests run: 2, Failures: 0, Errors: 0, Skipped: 0, Time elapsed: 0 sec
Running org.fest.assertions.api.abstract_.AbstractAssert_isNotInstanceOf_Test
Tests run: 2, Failures: 0, Errors: 0, Skipped: 0, Time elapsed: 0 sec
Running org.fest.assertions.api.abstract_.AbstractAssert_isNotIn_with_array_Test
Tests run: 2, Failures: 0, Errors: 0, Skipped: 0, Time elapsed: 0 sec
Running org.fest.assertions.api.abstract_.AbstractAssert_doesNotHave_Test
Tests run: 2, Failures: 0, Errors: 0, Skipped: 0, Time elapsed: 0 sec
Running org.fest.assertions.api.abstract_.AbstractAssert_doesNotHaveTheSameClassAs_Test
Tests run: 2, Failures: 0, Errors: 0, Skipped: 0, Time elapsed: 0 sec
Running org.fest.assertions.api.abstract_.AbstractAssert_isIn_with_vararg_Test
Tests run: 2, Failures: 0, Errors: 0, Skipped: 0, Time elapsed: 0 sec
Running org.fest.assertions.api.abstract_.AbstractAssert_get_writable_info_Test
Tests run: 1, Failures: 0, Errors: 0, Skipped: 0, Time elapsed: 0 sec
Running org.fest.assertions.api.abstract_.AbstractAssert_isNotIn_with_vararg_Test
Tests run: 2, Failures: 0, Errors: 0, Skipped: 0, Time elapsed: 0 sec
Running org.fest.assertions.api.abstract_.AbstractAssert_isNotNull_Test
Tests run: 2, Failures: 0, Errors: 0, Skipped: 0, Time elapsed: 0 sec
Running org.fest.assertions.api.abstract_.AbstractAssert_as_with_text_description_Test
Tests run: 3, Failures: 0, Errors: 0, Skipped: 0, Time elapsed: 0.001 sec
Running org.fest.assertions.api.abstract_.AbstractAssert_isNotOfAnyClassIn_Test
Tests run: 2, Failures: 0, Errors: 0, Skipped: 0, Time elapsed: 0 sec
Running org.fest.assertions.api.abstract_.AbstractAssert_equal_hashCode_Test
Tests run: 2, Failures: 0, Errors: 0, Skipped: 0, Time elapsed: 0 sec
Running org.fest.assertions.api.abstract_.AbstractAssert_isNotEqualTo_Test
Tests run: 2, Failures: 0, Errors: 0, Skipped: 0, Time elapsed: 0 sec
Running org.fest.assertions.api.abstract_.AbstractAssert_isNotInstanceOfAny_Test
Tests run: 2, Failures: 0, Errors: 0, Skipped: 0, Time elapsed: 0 sec
Running org.fest.assertions.api.abstract_.AbstractAssert_isNot_Test
Tests run: 2, Failures: 0, Errors: 0, Skipped: 0, Time elapsed: 0 sec
Running org.fest.assertions.api.abstract_.AbstractAssert_isEqualTo_Test
Tests run: 2, Failures: 0, Errors: 0, Skipped: 0, Time elapsed: 0.001 sec
Running org.fest.assertions.api.abstract_.AbstractAssert_as_with_description_Test
Tests run: 3, Failures: 0, Errors: 0, Skipped: 0, Time elapsed: 0 sec
Running org.fest.assertions.api.abstract_.AbstractAssert_describedAs_with_description_Test
Tests run: 3, Failures: 0, Errors: 0, Skipped: 0, Time elapsed: 0.001 sec
Running org.fest.assertions.api.abstract_.AbstractAssert_isNotIn_with_Iterable_Test
Tests run: 2, Failures: 0, Errors: 0, Skipped: 0, Time elapsed: 0 sec
Running org.fest.assertions.api.abstract_.AbstractAssert_isNotSameAs_Test
Tests run: 2, Failures: 0, Errors: 0, Skipped: 0, Time elapsed: 0 sec
Running org.fest.assertions.api.abstract_.AbstractAssert_isIn_with_array_Test
Tests run: 2, Failures: 0, Errors: 0, Skipped: 0, Time elapsed: 0 sec
Running org.fest.assertions.api.abstract_.AbstractAssert_overridingErrorMessage_Test
Tests run: 5, Failures: 0, Errors: 0, Skipped: 0, Time elapsed: 0 sec
Running org.fest.assertions.api.abstract_.AbstractAssert_isIn_with_Iterable_Test
Tests run: 2, Failures: 0, Errors: 0, Skipped: 0, Time elapsed: 0 sec
Running org.fest.assertions.api.byte_.ByteAssert_isNotEqualTo_byte_Test
Tests run: 2, Failures: 0, Errors: 0, Skipped: 0, Time elapsed: 0.006 sec
Running org.fest.assertions.api.byte_.ByteAssert_isNotZero_Test
Tests run: 2, Failures: 0, Errors: 0, Skipped: 0, Time elapsed: 0 sec
Running org.fest.assertions.api.byte_.ByteAssert_isZero_Test
Tests run: 2, Failures: 0, Errors: 0, Skipped: 0, Time elapsed: 0.004 sec
Running org.fest.assertions.api.byte_.ByteAssert_isPositive_Test
Tests run: 2, Failures: 0, Errors: 0, Skipped: 0, Time elapsed: 0 sec
Running org.fest.assertions.api.byte_.ByteAssert_isGreaterThanOrEqualTo_byte_Test
Tests run: 2, Failures: 0, Errors: 0, Skipped: 0, Time elapsed: 0.001 sec
Running org.fest.assertions.api.byte_.ByteAssert_isLessThan_byte_Test
Tests run: 2, Failures: 0, Errors: 0, Skipped: 0, Time elapsed: 0 sec
Running org.fest.assertions.api.byte_.ByteAssert_isNotPositive_Test
Tests run: 2, Failures: 0, Errors: 0, Skipped: 0, Time elapsed: 0 sec
Running org.fest.assertions.api.byte_.ByteAssert_isNotNegative_Test
Tests run: 2, Failures: 0, Errors: 0, Skipped: 0, Time elapsed: 0 sec
Running org.fest.assertions.api.byte_.ByteAssert_isGreaterThan_byte_Test
Tests run: 2, Failures: 0, Errors: 0, Skipped: 0, Time elapsed: 0 sec
Running org.fest.assertions.api.byte_.ByteAssert_isLessThanOrEqualTo_long_Test
Tests run: 2, Failures: 0, Errors: 0, Skipped: 0, Time elapsed: 0.001 sec
Running org.fest.assertions.api.byte_.ByteAssert_isEqualTo_byte_Test
Tests run: 2, Failures: 0, Errors: 0, Skipped: 0, Time elapsed: 0 sec
Running org.fest.assertions.api.byte_.ByteAssert_isNegative_Test
Tests run: 2, Failures: 0, Errors: 0, Skipped: 0, Time elapsed: 0.001 sec
Running org.fest.assertions.api.byte_.ByteAssert_usingDefaultComparator_Test
Tests run: 2, Failures: 0, Errors: 0, Skipped: 0, Time elapsed: 0 sec
Running org.fest.assertions.api.byte_.ByteAssert_usingComparator_Test
Tests run: 2, Failures: 0, Errors: 0, Skipped: 0, Time elapsed: 0.001 sec
Running org.fest.assertions.api.Assertions_assertThat_with_primitive_byte_Test
Tests run: 2, Failures: 0, Errors: 0, Skipped: 0, Time elapsed: 0 sec
Running org.fest.assertions.api.inputstream.InputStreamAssert_hasContentEqualTo_Test
Tests run: 2, Failures: 0, Errors: 0, Skipped: 0, Time elapsed: 0.002 sec
Running org.fest.assertions.api.Assertions_assertThat_with_Long_Test
Tests run: 2, Failures: 0, Errors: 0, Skipped: 0, Time elapsed: 0 sec
Running org.fest.assertions.api.throwable.ThrowableAssert_hasMessageEndingWith_Test
Tests run: 2, Failures: 0, Errors: 0, Skipped: 0, Time elapsed: 0.002 sec
Running org.fest.assertions.api.throwable.ThrowableAssert_hasMessageStartingWith_Test
Tests run: 2, Failures: 0, Errors: 0, Skipped: 0, Time elapsed: 0 sec
Running org.fest.assertions.api.throwable.ThrowableAssert_hasMessage_Test
Tests run: 2, Failures: 0, Errors: 0, Skipped: 0, Time elapsed: 0 sec
Running org.fest.assertions.api.throwable.ThrowableAssert_hasNoCause_Test
Tests run: 2, Failures: 0, Errors: 0, Skipped: 0, Time elapsed: 0 sec
Running org.fest.assertions.api.throwable.ThrowableAssert_hasMessageContaining_Test
Tests run: 2, Failures: 0, Errors: 0, Skipped: 0, Time elapsed: 0 sec
Running org.fest.assertions.api.short_.ShortAssert_isNotEqualTo_short_Test
Tests run: 2, Failures: 0, Errors: 0, Skipped: 0, Time elapsed: 0.003 sec
Running org.fest.assertions.api.short_.ShortAssert_isLessThanOrEqualTo_short_Test
Tests run: 2, Failures: 0, Errors: 0, Skipped: 0, Time elapsed: 0 sec
Running org.fest.assertions.api.short_.ShortAssert_isLessThan_short_Test
Tests run: 2, Failures: 0, Errors: 0, Skipped: 0, Time elapsed: 0 sec
Running org.fest.assertions.api.short_.ShortAssert_usingComparator_Test
Tests run: 2, Failures: 0, Errors: 0, Skipped: 0, Time elapsed: 0 sec
Running org.fest.assertions.api.short_.ShortAssert_isEqualTo_short_Test
Tests run: 2, Failures: 0, Errors: 0, Skipped: 0, Time elapsed: 0 sec
Running org.fest.assertions.api.short_.ShortAssert_usingDefaultComparator_Test
Tests run: 2, Failures: 0, Errors: 0, Skipped: 0, Time elapsed: 0 sec
Running org.fest.assertions.api.short_.ShortAssert_isNegative_Test
Tests run: 2, Failures: 0, Errors: 0, Skipped: 0, Time elapsed: 0 sec
Running org.fest.assertions.api.short_.ShortAssert_isNotZero_Test
Tests run: 2, Failures: 0, Errors: 0, Skipped: 0, Time elapsed: 0 sec
Running org.fest.assertions.api.short_.ShortAssert_isPositive_Test
Tests run: 2, Failures: 0, Errors: 0, Skipped: 0, Time elapsed: 0 sec
Running org.fest.assertions.api.short_.ShortAssert_isNotPositive_Test
Tests run: 2, Failures: 0, Errors: 0, Skipped: 0, Time elapsed: 0 sec
Running org.fest.assertions.api.short_.ShortAssert_isGreaterThanOrEqualTo_short_Test
Tests run: 2, Failures: 0, Errors: 0, Skipped: 0, Time elapsed: 0.001 sec
Running org.fest.assertions.api.short_.ShortAssert_isZero_Test
Tests run: 2, Failures: 0, Errors: 0, Skipped: 0, Time elapsed: 0 sec
Running org.fest.assertions.api.short_.ShortAssert_isNotNegative_Test
Tests run: 2, Failures: 0, Errors: 0, Skipped: 0, Time elapsed: 0 sec
Running org.fest.assertions.api.short_.ShortAssert_isGreaterThan_short_Test
Tests run: 2, Failures: 0, Errors: 0, Skipped: 0, Time elapsed: 0.001 sec
Running org.fest.assertions.api.objectarray.ObjectArrayAssert_usingDefaultComparator_Test
Tests run: 2, Failures: 0, Errors: 0, Skipped: 0, Time elapsed: 0.006 sec
Running org.fest.assertions.api.objectarray.ObjectArrayAssert_doesNotContain_Test
Tests run: 2, Failures: 0, Errors: 0, Skipped: 0, Time elapsed: 0 sec
Running org.fest.assertions.api.objectarray.ObjectArrayAssert_containsExactly_Test
Tests run: 2, Failures: 0, Errors: 0, Skipped: 0, Time elapsed: 0.001 sec
Running org.fest.assertions.api.objectarray.ObjectArrayAssert_endsWith_Test
Tests run: 2, Failures: 0, Errors: 0, Skipped: 0, Time elapsed: 0 sec
Running org.fest.assertions.api.objectarray.ObjectArrayAssert_containsSequence_Test
Tests run: 2, Failures: 0, Errors: 0, Skipped: 0, Time elapsed: 0 sec
Running org.fest.assertions.api.objectarray.ObjectArrayAssert_containsOnly_Test
Tests run: 2, Failures: 0, Errors: 0, Skipped: 0, Time elapsed: 0 sec
Running org.fest.assertions.api.objectarray.ObjectArrayAssert_areNotExactly_Test
Tests run: 2, Failures: 0, Errors: 0, Skipped: 0, Time elapsed: 0 sec
Running org.fest.assertions.api.objectarray.ObjectArrayAssert_areNot_Test
Tests run: 2, Failures: 0, Errors: 0, Skipped: 0, Time elapsed: 0 sec
Running org.fest.assertions.api.objectarray.ObjectArrayAssert_haveAtMost_Test
Tests run: 2, Failures: 0, Errors: 0, Skipped: 0, Time elapsed: 0 sec
Running org.fest.assertions.api.objectarray.ObjectArrayAssert_contains_Test
Tests run: 2, Failures: 0, Errors: 0, Skipped: 0, Time elapsed: 0 sec
Running org.fest.assertions.api.objectarray.ObjectArrayAssert_areNotAtLeast_Test
Tests run: 2, Failures: 0, Errors: 0, Skipped: 0, Time elapsed: 0.001 sec
Running org.fest.assertions.api.objectarray.ObjectArrayAssert_startsWith_Test
Tests run: 2, Failures: 0, Errors: 0, Skipped: 0, Time elapsed: 0 sec
Running org.fest.assertions.api.objectarray.ObjectArrayAssert_doNothave_Test
Tests run: 2, Failures: 0, Errors: 0, Skipped: 0, Time elapsed: 0 sec
Running org.fest.assertions.api.objectarray.ObjectArrayAssert_hasSameSizeAs_with_Iterable_Test
Tests run: 2, Failures: 0, Errors: 0, Skipped: 0, Time elapsed: 0 sec
Running org.fest.assertions.api.objectarray.ObjectArrayAssert_isNullOrEmpty_Test
Tests run: 2, Failures: 0, Errors: 0, Skipped: 0, Time elapsed: 0 sec
Running org.fest.assertions.api.objectarray.ObjectArrayAssert_doesNotContain_at_Index_Test
Tests run: 2, Failures: 0, Errors: 0, Skipped: 0, Time elapsed: 0 sec
Running org.fest.assertions.api.objectarray.ObjectArrayAssert_doesNotContainNull_Test
Tests run: 2, Failures: 0, Errors: 0, Skipped: 0, Time elapsed: 0 sec
Running org.fest.assertions.api.objectarray.ObjectArrayAssert_containsAll_Test
Tests run: 2, Failures: 0, Errors: 0, Skipped: 0, Time elapsed: 0.001 sec
Running org.fest.assertions.api.objectarray.ObjectArrayAssert_doNotHaveExactly_Test
Tests run: 2, Failures: 0, Errors: 0, Skipped: 0, Time elapsed: 0 sec
Running org.fest.assertions.api.objectarray.ObjectArrayAssert_areAtMost_Test
Tests run: 2, Failures: 0, Errors: 0, Skipped: 0, Time elapsed: 0 sec
Running org.fest.assertions.api.objectarray.ObjectArrayAssert_contains_at_Index_Test
Tests run: 2, Failures: 0, Errors: 0, Skipped: 0, Time elapsed: 0 sec
Running org.fest.assertions.api.objectarray.ObjectArrayAssert_areAtLeast_Test
Tests run: 2, Failures: 0, Errors: 0, Skipped: 0, Time elapsed: 0 sec
Running org.fest.assertions.api.objectarray.ObjectArrayAssert_isEmpty_Test
Tests run: 2, Failures: 0, Errors: 0, Skipped: 0, Time elapsed: 0.001 sec
Running org.fest.assertions.api.objectarray.ObjectArrayAssert_hasSameSizeAs_with_Arrays_Test
Tests run: 2, Failures: 0, Errors: 0, Skipped: 0, Time elapsed: 0 sec
Running org.fest.assertions.api.objectarray.ObjectArrayAssert_have_Test
Tests run: 2, Failures: 0, Errors: 0, Skipped: 0, Time elapsed: 0 sec
Running org.fest.assertions.api.objectarray.ObjectArrayAssert_usingComparator_Test
Tests run: 2, Failures: 0, Errors: 0, Skipped: 0, Time elapsed: 0 sec
Running org.fest.assertions.api.objectarray.ObjectArrayAssert_areNotAtMost_Test
Tests run: 2, Failures: 0, Errors: 0, Skipped: 0, Time elapsed: 0 sec
Running org.fest.assertions.api.objectarray.ObjectArrayAssert_are_Test
Tests run: 2, Failures: 0, Errors: 0, Skipped: 0, Time elapsed: 0 sec
Running org.fest.assertions.api.objectarray.ObjectArrayAssert_doNotHaveAtMost_Test
Tests run: 2, Failures: 0, Errors: 0, Skipped: 0, Time elapsed: 0 sec
Running org.fest.assertions.api.objectarray.ObjectArrayAssert_isNotEmpty_Test
Tests run: 2, Failures: 0, Errors: 0, Skipped: 0, Time elapsed: 0 sec
Running org.fest.assertions.api.objectarray.ObjectArrayAssert_doNotHaveAtLeast_Test
Tests run: 2, Failures: 0, Errors: 0, Skipped: 0, Time elapsed: 0 sec
Running org.fest.assertions.api.objectarray.ObjectArrayAssert_isSorted_Test
Tests run: 2, Failures: 0, Errors: 0, Skipped: 0, Time elapsed: 0 sec
Running org.fest.assertions.api.objectarray.ObjectArrayAssert_isSortedAccordingToComparator_Test
Tests run: 2, Failures: 0, Errors: 0, Skipped: 0, Time elapsed: 0.001 sec
Running org.fest.assertions.api.objectarray.ObjectArrayAssert_hasSize_Test
Tests run: 2, Failures: 0, Errors: 0, Skipped: 0, Time elapsed: 0 sec
Running org.fest.assertions.api.objectarray.ObjectArrayAssert_doesNotHaveDuplicates_Test
Tests run: 2, Failures: 0, Errors: 0, Skipped: 0, Time elapsed: 0 sec
Running org.fest.assertions.api.objectarray.ObjectArrayAssert_haveExactly_Test
Tests run: 2, Failures: 0, Errors: 0, Skipped: 0, Time elapsed: 0.001 sec
Running org.fest.assertions.api.objectarray.ObjectArrayAssert_containsNull_Test
Tests run: 2, Failures: 0, Errors: 0, Skipped: 0, Time elapsed: 0 sec
Running org.fest.assertions.api.objectarray.ObjectArrayAssert_usingElementComparator_Test
Tests run: 2, Failures: 0, Errors: 0, Skipped: 0, Time elapsed: 0 sec
Running org.fest.assertions.api.objectarray.ObjectArrayAssert_areExactly_Test
Tests run: 2, Failures: 0, Errors: 0, Skipped: 0, Time elapsed: 0 sec
Running org.fest.assertions.api.objectarray.ObjectArrayAssert_haveAtLeast_Test
Tests run: 2, Failures: 0, Errors: 0, Skipped: 0, Time elapsed: 0 sec
Running org.fest.assertions.api.objectarray.ObjectArrayAssert_usingDefaultElementComparator_Test
Tests run: 2, Failures: 0, Errors: 0, Skipped: 0, Time elapsed: 0 sec
Running org.fest.assertions.api.date.DateAssert_isInSameHourOfDayAs_Test
Tests run: 5, Failures: 0, Errors: 0, Skipped: 0, Time elapsed: 0.005 sec
Running org.fest.assertions.api.date.DateAssert_usingComparator_Test
Tests run: 2, Failures: 0, Errors: 0, Skipped: 0, Time elapsed: 0 sec
Running org.fest.assertions.api.date.DateAssert_isInSameYearAs_Test
Tests run: 5, Failures: 0, Errors: 0, Skipped: 0, Time elapsed: 0.001 sec
Running org.fest.assertions.api.date.DateAssert_isToday_Test
Tests run: 2, Failures: 0, Errors: 0, Skipped: 0, Time elapsed: 0 sec
Running org.fest.assertions.api.date.DateAssert_isWithinMillisecond_Test
Tests run: 2, Failures: 0, Errors: 0, Skipped: 0, Time elapsed: 0 sec
Running org.fest.assertions.api.date.DateAssert_isCloseTo_Test
Tests run: 5, Failures: 0, Errors: 0, Skipped: 0, Time elapsed: 0.004 sec
Running org.fest.assertions.api.date.DateAssert_isNotBetweenSpecifyingBoundariesInclusion_Test
Tests run: 5, Failures: 0, Errors: 0, Skipped: 0, Time elapsed: 0.001 sec
Running org.fest.assertions.api.date.DateAssert_isWithinDayOfWeek_Test
Tests run: 2, Failures: 0, Errors: 0, Skipped: 0, Time elapsed: 0 sec
Running org.fest.assertions.api.date.DateAssert_isBetweenSpecifyingBoundariesInclusion_Test
Tests run: 5, Failures: 0, Errors: 0, Skipped: 0, Time elapsed: 0.001 sec
Running org.fest.assertions.api.date.DateAssert_isNotEqualTo_Test
Tests run: 5, Failures: 0, Errors: 0, Skipped: 0, Time elapsed: 0.002 sec
Running org.fest.assertions.api.date.DateAssert_isWithinMinute_Test
Tests run: 2, Failures: 0, Errors: 0, Skipped: 0, Time elapsed: 0 sec
Running org.fest.assertions.api.date.DateAssert_isInSameMonthAs_Test
Tests run: 5, Failures: 0, Errors: 0, Skipped: 0, Time elapsed: 0.002 sec
Running org.fest.assertions.api.date.DateAssert_isInTheFuture_Test
Tests run: 2, Failures: 0, Errors: 0, Skipped: 0, Time elapsed: 0 sec
Running org.fest.assertions.api.date.DateAssert_isWithinYear_Test
Tests run: 2, Failures: 0, Errors: 0, Skipped: 0, Time elapsed: 0 sec
Running org.fest.assertions.api.date.DateAssert_isWithinMonth_Test
Tests run: 2, Failures: 0, Errors: 0, Skipped: 0, Time elapsed: 0 sec
Running org.fest.assertions.api.date.DateAssert_isAfter_Test
Tests run: 5, Failures: 0, Errors: 0, Skipped: 0, Time elapsed: 0.001 sec
Running org.fest.assertions.api.date.DateAssert_isInSameMinuteAs_Test
Tests run: 5, Failures: 0, Errors: 0, Skipped: 0, Time elapsed: 0.007 sec
Running org.fest.assertions.api.date.DateAssert_isBeforeOrEqualsTo_Test
Tests run: 5, Failures: 0, Errors: 0, Skipped: 0, Time elapsed: 0 sec
Running org.fest.assertions.api.date.DateAssert_isBefore_Test
Tests run: 5, Failures: 0, Errors: 0, Skipped: 0, Time elapsed: 0 sec
Running org.fest.assertions.api.date.DateAssert_isInSameSecondAs_Test
Tests run: 5, Failures: 0, Errors: 0, Skipped: 0, Time elapsed: 0 sec
Running org.fest.assertions.api.date.DateAssert_isAfterYear_Test
Tests run: 2, Failures: 0, Errors: 0, Skipped: 0, Time elapsed: 0 sec
Running org.fest.assertions.api.date.DateAssert_isWithinSecond_Test
Tests run: 2, Failures: 0, Errors: 0, Skipped: 0, Time elapsed: 0 sec
Running org.fest.assertions.api.date.DateAssert_isWithinDayOfMonth_Test
Tests run: 2, Failures: 0, Errors: 0, Skipped: 0, Time elapsed: 0 sec
Running org.fest.assertions.api.date.DateAssert_isBeforeYear_Test
Tests run: 2, Failures: 0, Errors: 0, Skipped: 0, Time elapsed: 0 sec
Running org.fest.assertions.api.date.DateAssert_isInSameDayAs_Test
Tests run: 5, Failures: 0, Errors: 0, Skipped: 0, Time elapsed: 0.001 sec
Running org.fest.assertions.api.date.DateAssert_isWithinHourOfDay_Test
Tests run: 2, Failures: 0, Errors: 0, Skipped: 0, Time elapsed: 0 sec
Running org.fest.assertions.api.date.DateAssert_isInThePast_Test
Tests run: 2, Failures: 0, Errors: 0, Skipped: 0, Time elapsed: 0.001 sec
Running org.fest.assertions.api.date.DateAssert_isBetween_Test
Tests run: 5, Failures: 0, Errors: 0, Skipped: 0, Time elapsed: 0.001 sec
Running org.fest.assertions.api.date.DateAssert_isNotBetween_Test
Tests run: 5, Failures: 0, Errors: 0, Skipped: 0, Time elapsed: 0.001 sec
Running org.fest.assertions.api.date.DateAssert_isAfterOrEqualsTo_Test
Tests run: 5, Failures: 0, Errors: 0, Skipped: 0, Time elapsed: 0.002 sec
Running org.fest.assertions.api.date.DateAssert_isEqualTo_Test
Tests run: 5, Failures: 0, Errors: 0, Skipped: 0, Time elapsed: 0.001 sec
Running org.fest.assertions.api.date.DateAssert_hasTime_Test
Tests run: 2, Failures: 0, Errors: 0, Skipped: 0, Time elapsed: 0 sec
Running org.fest.assertions.api.bytearray.ByteArrayAssert_containsOnly_Test
Tests run: 2, Failures: 0, Errors: 0, Skipped: 0, Time elapsed: 0.003 sec
Running org.fest.assertions.api.bytearray.ByteArrayAssert_contains_Test
Tests run: 2, Failures: 0, Errors: 0, Skipped: 0, Time elapsed: 0 sec
Running org.fest.assertions.api.bytearray.ByteArrayAssert_usingComparator_Test
Tests run: 2, Failures: 0, Errors: 0, Skipped: 0, Time elapsed: 0 sec
Running org.fest.assertions.api.bytearray.ByteArrayAssert_doesNotHaveDuplicates_Test
Tests run: 2, Failures: 0, Errors: 0, Skipped: 0, Time elapsed: 0 sec
Running org.fest.assertions.api.bytearray.ByteArrayAssert_isSortedAccordingToComparator_Test
Tests run: 2, Failures: 0, Errors: 0, Skipped: 0, Time elapsed: 0.001 sec
Running org.fest.assertions.api.bytearray.ByteArrayAssert_hasSameSizeAs_with_Iterable_Test
Tests run: 2, Failures: 0, Errors: 0, Skipped: 0, Time elapsed: 0 sec
Running org.fest.assertions.api.bytearray.ByteArrayAssert_isEmpty_Test
Tests run: 2, Failures: 0, Errors: 0, Skipped: 0, Time elapsed: 0 sec
Running org.fest.assertions.api.bytearray.ByteArrayAssert_hasSameSizeAs_with_Array_Test
Tests run: 2, Failures: 0, Errors: 0, Skipped: 0, Time elapsed: 0 sec
Running org.fest.assertions.api.bytearray.ByteArrayAssert_doesNotContain_Test
Tests run: 2, Failures: 0, Errors: 0, Skipped: 0, Time elapsed: 0 sec
Running org.fest.assertions.api.bytearray.ByteArrayAssert_hasSize_Test
Tests run: 2, Failures: 0, Errors: 0, Skipped: 0, Time elapsed: 0 sec
Running org.fest.assertions.api.bytearray.ByteArrayAssert_isNullOrEmpty_Test
Tests run: 2, Failures: 0, Errors: 0, Skipped: 0, Time elapsed: 0 sec
Running org.fest.assertions.api.bytearray.ByteArrayAssert_endsWith_Test
Tests run: 2, Failures: 0, Errors: 0, Skipped: 0, Time elapsed: 0 sec
Running org.fest.assertions.api.bytearray.ByteArrayAssert_isSorted_Test
Tests run: 2, Failures: 0, Errors: 0, Skipped: 0, Time elapsed: 0 sec
Running org.fest.assertions.api.bytearray.ByteArrayAssert_containsSequence_Test
Tests run: 2, Failures: 0, Errors: 0, Skipped: 0, Time elapsed: 0 sec
Running org.fest.assertions.api.bytearray.ByteArrayAssert_contains_at_Index_Test
Tests run: 2, Failures: 0, Errors: 0, Skipped: 0, Time elapsed: 0 sec
Running org.fest.assertions.api.bytearray.ByteArrayAssert_usingDefaultComparator_Test
Tests run: 2, Failures: 0, Errors: 0, Skipped: 0, Time elapsed: 0 sec
Running org.fest.assertions.api.bytearray.ByteArrayAssert_doesNotContain_at_Index_Test
Tests run: 2, Failures: 0, Errors: 0, Skipped: 0, Time elapsed: 0 sec
Running org.fest.assertions.api.bytearray.ByteArrayAssert_usingDefaultElementComparator_Test
Tests run: 2, Failures: 0, Errors: 0, Skipped: 0, Time elapsed: 0 sec
Running org.fest.assertions.api.bytearray.ByteArrayAssert_usingElementComparator_Test
Tests run: 2, Failures: 0, Errors: 0, Skipped: 0, Time elapsed: 0 sec
Running org.fest.assertions.api.bytearray.ByteArrayAssert_startsWith_Test
Tests run: 2, Failures: 0, Errors: 0, Skipped: 0, Time elapsed: 0.001 sec
Running org.fest.assertions.api.bytearray.ByteArrayAssert_isNotEmpty_Test
Tests run: 2, Failures: 0, Errors: 0, Skipped: 0, Time elapsed: 0 sec
Running org.fest.assertions.api.filter.Filter_with_property_equals_to_given_value_Test
Tests run: 3, Failures: 0, Errors: 0, Skipped: 0, Time elapsed: 0.009 sec
Running org.fest.assertions.api.filter.Filter_being_condition_Test
Tests run: 2, Failures: 0, Errors: 0, Skipped: 0, Time elapsed: 0 sec
Running org.fest.assertions.api.filter.Filter_create_Test
Tests run: 4, Failures: 0, Errors: 0, Skipped: 0, Time elapsed: 0 sec
Running org.fest.assertions.api.filter.Filter_with_property_equals_to_null_value_Test
Tests run: 1, Failures: 0, Errors: 0, Skipped: 0, Time elapsed: 0 sec
Running org.fest.assertions.api.filter.Filter_with_property_equals_to_given_value_short_version_Test
Tests run: 3, Failures: 0, Errors: 0, Skipped: 0, Time elapsed: 0 sec
Running org.fest.assertions.api.filter.Filter_on_differents_properties_Test
Tests run: 3, Failures: 0, Errors: 0, Skipped: 0, Time elapsed: 0.001 sec
Running org.fest.assertions.api.filter.Filter_with_property_in_given_values_Test
Tests run: 3, Failures: 0, Errors: 0, Skipped: 0, Time elapsed: 0 sec
Running org.fest.assertions.api.filter.Filter_having_condition_Test
Tests run: 2, Failures: 0, Errors: 0, Skipped: 0, Time elapsed: 0 sec
Running org.fest.assertions.api.filter.Filter_with_property_not_in_given_values_Test
Tests run: 3, Failures: 0, Errors: 0, Skipped: 0, Time elapsed: 0 sec
Running org.fest.assertions.api.filter.Filter_with_property_not_equals_to_given_value_Test
Tests run: 3, Failures: 0, Errors: 0, Skipped: 0, Time elapsed: 0.001 sec
Running org.fest.assertions.api.fail.Fail_fail_withMessageAndCause_Test
Tests run: 1, Failures: 0, Errors: 0, Skipped: 0, Time elapsed: 0 sec
Running org.fest.assertions.api.fail.Fail_fest_elements_stack_trace_filtering_Test
Tests run: 2, Failures: 0, Errors: 0, Skipped: 0, Time elapsed: 0 sec
Running org.fest.assertions.api.fail.Fail_fail_withMessage_Test
Tests run: 1, Failures: 0, Errors: 0, Skipped: 0, Time elapsed: 0 sec
Running org.fest.assertions.api.fail.Fail_fail_because_exception_was_not_thrown_Test
Tests run: 2, Failures: 0, Errors: 0, Skipped: 0, Time elapsed: 0 sec
Running org.fest.assertions.api.Assertions_assertThat_with_BooleanArray_Test
Tests run: 2, Failures: 0, Errors: 0, Skipped: 0, Time elapsed: 0 sec
Running org.fest.assertions.api.Assertions_assertThat_with_BigDecimal_Test
Tests run: 2, Failures: 0, Errors: 0, Skipped: 0, Time elapsed: 0 sec
Running org.fest.assertions.api.Assertions_assertThat_with_primitive_short_Test
Tests run: 2, Failures: 0, Errors: 0, Skipped: 0, Time elapsed: 0 sec
Running org.fest.assertions.util.ArrayWrapperList_wrap_Test
Tests run: 3, Failures: 0, Errors: 0, Skipped: 0, Time elapsed: 0 sec
Running org.fest.assertions.util.ArrayWrapperList_get_Test
Tests run: 4, Failures: 0, Errors: 0, Skipped: 0, Time elapsed: 0 sec
Running org.fest.assertions.util.ArrayWrapperList_size_Test
Tests run: 3, Failures: 0, Errors: 0, Skipped: 0, Time elapsed: 0 sec
Running org.fest.assertions.data.Offset_offset_with_Integer_Test
Tests run: 3, Failures: 0, Errors: 0, Skipped: 0, Time elapsed: 0 sec
Running org.fest.assertions.data.MapEntry_equals_hashCode_Test
Tests run: 7, Failures: 0, Errors: 0, Skipped: 0, Time elapsed: 0 sec
Running org.fest.assertions.data.Offset_offset_with_Double_Test
Tests run: 3, Failures: 0, Errors: 0, Skipped: 0, Time elapsed: 0 sec
Running org.fest.assertions.data.Index_toString_Test
Tests run: 1, Failures: 0, Errors: 0, Skipped: 0, Time elapsed: 0 sec
Running org.fest.assertions.data.Offset_offset_with_Float_Test
Tests run: 3, Failures: 0, Errors: 0, Skipped: 0, Time elapsed: 0 sec
Running org.fest.assertions.data.Index_equals_hashCode_Test
Tests run: 7, Failures: 0, Errors: 0, Skipped: 0, Time elapsed: 0 sec
Running org.fest.assertions.data.Index_atIndex_Test
Tests run: 2, Failures: 0, Errors: 0, Skipped: 0, Time elapsed: 0 sec
Running org.fest.assertions.data.Offset_toString_Test
Tests run: 1, Failures: 0, Errors: 0, Skipped: 0, Time elapsed: 0.001 sec
Running org.fest.assertions.data.Offset_equals_hashCode_Test
Tests run: 7, Failures: 0, Errors: 0, Skipped: 0, Time elapsed: 0 sec
Running org.fest.assertions.data.MapEntry_toString_Test
Tests run: 1, Failures: 0, Errors: 0, Skipped: 0, Time elapsed: 0 sec
Running org.fest.assertions.groups.Properties_ofType_Test
Tests run: 1, Failures: 0, Errors: 0, Skipped: 0, Time elapsed: 0 sec
Running org.fest.assertions.groups.Properties_from_with_array_Test
Tests run: 1, Failures: 0, Errors: 0, Skipped: 0, Time elapsed: 0 sec
Running org.fest.assertions.groups.Properties_extractProperty_Test
Tests run: 3, Failures: 0, Errors: 0, Skipped: 0, Time elapsed: 0 sec
Running org.fest.assertions.groups.Properties_from_with_Collection_Test
Tests run: 1, Failures: 0, Errors: 0, Skipped: 0, Time elapsed: 0 sec
Running org.fest.assertions.condition.Join_constructor_with_array_Test
Tests run: 3, Failures: 0, Errors: 0, Skipped: 0, Time elapsed: 0 sec
Running org.fest.assertions.condition.AllOf_matches_Test
Tests run: 2, Failures: 0, Errors: 0, Skipped: 0, Time elapsed: 0 sec
Running org.fest.assertions.condition.Not_toString_Test
Tests run: 1, Failures: 0, Errors: 0, Skipped: 0, Time elapsed: 0.001 sec
Running org.fest.assertions.condition.AnyOf_toString_Test
Tests run: 1, Failures: 0, Errors: 0, Skipped: 0, Time elapsed: 0.001 sec
Running org.fest.assertions.condition.Not_matches_Test
Tests run: 2, Failures: 0, Errors: 0, Skipped: 0, Time elapsed: 0 sec
Running org.fest.assertions.condition.DoesNotHave_matches_Test
Tests run: 2, Failures: 0, Errors: 0, Skipped: 0, Time elapsed: 0 sec
Running org.fest.assertions.condition.AllOf_toString_Test
Tests run: 1, Failures: 0, Errors: 0, Skipped: 0, Time elapsed: 0 sec
Running org.fest.assertions.condition.AllOf_allOf_with_Collection_Test
Tests run: 1, Failures: 0, Errors: 0, Skipped: 0, Time elapsed: 0 sec
Running org.fest.assertions.condition.AnyOf_matches_Test
Tests run: 2, Failures: 0, Errors: 0, Skipped: 0, Time elapsed: 0 sec
Running org.fest.assertions.condition.AllOf_allOf_with_array_Test
Tests run: 1, Failures: 0, Errors: 0, Skipped: 0, Time elapsed: 0 sec
Running org.fest.assertions.condition.DoesNotHave_toString_Test
Tests run: 1, Failures: 0, Errors: 0, Skipped: 0, Time elapsed: 0 sec
Running org.fest.assertions.condition.AnyOf_anyOf_with_Collection_Test
Tests run: 1, Failures: 0, Errors: 0, Skipped: 0, Time elapsed: 0 sec
Running org.fest.assertions.condition.Join_constructor_with_Collection_Test
Tests run: 3, Failures: 0, Errors: 0, Skipped: 0, Time elapsed: 0 sec
Running org.fest.assertions.condition.AnyOf_anyOf_with_array_Test
Tests run: 1, Failures: 0, Errors: 0, Skipped: 0, Time elapsed: 0 sec
Running org.fest.assertions.internal.StandardComparisonStrategy_duplicatesFrom_Test
Tests run: 4, Failures: 0, Errors: 0, Skipped: 0, Time elapsed: 0 sec
Running org.fest.assertions.internal.throwables.Throwables_assertHasMessageEndingWith_Test
Tests run: 3, Failures: 0, Errors: 0, Skipped: 0, Time elapsed: 0.008 sec
Running org.fest.assertions.internal.throwables.Throwables_assertHasNoCause_Test
Tests run: 3, Failures: 0, Errors: 0, Skipped: 0, Time elapsed: 0.001 sec
Running org.fest.assertions.internal.throwables.Throwables_assertHasMessage_Test
Tests run: 3, Failures: 0, Errors: 0, Skipped: 0, Time elapsed: 0.001 sec
Running org.fest.assertions.internal.throwables.Throwables_assertHasMessageStartingWith_Test
Tests run: 3, Failures: 0, Errors: 0, Skipped: 0, Time elapsed: 0.001 sec
Running org.fest.assertions.internal.throwables.Throwables_assertHasMessageContaining_Test
Tests run: 3, Failures: 0, Errors: 0, Skipped: 0, Time elapsed: 0.001 sec
Running org.fest.assertions.internal.StandardComparisonStrategy_arrayContains_Test
Tests run: 4, Failures: 0, Errors: 0, Skipped: 0, Time elapsed: 0 sec
Running org.fest.assertions.internal.StandardComparisonStrategy_areEqual_Test
Tests run: 10, Failures: 0, Errors: 0, Skipped: 0, Time elapsed: 0.001 sec
Running org.fest.assertions.internal.ComparatorBasedComparisonStrategy_isGreaterThan_Test
Tests run: 3, Failures: 0, Errors: 0, Skipped: 0, Time elapsed: 0.061 sec
Running org.fest.assertions.internal.ComparatorBasedComparisonStrategy_toString_Test
Tests run: 2, Failures: 0, Errors: 0, Skipped: 0, Time elapsed: 0.001 sec
Running org.fest.assertions.internal.ComparatorBasedComparisonStrategy_isLessThan_Test
Tests run: 2, Failures: 0, Errors: 0, Skipped: 0, Time elapsed: 0 sec
Running org.fest.assertions.internal.ComparatorBasedComparisonStrategy_isGreaterThanOrEqualTo_Test
Tests run: 2, Failures: 0, Errors: 0, Skipped: 0, Time elapsed: 0 sec
Running org.fest.assertions.internal.bigdecimals.BigDecimals_assertIsNotZero_Test
Tests run: 4, Failures: 0, Errors: 0, Skipped: 0, Time elapsed: 0.002 sec
Running org.fest.assertions.internal.bigdecimals.BigDecimals_assertLessThanOrEqualTo_Test
Tests run: 7, Failures: 0, Errors: 0, Skipped: 0, Time elapsed: 0.002 sec
Running org.fest.assertions.internal.bigdecimals.BigDecimals_assertEqualByComparison_Test
Tests run: 6, Failures: 0, Errors: 0, Skipped: 0, Time elapsed: 0.002 sec
Running org.fest.assertions.internal.bigdecimals.BigDecimals_assertNotEqualByComparison_Test
Tests run: 6, Failures: 0, Errors: 0, Skipped: 0, Time elapsed: 0.001 sec
Running org.fest.assertions.internal.bigdecimals.BigDecimals_assertIsZero_Test
Tests run: 4, Failures: 0, Errors: 0, Skipped: 0, Time elapsed: 0.001 sec
Running org.fest.assertions.internal.bigdecimals.BigDecimals_assertEqual_Test
Tests run: 6, Failures: 0, Errors: 0, Skipped: 0, Time elapsed: 0.001 sec
Running org.fest.assertions.internal.bigdecimals.BigDecimals_assertLessThan_Test
Tests run: 7, Failures: 0, Errors: 0, Skipped: 0, Time elapsed: 0.001 sec
Running org.fest.assertions.internal.bigdecimals.BigDecimals_assertNotEqual_Test
Tests run: 6, Failures: 0, Errors: 0, Skipped: 0, Time elapsed: 0.001 sec
Running org.fest.assertions.internal.bigdecimals.BigDecimals_assertIsNegative_Test
Tests run: 4, Failures: 0, Errors: 0, Skipped: 0, Time elapsed: 0 sec
Running org.fest.assertions.internal.bigdecimals.BigDecimals_assertGreaterThan_Test
Tests run: 7, Failures: 0, Errors: 0, Skipped: 0, Time elapsed: 0.002 sec
Running org.fest.assertions.internal.bigdecimals.BigDecimals_assertGreaterThanOrEqualTo_Test
Tests run: 7, Failures: 0, Errors: 0, Skipped: 0, Time elapsed: 0.001 sec
Running org.fest.assertions.internal.bigdecimals.BigDecimals_assertIsNotNegative_Test
Tests run: 5, Failures: 0, Errors: 0, Skipped: 0, Time elapsed: 0.001 sec
Running org.fest.assertions.internal.bigdecimals.BigDecimals_assertIsNotPositive_Test
Tests run: 5, Failures: 0, Errors: 0, Skipped: 0, Time elapsed: 0.001 sec
Running org.fest.assertions.internal.bigdecimals.BigDecimals_assertIsPositive_Test
Tests run: 4, Failures: 0, Errors: 0, Skipped: 0, Time elapsed: 0.001 sec
Running org.fest.assertions.internal.maps.Maps_assertNullOrEmpty_Test
Tests run: 3, Failures: 0, Errors: 0, Skipped: 0, Time elapsed: 0.001 sec
Running org.fest.assertions.internal.maps.Maps_assertContains_Test
Tests run: 8, Failures: 0, Errors: 0, Skipped: 0, Time elapsed: 0.003 sec
Running org.fest.assertions.internal.maps.Maps_assertEmpty_Test
Tests run: 3, Failures: 0, Errors: 0, Skipped: 0, Time elapsed: 0.001 sec
Running org.fest.assertions.internal.maps.Maps_assertNotEmpty_Test
Tests run: 3, Failures: 0, Errors: 0, Skipped: 0, Time elapsed: 0.001 sec
Running org.fest.assertions.internal.maps.Maps_assertDoesNotContainValue_Test
Tests run: 4, Failures: 0, Errors: 0, Skipped: 0, Time elapsed: 0.001 sec
Running org.fest.assertions.internal.maps.Maps_assertDoesNotContainKey_Test
Tests run: 4, Failures: 0, Errors: 0, Skipped: 0, Time elapsed: 0.001 sec
Running org.fest.assertions.internal.maps.Maps_assertHasSize_Test
Tests run: 3, Failures: 0, Errors: 0, Skipped: 0, Time elapsed: 0.001 sec
Running org.fest.assertions.internal.maps.Maps_assertContainsKey_Test
Tests run: 4, Failures: 0, Errors: 0, Skipped: 0, Time elapsed: 0.001 sec
Running org.fest.assertions.internal.maps.Maps_assertDoesNotContain_Test
Tests run: 5, Failures: 0, Errors: 0, Skipped: 0, Time elapsed: 0.001 sec
Running org.fest.assertions.internal.maps.Maps_assertHasSameSizeAs_with_Iterable_Test
Tests run: 3, Failures: 0, Errors: 0, Skipped: 0, Time elapsed: 0.001 sec
Running org.fest.assertions.internal.maps.Maps_assertHasSameSizeAs_with_Array_Test
Tests run: 3, Failures: 0, Errors: 0, Skipped: 0, Time elapsed: 0.001 sec
Running org.fest.assertions.internal.maps.Maps_assertContainsValue_Test
Tests run: 4, Failures: 0, Errors: 0, Skipped: 0, Time elapsed: 0.001 sec
Running org.fest.assertions.internal.StandardComparisonStrategy_stringContains_Test
Tests run: 1, Failures: 0, Errors: 0, Skipped: 0, Time elapsed: 0 sec
Running org.fest.assertions.internal.objectarrays.ObjectArrays_assertAreNotExactly_Test
Tests run: 4, Failures: 0, Errors: 0, Skipped: 0, Time elapsed: 0.006 sec
Running org.fest.assertions.internal.objectarrays.ObjectArrays_assertContainsSequence_Test
Tests run: 16, Failures: 0, Errors: 0, Skipped: 0, Time elapsed: 0.005 sec
Running org.fest.assertions.internal.objectarrays.ObjectArrays_assertHasSize_Test
Tests run: 3, Failures: 0, Errors: 0, Skipped: 0, Time elapsed: 0 sec
Running org.fest.assertions.internal.objectarrays.ObjectArrays_assertHaveNot_Test
Tests run: 3, Failures: 0, Errors: 0, Skipped: 0, Time elapsed: 0.001 sec
Running org.fest.assertions.internal.objectarrays.ObjectArrays_assertContainsOnly_Test
Tests run: 16, Failures: 0, Errors: 0, Skipped: 0, Time elapsed: 0.004 sec
Running org.fest.assertions.internal.objectarrays.ObjectArrays_assertDoesNotContain_Test
Tests run: 10, Failures: 0, Errors: 0, Skipped: 0, Time elapsed: 0.002 sec
Running org.fest.assertions.internal.objectarrays.ObjectArrays_assertIsSorted_Test
Tests run: 18, Failures: 0, Errors: 0, Skipped: 0, Time elapsed: 0.004 sec
Running org.fest.assertions.internal.objectarrays.ObjectArrays_assertAreExactly_Test
Tests run: 4, Failures: 0, Errors: 0, Skipped: 0, Time elapsed: 0.001 sec
Running org.fest.assertions.internal.objectarrays.ObjectArrays_assertHaveExactly_Test
Tests run: 4, Failures: 0, Errors: 0, Skipped: 0, Time elapsed: 0.001 sec
Running org.fest.assertions.internal.objectarrays.ObjectArrays_assertNullOrEmpty_Test
Tests run: 3, Failures: 0, Errors: 0, Skipped: 0, Time elapsed: 0.041 sec
Running org.fest.assertions.internal.objectarrays.ObjectArrays_assertHaveAtMost_Test
Tests run: 4, Failures: 0, Errors: 0, Skipped: 0, Time elapsed: 0.011 sec
Running org.fest.assertions.internal.objectarrays.ObjectArrays_assertAreNotAtLeast_Test
Tests run: 4, Failures: 0, Errors: 0, Skipped: 0, Time elapsed: 0.001 sec
Running org.fest.assertions.internal.objectarrays.ObjectArrays_assertEndsWith_Test
Tests run: 14, Failures: 0, Errors: 0, Skipped: 0, Time elapsed: 0.004 sec
Running org.fest.assertions.internal.objectarrays.ObjectArrays_assertAreAtMost_Test
Tests run: 4, Failures: 0, Errors: 0, Skipped: 0, Time elapsed: 0.002 sec
Running org.fest.assertions.internal.objectarrays.ObjectArrays_assertContains_at_Index_Test
Tests run: 10, Failures: 0, Errors: 0, Skipped: 0, Time elapsed: 0.003 sec
Running org.fest.assertions.internal.objectarrays.ObjectArrays_assertNotEmpty_Test
Tests run: 3, Failures: 0, Errors: 0, Skipped: 0, Time elapsed: 0.001 sec
Running org.fest.assertions.internal.objectarrays.ObjectArrays_assertContainsAll_Test
Tests run: 14, Failures: 0, Errors: 0, Skipped: 0, Time elapsed: 0.003 sec
Running org.fest.assertions.internal.objectarrays.ObjectArrays_assertDoNotHaveAtMost_Test
Tests run: 4, Failures: 0, Errors: 0, Skipped: 0, Time elapsed: 0.001 sec
Running org.fest.assertions.internal.objectarrays.ObjectArrays_assertDoesNotContainNull_Test
Tests run: 8, Failures: 0, Errors: 0, Skipped: 0, Time elapsed: 0.002 sec
Running org.fest.assertions.internal.objectarrays.ObjectArrays_assertDoNotHaveExactly_Test
Tests run: 4, Failures: 0, Errors: 0, Skipped: 0, Time elapsed: 0.002 sec
Running org.fest.assertions.internal.objectarrays.ObjectArrays_assertDoesNotHaveDuplicates_Test
Tests run: 8, Failures: 0, Errors: 0, Skipped: 0, Time elapsed: 0.001 sec
Running org.fest.assertions.internal.objectarrays.ObjectArrays_assertAreNotAtMost_Test
Tests run: 4, Failures: 0, Errors: 0, Skipped: 0, Time elapsed: 0.001 sec
Running org.fest.assertions.internal.objectarrays.ObjectArrays_assertContainsNull_Test
Tests run: 10, Failures: 0, Errors: 0, Skipped: 0, Time elapsed: 0.003 sec
Running org.fest.assertions.internal.objectarrays.ObjectArrays_assertHaveAtLeast_Test
Tests run: 4, Failures: 0, Errors: 0, Skipped: 0, Time elapsed: 0.002 sec
Running org.fest.assertions.internal.objectarrays.ObjectArrays_assertDoNotHave_Test
Tests run: 3, Failures: 0, Errors: 0, Skipped: 0, Time elapsed: 0.001 sec
Running org.fest.assertions.internal.objectarrays.ObjectArrays_assertHasSameSizeAs_with_Iterable_Test
Tests run: 4, Failures: 0, Errors: 0, Skipped: 0, Time elapsed: 0.001 sec
Running org.fest.assertions.internal.objectarrays.ObjectArrays_assertHasSameSizeAs_with_Array_Test
Tests run: 4, Failures: 0, Errors: 0, Skipped: 0, Time elapsed: 0.002 sec
Running org.fest.assertions.internal.objectarrays.ObjectArrays_assertHave_Test
Tests run: 3, Failures: 0, Errors: 0, Skipped: 0, Time elapsed: 0.001 sec
Running org.fest.assertions.internal.objectarrays.ObjectArrays_assertAre_Test
Tests run: 3, Failures: 0, Errors: 0, Skipped: 0, Time elapsed: 0.001 sec
Running org.fest.assertions.internal.objectarrays.ObjectArrays_assertAreAtLeast_Test
Tests run: 4, Failures: 0, Errors: 0, Skipped: 0, Time elapsed: 0.001 sec
Running org.fest.assertions.internal.objectarrays.ObjectArrays_assertDoNotHaveAtLeast_Test
Tests run: 4, Failures: 0, Errors: 0, Skipped: 0, Time elapsed: 0.001 sec
Running org.fest.assertions.internal.objectarrays.ObjectArrays_assertDoesNotContain_at_Index_Test
Tests run: 11, Failures: 0, Errors: 0, Skipped: 0, Time elapsed: 0.003 sec
Running org.fest.assertions.internal.objectarrays.ObjectArrays_assertIsSortedAccordingToComparator_Test
Tests run: 5, Failures: 0, Errors: 0, Skipped: 0, Time elapsed: 0.002 sec
Running org.fest.assertions.internal.objectarrays.ObjectArrays_assertContains_Test
Tests run: 17, Failures: 0, Errors: 0, Skipped: 0, Time elapsed: 0.006 sec
Running org.fest.assertions.internal.objectarrays.ObjectArrays_assertStartsWith_Test
Tests run: 15, Failures: 0, Errors: 0, Skipped: 0, Time elapsed: 0.003 sec
Running org.fest.assertions.internal.objectarrays.ObjectArrays_assertEmpty_Test
Tests run: 3, Failures: 0, Errors: 0, Skipped: 0, Time elapsed: 0.014 sec
Running org.fest.assertions.internal.objectarrays.ObjectArrays_assertAreNot_Test
Tests run: 3, Failures: 0, Errors: 0, Skipped: 0, Time elapsed: 0.002 sec
Running org.fest.assertions.internal.longs.Longs_assertEqual_Test
Tests run: 6, Failures: 0, Errors: 0, Skipped: 0, Time elapsed: 0.001 sec
Running org.fest.assertions.internal.longs.Longs_assertLessThan_Test
Tests run: 8, Failures: 0, Errors: 0, Skipped: 0, Time elapsed: 0.002 sec
Running org.fest.assertions.internal.longs.Longs_assertIsNotNegative_Test
Tests run: 5, Failures: 0, Errors: 0, Skipped: 0, Time elapsed: 0.001 sec
Running org.fest.assertions.internal.longs.Longs_assertIsPositive_Test
Tests run: 4, Failures: 0, Errors: 0, Skipped: 0, Time elapsed: 0.001 sec
Running org.fest.assertions.internal.longs.Longs_assertIsZero_Test
Tests run: 4, Failures: 0, Errors: 0, Skipped: 0, Time elapsed: 0.001 sec
Running org.fest.assertions.internal.longs.Longs_assertIsNotPositive_Test
Tests run: 5, Failures: 0, Errors: 0, Skipped: 0, Time elapsed: 0.001 sec
Running org.fest.assertions.internal.longs.Longs_assertGreaterThan_Test
Tests run: 7, Failures: 0, Errors: 0, Skipped: 0, Time elapsed: 0.002 sec
Running org.fest.assertions.internal.longs.Longs_assertNotEqual_Test
Tests run: 6, Failures: 0, Errors: 0, Skipped: 0, Time elapsed: 0.008 sec
Running org.fest.assertions.internal.longs.Longs_assertGreaterThanOrEqualTo_Test
Tests run: 8, Failures: 0, Errors: 0, Skipped: 0, Time elapsed: 0.001 sec
Running org.fest.assertions.internal.longs.Longs_assertIsNotZero_Test
Tests run: 4, Failures: 0, Errors: 0, Skipped: 0, Time elapsed: 0 sec
Running org.fest.assertions.internal.longs.Longs_assertIsNegative_Test
Tests run: 4, Failures: 0, Errors: 0, Skipped: 0, Time elapsed: 0.001 sec
Running org.fest.assertions.internal.longs.Longs_assertLessThanOrEqualTo_Test
Tests run: 8, Failures: 0, Errors: 0, Skipped: 0, Time elapsed: 0.001 sec
Running org.fest.assertions.internal.StandardComparisonStrategy_iterableRemove_Test
Tests run: 2, Failures: 0, Errors: 0, Skipped: 0, Time elapsed: 0 sec
Running org.fest.assertions.internal.booleanarrays.BooleanArrays_assertIsSortedAccordingToComparator_Test
Tests run: 5, Failures: 0, Errors: 0, Skipped: 0, Time elapsed: 0.004 sec
Running org.fest.assertions.internal.booleanarrays.BooleanArrays_assertContains_at_Index_Test
Tests run: 6, Failures: 0, Errors: 0, Skipped: 0, Time elapsed: 0.001 sec
Running org.fest.assertions.internal.booleanarrays.BooleanArrays_assertEmpty_Test
Tests run: 3, Failures: 0, Errors: 0, Skipped: 0, Time elapsed: 0.003 sec
Running org.fest.assertions.internal.booleanarrays.BooleanArrays_assertEndsWith_Test
Tests run: 8, Failures: 0, Errors: 0, Skipped: 0, Time elapsed: 0.007 sec
Running org.fest.assertions.internal.booleanarrays.BooleanArrays_assertDoesNotHaveDuplicates_Test
Tests run: 4, Failures: 0, Errors: 0, Skipped: 0, Time elapsed: 0.001 sec
Running org.fest.assertions.internal.booleanarrays.BooleanArrays_assertContainsSequence_Test
Tests run: 8, Failures: 0, Errors: 0, Skipped: 0, Time elapsed: 0.001 sec
Running org.fest.assertions.internal.booleanarrays.BooleanArrays_assertNullOrEmpty_Test
Tests run: 3, Failures: 0, Errors: 0, Skipped: 0, Time elapsed: 0.002 sec
Running org.fest.assertions.internal.booleanarrays.BooleanArrays_assertStartsWith_Test
Tests run: 8, Failures: 0, Errors: 0, Skipped: 0, Time elapsed: 0.006 sec
Running org.fest.assertions.internal.booleanarrays.BooleanArrays_assertIsSorted_Test
Tests run: 5, Failures: 0, Errors: 0, Skipped: 0, Time elapsed: 0.002 sec
Running org.fest.assertions.internal.booleanarrays.BooleanArrays_assertNotEmpty_Test
Tests run: 3, Failures: 0, Errors: 0, Skipped: 0, Time elapsed: 0 sec
Running org.fest.assertions.internal.booleanarrays.BooleanArrays_assertHasSameSizeAs_with_Iterable_Test
Tests run: 3, Failures: 0, Errors: 0, Skipped: 0, Time elapsed: 0 sec
Running org.fest.assertions.internal.booleanarrays.BooleanArrays_assertDoesNotContain_Test
Tests run: 6, Failures: 0, Errors: 0, Skipped: 0, Time elapsed: 0 sec
Running org.fest.assertions.internal.booleanarrays.BooleanArrays_assertHasSameSizeAs_with_Array_Test
Tests run: 3, Failures: 0, Errors: 0, Skipped: 0, Time elapsed: 0 sec
Running org.fest.assertions.internal.booleanarrays.BooleanArrays_assertContains_Test
Tests run: 9, Failures: 0, Errors: 0, Skipped: 0, Time elapsed: 0 sec
Running org.fest.assertions.internal.booleanarrays.BooleanArrays_assertDoesNotContain_at_Index_Test
Tests run: 6, Failures: 0, Errors: 0, Skipped: 0, Time elapsed: 0 sec
Running org.fest.assertions.internal.booleanarrays.BooleanArrays_assertContainsOnly_Test
Tests run: 8, Failures: 0, Errors: 0, Skipped: 0, Time elapsed: 0.001 sec
Running org.fest.assertions.internal.booleanarrays.BooleanArrays_assertHasSize_Test
Tests run: 3, Failures: 0, Errors: 0, Skipped: 0, Time elapsed: 0 sec
Running org.fest.assertions.internal.lists.Lists_assertContains_Test
Tests run: 8, Failures: 0, Errors: 0, Skipped: 0, Time elapsed: 0.005 sec
Running org.fest.assertions.internal.lists.Lists_assertDoesNotContain_Test
Tests run: 8, Failures: 0, Errors: 0, Skipped: 0, Time elapsed: 0.002 sec
Running org.fest.assertions.internal.lists.List_assertIs_Test
Tests run: 7, Failures: 0, Errors: 0, Skipped: 0, Time elapsed: 0.001 sec
Running org.fest.assertions.internal.lists.Lists_assertIsSortedAccordingToComparator_Test
Tests run: 9, Failures: 0, Errors: 0, Skipped: 0, Time elapsed: 0.004 sec
Running org.fest.assertions.internal.lists.Lists_assertHas_Test
Tests run: 7, Failures: 0, Errors: 0, Skipped: 0, Time elapsed: 0 sec
Running org.fest.assertions.internal.lists.Lists_assertIsSorted_Test
Tests run: 10, Failures: 0, Errors: 0, Skipped: 0, Time elapsed: 0.003 sec
Running org.fest.assertions.internal.doublearrays.DoubleArrays_assertIsSortedAccordingToComparator_Test
Tests run: 5, Failures: 0, Errors: 0, Skipped: 0, Time elapsed: 0.002 sec
Running org.fest.assertions.internal.doublearrays.DoubleArrays_assertHasSize_Test
Tests run: 3, Failures: 0, Errors: 0, Skipped: 0, Time elapsed: 0.001 sec
Running org.fest.assertions.internal.doublearrays.DoubleArrays_assertDoesNotContain_Test
Tests run: 12, Failures: 0, Errors: 0, Skipped: 0, Time elapsed: 0.004 sec
Running org.fest.assertions.internal.doublearrays.DoubleArrays_assertEndsWith_Test
Tests run: 16, Failures: 0, Errors: 0, Skipped: 0, Time elapsed: 0.004 sec
Running org.fest.assertions.internal.doublearrays.DoubleArrays_assertDoesNotContain_at_Index_Test
Tests run: 12, Failures: 0, Errors: 0, Skipped: 0, Time elapsed: 0.001 sec
Running org.fest.assertions.internal.doublearrays.DoubleArrays_assertHasSameSizeAs_with_Iterable_Test
Tests run: 3, Failures: 0, Errors: 0, Skipped: 0, Time elapsed: 0 sec
Running org.fest.assertions.internal.doublearrays.DoubleArrays_assertContainsOnly_Test
Tests run: 16, Failures: 0, Errors: 0, Skipped: 0, Time elapsed: 0.004 sec
Running org.fest.assertions.internal.doublearrays.DoubleArrays_assertContains_at_Index_Test
Tests run: 12, Failures: 0, Errors: 0, Skipped: 0, Time elapsed: 0.002 sec
Running org.fest.assertions.internal.doublearrays.DoubleArrays_assertContainsSequence_Test
Tests run: 16, Failures: 0, Errors: 0, Skipped: 0, Time elapsed: 0.004 sec
Running org.fest.assertions.internal.doublearrays.DoubleArrays_assertIsSorted_Test
Tests run: 10, Failures: 0, Errors: 0, Skipped: 0, Time elapsed: 0.003 sec
Running org.fest.assertions.internal.doublearrays.DoubleArrays_assertHasSameSizeAs_with_Array_Test
Tests run: 3, Failures: 0, Errors: 0, Skipped: 0, Time elapsed: 0.006 sec
Running org.fest.assertions.internal.doublearrays.DoubleArrays_assertDoesNotHaveDuplicates_Test
Tests run: 8, Failures: 0, Errors: 0, Skipped: 0, Time elapsed: 0.026 sec
Running org.fest.assertions.internal.doublearrays.DoubleArrays_assertEmpty_Test
Tests run: 3, Failures: 0, Errors: 0, Skipped: 0, Time elapsed: 0.004 sec
Running org.fest.assertions.internal.doublearrays.DoubleArrays_assertNotEmpty_Test
Tests run: 3, Failures: 0, Errors: 0, Skipped: 0, Time elapsed: 0 sec
Running org.fest.assertions.internal.doublearrays.DoubleArrays_assertNullOrEmpty_Test
Tests run: 3, Failures: 0, Errors: 0, Skipped: 0, Time elapsed: 0.001 sec
Running org.fest.assertions.internal.doublearrays.DoubleArrays_assertContains_Test
Tests run: 18, Failures: 0, Errors: 0, Skipped: 0, Time elapsed: 0 sec
Running org.fest.assertions.internal.doublearrays.DoubleArrays_assertStartsWith_Test
Tests run: 16, Failures: 0, Errors: 0, Skipped: 0, Time elapsed: 0.004 sec
Running org.fest.assertions.internal.comparables.Comparables_assertNotEqualByComparison_Test
Tests run: 6, Failures: 0, Errors: 0, Skipped: 0, Time elapsed: 0.012 sec
Running org.fest.assertions.internal.comparables.Comparables_assertEqualByComparison_Test
Tests run: 6, Failures: 0, Errors: 0, Skipped: 0, Time elapsed: 0.001 sec
Running org.fest.assertions.internal.comparables.Comparables_assertGreaterThanOrEqualTo_Test
Tests run: 7, Failures: 0, Errors: 0, Skipped: 0, Time elapsed: 0.001 sec
Running org.fest.assertions.internal.comparables.Comparables_assertLessThanOrEqualTo_Test
Tests run: 7, Failures: 0, Errors: 0, Skipped: 0, Time elapsed: 0.001 sec
Running org.fest.assertions.internal.comparables.Comparables_assertGreaterThan_Test
Tests run: 7, Failures: 0, Errors: 0, Skipped: 0, Time elapsed: 0.001 sec
Running org.fest.assertions.internal.comparables.Comparables_assertLessThan_Test
Tests run: 7, Failures: 0, Errors: 0, Skipped: 0, Time elapsed: 0.002 sec
Running org.fest.assertions.internal.floatarrays.FloatArrays_assertStartsWith_Test
Tests run: 16, Failures: 0, Errors: 0, Skipped: 0, Time elapsed: 0.005 sec
Running org.fest.assertions.internal.floatarrays.FloatArrays_assertEndsWith_Test
Tests run: 16, Failures: 0, Errors: 0, Skipped: 0, Time elapsed: 0.005 sec
Running org.fest.assertions.internal.floatarrays.FloatArrays_assertHasSameSizeAs_with_Iterable_Test
Tests run: 3, Failures: 0, Errors: 0, Skipped: 0, Time elapsed: 0 sec
Running org.fest.assertions.internal.floatarrays.FloatArrays_assertDoesNotContain_at_Index_Test
Tests run: 12, Failures: 0, Errors: 0, Skipped: 0, Time elapsed: 0.008 sec
Running org.fest.assertions.internal.floatarrays.FloatArrays_assertHasSameSizeAs_with_Array_Test
Tests run: 3, Failures: 0, Errors: 0, Skipped: 0, Time elapsed: 0.001 sec
Running org.fest.assertions.internal.floatarrays.FloatArrays_assertContainsOnly_Test
Tests run: 16, Failures: 0, Errors: 0, Skipped: 0, Time elapsed: 0.004 sec
Running org.fest.assertions.internal.floatarrays.FloatArrays_assertHasSize_Test
Tests run: 3, Failures: 0, Errors: 0, Skipped: 0, Time elapsed: 0.001 sec
Running org.fest.assertions.internal.floatarrays.FloatArrays_assertNullOrEmpty_Test
Tests run: 3, Failures: 0, Errors: 0, Skipped: 0, Time elapsed: 0.001 sec
Running org.fest.assertions.internal.floatarrays.FloatArrays_assertContains_Test
Tests run: 18, Failures: 0, Errors: 0, Skipped: 0, Time elapsed: 0.007 sec
Running org.fest.assertions.internal.floatarrays.FloatArrays_assertIsSorted_Test
Tests run: 10, Failures: 0, Errors: 0, Skipped: 0, Time elapsed: 0.004 sec
Running org.fest.assertions.internal.floatarrays.FloatArrays_assertEmpty_Test
Tests run: 3, Failures: 0, Errors: 0, Skipped: 0, Time elapsed: 0.001 sec
Running org.fest.assertions.internal.floatarrays.FloatArrays_assertDoesNotContain_Test
Tests run: 12, Failures: 0, Errors: 0, Skipped: 0, Time elapsed: 0.009 sec
Running org.fest.assertions.internal.floatarrays.FloatArrays_assertIsSortedAccordingToComparator_Test
Tests run: 5, Failures: 0, Errors: 0, Skipped: 0, Time elapsed: 0 sec
Running org.fest.assertions.internal.floatarrays.FloatArrays_assertContainsSequence_Test
Tests run: 16, Failures: 0, Errors: 0, Skipped: 0, Time elapsed: 0.001 sec
Running org.fest.assertions.internal.floatarrays.FloatArrays_assertNotEmpty_Test
Tests run: 3, Failures: 0, Errors: 0, Skipped: 0, Time elapsed: 0 sec
Running org.fest.assertions.internal.floatarrays.FloatArrays_assertDoesNotHaveDuplicates_Test
Tests run: 8, Failures: 0, Errors: 0, Skipped: 0, Time elapsed: 0 sec
Running org.fest.assertions.internal.floatarrays.FloatArrays_assertContains_at_Index_Test
Tests run: 12, Failures: 0, Errors: 0, Skipped: 0, Time elapsed: 0.001 sec
Running org.fest.assertions.internal.failures.Failures_failure_with_ErrorMessage_Test
Tests run: 2, Failures: 0, Errors: 0, Skipped: 0, Time elapsed: 0.002 sec
Running org.fest.assertions.internal.failures.Failures_failure_with_AssertionErrorFactory_Test
Tests run: 2, Failures: 0, Errors: 0, Skipped: 0, Time elapsed: 0.002 sec
Running org.fest.assertions.internal.shortarrays.ShortArrays_assertHasSameSizeAs_with_Array_Test
Tests run: 3, Failures: 0, Errors: 0, Skipped: 0, Time elapsed: 0 sec
Running org.fest.assertions.internal.shortarrays.ShortArrays_assertContains_at_Index_Test
Tests run: 12, Failures: 0, Errors: 0, Skipped: 0, Time elapsed: 0.006 sec
Running org.fest.assertions.internal.shortarrays.ShortArrays_assertNotEmpty_Test
Tests run: 3, Failures: 0, Errors: 0, Skipped: 0, Time elapsed: 0.001 sec
Running org.fest.assertions.internal.shortarrays.ShortArrays_assertIsSorted_Test
Tests run: 10, Failures: 0, Errors: 0, Skipped: 0, Time elapsed: 0.002 sec
Running org.fest.assertions.internal.shortarrays.ShortArrays_assertContainsOnly_Test
Tests run: 16, Failures: 0, Errors: 0, Skipped: 0, Time elapsed: 0.003 sec
Running org.fest.assertions.internal.shortarrays.ShortArrays_assertContainsSequence_Test
Tests run: 16, Failures: 0, Errors: 0, Skipped: 0, Time elapsed: 0.003 sec
Running org.fest.assertions.internal.shortarrays.ShortArrays_assertIsSortedAccordingToComparator_Test
Tests run: 5, Failures: 0, Errors: 0, Skipped: 0, Time elapsed: 0.002 sec
Running org.fest.assertions.internal.shortarrays.ShortArrays_assertStartsWith_Test
Tests run: 16, Failures: 0, Errors: 0, Skipped: 0, Time elapsed: 0.003 sec
Running org.fest.assertions.internal.shortarrays.ShortArrays_assertHasSameSizeAs_with_Iterable_Test
Tests run: 3, Failures: 0, Errors: 0, Skipped: 0, Time elapsed: 0 sec
Running org.fest.assertions.internal.shortarrays.ShortArrays_assertEmpty_Test
Tests run: 3, Failures: 0, Errors: 0, Skipped: 0, Time elapsed: 0.001 sec
Running org.fest.assertions.internal.shortarrays.ShortArrays_assertHasSize_Test
Tests run: 3, Failures: 0, Errors: 0, Skipped: 0, Time elapsed: 0 sec
Running org.fest.assertions.internal.shortarrays.ShortArrays_assertDoesNotHaveDuplicates_Test
Tests run: 8, Failures: 0, Errors: 0, Skipped: 0, Time elapsed: 0.001 sec
Running org.fest.assertions.internal.shortarrays.ShortArrays_assertDoesNotContain_at_Index_Test
Tests run: 12, Failures: 0, Errors: 0, Skipped: 0, Time elapsed: 0.006 sec
Running org.fest.assertions.internal.shortarrays.ShortArrays_assertContains_Test
Tests run: 18, Failures: 0, Errors: 0, Skipped: 0, Time elapsed: 0 sec
Running org.fest.assertions.internal.shortarrays.ShortArrays_assertEndsWith_Test
Tests run: 16, Failures: 0, Errors: 0, Skipped: 0, Time elapsed: 0.002 sec
Running org.fest.assertions.internal.shortarrays.ShortArrays_assertDoesNotContain_Test
Tests run: 12, Failures: 0, Errors: 0, Skipped: 0, Time elapsed: 0.002 sec
Running org.fest.assertions.internal.shortarrays.ShortArrays_assertNullOrEmpty_Test
Tests run: 3, Failures: 0, Errors: 0, Skipped: 0, Time elapsed: 0 sec
Running org.fest.assertions.internal.floats.Floats_assertIsNegative_Test
Tests run: 4, Failures: 0, Errors: 0, Skipped: 0, Time elapsed: 0 sec
Running org.fest.assertions.internal.floats.Floats_assertGreaterThanOrEqualTo_Test
Tests run: 8, Failures: 0, Errors: 0, Skipped: 0, Time elapsed: 0.001 sec
Running org.fest.assertions.internal.floats.Floats_NaN_Test
Tests run: 1, Failures: 0, Errors: 0, Skipped: 0, Time elapsed: 0 sec
Running org.fest.assertions.internal.floats.Floats_assertNotEqual_Test
Tests run: 6, Failures: 0, Errors: 0, Skipped: 0, Time elapsed: 0.001 sec
Running org.fest.assertions.internal.floats.Floats_assertIsZero_Test
Tests run: 4, Failures: 0, Errors: 0, Skipped: 0, Time elapsed: 0 sec
Running org.fest.assertions.internal.floats.Floats_assertIsNotNegative_Test
Tests run: 5, Failures: 0, Errors: 0, Skipped: 0, Time elapsed: 0.001 sec
Running org.fest.assertions.internal.floats.Floats_assertIsPositive_Test
Tests run: 4, Failures: 0, Errors: 0, Skipped: 0, Time elapsed: 0.001 sec
Running org.fest.assertions.internal.floats.Floats_assertEqual_float_with_offset_Test
Tests run: 12, Failures: 0, Errors: 0, Skipped: 0, Time elapsed: 0.002 sec
Running org.fest.assertions.internal.floats.Floats_assertIsNotPositive_Test
Tests run: 5, Failures: 0, Errors: 0, Skipped: 0, Time elapsed: 0.001 sec
Running org.fest.assertions.internal.floats.Floats_assertIsNotNaN_Test
Tests run: 4, Failures: 0, Errors: 0, Skipped: 0, Time elapsed: 0 sec
Running org.fest.assertions.internal.floats.Floats_assertGreaterThan_Test
Tests run: 7, Failures: 0, Errors: 0, Skipped: 0, Time elapsed: 0.002 sec
Running org.fest.assertions.internal.floats.Floats_assertLessThanOrEqualTo_Test
Tests run: 8, Failures: 0, Errors: 0, Skipped: 0, Time elapsed: 0.003 sec
Running org.fest.assertions.internal.floats.Floats_assertLessThan_Test
Tests run: 8, Failures: 0, Errors: 0, Skipped: 0, Time elapsed: 0.003 sec
Running org.fest.assertions.internal.floats.Floats_assertIsNotZero_Test
Tests run: 4, Failures: 0, Errors: 0, Skipped: 0, Time elapsed: 0 sec
Running org.fest.assertions.internal.floats.Floats_assertEqual_Test
Tests run: 6, Failures: 0, Errors: 0, Skipped: 0, Time elapsed: 0.001 sec
Running org.fest.assertions.internal.floats.Floats_assertIsNaN_Test
Tests run: 4, Failures: 0, Errors: 0, Skipped: 0, Time elapsed: 0.002 sec
Running org.fest.assertions.internal.floats.Floats_assertEqual_with_offset_Test
Tests run: 8, Failures: 0, Errors: 0, Skipped: 0, Time elapsed: 0.005 sec
Running org.fest.assertions.internal.conditions.Conditions_assertDoesNotHave_Test
Tests run: 3, Failures: 0, Errors: 0, Skipped: 0, Time elapsed: 0 sec
Running org.fest.assertions.internal.conditions.Conditions_assertHas_Test
Tests run: 3, Failures: 0, Errors: 0, Skipped: 0, Time elapsed: 0 sec
Running org.fest.assertions.internal.conditions.Conditions_assertIs_Test
Tests run: 3, Failures: 0, Errors: 0, Skipped: 0, Time elapsed: 0 sec
Running org.fest.assertions.internal.conditions.Conditions_assertIsNot_Test
Tests run: 3, Failures: 0, Errors: 0, Skipped: 0, Time elapsed: 0 sec
Running org.fest.assertions.internal.conditions.Conditions_assertIsNotNull_Test
Tests run: 2, Failures: 0, Errors: 0, Skipped: 0, Time elapsed: 0.001 sec
Running org.fest.assertions.internal.ComparatorBasedComparisonStrategy_duplicatesFrom_Test
Tests run: 4, Failures: 0, Errors: 0, Skipped: 0, Time elapsed: 0 sec
Running org.fest.assertions.internal.files.Files_assertIsAbsolute_Test
Tests run: 3, Failures: 0, Errors: 0, Skipped: 0, Time elapsed: 0.027 sec
Running org.fest.assertions.internal.files.Files_assertExists_Test
Tests run: 3, Failures: 0, Errors: 0, Skipped: 0, Time elapsed: 0.001 sec
Running org.fest.assertions.internal.files.Files_assertCanRead_Test
Tests run: 3, Failures: 0, Errors: 0, Skipped: 0, Time elapsed: 0 sec
Running org.fest.assertions.internal.files.Diff_diff_File_Test
Tests run: 4, Failures: 0, Errors: 0, Skipped: 0, Time elapsed: 0.038 sec
Running org.fest.assertions.internal.files.Files_assertDoesNotExist_Test
Tests run: 3, Failures: 0, Errors: 0, Skipped: 0, Time elapsed: 0.001 sec
Running org.fest.assertions.internal.files.BinaryDiff_diff_File_byteArray_Test
Tests run: 4, Failures: 0, Errors: 0, Skipped: 0, Time elapsed: 0.007 sec
Running org.fest.assertions.internal.files.Files_assertIsDirectory_Test
Tests run: 3, Failures: 0, Errors: 0, Skipped: 0, Time elapsed: 0.001 sec
Running org.fest.assertions.internal.files.Files_assertHasBinaryContent_Test
Tests run: 6, Failures: 0, Errors: 0, Skipped: 0, Time elapsed: 0.006 sec
Running org.fest.assertions.internal.files.Diff_diff_File_String_Test
[line:<1>, expected:<line_1> but was:<EOF>]
Tests run: 4, Failures: 0, Errors: 0, Skipped: 0, Time elapsed: 0.009 sec
Running org.fest.assertions.internal.files.Files_assertHasContent_Test
Tests run: 6, Failures: 0, Errors: 0, Skipped: 0, Time elapsed: 0.003 sec
Running org.fest.assertions.internal.files.Files_assertIsFile_Test
Tests run: 3, Failures: 0, Errors: 0, Skipped: 0, Time elapsed: 0.013 sec
Running org.fest.assertions.internal.files.Files_assertEqualContent_Test
Tests run: 7, Failures: 0, Errors: 0, Skipped: 0, Time elapsed: 0 sec
Running org.fest.assertions.internal.files.Files_assertIsRelative_Test
Tests run: 3, Failures: 0, Errors: 0, Skipped: 0, Time elapsed: 0.004 sec
Running org.fest.assertions.internal.files.Files_assertCanWrite_Test
Tests run: 3, Failures: 0, Errors: 0, Skipped: 0, Time elapsed: 0 sec
Running org.fest.assertions.internal.iterables.Iterables_assertNotEmpty_Test
Tests run: 6, Failures: 0, Errors: 0, Skipped: 0, Time elapsed: 0 sec
Running org.fest.assertions.internal.iterables.Iterables_assertHasSameSizeAs_with_Iterable_Test
Tests run: 8, Failures: 0, Errors: 0, Skipped: 0, Time elapsed: 0.005 sec
Running org.fest.assertions.internal.iterables.Iterables_assertNullOrEmpty_Test
Tests run: 6, Failures: 0, Errors: 0, Skipped: 0, Time elapsed: 0.002 sec
Running org.fest.assertions.internal.iterables.Iterables_assertContains_Test
Tests run: 15, Failures: 0, Errors: 0, Skipped: 0, Time elapsed: 0.002 sec
Running org.fest.assertions.internal.iterables.Iterables_assertAreNot_Test
Tests run: 3, Failures: 0, Errors: 0, Skipped: 0, Time elapsed: 0.001 sec
Running org.fest.assertions.internal.iterables.Iterables_assertContainsSequence_Test
Tests run: 13, Failures: 0, Errors: 0, Skipped: 0, Time elapsed: 0.015 sec
Running org.fest.assertions.internal.iterables.Iterables_assertAreExactly_Test
Tests run: 4, Failures: 0, Errors: 0, Skipped: 0, Time elapsed: 0.007 sec
Running org.fest.assertions.internal.iterables.Iterables_assertDoNotHaveAtMost_Test
Tests run: 4, Failures: 0, Errors: 0, Skipped: 0, Time elapsed: 0 sec
Running org.fest.assertions.internal.iterables.Iterables_assertAreNotAtLeast_Test
Tests run: 4, Failures: 0, Errors: 0, Skipped: 0, Time elapsed: 0 sec
Running org.fest.assertions.internal.iterables.Iterables_assertHaveAtMost_Test
Tests run: 4, Failures: 0, Errors: 0, Skipped: 0, Time elapsed: 0.018 sec
Running org.fest.assertions.internal.iterables.Iterables_assertIsSubsetOf_Test
Tests run: 14, Failures: 0, Errors: 0, Skipped: 0, Time elapsed: 0.002 sec
Running org.fest.assertions.internal.iterables.Iterables_assertEndsWith_Test
Tests run: 13, Failures: 0, Errors: 0, Skipped: 0, Time elapsed: 0.002 sec
Running org.fest.assertions.internal.iterables.Iterables_assertDoNotHave_Test
Tests run: 3, Failures: 0, Errors: 0, Skipped: 0, Time elapsed: 0 sec
Running org.fest.assertions.internal.iterables.Iterables_assertHaveAtLeast_Test
Tests run: 4, Failures: 0, Errors: 0, Skipped: 0, Time elapsed: 0.001 sec
Running org.fest.assertions.internal.iterables.Iterables_assertEmpty_Test
Tests run: 6, Failures: 0, Errors: 0, Skipped: 0, Time elapsed: 0 sec
Running org.fest.assertions.internal.iterables.Iterables_assertContainsExactly_Test
Tests run: 11, Failures: 0, Errors: 0, Skipped: 0, Time elapsed: 0.001 sec
Running org.fest.assertions.internal.iterables.Iterables_assertDoNotHaveAtLeast_Test
Tests run: 4, Failures: 0, Errors: 0, Skipped: 0, Time elapsed: 0.007 sec
Running org.fest.assertions.internal.iterables.Iterables_assertDoesNotHaveDuplicates_Test
Tests run: 6, Failures: 0, Errors: 0, Skipped: 0, Time elapsed: 0 sec
Running org.fest.assertions.internal.iterables.Iterables_assertAreNotAtMost_Test
Tests run: 4, Failures: 0, Errors: 0, Skipped: 0, Time elapsed: 0.002 sec
Running org.fest.assertions.internal.iterables.Iterables_assertAreAtLeast_Test
Tests run: 4, Failures: 0, Errors: 0, Skipped: 0, Time elapsed: 0.001 sec
Running org.fest.assertions.internal.iterables.Iterables_assertContainsAll_Test
Tests run: 12, Failures: 0, Errors: 0, Skipped: 0, Time elapsed: 0.002 sec
Running org.fest.assertions.internal.iterables.Iterables_assertAreNotExactly_Test
Tests run: 4, Failures: 0, Errors: 0, Skipped: 0, Time elapsed: 0 sec
Running org.fest.assertions.internal.iterables.Iterables_assertContainsNull_Test
Tests run: 10, Failures: 0, Errors: 0, Skipped: 0, Time elapsed: 0.001 sec
Running org.fest.assertions.internal.iterables.Iterables_assertHaveExactly_Test
Tests run: 4, Failures: 0, Errors: 0, Skipped: 0, Time elapsed: 0.001 sec
Running org.fest.assertions.internal.iterables.Iterables_assertAre_Test
Tests run: 3, Failures: 0, Errors: 0, Skipped: 0, Time elapsed: 0 sec
Running org.fest.assertions.internal.iterables.Iterables_assertHasSameSizeAs_with_Array_Test
Tests run: 8, Failures: 0, Errors: 0, Skipped: 0, Time elapsed: 0.005 sec
Running org.fest.assertions.internal.iterables.Iterables_assertDoNotHaveExactly_Test
Tests run: 4, Failures: 0, Errors: 0, Skipped: 0, Time elapsed: 0.004 sec
Running org.fest.assertions.internal.iterables.Iterables_assertHasSize_Test
Tests run: 6, Failures: 0, Errors: 0, Skipped: 0, Time elapsed: 0 sec
Running org.fest.assertions.internal.iterables.Iterables_assertStartsWith_Test
Tests run: 12, Failures: 0, Errors: 0, Skipped: 0, Time elapsed: 0.002 sec
Running org.fest.assertions.internal.iterables.Iterables_assertContainsOnly_Test
Tests run: 14, Failures: 0, Errors: 0, Skipped: 0, Time elapsed: 0.006 sec
Running org.fest.assertions.internal.iterables.Iterables_assertAreAtMost_Test
Tests run: 4, Failures: 0, Errors: 0, Skipped: 0, Time elapsed: 0 sec
Running org.fest.assertions.internal.iterables.Iterables_assertDoesNotContain_Test
Tests run: 9, Failures: 0, Errors: 0, Skipped: 0, Time elapsed: 0 sec
Running org.fest.assertions.internal.iterables.Iterables_assertHave_Test
Tests run: 3, Failures: 0, Errors: 0, Skipped: 0, Time elapsed: 0 sec
Running org.fest.assertions.internal.iterables.Iterables_assertDoesNotContainNull_Test
Tests run: 8, Failures: 0, Errors: 0, Skipped: 0, Time elapsed: 0 sec
Running org.fest.assertions.internal.objects.Objects_assertIsInstanceOfAny_Test
Tests run: 6, Failures: 0, Errors: 0, Skipped: 0, Time elapsed: 0.001 sec
Running org.fest.assertions.internal.objects.Objects_assertIsNotIn_with_array_Test
Tests run: 7, Failures: 0, Errors: 0, Skipped: 0, Time elapsed: 0.001 sec
Running org.fest.assertions.internal.objects.Objects_assertNotSame_Test
Tests run: 2, Failures: 0, Errors: 0, Skipped: 0, Time elapsed: 0.012 sec
Running org.fest.assertions.internal.objects.Objects_assertIsLenientEqualsToByAcceptingFields_Test
Tests run: 8, Failures: 0, Errors: 0, Skipped: 0, Time elapsed: 0.005 sec
Running org.fest.assertions.internal.objects.Objects_assertNull_Test
Tests run: 2, Failures: 0, Errors: 0, Skipped: 0, Time elapsed: 0.001 sec
Running org.fest.assertions.internal.objects.Objects_assertIsExactlyInstanceOf_Test
Tests run: 4, Failures: 0, Errors: 0, Skipped: 0, Time elapsed: 0 sec
Running org.fest.assertions.internal.objects.Objects_assertIsNotInstanceOfAny_Test
Tests run: 6, Failures: 0, Errors: 0, Skipped: 0, Time elapsed: 0.001 sec
Running org.fest.assertions.internal.objects.Objects_assertIsIn_with_Iterable_Test
Tests run: 7, Failures: 0, Errors: 0, Skipped: 0, Time elapsed: 0.001 sec
Running org.fest.assertions.internal.objects.Objects_assertIsNotIn_with_Iterable_Test
Tests run: 7, Failures: 0, Errors: 0, Skipped: 0, Time elapsed: 0.001 sec
Running org.fest.assertions.internal.objects.Objects_assertIsLenientEqualsToByIgnoringFields_Test
Tests run: 9, Failures: 0, Errors: 0, Skipped: 0, Time elapsed: 0.005 sec
Running org.fest.assertions.internal.objects.Objects_assertIsNotOfClassIn_Test
Tests run: 5, Failures: 0, Errors: 0, Skipped: 0, Time elapsed: 0 sec
Running org.fest.assertions.internal.objects.Objects_assertIsIn_with_array_Test
Tests run: 7, Failures: 0, Errors: 0, Skipped: 0, Time elapsed: 0.004 sec
Running org.fest.assertions.internal.objects.Objects_assertIsLenientEqualsToByIgnoringNullFields_Test
Tests run: 6, Failures: 0, Errors: 0, Skipped: 0, Time elapsed: 0 sec
Running org.fest.assertions.internal.objects.Objects_assertHasSameClassAs_Test
Tests run: 4, Failures: 0, Errors: 0, Skipped: 0, Time elapsed: 0 sec
Running org.fest.assertions.internal.objects.Objects_assertNotEqual_Test
Tests run: 4, Failures: 0, Errors: 0, Skipped: 0, Time elapsed: 0 sec
Running org.fest.assertions.internal.objects.Objects_assertIsInstanceOf_Test
Tests run: 4, Failures: 0, Errors: 0, Skipped: 0, Time elapsed: 0 sec
Running org.fest.assertions.internal.objects.Objects_assertIsNotInstanceOf_Test
Tests run: 4, Failures: 0, Errors: 0, Skipped: 0, Time elapsed: 0.007 sec
Running org.fest.assertions.internal.objects.Objects_assertIsNotExactlyInstanceOf_Test
Tests run: 4, Failures: 0, Errors: 0, Skipped: 0, Time elapsed: 0 sec
Running org.fest.assertions.internal.objects.Objects_assertIsOfClassIn_Test
Tests run: 5, Failures: 0, Errors: 0, Skipped: 0, Time elapsed: 0 sec
Running org.fest.assertions.internal.objects.Objects_assertSame_Test
Tests run: 2, Failures: 0, Errors: 0, Skipped: 0, Time elapsed: 0 sec
Running org.fest.assertions.internal.objects.Objects_assertEqual_Test
Tests run: 4, Failures: 0, Errors: 0, Skipped: 0, Time elapsed: 0 sec
Running org.fest.assertions.internal.objects.Objects_assertNotNull_Test
Tests run: 2, Failures: 0, Errors: 0, Skipped: 0, Time elapsed: 0 sec
Running org.fest.assertions.internal.objects.Objects_assertDoesNotHaveNotSameClassAs_Test
Tests run: 4, Failures: 0, Errors: 0, Skipped: 0, Time elapsed: 0 sec
Running org.fest.assertions.internal.shorts.Shorts_assertGreaterThanOrEqualTo_Test
Tests run: 8, Failures: 0, Errors: 0, Skipped: 0, Time elapsed: 0 sec
Running org.fest.assertions.internal.shorts.Shorts_assertIsPositive_Test
Tests run: 4, Failures: 0, Errors: 0, Skipped: 0, Time elapsed: 0 sec
Running org.fest.assertions.internal.shorts.Shorts_assertEqual_Test
Tests run: 6, Failures: 0, Errors: 0, Skipped: 0, Time elapsed: 0 sec
Running org.fest.assertions.internal.shorts.Shorts_assertIsNotPositive_Test
Tests run: 5, Failures: 0, Errors: 0, Skipped: 0, Time elapsed: 0 sec
Running org.fest.assertions.internal.shorts.Shorts_assertLessThanOrEqualTo_Test
Tests run: 8, Failures: 0, Errors: 0, Skipped: 0, Time elapsed: 0 sec
Running org.fest.assertions.internal.shorts.Shorts_assertLessThan_Test
Tests run: 8, Failures: 0, Errors: 0, Skipped: 0, Time elapsed: 0.001 sec
Running org.fest.assertions.internal.shorts.Shorts_assertNotEqual_Test
Tests run: 6, Failures: 0, Errors: 0, Skipped: 0, Time elapsed: 0.001 sec
Running org.fest.assertions.internal.shorts.Shorts_assertGreaterThan_Test
Tests run: 7, Failures: 0, Errors: 0, Skipped: 0, Time elapsed: 0.008 sec
Running org.fest.assertions.internal.shorts.Shorts_assertIsNotZero_Test
Tests run: 4, Failures: 0, Errors: 0, Skipped: 0, Time elapsed: 0 sec
Running org.fest.assertions.internal.shorts.Shorts_assertIsNotNegative_Test
Tests run: 5, Failures: 0, Errors: 0, Skipped: 0, Time elapsed: 0 sec
Running org.fest.assertions.internal.shorts.Shorts_assertIsZero_Test
Tests run: 4, Failures: 0, Errors: 0, Skipped: 0, Time elapsed: 0.001 sec
Running org.fest.assertions.internal.shorts.Shorts_assertIsNegative_Test
Tests run: 4, Failures: 0, Errors: 0, Skipped: 0, Time elapsed: 0 sec
Running org.fest.assertions.internal.dates.Dates_assertIsInThePast_Test
Tests run: 8, Failures: 0, Errors: 0, Skipped: 0, Time elapsed: 0 sec
Running org.fest.assertions.internal.dates.Dates_assertIsInSameDayAs_Test
Tests run: 8, Failures: 0, Errors: 0, Skipped: 0, Time elapsed: 0.001 sec
Running org.fest.assertions.internal.dates.Dates_assertIsWithinSecond_Test
Tests run: 6, Failures: 0, Errors: 0, Skipped: 0, Time elapsed: 0.002 sec
Running org.fest.assertions.internal.dates.Dates_assertIsWithinHourOfDay_Test
Tests run: 6, Failures: 0, Errors: 0, Skipped: 0, Time elapsed: 0.001 sec
Running org.fest.assertions.internal.dates.Dates_assertIsInSameHourAs_Test
Tests run: 8, Failures: 0, Errors: 0, Skipped: 0, Time elapsed: 0.001 sec
Running org.fest.assertions.internal.dates.Dates_assertIsWithinDayOfWeek_Test
Tests run: 6, Failures: 0, Errors: 0, Skipped: 0, Time elapsed: 0.001 sec
Running org.fest.assertions.internal.dates.Dates_assertIsWithinYear_Test
Tests run: 6, Failures: 0, Errors: 0, Skipped: 0, Time elapsed: 0.003 sec
Running org.fest.assertions.internal.dates.Dates_assertIsWithinMillisecond_Test
Tests run: 6, Failures: 0, Errors: 0, Skipped: 0, Time elapsed: 0 sec
Running org.fest.assertions.internal.dates.Dates_assertIsAfter_Test
Tests run: 10, Failures: 0, Errors: 0, Skipped: 0, Time elapsed: 0.003 sec
Running org.fest.assertions.internal.dates.Dates_assertIsAfterOrEqualsTo_Test
Tests run: 10, Failures: 0, Errors: 0, Skipped: 0, Time elapsed: 0.004 sec
Running org.fest.assertions.internal.dates.Dates_assertHasTime_Test
Tests run: 3, Failures: 0, Errors: 0, Skipped: 0, Time elapsed: 0.001 sec
Running org.fest.assertions.internal.dates.Dates_assertIsAfterYear_Test
Tests run: 8, Failures: 0, Errors: 0, Skipped: 0, Time elapsed: 0 sec
Running org.fest.assertions.internal.dates.Dates_assertIsWithinMinute_Test
Tests run: 6, Failures: 0, Errors: 0, Skipped: 0, Time elapsed: 0.001 sec
Running org.fest.assertions.internal.dates.Dates_assertIsInSameYearAs_Test
Tests run: 8, Failures: 0, Errors: 0, Skipped: 0, Time elapsed: 0.001 sec
Running org.fest.assertions.internal.dates.Dates_assertIsBetween_Test
Tests run: 18, Failures: 0, Errors: 0, Skipped: 0, Time elapsed: 0.004 sec
Running org.fest.assertions.internal.dates.Dates_assertIsWithinDayOfMonth_Test
Tests run: 6, Failures: 0, Errors: 0, Skipped: 0, Time elapsed: 0.001 sec
Running org.fest.assertions.internal.dates.Dates_assertIsBefore_Test
Tests run: 10, Failures: 0, Errors: 0, Skipped: 0, Time elapsed: 0.003 sec
Running org.fest.assertions.internal.dates.Dates_assertIsInTheFuture_Test
Tests run: 8, Failures: 0, Errors: 0, Skipped: 0, Time elapsed: 0.002 sec
Running org.fest.assertions.internal.dates.Dates_assertIsBeforeOrEqualsTo_Test
Tests run: 10, Failures: 0, Errors: 0, Skipped: 0, Time elapsed: 0.002 sec
Running org.fest.assertions.internal.dates.Dates_assertIsCloseTo_Test
Tests run: 8, Failures: 0, Errors: 0, Skipped: 0, Time elapsed: 0.001 sec
Running org.fest.assertions.internal.dates.Dates_assertIsWithinMonth_Test
Tests run: 6, Failures: 0, Errors: 0, Skipped: 0, Time elapsed: 0.001 sec
Running org.fest.assertions.internal.dates.Dates_assertIsBeforeYear_Test
Tests run: 8, Failures: 0, Errors: 0, Skipped: 0, Time elapsed: 0.001 sec
Running org.fest.assertions.internal.dates.Dates_assertIsToday_Test
Tests run: 6, Failures: 0, Errors: 0, Skipped: 0, Time elapsed: 0.001 sec
Running org.fest.assertions.internal.dates.Dates_assertIsInSameMonthAs_Test
Tests run: 8, Failures: 0, Errors: 0, Skipped: 0, Time elapsed: 0.004 sec
Running org.fest.assertions.internal.dates.Dates_assertIsNotBetween_Test
Tests run: 18, Failures: 0, Errors: 0, Skipped: 0, Time elapsed: 0 sec
Running org.fest.assertions.internal.dates.Dates_assertIsInSameMinuteAs_Test
Tests run: 8, Failures: 0, Errors: 0, Skipped: 0, Time elapsed: 0.001 sec
Running org.fest.assertions.internal.dates.Dates_assertIsInSameSecondAs_Test
Tests run: 8, Failures: 0, Errors: 0, Skipped: 0, Time elapsed: 0.002 sec
Running org.fest.assertions.internal.ComparatorBasedComparisonStrategy_stringContains_Test
Tests run: 1, Failures: 0, Errors: 0, Skipped: 0, Time elapsed: 0 sec
Running org.fest.assertions.internal.StandardComparisonStrategy_iterableContains_Test
Tests run: 2, Failures: 0, Errors: 0, Skipped: 0, Time elapsed: 0 sec
Running org.fest.assertions.internal.characters.Characters_assertUpperCase_Test
Tests run: 6, Failures: 0, Errors: 0, Skipped: 0, Time elapsed: 0.001 sec
Running org.fest.assertions.internal.characters.Characters_assertEqual_Test
Tests run: 6, Failures: 0, Errors: 0, Skipped: 0, Time elapsed: 0.001 sec
Running org.fest.assertions.internal.characters.Characters_assertGreaterThan_Test
Tests run: 7, Failures: 0, Errors: 0, Skipped: 0, Time elapsed: 0.002 sec
Running org.fest.assertions.internal.characters.Characters_assertLessThan_Test
Tests run: 8, Failures: 0, Errors: 0, Skipped: 0, Time elapsed: 0.001 sec
Running org.fest.assertions.internal.characters.Characters_assertGreaterThanOrEqualTo_Test
Tests run: 8, Failures: 0, Errors: 0, Skipped: 0, Time elapsed: 0.001 sec
Running org.fest.assertions.internal.characters.Characters_assertLowerCase_Test
Tests run: 6, Failures: 0, Errors: 0, Skipped: 0, Time elapsed: 0.002 sec
Running org.fest.assertions.internal.characters.Characters_assertLessThanOrEqualTo_Test
Tests run: 8, Failures: 0, Errors: 0, Skipped: 0, Time elapsed: 0 sec
Running org.fest.assertions.internal.characters.Characters_assertNotEqual_Test
Tests run: 6, Failures: 0, Errors: 0, Skipped: 0, Time elapsed: 0 sec
Running org.fest.assertions.internal.intarrays.IntArrays_assertNullOrEmpty_Test
Tests run: 3, Failures: 0, Errors: 0, Skipped: 0, Time elapsed: 0 sec
Running org.fest.assertions.internal.intarrays.IntArrays_assertHasSameSizeAs_with_Iterable_Test
Tests run: 3, Failures: 0, Errors: 0, Skipped: 0, Time elapsed: 0.001 sec
Running org.fest.assertions.internal.intarrays.IntArrays_assertDoesNotContain_at_Index_Test
Tests run: 12, Failures: 0, Errors: 0, Skipped: 0, Time elapsed: 0.002 sec
Running org.fest.assertions.internal.intarrays.IntArrays_assertStartsWith_Test
Tests run: 16, Failures: 0, Errors: 0, Skipped: 0, Time elapsed: 0.003 sec
Running org.fest.assertions.internal.intarrays.IntArrays_assertContainsSequence_Test
Tests run: 16, Failures: 0, Errors: 0, Skipped: 0, Time elapsed: 0.002 sec
Running org.fest.assertions.internal.intarrays.IntArrays_assertEmpty_Test
Tests run: 3, Failures: 0, Errors: 0, Skipped: 0, Time elapsed: 0 sec
Running org.fest.assertions.internal.intarrays.IntArrays_assertEndsWith_Test
Tests run: 16, Failures: 0, Errors: 0, Skipped: 0, Time elapsed: 0.003 sec
Running org.fest.assertions.internal.intarrays.IntArrays_assertHasSize_Test
Tests run: 3, Failures: 0, Errors: 0, Skipped: 0, Time elapsed: 0 sec
Running org.fest.assertions.internal.intarrays.IntArrays_assertDoesNotContain_Test
Tests run: 12, Failures: 0, Errors: 0, Skipped: 0, Time elapsed: 0.002 sec
Running org.fest.assertions.internal.intarrays.IntArrays_assertContains_Test
Tests run: 18, Failures: 0, Errors: 0, Skipped: 0, Time elapsed: 0.003 sec
Running org.fest.assertions.internal.intarrays.IntArrays_assertContainsOnly_Test
Tests run: 16, Failures: 0, Errors: 0, Skipped: 0, Time elapsed: 0.002 sec
Running org.fest.assertions.internal.intarrays.IntArrays_assertDoesNotHaveDuplicates_Test
Tests run: 8, Failures: 0, Errors: 0, Skipped: 0, Time elapsed: 0.001 sec
Running org.fest.assertions.internal.intarrays.IntArrays_assertNotEmpty_Test
Tests run: 3, Failures: 0, Errors: 0, Skipped: 0, Time elapsed: 0 sec
Running org.fest.assertions.internal.intarrays.IntArrays_assertIsSorted_Test
Tests run: 10, Failures: 0, Errors: 0, Skipped: 0, Time elapsed: 0.001 sec
Running org.fest.assertions.internal.intarrays.IntArrays_assertHasSameSizeAs_with_Array_Test
Tests run: 3, Failures: 0, Errors: 0, Skipped: 0, Time elapsed: 0 sec
Running org.fest.assertions.internal.intarrays.IntArrays_assertContains_at_Index_Test
Tests run: 12, Failures: 0, Errors: 0, Skipped: 0, Time elapsed: 0.002 sec
Running org.fest.assertions.internal.intarrays.IntArrays_assertIsSortedAccordingToComparator_Test
Tests run: 5, Failures: 0, Errors: 0, Skipped: 0, Time elapsed: 0.002 sec
Running org.fest.assertions.internal.ComparatorBasedComparisonStrategy_stringEndsWith_Test
Tests run: 1, Failures: 0, Errors: 0, Skipped: 0, Time elapsed: 0 sec
Running org.fest.assertions.internal.StandardComparisonStrategy_isLessThanOrEqualTo_Test
Tests run: 2, Failures: 0, Errors: 0, Skipped: 0, Time elapsed: 0 sec
Running org.fest.assertions.internal.ComparatorBasedComparisonStrategy_iterableContains_Test
Tests run: 3, Failures: 0, Errors: 0, Skipped: 0, Time elapsed: 0 sec
Running org.fest.assertions.internal.ComparatorBasedComparisonStrategy_arrayContains_Test
Tests run: 4, Failures: 0, Errors: 0, Skipped: 0, Time elapsed: 0 sec
Running org.fest.assertions.internal.ComparatorBasedComparisonStrategy_iterableRemove_Test
Tests run: 3, Failures: 0, Errors: 0, Skipped: 0, Time elapsed: 0 sec
Running org.fest.assertions.internal.PropertySupport_propertyValues_Test
Tests run: 8, Failures: 0, Errors: 0, Skipped: 0, Time elapsed: 0.001 sec
Running org.fest.assertions.internal.booleans.Booleans_assertNotEqual_Test
Tests run: 3, Failures: 0, Errors: 0, Skipped: 0, Time elapsed: 0.003 sec
Running org.fest.assertions.internal.booleans.Booleans_assertEqual_Test
Tests run: 3, Failures: 0, Errors: 0, Skipped: 0, Time elapsed: 0 sec
Running org.fest.assertions.internal.ComparatorBasedComparisonStrategy_areEqual_Test
Tests run: 6, Failures: 0, Errors: 0, Skipped: 0, Time elapsed: 0 sec
Running org.fest.assertions.internal.StandardComparisonStrategy_isGreaterThan_Test
Tests run: 3, Failures: 0, Errors: 0, Skipped: 0, Time elapsed: 0 sec
Running org.fest.assertions.internal.longarrays.LongArrays_assertDoesNotContain_Test
Tests run: 12, Failures: 0, Errors: 0, Skipped: 0, Time elapsed: 0.002 sec
Running org.fest.assertions.internal.longarrays.LongArrays_assertContains_at_Index_Test
Tests run: 12, Failures: 0, Errors: 0, Skipped: 0, Time elapsed: 0.005 sec
Running org.fest.assertions.internal.longarrays.LongArrays_assertHasSize_Test
Tests run: 3, Failures: 0, Errors: 0, Skipped: 0, Time elapsed: 0 sec
Running org.fest.assertions.internal.longarrays.LongArrays_assertDoesNotHaveDuplicates_Test
Tests run: 8, Failures: 0, Errors: 0, Skipped: 0, Time elapsed: 0.003 sec
Running org.fest.assertions.internal.longarrays.LongArrays_assertEmpty_Test
Tests run: 3, Failures: 0, Errors: 0, Skipped: 0, Time elapsed: 0 sec
Running org.fest.assertions.internal.longarrays.LongArrays_assertNullOrEmpty_Test
Tests run: 3, Failures: 0, Errors: 0, Skipped: 0, Time elapsed: 0 sec
Running org.fest.assertions.internal.longarrays.LongArrays_assertContainsSequence_Test
Tests run: 16, Failures: 0, Errors: 0, Skipped: 0, Time elapsed: 0.002 sec
Running org.fest.assertions.internal.longarrays.LongArrays_assertStartsWith_Test
Tests run: 16, Failures: 0, Errors: 0, Skipped: 0, Time elapsed: 0.003 sec
Running org.fest.assertions.internal.longarrays.LongArrays_assertContainsOnly_Test
Tests run: 16, Failures: 0, Errors: 0, Skipped: 0, Time elapsed: 0.007 sec
Running org.fest.assertions.internal.longarrays.LongArrays_assertHasSameSizeAs_with_Array_Test
Tests run: 3, Failures: 0, Errors: 0, Skipped: 0, Time elapsed: 0.004 sec
Running org.fest.assertions.internal.longarrays.LongArrays_assertDoesNotContain_at_Index_Test
Tests run: 12, Failures: 0, Errors: 0, Skipped: 0, Time elapsed: 0.001 sec
Running org.fest.assertions.internal.longarrays.LongArrays_assertNotEmpty_Test
Tests run: 3, Failures: 0, Errors: 0, Skipped: 0, Time elapsed: 0 sec
Running org.fest.assertions.internal.longarrays.LongArrays_assertIsSorted_Test
Tests run: 10, Failures: 0, Errors: 0, Skipped: 0, Time elapsed: 0.002 sec
Running org.fest.assertions.internal.longarrays.LongArrays_assertEndsWith_Test
Tests run: 16, Failures: 0, Errors: 0, Skipped: 0, Time elapsed: 0.003 sec
Running org.fest.assertions.internal.longarrays.LongArrays_assertHasSameSizeAs_with_Iterable_Test
Tests run: 3, Failures: 0, Errors: 0, Skipped: 0, Time elapsed: 0.001 sec
Running org.fest.assertions.internal.longarrays.LongArrays_assertIsSortedAccordingToComparator_Test
Tests run: 5, Failures: 0, Errors: 0, Skipped: 0, Time elapsed: 0.002 sec
Running org.fest.assertions.internal.longarrays.LongArrays_assertContains_Test
Tests run: 18, Failures: 0, Errors: 0, Skipped: 0, Time elapsed: 0.005 sec
Running org.fest.assertions.internal.ComparatorBasedComparisonStrategy_isLessThanOrEqualTo_Test
Tests run: 2, Failures: 0, Errors: 0, Skipped: 0, Time elapsed: 0 sec
Running org.fest.assertions.internal.chararrays.CharArrays_assertHasSameSizeAs_with_Iterable_Test
Tests run: 3, Failures: 0, Errors: 0, Skipped: 0, Time elapsed: 0 sec
Running org.fest.assertions.internal.chararrays.CharArrays_assertHasSize_Test
Tests run: 3, Failures: 0, Errors: 0, Skipped: 0, Time elapsed: 0 sec
Running org.fest.assertions.internal.chararrays.CharArrays_assertIsSortedAccordingToComparator_Test
Tests run: 5, Failures: 0, Errors: 0, Skipped: 0, Time elapsed: 0 sec
Running org.fest.assertions.internal.chararrays.CharArrays_assertNullOrEmpty_Test
Tests run: 3, Failures: 0, Errors: 0, Skipped: 0, Time elapsed: 0 sec
Running org.fest.assertions.internal.chararrays.CharArrays_assertContainsOnly_Test
Tests run: 16, Failures: 0, Errors: 0, Skipped: 0, Time elapsed: 0.005 sec
Running org.fest.assertions.internal.chararrays.CharArrays_assertDoesNotHaveDuplicates_Test
Tests run: 8, Failures: 0, Errors: 0, Skipped: 0, Time elapsed: 0 sec
Running org.fest.assertions.internal.chararrays.CharArrays_assertEmpty_Test
Tests run: 3, Failures: 0, Errors: 0, Skipped: 0, Time elapsed: 0 sec
Running org.fest.assertions.internal.chararrays.CharArrays_assertDoesNotContain_Test
Tests run: 12, Failures: 0, Errors: 0, Skipped: 0, Time elapsed: 0.007 sec
Running org.fest.assertions.internal.chararrays.CharArrays_assertHasSameSizeAs_with_Array_Test
Tests run: 3, Failures: 0, Errors: 0, Skipped: 0, Time elapsed: 0 sec
Running org.fest.assertions.internal.chararrays.CharArrays_assertDoesNotContain_at_Index_Test
Tests run: 12, Failures: 0, Errors: 0, Skipped: 0, Time elapsed: 0.001 sec
Running org.fest.assertions.internal.chararrays.CharArrays_assertContains_at_Index_Test
Tests run: 12, Failures: 0, Errors: 0, Skipped: 0, Time elapsed: 0 sec
Running org.fest.assertions.internal.chararrays.CharArrays_assertNotEmpty_Test
Tests run: 3, Failures: 0, Errors: 0, Skipped: 0, Time elapsed: 0 sec
Running org.fest.assertions.internal.chararrays.CharArrays_assertStartsWith_Test
Tests run: 16, Failures: 0, Errors: 0, Skipped: 0, Time elapsed: 0.003 sec
Running org.fest.assertions.internal.chararrays.CharArrays_assertContainsSequence_Test
Tests run: 16, Failures: 0, Errors: 0, Skipped: 0, Time elapsed: 0.004 sec
Running org.fest.assertions.internal.chararrays.CharArrays_assertContains_Test
Tests run: 18, Failures: 0, Errors: 0, Skipped: 0, Time elapsed: 0 sec
Running org.fest.assertions.internal.chararrays.CharArrays_assertEndsWith_Test
Tests run: 16, Failures: 0, Errors: 0, Skipped: 0, Time elapsed: 0.002 sec
Running org.fest.assertions.internal.chararrays.CharArrays_assertIsSorted_Test
Tests run: 10, Failures: 0, Errors: 0, Skipped: 0, Time elapsed: 0.005 sec
Running org.fest.assertions.internal.doubles.Doubles_assertIsZero_Test
Tests run: 4, Failures: 0, Errors: 0, Skipped: 0, Time elapsed: 0 sec
Running org.fest.assertions.internal.doubles.Doubles_NaN_Test
Tests run: 1, Failures: 0, Errors: 0, Skipped: 0, Time elapsed: 0 sec
Running org.fest.assertions.internal.doubles.Doubles_assertIsNotNaN_Test
Tests run: 4, Failures: 0, Errors: 0, Skipped: 0, Time elapsed: 0 sec
Running org.fest.assertions.internal.doubles.Doubles_assertNotEqual_Test
Tests run: 6, Failures: 0, Errors: 0, Skipped: 0, Time elapsed: 0 sec
Running org.fest.assertions.internal.doubles.Doubles_assertEqual_double_with_offset_Test
Tests run: 10, Failures: 0, Errors: 0, Skipped: 0, Time elapsed: 0 sec
Running org.fest.assertions.internal.doubles.Doubles_assertEqual_Test
Tests run: 6, Failures: 0, Errors: 0, Skipped: 0, Time elapsed: 0 sec
Running org.fest.assertions.internal.doubles.Doubles_assertIsNaN_Test
Tests run: 4, Failures: 0, Errors: 0, Skipped: 0, Time elapsed: 0 sec
Running org.fest.assertions.internal.doubles.Doubles_assertIsNotNegative_Test
Tests run: 5, Failures: 0, Errors: 0, Skipped: 0, Time elapsed: 0 sec
Running org.fest.assertions.internal.doubles.Doubles_assertGreaterThanOrEqualTo_Test
Tests run: 8, Failures: 0, Errors: 0, Skipped: 0, Time elapsed: 0 sec
Running org.fest.assertions.internal.doubles.Doubles_assertIsPositive_Test
Tests run: 4, Failures: 0, Errors: 0, Skipped: 0, Time elapsed: 0 sec
Running org.fest.assertions.internal.doubles.Doubles_assertIsNotPositive_Test
Tests run: 5, Failures: 0, Errors: 0, Skipped: 0, Time elapsed: 0.001 sec
Running org.fest.assertions.internal.doubles.Doubles_assertLessThanOrEqualTo_Test
Tests run: 8, Failures: 0, Errors: 0, Skipped: 0, Time elapsed: 0.001 sec
Running org.fest.assertions.internal.doubles.Doubles_assertLessThan_Test
Tests run: 8, Failures: 0, Errors: 0, Skipped: 0, Time elapsed: 0.001 sec
Running org.fest.assertions.internal.doubles.Doubles_assertIsNotZero_Test
Tests run: 4, Failures: 0, Errors: 0, Skipped: 0, Time elapsed: 0 sec
Running org.fest.assertions.internal.doubles.Doubles_assertEqual_with_offset_Test
Tests run: 8, Failures: 0, Errors: 0, Skipped: 0, Time elapsed: 0.001 sec
Running org.fest.assertions.internal.doubles.Doubles_assertIsNegative_Test
Tests run: 4, Failures: 0, Errors: 0, Skipped: 0, Time elapsed: 0.003 sec
Running org.fest.assertions.internal.doubles.Doubles_assertGreaterThan_Test
Tests run: 7, Failures: 0, Errors: 0, Skipped: 0, Time elapsed: 0 sec
Running org.fest.assertions.internal.integers.Integers_assertIsZero_Test
Tests run: 4, Failures: 0, Errors: 0, Skipped: 0, Time elapsed: 0 sec
Running org.fest.assertions.internal.integers.Integers_assertIsNotNegative_Test
Tests run: 5, Failures: 0, Errors: 0, Skipped: 0, Time elapsed: 0 sec
Running org.fest.assertions.internal.integers.Integers_assertIsNotZero_Test
Tests run: 4, Failures: 0, Errors: 0, Skipped: 0, Time elapsed: 0.01 sec
Running org.fest.assertions.internal.integers.Integers_assertGreaterThanOrEqualTo_Test
Tests run: 8, Failures: 0, Errors: 0, Skipped: 0, Time elapsed: 0 sec
Running org.fest.assertions.internal.integers.Integers_assertIsNotPositive_Test
Tests run: 5, Failures: 0, Errors: 0, Skipped: 0, Time elapsed: 0 sec
Running org.fest.assertions.internal.integers.Integers_assertLessThan_Test
Tests run: 8, Failures: 0, Errors: 0, Skipped: 0, Time elapsed: 0 sec
Running org.fest.assertions.internal.integers.Integers_assertIsNegative_Test
Tests run: 4, Failures: 0, Errors: 0, Skipped: 0, Time elapsed: 0 sec
Running org.fest.assertions.internal.integers.Integers_assertNotEqual_Test
Tests run: 6, Failures: 0, Errors: 0, Skipped: 0, Time elapsed: 0.001 sec
Running org.fest.assertions.internal.integers.Integers_assertGreaterThan_Test
Tests run: 7, Failures: 0, Errors: 0, Skipped: 0, Time elapsed: 0 sec
Running org.fest.assertions.internal.integers.Integers_assertIsPositive_Test
Tests run: 4, Failures: 0, Errors: 0, Skipped: 0, Time elapsed: 0 sec
Running org.fest.assertions.internal.integers.Integers_assertEqual_Test
Tests run: 6, Failures: 0, Errors: 0, Skipped: 0, Time elapsed: 0.001 sec
Running org.fest.assertions.internal.integers.Integers_assertLessThanOrEqualTo_Test
Tests run: 8, Failures: 0, Errors: 0, Skipped: 0, Time elapsed: 0 sec
Running org.fest.assertions.internal.StandardComparisonStrategy_isGreaterThanOrEqualTo_Test
Tests run: 2, Failures: 0, Errors: 0, Skipped: 0, Time elapsed: 0 sec
Running org.fest.assertions.internal.StandardComparisonStrategy_stringStartsWith_Test
Tests run: 1, Failures: 0, Errors: 0, Skipped: 0, Time elapsed: 0 sec
Running org.fest.assertions.internal.ComparatorBasedComparisonStrategy_stringStartsWith_Test
Tests run: 1, Failures: 0, Errors: 0, Skipped: 0, Time elapsed: 0 sec
Running org.fest.assertions.internal.StandardComparisonStrategy_isLessThan_Test
Tests run: 2, Failures: 0, Errors: 0, Skipped: 0, Time elapsed: 0 sec
Running org.fest.assertions.internal.inputstreams.Diff_diff_InputStream_Test
Tests run: 4, Failures: 0, Errors: 0, Skipped: 0, Time elapsed: 0 sec
Running org.fest.assertions.internal.inputstreams.InputStreams_assertEqualContent_Test
Tests run: 5, Failures: 0, Errors: 0, Skipped: 0, Time elapsed: 0 sec
Running org.fest.assertions.internal.inputstreams.BinaryDiff_diff_InputStream_Test
Tests run: 4, Failures: 0, Errors: 0, Skipped: 0, Time elapsed: 0 sec
Running org.fest.assertions.internal.bytearrays.ByteArrays_assertEndsWith_Test
Tests run: 16, Failures: 0, Errors: 0, Skipped: 0, Time elapsed: 0.001 sec
Running org.fest.assertions.internal.bytearrays.ByteArrays_assertHasSameSizeAs_with_Array_Test
Tests run: 3, Failures: 0, Errors: 0, Skipped: 0, Time elapsed: 0.001 sec
Running org.fest.assertions.internal.bytearrays.ByteArrays_assertHasSize_Test
Tests run: 3, Failures: 0, Errors: 0, Skipped: 0, Time elapsed: 0.001 sec
Running org.fest.assertions.internal.bytearrays.ByteArrays_assertDoesNotContain_at_Index_Test
Tests run: 12, Failures: 0, Errors: 0, Skipped: 0, Time elapsed: 0.001 sec
Running org.fest.assertions.internal.bytearrays.ByteArrays_assertIsSortedAccordingToComparator_Test
Tests run: 5, Failures: 0, Errors: 0, Skipped: 0, Time elapsed: 0.001 sec
Running org.fest.assertions.internal.bytearrays.ByteArrays_assertContains_Test
Tests run: 18, Failures: 0, Errors: 0, Skipped: 0, Time elapsed: 0.001 sec
Running org.fest.assertions.internal.bytearrays.ByteArrays_assertNotEmpty_Test
Tests run: 3, Failures: 0, Errors: 0, Skipped: 0, Time elapsed: 0 sec
Running org.fest.assertions.internal.bytearrays.ByteArrays_assertStartsWith_Test
Tests run: 16, Failures: 0, Errors: 0, Skipped: 0, Time elapsed: 0.002 sec
Running org.fest.assertions.internal.bytearrays.ByteArrays_assertIsSorted_Test
Tests run: 10, Failures: 0, Errors: 0, Skipped: 0, Time elapsed: 0.001 sec
Running org.fest.assertions.internal.bytearrays.ByteArrays_assertHasSameSizeAs_with_Iterable_Test
Tests run: 3, Failures: 0, Errors: 0, Skipped: 0, Time elapsed: 0 sec
Running org.fest.assertions.internal.bytearrays.ByteArrays_assertContainsSequence_Test
Tests run: 16, Failures: 0, Errors: 0, Skipped: 0, Time elapsed: 0.002 sec
Running org.fest.assertions.internal.bytearrays.ByteArrays_assertContainsOnly_Test
Tests run: 16, Failures: 0, Errors: 0, Skipped: 0, Time elapsed: 0.001 sec
Running org.fest.assertions.internal.bytearrays.ByteArrays_assertDoesNotHaveDuplicates_Test
Tests run: 8, Failures: 0, Errors: 0, Skipped: 0, Time elapsed: 0.001 sec
Running org.fest.assertions.internal.bytearrays.ByteArrays_assertDoesNotContain_Test
Tests run: 12, Failures: 0, Errors: 0, Skipped: 0, Time elapsed: 0.002 sec
Running org.fest.assertions.internal.bytearrays.ByteArrays_assertContains_at_Index_Test
Tests run: 12, Failures: 0, Errors: 0, Skipped: 0, Time elapsed: 0.002 sec
Running org.fest.assertions.internal.bytearrays.ByteArrays_assertEmpty_Test
Tests run: 3, Failures: 0, Errors: 0, Skipped: 0, Time elapsed: 0.001 sec
Running org.fest.assertions.internal.bytearrays.ByteArrays_assertNullOrEmpty_Test
Tests run: 3, Failures: 0, Errors: 0, Skipped: 0, Time elapsed: 0 sec
Running org.fest.assertions.internal.strings.Strings_assertEmpty_Test
Tests run: 6, Failures: 0, Errors: 0, Skipped: 0, Time elapsed: 0.001 sec
Running org.fest.assertions.internal.strings.Strings_assertNotEmpty_Test
Tests run: 6, Failures: 0, Errors: 0, Skipped: 0, Time elapsed: 0.001 sec
Running org.fest.assertions.internal.strings.Strings_assertEndsWith_Test
Tests run: 6, Failures: 0, Errors: 0, Skipped: 0, Time elapsed: 0.001 sec
Running org.fest.assertions.internal.strings.Strings_assertHasSize_Test
Tests run: 6, Failures: 0, Errors: 0, Skipped: 0, Time elapsed: 0 sec
Running org.fest.assertions.internal.strings.Strings_assertContainsIgnoringCase_Test
Tests run: 10, Failures: 0, Errors: 0, Skipped: 0, Time elapsed: 0.001 sec
Running org.fest.assertions.internal.strings.Strings_assertHasSameSizeAs_with_Array_Test
Tests run: 3, Failures: 0, Errors: 0, Skipped: 0, Time elapsed: 0 sec
Running org.fest.assertions.internal.strings.Strings_assertMatches_Pattern_Test
Tests run: 8, Failures: 0, Errors: 0, Skipped: 0, Time elapsed: 0.001 sec
Running org.fest.assertions.internal.strings.Strings_assertStartsWith_Test
Tests run: 6, Failures: 0, Errors: 0, Skipped: 0, Time elapsed: 0.001 sec
Running org.fest.assertions.internal.strings.Strings_assertDoesNotMatch_String_Test
Tests run: 10, Failures: 0, Errors: 0, Skipped: 0, Time elapsed: 0.005 sec
Running org.fest.assertions.internal.strings.Strings_assertDoesNotMatch_Pattern_Test
Tests run: 8, Failures: 0, Errors: 0, Skipped: 0, Time elapsed: 0.002 sec
Running org.fest.assertions.internal.strings.Strings_assertContainsOnlyOnce_Test
Tests run: 9, Failures: 0, Errors: 0, Skipped: 0, Time elapsed: 0.006 sec
Running org.fest.assertions.internal.strings.Strings_assertMatches_String_Test
Tests run: 10, Failures: 0, Errors: 0, Skipped: 0, Time elapsed: 0 sec
Running org.fest.assertions.internal.strings.Strings_assertContains_Test
Tests run: 7, Failures: 0, Errors: 0, Skipped: 0, Time elapsed: 0 sec
Running org.fest.assertions.internal.strings.Strings_assertEqualsIgnoringCase_Test
Tests run: 12, Failures: 0, Errors: 0, Skipped: 0, Time elapsed: 0 sec
Running org.fest.assertions.internal.strings.Strings_assertNullOrEmpty_Test
Tests run: 6, Failures: 0, Errors: 0, Skipped: 0, Time elapsed: 0.001 sec
Running org.fest.assertions.internal.strings.Strings_assertHasSameSizeAs_with_Iterable_Test
Tests run: 3, Failures: 0, Errors: 0, Skipped: 0, Time elapsed: 0 sec
Running org.fest.assertions.internal.strings.Strings_assertDoesNotContain_Test
Tests run: 6, Failures: 0, Errors: 0, Skipped: 0, Time elapsed: 0.001 sec
Running org.fest.assertions.internal.PropertySupport_propertyValues_with_mocks_Test
Tests run: 1, Failures: 0, Errors: 0, Skipped: 0, Time elapsed: 0.002 sec
Running org.fest.assertions.internal.StandardComparisonStrategy_stringEndsWith_Test
Tests run: 1, Failures: 0, Errors: 0, Skipped: 0, Time elapsed: 0 sec
Running org.fest.assertions.internal.bytes.Bytes_assertIsNotZero_Test
Tests run: 4, Failures: 0, Errors: 0, Skipped: 0, Time elapsed: 0.001 sec
Running org.fest.assertions.internal.bytes.Bytes_assertLessThanOrEqualTo_Test
Tests run: 8, Failures: 0, Errors: 0, Skipped: 0, Time elapsed: 0.004 sec
Running org.fest.assertions.internal.bytes.Bytes_assertIsPositive_Test
Tests run: 4, Failures: 0, Errors: 0, Skipped: 0, Time elapsed: 0 sec
Running org.fest.assertions.internal.bytes.Bytes_assertIsNotPositive_Test
Tests run: 5, Failures: 0, Errors: 0, Skipped: 0, Time elapsed: 0 sec
Running org.fest.assertions.internal.bytes.Bytes_assertEqual_Test
Tests run: 6, Failures: 0, Errors: 0, Skipped: 0, Time elapsed: 0 sec
Running org.fest.assertions.internal.bytes.Bytes_assertIsNegative_Test
Tests run: 4, Failures: 0, Errors: 0, Skipped: 0, Time elapsed: 0.001 sec
Running org.fest.assertions.internal.bytes.Bytes_assertIsNotNegative_Test
Tests run: 5, Failures: 0, Errors: 0, Skipped: 0, Time elapsed: 0 sec
Running org.fest.assertions.internal.bytes.Bytes_assertGreaterThan_Test
Tests run: 7, Failures: 0, Errors: 0, Skipped: 0, Time elapsed: 0 sec
Running org.fest.assertions.internal.bytes.Bytes_assertIsZero_Test
Tests run: 4, Failures: 0, Errors: 0, Skipped: 0, Time elapsed: 0.002 sec
Running org.fest.assertions.internal.bytes.Bytes_assertGreaterThanOrEqualTo_Test
Tests run: 8, Failures: 0, Errors: 0, Skipped: 0, Time elapsed: 0.001 sec
Running org.fest.assertions.internal.bytes.Bytes_assertNotEqual_Test
Tests run: 6, Failures: 0, Errors: 0, Skipped: 0, Time elapsed: 0 sec
Running org.fest.assertions.internal.bytes.Bytes_assertLessThan_Test
Tests run: 8, Failures: 0, Errors: 0, Skipped: 0, Time elapsed: 0.001 sec
Running org.fest.assertions.description.TextDescription_constructor_Test
Tests run: 2, Failures: 0, Errors: 0, Skipped: 0, Time elapsed: 0.006 sec
Running org.fest.assertions.description.TextDescription_toString_Test
Tests run: 1, Failures: 0, Errors: 0, Skipped: 0, Time elapsed: 0 sec
Running org.fest.assertions.description.TextDescription_value_Test
Tests run: 1, Failures: 0, Errors: 0, Skipped: 0, Time elapsed: 0 sec
Running org.fest.assertions.description.Description_toString_Test
Tests run: 1, Failures: 0, Errors: 0, Skipped: 0, Time elapsed: 0.001 sec
Running org.fest.assertions.description.TextDescription_equals_hashCode_Test
Tests run: 7, Failures: 0, Errors: 0, Skipped: 0, Time elapsed: 0 sec
Running org.fest.assertions.description.EmptyTextDescription_emptyText_Test
Tests run: 2, Failures: 0, Errors: 0, Skipped: 0, Time elapsed: 0.002 sec

Results :

Tests run: 4525, Failures: 0, Errors: 0, Skipped: 0

[INFO] 
[INFO] --- animal-sniffer-maven-plugin:1.8:check (Check jre 1.6 API compatibility) @ fest-assert-core ---
[INFO] Signature checking is skipped.
[INFO] 
[INFO] --- maven-jar-plugin:2.4:jar (default-jar) @ fest-assert-core ---
[INFO] Building jar: /tmp/tmpxgfk9amu/fest-assert-2.x/target/fest-assert-core-2.0M10.jar
[INFO] 
[INFO] >>> maven-source-plugin:2.1.2:jar (attach-sources) > generate-sources @ fest-assert-core >>>
[INFO] 
[INFO] --- maven-enforcer-plugin:1.0:enforce (enforce-maven) @ fest-assert-core ---
[INFO] 
[INFO] <<< maven-source-plugin:2.1.2:jar (attach-sources) < generate-sources @ fest-assert-core <<<
[INFO] 
[INFO] 
[INFO] --- maven-source-plugin:2.1.2:jar (attach-sources) @ fest-assert-core ---
[INFO] Building jar: /tmp/tmpxgfk9amu/fest-assert-2.x/target/fest-assert-core-2.0M10-sources.jar
[INFO] 
[INFO] --- maven-assembly-plugin:3.2.0:single (default) @ fest-assert-core ---
[INFO] Building jar: /tmp/tmpxgfk9amu/fest-assert-2.x/target/fest-assert-core-2.0M10-jar-with-dependencies.jar
[INFO] ------------------------------------------------------------------------
[INFO] BUILD SUCCESS
[INFO] ------------------------------------------------------------------------
[INFO] Total time:  18.315 s
[INFO] Finished at: 2020-07-30T16:02:41Z
[INFO] ------------------------------------------------------------------------
