[INFO] Error stacktraces are turned on.
[INFO] Scanning for projects...
[INFO] 
[INFO] --------------------< org.dasein:dasein-cloud-core >--------------------
[INFO] Building dasein-cloud-core 2015.06.2
[INFO] --------------------------------[ jar ]---------------------------------
[INFO] 
[INFO] --- maven-enforcer-plugin:1.0-beta-1:enforce (enforce-maven) @ dasein-cloud-core ---
[INFO] 
[INFO] --- jacoco-maven-plugin:0.8.5:prepare-agent (default) @ dasein-cloud-core ---
[INFO] argLine set to -javaagent:/home/jdbl/.m2/repository/org/jacoco/org.jacoco.agent/0.8.5/org.jacoco.agent-0.8.5-runtime.jar=destfile=/tmp/tmpy3990adt/dasein-cloud-core/target/jacoco.exec
[INFO] 
[INFO] --- maven-resources-plugin:2.6:resources (default-resources) @ dasein-cloud-core ---
[INFO] Using 'UTF-8' encoding to copy filtered resources.
[INFO] Copying 2 resources
[INFO] 
[INFO] --- maven-compiler-plugin:2.0.2:compile (default-compile) @ dasein-cloud-core ---
[INFO] Compiling 352 source files to /tmp/tmpy3990adt/dasein-cloud-core/target/classes
[INFO] 
[INFO] --- maven-checkstyle-plugin:2.12.1:check (verify-style) @ dasein-cloud-core ---
[INFO] 
[INFO] 
[INFO] --- maven-resources-plugin:2.6:testResources (default-testResources) @ dasein-cloud-core ---
[INFO] Using 'UTF-8' encoding to copy filtered resources.
[INFO] skip non existing resourceDirectory /tmp/tmpy3990adt/dasein-cloud-core/src/test/resources
[INFO] 
[INFO] --- maven-compiler-plugin:2.0.2:testCompile (default-testCompile) @ dasein-cloud-core ---
[INFO] Compiling 11 source files to /tmp/tmpy3990adt/dasein-cloud-core/target/test-classes
[INFO] 
[INFO] --- maven-surefire-plugin:2.19.1:test (default-test) @ dasein-cloud-core ---
[INFO] Surefire report directory: /tmp/tmpy3990adt/dasein-cloud-core/target/surefire-reports

-------------------------------------------------------
 T E S T S
-------------------------------------------------------
Running org.dasein.cloud.TaskTestCase
Tests run: 4, Failures: 0, Errors: 0, Skipped: 0, Time elapsed: 21.178 sec - in org.dasein.cloud.TaskTestCase
Running org.dasein.cloud.storage.ObjectStoreTestCase
Tests run: 2, Failures: 0, Errors: 0, Skipped: 0, Time elapsed: 0.02 sec - in org.dasein.cloud.storage.ObjectStoreTestCase
Running org.dasein.cloud.util.NamingConstraintsTest
Tests run: 17, Failures: 0, Errors: 0, Skipped: 0, Time elapsed: 0.129 sec - in org.dasein.cloud.util.NamingConstraintsTest
Running org.dasein.cloud.platform.bigdata.DataWarehouseTestCase
Tests run: 42, Failures: 0, Errors: 0, Skipped: 0, Time elapsed: 0.14 sec - in org.dasein.cloud.platform.bigdata.DataWarehouseTestCase
Running org.dasein.cloud.HybridCloudConnectTestCase
Tests run: 18, Failures: 1, Errors: 0, Skipped: 0, Time elapsed: 12.074 sec <<< FAILURE! - in org.dasein.cloud.HybridCloudConnectTestCase
newConnectWithNewImpl(org.dasein.cloud.HybridCloudConnectTestCase)  Time elapsed: 0.008 sec  <<< FAILURE!
org.junit.ComparisonFailure: Public key is not public expected:<[public]> but was:<[>Y5*PY]>
	at org.dasein.cloud.HybridCloudConnectTestCase.checkConnectionIntegrityForOldClientMethods(HybridCloudConnectTestCase.java:103)
	at org.dasein.cloud.HybridCloudConnectTestCase.newConnectWithNewImpl(HybridCloudConnectTestCase.java:258)

Running org.dasein.cloud.CloudConnectTestCase
Tests run: 22, Failures: 1, Errors: 0, Skipped: 0, Time elapsed: 12.053 sec <<< FAILURE! - in org.dasein.cloud.CloudConnectTestCase
newConnectWithNewImpl(org.dasein.cloud.CloudConnectTestCase)  Time elapsed: 0 sec  <<< FAILURE!
org.junit.ComparisonFailure: 
Public key is not public expected:<[public]> but was:<[
/9�#"]>
	at org.dasein.cloud.CloudConnectTestCase.checkConnectionIntegrityForOldClientMethods(CloudConnectTestCase.java:102)
	at org.dasein.cloud.CloudConnectTestCase.newConnectWithNewImpl(CloudConnectTestCase.java:221)

Running org.dasein.cloud.network.FirewallTestCase
Tests run: 7, Failures: 0, Errors: 0, Skipped: 0, Time elapsed: 0.053 sec - in org.dasein.cloud.network.FirewallTestCase

Results :

Failed tests: 
  CloudConnectTestCase.newConnectWithNewImpl:221->checkConnectionIntegrityForOldClientMethods:102 Public key is not public expected:<[public]> but was:<[
/9�#"]>
  HybridCloudConnectTestCase.newConnectWithNewImpl:258->checkConnectionIntegrityForOldClientMethods:103 Public key is not public expected:<[public]> but was:<[>Y5*PY]>

Tests run: 112, Failures: 2, Errors: 0, Skipped: 0

[ERROR] There are test failures.

Please refer to /tmp/tmpy3990adt/dasein-cloud-core/target/surefire-reports for the individual test results.
[INFO] 
[INFO] --- jacoco-maven-plugin:0.8.5:report (report) @ dasein-cloud-core ---
[INFO] Loading execution data file /tmp/tmpy3990adt/dasein-cloud-core/target/jacoco.exec
[INFO] Analyzed bundle 'dasein-cloud-core' with 407 classes
[INFO] ------------------------------------------------------------------------
[INFO] BUILD SUCCESS
[INFO] ------------------------------------------------------------------------
[INFO] Total time:  01:20 min
[INFO] Finished at: 2020-07-30T21:28:50Z
[INFO] ------------------------------------------------------------------------
