[INFO] Error stacktraces are turned on.
[INFO] Scanning for projects...
[INFO] Inspecting build with total of 1 modules...
[INFO] Installing Nexus Staging features:
[INFO]   ... total of 1 executions of maven-deploy-plugin replaced with nexus-staging-maven-plugin
[INFO] 
[INFO] -------------------------< org.zeromq:jeromq >--------------------------
[INFO] Building JeroMQ 0.5.1
[INFO] --------------------------------[ jar ]---------------------------------
[INFO] 
[INFO] --- maven-checkstyle-plugin:3.0.0:check (default) @ jeromq ---
[INFO] Starting audit...
Audit done.
[INFO] 
[INFO] --- maven-resources-plugin:2.6:resources (default-resources) @ jeromq ---
[INFO] Using 'UTF-8' encoding to copy filtered resources.
[INFO] skip non existing resourceDirectory /tmp/tmp4aueijub/jeromq/src/main/resources
[INFO] 
[INFO] --- maven-compiler-plugin:3.5.1:compile (default-compile) @ jeromq ---
[INFO] Changes detected - recompiling the module!
[INFO] Compiling 147 source files to /tmp/tmp4aueijub/jeromq/target/classes
[INFO] /tmp/tmp4aueijub/jeromq/src/main/java/org/zeromq/ZProxy.java: /tmp/tmp4aueijub/jeromq/src/main/java/org/zeromq/ZProxy.java uses or overrides a deprecated API.
[INFO] /tmp/tmp4aueijub/jeromq/src/main/java/org/zeromq/ZProxy.java: Recompile with -Xlint:deprecation for details.
[INFO] 
[INFO] --- maven-bundle-plugin:3.5.0:manifest (bundle-manifest) @ jeromq ---
[INFO] 
[INFO] --- maven-resources-plugin:2.6:testResources (default-testResources) @ jeromq ---
[INFO] Using 'UTF-8' encoding to copy filtered resources.
[INFO] skip non existing resourceDirectory /tmp/tmp4aueijub/jeromq/src/test/resources
[INFO] 
[INFO] --- maven-compiler-plugin:3.5.1:testCompile (default-testCompile) @ jeromq ---
[INFO] Changes detected - recompiling the module!
[INFO] Compiling 225 source files to /tmp/tmp4aueijub/jeromq/target/test-classes
[INFO] /tmp/tmp4aueijub/jeromq/src/test/java/guide/clonesrv5.java: Some input files use or override a deprecated API.
[INFO] /tmp/tmp4aueijub/jeromq/src/test/java/guide/clonesrv5.java: Recompile with -Xlint:deprecation for details.
[INFO] 
[INFO] --- maven-surefire-plugin:2.22.1:test (default-test) @ jeromq ---
[INFO] Surefire report directory: /tmp/tmp4aueijub/jeromq/target/surefire-reports
[INFO] 
[INFO] -------------------------------------------------------
[INFO]  T E S T S
[INFO] -------------------------------------------------------
[INFO] Running zmq.TestConnectDelay
Scenario 1
Scenario 2
Scenario 3.Ping.Message sent.Message send fail.Ping.Message sent.Done
[INFO] Tests run: 3, Failures: 0, Errors: 0, Skipped: 0, Time elapsed: 3.441 s - in zmq.TestConnectDelay
[INFO] Running zmq.OptionsTest
[INFO] Tests run: 33, Failures: 0, Errors: 0, Skipped: 0, Time elapsed: 0.015 s - in zmq.OptionsTest
[INFO] Running zmq.TestLastEndpoint
[INFO] Tests run: 4, Failures: 0, Errors: 0, Skipped: 0, Time elapsed: 0.011 s - in zmq.TestLastEndpoint
[INFO] Running zmq.CtxTest
[INFO] Tests run: 1, Failures: 0, Errors: 0, Skipped: 0, Time elapsed: 0.149 s - in zmq.CtxTest
[INFO] Running zmq.pipe.ConflateTest
[INFO] Tests run: 1, Failures: 0, Errors: 0, Skipped: 0, Time elapsed: 0.204 s - in zmq.pipe.ConflateTest
[INFO] Running zmq.pipe.YQueueTest
[INFO] Tests run: 1, Failures: 0, Errors: 0, Skipped: 0, Time elapsed: 0 s - in zmq.pipe.YQueueTest
[INFO] Running zmq.TestTimeo
[INFO] Tests run: 1, Failures: 0, Errors: 0, Skipped: 0, Time elapsed: 2.504 s - in zmq.TestTimeo
[INFO] Running zmq.TestMsgFlags
[INFO] Tests run: 1, Failures: 0, Errors: 0, Skipped: 0, Time elapsed: 0.006 s - in zmq.TestMsgFlags
[INFO] Running zmq.TestMsgDirect
[INFO] Tests run: 10, Failures: 0, Errors: 0, Skipped: 0, Time elapsed: 0.007 s - in zmq.TestMsgDirect
[INFO] Running zmq.TestShutdownStress
[INFO] Tests run: 1, Failures: 0, Errors: 0, Skipped: 0, Time elapsed: 0.382 s - in zmq.TestShutdownStress
[INFO] Running zmq.ImmediateTest
Immediate = true
Immediate = false
Immediate = false with broken connection.Ping.Message sent.Message send fail.Ping.Message sent.Done
[INFO] Tests run: 3, Failures: 0, Errors: 0, Skipped: 0, Time elapsed: 3.378 s - in zmq.ImmediateTest
[INFO] Running zmq.ConnectRidTest
Test Router 2 Router unnamed
Test Router 2 router while receiving
Test Stream 2 stream
Test Router 2 Router named
[INFO] Tests run: 4, Failures: 0, Errors: 0, Skipped: 0, Time elapsed: 3.21 s - in zmq.ConnectRidTest
[INFO] Running zmq.DiffServerTest
[INFO] Tests run: 1, Failures: 0, Errors: 0, Skipped: 0, Time elapsed: 0.002 s - in zmq.DiffServerTest
[INFO] Running zmq.util.WireTest
[INFO] Tests run: 8, Failures: 0, Errors: 0, Skipped: 0, Time elapsed: 0.003 s - in zmq.util.WireTest
[INFO] Running zmq.util.TestBlob
[INFO] Tests run: 1, Failures: 0, Errors: 0, Skipped: 0, Time elapsed: 0 s - in zmq.util.TestBlob
[INFO] Running zmq.util.MultimapTest
[INFO] Tests run: 10, Failures: 0, Errors: 0, Skipped: 0, Time elapsed: 0.004 s - in zmq.util.MultimapTest
[INFO] Running zmq.util.TimersTest
[INFO] Tests run: 14, Failures: 0, Errors: 0, Skipped: 0, Time elapsed: 0.807 s - in zmq.util.TimersTest
[INFO] Running zmq.util.TestUtils
[INFO] Tests run: 8, Failures: 0, Errors: 0, Skipped: 0, Time elapsed: 0.048 s - in zmq.util.TestUtils
[INFO] Running zmq.TestMonitor
[INFO] Tests run: 1, Failures: 0, Errors: 0, Skipped: 0, Time elapsed: 4.005 s - in zmq.TestMonitor
[INFO] Running zmq.proxy.ProxyTerminateTest
[INFO] Tests run: 1, Failures: 0, Errors: 0, Skipped: 0, Time elapsed: 0.652 s - in zmq.proxy.ProxyTerminateTest
[INFO] Running zmq.proxy.ProxyTcpTest
[WARNING] Tests run: 1, Failures: 0, Errors: 0, Skipped: 1, Time elapsed: 0 s - in zmq.proxy.ProxyTcpTest
[INFO] Running zmq.proxy.ProxySingleSocketTest
.....
[INFO] Tests run: 1, Failures: 0, Errors: 0, Skipped: 0, Time elapsed: 0.113 s - in zmq.proxy.ProxySingleSocketTest
[INFO] Running zmq.proxy.ProxyTest
Worker 0 done
Worker 2 done
Worker 4 done
Client 1 done
Client 0 done
Client 2 done
Client 4 done
Client 3 done
[INFO] Tests run: 1, Failures: 0, Errors: 0, Skipped: 0, Time elapsed: 42.001 s - in zmq.proxy.ProxyTest
[INFO] Running zmq.InprocUnbindTest
[INFO] Tests run: 1, Failures: 0, Errors: 0, Skipped: 0, Time elapsed: 0 s - in zmq.InprocUnbindTest
[INFO] Running zmq.poll.PollerBaseTest
[INFO] Tests run: 6, Failures: 0, Errors: 0, Skipped: 0, Time elapsed: 0.001 s - in zmq.poll.PollerBaseTest
[INFO] Running zmq.TestTermEndpoint
[INFO] Tests run: 6, Failures: 0, Errors: 0, Skipped: 0, Time elapsed: 8.023 s - in zmq.TestTermEndpoint
[INFO] Running zmq.InprocDisconnectTest
subscribing on 'foo'
received on subscriber 'foo'
received on subscriber 'this is foo!'
received on subscriber 'foo'
received on subscriber 'this is foo!'
received on subscriber 'foo'
received on subscriber 'this is foo!'
unsubscribing from 'foo'
[INFO] Tests run: 1, Failures: 0, Errors: 0, Skipped: 0, Time elapsed: 0.301 s - in zmq.InprocDisconnectTest
[INFO] Running zmq.HeartbeatsTest
zmq.poll.Poller@3526e446 rebuilding selector
10000 20000 30000 40000 50000 60000 70000 80000 90000 
1000 2000 3000 4000 5000 6000 7000 8000 9000 
10000 20000 30000 40000 50000 60000 70000 80000 90000 
[INFO] Tests run: 10, Failures: 0, Errors: 0, Skipped: 0, Time elapsed: 3.4 s - in zmq.HeartbeatsTest
[INFO] Running zmq.TestHwm
[INFO] Tests run: 1, Failures: 0, Errors: 0, Skipped: 0, Time elapsed: 0 s - in zmq.TestHwm
[INFO] Running zmq.io.MsgsTest
[INFO] Tests run: 5, Failures: 0, Errors: 0, Skipped: 0, Time elapsed: 0 s - in zmq.io.MsgsTest
[INFO] Running zmq.io.net.tcp.TcpAddressTest
[WARNING] Tests run: 9, Failures: 0, Errors: 0, Skipped: 1, Time elapsed: 0.017 s - in zmq.io.net.tcp.TcpAddressTest
[INFO] Running zmq.io.net.TestAddress
[INFO] Tests run: 3, Failures: 0, Errors: 0, Skipped: 0, Time elapsed: 0 s - in zmq.io.net.TestAddress
[INFO] Running zmq.io.net.BindSrcAddressTest
[INFO] Tests run: 1, Failures: 0, Errors: 0, Skipped: 0, Time elapsed: 0 s - in zmq.io.net.BindSrcAddressTest
[INFO] Running zmq.io.mechanism.SecurityNullTest
Test NO ZAP domain
Test WRONG ZAP domain
Sending ZAP NULL reply
Test RIGHT ZAP domain
Sending ZAP NULL reply
[INFO] Tests run: 1, Failures: 0, Errors: 0, Skipped: 0, Time elapsed: 1.254 s - in zmq.io.mechanism.SecurityNullTest
[INFO] Running zmq.io.mechanism.SecurityCurveTest
Test Correct CURVE security
Sending ZAP CURVE reply
Test bad server key CURVE security
Test bad client public key CURVE security
Test bad client public key CURVE security
Test bad client credentials CURVE security
Sending ZAP CURVE reply
Test NULL client with CURVE security
Test PLAIN client with CURVE security
Test unauthenticated from vanilla socket CURVE security
Test return codes for invalid buffer sizes with CURVE security
[INFO] Tests run: 9, Failures: 0, Errors: 0, Skipped: 0, Time elapsed: 5.052 s - in zmq.io.mechanism.SecurityCurveTest
[INFO] Running zmq.io.mechanism.SecurityPlainTest
Test Correct PLAIN security
Sending ZAP PLAIN reply
Test badly configured PLAIN security
Test wrong authentication PLAIN security
Sending ZAP PLAIN reply
Test unauthenticated from vanilla socket PLAIN security
[INFO] Tests run: 6, Failures: 0, Errors: 0, Skipped: 0, Time elapsed: 1.76 s - in zmq.io.mechanism.SecurityPlainTest
[INFO] Running zmq.io.coder.V1EncoderTest
[INFO] Tests run: 2, Failures: 0, Errors: 0, Skipped: 0, Time elapsed: 0.001 s - in zmq.io.coder.V1EncoderTest
[INFO] Running zmq.io.coder.V1DecoderTest
[INFO] Tests run: 4, Failures: 0, Errors: 0, Skipped: 0, Time elapsed: 0.002 s - in zmq.io.coder.V1DecoderTest
[INFO] Running zmq.io.coder.V2DecoderTest
[INFO] Tests run: 4, Failures: 0, Errors: 0, Skipped: 0, Time elapsed: 0.001 s - in zmq.io.coder.V2DecoderTest
[INFO] Running zmq.io.coder.V2EncoderTest
[INFO] Tests run: 2, Failures: 0, Errors: 0, Skipped: 0, Time elapsed: 0 s - in zmq.io.coder.V2EncoderTest
[INFO] Running zmq.io.coder.CustomDecoderTest
[INFO] Tests run: 3, Failures: 0, Errors: 0, Skipped: 0, Time elapsed: 0.005 s - in zmq.io.coder.CustomDecoderTest
[INFO] Running zmq.io.coder.CustomEncoderTest
[INFO] Tests run: 3, Failures: 0, Errors: 0, Skipped: 0, Time elapsed: 0.003 s - in zmq.io.coder.CustomEncoderTest
[INFO] Running zmq.io.V1ProtocolTest
0 100 200 300 400 500 600 700 800 900 
[INFO] Tests run: 3, Failures: 0, Errors: 0, Skipped: 0, Time elapsed: 1.677 s - in zmq.io.V1ProtocolTest
[INFO] Running zmq.io.V0ProtocolTest
0 100 200 300 400 500 600 700 800 900 
[INFO] Tests run: 3, Failures: 0, Errors: 0, Skipped: 0, Time elapsed: 1.293 s - in zmq.io.V0ProtocolTest
[INFO] Running zmq.io.StreamEngineTest
[INFO] Tests run: 1, Failures: 0, Errors: 0, Skipped: 0, Time elapsed: 0.254 s - in zmq.io.StreamEngineTest
[INFO] Running zmq.io.TimerEventTest
[INFO] Tests run: 1, Failures: 0, Errors: 0, Skipped: 0, Time elapsed: 0.01 s - in zmq.io.TimerEventTest
[INFO] Running zmq.io.V2ProtocolTest
0 100 200 300 400 500 600 700 800 900 
[INFO] Tests run: 3, Failures: 0, Errors: 0, Skipped: 0, Time elapsed: 1.153 s - in zmq.io.V2ProtocolTest
[INFO] Running zmq.io.MetadataTest
Sending ZAP reply
[INFO] Tests run: 2, Failures: 0, Errors: 0, Skipped: 0, Time elapsed: 0.002 s - in zmq.io.MetadataTest
[INFO] Running zmq.socket.pipeline.PushPullSpecTest
[WARNING] Tests run: 4, Failures: 0, Errors: 0, Skipped: 1, Time elapsed: 2.008 s - in zmq.socket.pipeline.PushPullSpecTest
[INFO] Running zmq.socket.pipeline.TestPushPullTcp
[INFO] Tests run: 1, Failures: 0, Errors: 0, Skipped: 0, Time elapsed: 0.001 s - in zmq.socket.pipeline.TestPushPullTcp
[INFO] Running zmq.socket.pubsub.XpubXsubTest
Send.Recv.Send.Recv.End.Done.
Send.Recv.End.Done.
[INFO] Tests run: 3, Failures: 0, Errors: 0, Skipped: 0, Time elapsed: 3.145 s - in zmq.socket.pubsub.XpubXsubTest
[INFO] Running zmq.socket.pubsub.XPubTest
[INFO] Tests run: 2, Failures: 0, Errors: 0, Skipped: 0, Time elapsed: 0.001 s - in zmq.socket.pubsub.XPubTest
[INFO] Running zmq.socket.pubsub.PubTest
[INFO] Tests run: 2, Failures: 0, Errors: 0, Skipped: 0, Time elapsed: 0 s - in zmq.socket.pubsub.PubTest
[INFO] Running zmq.socket.pubsub.TrieTest
[INFO] Tests run: 5, Failures: 0, Errors: 0, Skipped: 0, Time elapsed: 0 s - in zmq.socket.pubsub.TrieTest
[INFO] Running zmq.socket.pubsub.MTrieTest
[INFO] Tests run: 10, Failures: 0, Errors: 0, Skipped: 0, Time elapsed: 0.001 s - in zmq.socket.pubsub.MTrieTest
[INFO] Running zmq.socket.pubsub.XPubNodropTest
[INFO] Tests run: 1, Failures: 0, Errors: 0, Skipped: 0, Time elapsed: 0.01 s - in zmq.socket.pubsub.XPubNodropTest
[INFO] Running zmq.socket.pubsub.TestSubForward
[INFO] Tests run: 1, Failures: 0, Errors: 0, Skipped: 0, Time elapsed: 2.001 s - in zmq.socket.pubsub.TestSubForward
[INFO] Running zmq.socket.pubsub.TestPubsubTcp
zmq.poll.Poller@3526e446 rebuilding selector
Send.Recv.1.2..End.Done.
[INFO] Tests run: 1, Failures: 0, Errors: 0, Skipped: 0, Time elapsed: 1 s - in zmq.socket.pubsub.TestPubsubTcp
[INFO] Running zmq.socket.pubsub.PubSubHwmTest
[INFO] Tests run: 3, Failures: 0, Errors: 0, Skipped: 0, Time elapsed: 1.813 s - in zmq.socket.pubsub.PubSubHwmTest
[INFO] Running zmq.socket.pubsub.SubTest
[INFO] Tests run: 3, Failures: 0, Errors: 0, Skipped: 0, Time elapsed: 0.005 s - in zmq.socket.pubsub.SubTest
[INFO] Running zmq.socket.reqrep.RouterMandatoryTest
Starting router mandatory HWM test.....Done sending messages.
[INFO] Tests run: 2, Failures: 0, Errors: 0, Skipped: 0, Time elapsed: 1.003 s - in zmq.socket.reqrep.RouterMandatoryTest
[INFO] Running zmq.socket.reqrep.RouterProbeTest
[INFO] Tests run: 1, Failures: 0, Errors: 0, Skipped: 0, Time elapsed: 0 s - in zmq.socket.reqrep.RouterProbeTest
[INFO] Running zmq.socket.reqrep.TestReqCorrelateRelaxed
[INFO] Tests run: 1, Failures: 0, Errors: 0, Skipped: 0, Time elapsed: 0.001 s - in zmq.socket.reqrep.TestReqCorrelateRelaxed
[INFO] Running zmq.socket.reqrep.TestInvalidRep
addrSize: 5
[INFO] Tests run: 1, Failures: 0, Errors: 0, Skipped: 0, Time elapsed: 0 s - in zmq.socket.reqrep.TestInvalidRep
[INFO] Running zmq.socket.reqrep.ReqSpecTest
[WARNING] Tests run: 4, Failures: 0, Errors: 0, Skipped: 1, Time elapsed: 1.807 s - in zmq.socket.reqrep.ReqSpecTest
[INFO] Running zmq.socket.reqrep.TestReqrepDevice
[INFO] Tests run: 1, Failures: 0, Errors: 0, Skipped: 0, Time elapsed: 0.002 s - in zmq.socket.reqrep.TestReqrepDevice
[INFO] Running zmq.socket.reqrep.RepSpecTest
[INFO] Tests run: 2, Failures: 0, Errors: 0, Skipped: 0, Time elapsed: 0.405 s - in zmq.socket.reqrep.RepSpecTest
[INFO] Running zmq.socket.reqrep.TestReqRelaxed
[INFO] Tests run: 2, Failures: 0, Errors: 0, Skipped: 0, Time elapsed: 0.303 s - in zmq.socket.reqrep.TestReqRelaxed
[INFO] Running zmq.socket.reqrep.RouterHandoverTest
[INFO] Tests run: 1, Failures: 0, Errors: 0, Skipped: 0, Time elapsed: 0.002 s - in zmq.socket.reqrep.RouterHandoverTest
[INFO] Running zmq.socket.reqrep.DealerSpecTest
[WARNING] Tests run: 4, Failures: 0, Errors: 0, Skipped: 1, Time elapsed: 1.706 s - in zmq.socket.reqrep.DealerSpecTest
[INFO] Running zmq.socket.reqrep.TestReqrepTcp
[INFO] Tests run: 1, Failures: 0, Errors: 0, Skipped: 0, Time elapsed: 0.001 s - in zmq.socket.reqrep.TestReqrepTcp
[INFO] Running zmq.socket.reqrep.TestReqrepInproc
[INFO] Tests run: 1, Failures: 0, Errors: 0, Skipped: 0, Time elapsed: 0.001 s - in zmq.socket.reqrep.TestReqrepInproc
[INFO] Running zmq.socket.reqrep.TestReqrepIpc
[INFO] Tests run: 1, Failures: 0, Errors: 0, Skipped: 0, Time elapsed: 0 s - in zmq.socket.reqrep.TestReqrepIpc
[INFO] Running zmq.socket.reqrep.RouterSpecTest
[WARNING] Tests run: 2, Failures: 0, Errors: 0, Skipped: 1, Time elapsed: 0.2 s - in zmq.socket.reqrep.RouterSpecTest
[INFO] Running zmq.socket.reqrep.DealerDealerTest
#zmq.Msg{type=DATA, size=255, flags=0}
#zmq.Msg{type=DATA, size=1, flags=0}
[INFO] Tests run: 1, Failures: 0, Errors: 0, Skipped: 0, Time elapsed: 0.024 s - in zmq.socket.reqrep.DealerDealerTest
[INFO] Running zmq.socket.reqrep.TestRouterMandatory
[INFO] Tests run: 1, Failures: 0, Errors: 0, Skipped: 0, Time elapsed: 1.001 s - in zmq.socket.reqrep.TestRouterMandatory
[INFO] Running zmq.socket.stream.StreamTest
[INFO] Tests run: 2, Failures: 0, Errors: 0, Skipped: 0, Time elapsed: 1.003 s - in zmq.socket.stream.StreamTest
[INFO] Running zmq.socket.stream.StreamEmptyTest
[INFO] Tests run: 1, Failures: 0, Errors: 0, Skipped: 0, Time elapsed: 0.999 s - in zmq.socket.stream.StreamEmptyTest
[INFO] Running zmq.socket.pair.TestPairInproc
[INFO] Tests run: 1, Failures: 0, Errors: 0, Skipped: 0, Time elapsed: 0 s - in zmq.socket.pair.TestPairInproc
[INFO] Running zmq.socket.pair.TestPairIpc
[INFO] Tests run: 1, Failures: 0, Errors: 0, Skipped: 0, Time elapsed: 0.001 s - in zmq.socket.pair.TestPairIpc
[INFO] Running zmq.socket.pair.TestPairTcp
[INFO] Tests run: 4, Failures: 0, Errors: 0, Skipped: 0, Time elapsed: 0.108 s - in zmq.socket.pair.TestPairTcp
[INFO] Running zmq.TestConnectResolve
test_connect_resolve running...

[INFO] Tests run: 1, Failures: 0, Errors: 0, Skipped: 0, Time elapsed: 0 s - in zmq.TestConnectResolve
[INFO] Running zmq.TestMsg
[INFO] Tests run: 10, Failures: 0, Errors: 0, Skipped: 0, Time elapsed: 0.001 s - in zmq.TestMsg
[INFO] Running zmq.PollTest
[WARNING] Tests run: 4, Failures: 0, Errors: 0, Skipped: 1, Time elapsed: 0.004 s - in zmq.PollTest
[INFO] Running zmq.TermEndpointIpcTest
[INFO] Tests run: 6, Failures: 0, Errors: 0, Skipped: 0, Time elapsed: 8.01 s - in zmq.TermEndpointIpcTest
[INFO] Running org.zeromq.TestProxy
Start Dealer-B
Start Dealer-A
Start Client-X
Client-X sent 1st message
Start Client-Y
Client-Y sent 1st message
Dealer-A received client identity 436C69656E742D598116490DD4BC927FA8DDB9CEE7D8EAB1922A92DE51B2AAA5ED1B29F596CEF37B927A10ABC3C6F3E7411255087B07A77D447596B0D838C6F74E6006165B7BA09958B60BFD7ADC4BF150384EE599BC3EBACCC26D
Dealer-B received client identity 436C69656E742D58A758DEAE7081C76CEF2AA866B509425CCA64853F209DF7F13EEED7C5E998851B0425DDE877A3D50DCC1BD029C3AA7AF00A460AF6112F3149F9011C9B8A2EB5FAB22E9DD676ADDFC084
Dealer-A received bottom 
Dealer-B received bottom 
Dealer-A received data hello
Dealer-B received data hello
Client-X received OK hello Dealer-B
Client-Y received OK hello Dealer-A
Dealer-B received client identity 436C69656E742D58A758DEAE7081C76CEF2AA866B509425CCA64853F209DF7F13EEED7C5E998851B0425DDE877A3D50DCC1BD029C3AA7AF00A460AF6112F3149F9011C9B8A2EB5FAB22E9DD676ADDFC084
Dealer-A received client identity 436C69656E742D598116490DD4BC927FA8DDB9CEE7D8EAB1922A92DE51B2AAA5ED1B29F596CEF37B927A10ABC3C6F3E7411255087B07A77D447596B0D838C6F74E6006165B7BA09958B60BFD7ADC4BF150384EE599BC3EBACCC26D
Dealer-B received bottom 
Dealer-A received bottom 
Dealer-B received data world
Dealer-A received data world
Client-Y received OK world Dealer-A
Client-X received OK world Dealer-B
Stop Dealer-A
Stop Dealer-B
Stop Client-Y
Stop Client-X
[INFO] Tests run: 1, Failures: 0, Errors: 0, Skipped: 0, Time elapsed: 1.023 s - in org.zeromq.TestProxy
[INFO] Running org.zeromq.ZBeaconTest
[WARNING] Tests run: 5, Failures: 0, Errors: 0, Skipped: 2, Time elapsed: 0.009 s - in org.zeromq.ZBeaconTest
[INFO] Running org.zeromq.TestEvents
[INFO] Tests run: 9, Failures: 0, Errors: 0, Skipped: 0, Time elapsed: 2.01 s - in org.zeromq.TestEvents
[INFO] Running org.zeromq.TestPushPullThreadedTcp
Sending 500 messages
Worker received 500 messages
Test done in 104 millis.
Worker received 1 messages
Test done in 1 millis.
push time :145 millisec.
last message: hello_299999
all time :145 millisec.
Sending 20000 messages to trigger watermark limit
Worker received 20000 messages
Test done in 413 millis.
[INFO] Tests run: 4, Failures: 0, Errors: 0, Skipped: 0, Time elapsed: 0.668 s - in org.zeromq.TestPushPullThreadedTcp
[INFO] Running org.zeromq.ReqRepTest
Large Message received in  705 millis.
Req/Rep with 1 threads for 20000 messages in 2284 millis.
Req/Rep with 2 threads for 50000 messages in 4357 millis.
[INFO] Tests run: 3, Failures: 0, Errors: 0, Skipped: 0, Time elapsed: 7.381 s - in org.zeromq.ReqRepTest
[INFO] Running org.zeromq.guide.EspressoTest
[002] 0141
[002] 0142
[007] B-00026
[007] A-00028
[007] A-00031
[007] B-00040
[007] B-00041
[007] B-00044
[002] 0041
[002] 0042
Espresso Finished
[INFO] Tests run: 1, Failures: 0, Errors: 0, Skipped: 0, Time elapsed: 10.031 s - in org.zeromq.guide.EspressoTest
[INFO] Running org.zeromq.guide.AsyncServerTest
0001-EE6CC06A worker #3 reply #01 : request #02 - 0001-EE6CC06A
0003-D9619594 worker #2 reply #01 : request #01 - 0003-D9619594
0002-513B03FF worker #4 reply #01 : request #02 - 0002-513B03FF
0001-EE6CC06A worker #1 reply #01 : request #01 - 0001-EE6CC06A
0002-513B03FF worker #0 reply #01 : request #01 - 0002-513B03FF
0001-EE6CC06A worker #1 reply #05 : request #03 - 0001-EE6CC06A
0003-D9619594 worker #3 reply #04 : request #03 - 0003-D9619594
0002-513B03FF worker #2 reply #03 : request #03 - 0002-513B03FF
0003-D9619594 worker #1 reply #06 : request #04 - 0003-D9619594
0002-513B03FF worker #3 reply #06 : request #05 - 0002-513B03FF
0003-D9619594 worker #4 reply #05 : request #05 - 0003-D9619594
0002-513B03FF worker #1 reply #07 : request #06 - 0002-513B03FF
0001-EE6CC06A worker #2 reply #05 : request #05 - 0001-EE6CC06A
0002-513B03FF worker #4 reply #07 : request #07 - 0002-513B03FF
0003-D9619594 worker #0 reply #05 : request #02 - 0003-D9619594
0001-EE6CC06A worker #3 reply #10 : request #07 - 0001-EE6CC06A
0003-D9619594 worker #4 reply #11 : request #10 - 0003-D9619594
0001-EE6CC06A worker #0 reply #07 : request #06 - 0001-EE6CC06A
0001-EE6CC06A worker #1 reply #10 : request #08 - 0001-EE6CC06A
[INFO] Tests run: 1, Failures: 0, Errors: 0, Skipped: 0, Time elapsed: 11.004 s - in org.zeromq.guide.AsyncServerTest
[INFO] Running org.zeromq.TestPoller
Sender: not writable
Receiver Started
Sender: wrote message
Receiver Stopped
Poller test done
[INFO] Tests run: 2, Failures: 0, Errors: 0, Skipped: 0, Time elapsed: 1.105 s - in org.zeromq.TestPoller
[INFO] Running org.zeromq.TestSocketStreams
[WARNING] Tests run: 1, Failures: 0, Errors: 0, Skipped: 1, Time elapsed: 0 s - in org.zeromq.TestSocketStreams
[INFO] Running org.zeromq.ZFrameTest
[INFO] Tests run: 6, Failures: 0, Errors: 0, Skipped: 0, Time elapsed: 0.003 s - in org.zeromq.ZFrameTest
[INFO] Running org.zeromq.TestZProxy
All options sync new hot
State sync pause
All options sync new hot with restart
State sync
State async
All options sync new
All options async new
All options sync
All options async
[INFO] Tests run: 9, Failures: 0, Errors: 0, Skipped: 0, Time elapsed: 3.562 s - in org.zeromq.TestZProxy
[INFO] Running org.zeromq.PubSubTest
[SUB]
Send-1/Send-2/Send-3/Send-4/Send-5/Send-6/
[UNSUB]
Send-7/Send-8/Send-9/Send-10/Send-11/Send-12/Send-13/Send-14/Send-15/[WARNING] Tests run: 3, Failures: 0, Errors: 0, Skipped: 2, Time elapsed: 17.014 s - in org.zeromq.PubSubTest
[INFO] Running org.zeromq.ZCertStoreTest
[WARNING] Tests run: 1, Failures: 0, Errors: 0, Skipped: 1, Time elapsed: 0 s - in org.zeromq.ZCertStoreTest
[INFO] Running org.zeromq.ZLoopTest
[INFO] Tests run: 4, Failures: 0, Errors: 0, Skipped: 0, Time elapsed: 0.059 s - in org.zeromq.ZLoopTest
[INFO] Running org.zeromq.ParanoidPiratServerWithLazyPiratClientTest
I: Worker - ready
I: Client - connecting to server
I: Worker - normal reply
I: Client - server replied OK (1)
I: Worker - heartbeat
I: Worker - normal reply
I: Client - server replied OK (2)
I: Worker - normal reply
I: Client - server replied OK (3)
I: Worker - heartbeat
I: Worker - normal reply
I: Client - server replied OK (4)
I: Worker - simulating CPU overload
W: Client - no response from server, retrying
I: Client - reconnecting to server
I: Worker - normal reply
I: Worker - heartbeat
I: Worker - normal reply
I: Client - server replied OK (5)
I: Worker - normal reply
I: Client - server replied OK (6)
I: Worker - heartbeat
I: Worker - normal reply
I: Client - server replied OK (7)
I: Worker - normal reply
I: Client - server replied OK (8)
I: Worker - heartbeat
I: Worker - simulating a crash
I: Rebooter - restarting new worker after crash ++++++++++++
I: Worker - ready
I: Worker - heartbeat
W: Client - no response from server, retrying
I: Client - reconnecting to server
I: Worker - normal reply
I: Client - server replied OK (9)
I: Worker - heartbeat
I: Worker - normal reply
I: Client - server replied OK (10)
I: Worker - normal reply
I: Client - server replied OK (11)
I: Worker - heartbeat
I: Worker - normal reply
I: Client - server replied OK (12)
I: Worker - heartbeat
I: Worker - simulating CPU overload
W: Client - no response from server, retrying
I: Client - reconnecting to server
I: Worker - normal reply
I: Worker - heartbeat
I: Worker - normal reply
I: Client - server replied OK (13)
I: Worker - normal reply
I: Client - server replied OK (14)
I: Worker - heartbeat
I: Worker - normal reply
I: Client - server replied OK (15)
I: Worker - normal reply
I: Client - server replied OK (16)
I: Worker - heartbeat
I: Worker - simulating a crash
W: Client - no response from server, retrying
I: Client - reconnecting to server
W: Client - no response from server, retrying
I: Client - reconnecting to server
E: Client - server seems to be offline, abandoning
Test with Paranoid Server and Lazy client completed in 32020 millis
[INFO] Tests run: 1, Failures: 0, Errors: 0, Skipped: 0, Time elapsed: 32.018 s - in org.zeromq.ParanoidPiratServerWithLazyPiratClientTest
[INFO] Running org.zeromq.auth.ZConfigTest
[INFO] Tests run: 4, Failures: 0, Errors: 0, Skipped: 0, Time elapsed: 0.01 s - in org.zeromq.auth.ZConfigTest
[INFO] Running org.zeromq.auth.ZAuthTest
testPlainWithPasswordDenied
ZAuth: Enabled replies
ZAuth: activated plain-mechanism with password-file: /tmp/tmp4aueijub/jeromq/target/passwords
ZAuth: Denied (PLAIN) username=admin
ZAuth: Terminated
testWhitelistDenied
ZAuth: Enabled replies
ZAuth: Whitelisting IP address=127.0.0.2
ZAuth: Denied (not in whitelist) address = 127.0.0.1
ZAuth: Terminated
testNoReplies
ZAuth: Disabled replies
ZAuth: replies are disabled. Please use replies(true);
ZAuth: replies are disabled. Please use replies(true);
ZAuth: Terminated
testWhitelistAllowed
ZAuth: Enabled replies
ZAuth: Whitelisting IP address=127.0.0.1
ZAuth: Passed (whitelist) address = 127.0.0.1
ZAuth: Terminated
testCurveSuccessful
ZAuth: Enabled replies
ZAuth: Using target/curve as certificates directory
ZAuth: Allowed (CURVE) client_key=cUv%zHYPJPr)G3SIoa=IncLup^u*@Ou.t{ZntE.m
ZAuth: Terminated
testNull
ZAuth: Enabled replies
ZAuth: Terminated
testBlacklistAllowed
ZAuth: Enabled replies
ZAuth: Blacklisting IP address=127.0.0.2
ZAuth: Passed (not in blacklist) address = 127.0.0.1
ZAuth: Terminated
testPlainWithPassword
ZAuth: Enabled replies
ZAuth: activated plain-mechanism with password-file: /tmp/tmp4aueijub/jeromq/target/passwords
ZAuth: Allowed (PLAIN) username=admin
ZAuth: Terminated
testNullAllowed
ZAuth: Enabled replies
ZAuth: Whitelisting IP address=127.0.0.1
ZAuth: Passed (whitelist) address = 127.0.0.1
ZAuth: Terminated
testBlacklistDenied
ZAuth: Enabled replies
ZAuth: Blacklisting IP address=127.0.0.1
ZAuth: Denied (blacklist) address = 127.0.0.1
ZAuth: Terminated
testCurveAnyClient
ZAuth: Enabled replies
ZAuth: Allowing all clients
ZAuth: allowed (CURVE allow any client)
ZAuth replied ZapReply [version=1.0, sequence=1, statusCode=200, statusText=OK, userId=, ]
ZAuth: Terminated
testNullWithNoDomain
ZAuth: Enabled replies
ZAuth: Whitelisting IP address=127.0.0.1
ZAuth: Terminated
testCurveFail
ZAuth: Enabled replies
ZAuth: Using target/curve as certificates directory
ZAuth: Denied (CURVE) client_key=KxzkP)]rpB!-9@!ED})({Hsw<X?}=hS)<G[F#Vi(
ZAuth: Terminated
[INFO] Tests run: 13, Failures: 0, Errors: 0, Skipped: 0, Time elapsed: 1.322 s - in org.zeromq.auth.ZAuthTest
[INFO] Running org.zeromq.TestZContext
[INFO] Tests run: 9, Failures: 0, Errors: 0, Skipped: 0, Time elapsed: 0.013 s - in org.zeromq.TestZContext
[INFO] Running org.zeromq.TestDisconnectInprocZeromq
subscribing on 'foo'
received on subscriber 'foo'
received on subscriber 'this is foo!'
received on subscriber 'foo'
received on subscriber 'this is foo!'
received on subscriber 'foo'
received on subscriber 'this is foo!'
unsubscribing from 'foo'
[INFO] Tests run: 1, Failures: 0, Errors: 0, Skipped: 0, Time elapsed: 3.505 s - in org.zeromq.TestDisconnectInprocZeromq
[INFO] Running org.zeromq.XpubXsubZTest
[INFO] Tests run: 3, Failures: 0, Errors: 0, Skipped: 0, Time elapsed: 1.079 s - in org.zeromq.XpubXsubZTest
[INFO] Running org.zeromq.ZSocketTest
[INFO] Tests run: 1, Failures: 0, Errors: 0, Skipped: 0, Time elapsed: 0 s - in org.zeromq.ZSocketTest
[INFO] Running org.zeromq.util.ZDataTest
ZData: [010] AAAAAAAAAAAAAAAAAAAA
ZData: [012] 040404040404040404040404
[INFO] Tests run: 6, Failures: 0, Errors: 0, Skipped: 0, Time elapsed: 0 s - in org.zeromq.util.ZDataTest
[INFO] Running org.zeromq.util.ZDigestTest
[INFO] Tests run: 3, Failures: 0, Errors: 0, Skipped: 0, Time elapsed: 0.001 s - in org.zeromq.util.ZDigestTest
[INFO] Running org.zeromq.ByteBuffersTest
Test sending direct large message (~15Mb)
Received ~15Mb msg in 24 millisec.
Test sending large message (~15Mb)
Received ~15Mb msg in 26 millisec.
[INFO] Tests run: 4, Failures: 0, Errors: 0, Skipped: 0, Time elapsed: 4.724 s - in org.zeromq.ByteBuffersTest
[INFO] Running org.zeromq.ZMonitorTest
ZMonitor: Start before getting events.
ZMonitor: Start before getting events.
ZMonitor: Unable to add events while already started.
ZMonitor: Unable to remove events while already started.
ZMonitor: Unable to change verbosity while already started.
ZMonitor: Unable to start while already started.
ZMonitor: Adding event LISTENING
ZMonitor: Adding event CONNECTED
ZMonitor: Adding event DISCONNECTED
ZMonitor: Adding event ACCEPT_FAILED
ZMonitor: Removing event ACCEPT_FAILED
ZMonitor: Start monitor for events 521 on Dealer[10895]
server @ tcp://127.0.0.1:56138 received ZEvent [type=ACCEPTED, code=32, address=tcp://127.0.0.1:56138, value=null]
ZMonitor: Stop monitor for events 521 on Dealer[10895]
ZMonitor: Closing monitor Dealer[10895]
[INFO] Tests run: 2, Failures: 0, Errors: 0, Skipped: 0, Time elapsed: 0.016 s - in org.zeromq.ZMonitorTest
[INFO] Running org.zeromq.TestReqRouterThreadedTcp
test Req + Router with polling
Client started
Client sent message
Server started
Server sent reply
Client received message
test Req + Router
Server started
Client started
Client sent message
Server sent reply
Client received message
[INFO] Tests run: 2, Failures: 0, Errors: 0, Skipped: 0, Time elapsed: 1.013 s - in org.zeromq.TestReqRouterThreadedTcp
[INFO] Running org.zeromq.TestZStar
No star: Fortune is not here anymore ... Cleaning the remains.. .
[INFO] Tests run: 1, Failures: 0, Errors: 0, Skipped: 0, Time elapsed: 0.001 s - in org.zeromq.TestZStar
[INFO] Running org.zeromq.PushPullTest
[INFO] Tests run: 1, Failures: 0, Errors: 0, Skipped: 0, Time elapsed: 0.102 s - in org.zeromq.PushPullTest
[INFO] Running org.zeromq.TestZLoop
[INFO] Tests run: 5, Failures: 0, Errors: 0, Skipped: 0, Time elapsed: 0.057 s - in org.zeromq.TestZLoop
[INFO] Running org.zeromq.TestZActor
.Acting Ready for a hello world.Hi! .Acting Ready for a hello world.Hi! .Acting Finished.
.
[INFO] Tests run: 2, Failures: 0, Errors: 0, Skipped: 0, Time elapsed: 0.002 s - in org.zeromq.TestZActor
[INFO] Running org.zeromq.HighWatermarkTest
Started worker process #1
Sending 30000 tasks (50b) to workers

Started dispatcher on tcp://localhost:34335
Started worker process #2
Worker #1 recv 0 messages
Collector recv : 0 messages 
Worker #2 recv 0 messages
Dispatcher finished, awaiting for collector finish
Collector recv : 100 messages 
Collector recv : 7000 messages 
Worker #2 recv 7000 messages
Worker #1 recv 7000 messages
Collector recv : 14000 messages 
Worker #2 recv 14000 messages
Collector recv : 21000 messages 
Collector recv : 28000 messages 
Dispatcher done.
Collector done.
Test done in 10039 millis.
Sending 30000 tasks (50b) to workers

Started dispatcher on tcp://localhost:39479
Started worker process #1
Worker #1 recv 0 messages
Collector recv : 0 messages 
Dispatcher finished, awaiting for collector finish
Collector recv : 100 messages 
Worker #1 recv 7000 messages
Collector recv : 7000 messages 
Worker #1 recv 14000 messages
Collector recv : 14000 messages 
Worker #1 recv 21000 messages
Collector recv : 21000 messages 
Worker #1 recv 28000 messages
Collector recv : 28000 messages 
Collector done.
Dispatcher done.
Test done in 11100 millis.
[INFO] Tests run: 2, Failures: 0, Errors: 0, Skipped: 0, Time elapsed: 21.14 s - in org.zeromq.HighWatermarkTest
[INFO] Running org.zeromq.ZMsgTest
--------------------------------------
[000] 
[001] AA
[ , AA ]
[INFO] Tests run: 20, Failures: 0, Errors: 0, Skipped: 0, Time elapsed: 0.01 s - in org.zeromq.ZMsgTest
[INFO] Running org.zeromq.ZTimerTest
[INFO] Tests run: 14, Failures: 0, Errors: 0, Skipped: 0, Time elapsed: 0.803 s - in org.zeromq.ZTimerTest
[INFO] Running org.zeromq.proto.ZPictureTest
[INFO] Tests run: 8, Failures: 0, Errors: 0, Skipped: 0, Time elapsed: 0.01 s - in org.zeromq.proto.ZPictureTest
[INFO] Running org.zeromq.proto.ZNeedleTest
[INFO] Tests run: 18, Failures: 0, Errors: 0, Skipped: 0, Time elapsed: 0.002 s - in org.zeromq.proto.ZNeedleTest
[INFO] Running org.zeromq.TestZThread
[WARNING] Tests run: 3, Failures: 0, Errors: 0, Skipped: 1, Time elapsed: 0.002 s - in org.zeromq.TestZThread
[INFO] Running org.zeromq.SelectorProviderTest
[INFO] Tests run: 1, Failures: 0, Errors: 0, Skipped: 0, Time elapsed: 0.001 s - in org.zeromq.SelectorProviderTest
[INFO] Running org.zeromq.TestZPoller
[INFO] Tests run: 12, Failures: 0, Errors: 0, Skipped: 0, Time elapsed: 0.032 s - in org.zeromq.TestZPoller
[INFO] Running org.zeromq.TestZMQ
Connecting socket to unbind on port 51914
[INFO] Tests run: 70, Failures: 0, Errors: 0, Skipped: 0, Time elapsed: 0.133 s - in org.zeromq.TestZMQ
[INFO] Running org.zeromq.TestRapidOpenCloseSocket
[WARNING] Tests run: 1, Failures: 0, Errors: 0, Skipped: 1, Time elapsed: 0 s - in org.zeromq.TestRapidOpenCloseSocket
[INFO] Running org.zeromq.DealerDealerTest
[WARNING] Tests run: 1, Failures: 0, Errors: 0, Skipped: 1, Time elapsed: 0 s - in org.zeromq.DealerDealerTest
[INFO] 
[INFO] Results:
[INFO] 
[WARNING] Tests run: 550, Failures: 0, Errors: 0, Skipped: 16
[INFO] 
[INFO] 
[INFO] --- maven-jar-plugin:3.1.0:jar (default-jar) @ jeromq ---
[INFO] Building jar: /tmp/tmp4aueijub/jeromq/target/jeromq-0.5.1.jar
[INFO] 
[INFO] >>> maven-source-plugin:3.0.1:jar (attach-sources) > generate-sources @ jeromq >>>
[INFO] 
[INFO] --- maven-checkstyle-plugin:3.0.0:check (default) @ jeromq ---
[INFO] Starting audit...
Audit done.
[INFO] 
[INFO] <<< maven-source-plugin:3.0.1:jar (attach-sources) < generate-sources @ jeromq <<<
[INFO] 
[INFO] 
[INFO] --- maven-source-plugin:3.0.1:jar (attach-sources) @ jeromq ---
[INFO] Building jar: /tmp/tmp4aueijub/jeromq/target/jeromq-0.5.1-sources.jar
[INFO] 
[INFO] --- maven-javadoc-plugin:3.0.1:jar (attach-javadocs) @ jeromq ---
[INFO] Skipping javadoc generation
[INFO] 
[INFO] --- maven-assembly-plugin:3.2.0:single (default) @ jeromq ---
[INFO] Building jar: /tmp/tmp4aueijub/jeromq/target/jeromq-0.5.1-jar-with-dependencies.jar
[INFO] ------------------------------------------------------------------------
[INFO] BUILD SUCCESS
[INFO] ------------------------------------------------------------------------
[INFO] Total time:  04:05 min
[INFO] Finished at: 2020-07-30T19:18:40Z
[INFO] ------------------------------------------------------------------------
