[INFO] Error stacktraces are turned on.
[INFO] Scanning for projects...
[INFO] 
[INFO] -------------------< com.accenture:waterfall-config >-------------------
[INFO] Building waterfall-config 1.1.1
[INFO] --------------------------------[ jar ]---------------------------------
[INFO] 
[INFO] --- jacoco-maven-plugin:0.8.5:prepare-agent (default) @ waterfall-config ---
[INFO] argLine set to -javaagent:/home/jdbl/.m2/repository/org/jacoco/org.jacoco.agent/0.8.5/org.jacoco.agent-0.8.5-runtime.jar=destfile=/tmp/tmpd2zj90ca/waterfall-config/target/jacoco.exec
[INFO] 
[INFO] --- maven-resources-plugin:2.6:resources (default-resources) @ waterfall-config ---
[INFO] Using 'UTF-8' encoding to copy filtered resources.
[INFO] Copying 1 resource
[INFO] 
[INFO] --- maven-compiler-plugin:3.1:compile (default-compile) @ waterfall-config ---
[INFO] Changes detected - recompiling the module!
[INFO] Compiling 2 source files to /tmp/tmpd2zj90ca/waterfall-config/target/classes
[INFO] 
[INFO] --- maven-resources-plugin:2.6:testResources (default-testResources) @ waterfall-config ---
[INFO] Using 'UTF-8' encoding to copy filtered resources.
[INFO] Copying 9 resources
[INFO] 
[INFO] --- maven-compiler-plugin:3.1:testCompile (default-testCompile) @ waterfall-config ---
[INFO] Changes detected - recompiling the module!
[INFO] Compiling 18 source files to /tmp/tmpd2zj90ca/waterfall-config/target/test-classes
[INFO] 
[INFO] --- maven-surefire-plugin:2.19.1:test (default-test) @ waterfall-config ---
[INFO] Surefire report directory: /tmp/tmpd2zj90ca/waterfall-config/target/surefire-reports

-------------------------------------------------------
 T E S T S
-------------------------------------------------------
Running com.accenture.wconf.test.WaterfallConfigEncryptionUnexistingAlgorithmErrorTests
04:54:21.792 |-DEBUG [WaterfallConfig] Initializing a new Waterfall config: 8130edb8-b128-4f01-bde8-db1e9006b9fb
04:54:22.007 |-DEBUG [WaterfallConfig] Checking if external file config prop file is present: application.conf
04:54:22.008 |-INFO  [WaterfallConfig] Checking the following paths for external config file: [./]
04:54:22.014 |-INFO  [WaterfallConfig] No configuration properties found outside the JAR for application.conf in [./]
04:54:22.016 |-DEBUG [WaterfallConfig] Applying encryption configuration
04:54:22.225 |-ERROR [WaterfallConfig] Could not initialize the encryption scheme from the provided keystore and config data
java.security.NoSuchAlgorithmException: Cannot find any provider supporting unexisting-algorithm
	at javax.crypto.Cipher.getInstance(Cipher.java:543)
	at com.accenture.wconf.WaterfallConfig.loadEncryptionConfiguration(WaterfallConfig.java:163)
	at com.accenture.wconf.WaterfallConfig.<init>(WaterfallConfig.java:109)
	at com.accenture.wconf.WaterfallConfig.<clinit>(WaterfallConfig.java:51)
	at com.accenture.wconf.test.WaterfallConfigEncryptionUnexistingAlgorithmErrorTests.lambda$testUnexistingAlgorithmThrowsException$0(WaterfallConfigEncryptionUnexistingAlgorithmErrorTests.java:36)
	at org.assertj.core.api.ThrowableAssert.catchThrowable(ThrowableAssert.java:60)
	at org.assertj.core.api.AssertionsForClassTypes.catchThrowable(AssertionsForClassTypes.java:713)
	at org.assertj.core.api.Assertions.catchThrowable(Assertions.java:1135)
	at org.assertj.core.api.Assertions.assertThatThrownBy(Assertions.java:1061)
	at com.accenture.wconf.test.WaterfallConfigEncryptionUnexistingAlgorithmErrorTests.testUnexistingAlgorithmThrowsException(WaterfallConfigEncryptionUnexistingAlgorithmErrorTests.java:35)
	at sun.reflect.NativeMethodAccessorImpl.invoke0(Native Method)
	at sun.reflect.NativeMethodAccessorImpl.invoke(NativeMethodAccessorImpl.java:62)
	at sun.reflect.DelegatingMethodAccessorImpl.invoke(DelegatingMethodAccessorImpl.java:43)
	at java.lang.reflect.Method.invoke(Method.java:498)
	at org.junit.runners.model.FrameworkMethod$1.runReflectiveCall(FrameworkMethod.java:50)
	at org.junit.internal.runners.model.ReflectiveCallable.run(ReflectiveCallable.java:12)
	at org.junit.runners.model.FrameworkMethod.invokeExplosively(FrameworkMethod.java:47)
	at org.junit.internal.runners.statements.InvokeMethod.evaluate(InvokeMethod.java:17)
	at org.junit.runners.ParentRunner.runLeaf(ParentRunner.java:325)
	at org.junit.runners.BlockJUnit4ClassRunner.runChild(BlockJUnit4ClassRunner.java:78)
	at org.junit.runners.BlockJUnit4ClassRunner.runChild(BlockJUnit4ClassRunner.java:57)
	at org.junit.runners.ParentRunner$3.run(ParentRunner.java:290)
	at org.junit.runners.ParentRunner$1.schedule(ParentRunner.java:71)
	at org.junit.runners.ParentRunner.runChildren(ParentRunner.java:288)
	at org.junit.runners.ParentRunner.access$000(ParentRunner.java:58)
	at org.junit.runners.ParentRunner$2.evaluate(ParentRunner.java:268)
	at org.junit.internal.runners.statements.RunBefores.evaluate(RunBefores.java:26)
	at org.junit.runners.ParentRunner.run(ParentRunner.java:363)
	at org.apache.maven.surefire.junit4.JUnit4Provider.execute(JUnit4Provider.java:367)
	at org.apache.maven.surefire.junit4.JUnit4Provider.executeWithRerun(JUnit4Provider.java:274)
	at org.apache.maven.surefire.junit4.JUnit4Provider.executeTestSet(JUnit4Provider.java:238)
	at org.apache.maven.surefire.junit4.JUnit4Provider.invoke(JUnit4Provider.java:161)
	at org.apache.maven.surefire.booter.ForkedBooter.invokeProviderInSameClassLoader(ForkedBooter.java:290)
	at org.apache.maven.surefire.booter.ForkedBooter.runSuitesInProcess(ForkedBooter.java:242)
	at org.apache.maven.surefire.booter.ForkedBooter.main(ForkedBooter.java:121)
Tests run: 1, Failures: 0, Errors: 0, Skipped: 0, Time elapsed: 1.921 sec - in com.accenture.wconf.test.WaterfallConfigEncryptionUnexistingAlgorithmErrorTests
Running com.accenture.wconf.test.WaterfallConfigAppConfEncryptionNoProfilesTests
Tests run: 6, Failures: 0, Errors: 6, Skipped: 0, Time elapsed: 0.027 sec <<< FAILURE! - in com.accenture.wconf.test.WaterfallConfigAppConfEncryptionNoProfilesTests
testReadIncorrectCipher(com.accenture.wconf.test.WaterfallConfigAppConfEncryptionNoProfilesTests)  Time elapsed: 0 sec  <<< ERROR!
java.lang.Exception: Unexpected exception, expected<java.lang.IllegalArgumentException> but was<java.lang.NoClassDefFoundError>
	at com.accenture.wconf.test.WaterfallConfigAppConfEncryptionNoProfilesTests.testReadIncorrectCipher(WaterfallConfigAppConfEncryptionNoProfilesTests.java:72)

testReadEncryptedPropFromEnvironmentVar(com.accenture.wconf.test.WaterfallConfigAppConfEncryptionNoProfilesTests)  Time elapsed: 0 sec  <<< ERROR!
java.lang.NoClassDefFoundError: Could not initialize class com.accenture.wconf.WaterfallConfig
	at com.accenture.wconf.test.WaterfallConfigAppConfEncryptionNoProfilesTests.testReadEncryptedPropFromEnvironmentVar(WaterfallConfigAppConfEncryptionNoProfilesTests.java:66)

testReadEncryptedPropFromConfFile(com.accenture.wconf.test.WaterfallConfigAppConfEncryptionNoProfilesTests)  Time elapsed: 0.001 sec  <<< ERROR!
java.lang.NoClassDefFoundError: Could not initialize class com.accenture.wconf.WaterfallConfig
	at com.accenture.wconf.test.WaterfallConfigAppConfEncryptionNoProfilesTests.testReadEncryptedPropFromConfFile(WaterfallConfigAppConfEncryptionNoProfilesTests.java:41)

testReadEncryptedPropFromConfFileUsingSafeGet(com.accenture.wconf.test.WaterfallConfigAppConfEncryptionNoProfilesTests)  Time elapsed: 0 sec  <<< ERROR!
java.lang.NoClassDefFoundError: Could not initialize class com.accenture.wconf.WaterfallConfig
	at com.accenture.wconf.test.WaterfallConfigAppConfEncryptionNoProfilesTests.testReadEncryptedPropFromConfFileUsingSafeGet(WaterfallConfigAppConfEncryptionNoProfilesTests.java:47)

testReadEncryptedPropFromConfFileUsingSafeGetOrElse(com.accenture.wconf.test.WaterfallConfigAppConfEncryptionNoProfilesTests)  Time elapsed: 0 sec  <<< ERROR!
java.lang.NoClassDefFoundError: Could not initialize class com.accenture.wconf.WaterfallConfig
	at com.accenture.wconf.test.WaterfallConfigAppConfEncryptionNoProfilesTests.testReadEncryptedPropFromConfFileUsingSafeGetOrElse(WaterfallConfigAppConfEncryptionNoProfilesTests.java:54)

testReadEncryptedPropFromEnvironmentVarDefinedInConf(com.accenture.wconf.test.WaterfallConfigAppConfEncryptionNoProfilesTests)  Time elapsed: 0.023 sec  <<< ERROR!
java.lang.NoClassDefFoundError: Could not initialize class com.accenture.wconf.WaterfallConfig
	at com.accenture.wconf.test.WaterfallConfigAppConfEncryptionNoProfilesTests.testReadEncryptedPropFromEnvironmentVarDefinedInConf(WaterfallConfigAppConfEncryptionNoProfilesTests.java:60)

Running com.accenture.wconf.test.WaterfallConfigExtPathSingleValueTests
04:54:22.335 |-DEBUG [ConfFileUtils] About to delete /tmp/application_5ac6bc54-88ed-42d9-9d7a-bb6e46e9160c.conf (if exists)
04:54:22.337 |-DEBUG [ConfFileUtils] About to delete /tmp/application_5ac6bc54-88ed-42d9-9d7a-bb6e46e9160c.conf (if exists)
04:54:22.337 |-DEBUG [ConfFileUtils] About to write /tmp/application_5ac6bc54-88ed-42d9-9d7a-bb6e46e9160c.conf with the given contents
04:54:22.351 |-DEBUG [ConfFileUtils] Successfully written /tmp/application_5ac6bc54-88ed-42d9-9d7a-bb6e46e9160c.conf with 18 lines.
04:54:22.352 |-DEBUG [ConfFileUtils] About to delete /tmp/application_5ac6bc54-88ed-42d9-9d7a-bb6e46e9160c.conf (if exists)
Tests run: 1, Failures: 0, Errors: 1, Skipped: 0, Time elapsed: 0.002 sec <<< FAILURE! - in com.accenture.wconf.test.WaterfallConfigExtPathSingleValueTests
testReadPropOnlyDefinedInActiveProfile(com.accenture.wconf.test.WaterfallConfigExtPathSingleValueTests)  Time elapsed: 0 sec  <<< ERROR!
java.lang.NoClassDefFoundError: Could not initialize class com.accenture.wconf.WaterfallConfig
	at com.accenture.wconf.test.WaterfallConfigExtPathSingleValueTests.testReadPropOnlyDefinedInActiveProfile(WaterfallConfigExtPathSingleValueTests.java:73)

Running com.accenture.wconf.test.WaterfallConfigExtPathTests
04:54:22.355 |-DEBUG [ConfFileUtils] About to delete /tmp/application009.conf (if exists)
04:54:22.357 |-DEBUG [ConfFileUtils] About to delete /tmp/application009.conf (if exists)
04:54:22.357 |-DEBUG [ConfFileUtils] About to write /tmp/application009.conf with the given contents
04:54:22.358 |-DEBUG [ConfFileUtils] Successfully written /tmp/application009.conf with 18 lines.
04:54:22.368 |-DEBUG [ConfFileUtils] About to delete /tmp/application009.conf (if exists)
Tests run: 1, Failures: 0, Errors: 1, Skipped: 0, Time elapsed: 0.001 sec <<< FAILURE! - in com.accenture.wconf.test.WaterfallConfigExtPathTests
testReadPropOnlyDefinedInActiveProfile(com.accenture.wconf.test.WaterfallConfigExtPathTests)  Time elapsed: 0 sec  <<< ERROR!
java.lang.NoClassDefFoundError: Could not initialize class com.accenture.wconf.WaterfallConfig
	at com.accenture.wconf.test.WaterfallConfigExtPathTests.testReadPropOnlyDefinedInActiveProfile(WaterfallConfigExtPathTests.java:71)

Running com.accenture.wconf.test.WaterfallConfigAppConfNoEncryptionNoProfilesTests
Tests run: 10, Failures: 0, Errors: 10, Skipped: 0, Time elapsed: 0 sec <<< FAILURE! - in com.accenture.wconf.test.WaterfallConfigAppConfNoEncryptionNoProfilesTests
testPropDefinedAsEnvVarTakesPrecedence(com.accenture.wconf.test.WaterfallConfigAppConfNoEncryptionNoProfilesTests)  Time elapsed: 0 sec  <<< ERROR!
java.lang.NoClassDefFoundError: Could not initialize class com.accenture.wconf.WaterfallConfig
	at com.accenture.wconf.test.WaterfallConfigAppConfNoEncryptionNoProfilesTests.testPropDefinedAsEnvVarTakesPrecedence(WaterfallConfigAppConfNoEncryptionNoProfilesTests.java:77)

testEncryptedPropWithEncryptionDisableShouldFail(com.accenture.wconf.test.WaterfallConfigAppConfNoEncryptionNoProfilesTests)  Time elapsed: 0 sec  <<< ERROR!
java.lang.Exception: Unexpected exception, expected<java.lang.IllegalStateException> but was<java.lang.NoClassDefFoundError>
	at com.accenture.wconf.test.WaterfallConfigAppConfNoEncryptionNoProfilesTests.testEncryptedPropWithEncryptionDisableShouldFail(WaterfallConfigAppConfNoEncryptionNoProfilesTests.java:83)

testPropCanBeOverriddenByJavaSystemProperty(com.accenture.wconf.test.WaterfallConfigAppConfNoEncryptionNoProfilesTests)  Time elapsed: 0 sec  <<< ERROR!
java.lang.NoClassDefFoundError: Could not initialize class com.accenture.wconf.WaterfallConfig
	at com.accenture.wconf.test.WaterfallConfigAppConfNoEncryptionNoProfilesTests.testPropCanBeOverriddenByJavaSystemProperty(WaterfallConfigAppConfNoEncryptionNoProfilesTests.java:71)

testReadPropOnlyDefinedInCommon(com.accenture.wconf.test.WaterfallConfigAppConfNoEncryptionNoProfilesTests)  Time elapsed: 0 sec  <<< ERROR!
java.lang.NoClassDefFoundError: Could not initialize class com.accenture.wconf.WaterfallConfig
	at com.accenture.wconf.test.WaterfallConfigAppConfNoEncryptionNoProfilesTests.testReadPropOnlyDefinedInCommon(WaterfallConfigAppConfNoEncryptionNoProfilesTests.java:46)

testPropDefinedAsEnvVar(com.accenture.wconf.test.WaterfallConfigAppConfNoEncryptionNoProfilesTests)  Time elapsed: 0 sec  <<< ERROR!
java.lang.NoClassDefFoundError: Could not initialize class com.accenture.wconf.WaterfallConfig
	at com.accenture.wconf.test.WaterfallConfigAppConfNoEncryptionNoProfilesTests.testPropDefinedAsEnvVar(WaterfallConfigAppConfNoEncryptionNoProfilesTests.java:88)

testPropDefinedAsEnvVarAndSystemProp(com.accenture.wconf.test.WaterfallConfigAppConfNoEncryptionNoProfilesTests)  Time elapsed: 0 sec  <<< ERROR!
java.lang.NoClassDefFoundError: Could not initialize class com.accenture.wconf.WaterfallConfig
	at com.accenture.wconf.test.WaterfallConfigAppConfNoEncryptionNoProfilesTests.testPropDefinedAsEnvVarAndSystemProp(WaterfallConfigAppConfNoEncryptionNoProfilesTests.java:100)

testPropCanBeOverriddenByEnvironmentVar(com.accenture.wconf.test.WaterfallConfigAppConfNoEncryptionNoProfilesTests)  Time elapsed: 0 sec  <<< ERROR!
java.lang.NoClassDefFoundError: Could not initialize class com.accenture.wconf.WaterfallConfig
	at com.accenture.wconf.test.WaterfallConfigAppConfNoEncryptionNoProfilesTests.testPropCanBeOverriddenByEnvironmentVar(WaterfallConfigAppConfNoEncryptionNoProfilesTests.java:65)

testPropDefinedAsSystemProp(com.accenture.wconf.test.WaterfallConfigAppConfNoEncryptionNoProfilesTests)  Time elapsed: 0 sec  <<< ERROR!
java.lang.NoClassDefFoundError: Could not initialize class com.accenture.wconf.WaterfallConfig
	at com.accenture.wconf.test.WaterfallConfigAppConfNoEncryptionNoProfilesTests.testPropDefinedAsSystemProp(WaterfallConfigAppConfNoEncryptionNoProfilesTests.java:94)

testReadPropDefinedInCommonAndAppConf(com.accenture.wconf.test.WaterfallConfigAppConfNoEncryptionNoProfilesTests)  Time elapsed: 0 sec  <<< ERROR!
java.lang.NoClassDefFoundError: Could not initialize class com.accenture.wconf.WaterfallConfig
	at com.accenture.wconf.test.WaterfallConfigAppConfNoEncryptionNoProfilesTests.testReadPropDefinedInCommonAndAppConf(WaterfallConfigAppConfNoEncryptionNoProfilesTests.java:58)

testReadPropOnlyDefinedInAppConf(com.accenture.wconf.test.WaterfallConfigAppConfNoEncryptionNoProfilesTests)  Time elapsed: 0 sec  <<< ERROR!
java.lang.NoClassDefFoundError: Could not initialize class com.accenture.wconf.WaterfallConfig
	at com.accenture.wconf.test.WaterfallConfigAppConfNoEncryptionNoProfilesTests.testReadPropOnlyDefinedInAppConf(WaterfallConfigAppConfNoEncryptionNoProfilesTests.java:52)

Running com.accenture.wconf.test.WaterfallConfigAppConfNoEncryptionProfilesTests
Tests run: 9, Failures: 0, Errors: 9, Skipped: 0, Time elapsed: 0.006 sec <<< FAILURE! - in com.accenture.wconf.test.WaterfallConfigAppConfNoEncryptionProfilesTests
testReadPropDefinedInEnvironmentVariableAndProfile(com.accenture.wconf.test.WaterfallConfigAppConfNoEncryptionProfilesTests)  Time elapsed: 0 sec  <<< ERROR!
java.lang.NoClassDefFoundError: Could not initialize class com.accenture.wconf.WaterfallConfig
	at com.accenture.wconf.test.WaterfallConfigAppConfNoEncryptionProfilesTests.testReadPropDefinedInEnvironmentVariableAndProfile(WaterfallConfigAppConfNoEncryptionProfilesTests.java:68)

testReadPropDefinedOutsideAnyProfile(com.accenture.wconf.test.WaterfallConfigAppConfNoEncryptionProfilesTests)  Time elapsed: 0 sec  <<< ERROR!
java.lang.Exception: Unexpected exception, expected<com.typesafe.config.ConfigException> but was<java.lang.NoClassDefFoundError>
	at com.accenture.wconf.test.WaterfallConfigAppConfNoEncryptionProfilesTests.testReadPropDefinedOutsideAnyProfile(WaterfallConfigAppConfNoEncryptionProfilesTests.java:51)

testReadPropOnlyDefinedInActiveProfile(com.accenture.wconf.test.WaterfallConfigAppConfNoEncryptionProfilesTests)  Time elapsed: 0 sec  <<< ERROR!
java.lang.NoClassDefFoundError: Could not initialize class com.accenture.wconf.WaterfallConfig
	at com.accenture.wconf.test.WaterfallConfigAppConfNoEncryptionProfilesTests.testReadPropOnlyDefinedInActiveProfile(WaterfallConfigAppConfNoEncryptionProfilesTests.java:39)

testReadPropDefinedInAllProfiles(com.accenture.wconf.test.WaterfallConfigAppConfNoEncryptionProfilesTests)  Time elapsed: 0.002 sec  <<< ERROR!
java.lang.NoClassDefFoundError: Could not initialize class com.accenture.wconf.WaterfallConfig
	at com.accenture.wconf.test.WaterfallConfigAppConfNoEncryptionProfilesTests.testReadPropDefinedInAllProfiles(WaterfallConfigAppConfNoEncryptionProfilesTests.java:45)

testReadPropDefinedInCommon(com.accenture.wconf.test.WaterfallConfigAppConfNoEncryptionProfilesTests)  Time elapsed: 0 sec  <<< ERROR!
java.lang.NoClassDefFoundError: Could not initialize class com.accenture.wconf.WaterfallConfig
	at com.accenture.wconf.test.WaterfallConfigAppConfNoEncryptionProfilesTests.testReadPropDefinedInCommon(WaterfallConfigAppConfNoEncryptionProfilesTests.java:56)

testReadPropDefinedInEnvironmentVariableOnly(com.accenture.wconf.test.WaterfallConfigAppConfNoEncryptionProfilesTests)  Time elapsed: 0.001 sec  <<< ERROR!
java.lang.NoClassDefFoundError: Could not initialize class com.accenture.wconf.WaterfallConfig
	at com.accenture.wconf.test.WaterfallConfigAppConfNoEncryptionProfilesTests.testReadPropDefinedInEnvironmentVariableOnly(WaterfallConfigAppConfNoEncryptionProfilesTests.java:62)

testReadPropDefinedAsJavaPropAndProfile(com.accenture.wconf.test.WaterfallConfigAppConfNoEncryptionProfilesTests)  Time elapsed: 0 sec  <<< ERROR!
java.lang.NoClassDefFoundError: Could not initialize class com.accenture.wconf.WaterfallConfig
	at com.accenture.wconf.test.WaterfallConfigAppConfNoEncryptionProfilesTests.testReadPropDefinedAsJavaPropAndProfile(WaterfallConfigAppConfNoEncryptionProfilesTests.java:80)

testReadPropDefinedAsJavaPropOnly(com.accenture.wconf.test.WaterfallConfigAppConfNoEncryptionProfilesTests)  Time elapsed: 0.001 sec  <<< ERROR!
java.lang.NoClassDefFoundError: Could not initialize class com.accenture.wconf.WaterfallConfig
	at com.accenture.wconf.test.WaterfallConfigAppConfNoEncryptionProfilesTests.testReadPropDefinedAsJavaPropOnly(WaterfallConfigAppConfNoEncryptionProfilesTests.java:74)

testReadPropDefinedInEnvVarAndAsJavaPropAndProfile(com.accenture.wconf.test.WaterfallConfigAppConfNoEncryptionProfilesTests)  Time elapsed: 0.002 sec  <<< ERROR!
java.lang.NoClassDefFoundError: Could not initialize class com.accenture.wconf.WaterfallConfig
	at com.accenture.wconf.test.WaterfallConfigAppConfNoEncryptionProfilesTests.testReadPropDefinedInEnvVarAndAsJavaPropAndProfile(WaterfallConfigAppConfNoEncryptionProfilesTests.java:86)

Running com.accenture.wconf.test.WaterfallConfigNegativeTests
Tests run: 16, Failures: 0, Errors: 16, Skipped: 0, Time elapsed: 0.014 sec <<< FAILURE! - in com.accenture.wconf.test.WaterfallConfigNegativeTests
testWaterfallConfigGetMultiWithEmptyKey(com.accenture.wconf.test.WaterfallConfigNegativeTests)  Time elapsed: 0 sec  <<< ERROR!
java.lang.Exception: Unexpected exception, expected<java.lang.IllegalArgumentException> but was<java.lang.NoClassDefFoundError>
	at com.accenture.wconf.test.WaterfallConfigNegativeTests.testWaterfallConfigGetMultiWithEmptyKey(WaterfallConfigNegativeTests.java:88)

testWaterfallConfigClassicGetNonExistentKey(com.accenture.wconf.test.WaterfallConfigNegativeTests)  Time elapsed: 0 sec  <<< ERROR!
java.lang.Exception: Unexpected exception, expected<com.typesafe.config.ConfigException> but was<java.lang.NoClassDefFoundError>
	at com.accenture.wconf.test.WaterfallConfigNegativeTests.testWaterfallConfigClassicGetNonExistentKey(WaterfallConfigNegativeTests.java:30)

testWaterfallConfigSafeGetMultiValuedWithPropNotDefinedWithDefaultValue(com.accenture.wconf.test.WaterfallConfigNegativeTests)  Time elapsed: 0 sec  <<< ERROR!
java.lang.NoClassDefFoundError: Could not initialize class com.accenture.wconf.WaterfallConfig
	at com.accenture.wconf.test.WaterfallConfigNegativeTests.testWaterfallConfigSafeGetMultiValuedWithPropNotDefinedWithDefaultValue(WaterfallConfigNegativeTests.java:109)

testWaterfallConfigClassicGetMultiWithNullKey(com.accenture.wconf.test.WaterfallConfigNegativeTests)  Time elapsed: 0 sec  <<< ERROR!
java.lang.Exception: Unexpected exception, expected<java.lang.NullPointerException> but was<java.lang.NoClassDefFoundError>
	at com.accenture.wconf.test.WaterfallConfigNegativeTests.testWaterfallConfigClassicGetMultiWithNullKey(WaterfallConfigNegativeTests.java:78)

testWaterfallConfigGetWithPropNotDefinedWithDefaultValue(com.accenture.wconf.test.WaterfallConfigNegativeTests)  Time elapsed: 0 sec  <<< ERROR!
java.lang.NoClassDefFoundError: Could not initialize class com.accenture.wconf.WaterfallConfig
	at com.accenture.wconf.test.WaterfallConfigNegativeTests.testWaterfallConfigGetWithPropNotDefinedWithDefaultValue(WaterfallConfigNegativeTests.java:50)

testWaterfallConfigSafeGetMultiValuedWithEmptyKey(com.accenture.wconf.test.WaterfallConfigNegativeTests)  Time elapsed: 0 sec  <<< ERROR!
java.lang.Exception: Unexpected exception, expected<java.lang.IllegalArgumentException> but was<java.lang.NoClassDefFoundError>
	at com.accenture.wconf.test.WaterfallConfigNegativeTests.testWaterfallConfigSafeGetMultiValuedWithEmptyKey(WaterfallConfigNegativeTests.java:104)

testWaterfallConfigGetWithEmptyKey(com.accenture.wconf.test.WaterfallConfigNegativeTests)  Time elapsed: 0 sec  <<< ERROR!
java.lang.Exception: Unexpected exception, expected<java.lang.IllegalArgumentException> but was<java.lang.NoClassDefFoundError>
	at com.accenture.wconf.test.WaterfallConfigNegativeTests.testWaterfallConfigGetWithEmptyKey(WaterfallConfigNegativeTests.java:45)

testWaterfallConfigSafeGetWithEmptyKey(com.accenture.wconf.test.WaterfallConfigNegativeTests)  Time elapsed: 0 sec  <<< ERROR!
java.lang.Exception: Unexpected exception, expected<java.lang.IllegalArgumentException> but was<java.lang.NoClassDefFoundError>
	at com.accenture.wconf.test.WaterfallConfigNegativeTests.testWaterfallConfigSafeGetWithEmptyKey(WaterfallConfigNegativeTests.java:61)

testWaterfallConfigClassicGetWithNullKey(com.accenture.wconf.test.WaterfallConfigNegativeTests)  Time elapsed: 0 sec  <<< ERROR!
java.lang.Exception: Unexpected exception, expected<java.lang.IllegalArgumentException> but was<java.lang.NoClassDefFoundError>
	at com.accenture.wconf.test.WaterfallConfigNegativeTests.testWaterfallConfigClassicGetWithNullKey(WaterfallConfigNegativeTests.java:35)

testWaterfallConfigSafeGet(com.accenture.wconf.test.WaterfallConfigNegativeTests)  Time elapsed: 0 sec  <<< ERROR!
java.lang.Exception: Unexpected exception, expected<java.lang.IllegalArgumentException> but was<java.lang.NoClassDefFoundError>
	at com.accenture.wconf.test.WaterfallConfigNegativeTests.testWaterfallConfigSafeGet(WaterfallConfigNegativeTests.java:56)

testWaterfallConfigSafeGetWithPropNotDefinedWithDefaultValue(com.accenture.wconf.test.WaterfallConfigNegativeTests)  Time elapsed: 0 sec  <<< ERROR!
java.lang.NoClassDefFoundError: Could not initialize class com.accenture.wconf.WaterfallConfig
	at com.accenture.wconf.test.WaterfallConfigNegativeTests.testWaterfallConfigSafeGetWithPropNotDefinedWithDefaultValue(WaterfallConfigNegativeTests.java:66)

testWaterfallConfigGetMultiWithPropNotDefinedWithDefaultValue(com.accenture.wconf.test.WaterfallConfigNegativeTests)  Time elapsed: 0 sec  <<< ERROR!
java.lang.NoClassDefFoundError: Could not initialize class com.accenture.wconf.WaterfallConfig
	at com.accenture.wconf.test.WaterfallConfigNegativeTests.testWaterfallConfigGetMultiWithPropNotDefinedWithDefaultValue(WaterfallConfigNegativeTests.java:93)

testWaterfallConfigGetWithNullKey(com.accenture.wconf.test.WaterfallConfigNegativeTests)  Time elapsed: 0.003 sec  <<< ERROR!
java.lang.Exception: Unexpected exception, expected<java.lang.IllegalArgumentException> but was<java.lang.NoClassDefFoundError>
	at com.accenture.wconf.test.WaterfallConfigNegativeTests.testWaterfallConfigGetWithNullKey(WaterfallConfigNegativeTests.java:40)

testWaterfallConfigClassicGetMultiNonExistentKey(com.accenture.wconf.test.WaterfallConfigNegativeTests)  Time elapsed: 0 sec  <<< ERROR!
java.lang.Exception: Unexpected exception, expected<com.typesafe.config.ConfigException> but was<java.lang.NoClassDefFoundError>
	at com.accenture.wconf.test.WaterfallConfigNegativeTests.testWaterfallConfigClassicGetMultiNonExistentKey(WaterfallConfigNegativeTests.java:73)

testWaterfallConfigGetMultiWithNullKey(com.accenture.wconf.test.WaterfallConfigNegativeTests)  Time elapsed: 0 sec  <<< ERROR!
java.lang.Exception: Unexpected exception, expected<java.lang.IllegalArgumentException> but was<java.lang.NoClassDefFoundError>
	at com.accenture.wconf.test.WaterfallConfigNegativeTests.testWaterfallConfigGetMultiWithNullKey(WaterfallConfigNegativeTests.java:83)

testWaterfallConfigSafeGetMultivalued(com.accenture.wconf.test.WaterfallConfigNegativeTests)  Time elapsed: 0 sec  <<< ERROR!
java.lang.Exception: Unexpected exception, expected<java.lang.IllegalArgumentException> but was<java.lang.NoClassDefFoundError>
	at com.accenture.wconf.test.WaterfallConfigNegativeTests.testWaterfallConfigSafeGetMultivalued(WaterfallConfigNegativeTests.java:99)

Running com.accenture.wconf.test.WaterfallConfigExtConfNoEncryptionNoProfilesTests
04:54:22.429 |-DEBUG [ConfFileUtils] About to delete /tmp/tmpd2zj90ca/waterfall-config/application005.conf (if exists)
04:54:22.437 |-DEBUG [ConfFileUtils] About to delete /tmp/tmpd2zj90ca/waterfall-config/application005.conf (if exists)
04:54:22.437 |-DEBUG [ConfFileUtils] About to write /tmp/tmpd2zj90ca/waterfall-config/application005.conf with the given contents
04:54:22.438 |-DEBUG [ConfFileUtils] Successfully written /tmp/tmpd2zj90ca/waterfall-config/application005.conf with 10 lines.
04:54:22.447 |-DEBUG [ConfFileUtils] About to delete /tmp/tmpd2zj90ca/waterfall-config/application005.conf (if exists)
Tests run: 8, Failures: 0, Errors: 8, Skipped: 0, Time elapsed: 0.01 sec <<< FAILURE! - in com.accenture.wconf.test.WaterfallConfigExtConfNoEncryptionNoProfilesTests
testPropDefinedInExtConfAndSystemProp(com.accenture.wconf.test.WaterfallConfigExtConfNoEncryptionNoProfilesTests)  Time elapsed: 0 sec  <<< ERROR!
java.lang.NoClassDefFoundError: Could not initialize class com.accenture.wconf.WaterfallConfig
	at com.accenture.wconf.test.WaterfallConfigExtConfNoEncryptionNoProfilesTests.testPropDefinedInExtConfAndSystemProp(WaterfallConfigExtConfNoEncryptionNoProfilesTests.java:97)

testReadPropDefinedInCommonAndExtAppConf(com.accenture.wconf.test.WaterfallConfigExtConfNoEncryptionNoProfilesTests)  Time elapsed: 0 sec  <<< ERROR!
java.lang.NoClassDefFoundError: Could not initialize class com.accenture.wconf.WaterfallConfig
	at com.accenture.wconf.test.WaterfallConfigExtConfNoEncryptionNoProfilesTests.testReadPropDefinedInCommonAndExtAppConf(WaterfallConfigExtConfNoEncryptionNoProfilesTests.java:79)

testEncryptedPropWithEncryptionDisableShouldFail(com.accenture.wconf.test.WaterfallConfigExtConfNoEncryptionNoProfilesTests)  Time elapsed: 0 sec  <<< ERROR!
java.lang.Exception: Unexpected exception, expected<java.lang.IllegalStateException> but was<java.lang.NoClassDefFoundError>
	at com.accenture.wconf.test.WaterfallConfigExtConfNoEncryptionNoProfilesTests.testEncryptedPropWithEncryptionDisableShouldFail(WaterfallConfigExtConfNoEncryptionNoProfilesTests.java:109)

testReadPropOnlyDefinedInCommon(com.accenture.wconf.test.WaterfallConfigExtConfNoEncryptionNoProfilesTests)  Time elapsed: 0 sec  <<< ERROR!
java.lang.NoClassDefFoundError: Could not initialize class com.accenture.wconf.WaterfallConfig
	at com.accenture.wconf.test.WaterfallConfigExtConfNoEncryptionNoProfilesTests.testReadPropOnlyDefinedInCommon(WaterfallConfigExtConfNoEncryptionNoProfilesTests.java:67)

testReadPropDefinedInExtConfAndInternalConf(com.accenture.wconf.test.WaterfallConfigExtConfNoEncryptionNoProfilesTests)  Time elapsed: 0 sec  <<< ERROR!
java.lang.NoClassDefFoundError: Could not initialize class com.accenture.wconf.WaterfallConfig
	at com.accenture.wconf.test.WaterfallConfigExtConfNoEncryptionNoProfilesTests.testReadPropDefinedInExtConfAndInternalConf(WaterfallConfigExtConfNoEncryptionNoProfilesTests.java:85)

testPropDefinedInExtConfAndEnvVar(com.accenture.wconf.test.WaterfallConfigExtConfNoEncryptionNoProfilesTests)  Time elapsed: 0 sec  <<< ERROR!
java.lang.NoClassDefFoundError: Could not initialize class com.accenture.wconf.WaterfallConfig
	at com.accenture.wconf.test.WaterfallConfigExtConfNoEncryptionNoProfilesTests.testPropDefinedInExtConfAndEnvVar(WaterfallConfigExtConfNoEncryptionNoProfilesTests.java:91)

testReadPropOnlyDefinedInAppConf(com.accenture.wconf.test.WaterfallConfigExtConfNoEncryptionNoProfilesTests)  Time elapsed: 0 sec  <<< ERROR!
java.lang.NoClassDefFoundError: Could not initialize class com.accenture.wconf.WaterfallConfig
	at com.accenture.wconf.test.WaterfallConfigExtConfNoEncryptionNoProfilesTests.testReadPropOnlyDefinedInAppConf(WaterfallConfigExtConfNoEncryptionNoProfilesTests.java:73)

testPropDefinedInExtConfAndEnvVarAndSystemProp(com.accenture.wconf.test.WaterfallConfigExtConfNoEncryptionNoProfilesTests)  Time elapsed: 0 sec  <<< ERROR!
java.lang.NoClassDefFoundError: Could not initialize class com.accenture.wconf.WaterfallConfig
	at com.accenture.wconf.test.WaterfallConfigExtConfNoEncryptionNoProfilesTests.testPropDefinedInExtConfAndEnvVarAndSystemProp(WaterfallConfigExtConfNoEncryptionNoProfilesTests.java:103)

Running com.accenture.wconf.test.WaterfallConfigMultiValuedTests
04:54:22.448 |-DEBUG [ConfFileUtils] About to delete /tmp/tmpd2zj90ca/waterfall-config/application_de39f853-7689-4cd2-971d-4efeadd94a0d.conf (if exists)
04:54:22.448 |-DEBUG [ConfFileUtils] About to delete /tmp/tmpd2zj90ca/waterfall-config/application_de39f853-7689-4cd2-971d-4efeadd94a0d.conf (if exists)
04:54:22.449 |-DEBUG [ConfFileUtils] About to write /tmp/tmpd2zj90ca/waterfall-config/application_de39f853-7689-4cd2-971d-4efeadd94a0d.conf with the given contents
04:54:22.449 |-DEBUG [ConfFileUtils] Successfully written /tmp/tmpd2zj90ca/waterfall-config/application_de39f853-7689-4cd2-971d-4efeadd94a0d.conf with 11 lines.
04:54:22.451 |-DEBUG [ConfFileUtils] About to delete /tmp/tmpd2zj90ca/waterfall-config/application_de39f853-7689-4cd2-971d-4efeadd94a0d.conf (if exists)
Tests run: 3, Failures: 0, Errors: 3, Skipped: 0, Time elapsed: 0.009 sec <<< FAILURE! - in com.accenture.wconf.test.WaterfallConfigMultiValuedTests
testWaterfallConfigGetOrElseMultiValued(com.accenture.wconf.test.WaterfallConfigMultiValuedTests)  Time elapsed: 0 sec  <<< ERROR!
java.lang.NoClassDefFoundError: Could not initialize class com.accenture.wconf.WaterfallConfig
	at com.accenture.wconf.test.WaterfallConfigMultiValuedTests.testWaterfallConfigGetOrElseMultiValued(WaterfallConfigMultiValuedTests.java:71)

testWaterfallConfigSafeGetMultiValued(com.accenture.wconf.test.WaterfallConfigMultiValuedTests)  Time elapsed: 0 sec  <<< ERROR!
java.lang.NoClassDefFoundError: Could not initialize class com.accenture.wconf.WaterfallConfig
	at com.accenture.wconf.test.WaterfallConfigMultiValuedTests.testWaterfallConfigSafeGetMultiValued(WaterfallConfigMultiValuedTests.java:63)

testWaterfallConfigClassicGetMultiValued(com.accenture.wconf.test.WaterfallConfigMultiValuedTests)  Time elapsed: 0 sec  <<< ERROR!
java.lang.NoClassDefFoundError: Could not initialize class com.accenture.wconf.WaterfallConfig
	at com.accenture.wconf.test.WaterfallConfigMultiValuedTests.testWaterfallConfigClassicGetMultiValued(WaterfallConfigMultiValuedTests.java:57)

Running com.accenture.wconf.test.WaterfallConfigExtConfEncryptionNoProfilesTests
04:54:22.453 |-DEBUG [ConfFileUtils] About to delete /tmp/tmpd2zj90ca/waterfall-config/application007.conf (if exists)
04:54:22.453 |-DEBUG [ConfFileUtils] About to delete /tmp/tmpd2zj90ca/waterfall-config/ext-wconf-keystore.jceks (if exists)
04:54:22.453 |-DEBUG [ConfFileUtils] About to delete /tmp/tmpd2zj90ca/waterfall-config/application007.conf (if exists)
04:54:22.453 |-DEBUG [ConfFileUtils] About to write /tmp/tmpd2zj90ca/waterfall-config/application007.conf with the given contents
04:54:22.454 |-DEBUG [ConfFileUtils] Successfully written /tmp/tmpd2zj90ca/waterfall-config/application007.conf with 16 lines.
04:54:22.457 |-DEBUG [ConfFileUtils] About to delete /tmp/tmpd2zj90ca/waterfall-config/application007.conf (if exists)
04:54:22.457 |-DEBUG [ConfFileUtils] About to delete /tmp/tmpd2zj90ca/waterfall-config/ext-wconf-keystore.jceks (if exists)
Tests run: 3, Failures: 0, Errors: 3, Skipped: 0, Time elapsed: 0.002 sec <<< FAILURE! - in com.accenture.wconf.test.WaterfallConfigExtConfEncryptionNoProfilesTests
testReadEncryptedPropFromEnvironmentVar(com.accenture.wconf.test.WaterfallConfigExtConfEncryptionNoProfilesTests)  Time elapsed: 0 sec  <<< ERROR!
java.lang.NoClassDefFoundError: Could not initialize class com.accenture.wconf.WaterfallConfig
	at com.accenture.wconf.test.WaterfallConfigExtConfEncryptionNoProfilesTests.testReadEncryptedPropFromEnvironmentVar(WaterfallConfigExtConfEncryptionNoProfilesTests.java:89)

testReadEncryptedPropFromConfFile(com.accenture.wconf.test.WaterfallConfigExtConfEncryptionNoProfilesTests)  Time elapsed: 0 sec  <<< ERROR!
java.lang.NoClassDefFoundError: Could not initialize class com.accenture.wconf.WaterfallConfig
	at com.accenture.wconf.test.WaterfallConfigExtConfEncryptionNoProfilesTests.testReadEncryptedPropFromConfFile(WaterfallConfigExtConfEncryptionNoProfilesTests.java:77)

testReadEncryptedPropFromEnvironmentVarDefinedInConf(com.accenture.wconf.test.WaterfallConfigExtConfEncryptionNoProfilesTests)  Time elapsed: 0 sec  <<< ERROR!
java.lang.NoClassDefFoundError: Could not initialize class com.accenture.wconf.WaterfallConfig
	at com.accenture.wconf.test.WaterfallConfigExtConfEncryptionNoProfilesTests.testReadEncryptedPropFromEnvironmentVarDefinedInConf(WaterfallConfigExtConfEncryptionNoProfilesTests.java:83)

Running com.accenture.wconf.test.WaterfallConfigCommonConfEncryptionTests
Tests run: 7, Failures: 0, Errors: 7, Skipped: 0, Time elapsed: 0.001 sec <<< FAILURE! - in com.accenture.wconf.test.WaterfallConfigCommonConfEncryptionTests
testReadEncryptedPropFromEnvVarAndJavaSystemProperty(com.accenture.wconf.test.WaterfallConfigCommonConfEncryptionTests)  Time elapsed: 0 sec  <<< ERROR!
java.lang.NoClassDefFoundError: Could not initialize class com.accenture.wconf.WaterfallConfig
	at com.accenture.wconf.test.WaterfallConfigCommonConfEncryptionTests.testReadEncryptedPropFromEnvVarAndJavaSystemProperty(WaterfallConfigCommonConfEncryptionTests.java:69)

testReadEncryptedPropFromSystemPropAndDefinedInCommon(com.accenture.wconf.test.WaterfallConfigCommonConfEncryptionTests)  Time elapsed: 0.001 sec  <<< ERROR!
java.lang.NoClassDefFoundError: Could not initialize class com.accenture.wconf.WaterfallConfig
	at com.accenture.wconf.test.WaterfallConfigCommonConfEncryptionTests.testReadEncryptedPropFromSystemPropAndDefinedInCommon(WaterfallConfigCommonConfEncryptionTests.java:51)

testReadEncryptedPropFromJavaSystemProperty(com.accenture.wconf.test.WaterfallConfigCommonConfEncryptionTests)  Time elapsed: 0 sec  <<< ERROR!
java.lang.NoClassDefFoundError: Could not initialize class com.accenture.wconf.WaterfallConfig
	at com.accenture.wconf.test.WaterfallConfigCommonConfEncryptionTests.testReadEncryptedPropFromJavaSystemProperty(WaterfallConfigCommonConfEncryptionTests.java:63)

testReadIncorrectCipher(com.accenture.wconf.test.WaterfallConfigCommonConfEncryptionTests)  Time elapsed: 0 sec  <<< ERROR!
java.lang.Exception: Unexpected exception, expected<java.lang.IllegalArgumentException> but was<java.lang.NoClassDefFoundError>
	at com.accenture.wconf.test.WaterfallConfigCommonConfEncryptionTests.testReadIncorrectCipher(WaterfallConfigCommonConfEncryptionTests.java:75)

testReadEncryptedPropFromEnvironmentVar(com.accenture.wconf.test.WaterfallConfigCommonConfEncryptionTests)  Time elapsed: 0 sec  <<< ERROR!
java.lang.NoClassDefFoundError: Could not initialize class com.accenture.wconf.WaterfallConfig
	at com.accenture.wconf.test.WaterfallConfigCommonConfEncryptionTests.testReadEncryptedPropFromEnvironmentVar(WaterfallConfigCommonConfEncryptionTests.java:57)

testReadEncryptedPropFromEnvironmentVarAndDefinedInCommon(com.accenture.wconf.test.WaterfallConfigCommonConfEncryptionTests)  Time elapsed: 0 sec  <<< ERROR!
java.lang.NoClassDefFoundError: Could not initialize class com.accenture.wconf.WaterfallConfig
	at com.accenture.wconf.test.WaterfallConfigCommonConfEncryptionTests.testReadEncryptedPropFromEnvironmentVarAndDefinedInCommon(WaterfallConfigCommonConfEncryptionTests.java:45)

testReadEncryptedPropFromConfFile(com.accenture.wconf.test.WaterfallConfigCommonConfEncryptionTests)  Time elapsed: 0 sec  <<< ERROR!
java.lang.NoClassDefFoundError: Could not initialize class com.accenture.wconf.WaterfallConfig
	at com.accenture.wconf.test.WaterfallConfigCommonConfEncryptionTests.testReadEncryptedPropFromConfFile(WaterfallConfigCommonConfEncryptionTests.java:39)

Running com.accenture.wconf.test.WaterfallConfigAppConfEncryptionProfilesTests
Tests run: 3, Failures: 0, Errors: 3, Skipped: 0, Time elapsed: 0 sec <<< FAILURE! - in com.accenture.wconf.test.WaterfallConfigAppConfEncryptionProfilesTests
testReadEncryptedPropInActiveProfileUsingGetOrElse(com.accenture.wconf.test.WaterfallConfigAppConfEncryptionProfilesTests)  Time elapsed: 0 sec  <<< ERROR!
java.lang.NoClassDefFoundError: Could not initialize class com.accenture.wconf.WaterfallConfig
	at com.accenture.wconf.test.WaterfallConfigAppConfEncryptionProfilesTests.testReadEncryptedPropInActiveProfileUsingGetOrElse(WaterfallConfigAppConfEncryptionProfilesTests.java:54)

testReadEncryptedPropInActiveProfile(com.accenture.wconf.test.WaterfallConfigAppConfEncryptionProfilesTests)  Time elapsed: 0 sec  <<< ERROR!
java.lang.NoClassDefFoundError: Could not initialize class com.accenture.wconf.WaterfallConfig
	at com.accenture.wconf.test.WaterfallConfigAppConfEncryptionProfilesTests.testReadEncryptedPropInActiveProfile(WaterfallConfigAppConfEncryptionProfilesTests.java:41)

testReadEncryptedPropInActiveProfileUsingSafeGet(com.accenture.wconf.test.WaterfallConfigAppConfEncryptionProfilesTests)  Time elapsed: 0 sec  <<< ERROR!
java.lang.NoClassDefFoundError: Could not initialize class com.accenture.wconf.WaterfallConfig
	at com.accenture.wconf.test.WaterfallConfigAppConfEncryptionProfilesTests.testReadEncryptedPropInActiveProfileUsingSafeGet(WaterfallConfigAppConfEncryptionProfilesTests.java:47)

Running com.accenture.wconf.test.WaterfallConfigCommonConfNoEncryptionTests
Tests run: 5, Failures: 0, Errors: 5, Skipped: 0, Time elapsed: 0 sec <<< FAILURE! - in com.accenture.wconf.test.WaterfallConfigCommonConfNoEncryptionTests
testPropDefinedAsEnvVarTakesPrecedence(com.accenture.wconf.test.WaterfallConfigCommonConfNoEncryptionTests)  Time elapsed: 0 sec  <<< ERROR!
java.lang.NoClassDefFoundError: Could not initialize class com.accenture.wconf.WaterfallConfig
	at com.accenture.wconf.test.WaterfallConfigCommonConfNoEncryptionTests.testPropDefinedAsEnvVarTakesPrecedence(WaterfallConfigCommonConfNoEncryptionTests.java:52)

testEncryptedPropWithEncryptionDisableShouldFail(com.accenture.wconf.test.WaterfallConfigCommonConfNoEncryptionTests)  Time elapsed: 0 sec  <<< ERROR!
java.lang.Exception: Unexpected exception, expected<java.lang.IllegalStateException> but was<java.lang.NoClassDefFoundError>
	at com.accenture.wconf.test.WaterfallConfigCommonConfNoEncryptionTests.testEncryptedPropWithEncryptionDisableShouldFail(WaterfallConfigCommonConfNoEncryptionTests.java:58)

testPropCanBeOverriddenByJavaSystemProperty(com.accenture.wconf.test.WaterfallConfigCommonConfNoEncryptionTests)  Time elapsed: 0 sec  <<< ERROR!
java.lang.NoClassDefFoundError: Could not initialize class com.accenture.wconf.WaterfallConfig
	at com.accenture.wconf.test.WaterfallConfigCommonConfNoEncryptionTests.testPropCanBeOverriddenByJavaSystemProperty(WaterfallConfigCommonConfNoEncryptionTests.java:46)

testReadPropOnlyDefinedInCommon(com.accenture.wconf.test.WaterfallConfigCommonConfNoEncryptionTests)  Time elapsed: 0 sec  <<< ERROR!
java.lang.NoClassDefFoundError: Could not initialize class com.accenture.wconf.WaterfallConfig
	at com.accenture.wconf.test.WaterfallConfigCommonConfNoEncryptionTests.testReadPropOnlyDefinedInCommon(WaterfallConfigCommonConfNoEncryptionTests.java:34)

testPropCanBeOverriddenByEnvironmentVar(com.accenture.wconf.test.WaterfallConfigCommonConfNoEncryptionTests)  Time elapsed: 0 sec  <<< ERROR!
java.lang.NoClassDefFoundError: Could not initialize class com.accenture.wconf.WaterfallConfig
	at com.accenture.wconf.test.WaterfallConfigCommonConfNoEncryptionTests.testPropCanBeOverriddenByEnvironmentVar(WaterfallConfigCommonConfNoEncryptionTests.java:40)

Running com.accenture.wconf.test.WaterfallConfigEncryptionUnexistingKeyErrorTests
Tests run: 1, Failures: 1, Errors: 0, Skipped: 0, Time elapsed: 0 sec <<< FAILURE! - in com.accenture.wconf.test.WaterfallConfigEncryptionUnexistingKeyErrorTests
testUnexistingKeyThrowsException(com.accenture.wconf.test.WaterfallConfigEncryptionUnexistingKeyErrorTests)  Time elapsed: 0 sec  <<< FAILURE!
java.lang.AssertionError: 

Expecting a throwable with root cause being exactly an instance of:
 <java.lang.IllegalStateException>
but current throwable has no cause.
	at com.accenture.wconf.test.WaterfallConfigEncryptionUnexistingKeyErrorTests.testUnexistingKeyThrowsException(WaterfallConfigEncryptionUnexistingKeyErrorTests.java:36)

Running com.accenture.wconf.test.WaterfallConfigExtConfNoEncryptionProfilesTests
04:54:22.477 |-DEBUG [ConfFileUtils] About to delete /tmp/tmpd2zj90ca/waterfall-config/application006.conf (if exists)
04:54:22.477 |-DEBUG [ConfFileUtils] About to delete /tmp/tmpd2zj90ca/waterfall-config/application006.conf (if exists)
04:54:22.477 |-DEBUG [ConfFileUtils] About to write /tmp/tmpd2zj90ca/waterfall-config/application006.conf with the given contents
04:54:22.477 |-DEBUG [ConfFileUtils] Successfully written /tmp/tmpd2zj90ca/waterfall-config/application006.conf with 18 lines.
04:54:22.487 |-DEBUG [ConfFileUtils] About to delete /tmp/tmpd2zj90ca/waterfall-config/application006.conf (if exists)
Tests run: 10, Failures: 0, Errors: 10, Skipped: 0, Time elapsed: 0.008 sec <<< FAILURE! - in com.accenture.wconf.test.WaterfallConfigExtConfNoEncryptionProfilesTests
testReadPropDefinedInEnvironmentVariableAndProfile(com.accenture.wconf.test.WaterfallConfigExtConfNoEncryptionProfilesTests)  Time elapsed: 0 sec  <<< ERROR!
java.lang.NoClassDefFoundError: Could not initialize class com.accenture.wconf.WaterfallConfig
	at com.accenture.wconf.test.WaterfallConfigExtConfNoEncryptionProfilesTests.testReadPropDefinedInEnvironmentVariableAndProfile(WaterfallConfigExtConfNoEncryptionProfilesTests.java:105)

testReadPropDefinedOutsideAnyProfile(com.accenture.wconf.test.WaterfallConfigExtConfNoEncryptionProfilesTests)  Time elapsed: 0 sec  <<< ERROR!
java.lang.Exception: Unexpected exception, expected<com.typesafe.config.ConfigException> but was<java.lang.NoClassDefFoundError>
	at com.accenture.wconf.test.WaterfallConfigExtConfNoEncryptionProfilesTests.testReadPropDefinedOutsideAnyProfile(WaterfallConfigExtConfNoEncryptionProfilesTests.java:88)

testReadPropOnlyDefinedInActiveProfile(com.accenture.wconf.test.WaterfallConfigExtConfNoEncryptionProfilesTests)  Time elapsed: 0 sec  <<< ERROR!
java.lang.NoClassDefFoundError: Could not initialize class com.accenture.wconf.WaterfallConfig
	at com.accenture.wconf.test.WaterfallConfigExtConfNoEncryptionProfilesTests.testReadPropOnlyDefinedInActiveProfile(WaterfallConfigExtConfNoEncryptionProfilesTests.java:76)

testReadPropDefinedInAllProfiles(com.accenture.wconf.test.WaterfallConfigExtConfNoEncryptionProfilesTests)  Time elapsed: 0 sec  <<< ERROR!
java.lang.NoClassDefFoundError: Could not initialize class com.accenture.wconf.WaterfallConfig
	at com.accenture.wconf.test.WaterfallConfigExtConfNoEncryptionProfilesTests.testReadPropDefinedInAllProfiles(WaterfallConfigExtConfNoEncryptionProfilesTests.java:82)

testReadPropDefinedInCommon(com.accenture.wconf.test.WaterfallConfigExtConfNoEncryptionProfilesTests)  Time elapsed: 0 sec  <<< ERROR!
java.lang.NoClassDefFoundError: Could not initialize class com.accenture.wconf.WaterfallConfig
	at com.accenture.wconf.test.WaterfallConfigExtConfNoEncryptionProfilesTests.testReadPropDefinedInCommon(WaterfallConfigExtConfNoEncryptionProfilesTests.java:93)

testReadPropDefinedInExternalConfAndWithinJar(com.accenture.wconf.test.WaterfallConfigExtConfNoEncryptionProfilesTests)  Time elapsed: 0 sec  <<< ERROR!
java.lang.NoClassDefFoundError: Could not initialize class com.accenture.wconf.WaterfallConfig
	at com.accenture.wconf.test.WaterfallConfigExtConfNoEncryptionProfilesTests.testReadPropDefinedInExternalConfAndWithinJar(WaterfallConfigExtConfNoEncryptionProfilesTests.java:129)

testReadPropDefinedInEnvironmentVariableOnly(com.accenture.wconf.test.WaterfallConfigExtConfNoEncryptionProfilesTests)  Time elapsed: 0 sec  <<< ERROR!
java.lang.NoClassDefFoundError: Could not initialize class com.accenture.wconf.WaterfallConfig
	at com.accenture.wconf.test.WaterfallConfigExtConfNoEncryptionProfilesTests.testReadPropDefinedInEnvironmentVariableOnly(WaterfallConfigExtConfNoEncryptionProfilesTests.java:99)

testReadPropDefinedAsJavaPropAndProfile(com.accenture.wconf.test.WaterfallConfigExtConfNoEncryptionProfilesTests)  Time elapsed: 0 sec  <<< ERROR!
java.lang.NoClassDefFoundError: Could not initialize class com.accenture.wconf.WaterfallConfig
	at com.accenture.wconf.test.WaterfallConfigExtConfNoEncryptionProfilesTests.testReadPropDefinedAsJavaPropAndProfile(WaterfallConfigExtConfNoEncryptionProfilesTests.java:117)

testReadPropDefinedAsJavaPropOnly(com.accenture.wconf.test.WaterfallConfigExtConfNoEncryptionProfilesTests)  Time elapsed: 0 sec  <<< ERROR!
java.lang.NoClassDefFoundError: Could not initialize class com.accenture.wconf.WaterfallConfig
	at com.accenture.wconf.test.WaterfallConfigExtConfNoEncryptionProfilesTests.testReadPropDefinedAsJavaPropOnly(WaterfallConfigExtConfNoEncryptionProfilesTests.java:111)

testReadPropDefinedInEnvVarAndAsJavaPropAndProfile(com.accenture.wconf.test.WaterfallConfigExtConfNoEncryptionProfilesTests)  Time elapsed: 0 sec  <<< ERROR!
java.lang.NoClassDefFoundError: Could not initialize class com.accenture.wconf.WaterfallConfig
	at com.accenture.wconf.test.WaterfallConfigExtConfNoEncryptionProfilesTests.testReadPropDefinedInEnvVarAndAsJavaPropAndProfile(WaterfallConfigExtConfNoEncryptionProfilesTests.java:123)


Results :

Failed tests: 
  WaterfallConfigEncryptionUnexistingKeyErrorTests.testUnexistingKeyThrowsException:36 
Expecting a throwable with root cause being exactly an instance of:
 <java.lang.IllegalStateException>
but current throwable has no cause.
Tests in error: 
  WaterfallConfigAppConfEncryptionNoProfilesTests.testReadEncryptedPropFromConfFile:41 NoClassDefFound
  WaterfallConfigAppConfEncryptionNoProfilesTests.testReadEncryptedPropFromConfFileUsingSafeGet:47 NoClassDefFound
  WaterfallConfigAppConfEncryptionNoProfilesTests.testReadEncryptedPropFromConfFileUsingSafeGetOrElse:54 NoClassDefFound
  WaterfallConfigAppConfEncryptionNoProfilesTests.testReadEncryptedPropFromEnvironmentVar:66 NoClassDefFound
  WaterfallConfigAppConfEncryptionNoProfilesTests.testReadEncryptedPropFromEnvironmentVarDefinedInConf:60 NoClassDefFound
  WaterfallConfigAppConfEncryptionNoProfilesTests.testReadIncorrectCipher »  Une...
  WaterfallConfigAppConfEncryptionProfilesTests.testReadEncryptedPropInActiveProfile:41 NoClassDefFound
  WaterfallConfigAppConfEncryptionProfilesTests.testReadEncryptedPropInActiveProfileUsingGetOrElse:54 NoClassDefFound
  WaterfallConfigAppConfEncryptionProfilesTests.testReadEncryptedPropInActiveProfileUsingSafeGet:47 NoClassDefFound
  WaterfallConfigAppConfNoEncryptionNoProfilesTests.testEncryptedPropWithEncryptionDisableShouldFail » 
  WaterfallConfigAppConfNoEncryptionNoProfilesTests.testPropCanBeOverriddenByEnvironmentVar:65 NoClassDefFound
  WaterfallConfigAppConfNoEncryptionNoProfilesTests.testPropCanBeOverriddenByJavaSystemProperty:71 NoClassDefFound
  WaterfallConfigAppConfNoEncryptionNoProfilesTests.testPropDefinedAsEnvVar:88 NoClassDefFound
  WaterfallConfigAppConfNoEncryptionNoProfilesTests.testPropDefinedAsEnvVarAndSystemProp:100 NoClassDefFound
  WaterfallConfigAppConfNoEncryptionNoProfilesTests.testPropDefinedAsEnvVarTakesPrecedence:77 NoClassDefFound
  WaterfallConfigAppConfNoEncryptionNoProfilesTests.testPropDefinedAsSystemProp:94 NoClassDefFound
  WaterfallConfigAppConfNoEncryptionNoProfilesTests.testReadPropDefinedInCommonAndAppConf:58 NoClassDefFound
  WaterfallConfigAppConfNoEncryptionNoProfilesTests.testReadPropOnlyDefinedInAppConf:52 NoClassDefFound
  WaterfallConfigAppConfNoEncryptionNoProfilesTests.testReadPropOnlyDefinedInCommon:46 NoClassDefFound
  WaterfallConfigAppConfNoEncryptionProfilesTests.testReadPropDefinedAsJavaPropAndProfile:80 NoClassDefFound
  WaterfallConfigAppConfNoEncryptionProfilesTests.testReadPropDefinedAsJavaPropOnly:74 NoClassDefFound
  WaterfallConfigAppConfNoEncryptionProfilesTests.testReadPropDefinedInAllProfiles:45 NoClassDefFound
  WaterfallConfigAppConfNoEncryptionProfilesTests.testReadPropDefinedInCommon:56 NoClassDefFound
  WaterfallConfigAppConfNoEncryptionProfilesTests.testReadPropDefinedInEnvVarAndAsJavaPropAndProfile:86 NoClassDefFound
  WaterfallConfigAppConfNoEncryptionProfilesTests.testReadPropDefinedInEnvironmentVariableAndProfile:68 NoClassDefFound
  WaterfallConfigAppConfNoEncryptionProfilesTests.testReadPropDefinedInEnvironmentVariableOnly:62 NoClassDefFound
  WaterfallConfigAppConfNoEncryptionProfilesTests.testReadPropDefinedOutsideAnyProfile » 
  WaterfallConfigAppConfNoEncryptionProfilesTests.testReadPropOnlyDefinedInActiveProfile:39 NoClassDefFound
  WaterfallConfigCommonConfEncryptionTests.testReadEncryptedPropFromConfFile:39 NoClassDefFound
  WaterfallConfigCommonConfEncryptionTests.testReadEncryptedPropFromEnvVarAndJavaSystemProperty:69 NoClassDefFound
  WaterfallConfigCommonConfEncryptionTests.testReadEncryptedPropFromEnvironmentVar:57 NoClassDefFound
  WaterfallConfigCommonConfEncryptionTests.testReadEncryptedPropFromEnvironmentVarAndDefinedInCommon:45 NoClassDefFound
  WaterfallConfigCommonConfEncryptionTests.testReadEncryptedPropFromJavaSystemProperty:63 NoClassDefFound
  WaterfallConfigCommonConfEncryptionTests.testReadEncryptedPropFromSystemPropAndDefinedInCommon:51 NoClassDefFound
  WaterfallConfigCommonConfEncryptionTests.testReadIncorrectCipher »  Unexpected...
  WaterfallConfigCommonConfNoEncryptionTests.testEncryptedPropWithEncryptionDisableShouldFail » 
  WaterfallConfigCommonConfNoEncryptionTests.testPropCanBeOverriddenByEnvironmentVar:40 NoClassDefFound
  WaterfallConfigCommonConfNoEncryptionTests.testPropCanBeOverriddenByJavaSystemProperty:46 NoClassDefFound
  WaterfallConfigCommonConfNoEncryptionTests.testPropDefinedAsEnvVarTakesPrecedence:52 NoClassDefFound
  WaterfallConfigCommonConfNoEncryptionTests.testReadPropOnlyDefinedInCommon:34 NoClassDefFound
  WaterfallConfigExtConfEncryptionNoProfilesTests.testReadEncryptedPropFromConfFile:77 NoClassDefFound
  WaterfallConfigExtConfEncryptionNoProfilesTests.testReadEncryptedPropFromEnvironmentVar:89 NoClassDefFound
  WaterfallConfigExtConfEncryptionNoProfilesTests.testReadEncryptedPropFromEnvironmentVarDefinedInConf:83 NoClassDefFound
  WaterfallConfigExtConfNoEncryptionNoProfilesTests.testEncryptedPropWithEncryptionDisableShouldFail » 
  WaterfallConfigExtConfNoEncryptionNoProfilesTests.testPropDefinedInExtConfAndEnvVar:91 NoClassDefFound
  WaterfallConfigExtConfNoEncryptionNoProfilesTests.testPropDefinedInExtConfAndEnvVarAndSystemProp:103 NoClassDefFound
  WaterfallConfigExtConfNoEncryptionNoProfilesTests.testPropDefinedInExtConfAndSystemProp:97 NoClassDefFound
  WaterfallConfigExtConfNoEncryptionNoProfilesTests.testReadPropDefinedInCommonAndExtAppConf:79 NoClassDefFound
  WaterfallConfigExtConfNoEncryptionNoProfilesTests.testReadPropDefinedInExtConfAndInternalConf:85 NoClassDefFound
  WaterfallConfigExtConfNoEncryptionNoProfilesTests.testReadPropOnlyDefinedInAppConf:73 NoClassDefFound
  WaterfallConfigExtConfNoEncryptionNoProfilesTests.testReadPropOnlyDefinedInCommon:67 NoClassDefFound
  WaterfallConfigExtConfNoEncryptionProfilesTests.testReadPropDefinedAsJavaPropAndProfile:117 NoClassDefFound
  WaterfallConfigExtConfNoEncryptionProfilesTests.testReadPropDefinedAsJavaPropOnly:111 NoClassDefFound
  WaterfallConfigExtConfNoEncryptionProfilesTests.testReadPropDefinedInAllProfiles:82 NoClassDefFound
  WaterfallConfigExtConfNoEncryptionProfilesTests.testReadPropDefinedInCommon:93 NoClassDefFound
  WaterfallConfigExtConfNoEncryptionProfilesTests.testReadPropDefinedInEnvVarAndAsJavaPropAndProfile:123 NoClassDefFound
  WaterfallConfigExtConfNoEncryptionProfilesTests.testReadPropDefinedInEnvironmentVariableAndProfile:105 NoClassDefFound
  WaterfallConfigExtConfNoEncryptionProfilesTests.testReadPropDefinedInEnvironmentVariableOnly:99 NoClassDefFound
  WaterfallConfigExtConfNoEncryptionProfilesTests.testReadPropDefinedInExternalConfAndWithinJar:129 NoClassDefFound
  WaterfallConfigExtConfNoEncryptionProfilesTests.testReadPropDefinedOutsideAnyProfile » 
  WaterfallConfigExtConfNoEncryptionProfilesTests.testReadPropOnlyDefinedInActiveProfile:76 NoClassDefFound
  WaterfallConfigExtPathSingleValueTests.testReadPropOnlyDefinedInActiveProfile:73 NoClassDefFound
  WaterfallConfigExtPathTests.testReadPropOnlyDefinedInActiveProfile:71 NoClassDefFound
  WaterfallConfigMultiValuedTests.testWaterfallConfigClassicGetMultiValued:57 NoClassDefFound
  WaterfallConfigMultiValuedTests.testWaterfallConfigGetOrElseMultiValued:71 NoClassDefFound
  WaterfallConfigMultiValuedTests.testWaterfallConfigSafeGetMultiValued:63 NoClassDefFound
  WaterfallConfigNegativeTests.testWaterfallConfigClassicGetMultiNonExistentKey » 
  WaterfallConfigNegativeTests.testWaterfallConfigClassicGetMultiWithNullKey »  ...
  WaterfallConfigNegativeTests.testWaterfallConfigClassicGetNonExistentKey »  Un...
  WaterfallConfigNegativeTests.testWaterfallConfigClassicGetWithNullKey »  Unexp...
  WaterfallConfigNegativeTests.testWaterfallConfigGetMultiWithEmptyKey »  Unexpe...
  WaterfallConfigNegativeTests.testWaterfallConfigGetMultiWithNullKey »  Unexpec...
  WaterfallConfigNegativeTests.testWaterfallConfigGetMultiWithPropNotDefinedWithDefaultValue:93 NoClassDefFound
  WaterfallConfigNegativeTests.testWaterfallConfigGetWithEmptyKey »  Unexpected ...
  WaterfallConfigNegativeTests.testWaterfallConfigGetWithNullKey »  Unexpected e...
  WaterfallConfigNegativeTests.testWaterfallConfigGetWithPropNotDefinedWithDefaultValue:50 NoClassDefFound
  WaterfallConfigNegativeTests.testWaterfallConfigSafeGet »  Unexpected exceptio...
  WaterfallConfigNegativeTests.testWaterfallConfigSafeGetMultiValuedWithEmptyKey » 
  WaterfallConfigNegativeTests.testWaterfallConfigSafeGetMultiValuedWithPropNotDefinedWithDefaultValue:109 NoClassDefFound
  WaterfallConfigNegativeTests.testWaterfallConfigSafeGetMultivalued »  Unexpect...
  WaterfallConfigNegativeTests.testWaterfallConfigSafeGetWithEmptyKey »  Unexpec...
  WaterfallConfigNegativeTests.testWaterfallConfigSafeGetWithPropNotDefinedWithDefaultValue:66 NoClassDefFound

Tests run: 84, Failures: 1, Errors: 82, Skipped: 0

[ERROR] There are test failures.

Please refer to /tmp/tmpd2zj90ca/waterfall-config/target/surefire-reports for the individual test results.
[INFO] 
[INFO] --- jacoco-maven-plugin:0.8.5:report (report) @ waterfall-config ---
[INFO] Loading execution data file /tmp/tmpd2zj90ca/waterfall-config/target/jacoco.exec
[INFO] Analyzed bundle 'waterfall-config' with 1049 classes
[INFO] ------------------------------------------------------------------------
[INFO] BUILD SUCCESS
[INFO] ------------------------------------------------------------------------
[INFO] Total time:  10.911 s
[INFO] Finished at: 2020-07-31T04:54:25Z
[INFO] ------------------------------------------------------------------------
