[INFO] Error stacktraces are turned on.
[INFO] Scanning for projects...
[INFO] ------------------------------------------------------------------------
[INFO] Detecting the operating system and CPU architecture
[INFO] ------------------------------------------------------------------------
[INFO] os.detected.name: linux
[INFO] os.detected.arch: x86_64
[INFO] os.detected.version: 4.15
[INFO] os.detected.version.major: 4
[INFO] os.detected.version.minor: 15
[INFO] os.detected.release: debian
[INFO] os.detected.release.version: 10
[INFO] os.detected.release.like.debian: true
[INFO] os.detected.classifier: linux-x86_64
[INFO] 
[INFO] ----------< org.hyperledger.fabric-sdk-java:fabric-sdk-java >-----------
[INFO] Building fabric-java-sdk 2.1.3
[INFO] --------------------------------[ jar ]---------------------------------
[INFO] 
[INFO] --- git-commit-id-plugin:2.2.6:revision (get-the-git-infos) @ fabric-sdk-java ---
[INFO] 
[INFO] --- jacoco-maven-plugin:0.8.5:prepare-agent (default) @ fabric-sdk-java ---
[INFO] argLine set to -javaagent:/home/jdbl/.m2/repository/org/jacoco/org.jacoco.agent/0.8.5/org.jacoco.agent-0.8.5-runtime.jar=destfile=/tmp/tmpqk3kjotq/fabric-sdk-java/target/jacoco.exec
[INFO] 
[INFO] --- protobuf-maven-plugin:0.6.1:compile (default) @ fabric-sdk-java ---
[INFO] Compiling 38 proto file(s) to /tmp/tmpqk3kjotq/fabric-sdk-java/target/generated-sources/protobuf/java
[INFO] 
[INFO] --- protobuf-maven-plugin:0.6.1:compile-custom (default) @ fabric-sdk-java ---
[INFO] Compiling 38 proto file(s) to /tmp/tmpqk3kjotq/fabric-sdk-java/target/generated-sources/protobuf/grpc-java
[INFO] 
[INFO] --- maven-resources-plugin:2.6:resources (default-resources) @ fabric-sdk-java ---
[INFO] Using 'UTF-8' encoding to copy filtered resources.
[INFO] Copying 3 resources
[INFO] 
[INFO] --- maven-compiler-plugin:3.8.1:compile (default-compile) @ fabric-sdk-java ---
[INFO] Changes detected - recompiling the module!
[INFO] Compiling 46 source files to /tmp/tmpqk3kjotq/fabric-sdk-java/target/classes
[WARNING] No processor claimed any of these annotations: javax.annotation.Generated,io.grpc.stub.annotations.RpcMethod
[WARNING] /tmp/tmpqk3kjotq/fabric-sdk-java/target/generated-sources/protobuf/java/org/hyperledger/fabric/protos/peer/ProposalPackage.java:[4243,51] com.google.protobuf.Descriptors.FileDescriptor.InternalDescriptorAssigner in com.google.protobuf.Descriptors.FileDescriptor has been deprecated
[WARNING] /tmp/tmpqk3kjotq/fabric-sdk-java/target/generated-sources/protobuf/java/org/hyperledger/fabric/protos/peer/ProposalPackage.java:[4244,59] com.google.protobuf.Descriptors.FileDescriptor.InternalDescriptorAssigner in com.google.protobuf.Descriptors.FileDescriptor has been deprecated
[WARNING] /tmp/tmpqk3kjotq/fabric-sdk-java/target/generated-sources/protobuf/java/org/hyperledger/fabric/protos/peer/ProposalPackage.java:[4252,7] internalBuildGeneratedFileFrom(java.lang.String[],com.google.protobuf.Descriptors.FileDescriptor[],com.google.protobuf.Descriptors.FileDescriptor.InternalDescriptorAssigner) in com.google.protobuf.Descriptors.FileDescriptor has been deprecated
[WARNING] /tmp/tmpqk3kjotq/fabric-sdk-java/target/generated-sources/protobuf/java/org/hyperledger/fabric/protos/peer/Chaincode.java:[7391,51] com.google.protobuf.Descriptors.FileDescriptor.InternalDescriptorAssigner in com.google.protobuf.Descriptors.FileDescriptor has been deprecated
[WARNING] /tmp/tmpqk3kjotq/fabric-sdk-java/target/generated-sources/protobuf/java/org/hyperledger/fabric/protos/peer/Chaincode.java:[7392,59] com.google.protobuf.Descriptors.FileDescriptor.InternalDescriptorAssigner in com.google.protobuf.Descriptors.FileDescriptor has been deprecated
[WARNING] /tmp/tmpqk3kjotq/fabric-sdk-java/target/generated-sources/protobuf/java/org/hyperledger/fabric/protos/peer/Chaincode.java:[7400,7] internalBuildGeneratedFileFrom(java.lang.String[],com.google.protobuf.Descriptors.FileDescriptor[],com.google.protobuf.Descriptors.FileDescriptor.InternalDescriptorAssigner) in com.google.protobuf.Descriptors.FileDescriptor has been deprecated
[WARNING] /tmp/tmpqk3kjotq/fabric-sdk-java/target/generated-sources/protobuf/java/org/hyperledger/fabric/protos/peer/ProposalResponsePackage.java:[3486,51] com.google.protobuf.Descriptors.FileDescriptor.InternalDescriptorAssigner in com.google.protobuf.Descriptors.FileDescriptor has been deprecated
[WARNING] /tmp/tmpqk3kjotq/fabric-sdk-java/target/generated-sources/protobuf/java/org/hyperledger/fabric/protos/peer/ProposalResponsePackage.java:[3487,59] com.google.protobuf.Descriptors.FileDescriptor.InternalDescriptorAssigner in com.google.protobuf.Descriptors.FileDescriptor has been deprecated
[WARNING] /tmp/tmpqk3kjotq/fabric-sdk-java/target/generated-sources/protobuf/java/org/hyperledger/fabric/protos/peer/ProposalResponsePackage.java:[3495,7] internalBuildGeneratedFileFrom(java.lang.String[],com.google.protobuf.Descriptors.FileDescriptor[],com.google.protobuf.Descriptors.FileDescriptor.InternalDescriptorAssigner) in com.google.protobuf.Descriptors.FileDescriptor has been deprecated
[WARNING] /tmp/tmpqk3kjotq/fabric-sdk-java/target/generated-sources/protobuf/java/org/hyperledger/fabric/protos/peer/ChaincodeShim.java:[13242,51] com.google.protobuf.Descriptors.FileDescriptor.InternalDescriptorAssigner in com.google.protobuf.Descriptors.FileDescriptor has been deprecated
[WARNING] /tmp/tmpqk3kjotq/fabric-sdk-java/target/generated-sources/protobuf/java/org/hyperledger/fabric/protos/peer/ChaincodeShim.java:[13243,59] com.google.protobuf.Descriptors.FileDescriptor.InternalDescriptorAssigner in com.google.protobuf.Descriptors.FileDescriptor has been deprecated
[WARNING] /tmp/tmpqk3kjotq/fabric-sdk-java/target/generated-sources/protobuf/java/org/hyperledger/fabric/protos/peer/ChaincodeShim.java:[13251,7] internalBuildGeneratedFileFrom(java.lang.String[],com.google.protobuf.Descriptors.FileDescriptor[],com.google.protobuf.Descriptors.FileDescriptor.InternalDescriptorAssigner) in com.google.protobuf.Descriptors.FileDescriptor has been deprecated
[WARNING] /tmp/tmpqk3kjotq/fabric-sdk-java/target/generated-sources/protobuf/java/org/hyperledger/fabric/protos/peer/ChaincodeEventPackage.java:[938,51] com.google.protobuf.Descriptors.FileDescriptor.InternalDescriptorAssigner in com.google.protobuf.Descriptors.FileDescriptor has been deprecated
[WARNING] /tmp/tmpqk3kjotq/fabric-sdk-java/target/generated-sources/protobuf/java/org/hyperledger/fabric/protos/peer/ChaincodeEventPackage.java:[939,59] com.google.protobuf.Descriptors.FileDescriptor.InternalDescriptorAssigner in com.google.protobuf.Descriptors.FileDescriptor has been deprecated
[WARNING] /tmp/tmpqk3kjotq/fabric-sdk-java/target/generated-sources/protobuf/java/org/hyperledger/fabric/protos/peer/ChaincodeEventPackage.java:[947,7] internalBuildGeneratedFileFrom(java.lang.String[],com.google.protobuf.Descriptors.FileDescriptor[],com.google.protobuf.Descriptors.FileDescriptor.InternalDescriptorAssigner) in com.google.protobuf.Descriptors.FileDescriptor has been deprecated
[WARNING] /tmp/tmpqk3kjotq/fabric-sdk-java/target/generated-sources/protobuf/java/org/hyperledger/fabric/protos/ledger/queryresult/KvQueryResult.java:[1689,51] com.google.protobuf.Descriptors.FileDescriptor.InternalDescriptorAssigner in com.google.protobuf.Descriptors.FileDescriptor has been deprecated
[WARNING] /tmp/tmpqk3kjotq/fabric-sdk-java/target/generated-sources/protobuf/java/org/hyperledger/fabric/protos/ledger/queryresult/KvQueryResult.java:[1690,59] com.google.protobuf.Descriptors.FileDescriptor.InternalDescriptorAssigner in com.google.protobuf.Descriptors.FileDescriptor has been deprecated
[WARNING] /tmp/tmpqk3kjotq/fabric-sdk-java/target/generated-sources/protobuf/java/org/hyperledger/fabric/protos/ledger/queryresult/KvQueryResult.java:[1698,7] internalBuildGeneratedFileFrom(java.lang.String[],com.google.protobuf.Descriptors.FileDescriptor[],com.google.protobuf.Descriptors.FileDescriptor.InternalDescriptorAssigner) in com.google.protobuf.Descriptors.FileDescriptor has been deprecated
[WARNING] /tmp/tmpqk3kjotq/fabric-sdk-java/target/generated-sources/protobuf/java/org/hyperledger/fabric/protos/common/Configuration.java:[3550,51] com.google.protobuf.Descriptors.FileDescriptor.InternalDescriptorAssigner in com.google.protobuf.Descriptors.FileDescriptor has been deprecated
[WARNING] /tmp/tmpqk3kjotq/fabric-sdk-java/target/generated-sources/protobuf/java/org/hyperledger/fabric/protos/common/Configuration.java:[3551,59] com.google.protobuf.Descriptors.FileDescriptor.InternalDescriptorAssigner in com.google.protobuf.Descriptors.FileDescriptor has been deprecated
[WARNING] /tmp/tmpqk3kjotq/fabric-sdk-java/target/generated-sources/protobuf/java/org/hyperledger/fabric/protos/common/Configuration.java:[3559,7] internalBuildGeneratedFileFrom(java.lang.String[],com.google.protobuf.Descriptors.FileDescriptor[],com.google.protobuf.Descriptors.FileDescriptor.InternalDescriptorAssigner) in com.google.protobuf.Descriptors.FileDescriptor has been deprecated
[WARNING] /tmp/tmpqk3kjotq/fabric-sdk-java/target/generated-sources/protobuf/java/org/hyperledger/fabric/protos/orderer/Configuration.java:[3438,51] com.google.protobuf.Descriptors.FileDescriptor.InternalDescriptorAssigner in com.google.protobuf.Descriptors.FileDescriptor has been deprecated
[WARNING] /tmp/tmpqk3kjotq/fabric-sdk-java/target/generated-sources/protobuf/java/org/hyperledger/fabric/protos/orderer/Configuration.java:[3439,59] com.google.protobuf.Descriptors.FileDescriptor.InternalDescriptorAssigner in com.google.protobuf.Descriptors.FileDescriptor has been deprecated
[WARNING] /tmp/tmpqk3kjotq/fabric-sdk-java/target/generated-sources/protobuf/java/org/hyperledger/fabric/protos/orderer/Configuration.java:[3447,7] internalBuildGeneratedFileFrom(java.lang.String[],com.google.protobuf.Descriptors.FileDescriptor[],com.google.protobuf.Descriptors.FileDescriptor.InternalDescriptorAssigner) in com.google.protobuf.Descriptors.FileDescriptor has been deprecated
[WARNING] /tmp/tmpqk3kjotq/fabric-sdk-java/target/generated-sources/protobuf/java/org/hyperledger/fabric/protos/common/Common.java:[10132,51] com.google.protobuf.Descriptors.FileDescriptor.InternalDescriptorAssigner in com.google.protobuf.Descriptors.FileDescriptor has been deprecated
[WARNING] /tmp/tmpqk3kjotq/fabric-sdk-java/target/generated-sources/protobuf/java/org/hyperledger/fabric/protos/common/Common.java:[10133,59] com.google.protobuf.Descriptors.FileDescriptor.InternalDescriptorAssigner in com.google.protobuf.Descriptors.FileDescriptor has been deprecated
[WARNING] /tmp/tmpqk3kjotq/fabric-sdk-java/target/generated-sources/protobuf/java/org/hyperledger/fabric/protos/common/Common.java:[10141,7] internalBuildGeneratedFileFrom(java.lang.String[],com.google.protobuf.Descriptors.FileDescriptor[],com.google.protobuf.Descriptors.FileDescriptor.InternalDescriptorAssigner) in com.google.protobuf.Descriptors.FileDescriptor has been deprecated
[WARNING] /tmp/tmpqk3kjotq/fabric-sdk-java/target/generated-sources/protobuf/java/org/hyperledger/fabric/protos/peer/EventsPackage.java:[5792,51] com.google.protobuf.Descriptors.FileDescriptor.InternalDescriptorAssigner in com.google.protobuf.Descriptors.FileDescriptor has been deprecated
[WARNING] /tmp/tmpqk3kjotq/fabric-sdk-java/target/generated-sources/protobuf/java/org/hyperledger/fabric/protos/peer/EventsPackage.java:[5793,59] com.google.protobuf.Descriptors.FileDescriptor.InternalDescriptorAssigner in com.google.protobuf.Descriptors.FileDescriptor has been deprecated
[WARNING] /tmp/tmpqk3kjotq/fabric-sdk-java/target/generated-sources/protobuf/java/org/hyperledger/fabric/protos/peer/EventsPackage.java:[5801,7] internalBuildGeneratedFileFrom(java.lang.String[],com.google.protobuf.Descriptors.FileDescriptor[],com.google.protobuf.Descriptors.FileDescriptor.InternalDescriptorAssigner) in com.google.protobuf.Descriptors.FileDescriptor has been deprecated
[WARNING] /tmp/tmpqk3kjotq/fabric-sdk-java/target/generated-sources/protobuf/java/org/hyperledger/fabric/protos/ledger/rwset/Rwset.java:[5258,51] com.google.protobuf.Descriptors.FileDescriptor.InternalDescriptorAssigner in com.google.protobuf.Descriptors.FileDescriptor has been deprecated
[WARNING] /tmp/tmpqk3kjotq/fabric-sdk-java/target/generated-sources/protobuf/java/org/hyperledger/fabric/protos/ledger/rwset/Rwset.java:[5259,59] com.google.protobuf.Descriptors.FileDescriptor.InternalDescriptorAssigner in com.google.protobuf.Descriptors.FileDescriptor has been deprecated
[WARNING] /tmp/tmpqk3kjotq/fabric-sdk-java/target/generated-sources/protobuf/java/org/hyperledger/fabric/protos/ledger/rwset/Rwset.java:[5267,7] internalBuildGeneratedFileFrom(java.lang.String[],com.google.protobuf.Descriptors.FileDescriptor[],com.google.protobuf.Descriptors.FileDescriptor.InternalDescriptorAssigner) in com.google.protobuf.Descriptors.FileDescriptor has been deprecated
[WARNING] /tmp/tmpqk3kjotq/fabric-sdk-java/target/generated-sources/protobuf/java/org/hyperledger/fabric/protos/peer/TransactionPackage.java:[4671,51] com.google.protobuf.Descriptors.FileDescriptor.InternalDescriptorAssigner in com.google.protobuf.Descriptors.FileDescriptor has been deprecated
[WARNING] /tmp/tmpqk3kjotq/fabric-sdk-java/target/generated-sources/protobuf/java/org/hyperledger/fabric/protos/peer/TransactionPackage.java:[4672,59] com.google.protobuf.Descriptors.FileDescriptor.InternalDescriptorAssigner in com.google.protobuf.Descriptors.FileDescriptor has been deprecated
[WARNING] /tmp/tmpqk3kjotq/fabric-sdk-java/target/generated-sources/protobuf/java/org/hyperledger/fabric/protos/peer/TransactionPackage.java:[4680,7] internalBuildGeneratedFileFrom(java.lang.String[],com.google.protobuf.Descriptors.FileDescriptor[],com.google.protobuf.Descriptors.FileDescriptor.InternalDescriptorAssigner) in com.google.protobuf.Descriptors.FileDescriptor has been deprecated
[WARNING] /tmp/tmpqk3kjotq/fabric-sdk-java/target/generated-sources/protobuf/java/org/hyperledger/fabric/protos/orderer/Kafka.java:[3727,51] com.google.protobuf.Descriptors.FileDescriptor.InternalDescriptorAssigner in com.google.protobuf.Descriptors.FileDescriptor has been deprecated
[WARNING] /tmp/tmpqk3kjotq/fabric-sdk-java/target/generated-sources/protobuf/java/org/hyperledger/fabric/protos/orderer/Kafka.java:[3728,59] com.google.protobuf.Descriptors.FileDescriptor.InternalDescriptorAssigner in com.google.protobuf.Descriptors.FileDescriptor has been deprecated
[WARNING] /tmp/tmpqk3kjotq/fabric-sdk-java/target/generated-sources/protobuf/java/org/hyperledger/fabric/protos/orderer/Kafka.java:[3736,7] internalBuildGeneratedFileFrom(java.lang.String[],com.google.protobuf.Descriptors.FileDescriptor[],com.google.protobuf.Descriptors.FileDescriptor.InternalDescriptorAssigner) in com.google.protobuf.Descriptors.FileDescriptor has been deprecated
[WARNING] /tmp/tmpqk3kjotq/fabric-sdk-java/target/generated-sources/protobuf/java/org/hyperledger/fabric/protos/idemix/Idemix.java:[10851,51] com.google.protobuf.Descriptors.FileDescriptor.InternalDescriptorAssigner in com.google.protobuf.Descriptors.FileDescriptor has been deprecated
[WARNING] /tmp/tmpqk3kjotq/fabric-sdk-java/target/generated-sources/protobuf/java/org/hyperledger/fabric/protos/idemix/Idemix.java:[10852,59] com.google.protobuf.Descriptors.FileDescriptor.InternalDescriptorAssigner in com.google.protobuf.Descriptors.FileDescriptor has been deprecated
[WARNING] /tmp/tmpqk3kjotq/fabric-sdk-java/target/generated-sources/protobuf/java/org/hyperledger/fabric/protos/idemix/Idemix.java:[10860,7] internalBuildGeneratedFileFrom(java.lang.String[],com.google.protobuf.Descriptors.FileDescriptor[],com.google.protobuf.Descriptors.FileDescriptor.InternalDescriptorAssigner) in com.google.protobuf.Descriptors.FileDescriptor has been deprecated
[WARNING] /tmp/tmpqk3kjotq/fabric-sdk-java/target/generated-sources/protobuf/java/org/hyperledger/fabric/protos/common/Policies.java:[5269,51] com.google.protobuf.Descriptors.FileDescriptor.InternalDescriptorAssigner in com.google.protobuf.Descriptors.FileDescriptor has been deprecated
[WARNING] /tmp/tmpqk3kjotq/fabric-sdk-java/target/generated-sources/protobuf/java/org/hyperledger/fabric/protos/common/Policies.java:[5270,59] com.google.protobuf.Descriptors.FileDescriptor.InternalDescriptorAssigner in com.google.protobuf.Descriptors.FileDescriptor has been deprecated
[WARNING] /tmp/tmpqk3kjotq/fabric-sdk-java/target/generated-sources/protobuf/java/org/hyperledger/fabric/protos/common/Policies.java:[5278,7] internalBuildGeneratedFileFrom(java.lang.String[],com.google.protobuf.Descriptors.FileDescriptor[],com.google.protobuf.Descriptors.FileDescriptor.InternalDescriptorAssigner) in com.google.protobuf.Descriptors.FileDescriptor has been deprecated
[WARNING] /tmp/tmpqk3kjotq/fabric-sdk-java/target/generated-sources/protobuf/java/org/hyperledger/fabric/protos/common/MspPrincipal.java:[4320,51] com.google.protobuf.Descriptors.FileDescriptor.InternalDescriptorAssigner in com.google.protobuf.Descriptors.FileDescriptor has been deprecated
[WARNING] /tmp/tmpqk3kjotq/fabric-sdk-java/target/generated-sources/protobuf/java/org/hyperledger/fabric/protos/common/MspPrincipal.java:[4321,59] com.google.protobuf.Descriptors.FileDescriptor.InternalDescriptorAssigner in com.google.protobuf.Descriptors.FileDescriptor has been deprecated
[WARNING] /tmp/tmpqk3kjotq/fabric-sdk-java/target/generated-sources/protobuf/java/org/hyperledger/fabric/protos/common/MspPrincipal.java:[4329,7] internalBuildGeneratedFileFrom(java.lang.String[],com.google.protobuf.Descriptors.FileDescriptor[],com.google.protobuf.Descriptors.FileDescriptor.InternalDescriptorAssigner) in com.google.protobuf.Descriptors.FileDescriptor has been deprecated
[WARNING] /tmp/tmpqk3kjotq/fabric-sdk-java/target/generated-sources/protobuf/java/org/hyperledger/fabric/protos/peer/Policy.java:[1054,51] com.google.protobuf.Descriptors.FileDescriptor.InternalDescriptorAssigner in com.google.protobuf.Descriptors.FileDescriptor has been deprecated
[WARNING] /tmp/tmpqk3kjotq/fabric-sdk-java/target/generated-sources/protobuf/java/org/hyperledger/fabric/protos/peer/Policy.java:[1055,59] com.google.protobuf.Descriptors.FileDescriptor.InternalDescriptorAssigner in com.google.protobuf.Descriptors.FileDescriptor has been deprecated
[WARNING] /tmp/tmpqk3kjotq/fabric-sdk-java/target/generated-sources/protobuf/java/org/hyperledger/fabric/protos/peer/Policy.java:[1063,7] internalBuildGeneratedFileFrom(java.lang.String[],com.google.protobuf.Descriptors.FileDescriptor[],com.google.protobuf.Descriptors.FileDescriptor.InternalDescriptorAssigner) in com.google.protobuf.Descriptors.FileDescriptor has been deprecated
[WARNING] /tmp/tmpqk3kjotq/fabric-sdk-java/target/generated-sources/protobuf/java/org/hyperledger/fabric/protos/peer/Peer.java:[34,51] com.google.protobuf.Descriptors.FileDescriptor.InternalDescriptorAssigner in com.google.protobuf.Descriptors.FileDescriptor has been deprecated
[WARNING] /tmp/tmpqk3kjotq/fabric-sdk-java/target/generated-sources/protobuf/java/org/hyperledger/fabric/protos/peer/Peer.java:[35,59] com.google.protobuf.Descriptors.FileDescriptor.InternalDescriptorAssigner in com.google.protobuf.Descriptors.FileDescriptor has been deprecated
[WARNING] /tmp/tmpqk3kjotq/fabric-sdk-java/target/generated-sources/protobuf/java/org/hyperledger/fabric/protos/peer/Peer.java:[43,7] internalBuildGeneratedFileFrom(java.lang.String[],com.google.protobuf.Descriptors.FileDescriptor[],com.google.protobuf.Descriptors.FileDescriptor.InternalDescriptorAssigner) in com.google.protobuf.Descriptors.FileDescriptor has been deprecated
[WARNING] /tmp/tmpqk3kjotq/fabric-sdk-java/target/generated-sources/protobuf/java/org/hyperledger/fabric/protos/peer/Resources.java:[3437,51] com.google.protobuf.Descriptors.FileDescriptor.InternalDescriptorAssigner in com.google.protobuf.Descriptors.FileDescriptor has been deprecated
[WARNING] /tmp/tmpqk3kjotq/fabric-sdk-java/target/generated-sources/protobuf/java/org/hyperledger/fabric/protos/peer/Resources.java:[3438,59] com.google.protobuf.Descriptors.FileDescriptor.InternalDescriptorAssigner in com.google.protobuf.Descriptors.FileDescriptor has been deprecated
[WARNING] /tmp/tmpqk3kjotq/fabric-sdk-java/target/generated-sources/protobuf/java/org/hyperledger/fabric/protos/peer/Resources.java:[3446,7] internalBuildGeneratedFileFrom(java.lang.String[],com.google.protobuf.Descriptors.FileDescriptor[],com.google.protobuf.Descriptors.FileDescriptor.InternalDescriptorAssigner) in com.google.protobuf.Descriptors.FileDescriptor has been deprecated
[WARNING] /tmp/tmpqk3kjotq/fabric-sdk-java/target/generated-sources/protobuf/java/org/hyperledger/fabric/protos/common/Configtx.java:[10005,51] com.google.protobuf.Descriptors.FileDescriptor.InternalDescriptorAssigner in com.google.protobuf.Descriptors.FileDescriptor has been deprecated
[WARNING] /tmp/tmpqk3kjotq/fabric-sdk-java/target/generated-sources/protobuf/java/org/hyperledger/fabric/protos/common/Configtx.java:[10006,59] com.google.protobuf.Descriptors.FileDescriptor.InternalDescriptorAssigner in com.google.protobuf.Descriptors.FileDescriptor has been deprecated
[WARNING] /tmp/tmpqk3kjotq/fabric-sdk-java/target/generated-sources/protobuf/java/org/hyperledger/fabric/protos/common/Configtx.java:[10014,7] internalBuildGeneratedFileFrom(java.lang.String[],com.google.protobuf.Descriptors.FileDescriptor[],com.google.protobuf.Descriptors.FileDescriptor.InternalDescriptorAssigner) in com.google.protobuf.Descriptors.FileDescriptor has been deprecated
[WARNING] /tmp/tmpqk3kjotq/fabric-sdk-java/target/generated-sources/protobuf/java/org/hyperledger/fabric/protos/msp/Identities.java:[1603,51] com.google.protobuf.Descriptors.FileDescriptor.InternalDescriptorAssigner in com.google.protobuf.Descriptors.FileDescriptor has been deprecated
[WARNING] /tmp/tmpqk3kjotq/fabric-sdk-java/target/generated-sources/protobuf/java/org/hyperledger/fabric/protos/msp/Identities.java:[1604,59] com.google.protobuf.Descriptors.FileDescriptor.InternalDescriptorAssigner in com.google.protobuf.Descriptors.FileDescriptor has been deprecated
[WARNING] /tmp/tmpqk3kjotq/fabric-sdk-java/target/generated-sources/protobuf/java/org/hyperledger/fabric/protos/msp/Identities.java:[1612,7] internalBuildGeneratedFileFrom(java.lang.String[],com.google.protobuf.Descriptors.FileDescriptor[],com.google.protobuf.Descriptors.FileDescriptor.InternalDescriptorAssigner) in com.google.protobuf.Descriptors.FileDescriptor has been deprecated
[WARNING] /tmp/tmpqk3kjotq/fabric-sdk-java/target/generated-sources/protobuf/java/org/hyperledger/fabric/protos/ledger/rwset/kvrwset/KvRwset.java:[12011,51] com.google.protobuf.Descriptors.FileDescriptor.InternalDescriptorAssigner in com.google.protobuf.Descriptors.FileDescriptor has been deprecated
[WARNING] /tmp/tmpqk3kjotq/fabric-sdk-java/target/generated-sources/protobuf/java/org/hyperledger/fabric/protos/ledger/rwset/kvrwset/KvRwset.java:[12012,59] com.google.protobuf.Descriptors.FileDescriptor.InternalDescriptorAssigner in com.google.protobuf.Descriptors.FileDescriptor has been deprecated
[WARNING] /tmp/tmpqk3kjotq/fabric-sdk-java/target/generated-sources/protobuf/java/org/hyperledger/fabric/protos/ledger/rwset/kvrwset/KvRwset.java:[12020,7] internalBuildGeneratedFileFrom(java.lang.String[],com.google.protobuf.Descriptors.FileDescriptor[],com.google.protobuf.Descriptors.FileDescriptor.InternalDescriptorAssigner) in com.google.protobuf.Descriptors.FileDescriptor has been deprecated
[WARNING] /tmp/tmpqk3kjotq/fabric-sdk-java/target/generated-sources/protobuf/java/org/hyperledger/fabric/protos/discovery/Protocol.java:[19490,51] com.google.protobuf.Descriptors.FileDescriptor.InternalDescriptorAssigner in com.google.protobuf.Descriptors.FileDescriptor has been deprecated
[WARNING] /tmp/tmpqk3kjotq/fabric-sdk-java/target/generated-sources/protobuf/java/org/hyperledger/fabric/protos/discovery/Protocol.java:[19491,59] com.google.protobuf.Descriptors.FileDescriptor.InternalDescriptorAssigner in com.google.protobuf.Descriptors.FileDescriptor has been deprecated
[WARNING] /tmp/tmpqk3kjotq/fabric-sdk-java/target/generated-sources/protobuf/java/org/hyperledger/fabric/protos/discovery/Protocol.java:[19499,7] internalBuildGeneratedFileFrom(java.lang.String[],com.google.protobuf.Descriptors.FileDescriptor[],com.google.protobuf.Descriptors.FileDescriptor.InternalDescriptorAssigner) in com.google.protobuf.Descriptors.FileDescriptor has been deprecated
[WARNING] /tmp/tmpqk3kjotq/fabric-sdk-java/target/generated-sources/protobuf/java/org/hyperledger/fabric/protos/msp/MspConfigPackage.java:[10851,51] com.google.protobuf.Descriptors.FileDescriptor.InternalDescriptorAssigner in com.google.protobuf.Descriptors.FileDescriptor has been deprecated
[WARNING] /tmp/tmpqk3kjotq/fabric-sdk-java/target/generated-sources/protobuf/java/org/hyperledger/fabric/protos/msp/MspConfigPackage.java:[10852,59] com.google.protobuf.Descriptors.FileDescriptor.InternalDescriptorAssigner in com.google.protobuf.Descriptors.FileDescriptor has been deprecated
[WARNING] /tmp/tmpqk3kjotq/fabric-sdk-java/target/generated-sources/protobuf/java/org/hyperledger/fabric/protos/msp/MspConfigPackage.java:[10860,7] internalBuildGeneratedFileFrom(java.lang.String[],com.google.protobuf.Descriptors.FileDescriptor[],com.google.protobuf.Descriptors.FileDescriptor.InternalDescriptorAssigner) in com.google.protobuf.Descriptors.FileDescriptor has been deprecated
[WARNING] /tmp/tmpqk3kjotq/fabric-sdk-java/target/generated-sources/protobuf/java/org/hyperledger/fabric/protos/gossip/Message.java:[31253,51] com.google.protobuf.Descriptors.FileDescriptor.InternalDescriptorAssigner in com.google.protobuf.Descriptors.FileDescriptor has been deprecated
[WARNING] /tmp/tmpqk3kjotq/fabric-sdk-java/target/generated-sources/protobuf/java/org/hyperledger/fabric/protos/gossip/Message.java:[31254,59] com.google.protobuf.Descriptors.FileDescriptor.InternalDescriptorAssigner in com.google.protobuf.Descriptors.FileDescriptor has been deprecated
[WARNING] /tmp/tmpqk3kjotq/fabric-sdk-java/target/generated-sources/protobuf/java/org/hyperledger/fabric/protos/gossip/Message.java:[31262,7] internalBuildGeneratedFileFrom(java.lang.String[],com.google.protobuf.Descriptors.FileDescriptor[],com.google.protobuf.Descriptors.FileDescriptor.InternalDescriptorAssigner) in com.google.protobuf.Descriptors.FileDescriptor has been deprecated
[WARNING] /tmp/tmpqk3kjotq/fabric-sdk-java/target/generated-sources/protobuf/java/org/hyperledger/fabric/protos/peer/lifecycle/Lifecycle.java:[21601,51] com.google.protobuf.Descriptors.FileDescriptor.InternalDescriptorAssigner in com.google.protobuf.Descriptors.FileDescriptor has been deprecated
[WARNING] /tmp/tmpqk3kjotq/fabric-sdk-java/target/generated-sources/protobuf/java/org/hyperledger/fabric/protos/peer/lifecycle/Lifecycle.java:[21602,59] com.google.protobuf.Descriptors.FileDescriptor.InternalDescriptorAssigner in com.google.protobuf.Descriptors.FileDescriptor has been deprecated
[WARNING] /tmp/tmpqk3kjotq/fabric-sdk-java/target/generated-sources/protobuf/java/org/hyperledger/fabric/protos/peer/lifecycle/Lifecycle.java:[21610,7] internalBuildGeneratedFileFrom(java.lang.String[],com.google.protobuf.Descriptors.FileDescriptor[],com.google.protobuf.Descriptors.FileDescriptor.InternalDescriptorAssigner) in com.google.protobuf.Descriptors.FileDescriptor has been deprecated
[WARNING] /tmp/tmpqk3kjotq/fabric-sdk-java/target/generated-sources/protobuf/java/org/hyperledger/fabric/protos/peer/Collection.java:[3943,51] com.google.protobuf.Descriptors.FileDescriptor.InternalDescriptorAssigner in com.google.protobuf.Descriptors.FileDescriptor has been deprecated
[WARNING] /tmp/tmpqk3kjotq/fabric-sdk-java/target/generated-sources/protobuf/java/org/hyperledger/fabric/protos/peer/Collection.java:[3944,59] com.google.protobuf.Descriptors.FileDescriptor.InternalDescriptorAssigner in com.google.protobuf.Descriptors.FileDescriptor has been deprecated
[WARNING] /tmp/tmpqk3kjotq/fabric-sdk-java/target/generated-sources/protobuf/java/org/hyperledger/fabric/protos/peer/Collection.java:[3952,7] internalBuildGeneratedFileFrom(java.lang.String[],com.google.protobuf.Descriptors.FileDescriptor[],com.google.protobuf.Descriptors.FileDescriptor.InternalDescriptorAssigner) in com.google.protobuf.Descriptors.FileDescriptor has been deprecated
[WARNING] /tmp/tmpqk3kjotq/fabric-sdk-java/target/generated-sources/protobuf/java/org/hyperledger/fabric/protos/peer/SignedCcDepSpec.java:[1164,51] com.google.protobuf.Descriptors.FileDescriptor.InternalDescriptorAssigner in com.google.protobuf.Descriptors.FileDescriptor has been deprecated
[WARNING] /tmp/tmpqk3kjotq/fabric-sdk-java/target/generated-sources/protobuf/java/org/hyperledger/fabric/protos/peer/SignedCcDepSpec.java:[1165,59] com.google.protobuf.Descriptors.FileDescriptor.InternalDescriptorAssigner in com.google.protobuf.Descriptors.FileDescriptor has been deprecated
[WARNING] /tmp/tmpqk3kjotq/fabric-sdk-java/target/generated-sources/protobuf/java/org/hyperledger/fabric/protos/peer/SignedCcDepSpec.java:[1173,7] internalBuildGeneratedFileFrom(java.lang.String[],com.google.protobuf.Descriptors.FileDescriptor[],com.google.protobuf.Descriptors.FileDescriptor.InternalDescriptorAssigner) in com.google.protobuf.Descriptors.FileDescriptor has been deprecated
[WARNING] /tmp/tmpqk3kjotq/fabric-sdk-java/target/generated-sources/protobuf/java/org/hyperledger/fabric/protos/orderer/Ab.java:[5451,51] com.google.protobuf.Descriptors.FileDescriptor.InternalDescriptorAssigner in com.google.protobuf.Descriptors.FileDescriptor has been deprecated
[WARNING] /tmp/tmpqk3kjotq/fabric-sdk-java/target/generated-sources/protobuf/java/org/hyperledger/fabric/protos/orderer/Ab.java:[5452,59] com.google.protobuf.Descriptors.FileDescriptor.InternalDescriptorAssigner in com.google.protobuf.Descriptors.FileDescriptor has been deprecated
[WARNING] /tmp/tmpqk3kjotq/fabric-sdk-java/target/generated-sources/protobuf/java/org/hyperledger/fabric/protos/orderer/Ab.java:[5460,7] internalBuildGeneratedFileFrom(java.lang.String[],com.google.protobuf.Descriptors.FileDescriptor[],com.google.protobuf.Descriptors.FileDescriptor.InternalDescriptorAssigner) in com.google.protobuf.Descriptors.FileDescriptor has been deprecated
[WARNING] /tmp/tmpqk3kjotq/fabric-sdk-java/target/generated-sources/protobuf/java/org/hyperledger/fabric/protos/orderer/etcdraft/Metadata.java:[1530,51] com.google.protobuf.Descriptors.FileDescriptor.InternalDescriptorAssigner in com.google.protobuf.Descriptors.FileDescriptor has been deprecated
[WARNING] /tmp/tmpqk3kjotq/fabric-sdk-java/target/generated-sources/protobuf/java/org/hyperledger/fabric/protos/orderer/etcdraft/Metadata.java:[1531,59] com.google.protobuf.Descriptors.FileDescriptor.InternalDescriptorAssigner in com.google.protobuf.Descriptors.FileDescriptor has been deprecated
[WARNING] /tmp/tmpqk3kjotq/fabric-sdk-java/target/generated-sources/protobuf/java/org/hyperledger/fabric/protos/orderer/etcdraft/Metadata.java:[1539,7] internalBuildGeneratedFileFrom(java.lang.String[],com.google.protobuf.Descriptors.FileDescriptor[],com.google.protobuf.Descriptors.FileDescriptor.InternalDescriptorAssigner) in com.google.protobuf.Descriptors.FileDescriptor has been deprecated
[WARNING] /tmp/tmpqk3kjotq/fabric-sdk-java/target/generated-sources/protobuf/java/org/hyperledger/fabric/protos/peer/Query.java:[3724,51] com.google.protobuf.Descriptors.FileDescriptor.InternalDescriptorAssigner in com.google.protobuf.Descriptors.FileDescriptor has been deprecated
[WARNING] /tmp/tmpqk3kjotq/fabric-sdk-java/target/generated-sources/protobuf/java/org/hyperledger/fabric/protos/peer/Query.java:[3725,59] com.google.protobuf.Descriptors.FileDescriptor.InternalDescriptorAssigner in com.google.protobuf.Descriptors.FileDescriptor has been deprecated
[WARNING] /tmp/tmpqk3kjotq/fabric-sdk-java/target/generated-sources/protobuf/java/org/hyperledger/fabric/protos/peer/Query.java:[3733,7] internalBuildGeneratedFileFrom(java.lang.String[],com.google.protobuf.Descriptors.FileDescriptor[],com.google.protobuf.Descriptors.FileDescriptor.InternalDescriptorAssigner) in com.google.protobuf.Descriptors.FileDescriptor has been deprecated
[WARNING] /tmp/tmpqk3kjotq/fabric-sdk-java/target/generated-sources/protobuf/java/org/hyperledger/fabric/protos/peer/lifecycle/Db.java:[1609,51] com.google.protobuf.Descriptors.FileDescriptor.InternalDescriptorAssigner in com.google.protobuf.Descriptors.FileDescriptor has been deprecated
[WARNING] /tmp/tmpqk3kjotq/fabric-sdk-java/target/generated-sources/protobuf/java/org/hyperledger/fabric/protos/peer/lifecycle/Db.java:[1610,59] com.google.protobuf.Descriptors.FileDescriptor.InternalDescriptorAssigner in com.google.protobuf.Descriptors.FileDescriptor has been deprecated
[WARNING] /tmp/tmpqk3kjotq/fabric-sdk-java/target/generated-sources/protobuf/java/org/hyperledger/fabric/protos/peer/lifecycle/Db.java:[1618,7] internalBuildGeneratedFileFrom(java.lang.String[],com.google.protobuf.Descriptors.FileDescriptor[],com.google.protobuf.Descriptors.FileDescriptor.InternalDescriptorAssigner) in com.google.protobuf.Descriptors.FileDescriptor has been deprecated
[WARNING] /tmp/tmpqk3kjotq/fabric-sdk-java/target/generated-sources/protobuf/java/org/hyperledger/fabric/protos/peer/lifecycle/ChaincodeDefinition.java:[1430,51] com.google.protobuf.Descriptors.FileDescriptor.InternalDescriptorAssigner in com.google.protobuf.Descriptors.FileDescriptor has been deprecated
[WARNING] /tmp/tmpqk3kjotq/fabric-sdk-java/target/generated-sources/protobuf/java/org/hyperledger/fabric/protos/peer/lifecycle/ChaincodeDefinition.java:[1431,59] com.google.protobuf.Descriptors.FileDescriptor.InternalDescriptorAssigner in com.google.protobuf.Descriptors.FileDescriptor has been deprecated
[WARNING] /tmp/tmpqk3kjotq/fabric-sdk-java/target/generated-sources/protobuf/java/org/hyperledger/fabric/protos/peer/lifecycle/ChaincodeDefinition.java:[1439,7] internalBuildGeneratedFileFrom(java.lang.String[],com.google.protobuf.Descriptors.FileDescriptor[],com.google.protobuf.Descriptors.FileDescriptor.InternalDescriptorAssigner) in com.google.protobuf.Descriptors.FileDescriptor has been deprecated
[INFO] /tmp/tmpqk3kjotq/fabric-sdk-java/target/generated-sources/protobuf/java/org/hyperledger/fabric/protos/orderer/etcdraft/Configuration.java: Some input files additionally use or override a deprecated API.
[INFO] 
[INFO] --- maven-compiler-plugin:3.8.1:compile (compile-main) @ fabric-sdk-java ---
[INFO] Changes detected - recompiling the module!
[INFO] Compiling 180 source files to /tmp/tmpqk3kjotq/fabric-sdk-java/target/classes
[WARNING] /tmp/tmpqk3kjotq/fabric-sdk-java/src/main/java/org/hyperledger/fabric/sdk/ServiceDiscovery.java:[39,30] io.netty.util.internal.ConcurrentSet in io.netty.util.internal has been deprecated
[WARNING] /tmp/tmpqk3kjotq/fabric-sdk-java/src/main/java/org/hyperledger/fabric_ca/sdk/HFCAClient.java:[89,32] org.apache.http.conn.ssl.SSLSocketFactory in org.apache.http.conn.ssl has been deprecated
[WARNING] /tmp/tmpqk3kjotq/fabric-sdk-java/src/main/java/org/hyperledger/fabric/sdk/security/CryptoPrimitives.java:[61,30] io.netty.util.internal.ConcurrentSet in io.netty.util.internal has been deprecated
[WARNING] /tmp/tmpqk3kjotq/fabric-sdk-java/src/main/java/org/hyperledger/fabric/sdk/ServiceDiscovery.java:[39,30] io.netty.util.internal.ConcurrentSet in io.netty.util.internal has been deprecated
[WARNING] /tmp/tmpqk3kjotq/fabric-sdk-java/src/main/java/org/hyperledger/fabric_ca/sdk/HFCAClient.java:[89,32] org.apache.http.conn.ssl.SSLSocketFactory in org.apache.http.conn.ssl has been deprecated
[WARNING] /tmp/tmpqk3kjotq/fabric-sdk-java/src/main/java/org/hyperledger/fabric/sdk/security/CryptoPrimitives.java:[61,30] io.netty.util.internal.ConcurrentSet in io.netty.util.internal has been deprecated
[WARNING] /tmp/tmpqk3kjotq/fabric-sdk-java/src/main/java/org/hyperledger/fabric/sdk/ServiceDiscovery.java:[39,30] io.netty.util.internal.ConcurrentSet in io.netty.util.internal has been deprecated
[WARNING] /tmp/tmpqk3kjotq/fabric-sdk-java/src/main/java/org/hyperledger/fabric_ca/sdk/HFCAClient.java:[89,32] org.apache.http.conn.ssl.SSLSocketFactory in org.apache.http.conn.ssl has been deprecated
[WARNING] /tmp/tmpqk3kjotq/fabric-sdk-java/src/main/java/org/hyperledger/fabric/sdk/security/CryptoPrimitives.java:[61,30] io.netty.util.internal.ConcurrentSet in io.netty.util.internal has been deprecated
[WARNING] /tmp/tmpqk3kjotq/fabric-sdk-java/src/main/java/org/hyperledger/fabric/sdk/ChaincodeID.java:[37,19] deprecated item is not annotated with @Deprecated
[WARNING] /tmp/tmpqk3kjotq/fabric-sdk-java/src/main/java/org/hyperledger/fabric/sdk/ChaincodeID.java:[111,27] deprecated item is not annotated with @Deprecated
[WARNING] /tmp/tmpqk3kjotq/fabric-sdk-java/src/main/java/org/hyperledger/fabric/sdk/ChaincodeID.java:[21,14] deprecated item is not annotated with @Deprecated
[WARNING] /tmp/tmpqk3kjotq/fabric-sdk-java/src/main/java/org/hyperledger/fabric/sdk/helper/Utils.java:[179,28] closeQuietly(java.io.InputStream) in org.apache.commons.io.IOUtils has been deprecated
[WARNING] /tmp/tmpqk3kjotq/fabric-sdk-java/src/main/java/org/hyperledger/fabric/sdk/helper/Utils.java:[205,32] closeQuietly(java.io.InputStream) in org.apache.commons.io.IOUtils has been deprecated
[WARNING] /tmp/tmpqk3kjotq/fabric-sdk-java/src/main/java/org/hyperledger/fabric/sdk/helper/Utils.java:[213,20] closeQuietly(java.io.OutputStream) in org.apache.commons.io.IOUtils has been deprecated
[WARNING] /tmp/tmpqk3kjotq/fabric-sdk-java/src/main/java/org/hyperledger/fabric/sdk/BlockInfo.java:[282,21] deprecated item is not annotated with @Deprecated
[WARNING] /tmp/tmpqk3kjotq/fabric-sdk-java/src/main/java/org/hyperledger/fabric/sdk/BlockInfo.java:[673,23] deprecated item is not annotated with @Deprecated
[WARNING] /tmp/tmpqk3kjotq/fabric-sdk-java/src/main/java/org/hyperledger/fabric/sdk/ServiceDiscovery.java:[208,19] io.netty.util.internal.ConcurrentSet in io.netty.util.internal has been deprecated
[WARNING] /tmp/tmpqk3kjotq/fabric-sdk-java/src/main/java/org/hyperledger/fabric/sdk/ServiceDiscovery.java:[208,57] io.netty.util.internal.ConcurrentSet in io.netty.util.internal has been deprecated
[WARNING] /tmp/tmpqk3kjotq/fabric-sdk-java/src/main/java/org/hyperledger/fabric/sdk/Channel.java:[1576,62] Possible heap pollution from parameterized vararg type java.util.Collection<byte[]>
[WARNING] /tmp/tmpqk3kjotq/fabric-sdk-java/src/main/java/org/hyperledger/fabric/sdk/Channel.java:[2344,9] found raw type: java.util.Map
  missing type arguments for generic class java.util.Map<K,V>
[WARNING] /tmp/tmpqk3kjotq/fabric-sdk-java/src/main/java/org/hyperledger/fabric/sdk/Channel.java:[2344,21] found raw type: java.util.HashMap
  missing type arguments for generic class java.util.HashMap<K,V>
[WARNING] /tmp/tmpqk3kjotq/fabric-sdk-java/src/main/java/org/hyperledger/fabric/sdk/Channel.java:[2344,17] unchecked call to HashMap(java.util.Map<? extends K,? extends V>) as a member of the raw type java.util.HashMap
[WARNING] /tmp/tmpqk3kjotq/fabric-sdk-java/src/main/java/org/hyperledger/fabric/sdk/Channel.java:[2350,14] unchecked call to put(K,V) as a member of the raw type java.util.Map
[WARNING] /tmp/tmpqk3kjotq/fabric-sdk-java/src/main/java/org/hyperledger/fabric/sdk/Channel.java:[2352,67] unchecked method invocation: method putAllValues in class org.hyperledger.fabric.protos.common.Configtx.ConfigGroup.Builder is applied to given types
  required: java.util.Map<java.lang.String,org.hyperledger.fabric.protos.common.Configtx.ConfigValue>
  found: java.util.Map
[WARNING] /tmp/tmpqk3kjotq/fabric-sdk-java/src/main/java/org/hyperledger/fabric/sdk/Channel.java:[2352,68] unchecked conversion
  required: java.util.Map<java.lang.String,org.hyperledger.fabric.protos.common.Configtx.ConfigValue>
  found:    java.util.Map
[WARNING] /tmp/tmpqk3kjotq/fabric-sdk-java/src/main/java/org/hyperledger/fabric/sdk/Channel.java:[2355,17] unchecked call to putAll(java.util.Map<? extends K,? extends V>) as a member of the raw type java.util.Map
[WARNING] /tmp/tmpqk3kjotq/fabric-sdk-java/src/main/java/org/hyperledger/fabric/sdk/Channel.java:[2356,14] unchecked call to put(K,V) as a member of the raw type java.util.Map
[WARNING] /tmp/tmpqk3kjotq/fabric-sdk-java/src/main/java/org/hyperledger/fabric/sdk/Channel.java:[2358,33] unchecked method invocation: method putAllGroups in class org.hyperledger.fabric.protos.common.Configtx.ConfigGroup.Builder is applied to given types
  required: java.util.Map<java.lang.String,org.hyperledger.fabric.protos.common.Configtx.ConfigGroup>
  found: java.util.Map
[WARNING] /tmp/tmpqk3kjotq/fabric-sdk-java/src/main/java/org/hyperledger/fabric/sdk/Channel.java:[2358,34] unchecked conversion
  required: java.util.Map<java.lang.String,org.hyperledger.fabric.protos.common.Configtx.ConfigGroup>
  found:    java.util.Map
[WARNING] /tmp/tmpqk3kjotq/fabric-sdk-java/src/main/java/org/hyperledger/fabric/sdk/Channel.java:[2361,17] unchecked call to putAll(java.util.Map<? extends K,? extends V>) as a member of the raw type java.util.Map
[WARNING] /tmp/tmpqk3kjotq/fabric-sdk-java/src/main/java/org/hyperledger/fabric/sdk/Channel.java:[2362,14] unchecked call to put(K,V) as a member of the raw type java.util.Map
[WARNING] /tmp/tmpqk3kjotq/fabric-sdk-java/src/main/java/org/hyperledger/fabric/sdk/Channel.java:[2363,39] unchecked method invocation: method putAllGroups in class org.hyperledger.fabric.protos.common.Configtx.ConfigGroup.Builder is applied to given types
  required: java.util.Map<java.lang.String,org.hyperledger.fabric.protos.common.Configtx.ConfigGroup>
  found: java.util.Map
[WARNING] /tmp/tmpqk3kjotq/fabric-sdk-java/src/main/java/org/hyperledger/fabric/sdk/Channel.java:[2363,40] unchecked conversion
  required: java.util.Map<java.lang.String,org.hyperledger.fabric.protos.common.Configtx.ConfigGroup>
  found:    java.util.Map
[WARNING] /tmp/tmpqk3kjotq/fabric-sdk-java/src/main/java/org/hyperledger/fabric/sdk/Channel.java:[2789,41] deprecated item is not annotated with @Deprecated
[WARNING] /tmp/tmpqk3kjotq/fabric-sdk-java/src/main/java/org/hyperledger/fabric/sdk/Channel.java:[2804,41] deprecated item is not annotated with @Deprecated
[WARNING] /tmp/tmpqk3kjotq/fabric-sdk-java/src/main/java/org/hyperledger/fabric/sdk/Channel.java:[2878,54] org.hyperledger.fabric.sdk.InstallProposalRequest in org.hyperledger.fabric.sdk has been deprecated
[WARNING] /tmp/tmpqk3kjotq/fabric-sdk-java/src/main/java/org/hyperledger/fabric/sdk/Channel.java:[2894,54] org.hyperledger.fabric.sdk.InstallProposalRequest in org.hyperledger.fabric.sdk has been deprecated
[WARNING] /tmp/tmpqk3kjotq/fabric-sdk-java/src/main/java/org/hyperledger/fabric/sdk/Channel.java:[2937,41] deprecated item is not annotated with @Deprecated
[WARNING] /tmp/tmpqk3kjotq/fabric-sdk-java/src/main/java/org/hyperledger/fabric/sdk/Channel.java:[2954,41] deprecated item is not annotated with @Deprecated
[WARNING] /tmp/tmpqk3kjotq/fabric-sdk-java/src/main/java/org/hyperledger/fabric/sdk/Channel.java:[4425,185] getName() in org.hyperledger.fabric.sdk.ChaincodeID has been deprecated
[WARNING] /tmp/tmpqk3kjotq/fabric-sdk-java/src/main/java/org/hyperledger/fabric/sdk/Channel.java:[4585,58] unchecked generic array creation for varargs parameter of type java.util.Collection<byte[]>[]
[WARNING] /tmp/tmpqk3kjotq/fabric-sdk-java/src/main/java/org/hyperledger/fabric/sdk/Channel.java:[4994,39] unchecked cast
  required: T
  found:    org.hyperledger.fabric.sdk.ProposalResponse
[WARNING] /tmp/tmpqk3kjotq/fabric-sdk-java/src/main/java/org/hyperledger/fabric/sdk/HFClient.java:[449,35] deprecated item is not annotated with @Deprecated
[WARNING] /tmp/tmpqk3kjotq/fabric-sdk-java/src/main/java/org/hyperledger/fabric/sdk/HFClient.java:[649,39] deprecated item is not annotated with @Deprecated
[WARNING] /tmp/tmpqk3kjotq/fabric-sdk-java/src/main/java/org/hyperledger/fabric/sdk/HFClient.java:[658,35] deprecated item is not annotated with @Deprecated
[WARNING] /tmp/tmpqk3kjotq/fabric-sdk-java/src/main/java/org/hyperledger/fabric/sdk/HFClient.java:[813,32] deprecated item is not annotated with @Deprecated
[WARNING] /tmp/tmpqk3kjotq/fabric-sdk-java/src/main/java/org/hyperledger/fabric/sdk/HFClient.java:[885,41] deprecated item is not annotated with @Deprecated
[WARNING] /tmp/tmpqk3kjotq/fabric-sdk-java/src/main/java/org/hyperledger/fabric/sdk/TransactionRequest.java:[49,13] org.hyperledger.fabric.sdk.ChaincodeID in org.hyperledger.fabric.sdk has been deprecated
[WARNING] /tmp/tmpqk3kjotq/fabric-sdk-java/src/main/java/org/hyperledger/fabric/sdk/TransactionRequest.java:[164,12] org.hyperledger.fabric.sdk.ChaincodeID in org.hyperledger.fabric.sdk has been deprecated
[WARNING] /tmp/tmpqk3kjotq/fabric-sdk-java/src/main/java/org/hyperledger/fabric/sdk/TransactionRequest.java:[168,32] org.hyperledger.fabric.sdk.ChaincodeID in org.hyperledger.fabric.sdk has been deprecated
[WARNING] /tmp/tmpqk3kjotq/fabric-sdk-java/src/main/java/org/hyperledger/fabric/sdk/TransactionRequest.java:[180,36] getName() in org.hyperledger.fabric.sdk.ChaincodeID has been deprecated
[WARNING] /tmp/tmpqk3kjotq/fabric-sdk-java/src/main/java/org/hyperledger/fabric/sdk/TransactionRequest.java:[236,9] org.hyperledger.fabric.sdk.ChaincodeID in org.hyperledger.fabric.sdk has been deprecated
[WARNING] /tmp/tmpqk3kjotq/fabric-sdk-java/src/main/java/org/hyperledger/fabric/sdk/InstantiateProposalRequest.java:[26,8] deprecated item is not annotated with @Deprecated
[WARNING] /tmp/tmpqk3kjotq/fabric-sdk-java/src/main/java/org/hyperledger/fabric/sdk/ProposalResponse.java:[49,13] org.hyperledger.fabric.sdk.ChaincodeID in org.hyperledger.fabric.sdk has been deprecated
[WARNING] /tmp/tmpqk3kjotq/fabric-sdk-java/src/main/java/org/hyperledger/fabric/sdk/ProposalResponse.java:[230,12] org.hyperledger.fabric.sdk.ChaincodeID in org.hyperledger.fabric.sdk has been deprecated
[WARNING] /tmp/tmpqk3kjotq/fabric-sdk-java/src/main/java/org/hyperledger/fabric/sdk/ProposalResponse.java:[236,35] org.hyperledger.fabric.sdk.ChaincodeID in org.hyperledger.fabric.sdk has been deprecated
[WARNING] /tmp/tmpqk3kjotq/fabric-sdk-java/src/main/java/org/hyperledger/fabric/sdk/InstallProposalRequest.java:[18,8] deprecated item is not annotated with @Deprecated
[WARNING] /tmp/tmpqk3kjotq/fabric-sdk-java/src/main/java/org/hyperledger/fabric/sdk/UpgradeProposalRequest.java:[25,8] deprecated item is not annotated with @Deprecated
[WARNING] /tmp/tmpqk3kjotq/fabric-sdk-java/src/main/java/org/hyperledger/fabric/sdk/EndorserClient.java:[122,101] <V>toCompletableFuture(com.google.common.util.concurrent.ListenableFuture<V>) in com.spotify.futures.CompletableFuturesExtra has been deprecated
[WARNING] /tmp/tmpqk3kjotq/fabric-sdk-java/src/main/java/org/hyperledger/fabric/sdk/EndorserClient.java:[139,78] <V>toCompletableFuture(com.google.common.util.concurrent.ListenableFuture<V>) in com.spotify.futures.CompletableFuturesExtra has been deprecated
[WARNING] /tmp/tmpqk3kjotq/fabric-sdk-java/src/main/java/org/hyperledger/fabric/sdk/PeerEventServiceClient.java:[55,19] found raw type: io.grpc.ManagedChannelBuilder
  missing type arguments for generic class io.grpc.ManagedChannelBuilder<T>
[WARNING] /tmp/tmpqk3kjotq/fabric-sdk-java/src/main/java/org/hyperledger/fabric/sdk/OrdererClient.java:[49,19] found raw type: io.grpc.ManagedChannelBuilder
  missing type arguments for generic class io.grpc.ManagedChannelBuilder<T>
[WARNING] /tmp/tmpqk3kjotq/fabric-sdk-java/src/main/java/org/hyperledger/fabric/sdk/NetworkConfig.java:[806,94] serializable class <anonymous org.hyperledger.fabric.sdk.NetworkConfig$1> has no definition of serialVersionUID
[WARNING] /tmp/tmpqk3kjotq/fabric-sdk-java/src/main/java/org/hyperledger/fabric/sdk/ChaincodeEndorsementPolicy.java:[240,17] deprecated item is not annotated with @Deprecated
[WARNING] /tmp/tmpqk3kjotq/fabric-sdk-java/src/main/java/org/hyperledger/fabric/sdk/ChaincodeCollectionConfiguration.java:[447,20] serializable class org.hyperledger.fabric.sdk.ChaincodeCollectionConfiguration.IndexedHashMap has no definition of serialVersionUID
[WARNING] /tmp/tmpqk3kjotq/fabric-sdk-java/src/main/java/org/hyperledger/fabric/sdk/Endpoint.java:[240,81] usePlaintext(boolean) in io.grpc.netty.NettyChannelBuilder has been deprecated
[WARNING] /tmp/tmpqk3kjotq/fabric-sdk-java/src/main/java/org/hyperledger/fabric/sdk/Endpoint.java:[364,41] found raw type: java.lang.Class
  missing type arguments for generic class java.lang.Class<T>
[WARNING] /tmp/tmpqk3kjotq/fabric-sdk-java/src/main/java/org/hyperledger/fabric_ca/sdk/HFCAClient.java:[1626,45] org.apache.http.conn.ssl.SSLSocketFactory in org.apache.http.conn.ssl has been deprecated
[WARNING] /tmp/tmpqk3kjotq/fabric-sdk-java/src/main/java/org/hyperledger/fabric_ca/sdk/HFCAClient.java:[1645,52] org.apache.http.conn.ssl.SSLSocketFactory in org.apache.http.conn.ssl has been deprecated
[WARNING] /tmp/tmpqk3kjotq/fabric-sdk-java/src/main/java/org/hyperledger/fabric/sdk/security/CryptoPrimitives.java:[444,5] io.netty.util.internal.ConcurrentSet in io.netty.util.internal has been deprecated
[WARNING] /tmp/tmpqk3kjotq/fabric-sdk-java/src/main/java/org/hyperledger/fabric/sdk/security/CryptoPrimitives.java:[444,48] io.netty.util.internal.ConcurrentSet in io.netty.util.internal has been deprecated
[WARNING] /tmp/tmpqk3kjotq/fabric-sdk-java/src/main/java/org/hyperledger/fabric/sdk/QuerySCCRequest.java:[35,12] org.hyperledger.fabric.sdk.ChaincodeID in org.hyperledger.fabric.sdk has been deprecated
[WARNING] /tmp/tmpqk3kjotq/fabric-sdk-java/src/main/java/org/hyperledger/fabric/sdk/QuerySCCRequest.java:[36,20] org.hyperledger.fabric.sdk.ChaincodeID in org.hyperledger.fabric.sdk has been deprecated
[WARNING] /tmp/tmpqk3kjotq/fabric-sdk-java/src/main/java/org/hyperledger/fabric/sdk/identity/X509Enrollment.java:[9,8] serializable class org.hyperledger.fabric.sdk.identity.X509Enrollment has no definition of serialVersionUID
[INFO] 
[INFO] --- maven-checkstyle-plugin:3.0.0:check (compile) @ fabric-sdk-java ---
[INFO] Starting audit...
Audit done.
[INFO] 
[INFO] --- maven-antrun-plugin:1.8:run (default) @ fabric-sdk-java ---
[WARNING] Parameter tasks is deprecated, use target instead
[INFO] Executing tasks

main:
     [echo] Creating diagnostic dump output directory
    [mkdir] Created dir: /tmp/tmpqk3kjotq/fabric-sdk-java/target/diagDump
[INFO] Executed tasks
[INFO] 
[INFO] --- maven-resources-plugin:2.6:testResources (default-testResources) @ fabric-sdk-java ---
[INFO] Using 'UTF-8' encoding to copy filtered resources.
[INFO] Copying 14 resources
[INFO] 
[INFO] --- maven-compiler-plugin:3.8.1:testCompile (default-testCompile) @ fabric-sdk-java ---
[INFO] Changes detected - recompiling the module!
[INFO] Compiling 60 source files to /tmp/tmpqk3kjotq/fabric-sdk-java/target/test-classes
[WARNING] /tmp/tmpqk3kjotq/fabric-sdk-java/src/test/java/org/hyperledger/fabric/sdkintegration/End2endIT.java:[42,34] org.hyperledger.fabric.sdk.ChaincodeID in org.hyperledger.fabric.sdk has been deprecated
[WARNING] /tmp/tmpqk3kjotq/fabric-sdk-java/src/test/java/org/hyperledger/fabric/sdkintegration/End2endIT.java:[47,34] org.hyperledger.fabric.sdk.InstallProposalRequest in org.hyperledger.fabric.sdk has been deprecated
[WARNING] /tmp/tmpqk3kjotq/fabric-sdk-java/src/test/java/org/hyperledger/fabric/sdkintegration/End2endIT.java:[48,34] org.hyperledger.fabric.sdk.InstantiateProposalRequest in org.hyperledger.fabric.sdk has been deprecated
[WARNING] /tmp/tmpqk3kjotq/fabric-sdk-java/src/test/java/org/hyperledger/fabric/sdk/testutils/TestUtils.java:[40,32] org.bouncycastle.openssl.PEMWriter in org.bouncycastle.openssl has been deprecated
[WARNING] /tmp/tmpqk3kjotq/fabric-sdk-java/src/test/java/org/hyperledger/fabric/sdk/ChannelTest.java:[60,16] sun.misc.Unsafe is internal proprietary API and may be removed in a future release
[WARNING] /tmp/tmpqk3kjotq/fabric-sdk-java/src/test/java/org/hyperledger/fabric/sdkintegration/End2endAndBackAgainIT.java:[43,34] org.hyperledger.fabric.sdk.ChaincodeID in org.hyperledger.fabric.sdk has been deprecated
[WARNING] /tmp/tmpqk3kjotq/fabric-sdk-java/src/test/java/org/hyperledger/fabric/sdkintegration/End2endAndBackAgainIT.java:[48,34] org.hyperledger.fabric.sdk.InstallProposalRequest in org.hyperledger.fabric.sdk has been deprecated
[WARNING] /tmp/tmpqk3kjotq/fabric-sdk-java/src/test/java/org/hyperledger/fabric/sdkintegration/End2endAndBackAgainIT.java:[56,34] org.hyperledger.fabric.sdk.UpgradeProposalRequest in org.hyperledger.fabric.sdk has been deprecated
[WARNING] /tmp/tmpqk3kjotq/fabric-sdk-java/src/test/java/org/hyperledger/fabric/sdkintegration/NetworkConfigIT.java:[33,34] org.hyperledger.fabric.sdk.ChaincodeID in org.hyperledger.fabric.sdk has been deprecated
[WARNING] /tmp/tmpqk3kjotq/fabric-sdk-java/src/test/java/org/hyperledger/fabric/sdkintegration/NetworkConfigIT.java:[37,34] org.hyperledger.fabric.sdk.InstallProposalRequest in org.hyperledger.fabric.sdk has been deprecated
[WARNING] /tmp/tmpqk3kjotq/fabric-sdk-java/src/test/java/org/hyperledger/fabric/sdkintegration/NetworkConfigIT.java:[38,34] org.hyperledger.fabric.sdk.InstantiateProposalRequest in org.hyperledger.fabric.sdk has been deprecated
[WARNING] /tmp/tmpqk3kjotq/fabric-sdk-java/src/test/java/org/hyperledger/fabric/sdkintegration/PrivateDataIT.java:[35,34] org.hyperledger.fabric.sdk.ChaincodeID in org.hyperledger.fabric.sdk has been deprecated
[WARNING] /tmp/tmpqk3kjotq/fabric-sdk-java/src/test/java/org/hyperledger/fabric/sdkintegration/PrivateDataIT.java:[40,34] org.hyperledger.fabric.sdk.InstallProposalRequest in org.hyperledger.fabric.sdk has been deprecated
[WARNING] /tmp/tmpqk3kjotq/fabric-sdk-java/src/test/java/org/hyperledger/fabric/sdkintegration/PrivateDataIT.java:[41,34] org.hyperledger.fabric.sdk.InstantiateProposalRequest in org.hyperledger.fabric.sdk has been deprecated
[WARNING] /tmp/tmpqk3kjotq/fabric-sdk-java/src/test/java/org/hyperledger/fabric/sdkintegration/ServiceDiscoveryIT.java:[30,34] org.hyperledger.fabric.sdk.ChaincodeID in org.hyperledger.fabric.sdk has been deprecated
[WARNING] /tmp/tmpqk3kjotq/fabric-sdk-java/src/test/java/org/hyperledger/fabric/sdkintegration/End2endMTIT.java:[51,34] org.hyperledger.fabric.sdk.ChaincodeID in org.hyperledger.fabric.sdk has been deprecated
[WARNING] /tmp/tmpqk3kjotq/fabric-sdk-java/src/test/java/org/hyperledger/fabric/sdkintegration/End2endMTIT.java:[56,34] org.hyperledger.fabric.sdk.InstallProposalRequest in org.hyperledger.fabric.sdk has been deprecated
[WARNING] /tmp/tmpqk3kjotq/fabric-sdk-java/src/test/java/org/hyperledger/fabric/sdkintegration/End2endMTIT.java:[57,34] org.hyperledger.fabric.sdk.InstantiateProposalRequest in org.hyperledger.fabric.sdk has been deprecated
[WARNING] /tmp/tmpqk3kjotq/fabric-sdk-java/src/test/java/org/hyperledger/fabric/sdkintegration/End2endAndBackAgainNodeIT.java:[3,34] org.hyperledger.fabric.sdk.ChaincodeID in org.hyperledger.fabric.sdk has been deprecated
[WARNING] No processor claimed any of these annotations: org.junit.AfterClass,org.junit.Rule,org.junit.BeforeClass,org.junit.Ignore,org.junit.After,org.junit.runner.RunWith,org.junit.Test,org.junit.FixMethodOrder,org.junit.Before
[WARNING] /tmp/tmpqk3kjotq/fabric-sdk-java/src/test/java/org/hyperledger/fabric/sdkintegration/End2endIT.java:[42,34] org.hyperledger.fabric.sdk.ChaincodeID in org.hyperledger.fabric.sdk has been deprecated
[WARNING] /tmp/tmpqk3kjotq/fabric-sdk-java/src/test/java/org/hyperledger/fabric/sdkintegration/End2endIT.java:[47,34] org.hyperledger.fabric.sdk.InstallProposalRequest in org.hyperledger.fabric.sdk has been deprecated
[WARNING] /tmp/tmpqk3kjotq/fabric-sdk-java/src/test/java/org/hyperledger/fabric/sdkintegration/End2endIT.java:[48,34] org.hyperledger.fabric.sdk.InstantiateProposalRequest in org.hyperledger.fabric.sdk has been deprecated
[WARNING] /tmp/tmpqk3kjotq/fabric-sdk-java/src/test/java/org/hyperledger/fabric/sdk/testutils/TestUtils.java:[40,32] org.bouncycastle.openssl.PEMWriter in org.bouncycastle.openssl has been deprecated
[WARNING] /tmp/tmpqk3kjotq/fabric-sdk-java/src/test/java/org/hyperledger/fabric/sdk/ChannelTest.java:[60,16] sun.misc.Unsafe is internal proprietary API and may be removed in a future release
[WARNING] /tmp/tmpqk3kjotq/fabric-sdk-java/src/test/java/org/hyperledger/fabric/sdkintegration/End2endAndBackAgainIT.java:[43,34] org.hyperledger.fabric.sdk.ChaincodeID in org.hyperledger.fabric.sdk has been deprecated
[WARNING] /tmp/tmpqk3kjotq/fabric-sdk-java/src/test/java/org/hyperledger/fabric/sdkintegration/End2endAndBackAgainIT.java:[48,34] org.hyperledger.fabric.sdk.InstallProposalRequest in org.hyperledger.fabric.sdk has been deprecated
[WARNING] /tmp/tmpqk3kjotq/fabric-sdk-java/src/test/java/org/hyperledger/fabric/sdkintegration/End2endAndBackAgainIT.java:[56,34] org.hyperledger.fabric.sdk.UpgradeProposalRequest in org.hyperledger.fabric.sdk has been deprecated
[WARNING] /tmp/tmpqk3kjotq/fabric-sdk-java/src/test/java/org/hyperledger/fabric/sdkintegration/NetworkConfigIT.java:[33,34] org.hyperledger.fabric.sdk.ChaincodeID in org.hyperledger.fabric.sdk has been deprecated
[WARNING] /tmp/tmpqk3kjotq/fabric-sdk-java/src/test/java/org/hyperledger/fabric/sdkintegration/NetworkConfigIT.java:[37,34] org.hyperledger.fabric.sdk.InstallProposalRequest in org.hyperledger.fabric.sdk has been deprecated
[WARNING] /tmp/tmpqk3kjotq/fabric-sdk-java/src/test/java/org/hyperledger/fabric/sdkintegration/NetworkConfigIT.java:[38,34] org.hyperledger.fabric.sdk.InstantiateProposalRequest in org.hyperledger.fabric.sdk has been deprecated
[WARNING] /tmp/tmpqk3kjotq/fabric-sdk-java/src/test/java/org/hyperledger/fabric/sdkintegration/PrivateDataIT.java:[35,34] org.hyperledger.fabric.sdk.ChaincodeID in org.hyperledger.fabric.sdk has been deprecated
[WARNING] /tmp/tmpqk3kjotq/fabric-sdk-java/src/test/java/org/hyperledger/fabric/sdkintegration/PrivateDataIT.java:[40,34] org.hyperledger.fabric.sdk.InstallProposalRequest in org.hyperledger.fabric.sdk has been deprecated
[WARNING] /tmp/tmpqk3kjotq/fabric-sdk-java/src/test/java/org/hyperledger/fabric/sdkintegration/PrivateDataIT.java:[41,34] org.hyperledger.fabric.sdk.InstantiateProposalRequest in org.hyperledger.fabric.sdk has been deprecated
[WARNING] /tmp/tmpqk3kjotq/fabric-sdk-java/src/test/java/org/hyperledger/fabric/sdkintegration/ServiceDiscoveryIT.java:[30,34] org.hyperledger.fabric.sdk.ChaincodeID in org.hyperledger.fabric.sdk has been deprecated
[WARNING] /tmp/tmpqk3kjotq/fabric-sdk-java/src/test/java/org/hyperledger/fabric/sdkintegration/End2endMTIT.java:[51,34] org.hyperledger.fabric.sdk.ChaincodeID in org.hyperledger.fabric.sdk has been deprecated
[WARNING] /tmp/tmpqk3kjotq/fabric-sdk-java/src/test/java/org/hyperledger/fabric/sdkintegration/End2endMTIT.java:[56,34] org.hyperledger.fabric.sdk.InstallProposalRequest in org.hyperledger.fabric.sdk has been deprecated
[WARNING] /tmp/tmpqk3kjotq/fabric-sdk-java/src/test/java/org/hyperledger/fabric/sdkintegration/End2endMTIT.java:[57,34] org.hyperledger.fabric.sdk.InstantiateProposalRequest in org.hyperledger.fabric.sdk has been deprecated
[WARNING] /tmp/tmpqk3kjotq/fabric-sdk-java/src/test/java/org/hyperledger/fabric/sdkintegration/End2endAndBackAgainNodeIT.java:[3,34] org.hyperledger.fabric.sdk.ChaincodeID in org.hyperledger.fabric.sdk has been deprecated
[WARNING] /tmp/tmpqk3kjotq/fabric-sdk-java/src/test/java/org/hyperledger/fabric/sdkintegration/End2endIT.java:[42,34] org.hyperledger.fabric.sdk.ChaincodeID in org.hyperledger.fabric.sdk has been deprecated
[WARNING] /tmp/tmpqk3kjotq/fabric-sdk-java/src/test/java/org/hyperledger/fabric/sdkintegration/End2endIT.java:[47,34] org.hyperledger.fabric.sdk.InstallProposalRequest in org.hyperledger.fabric.sdk has been deprecated
[WARNING] /tmp/tmpqk3kjotq/fabric-sdk-java/src/test/java/org/hyperledger/fabric/sdkintegration/End2endIT.java:[48,34] org.hyperledger.fabric.sdk.InstantiateProposalRequest in org.hyperledger.fabric.sdk has been deprecated
[WARNING] /tmp/tmpqk3kjotq/fabric-sdk-java/src/test/java/org/hyperledger/fabric/sdk/testutils/TestUtils.java:[40,32] org.bouncycastle.openssl.PEMWriter in org.bouncycastle.openssl has been deprecated
[WARNING] /tmp/tmpqk3kjotq/fabric-sdk-java/src/test/java/org/hyperledger/fabric/sdk/ChannelTest.java:[60,16] sun.misc.Unsafe is internal proprietary API and may be removed in a future release
[WARNING] /tmp/tmpqk3kjotq/fabric-sdk-java/src/test/java/org/hyperledger/fabric/sdkintegration/End2endAndBackAgainIT.java:[43,34] org.hyperledger.fabric.sdk.ChaincodeID in org.hyperledger.fabric.sdk has been deprecated
[WARNING] /tmp/tmpqk3kjotq/fabric-sdk-java/src/test/java/org/hyperledger/fabric/sdkintegration/End2endAndBackAgainIT.java:[48,34] org.hyperledger.fabric.sdk.InstallProposalRequest in org.hyperledger.fabric.sdk has been deprecated
[WARNING] /tmp/tmpqk3kjotq/fabric-sdk-java/src/test/java/org/hyperledger/fabric/sdkintegration/End2endAndBackAgainIT.java:[56,34] org.hyperledger.fabric.sdk.UpgradeProposalRequest in org.hyperledger.fabric.sdk has been deprecated
[WARNING] /tmp/tmpqk3kjotq/fabric-sdk-java/src/test/java/org/hyperledger/fabric/sdkintegration/NetworkConfigIT.java:[33,34] org.hyperledger.fabric.sdk.ChaincodeID in org.hyperledger.fabric.sdk has been deprecated
[WARNING] /tmp/tmpqk3kjotq/fabric-sdk-java/src/test/java/org/hyperledger/fabric/sdkintegration/NetworkConfigIT.java:[37,34] org.hyperledger.fabric.sdk.InstallProposalRequest in org.hyperledger.fabric.sdk has been deprecated
[WARNING] /tmp/tmpqk3kjotq/fabric-sdk-java/src/test/java/org/hyperledger/fabric/sdkintegration/NetworkConfigIT.java:[38,34] org.hyperledger.fabric.sdk.InstantiateProposalRequest in org.hyperledger.fabric.sdk has been deprecated
[WARNING] /tmp/tmpqk3kjotq/fabric-sdk-java/src/test/java/org/hyperledger/fabric/sdkintegration/PrivateDataIT.java:[35,34] org.hyperledger.fabric.sdk.ChaincodeID in org.hyperledger.fabric.sdk has been deprecated
[WARNING] /tmp/tmpqk3kjotq/fabric-sdk-java/src/test/java/org/hyperledger/fabric/sdkintegration/PrivateDataIT.java:[40,34] org.hyperledger.fabric.sdk.InstallProposalRequest in org.hyperledger.fabric.sdk has been deprecated
[WARNING] /tmp/tmpqk3kjotq/fabric-sdk-java/src/test/java/org/hyperledger/fabric/sdkintegration/PrivateDataIT.java:[41,34] org.hyperledger.fabric.sdk.InstantiateProposalRequest in org.hyperledger.fabric.sdk has been deprecated
[WARNING] /tmp/tmpqk3kjotq/fabric-sdk-java/src/test/java/org/hyperledger/fabric/sdkintegration/ServiceDiscoveryIT.java:[30,34] org.hyperledger.fabric.sdk.ChaincodeID in org.hyperledger.fabric.sdk has been deprecated
[WARNING] /tmp/tmpqk3kjotq/fabric-sdk-java/src/test/java/org/hyperledger/fabric/sdkintegration/End2endMTIT.java:[51,34] org.hyperledger.fabric.sdk.ChaincodeID in org.hyperledger.fabric.sdk has been deprecated
[WARNING] /tmp/tmpqk3kjotq/fabric-sdk-java/src/test/java/org/hyperledger/fabric/sdkintegration/End2endMTIT.java:[56,34] org.hyperledger.fabric.sdk.InstallProposalRequest in org.hyperledger.fabric.sdk has been deprecated
[WARNING] /tmp/tmpqk3kjotq/fabric-sdk-java/src/test/java/org/hyperledger/fabric/sdkintegration/End2endMTIT.java:[57,34] org.hyperledger.fabric.sdk.InstantiateProposalRequest in org.hyperledger.fabric.sdk has been deprecated
[WARNING] /tmp/tmpqk3kjotq/fabric-sdk-java/src/test/java/org/hyperledger/fabric/sdkintegration/End2endAndBackAgainNodeIT.java:[3,34] org.hyperledger.fabric.sdk.ChaincodeID in org.hyperledger.fabric.sdk has been deprecated
[WARNING] /tmp/tmpqk3kjotq/fabric-sdk-java/src/test/java/org/hyperledger/fabric/sdkintegration/SampleStore.java:[89,18] explicit call to close() on an auto-closeable resource
[WARNING] /tmp/tmpqk3kjotq/fabric-sdk-java/src/test/java/org/hyperledger/fabric/sdkintegration/SampleStore.java:[113,19] explicit call to close() on an auto-closeable resource
[WARNING] /tmp/tmpqk3kjotq/fabric-sdk-java/src/test/java/org/hyperledger/fabric/sdk/testutils/TestUtils.java:[157,38] found raw type: java.lang.Class
  missing type arguments for generic class java.lang.Class<T>
[WARNING] /tmp/tmpqk3kjotq/fabric-sdk-java/src/test/java/org/hyperledger/fabric/sdk/testutils/TestUtils.java:[163,13] found raw type: java.lang.Class
  missing type arguments for generic class java.lang.Class<T>
[WARNING] /tmp/tmpqk3kjotq/fabric-sdk-java/src/test/java/org/hyperledger/fabric/sdk/testutils/TestUtils.java:[240,19] found raw type: java.util.ArrayList
  missing type arguments for generic class java.util.ArrayList<E>
[WARNING] /tmp/tmpqk3kjotq/fabric-sdk-java/src/test/java/org/hyperledger/fabric/sdk/testutils/TestUtils.java:[257,62] found raw type: java.util.ArrayList
  missing type arguments for generic class java.util.ArrayList<E>
[WARNING] /tmp/tmpqk3kjotq/fabric-sdk-java/src/test/java/org/hyperledger/fabric/sdk/testutils/TestUtils.java:[257,80] found raw type: java.util.ArrayList
  missing type arguments for generic class java.util.ArrayList<E>
[WARNING] /tmp/tmpqk3kjotq/fabric-sdk-java/src/test/java/org/hyperledger/fabric/sdk/testutils/TestUtils.java:[258,9] found raw type: java.util.ArrayList
  missing type arguments for generic class java.util.ArrayList<E>
[WARNING] /tmp/tmpqk3kjotq/fabric-sdk-java/src/test/java/org/hyperledger/fabric/sdk/testutils/TestUtils.java:[258,36] found raw type: java.util.ArrayList
  missing type arguments for generic class java.util.ArrayList<E>
[WARNING] /tmp/tmpqk3kjotq/fabric-sdk-java/src/test/java/org/hyperledger/fabric/sdk/testutils/TestUtils.java:[258,32] unchecked call to ArrayList(java.util.Collection<? extends E>) as a member of the raw type java.util.ArrayList
[WARNING] /tmp/tmpqk3kjotq/fabric-sdk-java/src/test/java/org/hyperledger/fabric/sdk/testutils/TestUtils.java:[259,25] unchecked method invocation: method sort in class java.util.Collections is applied to given types
  required: java.util.List<T>
  found: java.util.ArrayList
[WARNING] /tmp/tmpqk3kjotq/fabric-sdk-java/src/test/java/org/hyperledger/fabric/sdk/testutils/TestUtils.java:[259,26] unchecked conversion
  required: java.util.List<T>
  found:    java.util.ArrayList
[WARNING] /tmp/tmpqk3kjotq/fabric-sdk-java/src/test/java/org/hyperledger/fabric/sdk/testutils/TestUtils.java:[260,9] found raw type: java.util.ArrayList
  missing type arguments for generic class java.util.ArrayList<E>
[WARNING] /tmp/tmpqk3kjotq/fabric-sdk-java/src/test/java/org/hyperledger/fabric/sdk/testutils/TestUtils.java:[260,36] found raw type: java.util.ArrayList
  missing type arguments for generic class java.util.ArrayList<E>
[WARNING] /tmp/tmpqk3kjotq/fabric-sdk-java/src/test/java/org/hyperledger/fabric/sdk/testutils/TestUtils.java:[260,32] unchecked call to ArrayList(java.util.Collection<? extends E>) as a member of the raw type java.util.ArrayList
[WARNING] /tmp/tmpqk3kjotq/fabric-sdk-java/src/test/java/org/hyperledger/fabric/sdk/testutils/TestUtils.java:[261,25] unchecked method invocation: method sort in class java.util.Collections is applied to given types
  required: java.util.List<T>
  found: java.util.ArrayList
[WARNING] /tmp/tmpqk3kjotq/fabric-sdk-java/src/test/java/org/hyperledger/fabric/sdk/testutils/TestUtils.java:[261,26] unchecked conversion
  required: java.util.List<T>
  found:    java.util.ArrayList
[WARNING] /tmp/tmpqk3kjotq/fabric-sdk-java/src/test/java/org/hyperledger/fabric/sdk/testutils/TestUtils.java:[492,9] org.bouncycastle.openssl.PEMWriter in org.bouncycastle.openssl has been deprecated
[WARNING] /tmp/tmpqk3kjotq/fabric-sdk-java/src/test/java/org/hyperledger/fabric/sdk/testutils/TestUtils.java:[492,35] org.bouncycastle.openssl.PEMWriter in org.bouncycastle.openssl has been deprecated
[WARNING] /tmp/tmpqk3kjotq/fabric-sdk-java/src/test/java/org/hyperledger/fabric/sdkintegration/End2endIT.java:[350,19] org.hyperledger.fabric.sdk.ChaincodeID in org.hyperledger.fabric.sdk has been deprecated
[WARNING] /tmp/tmpqk3kjotq/fabric-sdk-java/src/test/java/org/hyperledger/fabric/sdkintegration/End2endIT.java:[398,13] org.hyperledger.fabric.sdk.ChaincodeID in org.hyperledger.fabric.sdk has been deprecated
[WARNING] /tmp/tmpqk3kjotq/fabric-sdk-java/src/test/java/org/hyperledger/fabric/sdkintegration/End2endIT.java:[398,54] org.hyperledger.fabric.sdk.ChaincodeID in org.hyperledger.fabric.sdk has been deprecated
[WARNING] /tmp/tmpqk3kjotq/fabric-sdk-java/src/test/java/org/hyperledger/fabric/sdkintegration/End2endIT.java:[398,65] newBuilder() in org.hyperledger.fabric.sdk.ChaincodeID has been deprecated
[WARNING] /tmp/tmpqk3kjotq/fabric-sdk-java/src/test/java/org/hyperledger/fabric/sdkintegration/End2endIT.java:[415,17] org.hyperledger.fabric.sdk.InstallProposalRequest in org.hyperledger.fabric.sdk has been deprecated
[WARNING] /tmp/tmpqk3kjotq/fabric-sdk-java/src/test/java/org/hyperledger/fabric/sdkintegration/End2endIT.java:[415,71] newInstallProposalRequest() in org.hyperledger.fabric.sdk.HFClient has been deprecated
[WARNING] /tmp/tmpqk3kjotq/fabric-sdk-java/src/test/java/org/hyperledger/fabric/sdkintegration/End2endIT.java:[462,35] sendInstallProposal(org.hyperledger.fabric.sdk.InstallProposalRequest,java.util.Collection<org.hyperledger.fabric.sdk.Peer>) in org.hyperledger.fabric.sdk.HFClient has been deprecated
[WARNING] /tmp/tmpqk3kjotq/fabric-sdk-java/src/test/java/org/hyperledger/fabric/sdkintegration/End2endIT.java:[491,13] org.hyperledger.fabric.sdk.InstantiateProposalRequest in org.hyperledger.fabric.sdk has been deprecated
[WARNING] /tmp/tmpqk3kjotq/fabric-sdk-java/src/test/java/org/hyperledger/fabric/sdkintegration/End2endIT.java:[491,75] newInstantiationProposalRequest() in org.hyperledger.fabric.sdk.HFClient has been deprecated
[WARNING] /tmp/tmpqk3kjotq/fabric-sdk-java/src/test/java/org/hyperledger/fabric/sdkintegration/End2endIT.java:[509,39] fromYamlFile(java.io.File) in org.hyperledger.fabric.sdk.ChaincodeEndorsementPolicy has been deprecated
[WARNING] /tmp/tmpqk3kjotq/fabric-sdk-java/src/test/java/org/hyperledger/fabric/sdkintegration/End2endIT.java:[518,36] sendInstantiationProposal(org.hyperledger.fabric.sdk.InstantiateProposalRequest,java.util.Collection<org.hyperledger.fabric.sdk.Peer>) in org.hyperledger.fabric.sdk.Channel has been deprecated
[WARNING] /tmp/tmpqk3kjotq/fabric-sdk-java/src/test/java/org/hyperledger/fabric/sdkintegration/End2endIT.java:[521,36] sendInstantiationProposal(org.hyperledger.fabric.sdk.InstantiateProposalRequest) in org.hyperledger.fabric.sdk.Channel has been deprecated
[WARNING] /tmp/tmpqk3kjotq/fabric-sdk-java/src/test/java/org/hyperledger/fabric/sdkintegration/End2endIT.java:[650,21] org.hyperledger.fabric.sdk.ChaincodeID in org.hyperledger.fabric.sdk has been deprecated
[WARNING] /tmp/tmpqk3kjotq/fabric-sdk-java/src/test/java/org/hyperledger/fabric/sdkintegration/End2endIT.java:[659,54] getName() in org.hyperledger.fabric.sdk.ChaincodeID has been deprecated
[WARNING] /tmp/tmpqk3kjotq/fabric-sdk-java/src/test/java/org/hyperledger/fabric/sdkintegration/End2endIT.java:[932,81] getEpoch() in org.hyperledger.fabric.sdk.BlockInfo.EnvelopeInfo has been deprecated
[WARNING] /tmp/tmpqk3kjotq/fabric-sdk-java/src/test/java/org/hyperledger/fabric/sdk/ChannelTest.java:[78,56] none() in org.junit.rules.ExpectedException has been deprecated
[WARNING] /tmp/tmpqk3kjotq/fabric-sdk-java/src/test/java/org/hyperledger/fabric/sdk/ChannelTest.java:[97,75] serializable class <anonymous org.hyperledger.fabric.sdk.ChannelTest$1> has no definition of serialVersionUID
[WARNING] /tmp/tmpqk3kjotq/fabric-sdk-java/src/test/java/org/hyperledger/fabric/sdk/ChannelTest.java:[212,9] serializable class MockChannel has no definition of serialVersionUID
[WARNING] /tmp/tmpqk3kjotq/fabric-sdk-java/src/test/java/org/hyperledger/fabric/sdk/ChannelTest.java:[309,59] newInstantiationProposalRequest() in org.hyperledger.fabric.sdk.HFClient has been deprecated
[WARNING] /tmp/tmpqk3kjotq/fabric-sdk-java/src/test/java/org/hyperledger/fabric/sdk/ChannelTest.java:[309,24] sendInstantiationProposal(org.hyperledger.fabric.sdk.InstantiateProposalRequest) in org.hyperledger.fabric.sdk.Channel has been deprecated
[WARNING] /tmp/tmpqk3kjotq/fabric-sdk-java/src/test/java/org/hyperledger/fabric/sdk/ChannelTest.java:[347,48] redundant cast to org.hyperledger.fabric.sdk.Peer[]
[WARNING] /tmp/tmpqk3kjotq/fabric-sdk-java/src/test/java/org/hyperledger/fabric/sdk/ChannelTest.java:[351,51] newInstantiationProposalRequest() in org.hyperledger.fabric.sdk.HFClient has been deprecated
[WARNING] /tmp/tmpqk3kjotq/fabric-sdk-java/src/test/java/org/hyperledger/fabric/sdk/ChannelTest.java:[351,16] sendInstantiationProposal(org.hyperledger.fabric.sdk.InstantiateProposalRequest,java.util.Collection<org.hyperledger.fabric.sdk.Peer>) in org.hyperledger.fabric.sdk.Channel has been deprecated
[INFO] /tmp/tmpqk3kjotq/fabric-sdk-java/src/test/java/org/hyperledger/fabric/sdk/ChannelTest.java: Some input files additionally use or override a deprecated API.
[INFO] /tmp/tmpqk3kjotq/fabric-sdk-java/src/test/java/org/hyperledger/fabric/sdk/ChannelTest.java: Some input files additionally use unchecked or unsafe operations.
[INFO] 
[INFO] --- maven-surefire-plugin:2.19.1:test (default-test) @ fabric-sdk-java ---
[INFO] Surefire report directory: /tmp/tmpqk3kjotq/fabric-sdk-java/target/surefire-reports

-------------------------------------------------------
 T E S T S
-------------------------------------------------------
Running org.hyperledger.fabric.sdk.PeerTest
Tests run: 7, Failures: 0, Errors: 0, Skipped: 0, Time elapsed: 2.141 sec - in org.hyperledger.fabric.sdk.PeerTest
Running org.hyperledger.fabric.sdk.RequestTest
Tests run: 8, Failures: 0, Errors: 0, Skipped: 0, Time elapsed: 0 sec - in org.hyperledger.fabric.sdk.RequestTest
Running org.hyperledger.fabric.sdk.ServiceDiscoveryTest
Tests run: 9, Failures: 0, Errors: 0, Skipped: 0, Time elapsed: 0.034 sec - in org.hyperledger.fabric.sdk.ServiceDiscoveryTest
Running org.hyperledger.fabric.sdk.transaction.ProtoUtilsTest
Tests run: 2, Failures: 0, Errors: 0, Skipped: 0, Time elapsed: 0.47 sec - in org.hyperledger.fabric.sdk.transaction.ProtoUtilsTest
Running org.hyperledger.fabric.sdk.transaction.TransactionContextTest
Tests run: 2, Failures: 0, Errors: 0, Skipped: 0, Time elapsed: 0.043 sec - in org.hyperledger.fabric.sdk.transaction.TransactionContextTest
Running org.hyperledger.fabric.sdk.transaction.InstallProposalBuilderTest
20:01:34.883 [main] ERROR org.hyperledger.fabric.sdk.transaction.InstallProposalBuilder - The project source directory does not exist: /tmp/tmpqk3kjotq/fabric-sdk-java/some/dir
20:01:34.891 [main] ERROR org.hyperledger.fabric.sdk.transaction.InstallProposalBuilder - The project source directory is not a directory: /tmp/junit2178205497369228441/src/myapp
20:01:34.893 [main] ERROR org.hyperledger.fabric.sdk.transaction.InstallProposalBuilder - java.io.IOException: Cannot read!
Tests run: 11, Failures: 0, Errors: 0, Skipped: 0, Time elapsed: 0.036 sec - in org.hyperledger.fabric.sdk.transaction.InstallProposalBuilderTest
Running org.hyperledger.fabric.sdk.transaction.JoinPeerProposalBuilderTest
20:01:34.898 [main] ERROR org.hyperledger.fabric.sdk.transaction.JoinPeerProposalBuilder - No genesis block for Join proposal.
org.hyperledger.fabric.sdk.exception.ProposalException: No genesis block for Join proposal.
	at org.hyperledger.fabric.sdk.transaction.JoinPeerProposalBuilder.genesisBlock(JoinPeerProposalBuilder.java:33) [classes/:?]
	at org.hyperledger.fabric.sdk.transaction.JoinPeerProposalBuilderTest.testBuildNoChaincode(JoinPeerProposalBuilderTest.java:37) [test-classes/:?]
	at sun.reflect.NativeMethodAccessorImpl.invoke0(Native Method) ~[?:1.8.0_262]
	at sun.reflect.NativeMethodAccessorImpl.invoke(NativeMethodAccessorImpl.java:62) ~[?:1.8.0_262]
	at sun.reflect.DelegatingMethodAccessorImpl.invoke(DelegatingMethodAccessorImpl.java:43) ~[?:1.8.0_262]
	at java.lang.reflect.Method.invoke(Method.java:498) ~[?:1.8.0_262]
	at org.junit.runners.model.FrameworkMethod$1.runReflectiveCall(FrameworkMethod.java:59) [junit-4.13.jar:4.13]
	at org.junit.internal.runners.model.ReflectiveCallable.run(ReflectiveCallable.java:12) [junit-4.13.jar:4.13]
	at org.junit.runners.model.FrameworkMethod.invokeExplosively(FrameworkMethod.java:56) [junit-4.13.jar:4.13]
	at org.junit.internal.runners.statements.InvokeMethod.evaluate(InvokeMethod.java:17) [junit-4.13.jar:4.13]
	at org.junit.rules.ExpectedException$ExpectedExceptionStatement.evaluate(ExpectedException.java:258) [junit-4.13.jar:4.13]
	at org.junit.runners.ParentRunner$3.evaluate(ParentRunner.java:306) [junit-4.13.jar:4.13]
	at org.junit.runners.BlockJUnit4ClassRunner$1.evaluate(BlockJUnit4ClassRunner.java:100) [junit-4.13.jar:4.13]
	at org.junit.runners.ParentRunner.runLeaf(ParentRunner.java:366) [junit-4.13.jar:4.13]
	at org.junit.runners.BlockJUnit4ClassRunner.runChild(BlockJUnit4ClassRunner.java:103) [junit-4.13.jar:4.13]
	at org.junit.runners.BlockJUnit4ClassRunner.runChild(BlockJUnit4ClassRunner.java:63) [junit-4.13.jar:4.13]
	at org.junit.runners.ParentRunner$4.run(ParentRunner.java:331) [junit-4.13.jar:4.13]
	at org.junit.runners.ParentRunner$1.schedule(ParentRunner.java:79) [junit-4.13.jar:4.13]
	at org.junit.runners.ParentRunner.runChildren(ParentRunner.java:329) [junit-4.13.jar:4.13]
	at org.junit.runners.ParentRunner.access$100(ParentRunner.java:66) [junit-4.13.jar:4.13]
	at org.junit.runners.ParentRunner$2.evaluate(ParentRunner.java:293) [junit-4.13.jar:4.13]
	at org.junit.runners.ParentRunner$3.evaluate(ParentRunner.java:306) [junit-4.13.jar:4.13]
	at org.junit.runners.ParentRunner.run(ParentRunner.java:413) [junit-4.13.jar:4.13]
	at org.apache.maven.surefire.junit4.JUnit4Provider.execute(JUnit4Provider.java:367) [surefire-junit4-2.19.1.jar:2.19.1]
	at org.apache.maven.surefire.junit4.JUnit4Provider.executeWithRerun(JUnit4Provider.java:274) [surefire-junit4-2.19.1.jar:2.19.1]
	at org.apache.maven.surefire.junit4.JUnit4Provider.executeTestSet(JUnit4Provider.java:238) [surefire-junit4-2.19.1.jar:2.19.1]
	at org.apache.maven.surefire.junit4.JUnit4Provider.invoke(JUnit4Provider.java:161) [surefire-junit4-2.19.1.jar:2.19.1]
	at org.apache.maven.surefire.booter.ForkedBooter.invokeProviderInSameClassLoader(ForkedBooter.java:290) [surefire-booter-2.19.1.jar:2.19.1]
	at org.apache.maven.surefire.booter.ForkedBooter.runSuitesInProcess(ForkedBooter.java:242) [surefire-booter-2.19.1.jar:2.19.1]
	at org.apache.maven.surefire.booter.ForkedBooter.main(ForkedBooter.java:121) [surefire-booter-2.19.1.jar:2.19.1]
Tests run: 1, Failures: 0, Errors: 0, Skipped: 0, Time elapsed: 0.017 sec - in org.hyperledger.fabric.sdk.transaction.JoinPeerProposalBuilderTest
Running org.hyperledger.fabric.sdk.transaction.InstantiateProposalBuilderTest
20:01:34.923 [main] ERROR org.hyperledger.fabric.sdk.transaction.InstantiateProposalBuilder - org.hyperledger.fabric.sdk.exception.InvalidArgumentException: Chaincode type is required
20:01:34.924 [main] ERROR org.hyperledger.fabric.sdk.transaction.InstantiateProposalBuilder - java.lang.NullPointerException
Tests run: 2, Failures: 0, Errors: 0, Skipped: 0, Time elapsed: 0.004 sec - in org.hyperledger.fabric.sdk.transaction.InstantiateProposalBuilderTest
Running org.hyperledger.fabric.sdk.idemix.IdemixTest
Tests run: 1, Failures: 0, Errors: 0, Skipped: 0, Time elapsed: 0 sec - in org.hyperledger.fabric.sdk.idemix.IdemixTest
Running org.hyperledger.fabric.sdk.exception.FabricExceptionsTest
Tests run: 37, Failures: 0, Errors: 0, Skipped: 0, Time elapsed: 0.011 sec - in org.hyperledger.fabric.sdk.exception.FabricExceptionsTest
Running org.hyperledger.fabric.sdk.ClientTest
Tests run: 21, Failures: 0, Errors: 0, Skipped: 1, Time elapsed: 0.106 sec - in org.hyperledger.fabric.sdk.ClientTest
Running org.hyperledger.fabric.sdk.OrdererTest
Tests run: 7, Failures: 0, Errors: 0, Skipped: 0, Time elapsed: 0.225 sec - in org.hyperledger.fabric.sdk.OrdererTest
Running org.hyperledger.fabric.sdk.TransactionRequestTest
Tests run: 5, Failures: 0, Errors: 0, Skipped: 0, Time elapsed: 0.788 sec - in org.hyperledger.fabric.sdk.TransactionRequestTest
Running org.hyperledger.fabric.sdk.ChannelTest
20:01:36.588 [main] ERROR org.hyperledger.fabric.sdk.Channel - Sending proposal with txID: d2fb0369114cdc26c3a7c15ed27ce28c91e08d901bb40d96af3f0897f757620a to Peer{ id: 31, name: peer1, channelName: channel, url: grpc://localhost:22} failed because of Error bad bad bad
java.lang.Exception: java.lang.Error: Error bad bad bad
	at org.hyperledger.fabric.sdk.Channel.sendProposalToPeers(Channel.java:4964) [classes/:?]
	at org.hyperledger.fabric.sdk.Channel.sendProposalToPeers(Channel.java:4877) [classes/:?]
	at org.hyperledger.fabric.sdk.Channel.queryChannels(Channel.java:3643) [classes/:?]
	at org.hyperledger.fabric.sdk.HFClient.queryChannels(HFClient.java:795) [classes/:?]
	at org.hyperledger.fabric.sdk.ChannelTest.testQueryInstalledChaincodesERROR(ChannelTest.java:890) [test-classes/:?]
	at sun.reflect.NativeMethodAccessorImpl.invoke0(Native Method) ~[?:1.8.0_262]
	at sun.reflect.NativeMethodAccessorImpl.invoke(NativeMethodAccessorImpl.java:62) ~[?:1.8.0_262]
	at sun.reflect.DelegatingMethodAccessorImpl.invoke(DelegatingMethodAccessorImpl.java:43) ~[?:1.8.0_262]
	at java.lang.reflect.Method.invoke(Method.java:498) ~[?:1.8.0_262]
	at org.junit.runners.model.FrameworkMethod$1.runReflectiveCall(FrameworkMethod.java:59) [junit-4.13.jar:4.13]
	at org.junit.internal.runners.model.ReflectiveCallable.run(ReflectiveCallable.java:12) [junit-4.13.jar:4.13]
	at org.junit.runners.model.FrameworkMethod.invokeExplosively(FrameworkMethod.java:56) [junit-4.13.jar:4.13]
	at org.junit.internal.runners.statements.InvokeMethod.evaluate(InvokeMethod.java:17) [junit-4.13.jar:4.13]
	at org.junit.rules.ExpectedException$ExpectedExceptionStatement.evaluate(ExpectedException.java:258) [junit-4.13.jar:4.13]
	at org.junit.runners.ParentRunner$3.evaluate(ParentRunner.java:306) [junit-4.13.jar:4.13]
	at org.junit.runners.BlockJUnit4ClassRunner$1.evaluate(BlockJUnit4ClassRunner.java:100) [junit-4.13.jar:4.13]
	at org.junit.runners.ParentRunner.runLeaf(ParentRunner.java:366) [junit-4.13.jar:4.13]
	at org.junit.runners.BlockJUnit4ClassRunner.runChild(BlockJUnit4ClassRunner.java:103) [junit-4.13.jar:4.13]
	at org.junit.runners.BlockJUnit4ClassRunner.runChild(BlockJUnit4ClassRunner.java:63) [junit-4.13.jar:4.13]
	at org.junit.runners.ParentRunner$4.run(ParentRunner.java:331) [junit-4.13.jar:4.13]
	at org.junit.runners.ParentRunner$1.schedule(ParentRunner.java:79) [junit-4.13.jar:4.13]
	at org.junit.runners.ParentRunner.runChildren(ParentRunner.java:329) [junit-4.13.jar:4.13]
	at org.junit.runners.ParentRunner.access$100(ParentRunner.java:66) [junit-4.13.jar:4.13]
	at org.junit.runners.ParentRunner$2.evaluate(ParentRunner.java:293) [junit-4.13.jar:4.13]
	at org.junit.internal.runners.statements.RunBefores.evaluate(RunBefores.java:26) [junit-4.13.jar:4.13]
	at org.junit.runners.ParentRunner$3.evaluate(ParentRunner.java:306) [junit-4.13.jar:4.13]
	at org.junit.runners.ParentRunner.run(ParentRunner.java:413) [junit-4.13.jar:4.13]
	at org.apache.maven.surefire.junit4.JUnit4Provider.execute(JUnit4Provider.java:367) [surefire-junit4-2.19.1.jar:2.19.1]
	at org.apache.maven.surefire.junit4.JUnit4Provider.executeWithRerun(JUnit4Provider.java:274) [surefire-junit4-2.19.1.jar:2.19.1]
	at org.apache.maven.surefire.junit4.JUnit4Provider.executeTestSet(JUnit4Provider.java:238) [surefire-junit4-2.19.1.jar:2.19.1]
	at org.apache.maven.surefire.junit4.JUnit4Provider.invoke(JUnit4Provider.java:161) [surefire-junit4-2.19.1.jar:2.19.1]
	at org.apache.maven.surefire.booter.ForkedBooter.invokeProviderInSameClassLoader(ForkedBooter.java:290) [surefire-booter-2.19.1.jar:2.19.1]
	at org.apache.maven.surefire.booter.ForkedBooter.runSuitesInProcess(ForkedBooter.java:242) [surefire-booter-2.19.1.jar:2.19.1]
	at org.apache.maven.surefire.booter.ForkedBooter.main(ForkedBooter.java:121) [surefire-booter-2.19.1.jar:2.19.1]
Caused by: java.lang.Error: Error bad bad bad
	at org.hyperledger.fabric.sdk.ChannelTest.testQueryInstalledChaincodesERROR(ChannelTest.java:887) ~[test-classes/:?]
	... 29 more
20:01:36.615 [main] ERROR org.hyperledger.fabric.sdk.Channel - Channel Channel{id: 42, name: } sending proposal with transaction: d7ade2e8a725532abe6ddaa6fc668711391e6d94c6289b03b80aa67ccf3447a2 to Peer{ id: 39, name: peer1, channelName: channel, url: grpc://localhost:22} failed because of: You interrupting me?
java.lang.Exception: java.lang.InterruptedException: You interrupting me?
	at org.hyperledger.fabric.sdk.Channel.sendProposalToPeers(Channel.java:4974) [classes/:?]
	at org.hyperledger.fabric.sdk.Channel.sendProposalToPeers(Channel.java:4877) [classes/:?]
	at org.hyperledger.fabric.sdk.Channel.queryChannels(Channel.java:3643) [classes/:?]
	at org.hyperledger.fabric.sdk.HFClient.queryChannels(HFClient.java:795) [classes/:?]
	at org.hyperledger.fabric.sdk.ChannelTest.testQueryInstalledChaincodesThrowInterrupted(ChannelTest.java:848) [test-classes/:?]
	at sun.reflect.NativeMethodAccessorImpl.invoke0(Native Method) ~[?:1.8.0_262]
	at sun.reflect.NativeMethodAccessorImpl.invoke(NativeMethodAccessorImpl.java:62) ~[?:1.8.0_262]
	at sun.reflect.DelegatingMethodAccessorImpl.invoke(DelegatingMethodAccessorImpl.java:43) ~[?:1.8.0_262]
	at java.lang.reflect.Method.invoke(Method.java:498) ~[?:1.8.0_262]
	at org.junit.runners.model.FrameworkMethod$1.runReflectiveCall(FrameworkMethod.java:59) [junit-4.13.jar:4.13]
	at org.junit.internal.runners.model.ReflectiveCallable.run(ReflectiveCallable.java:12) [junit-4.13.jar:4.13]
	at org.junit.runners.model.FrameworkMethod.invokeExplosively(FrameworkMethod.java:56) [junit-4.13.jar:4.13]
	at org.junit.internal.runners.statements.InvokeMethod.evaluate(InvokeMethod.java:17) [junit-4.13.jar:4.13]
	at org.junit.rules.ExpectedException$ExpectedExceptionStatement.evaluate(ExpectedException.java:258) [junit-4.13.jar:4.13]
	at org.junit.runners.ParentRunner$3.evaluate(ParentRunner.java:306) [junit-4.13.jar:4.13]
	at org.junit.runners.BlockJUnit4ClassRunner$1.evaluate(BlockJUnit4ClassRunner.java:100) [junit-4.13.jar:4.13]
	at org.junit.runners.ParentRunner.runLeaf(ParentRunner.java:366) [junit-4.13.jar:4.13]
	at org.junit.runners.BlockJUnit4ClassRunner.runChild(BlockJUnit4ClassRunner.java:103) [junit-4.13.jar:4.13]
	at org.junit.runners.BlockJUnit4ClassRunner.runChild(BlockJUnit4ClassRunner.java:63) [junit-4.13.jar:4.13]
	at org.junit.runners.ParentRunner$4.run(ParentRunner.java:331) [junit-4.13.jar:4.13]
	at org.junit.runners.ParentRunner$1.schedule(ParentRunner.java:79) [junit-4.13.jar:4.13]
	at org.junit.runners.ParentRunner.runChildren(ParentRunner.java:329) [junit-4.13.jar:4.13]
	at org.junit.runners.ParentRunner.access$100(ParentRunner.java:66) [junit-4.13.jar:4.13]
	at org.junit.runners.ParentRunner$2.evaluate(ParentRunner.java:293) [junit-4.13.jar:4.13]
	at org.junit.internal.runners.statements.RunBefores.evaluate(RunBefores.java:26) [junit-4.13.jar:4.13]
	at org.junit.runners.ParentRunner$3.evaluate(ParentRunner.java:306) [junit-4.13.jar:4.13]
	at org.junit.runners.ParentRunner.run(ParentRunner.java:413) [junit-4.13.jar:4.13]
	at org.apache.maven.surefire.junit4.JUnit4Provider.execute(JUnit4Provider.java:367) [surefire-junit4-2.19.1.jar:2.19.1]
	at org.apache.maven.surefire.junit4.JUnit4Provider.executeWithRerun(JUnit4Provider.java:274) [surefire-junit4-2.19.1.jar:2.19.1]
	at org.apache.maven.surefire.junit4.JUnit4Provider.executeTestSet(JUnit4Provider.java:238) [surefire-junit4-2.19.1.jar:2.19.1]
	at org.apache.maven.surefire.junit4.JUnit4Provider.invoke(JUnit4Provider.java:161) [surefire-junit4-2.19.1.jar:2.19.1]
	at org.apache.maven.surefire.booter.ForkedBooter.invokeProviderInSameClassLoader(ForkedBooter.java:290) [surefire-booter-2.19.1.jar:2.19.1]
	at org.apache.maven.surefire.booter.ForkedBooter.runSuitesInProcess(ForkedBooter.java:242) [surefire-booter-2.19.1.jar:2.19.1]
	at org.apache.maven.surefire.booter.ForkedBooter.main(ForkedBooter.java:121) [surefire-booter-2.19.1.jar:2.19.1]
Caused by: java.lang.InterruptedException: You interrupting me?
	at org.hyperledger.fabric.sdk.ChannelTest.testQueryInstalledChaincodesThrowInterrupted(ChannelTest.java:846) ~[test-classes/:?]
	... 29 more
20:01:36.626 [main] ERROR org.hyperledger.fabric.sdk.HFClient - queryChannels for peer peer1 failed.Failed exception message is Channel Channel{id: 42, name: } sending proposal with transaction: d7ade2e8a725532abe6ddaa6fc668711391e6d94c6289b03b80aa67ccf3447a2 to Peer{ id: 39, name: peer1, channelName: channel, url: grpc://localhost:22} failed because of: You interrupting me?, status is 500
org.hyperledger.fabric.sdk.exception.ProposalException: Failed exception message is Channel Channel{id: 42, name: } sending proposal with transaction: d7ade2e8a725532abe6ddaa6fc668711391e6d94c6289b03b80aa67ccf3447a2 to Peer{ id: 39, name: peer1, channelName: channel, url: grpc://localhost:22} failed because of: You interrupting me?, status is 500
	at org.hyperledger.fabric.sdk.Channel.queryChannels(Channel.java:3656) ~[classes/:?]
	at org.hyperledger.fabric.sdk.HFClient.queryChannels(HFClient.java:795) [classes/:?]
	at org.hyperledger.fabric.sdk.ChannelTest.testQueryInstalledChaincodesThrowInterrupted(ChannelTest.java:848) [test-classes/:?]
	at sun.reflect.NativeMethodAccessorImpl.invoke0(Native Method) ~[?:1.8.0_262]
	at sun.reflect.NativeMethodAccessorImpl.invoke(NativeMethodAccessorImpl.java:62) ~[?:1.8.0_262]
	at sun.reflect.DelegatingMethodAccessorImpl.invoke(DelegatingMethodAccessorImpl.java:43) ~[?:1.8.0_262]
	at java.lang.reflect.Method.invoke(Method.java:498) ~[?:1.8.0_262]
	at org.junit.runners.model.FrameworkMethod$1.runReflectiveCall(FrameworkMethod.java:59) [junit-4.13.jar:4.13]
	at org.junit.internal.runners.model.ReflectiveCallable.run(ReflectiveCallable.java:12) [junit-4.13.jar:4.13]
	at org.junit.runners.model.FrameworkMethod.invokeExplosively(FrameworkMethod.java:56) [junit-4.13.jar:4.13]
	at org.junit.internal.runners.statements.InvokeMethod.evaluate(InvokeMethod.java:17) [junit-4.13.jar:4.13]
	at org.junit.rules.ExpectedException$ExpectedExceptionStatement.evaluate(ExpectedException.java:258) [junit-4.13.jar:4.13]
	at org.junit.runners.ParentRunner$3.evaluate(ParentRunner.java:306) [junit-4.13.jar:4.13]
	at org.junit.runners.BlockJUnit4ClassRunner$1.evaluate(BlockJUnit4ClassRunner.java:100) [junit-4.13.jar:4.13]
	at org.junit.runners.ParentRunner.runLeaf(ParentRunner.java:366) [junit-4.13.jar:4.13]
	at org.junit.runners.BlockJUnit4ClassRunner.runChild(BlockJUnit4ClassRunner.java:103) [junit-4.13.jar:4.13]
	at org.junit.runners.BlockJUnit4ClassRunner.runChild(BlockJUnit4ClassRunner.java:63) [junit-4.13.jar:4.13]
	at org.junit.runners.ParentRunner$4.run(ParentRunner.java:331) [junit-4.13.jar:4.13]
	at org.junit.runners.ParentRunner$1.schedule(ParentRunner.java:79) [junit-4.13.jar:4.13]
	at org.junit.runners.ParentRunner.runChildren(ParentRunner.java:329) [junit-4.13.jar:4.13]
	at org.junit.runners.ParentRunner.access$100(ParentRunner.java:66) [junit-4.13.jar:4.13]
	at org.junit.runners.ParentRunner$2.evaluate(ParentRunner.java:293) [junit-4.13.jar:4.13]
	at org.junit.internal.runners.statements.RunBefores.evaluate(RunBefores.java:26) [junit-4.13.jar:4.13]
	at org.junit.runners.ParentRunner$3.evaluate(ParentRunner.java:306) [junit-4.13.jar:4.13]
	at org.junit.runners.ParentRunner.run(ParentRunner.java:413) [junit-4.13.jar:4.13]
	at org.apache.maven.surefire.junit4.JUnit4Provider.execute(JUnit4Provider.java:367) [surefire-junit4-2.19.1.jar:2.19.1]
	at org.apache.maven.surefire.junit4.JUnit4Provider.executeWithRerun(JUnit4Provider.java:274) [surefire-junit4-2.19.1.jar:2.19.1]
	at org.apache.maven.surefire.junit4.JUnit4Provider.executeTestSet(JUnit4Provider.java:238) [surefire-junit4-2.19.1.jar:2.19.1]
	at org.apache.maven.surefire.junit4.JUnit4Provider.invoke(JUnit4Provider.java:161) [surefire-junit4-2.19.1.jar:2.19.1]
	at org.apache.maven.surefire.booter.ForkedBooter.invokeProviderInSameClassLoader(ForkedBooter.java:290) [surefire-booter-2.19.1.jar:2.19.1]
	at org.apache.maven.surefire.booter.ForkedBooter.runSuitesInProcess(ForkedBooter.java:242) [surefire-booter-2.19.1.jar:2.19.1]
	at org.apache.maven.surefire.booter.ForkedBooter.main(ForkedBooter.java:121) [surefire-booter-2.19.1.jar:2.19.1]
20:01:36.636 [main] ERROR org.hyperledger.fabric.sdk.Channel - Future completed exceptionally: sendTransaction
org.hyperledger.fabric.sdk.exception.InvalidArgumentException: Channel shutdown has been shutdown.
	at org.hyperledger.fabric.sdk.Channel.checkChannelState(Channel.java:2998) ~[classes/:?]
	at org.hyperledger.fabric.sdk.Channel.doSendTransaction(Channel.java:5561) ~[classes/:?]
	at org.hyperledger.fabric.sdk.Channel.sendTransaction(Channel.java:5542) [classes/:?]
	at org.hyperledger.fabric.sdk.Channel.sendTransaction(Channel.java:5245) [classes/:?]
	at org.hyperledger.fabric.sdk.Channel.sendTransaction(Channel.java:5030) [classes/:?]
	at org.hyperledger.fabric.sdk.Channel.sendTransaction(Channel.java:5018) [classes/:?]
	at org.hyperledger.fabric.sdk.ChannelTest.testChannelBadOrderer(ChannelTest.java:327) [test-classes/:?]
	at sun.reflect.NativeMethodAccessorImpl.invoke0(Native Method) ~[?:1.8.0_262]
	at sun.reflect.NativeMethodAccessorImpl.invoke(NativeMethodAccessorImpl.java:62) ~[?:1.8.0_262]
	at sun.reflect.DelegatingMethodAccessorImpl.invoke(DelegatingMethodAccessorImpl.java:43) ~[?:1.8.0_262]
	at java.lang.reflect.Method.invoke(Method.java:498) ~[?:1.8.0_262]
	at org.junit.runners.model.FrameworkMethod$1.runReflectiveCall(FrameworkMethod.java:59) [junit-4.13.jar:4.13]
	at org.junit.internal.runners.model.ReflectiveCallable.run(ReflectiveCallable.java:12) [junit-4.13.jar:4.13]
	at org.junit.runners.model.FrameworkMethod.invokeExplosively(FrameworkMethod.java:56) [junit-4.13.jar:4.13]
	at org.junit.internal.runners.statements.InvokeMethod.evaluate(InvokeMethod.java:17) [junit-4.13.jar:4.13]
	at org.junit.rules.ExpectedException$ExpectedExceptionStatement.evaluate(ExpectedException.java:258) [junit-4.13.jar:4.13]
	at org.junit.runners.ParentRunner$3.evaluate(ParentRunner.java:306) [junit-4.13.jar:4.13]
	at org.junit.runners.BlockJUnit4ClassRunner$1.evaluate(BlockJUnit4ClassRunner.java:100) [junit-4.13.jar:4.13]
	at org.junit.runners.ParentRunner.runLeaf(ParentRunner.java:366) [junit-4.13.jar:4.13]
	at org.junit.runners.BlockJUnit4ClassRunner.runChild(BlockJUnit4ClassRunner.java:103) [junit-4.13.jar:4.13]
	at org.junit.runners.BlockJUnit4ClassRunner.runChild(BlockJUnit4ClassRunner.java:63) [junit-4.13.jar:4.13]
	at org.junit.runners.ParentRunner$4.run(ParentRunner.java:331) [junit-4.13.jar:4.13]
	at org.junit.runners.ParentRunner$1.schedule(ParentRunner.java:79) [junit-4.13.jar:4.13]
	at org.junit.runners.ParentRunner.runChildren(ParentRunner.java:329) [junit-4.13.jar:4.13]
	at org.junit.runners.ParentRunner.access$100(ParentRunner.java:66) [junit-4.13.jar:4.13]
	at org.junit.runners.ParentRunner$2.evaluate(ParentRunner.java:293) [junit-4.13.jar:4.13]
	at org.junit.internal.runners.statements.RunBefores.evaluate(RunBefores.java:26) [junit-4.13.jar:4.13]
	at org.junit.runners.ParentRunner$3.evaluate(ParentRunner.java:306) [junit-4.13.jar:4.13]
	at org.junit.runners.ParentRunner.run(ParentRunner.java:413) [junit-4.13.jar:4.13]
	at org.apache.maven.surefire.junit4.JUnit4Provider.execute(JUnit4Provider.java:367) [surefire-junit4-2.19.1.jar:2.19.1]
	at org.apache.maven.surefire.junit4.JUnit4Provider.executeWithRerun(JUnit4Provider.java:274) [surefire-junit4-2.19.1.jar:2.19.1]
	at org.apache.maven.surefire.junit4.JUnit4Provider.executeTestSet(JUnit4Provider.java:238) [surefire-junit4-2.19.1.jar:2.19.1]
	at org.apache.maven.surefire.junit4.JUnit4Provider.invoke(JUnit4Provider.java:161) [surefire-junit4-2.19.1.jar:2.19.1]
	at org.apache.maven.surefire.booter.ForkedBooter.invokeProviderInSameClassLoader(ForkedBooter.java:290) [surefire-booter-2.19.1.jar:2.19.1]
	at org.apache.maven.surefire.booter.ForkedBooter.runSuitesInProcess(ForkedBooter.java:242) [surefire-booter-2.19.1.jar:2.19.1]
	at org.apache.maven.surefire.booter.ForkedBooter.main(ForkedBooter.java:121) [surefire-booter-2.19.1.jar:2.19.1]
20:01:36.647 [main] ERROR org.hyperledger.fabric.sdk.Channel - Channel Channel{id: 52, name: } sending proposal with transaction: 2a2bb10917fb23f7df8b40144f1dd139db3f5fb064b57315c8e54aad160829a8 to Peer{ id: 49, name: peer1, channelName: channel, url: grpc://localhost:22} failed because of: rick did this:)
java.lang.Exception: org.hyperledger.fabric.sdk.exception.PeerException: rick did this:)
	at org.hyperledger.fabric.sdk.Channel.sendProposalToPeers(Channel.java:4974) [classes/:?]
	at org.hyperledger.fabric.sdk.Channel.sendProposalToPeers(Channel.java:4877) [classes/:?]
	at org.hyperledger.fabric.sdk.Channel.queryChannels(Channel.java:3643) [classes/:?]
	at org.hyperledger.fabric.sdk.HFClient.queryChannels(HFClient.java:795) [classes/:?]
	at org.hyperledger.fabric.sdk.ChannelTest.testQueryInstalledChaincodesThrowPeerException(ChannelTest.java:861) [test-classes/:?]
	at sun.reflect.NativeMethodAccessorImpl.invoke0(Native Method) ~[?:1.8.0_262]
	at sun.reflect.NativeMethodAccessorImpl.invoke(NativeMethodAccessorImpl.java:62) ~[?:1.8.0_262]
	at sun.reflect.DelegatingMethodAccessorImpl.invoke(DelegatingMethodAccessorImpl.java:43) ~[?:1.8.0_262]
	at java.lang.reflect.Method.invoke(Method.java:498) ~[?:1.8.0_262]
	at org.junit.runners.model.FrameworkMethod$1.runReflectiveCall(FrameworkMethod.java:59) [junit-4.13.jar:4.13]
	at org.junit.internal.runners.model.ReflectiveCallable.run(ReflectiveCallable.java:12) [junit-4.13.jar:4.13]
	at org.junit.runners.model.FrameworkMethod.invokeExplosively(FrameworkMethod.java:56) [junit-4.13.jar:4.13]
	at org.junit.internal.runners.statements.InvokeMethod.evaluate(InvokeMethod.java:17) [junit-4.13.jar:4.13]
	at org.junit.rules.ExpectedException$ExpectedExceptionStatement.evaluate(ExpectedException.java:258) [junit-4.13.jar:4.13]
	at org.junit.runners.ParentRunner$3.evaluate(ParentRunner.java:306) [junit-4.13.jar:4.13]
	at org.junit.runners.BlockJUnit4ClassRunner$1.evaluate(BlockJUnit4ClassRunner.java:100) [junit-4.13.jar:4.13]
	at org.junit.runners.ParentRunner.runLeaf(ParentRunner.java:366) [junit-4.13.jar:4.13]
	at org.junit.runners.BlockJUnit4ClassRunner.runChild(BlockJUnit4ClassRunner.java:103) [junit-4.13.jar:4.13]
	at org.junit.runners.BlockJUnit4ClassRunner.runChild(BlockJUnit4ClassRunner.java:63) [junit-4.13.jar:4.13]
	at org.junit.runners.ParentRunner$4.run(ParentRunner.java:331) [junit-4.13.jar:4.13]
	at org.junit.runners.ParentRunner$1.schedule(ParentRunner.java:79) [junit-4.13.jar:4.13]
	at org.junit.runners.ParentRunner.runChildren(ParentRunner.java:329) [junit-4.13.jar:4.13]
	at org.junit.runners.ParentRunner.access$100(ParentRunner.java:66) [junit-4.13.jar:4.13]
	at org.junit.runners.ParentRunner$2.evaluate(ParentRunner.java:293) [junit-4.13.jar:4.13]
	at org.junit.internal.runners.statements.RunBefores.evaluate(RunBefores.java:26) [junit-4.13.jar:4.13]
	at org.junit.runners.ParentRunner$3.evaluate(ParentRunner.java:306) [junit-4.13.jar:4.13]
	at org.junit.runners.ParentRunner.run(ParentRunner.java:413) [junit-4.13.jar:4.13]
	at org.apache.maven.surefire.junit4.JUnit4Provider.execute(JUnit4Provider.java:367) [surefire-junit4-2.19.1.jar:2.19.1]
	at org.apache.maven.surefire.junit4.JUnit4Provider.executeWithRerun(JUnit4Provider.java:274) [surefire-junit4-2.19.1.jar:2.19.1]
	at org.apache.maven.surefire.junit4.JUnit4Provider.executeTestSet(JUnit4Provider.java:238) [surefire-junit4-2.19.1.jar:2.19.1]
	at org.apache.maven.surefire.junit4.JUnit4Provider.invoke(JUnit4Provider.java:161) [surefire-junit4-2.19.1.jar:2.19.1]
	at org.apache.maven.surefire.booter.ForkedBooter.invokeProviderInSameClassLoader(ForkedBooter.java:290) [surefire-booter-2.19.1.jar:2.19.1]
	at org.apache.maven.surefire.booter.ForkedBooter.runSuitesInProcess(ForkedBooter.java:242) [surefire-booter-2.19.1.jar:2.19.1]
	at org.apache.maven.surefire.booter.ForkedBooter.main(ForkedBooter.java:121) [surefire-booter-2.19.1.jar:2.19.1]
Caused by: org.hyperledger.fabric.sdk.exception.PeerException: rick did this:)
	at org.hyperledger.fabric.sdk.ChannelTest.testQueryInstalledChaincodesThrowPeerException(ChannelTest.java:859) ~[test-classes/:?]
	... 29 more
20:01:36.648 [main] ERROR org.hyperledger.fabric.sdk.HFClient - queryChannels for peer peer1 failed.Failed exception message is Channel Channel{id: 52, name: } sending proposal with transaction: 2a2bb10917fb23f7df8b40144f1dd139db3f5fb064b57315c8e54aad160829a8 to Peer{ id: 49, name: peer1, channelName: channel, url: grpc://localhost:22} failed because of: rick did this:), status is 500
org.hyperledger.fabric.sdk.exception.ProposalException: Failed exception message is Channel Channel{id: 52, name: } sending proposal with transaction: 2a2bb10917fb23f7df8b40144f1dd139db3f5fb064b57315c8e54aad160829a8 to Peer{ id: 49, name: peer1, channelName: channel, url: grpc://localhost:22} failed because of: rick did this:), status is 500
	at org.hyperledger.fabric.sdk.Channel.queryChannels(Channel.java:3656) ~[classes/:?]
	at org.hyperledger.fabric.sdk.HFClient.queryChannels(HFClient.java:795) [classes/:?]
	at org.hyperledger.fabric.sdk.ChannelTest.testQueryInstalledChaincodesThrowPeerException(ChannelTest.java:861) [test-classes/:?]
	at sun.reflect.NativeMethodAccessorImpl.invoke0(Native Method) ~[?:1.8.0_262]
	at sun.reflect.NativeMethodAccessorImpl.invoke(NativeMethodAccessorImpl.java:62) ~[?:1.8.0_262]
	at sun.reflect.DelegatingMethodAccessorImpl.invoke(DelegatingMethodAccessorImpl.java:43) ~[?:1.8.0_262]
	at java.lang.reflect.Method.invoke(Method.java:498) ~[?:1.8.0_262]
	at org.junit.runners.model.FrameworkMethod$1.runReflectiveCall(FrameworkMethod.java:59) [junit-4.13.jar:4.13]
	at org.junit.internal.runners.model.ReflectiveCallable.run(ReflectiveCallable.java:12) [junit-4.13.jar:4.13]
	at org.junit.runners.model.FrameworkMethod.invokeExplosively(FrameworkMethod.java:56) [junit-4.13.jar:4.13]
	at org.junit.internal.runners.statements.InvokeMethod.evaluate(InvokeMethod.java:17) [junit-4.13.jar:4.13]
	at org.junit.rules.ExpectedException$ExpectedExceptionStatement.evaluate(ExpectedException.java:258) [junit-4.13.jar:4.13]
	at org.junit.runners.ParentRunner$3.evaluate(ParentRunner.java:306) [junit-4.13.jar:4.13]
	at org.junit.runners.BlockJUnit4ClassRunner$1.evaluate(BlockJUnit4ClassRunner.java:100) [junit-4.13.jar:4.13]
	at org.junit.runners.ParentRunner.runLeaf(ParentRunner.java:366) [junit-4.13.jar:4.13]
	at org.junit.runners.BlockJUnit4ClassRunner.runChild(BlockJUnit4ClassRunner.java:103) [junit-4.13.jar:4.13]
	at org.junit.runners.BlockJUnit4ClassRunner.runChild(BlockJUnit4ClassRunner.java:63) [junit-4.13.jar:4.13]
	at org.junit.runners.ParentRunner$4.run(ParentRunner.java:331) [junit-4.13.jar:4.13]
	at org.junit.runners.ParentRunner$1.schedule(ParentRunner.java:79) [junit-4.13.jar:4.13]
	at org.junit.runners.ParentRunner.runChildren(ParentRunner.java:329) [junit-4.13.jar:4.13]
	at org.junit.runners.ParentRunner.access$100(ParentRunner.java:66) [junit-4.13.jar:4.13]
	at org.junit.runners.ParentRunner$2.evaluate(ParentRunner.java:293) [junit-4.13.jar:4.13]
	at org.junit.internal.runners.statements.RunBefores.evaluate(RunBefores.java:26) [junit-4.13.jar:4.13]
	at org.junit.runners.ParentRunner$3.evaluate(ParentRunner.java:306) [junit-4.13.jar:4.13]
	at org.junit.runners.ParentRunner.run(ParentRunner.java:413) [junit-4.13.jar:4.13]
	at org.apache.maven.surefire.junit4.JUnit4Provider.execute(JUnit4Provider.java:367) [surefire-junit4-2.19.1.jar:2.19.1]
	at org.apache.maven.surefire.junit4.JUnit4Provider.executeWithRerun(JUnit4Provider.java:274) [surefire-junit4-2.19.1.jar:2.19.1]
	at org.apache.maven.surefire.junit4.JUnit4Provider.executeTestSet(JUnit4Provider.java:238) [surefire-junit4-2.19.1.jar:2.19.1]
	at org.apache.maven.surefire.junit4.JUnit4Provider.invoke(JUnit4Provider.java:161) [surefire-junit4-2.19.1.jar:2.19.1]
	at org.apache.maven.surefire.booter.ForkedBooter.invokeProviderInSameClassLoader(ForkedBooter.java:290) [surefire-booter-2.19.1.jar:2.19.1]
	at org.apache.maven.surefire.booter.ForkedBooter.runSuitesInProcess(ForkedBooter.java:242) [surefire-booter-2.19.1.jar:2.19.1]
	at org.apache.maven.surefire.booter.ForkedBooter.main(ForkedBooter.java:121) [surefire-booter-2.19.1.jar:2.19.1]
20:01:38.576 [main] ERROR org.hyperledger.fabric.sdk.Channel - Channel Channel{id: 103, name: } sending proposal with transaction: 273c2b729fa9c73231773e2f1782e305875e5961e44a88ecaafc5682d96b87ab to Peer{ id: 100, name: peer1, channelName: channel, url: grpc://localhost:22} failed because of: What time is it?
java.lang.Exception: org.hyperledger.fabric.sdk.exception.PeerException: What time is it?
	at org.hyperledger.fabric.sdk.Channel.sendProposalToPeers(Channel.java:4974) [classes/:?]
	at org.hyperledger.fabric.sdk.Channel.sendProposalToPeers(Channel.java:4877) [classes/:?]
	at org.hyperledger.fabric.sdk.Channel.queryChannels(Channel.java:3643) [classes/:?]
	at org.hyperledger.fabric.sdk.HFClient.queryChannels(HFClient.java:795) [classes/:?]
	at org.hyperledger.fabric.sdk.ChannelTest.testQueryInstalledChaincodesThrowTimeoutException(ChannelTest.java:874) [test-classes/:?]
	at sun.reflect.NativeMethodAccessorImpl.invoke0(Native Method) ~[?:1.8.0_262]
	at sun.reflect.NativeMethodAccessorImpl.invoke(NativeMethodAccessorImpl.java:62) ~[?:1.8.0_262]
	at sun.reflect.DelegatingMethodAccessorImpl.invoke(DelegatingMethodAccessorImpl.java:43) ~[?:1.8.0_262]
	at java.lang.reflect.Method.invoke(Method.java:498) ~[?:1.8.0_262]
	at org.junit.runners.model.FrameworkMethod$1.runReflectiveCall(FrameworkMethod.java:59) [junit-4.13.jar:4.13]
	at org.junit.internal.runners.model.ReflectiveCallable.run(ReflectiveCallable.java:12) [junit-4.13.jar:4.13]
	at org.junit.runners.model.FrameworkMethod.invokeExplosively(FrameworkMethod.java:56) [junit-4.13.jar:4.13]
	at org.junit.internal.runners.statements.InvokeMethod.evaluate(InvokeMethod.java:17) [junit-4.13.jar:4.13]
	at org.junit.rules.ExpectedException$ExpectedExceptionStatement.evaluate(ExpectedException.java:258) [junit-4.13.jar:4.13]
	at org.junit.runners.ParentRunner$3.evaluate(ParentRunner.java:306) [junit-4.13.jar:4.13]
	at org.junit.runners.BlockJUnit4ClassRunner$1.evaluate(BlockJUnit4ClassRunner.java:100) [junit-4.13.jar:4.13]
	at org.junit.runners.ParentRunner.runLeaf(ParentRunner.java:366) [junit-4.13.jar:4.13]
	at org.junit.runners.BlockJUnit4ClassRunner.runChild(BlockJUnit4ClassRunner.java:103) [junit-4.13.jar:4.13]
	at org.junit.runners.BlockJUnit4ClassRunner.runChild(BlockJUnit4ClassRunner.java:63) [junit-4.13.jar:4.13]
	at org.junit.runners.ParentRunner$4.run(ParentRunner.java:331) [junit-4.13.jar:4.13]
	at org.junit.runners.ParentRunner$1.schedule(ParentRunner.java:79) [junit-4.13.jar:4.13]
	at org.junit.runners.ParentRunner.runChildren(ParentRunner.java:329) [junit-4.13.jar:4.13]
	at org.junit.runners.ParentRunner.access$100(ParentRunner.java:66) [junit-4.13.jar:4.13]
	at org.junit.runners.ParentRunner$2.evaluate(ParentRunner.java:293) [junit-4.13.jar:4.13]
	at org.junit.internal.runners.statements.RunBefores.evaluate(RunBefores.java:26) [junit-4.13.jar:4.13]
	at org.junit.runners.ParentRunner$3.evaluate(ParentRunner.java:306) [junit-4.13.jar:4.13]
	at org.junit.runners.ParentRunner.run(ParentRunner.java:413) [junit-4.13.jar:4.13]
	at org.apache.maven.surefire.junit4.JUnit4Provider.execute(JUnit4Provider.java:367) [surefire-junit4-2.19.1.jar:2.19.1]
	at org.apache.maven.surefire.junit4.JUnit4Provider.executeWithRerun(JUnit4Provider.java:274) [surefire-junit4-2.19.1.jar:2.19.1]
	at org.apache.maven.surefire.junit4.JUnit4Provider.executeTestSet(JUnit4Provider.java:238) [surefire-junit4-2.19.1.jar:2.19.1]
	at org.apache.maven.surefire.junit4.JUnit4Provider.invoke(JUnit4Provider.java:161) [surefire-junit4-2.19.1.jar:2.19.1]
	at org.apache.maven.surefire.booter.ForkedBooter.invokeProviderInSameClassLoader(ForkedBooter.java:290) [surefire-booter-2.19.1.jar:2.19.1]
	at org.apache.maven.surefire.booter.ForkedBooter.runSuitesInProcess(ForkedBooter.java:242) [surefire-booter-2.19.1.jar:2.19.1]
	at org.apache.maven.surefire.booter.ForkedBooter.main(ForkedBooter.java:121) [surefire-booter-2.19.1.jar:2.19.1]
Caused by: org.hyperledger.fabric.sdk.exception.PeerException: What time is it?
	at org.hyperledger.fabric.sdk.ChannelTest.testQueryInstalledChaincodesThrowTimeoutException(ChannelTest.java:872) ~[test-classes/:?]
	... 29 more
20:01:38.578 [main] ERROR org.hyperledger.fabric.sdk.HFClient - queryChannels for peer peer1 failed.Failed exception message is Channel Channel{id: 103, name: } sending proposal with transaction: 273c2b729fa9c73231773e2f1782e305875e5961e44a88ecaafc5682d96b87ab to Peer{ id: 100, name: peer1, channelName: channel, url: grpc://localhost:22} failed because of: What time is it?, status is 500
org.hyperledger.fabric.sdk.exception.ProposalException: Failed exception message is Channel Channel{id: 103, name: } sending proposal with transaction: 273c2b729fa9c73231773e2f1782e305875e5961e44a88ecaafc5682d96b87ab to Peer{ id: 100, name: peer1, channelName: channel, url: grpc://localhost:22} failed because of: What time is it?, status is 500
	at org.hyperledger.fabric.sdk.Channel.queryChannels(Channel.java:3656) ~[classes/:?]
	at org.hyperledger.fabric.sdk.HFClient.queryChannels(HFClient.java:795) [classes/:?]
	at org.hyperledger.fabric.sdk.ChannelTest.testQueryInstalledChaincodesThrowTimeoutException(ChannelTest.java:874) [test-classes/:?]
	at sun.reflect.NativeMethodAccessorImpl.invoke0(Native Method) ~[?:1.8.0_262]
	at sun.reflect.NativeMethodAccessorImpl.invoke(NativeMethodAccessorImpl.java:62) ~[?:1.8.0_262]
	at sun.reflect.DelegatingMethodAccessorImpl.invoke(DelegatingMethodAccessorImpl.java:43) ~[?:1.8.0_262]
	at java.lang.reflect.Method.invoke(Method.java:498) ~[?:1.8.0_262]
	at org.junit.runners.model.FrameworkMethod$1.runReflectiveCall(FrameworkMethod.java:59) [junit-4.13.jar:4.13]
	at org.junit.internal.runners.model.ReflectiveCallable.run(ReflectiveCallable.java:12) [junit-4.13.jar:4.13]
	at org.junit.runners.model.FrameworkMethod.invokeExplosively(FrameworkMethod.java:56) [junit-4.13.jar:4.13]
	at org.junit.internal.runners.statements.InvokeMethod.evaluate(InvokeMethod.java:17) [junit-4.13.jar:4.13]
	at org.junit.rules.ExpectedException$ExpectedExceptionStatement.evaluate(ExpectedException.java:258) [junit-4.13.jar:4.13]
	at org.junit.runners.ParentRunner$3.evaluate(ParentRunner.java:306) [junit-4.13.jar:4.13]
	at org.junit.runners.BlockJUnit4ClassRunner$1.evaluate(BlockJUnit4ClassRunner.java:100) [junit-4.13.jar:4.13]
	at org.junit.runners.ParentRunner.runLeaf(ParentRunner.java:366) [junit-4.13.jar:4.13]
	at org.junit.runners.BlockJUnit4ClassRunner.runChild(BlockJUnit4ClassRunner.java:103) [junit-4.13.jar:4.13]
	at org.junit.runners.BlockJUnit4ClassRunner.runChild(BlockJUnit4ClassRunner.java:63) [junit-4.13.jar:4.13]
	at org.junit.runners.ParentRunner$4.run(ParentRunner.java:331) [junit-4.13.jar:4.13]
	at org.junit.runners.ParentRunner$1.schedule(ParentRunner.java:79) [junit-4.13.jar:4.13]
	at org.junit.runners.ParentRunner.runChildren(ParentRunner.java:329) [junit-4.13.jar:4.13]
	at org.junit.runners.ParentRunner.access$100(ParentRunner.java:66) [junit-4.13.jar:4.13]
	at org.junit.runners.ParentRunner$2.evaluate(ParentRunner.java:293) [junit-4.13.jar:4.13]
	at org.junit.internal.runners.statements.RunBefores.evaluate(RunBefores.java:26) [junit-4.13.jar:4.13]
	at org.junit.runners.ParentRunner$3.evaluate(ParentRunner.java:306) [junit-4.13.jar:4.13]
	at org.junit.runners.ParentRunner.run(ParentRunner.java:413) [junit-4.13.jar:4.13]
	at org.apache.maven.surefire.junit4.JUnit4Provider.execute(JUnit4Provider.java:367) [surefire-junit4-2.19.1.jar:2.19.1]
	at org.apache.maven.surefire.junit4.JUnit4Provider.executeWithRerun(JUnit4Provider.java:274) [surefire-junit4-2.19.1.jar:2.19.1]
	at org.apache.maven.surefire.junit4.JUnit4Provider.executeTestSet(JUnit4Provider.java:238) [surefire-junit4-2.19.1.jar:2.19.1]
	at org.apache.maven.surefire.junit4.JUnit4Provider.invoke(JUnit4Provider.java:161) [surefire-junit4-2.19.1.jar:2.19.1]
	at org.apache.maven.surefire.booter.ForkedBooter.invokeProviderInSameClassLoader(ForkedBooter.java:290) [surefire-booter-2.19.1.jar:2.19.1]
	at org.apache.maven.surefire.booter.ForkedBooter.runSuitesInProcess(ForkedBooter.java:242) [surefire-booter-2.19.1.jar:2.19.1]
	at org.apache.maven.surefire.booter.ForkedBooter.main(ForkedBooter.java:121) [surefire-booter-2.19.1.jar:2.19.1]
20:01:38.591 [main] ERROR org.hyperledger.fabric.sdk.Channel - Channel Channel{id: 108, name: } Sending proposal with transaction: 8c6d693a30b6018656a7105248dcda844afa9730fc9f20d98a25e07a08b05bbd to Peer{ id: 105, name: peer1, channelName: channel, url: grpc://localhost:22} failed because of: gRPC failure=Status{code=ABORTED, description=null, cause=null}
java.lang.Exception: io.grpc.StatusRuntimeException: ABORTED
	at org.hyperledger.fabric.sdk.Channel.sendProposalToPeers(Channel.java:4974) [classes/:?]
	at org.hyperledger.fabric.sdk.Channel.sendProposalToPeers(Channel.java:4877) [classes/:?]
	at org.hyperledger.fabric.sdk.Channel.queryChannels(Channel.java:3643) [classes/:?]
	at org.hyperledger.fabric.sdk.HFClient.queryChannels(HFClient.java:795) [classes/:?]
	at org.hyperledger.fabric.sdk.ChannelTest.testQueryInstalledChaincodesStatusRuntimeException(ChannelTest.java:906) [test-classes/:?]
	at sun.reflect.NativeMethodAccessorImpl.invoke0(Native Method) ~[?:1.8.0_262]
	at sun.reflect.NativeMethodAccessorImpl.invoke(NativeMethodAccessorImpl.java:62) ~[?:1.8.0_262]
	at sun.reflect.DelegatingMethodAccessorImpl.invoke(DelegatingMethodAccessorImpl.java:43) ~[?:1.8.0_262]
	at java.lang.reflect.Method.invoke(Method.java:498) ~[?:1.8.0_262]
	at org.junit.runners.model.FrameworkMethod$1.runReflectiveCall(FrameworkMethod.java:59) [junit-4.13.jar:4.13]
	at org.junit.internal.runners.model.ReflectiveCallable.run(ReflectiveCallable.java:12) [junit-4.13.jar:4.13]
	at org.junit.runners.model.FrameworkMethod.invokeExplosively(FrameworkMethod.java:56) [junit-4.13.jar:4.13]
	at org.junit.internal.runners.statements.InvokeMethod.evaluate(InvokeMethod.java:17) [junit-4.13.jar:4.13]
	at org.junit.rules.ExpectedException$ExpectedExceptionStatement.evaluate(ExpectedException.java:258) [junit-4.13.jar:4.13]
	at org.junit.runners.ParentRunner$3.evaluate(ParentRunner.java:306) [junit-4.13.jar:4.13]
	at org.junit.runners.BlockJUnit4ClassRunner$1.evaluate(BlockJUnit4ClassRunner.java:100) [junit-4.13.jar:4.13]
	at org.junit.runners.ParentRunner.runLeaf(ParentRunner.java:366) [junit-4.13.jar:4.13]
	at org.junit.runners.BlockJUnit4ClassRunner.runChild(BlockJUnit4ClassRunner.java:103) [junit-4.13.jar:4.13]
	at org.junit.runners.BlockJUnit4ClassRunner.runChild(BlockJUnit4ClassRunner.java:63) [junit-4.13.jar:4.13]
	at org.junit.runners.ParentRunner$4.run(ParentRunner.java:331) [junit-4.13.jar:4.13]
	at org.junit.runners.ParentRunner$1.schedule(ParentRunner.java:79) [junit-4.13.jar:4.13]
	at org.junit.runners.ParentRunner.runChildren(ParentRunner.java:329) [junit-4.13.jar:4.13]
	at org.junit.runners.ParentRunner.access$100(ParentRunner.java:66) [junit-4.13.jar:4.13]
	at org.junit.runners.ParentRunner$2.evaluate(ParentRunner.java:293) [junit-4.13.jar:4.13]
	at org.junit.internal.runners.statements.RunBefores.evaluate(RunBefores.java:26) [junit-4.13.jar:4.13]
	at org.junit.runners.ParentRunner$3.evaluate(ParentRunner.java:306) [junit-4.13.jar:4.13]
	at org.junit.runners.ParentRunner.run(ParentRunner.java:413) [junit-4.13.jar:4.13]
	at org.apache.maven.surefire.junit4.JUnit4Provider.execute(JUnit4Provider.java:367) [surefire-junit4-2.19.1.jar:2.19.1]
	at org.apache.maven.surefire.junit4.JUnit4Provider.executeWithRerun(JUnit4Provider.java:274) [surefire-junit4-2.19.1.jar:2.19.1]
	at org.apache.maven.surefire.junit4.JUnit4Provider.executeTestSet(JUnit4Provider.java:238) [surefire-junit4-2.19.1.jar:2.19.1]
	at org.apache.maven.surefire.junit4.JUnit4Provider.invoke(JUnit4Provider.java:161) [surefire-junit4-2.19.1.jar:2.19.1]
	at org.apache.maven.surefire.booter.ForkedBooter.invokeProviderInSameClassLoader(ForkedBooter.java:290) [surefire-booter-2.19.1.jar:2.19.1]
	at org.apache.maven.surefire.booter.ForkedBooter.runSuitesInProcess(ForkedBooter.java:242) [surefire-booter-2.19.1.jar:2.19.1]
	at org.apache.maven.surefire.booter.ForkedBooter.main(ForkedBooter.java:121) [surefire-booter-2.19.1.jar:2.19.1]
Caused by: io.grpc.StatusRuntimeException: ABORTED
	at org.hyperledger.fabric.sdk.ChannelTest.testQueryInstalledChaincodesStatusRuntimeException(ChannelTest.java:902) ~[test-classes/:?]
	... 29 more
20:01:38.592 [main] ERROR org.hyperledger.fabric.sdk.HFClient - queryChannels for peer peer1 failed.Failed exception message is Channel Channel{id: 108, name: } Sending proposal with transaction: 8c6d693a30b6018656a7105248dcda844afa9730fc9f20d98a25e07a08b05bbd to Peer{ id: 105, name: peer1, channelName: channel, url: grpc://localhost:22} failed because of: gRPC failure=Status{code=ABORTED, description=null, cause=null}, status is 500
org.hyperledger.fabric.sdk.exception.ProposalException: Failed exception message is Channel Channel{id: 108, name: } Sending proposal with transaction: 8c6d693a30b6018656a7105248dcda844afa9730fc9f20d98a25e07a08b05bbd to Peer{ id: 105, name: peer1, channelName: channel, url: grpc://localhost:22} failed because of: gRPC failure=Status{code=ABORTED, description=null, cause=null}, status is 500
	at org.hyperledger.fabric.sdk.Channel.queryChannels(Channel.java:3656) ~[classes/:?]
	at org.hyperledger.fabric.sdk.HFClient.queryChannels(HFClient.java:795) [classes/:?]
	at org.hyperledger.fabric.sdk.ChannelTest.testQueryInstalledChaincodesStatusRuntimeException(ChannelTest.java:906) [test-classes/:?]
	at sun.reflect.NativeMethodAccessorImpl.invoke0(Native Method) ~[?:1.8.0_262]
	at sun.reflect.NativeMethodAccessorImpl.invoke(NativeMethodAccessorImpl.java:62) ~[?:1.8.0_262]
	at sun.reflect.DelegatingMethodAccessorImpl.invoke(DelegatingMethodAccessorImpl.java:43) ~[?:1.8.0_262]
	at java.lang.reflect.Method.invoke(Method.java:498) ~[?:1.8.0_262]
	at org.junit.runners.model.FrameworkMethod$1.runReflectiveCall(FrameworkMethod.java:59) [junit-4.13.jar:4.13]
	at org.junit.internal.runners.model.ReflectiveCallable.run(ReflectiveCallable.java:12) [junit-4.13.jar:4.13]
	at org.junit.runners.model.FrameworkMethod.invokeExplosively(FrameworkMethod.java:56) [junit-4.13.jar:4.13]
	at org.junit.internal.runners.statements.InvokeMethod.evaluate(InvokeMethod.java:17) [junit-4.13.jar:4.13]
	at org.junit.rules.ExpectedException$ExpectedExceptionStatement.evaluate(ExpectedException.java:258) [junit-4.13.jar:4.13]
	at org.junit.runners.ParentRunner$3.evaluate(ParentRunner.java:306) [junit-4.13.jar:4.13]
	at org.junit.runners.BlockJUnit4ClassRunner$1.evaluate(BlockJUnit4ClassRunner.java:100) [junit-4.13.jar:4.13]
	at org.junit.runners.ParentRunner.runLeaf(ParentRunner.java:366) [junit-4.13.jar:4.13]
	at org.junit.runners.BlockJUnit4ClassRunner.runChild(BlockJUnit4ClassRunner.java:103) [junit-4.13.jar:4.13]
	at org.junit.runners.BlockJUnit4ClassRunner.runChild(BlockJUnit4ClassRunner.java:63) [junit-4.13.jar:4.13]
	at org.junit.runners.ParentRunner$4.run(ParentRunner.java:331) [junit-4.13.jar:4.13]
	at org.junit.runners.ParentRunner$1.schedule(ParentRunner.java:79) [junit-4.13.jar:4.13]
	at org.junit.runners.ParentRunner.runChildren(ParentRunner.java:329) [junit-4.13.jar:4.13]
	at org.junit.runners.ParentRunner.access$100(ParentRunner.java:66) [junit-4.13.jar:4.13]
	at org.junit.runners.ParentRunner$2.evaluate(ParentRunner.java:293) [junit-4.13.jar:4.13]
	at org.junit.internal.runners.statements.RunBefores.evaluate(RunBefores.java:26) [junit-4.13.jar:4.13]
	at org.junit.runners.ParentRunner$3.evaluate(ParentRunner.java:306) [junit-4.13.jar:4.13]
	at org.junit.runners.ParentRunner.run(ParentRunner.java:413) [junit-4.13.jar:4.13]
	at org.apache.maven.surefire.junit4.JUnit4Provider.execute(JUnit4Provider.java:367) [surefire-junit4-2.19.1.jar:2.19.1]
	at org.apache.maven.surefire.junit4.JUnit4Provider.executeWithRerun(JUnit4Provider.java:274) [surefire-junit4-2.19.1.jar:2.19.1]
	at org.apache.maven.surefire.junit4.JUnit4Provider.executeTestSet(JUnit4Provider.java:238) [surefire-junit4-2.19.1.jar:2.19.1]
	at org.apache.maven.surefire.junit4.JUnit4Provider.invoke(JUnit4Provider.java:161) [surefire-junit4-2.19.1.jar:2.19.1]
	at org.apache.maven.surefire.booter.ForkedBooter.invokeProviderInSameClassLoader(ForkedBooter.java:290) [surefire-booter-2.19.1.jar:2.19.1]
	at org.apache.maven.surefire.booter.ForkedBooter.runSuitesInProcess(ForkedBooter.java:242) [surefire-booter-2.19.1.jar:2.19.1]
	at org.apache.maven.surefire.booter.ForkedBooter.main(ForkedBooter.java:121) [surefire-booter-2.19.1.jar:2.19.1]
Tests run: 54, Failures: 0, Errors: 0, Skipped: 0, Time elapsed: 2.562 sec - in org.hyperledger.fabric.sdk.ChannelTest
Running org.hyperledger.fabric.sdk.security.TLSCertGenTest
Tests run: 1, Failures: 0, Errors: 0, Skipped: 1, Time elapsed: 0 sec - in org.hyperledger.fabric.sdk.security.TLSCertGenTest
Running org.hyperledger.fabric.sdk.security.CryptoPrimitivesTest
20:01:38.880 [main] ERROR org.hyperledger.fabric.sdk.security.CryptoPrimitives - Cannot validate certificate. Error is: Path does not chain with any of the trust anchors
Certificate[
[
  Version: V3
  Subject: EMAILADDRESS=tdang@us.ibm.com, CN=tuans-mbp-2.raleigh.ibm.com, OU=Hyperledger Fabric, O=IBM, L=RTP, ST=NC, C=US
  Signature Algorithm: SHA1withECDSA, OID = 1.2.840.10045.4.1

  Key:  Sun EC public key, 384 bits
  public x coord: 18510446094086635620288874307804201788583690547243161165291825307151803149201577526313996367620734590399663106080955
  public y coord: 2586850935313268422835130450359917072306974866535629743763898443607656623072940152175541007966140552082878353942420
  parameters: secp384r1 [NIST P-384] (1.3.132.0.34)
  Validity: [From: Tue Jan 31 15:48:41 UTC 2017,
               To: Fri Jan 29 15:48:41 UTC 2027]
  Issuer: EMAILADDRESS=tdang@us.ibm.com, CN=tuans-mbp-2.raleigh.ibm.com, OU=Hyperledger Fabric, O=IBM, L=RTP, ST=NC, C=US
  SerialNumber: [    c2c2aec0 0d3bb927]

Certificate Extensions: 3
[1]: ObjectId: 2.5.29.35 Criticality=false
AuthorityKeyIdentifier [
KeyIdentifier [
0000: 61 5D 3C 8D D5 A4 2A F4   D2 E4 8A 2D BF 31 07 F8  a]<...*....-.1..
0010: 29 0F 42 FD                                        ).B.
]
[EMAILADDRESS=tdang@us.ibm.com, CN=tuans-mbp-2.raleigh.ibm.com, OU=Hyperledger Fabric, O=IBM, L=RTP, ST=NC, C=US]
SerialNumber: [    c2c2aec0 0d3bb927]
]

[2]: ObjectId: 2.5.29.19 Criticality=false
BasicConstraints:[
  CA:true
  PathLen:2147483647
]

[3]: ObjectId: 2.5.29.14 Criticality=false
SubjectKeyIdentifier [
KeyIdentifier [
0000: 61 5D 3C 8D D5 A4 2A F4   D2 E4 8A 2D BF 31 07 F8  a]<...*....-.1..
0010: 29 0F 42 FD                                        ).B.
]
]

]
  Algorithm: [SHA1withECDSA]
  Signature:
0000: 30 65 02 30 19 16 21 70   F1 AA DA D8 F1 A9 9B E2  0e.0..!p........
0010: D0 EC E7 7B EE 39 DD 3E   10 E3 83 E5 98 17 A5 A2  .....9.>........
0020: ED CC FC 2C DA B7 7F D1   0E 50 86 33 2F 1F B8 2C  ...,.....P.3/..,
0030: D0 41 33 39 02 31 00 C2   56 9C B4 5F F4 66 25 99  .A39.1..V.._.f%.
0040: 59 E2 EE 4F 80 6E DD 1F   7F D0 97 8E 84 A2 A5 14  Y..O.n..........
0050: 09 00 80 E6 B4 CB EF 4B   84 AF C5 64 AA C2 0E 35  .......K...d...5
0060: 89 BA 7C F6 16 6B 58                               .....kX

]
20:01:38.968 [main] ERROR org.hyperledger.fabric.sdk.security.CryptoPrimitives - Cannot validate certificate. Error is: Path does not chain with any of the trust anchors
Certificate[
[
  Version: V3
  Subject: EMAILADDRESS=tdang@us.ibm.com, CN=tuans-mbp-2.raleigh.ibm.com, OU=Hyperledger Fabric, O=IBM, L=RTP, ST=NC, C=US
  Signature Algorithm: SHA1withECDSA, OID = 1.2.840.10045.4.1

  Key:  Sun EC public key, 384 bits
  public x coord: 18510446094086635620288874307804201788583690547243161165291825307151803149201577526313996367620734590399663106080955
  public y coord: 2586850935313268422835130450359917072306974866535629743763898443607656623072940152175541007966140552082878353942420
  parameters: secp384r1 [NIST P-384] (1.3.132.0.34)
  Validity: [From: Tue Jan 31 15:48:41 UTC 2017,
               To: Fri Jan 29 15:48:41 UTC 2027]
  Issuer: EMAILADDRESS=tdang@us.ibm.com, CN=tuans-mbp-2.raleigh.ibm.com, OU=Hyperledger Fabric, O=IBM, L=RTP, ST=NC, C=US
  SerialNumber: [    c2c2aec0 0d3bb927]

Certificate Extensions: 3
[1]: ObjectId: 2.5.29.35 Criticality=false
AuthorityKeyIdentifier [
KeyIdentifier [
0000: 61 5D 3C 8D D5 A4 2A F4   D2 E4 8A 2D BF 31 07 F8  a]<...*....-.1..
0010: 29 0F 42 FD                                        ).B.
]
[EMAILADDRESS=tdang@us.ibm.com, CN=tuans-mbp-2.raleigh.ibm.com, OU=Hyperledger Fabric, O=IBM, L=RTP, ST=NC, C=US]
SerialNumber: [    c2c2aec0 0d3bb927]
]

[2]: ObjectId: 2.5.29.19 Criticality=false
BasicConstraints:[
  CA:true
  PathLen:2147483647
]

[3]: ObjectId: 2.5.29.14 Criticality=false
SubjectKeyIdentifier [
KeyIdentifier [
0000: 61 5D 3C 8D D5 A4 2A F4   D2 E4 8A 2D BF 31 07 F8  a]<...*....-.1..
0010: 29 0F 42 FD                                        ).B.
]
]

]
  Algorithm: [SHA1withECDSA]
  Signature:
0000: 30 65 02 30 19 16 21 70   F1 AA DA D8 F1 A9 9B E2  0e.0..!p........
0010: D0 EC E7 7B EE 39 DD 3E   10 E3 83 E5 98 17 A5 A2  .....9.>........
0020: ED CC FC 2C DA B7 7F D1   0E 50 86 33 2F 1F B8 2C  ...,.....P.3/..,
0030: D0 41 33 39 02 31 00 C2   56 9C B4 5F F4 66 25 99  .A39.1..V.._.f%.
0040: 59 E2 EE 4F 80 6E DD 1F   7F D0 97 8E 84 A2 A5 14  Y..O.n..........
0050: 09 00 80 E6 B4 CB EF 4B   84 AF C5 64 AA C2 0E 35  .......K...d...5
0060: 89 BA 7C F6 16 6B 58                               .....kX

]
20:01:39.172 [main] ERROR org.hyperledger.fabric.sdk.security.CryptoPrimitives - Cannot verify. Signature algorithm is invalid. Error is: Could not verify signature
org.hyperledger.fabric.sdk.exception.CryptoException: Cannot verify. Signature algorithm is invalid. Error is: Could not verify signature
	at org.hyperledger.fabric.sdk.security.CryptoPrimitives.verify(CryptoPrimitives.java:339) [classes/:?]
	at org.hyperledger.fabric.sdk.security.CryptoPrimitivesTest.testVerifyBadSig(CryptoPrimitivesTest.java:537) [test-classes/:?]
	at sun.reflect.NativeMethodAccessorImpl.invoke0(Native Method) ~[?:1.8.0_262]
	at sun.reflect.NativeMethodAccessorImpl.invoke(NativeMethodAccessorImpl.java:62) ~[?:1.8.0_262]
	at sun.reflect.DelegatingMethodAccessorImpl.invoke(DelegatingMethodAccessorImpl.java:43) ~[?:1.8.0_262]
	at java.lang.reflect.Method.invoke(Method.java:498) ~[?:1.8.0_262]
	at org.junit.runners.model.FrameworkMethod$1.runReflectiveCall(FrameworkMethod.java:59) [junit-4.13.jar:4.13]
	at org.junit.internal.runners.model.ReflectiveCallable.run(ReflectiveCallable.java:12) [junit-4.13.jar:4.13]
	at org.junit.runners.model.FrameworkMethod.invokeExplosively(FrameworkMethod.java:56) [junit-4.13.jar:4.13]
	at org.junit.internal.runners.statements.InvokeMethod.evaluate(InvokeMethod.java:17) [junit-4.13.jar:4.13]
	at org.junit.internal.runners.statements.ExpectException.evaluate(ExpectException.java:19) [junit-4.13.jar:4.13]
	at org.junit.internal.runners.statements.RunBefores.evaluate(RunBefores.java:26) [junit-4.13.jar:4.13]
	at org.junit.rules.ExternalResource$1.evaluate(ExternalResource.java:54) [junit-4.13.jar:4.13]
	at org.junit.rules.ExpectedException$ExpectedExceptionStatement.evaluate(ExpectedException.java:258) [junit-4.13.jar:4.13]
	at org.junit.runners.ParentRunner$3.evaluate(ParentRunner.java:306) [junit-4.13.jar:4.13]
	at org.junit.runners.BlockJUnit4ClassRunner$1.evaluate(BlockJUnit4ClassRunner.java:100) [junit-4.13.jar:4.13]
	at org.junit.runners.ParentRunner.runLeaf(ParentRunner.java:366) [junit-4.13.jar:4.13]
	at org.junit.runners.BlockJUnit4ClassRunner.runChild(BlockJUnit4ClassRunner.java:103) [junit-4.13.jar:4.13]
	at org.junit.runners.BlockJUnit4ClassRunner.runChild(BlockJUnit4ClassRunner.java:63) [junit-4.13.jar:4.13]
	at org.junit.runners.ParentRunner$4.run(ParentRunner.java:331) [junit-4.13.jar:4.13]
	at org.junit.runners.ParentRunner$1.schedule(ParentRunner.java:79) [junit-4.13.jar:4.13]
	at org.junit.runners.ParentRunner.runChildren(ParentRunner.java:329) [junit-4.13.jar:4.13]
	at org.junit.runners.ParentRunner.access$100(ParentRunner.java:66) [junit-4.13.jar:4.13]
	at org.junit.runners.ParentRunner$2.evaluate(ParentRunner.java:293) [junit-4.13.jar:4.13]
	at org.junit.internal.runners.statements.RunBefores.evaluate(RunBefores.java:26) [junit-4.13.jar:4.13]
	at org.junit.runners.ParentRunner$3.evaluate(ParentRunner.java:306) [junit-4.13.jar:4.13]
	at org.junit.runners.ParentRunner.run(ParentRunner.java:413) [junit-4.13.jar:4.13]
	at org.apache.maven.surefire.junit4.JUnit4Provider.execute(JUnit4Provider.java:367) [surefire-junit4-2.19.1.jar:2.19.1]
	at org.apache.maven.surefire.junit4.JUnit4Provider.executeWithRerun(JUnit4Provider.java:274) [surefire-junit4-2.19.1.jar:2.19.1]
	at org.apache.maven.surefire.junit4.JUnit4Provider.executeTestSet(JUnit4Provider.java:238) [surefire-junit4-2.19.1.jar:2.19.1]
	at org.apache.maven.surefire.junit4.JUnit4Provider.invoke(JUnit4Provider.java:161) [surefire-junit4-2.19.1.jar:2.19.1]
	at org.apache.maven.surefire.booter.ForkedBooter.invokeProviderInSameClassLoader(ForkedBooter.java:290) [surefire-booter-2.19.1.jar:2.19.1]
	at org.apache.maven.surefire.booter.ForkedBooter.runSuitesInProcess(ForkedBooter.java:242) [surefire-booter-2.19.1.jar:2.19.1]
	at org.apache.maven.surefire.booter.ForkedBooter.main(ForkedBooter.java:121) [surefire-booter-2.19.1.jar:2.19.1]
Caused by: java.security.SignatureException: Could not verify signature
	at sun.security.ec.ECDSASignature.engineVerify(ECDSASignature.java:413) ~[sunec.jar:1.8.0_262]
	at java.security.Signature$Delegate.engineVerify(Signature.java:1394) ~[?:1.8.0_262]
	at java.security.Signature.verify(Signature.java:771) ~[?:1.8.0_262]
	at org.hyperledger.fabric.sdk.security.CryptoPrimitives.verify(CryptoPrimitives.java:329) ~[classes/:?]
	... 33 more
Caused by: java.security.SignatureException: Invalid encoding for signature
	at sun.security.util.ECUtil.decodeSignature(ECUtil.java:258) ~[?:1.8.0_262]
	at sun.security.ec.ECDSASignature.engineVerify(ECDSASignature.java:409) ~[sunec.jar:1.8.0_262]
	at java.security.Signature$Delegate.engineVerify(Signature.java:1394) ~[?:1.8.0_262]
	at java.security.Signature.verify(Signature.java:771) ~[?:1.8.0_262]
	at org.hyperledger.fabric.sdk.security.CryptoPrimitives.verify(CryptoPrimitives.java:329) ~[classes/:?]
	... 33 more
Caused by: java.io.IOException: Encoding bytes too short
	at sun.security.util.DerInputStream.init(DerInputStream.java:122) ~[?:1.8.0_262]
	at sun.security.util.DerInputStream.<init>(DerInputStream.java:99) ~[?:1.8.0_262]
	at sun.security.util.ECUtil.decodeSignature(ECUtil.java:233) ~[?:1.8.0_262]
	at sun.security.ec.ECDSASignature.engineVerify(ECDSASignature.java:409) ~[sunec.jar:1.8.0_262]
	at java.security.Signature$Delegate.engineVerify(Signature.java:1394) ~[?:1.8.0_262]
	at java.security.Signature.verify(Signature.java:771) ~[?:1.8.0_262]
	at org.hyperledger.fabric.sdk.security.CryptoPrimitives.verify(CryptoPrimitives.java:329) ~[classes/:?]
	... 33 more
20:01:39.233 [main] ERROR org.hyperledger.fabric.sdk.security.CryptoPrimitives - Cannot initialize abc123 certificate factory. Error = abc123 not found
org.hyperledger.fabric.sdk.exception.CryptoException: Cannot initialize abc123 certificate factory. Error = abc123 not found
	at org.hyperledger.fabric.sdk.security.CryptoPrimitives.resetConfiguration(CryptoPrimitives.java:916) [classes/:?]
	at org.hyperledger.fabric.sdk.security.CryptoPrimitives.init(CryptoPrimitives.java:859) [classes/:?]
	at org.hyperledger.fabric.sdk.security.CryptoPrimitivesTest.testInitInvalidCertFormat(CryptoPrimitivesTest.java:158) [test-classes/:?]
	at sun.reflect.NativeMethodAccessorImpl.invoke0(Native Method) ~[?:1.8.0_262]
	at sun.reflect.NativeMethodAccessorImpl.invoke(NativeMethodAccessorImpl.java:62) ~[?:1.8.0_262]
	at sun.reflect.DelegatingMethodAccessorImpl.invoke(DelegatingMethodAccessorImpl.java:43) ~[?:1.8.0_262]
	at java.lang.reflect.Method.invoke(Method.java:498) ~[?:1.8.0_262]
	at org.junit.runners.model.FrameworkMethod$1.runReflectiveCall(FrameworkMethod.java:59) [junit-4.13.jar:4.13]
	at org.junit.internal.runners.model.ReflectiveCallable.run(ReflectiveCallable.java:12) [junit-4.13.jar:4.13]
	at org.junit.runners.model.FrameworkMethod.invokeExplosively(FrameworkMethod.java:56) [junit-4.13.jar:4.13]
	at org.junit.internal.runners.statements.InvokeMethod.evaluate(InvokeMethod.java:17) [junit-4.13.jar:4.13]
	at org.junit.internal.runners.statements.RunBefores.evaluate(RunBefores.java:26) [junit-4.13.jar:4.13]
	at org.junit.rules.ExternalResource$1.evaluate(ExternalResource.java:54) [junit-4.13.jar:4.13]
	at org.junit.rules.ExpectedException$ExpectedExceptionStatement.evaluate(ExpectedException.java:258) [junit-4.13.jar:4.13]
	at org.junit.runners.ParentRunner$3.evaluate(ParentRunner.java:306) [junit-4.13.jar:4.13]
	at org.junit.runners.BlockJUnit4ClassRunner$1.evaluate(BlockJUnit4ClassRunner.java:100) [junit-4.13.jar:4.13]
	at org.junit.runners.ParentRunner.runLeaf(ParentRunner.java:366) [junit-4.13.jar:4.13]
	at org.junit.runners.BlockJUnit4ClassRunner.runChild(BlockJUnit4ClassRunner.java:103) [junit-4.13.jar:4.13]
	at org.junit.runners.BlockJUnit4ClassRunner.runChild(BlockJUnit4ClassRunner.java:63) [junit-4.13.jar:4.13]
	at org.junit.runners.ParentRunner$4.run(ParentRunner.java:331) [junit-4.13.jar:4.13]
	at org.junit.runners.ParentRunner$1.schedule(ParentRunner.java:79) [junit-4.13.jar:4.13]
	at org.junit.runners.ParentRunner.runChildren(ParentRunner.java:329) [junit-4.13.jar:4.13]
	at org.junit.runners.ParentRunner.access$100(ParentRunner.java:66) [junit-4.13.jar:4.13]
	at org.junit.runners.ParentRunner$2.evaluate(ParentRunner.java:293) [junit-4.13.jar:4.13]
	at org.junit.internal.runners.statements.RunBefores.evaluate(RunBefores.java:26) [junit-4.13.jar:4.13]
	at org.junit.runners.ParentRunner$3.evaluate(ParentRunner.java:306) [junit-4.13.jar:4.13]
	at org.junit.runners.ParentRunner.run(ParentRunner.java:413) [junit-4.13.jar:4.13]
	at org.apache.maven.surefire.junit4.JUnit4Provider.execute(JUnit4Provider.java:367) [surefire-junit4-2.19.1.jar:2.19.1]
	at org.apache.maven.surefire.junit4.JUnit4Provider.executeWithRerun(JUnit4Provider.java:274) [surefire-junit4-2.19.1.jar:2.19.1]
	at org.apache.maven.surefire.junit4.JUnit4Provider.executeTestSet(JUnit4Provider.java:238) [surefire-junit4-2.19.1.jar:2.19.1]
	at org.apache.maven.surefire.junit4.JUnit4Provider.invoke(JUnit4Provider.java:161) [surefire-junit4-2.19.1.jar:2.19.1]
	at org.apache.maven.surefire.booter.ForkedBooter.invokeProviderInSameClassLoader(ForkedBooter.java:290) [surefire-booter-2.19.1.jar:2.19.1]
	at org.apache.maven.surefire.booter.ForkedBooter.runSuitesInProcess(ForkedBooter.java:242) [surefire-booter-2.19.1.jar:2.19.1]
	at org.apache.maven.surefire.booter.ForkedBooter.main(ForkedBooter.java:121) [surefire-booter-2.19.1.jar:2.19.1]
Caused by: java.security.cert.CertificateException: abc123 not found
	at java.security.cert.CertificateFactory.getInstance(CertificateFactory.java:188) ~[?:1.8.0_262]
	at org.hyperledger.fabric.sdk.security.CryptoPrimitives.resetConfiguration(CryptoPrimitives.java:914) ~[classes/:?]
	... 33 more
Caused by: java.security.NoSuchAlgorithmException: abc123 CertificateFactory not available
	at sun.security.jca.GetInstance.getInstance(GetInstance.java:159) ~[?:1.8.0_262]
	at java.security.cert.CertificateFactory.getInstance(CertificateFactory.java:183) ~[?:1.8.0_262]
	at org.hyperledger.fabric.sdk.security.CryptoPrimitives.resetConfiguration(CryptoPrimitives.java:914) ~[classes/:?]
	... 33 more
20:01:39.249 [main] ERROR org.hyperledger.fabric.sdk.security.CryptoPrimitives - Unable to add CA certificate to trust store. Error: Uninitialized keystore
java.security.KeyStoreException: Uninitialized keystore
	at java.security.KeyStore.setCertificateEntry(KeyStore.java:1199) ~[?:1.8.0_262]
	at org.hyperledger.fabric.sdk.security.CryptoPrimitives.addCACertificateToTrustStore(CryptoPrimitives.java:486) [classes/:?]
	at org.hyperledger.fabric.sdk.security.CryptoPrimitivesTest.testAddCACertificateToTrustStoreBadStore(CryptoPrimitivesTest.java:349) [test-classes/:?]
	at sun.reflect.NativeMethodAccessorImpl.invoke0(Native Method) ~[?:1.8.0_262]
	at sun.reflect.NativeMethodAccessorImpl.invoke(NativeMethodAccessorImpl.java:62) ~[?:1.8.0_262]
	at sun.reflect.DelegatingMethodAccessorImpl.invoke(DelegatingMethodAccessorImpl.java:43) ~[?:1.8.0_262]
	at java.lang.reflect.Method.invoke(Method.java:498) ~[?:1.8.0_262]
	at org.junit.runners.model.FrameworkMethod$1.runReflectiveCall(FrameworkMethod.java:59) [junit-4.13.jar:4.13]
	at org.junit.internal.runners.model.ReflectiveCallable.run(ReflectiveCallable.java:12) [junit-4.13.jar:4.13]
	at org.junit.runners.model.FrameworkMethod.invokeExplosively(FrameworkMethod.java:56) [junit-4.13.jar:4.13]
	at org.junit.internal.runners.statements.InvokeMethod.evaluate(InvokeMethod.java:17) [junit-4.13.jar:4.13]
	at org.junit.internal.runners.statements.RunBefores.evaluate(RunBefores.java:26) [junit-4.13.jar:4.13]
	at org.junit.rules.ExternalResource$1.evaluate(ExternalResource.java:54) [junit-4.13.jar:4.13]
	at org.junit.rules.ExpectedException$ExpectedExceptionStatement.evaluate(ExpectedException.java:258) [junit-4.13.jar:4.13]
	at org.junit.runners.ParentRunner$3.evaluate(ParentRunner.java:306) [junit-4.13.jar:4.13]
	at org.junit.runners.BlockJUnit4ClassRunner$1.evaluate(BlockJUnit4ClassRunner.java:100) [junit-4.13.jar:4.13]
	at org.junit.runners.ParentRunner.runLeaf(ParentRunner.java:366) [junit-4.13.jar:4.13]
	at org.junit.runners.BlockJUnit4ClassRunner.runChild(BlockJUnit4ClassRunner.java:103) [junit-4.13.jar:4.13]
	at org.junit.runners.BlockJUnit4ClassRunner.runChild(BlockJUnit4ClassRunner.java:63) [junit-4.13.jar:4.13]
	at org.junit.runners.ParentRunner$4.run(ParentRunner.java:331) [junit-4.13.jar:4.13]
	at org.junit.runners.ParentRunner$1.schedule(ParentRunner.java:79) [junit-4.13.jar:4.13]
	at org.junit.runners.ParentRunner.runChildren(ParentRunner.java:329) [junit-4.13.jar:4.13]
	at org.junit.runners.ParentRunner.access$100(ParentRunner.java:66) [junit-4.13.jar:4.13]
	at org.junit.runners.ParentRunner$2.evaluate(ParentRunner.java:293) [junit-4.13.jar:4.13]
	at org.junit.internal.runners.statements.RunBefores.evaluate(RunBefores.java:26) [junit-4.13.jar:4.13]
	at org.junit.runners.ParentRunner$3.evaluate(ParentRunner.java:306) [junit-4.13.jar:4.13]
	at org.junit.runners.ParentRunner.run(ParentRunner.java:413) [junit-4.13.jar:4.13]
	at org.apache.maven.surefire.junit4.JUnit4Provider.execute(JUnit4Provider.java:367) [surefire-junit4-2.19.1.jar:2.19.1]
	at org.apache.maven.surefire.junit4.JUnit4Provider.executeWithRerun(JUnit4Provider.java:274) [surefire-junit4-2.19.1.jar:2.19.1]
	at org.apache.maven.surefire.junit4.JUnit4Provider.executeTestSet(JUnit4Provider.java:238) [surefire-junit4-2.19.1.jar:2.19.1]
	at org.apache.maven.surefire.junit4.JUnit4Provider.invoke(JUnit4Provider.java:161) [surefire-junit4-2.19.1.jar:2.19.1]
	at org.apache.maven.surefire.booter.ForkedBooter.invokeProviderInSameClassLoader(ForkedBooter.java:290) [surefire-booter-2.19.1.jar:2.19.1]
	at org.apache.maven.surefire.booter.ForkedBooter.runSuitesInProcess(ForkedBooter.java:242) [surefire-booter-2.19.1.jar:2.19.1]
	at org.apache.maven.surefire.booter.ForkedBooter.main(ForkedBooter.java:121) [surefire-booter-2.19.1.jar:2.19.1]
20:01:39.274 [main] ERROR org.hyperledger.fabric.sdk.security.CryptoPrimitives - Cannot validate certificate. Error is: parsing issue: malformed PEM data: no header found
Certificate (PEM, hex): 2D2D224547494E202D2D2D2D2D0A4D4949436A444343416A4B6741774942416749554245567773537830546D7164627A4E776C654E42427A6F4954307777436759494B6F5A497A6A3045417749770A667A454C4D416B474131554542684D4356564D78457A415242674E5642416754436B4E6862476C6D62334A7561574578466A415542674E564241635444564E680A62694247636D467559326C7A59323878487A416442674E5642416F54466B6C7564475679626D5630494664705A47646C64484D7349456C75597934784444414B0A42674E564241735441316458567A45554D4249474131554541784D4C5A586868625842735A53356A623230774868634E4D5459784D5445784D5463774E7A41770A5768634E4D5463784D5445784D5463774E7A4177576A426A4D517377435159445651514745774A56557A45584D4255474131554543424D4F546D3979644767670A5132467962327870626D45784544414F42674E564241635442314A68624756705A326778477A415A42674E5642416F54456B6835634756796247566B5A3256790A49455A68596E4A70597A454D4D416F474131554543784D44513039514D466B77457759484B6F5A497A6A3043415159494B6F5A497A6A304441516344516741450A4842754B73414F34336873344A4770466669474D6B422F7873494C54734F766D4E32576D77707350485A4E4C36773848576533784350517464472F584A4A765A0A2B433735364B457355424D337977355054666B7538714F42707A43427044414F42674E56485138424166384542414D4342614177485159445652306C424259770A464159494B7759424251554841774547434373474151554642774D434D41774741315564457745422F7751434D414177485159445652304F42425945464F46430A6463555A346573336C746943674156446F794C66567050494D42384741315564497751594D4261414642646E516A32716E6F492F784D55646E3176446D6447310A6E4567514D43554741315564455151654D427943436D31356147397A6443356A62323243446E6433647935746557687663335175593239744D416F47434371470A534D343942414D43413067414D4555434944663948626C34786E337A3445774E4B6D696C4D396C58324671346A5770416152564239374F6D56456579416945410A32356144505148474771324176684B54307776743038635831475447434962666D754C704D774B516A33383D0A2D2D2D2D2D454E44202D2D2D2D2D0A
Tests run: 54, Failures: 0, Errors: 0, Skipped: 1, Time elapsed: 0.684 sec - in org.hyperledger.fabric.sdk.security.CryptoPrimitivesTest
Running org.hyperledger.fabric.sdk.identity.IdemixIdentitiesTest
20:01:40.325 [main] ERROR org.hyperledger.fabric.sdk.identity.IdemixSigningIdentity - Idemix Nym Signature verification error, dumping 
Signature: [10, 32, -72, -104, 119, 49, 68, -122, -91, 125, 36, -48, -95, -65, 86, 89, 6, -5, 97, -123, -79, -48, -24, 95, 14, 26, 73, -79, 11, 46, -54, -117, 32, 9, 18, 32, -72, -78, -81, -49, -46, -12, 71, 61, 80, 48, -47, -84, -8, -124, -54, -122, -29, -39, -52, 101, 91, 79, 37, 90, 83, -6, -67, -76, 22, 111, 47, 87, 26, 32, -26, -17, 16, 90, 65, -55, 83, -56, 20, 43, -119, -61, 38, 110, -103, -75, -10, -115, 103, -17, -28, -29, -31, 35, 66, -33, 51, 11, 126, -14, 53, -88, 34, 32, 22, -101, -120, 54, 66, 48, 80, -45, -123, 50, -112, 67, -48, -7, -36, 41, -60, -109, 7, 29, -35, -72, 94, -19, 11, -119, 82, -39, 92, -51, -101, 98] 
Message: [1, 1, 1, 1]
20:01:40.343 [main] ERROR org.hyperledger.fabric.sdk.identity.IdemixSigningIdentity - Idemix Nym Signature verification error, dumping 
Signature: [10, 32, 27, 91, -34, 86, 72, 16, 52, 24, 65, -61, 80, -68, -118, 35, 18, 9, 50, 51, 103, 50, 80, -28, -66, -120, 81, 98, 47, 97, 44, 13, -44, 35, 18, 32, -74, -103, -85, -107, 88, 29, 92, 33, -126, 68, -38, -55, -108, -41, 63, -103, 27, -74, 12, -9, -59, -42, 46, -104, -90, -81, -21, -53, -102, 92, -61, -6, 26, 32, 65, -111, 45, 26, -101, -38, 11, 87, -80, -118, 30, -90, 97, -32, 52, 43, -108, -67, -76, -68, 4, 54, 107, 26, -13, -45, 65, -90, -42, -110, 24, 76, 34, 32, -31, 91, -85, -128, -33, -50, -30, 19, 3, -18, 105, 24, -39, 65, -118, -60, 1, -21, 109, 0, -23, -18, 94, -88, -78, 119, 60, 76, 31, 108, 63, -103] 
Message: [1, 1, 1, 1]
20:01:40.538 [main] ERROR org.hyperledger.fabric.sdk.identity.IdemixSigningIdentity - Idemix Nym Signature verification error, dumping 
Signature: [10, 32, 27, 99, 4, -80, -7, -35, -31, 51, -104, -88, -118, -53, -40, 59, -11, 34, -95, 17, -128, 30, -57, -75, 1, -6, 122, -63, 103, -6, 29, 96, 53, 78, 18, 32, -60, 26, 52, -85, -128, -50, -57, 44, -91, 62, 70, 74, 39, -111, -28, 65, 120, 78, 85, 84, 92, 106, 14, -83, -16, 115, -57, -34, 103, -96, -42, 13, 26, 32, 59, -51, 102, -104, 108, 9, 54, 78, -106, -48, -88, -91, -42, -100, 117, -101, -105, 127, 25, -65, 93, 57, -116, 28, -58, 19, -15, -110, 73, 80, -4, -104, 34, 32, 37, -27, -70, 83, 66, 22, 56, -111, -33, -45, -108, 7, 36, 37, 91, 4, 109, -61, 82, -95, 40, 65, 78, 52, -98, 102, 40, 52, 21, 111, -42, -80] 
Message: [1, 1, 1, 1]
20:01:40.674 [main] ERROR org.hyperledger.fabric.sdk.identity.IdemixSigningIdentity - Idemix Nym Signature verification error, dumping 
Signature: [10, 32, 66, 114, -35, 65, -14, -102, 81, -101, -98, -10, -88, -39, -2, -56, -25, 31, 24, -99, 88, 2, -9, 26, 42, 127, -44, 19, 72, 109, 54, 85, 76, -103, 18, 32, -118, -72, 66, -109, 36, -6, 30, -111, -61, -106, -6, -90, 119, 71, -51, 66, -47, 46, 83, -94, 14, 75, -15, -93, -15, -40, -64, 70, 78, 56, 7, -27, 26, 32, -108, -37, 52, -124, -37, 70, -3, -102, 8, -75, -5, -127, -120, 112, 52, -86, 51, 31, 40, -23, -76, -21, -24, 104, -28, 124, -9, -9, 114, -39, 8, 44, 34, 32, 40, -124, -96, 123, 15, 106, 6, -83, 57, -80, -21, 107, 91, -41, 13, 125, 27, -80, -52, 66, 115, 14, 1, 50, 121, 44, -112, -37, 30, -104, -9, -100] 
Message: [1, 1, 1, 1]
Tests run: 26, Failures: 0, Errors: 0, Skipped: 0, Time elapsed: 1.362 sec - in org.hyperledger.fabric.sdk.identity.IdemixIdentitiesTest
Running org.hyperledger.fabric.sdk.EndpointTest
20:01:40.698 [main] ERROR org.hyperledger.fabric.sdk.Endpoint - Failed endpoint grpcs://localhost:594 to parse certificate TLS client MIIDazCCAvOgAwIBAgIJAJ+qMRZjR/mOMAkGByqGSM49BAEwgZoxCzAJBgNVBAYT
AlVTMQswCQYDVQQIEwJOQzEMMAoGA1UEBxMDUlRQMQwwCgYDVQQKEwNJQk0xGzAZ
BgNVBAsTEkh8888ybGVkZ2VyIEZhYnJpYzEkMCIGA1UEAxMbdHVhbnMtbWJwLTIu
cmFsZWlnaC5pYm0uY29tMR8wHQYJKoZIhvcNAQkBFhB0ZGFuZ0B1cy5pYm0uY29t
MB4XDTE3MDExMTE1MDk0OFoXDTI3MDEwOTE1MDk0OFowgZoxCzAJBgNVBAYTAlVT
MQswCQYDVQQIEwJOQzEMMAoGA1UEBxMDUlRQMQwwCgYDVQQKEwNJQk0xGzAZBgNV
BAsTEkh5cGVybGVkZ2VyIEZhYnJpYzEkMCIGA1UEAxMbdHVhbnMtbWJwLTIucmFs
EAYHKoZIzj0CAQYFK4EEACIDYgAECuD/0iBmBK3rQMFplhm3L0y2Kg+tehnR4Cls
HlysEg2lzo/GOCo8K3UAMtvaV8J+GI9KbbuCcc0lC1WslsZVGT3oCbATma6I5EWm
xQubyg6/dkA11N3Booqn4Bs08OsZo4IBAjCB/zAdBgNVHQ4EFgQUg8PNeDp+OiRg
KU7EiLeKVYZI08wwgc8GA1UdIwSBxzCBxIAUg8PNeDp+OiRgKU7EiLeKVYZI08yh
gaCkgZ0wgZoxCzAJBgNVBAYTAlVTMQswCQYDVQQIEwJOQzEMMAoGA1UEBxMDUlRQ
MQwwCgYDVQQKEwNJQk0xGzAZBgNVBAsTEkh5cGVybGVkZ2VyIEZhYnJpYzEkMCIG
A1UEAxMbdHVhbnMtbWJwLTIucmFsZWlnaC5pYm0uY29tMR8wHQYJKoZIhvcNAQkB
FhB0ZGFuZ0B1cy5pYm0uY29tggkAn6oxFmNH+Y4wDAYDVR0TBAUwAwEB/zAJBgcq
hkjOPQQBA2cAMGQCME8GVKZ9WA9dTET7lVNIw6PZlHals8EAI3AsoptWsSiL8RQh
O/jw5mtOd3ajC303pKgW

20:01:41.002 [main] ERROR org.hyperledger.fabric.sdk.Endpoint - Failed endpoint grpcs://localhost:594 to parse private key TLS client                                                                                                     
20:01:41.083 [main] ERROR org.hyperledger.fabric.sdk.Endpoint - Failed endpoint grpcs://localhost:594 to parse private key TLS client MIIDazCCAvOgAwIBAgIJAJ+qMRZjR/mOMAkGByqGSM49BAEwgZoxCzAJBgNVBAYT
AlVTMQswCQYDVQQIEwJOQzEMMAoGA1UEBxMDUlRQMQwwCgYDVQQKEwNJQk0xGzAZ
BgNVBAsTEkh8888ybGVkZ2VyIEZhYnJpYzEkMCIGA1UEAxMbdHVhbnMtbWJwLTIu
cmFsZWlnaC5pYm0uY29tMR8wHQYJKoZIhvcNAQkBFhB0ZGFuZ0B1cy5pYm0uY29t
MB4XDTE3MDExMTE1MDk0OFoXDTI3MDEwOTE1MDk0OFowgZoxCzAJBgNVBAYTAlVT
MQswCQYDVQQIEwJOQzEMMAoGA1UEBxMDUlRQMQwwCgYDVQQKEwNJQk0xGzAZBgNV
BAsTEkh5cGVybGVkZ2VyIEZhYnJpYzEkMCIGA1UEAxMbdHVhbnMtbWJwLTIucmFs
EAYHKoZIzj0CAQYFK4EEACIDYgAECuD/0iBmBK3rQMFplhm3L0y2Kg+tehnR4Cls
HlysEg2lzo/GOCo8K3UAMtvaV8J+GI9KbbuCcc0lC1WslsZVGT3oCbATma6I5EWm
xQubyg6/dkA11N3Booqn4Bs08OsZo4IBAjCB/zAdBgNVHQ4EFgQUg8PNeDp+OiRg
KU7EiLeKVYZI08wwgc8GA1UdIwSBxzCBxIAUg8PNeDp+OiRgKU7EiLeKVYZI08yh
gaCkgZ0wgZoxCzAJBgNVBAYTAlVTMQswCQYDVQQIEwJOQzEMMAoGA1UEBxMDUlRQ
MQwwCgYDVQQKEwNJQk0xGzAZBgNVBAsTEkh5cGVybGVkZ2VyIEZhYnJpYzEkMCIG
A1UEAxMbdHVhbnMtbWJwLTIucmFsZWlnaC5pYm0uY29tMR8wHQYJKoZIhvcNAQkB
FhB0ZGFuZ0B1cy5pYm0uY29tggkAn6oxFmNH+Y4wDAYDVR0TBAUwAwEB/zAJBgcq
hkjOPQQBA2cAMGQCME8GVKZ9WA9dTET7lVNIw6PZlHals8EAI3AsoptWsSiL8RQh
O/jw5mtOd3ajC303pKgW

Tests run: 16, Failures: 0, Errors: 0, Skipped: 0, Time elapsed: 0.405 sec - in org.hyperledger.fabric.sdk.EndpointTest
Running org.hyperledger.fabric.sdk.LifecycleChaincodePackageTest
Tests run: 1, Failures: 0, Errors: 0, Skipped: 0, Time elapsed: 0.906 sec - in org.hyperledger.fabric.sdk.LifecycleChaincodePackageTest
Running org.hyperledger.fabric.sdk.ChaincodeCollectionConfigTest
Tests run: 9, Failures: 0, Errors: 0, Skipped: 0, Time elapsed: 0.207 sec - in org.hyperledger.fabric.sdk.ChaincodeCollectionConfigTest
Running org.hyperledger.fabric.sdk.ChannelConfigurationTest
Tests run: 1, Failures: 0, Errors: 0, Skipped: 0, Time elapsed: 0 sec - in org.hyperledger.fabric.sdk.ChannelConfigurationTest
Running org.hyperledger.fabric.sdk.helper.UtilsTest
Tests run: 30, Failures: 0, Errors: 0, Skipped: 1, Time elapsed: 1.475 sec - in org.hyperledger.fabric.sdk.helper.UtilsTest
Running org.hyperledger.fabric.sdk.helper.ConfigTest
Tests run: 5, Failures: 0, Errors: 0, Skipped: 0, Time elapsed: 0.02 sec - in org.hyperledger.fabric.sdk.helper.ConfigTest
Running org.hyperledger.fabric.sdk.ChaincodeEndorsementPolicyTest
Tests run: 6, Failures: 0, Errors: 0, Skipped: 0, Time elapsed: 0.014 sec - in org.hyperledger.fabric.sdk.ChaincodeEndorsementPolicyTest
Running org.hyperledger.fabric.sdk.NetworkConfigTest
Tests run: 20, Failures: 0, Errors: 0, Skipped: 1, Time elapsed: 0.297 sec - in org.hyperledger.fabric.sdk.NetworkConfigTest
Running org.hyperledger.fabric_ca.sdk.exception.FabricCAExceptionsTest
Tests run: 10, Failures: 0, Errors: 0, Skipped: 0, Time elapsed: 0.005 sec - in org.hyperledger.fabric_ca.sdk.exception.FabricCAExceptionsTest
Running org.hyperledger.fabric_ca.sdk.EnrollmentRequestTest
Tests run: 9, Failures: 0, Errors: 0, Skipped: 0, Time elapsed: 0.013 sec - in org.hyperledger.fabric_ca.sdk.EnrollmentRequestTest
Running org.hyperledger.fabric_ca.sdk.HFCAIdentityTest
20:01:44.066 [main] ERROR org.hyperledger.fabric_ca.sdk.HFCAIdentity - Error while creating user 'testuser1' from url 'http://localhost:99/api/v1/identities':  null
20:01:44.070 [main] ERROR org.hyperledger.fabric_ca.sdk.HFCAIdentity - Error while getting user 'testuser1' from url '/api/v1/identities/testuser1': null
20:01:44.075 [main] ERROR org.hyperledger.fabric_ca.sdk.HFCAIdentity - Error while deleting user 'testuser1' from url 'http://localhost:99/api/v1/identities/testuser1':  null
20:01:44.082 [main] ERROR org.hyperledger.fabric_ca.sdk.HFCAIdentity - Error while updating user 'testuser1' from url 'http://localhost:99/api/v1/identities/testuser1':  null
Tests run: 7, Failures: 0, Errors: 0, Skipped: 0, Time elapsed: 0.048 sec - in org.hyperledger.fabric_ca.sdk.HFCAIdentityTest
Running org.hyperledger.fabric_ca.sdk.HFCAAffiliationTest
20:01:44.095 [main] ERROR org.hyperledger.fabric_ca.sdk.HFCAAffiliation - Error while creating affiliation neworg1 url: http://localhost:99/api/v1/affiliations  null 
20:01:44.108 [main] ERROR org.hyperledger.fabric_ca.sdk.HFCAAffiliation - Error while getting affiliation neworg1 url: /api/v1/affiliations/neworg1  null 
20:01:44.113 [main] ERROR org.hyperledger.fabric_ca.sdk.HFCAAffiliation - Error while deleting affiliation neworg1 url: http://localhost:99/api/v1/affiliations/neworg1?force=false  null 
20:01:44.119 [main] ERROR org.hyperledger.fabric_ca.sdk.HFCAAffiliation - Error while updating affiliation neworg1 url: http://localhost:99/api/v1/affiliations/neworg1?force=false  null 
Tests run: 11, Failures: 0, Errors: 0, Skipped: 0, Time elapsed: 0.037 sec - in org.hyperledger.fabric_ca.sdk.HFCAAffiliationTest
Running org.hyperledger.fabric_ca.sdk.RevocationRequestTest
Tests run: 6, Failures: 0, Errors: 0, Skipped: 0, Time elapsed: 0.002 sec - in org.hyperledger.fabric_ca.sdk.RevocationRequestTest
Running org.hyperledger.fabric_ca.sdk.RegistrationRequestTest
Tests run: 6, Failures: 0, Errors: 0, Skipped: 0, Time elapsed: 0.004 sec - in org.hyperledger.fabric_ca.sdk.RegistrationRequestTest
Running org.hyperledger.fabric_ca.sdk.helper.ConfigTest
Tests run: 2, Failures: 0, Errors: 0, Skipped: 0, Time elapsed: 0.002 sec - in org.hyperledger.fabric_ca.sdk.helper.ConfigTest
Running org.hyperledger.fabric_ca.sdk.AttributeTest
Tests run: 2, Failures: 0, Errors: 0, Skipped: 0, Time elapsed: 0 sec - in org.hyperledger.fabric_ca.sdk.AttributeTest
Running org.hyperledger.fabric_ca.sdk.HFCACertificateRequestTest
20:01:44.146 [main] ERROR org.hyperledger.fabric_ca.sdk.HFCAClient - Error while getting certificates from url '/api/v1/certificates': null
Tests run: 6, Failures: 0, Errors: 0, Skipped: 0, Time elapsed: 0.017 sec - in org.hyperledger.fabric_ca.sdk.HFCACertificateRequestTest
Running org.hyperledger.fabric_ca.sdk.HFCAClientTest
20:01:44.166 [main] ERROR org.hyperledger.fabric_ca.sdk.HFCAClient - org.hyperledger.fabric_ca.sdk.exception.InvalidArgumentException: Unable to add CA certificate, can't open certificate file /tmp/tmpqk3kjotq/fabric-sdk-java/nofile.pem
20:01:44.445 [main] ERROR org.hyperledger.fabric_ca.sdk.HFCAClient - Connect to localhost:99 [localhost/127.0.0.1] failed: Connection refused (Connection refused)
org.apache.http.conn.HttpHostConnectException: Connect to localhost:99 [localhost/127.0.0.1] failed: Connection refused (Connection refused)
	at org.apache.http.impl.conn.DefaultHttpClientConnectionOperator.connect(DefaultHttpClientConnectionOperator.java:156) ~[httpclient-4.5.12.jar:4.5.12]
	at org.apache.http.impl.conn.PoolingHttpClientConnectionManager.connect(PoolingHttpClientConnectionManager.java:376) ~[httpclient-4.5.12.jar:4.5.12]
	at org.apache.http.impl.execchain.MainClientExec.establishRoute(MainClientExec.java:393) ~[httpclient-4.5.12.jar:4.5.12]
	at org.apache.http.impl.execchain.MainClientExec.execute(MainClientExec.java:236) ~[httpclient-4.5.12.jar:4.5.12]
	at org.apache.http.impl.execchain.ProtocolExec.execute(ProtocolExec.java:186) ~[httpclient-4.5.12.jar:4.5.12]
	at org.apache.http.impl.execchain.RetryExec.execute(RetryExec.java:89) ~[httpclient-4.5.12.jar:4.5.12]
	at org.apache.http.impl.execchain.RedirectExec.execute(RedirectExec.java:110) ~[httpclient-4.5.12.jar:4.5.12]
	at org.apache.http.impl.client.InternalHttpClient.doExecute(InternalHttpClient.java:185) ~[httpclient-4.5.12.jar:4.5.12]
	at org.apache.http.impl.client.CloseableHttpClient.execute(CloseableHttpClient.java:83) ~[httpclient-4.5.12.jar:4.5.12]
	at org.apache.http.impl.client.CloseableHttpClient.execute(CloseableHttpClient.java:56) ~[httpclient-4.5.12.jar:4.5.12]
	at org.hyperledger.fabric_ca.sdk.HFCAClient.httpPost(HFCAClient.java:1326) ~[classes/:?]
	at org.hyperledger.fabric_ca.sdk.HFCAClient.enroll(HFCAClient.java:478) [classes/:?]
	at org.hyperledger.fabric_ca.sdk.HFCAClientTest.testEnrollmentNoServerResponse(HFCAClientTest.java:354) [test-classes/:?]
	at sun.reflect.NativeMethodAccessorImpl.invoke0(Native Method) ~[?:1.8.0_262]
	at sun.reflect.NativeMethodAccessorImpl.invoke(NativeMethodAccessorImpl.java:62) ~[?:1.8.0_262]
	at sun.reflect.DelegatingMethodAccessorImpl.invoke(DelegatingMethodAccessorImpl.java:43) ~[?:1.8.0_262]
	at java.lang.reflect.Method.invoke(Method.java:498) ~[?:1.8.0_262]
	at org.junit.runners.model.FrameworkMethod$1.runReflectiveCall(FrameworkMethod.java:59) [junit-4.13.jar:4.13]
	at org.junit.internal.runners.model.ReflectiveCallable.run(ReflectiveCallable.java:12) [junit-4.13.jar:4.13]
	at org.junit.runners.model.FrameworkMethod.invokeExplosively(FrameworkMethod.java:56) [junit-4.13.jar:4.13]
	at org.junit.internal.runners.statements.InvokeMethod.evaluate(InvokeMethod.java:17) [junit-4.13.jar:4.13]
	at org.junit.internal.runners.statements.RunBefores.evaluate(RunBefores.java:26) [junit-4.13.jar:4.13]
	at org.junit.rules.ExpectedException$ExpectedExceptionStatement.evaluate(ExpectedException.java:258) [junit-4.13.jar:4.13]
	at org.junit.runners.ParentRunner$3.evaluate(ParentRunner.java:306) [junit-4.13.jar:4.13]
	at org.junit.runners.BlockJUnit4ClassRunner$1.evaluate(BlockJUnit4ClassRunner.java:100) [junit-4.13.jar:4.13]
	at org.junit.runners.ParentRunner.runLeaf(ParentRunner.java:366) [junit-4.13.jar:4.13]
	at org.junit.runners.BlockJUnit4ClassRunner.runChild(BlockJUnit4ClassRunner.java:103) [junit-4.13.jar:4.13]
	at org.junit.runners.BlockJUnit4ClassRunner.runChild(BlockJUnit4ClassRunner.java:63) [junit-4.13.jar:4.13]
	at org.junit.runners.ParentRunner$4.run(ParentRunner.java:331) [junit-4.13.jar:4.13]
	at org.junit.runners.ParentRunner$1.schedule(ParentRunner.java:79) [junit-4.13.jar:4.13]
	at org.junit.runners.ParentRunner.runChildren(ParentRunner.java:329) [junit-4.13.jar:4.13]
	at org.junit.runners.ParentRunner.access$100(ParentRunner.java:66) [junit-4.13.jar:4.13]
	at org.junit.runners.ParentRunner$2.evaluate(ParentRunner.java:293) [junit-4.13.jar:4.13]
	at org.junit.internal.runners.statements.RunBefores.evaluate(RunBefores.java:26) [junit-4.13.jar:4.13]
	at org.junit.runners.ParentRunner$3.evaluate(ParentRunner.java:306) [junit-4.13.jar:4.13]
	at org.junit.runners.ParentRunner.run(ParentRunner.java:413) [junit-4.13.jar:4.13]
	at org.apache.maven.surefire.junit4.JUnit4Provider.execute(JUnit4Provider.java:367) [surefire-junit4-2.19.1.jar:2.19.1]
	at org.apache.maven.surefire.junit4.JUnit4Provider.executeWithRerun(JUnit4Provider.java:274) [surefire-junit4-2.19.1.jar:2.19.1]
	at org.apache.maven.surefire.junit4.JUnit4Provider.executeTestSet(JUnit4Provider.java:238) [surefire-junit4-2.19.1.jar:2.19.1]
	at org.apache.maven.surefire.junit4.JUnit4Provider.invoke(JUnit4Provider.java:161) [surefire-junit4-2.19.1.jar:2.19.1]
	at org.apache.maven.surefire.booter.ForkedBooter.invokeProviderInSameClassLoader(ForkedBooter.java:290) [surefire-booter-2.19.1.jar:2.19.1]
	at org.apache.maven.surefire.booter.ForkedBooter.runSuitesInProcess(ForkedBooter.java:242) [surefire-booter-2.19.1.jar:2.19.1]
	at org.apache.maven.surefire.booter.ForkedBooter.main(ForkedBooter.java:121) [surefire-booter-2.19.1.jar:2.19.1]
Caused by: java.net.ConnectException: Connection refused (Connection refused)
	at java.net.PlainSocketImpl.socketConnect(Native Method) ~[?:1.8.0_262]
	at java.net.AbstractPlainSocketImpl.doConnect(AbstractPlainSocketImpl.java:350) ~[?:1.8.0_262]
	at java.net.AbstractPlainSocketImpl.connectToAddress(AbstractPlainSocketImpl.java:206) ~[?:1.8.0_262]
	at java.net.AbstractPlainSocketImpl.connect(AbstractPlainSocketImpl.java:188) ~[?:1.8.0_262]
	at java.net.SocksSocketImpl.connect(SocksSocketImpl.java:392) ~[?:1.8.0_262]
	at java.net.Socket.connect(Socket.java:607) ~[?:1.8.0_262]
	at org.apache.http.conn.socket.PlainConnectionSocketFactory.connectSocket(PlainConnectionSocketFactory.java:75) ~[httpclient-4.5.12.jar:4.5.12]
	at org.apache.http.impl.conn.DefaultHttpClientConnectionOperator.connect(DefaultHttpClientConnectionOperator.java:142) ~[httpclient-4.5.12.jar:4.5.12]
	... 42 more
20:01:44.460 [main] ERROR org.hyperledger.fabric_ca.sdk.HFCAClient - Cannot validate certificate. Error is: Could not parse certificate: java.io.IOException: Empty input
20:01:44.468 [main] ERROR org.hyperledger.fabric_ca.sdk.HFCAClient - If certificate signing request is supplied the key pair needs to be supplied too.
org.hyperledger.fabric_ca.sdk.exception.InvalidArgumentException: If certificate signing request is supplied the key pair needs to be supplied too.
	at org.hyperledger.fabric_ca.sdk.HFCAClient.enroll(HFCAClient.java:457) [classes/:?]
	at org.hyperledger.fabric_ca.sdk.HFCAClientTest.testEnrollmentNoKeyPair(HFCAClientTest.java:371) [test-classes/:?]
	at sun.reflect.NativeMethodAccessorImpl.invoke0(Native Method) ~[?:1.8.0_262]
	at sun.reflect.NativeMethodAccessorImpl.invoke(NativeMethodAccessorImpl.java:62) ~[?:1.8.0_262]
	at sun.reflect.DelegatingMethodAccessorImpl.invoke(DelegatingMethodAccessorImpl.java:43) ~[?:1.8.0_262]
	at java.lang.reflect.Method.invoke(Method.java:498) ~[?:1.8.0_262]
	at org.junit.runners.model.FrameworkMethod$1.runReflectiveCall(FrameworkMethod.java:59) [junit-4.13.jar:4.13]
	at org.junit.internal.runners.model.ReflectiveCallable.run(ReflectiveCallable.java:12) [junit-4.13.jar:4.13]
	at org.junit.runners.model.FrameworkMethod.invokeExplosively(FrameworkMethod.java:56) [junit-4.13.jar:4.13]
	at org.junit.internal.runners.statements.InvokeMethod.evaluate(InvokeMethod.java:17) [junit-4.13.jar:4.13]
	at org.junit.internal.runners.statements.RunBefores.evaluate(RunBefores.java:26) [junit-4.13.jar:4.13]
	at org.junit.rules.ExpectedException$ExpectedExceptionStatement.evaluate(ExpectedException.java:258) [junit-4.13.jar:4.13]
	at org.junit.runners.ParentRunner$3.evaluate(ParentRunner.java:306) [junit-4.13.jar:4.13]
	at org.junit.runners.BlockJUnit4ClassRunner$1.evaluate(BlockJUnit4ClassRunner.java:100) [junit-4.13.jar:4.13]
	at org.junit.runners.ParentRunner.runLeaf(ParentRunner.java:366) [junit-4.13.jar:4.13]
	at org.junit.runners.BlockJUnit4ClassRunner.runChild(BlockJUnit4ClassRunner.java:103) [junit-4.13.jar:4.13]
	at org.junit.runners.BlockJUnit4ClassRunner.runChild(BlockJUnit4ClassRunner.java:63) [junit-4.13.jar:4.13]
	at org.junit.runners.ParentRunner$4.run(ParentRunner.java:331) [junit-4.13.jar:4.13]
	at org.junit.runners.ParentRunner$1.schedule(ParentRunner.java:79) [junit-4.13.jar:4.13]
	at org.junit.runners.ParentRunner.runChildren(ParentRunner.java:329) [junit-4.13.jar:4.13]
	at org.junit.runners.ParentRunner.access$100(ParentRunner.java:66) [junit-4.13.jar:4.13]
	at org.junit.runners.ParentRunner$2.evaluate(ParentRunner.java:293) [junit-4.13.jar:4.13]
	at org.junit.internal.runners.statements.RunBefores.evaluate(RunBefores.java:26) [junit-4.13.jar:4.13]
	at org.junit.runners.ParentRunner$3.evaluate(ParentRunner.java:306) [junit-4.13.jar:4.13]
	at org.junit.runners.ParentRunner.run(ParentRunner.java:413) [junit-4.13.jar:4.13]
	at org.apache.maven.surefire.junit4.JUnit4Provider.execute(JUnit4Provider.java:367) [surefire-junit4-2.19.1.jar:2.19.1]
	at org.apache.maven.surefire.junit4.JUnit4Provider.executeWithRerun(JUnit4Provider.java:274) [surefire-junit4-2.19.1.jar:2.19.1]
	at org.apache.maven.surefire.junit4.JUnit4Provider.executeTestSet(JUnit4Provider.java:238) [surefire-junit4-2.19.1.jar:2.19.1]
	at org.apache.maven.surefire.junit4.JUnit4Provider.invoke(JUnit4Provider.java:161) [surefire-junit4-2.19.1.jar:2.19.1]
	at org.apache.maven.surefire.booter.ForkedBooter.invokeProviderInSameClassLoader(ForkedBooter.java:290) [surefire-booter-2.19.1.jar:2.19.1]
	at org.apache.maven.surefire.booter.ForkedBooter.runSuitesInProcess(ForkedBooter.java:242) [surefire-booter-2.19.1.jar:2.19.1]
	at org.apache.maven.surefire.booter.ForkedBooter.main(ForkedBooter.java:121) [surefire-booter-2.19.1.jar:2.19.1]
20:01:44.483 [main] ERROR org.hyperledger.fabric_ca.sdk.HFCAClient - org.hyperledger.fabric.sdkintegration.SampleUser@79f2b72
20:01:44.492 [main] ERROR org.hyperledger.fabric_ca.sdk.HFCAClient - org.hyperledger.fabric.sdkintegration.SampleUser@61d42e9a
Tests run: 36, Failures: 0, Errors: 0, Skipped: 0, Time elapsed: 0.398 sec - in org.hyperledger.fabric_ca.sdk.HFCAClientTest

Results :

Tests run: 431, Failures: 0, Errors: 0, Skipped: 5

[INFO] 
[INFO] --- jacoco-maven-plugin:0.8.5:report (report) @ fabric-sdk-java ---
[INFO] Loading execution data file /tmp/tmpqk3kjotq/fabric-sdk-java/target/jacoco.exec
[INFO] Analyzed bundle 'fabric-java-sdk' with 1392 classes
[INFO] ------------------------------------------------------------------------
[INFO] BUILD SUCCESS
[INFO] ------------------------------------------------------------------------
[INFO] Total time:  01:11 min
[INFO] Finished at: 2020-07-30T20:01:50Z
[INFO] ------------------------------------------------------------------------
