[INFO] Error stacktraces are turned on.
[INFO] Scanning for projects...
[WARNING] 
[WARNING] Some problems were encountered while building the effective model for at.archistar:archistar-smc:jar:0.4
[WARNING] 'build.plugins.plugin.(groupId:artifactId)' must be unique but found duplicate declaration of plugin org.apache.maven.plugins:maven-surefire-plugin @ line 84, column 15
[WARNING] 
[WARNING] It is highly recommended to fix these problems because they threaten the stability of your build.
[WARNING] 
[WARNING] For this reason, future Maven versions might no longer support building such malformed projects.
[WARNING] 
[INFO] 
[INFO] ---------------------< at.archistar:archistar-smc >---------------------
[INFO] Building archistar-smc 0.4
[INFO] --------------------------------[ jar ]---------------------------------
[INFO] 
[INFO] --- jacoco-maven-plugin:0.8.5:prepare-agent (default) @ archistar-smc ---
[INFO] argLine set to -javaagent:/home/jdbl/.m2/repository/org/jacoco/org.jacoco.agent/0.8.5/org.jacoco.agent-0.8.5-runtime.jar=destfile=/tmp/tmp20vn3r9g/archistar-smc/target/jacoco.exec
[INFO] 
[INFO] --- maven-resources-plugin:2.6:resources (default-resources) @ archistar-smc ---
[INFO] Using 'UTF-8' encoding to copy filtered resources.
[INFO] skip non existing resourceDirectory /tmp/tmp20vn3r9g/archistar-smc/src/main/resources
[INFO] 
[INFO] --- maven-compiler-plugin:3.1:compile (default-compile) @ archistar-smc ---
[INFO] Changes detected - recompiling the module!
[INFO] Compiling 56 source files to /tmp/tmp20vn3r9g/archistar-smc/target/classes
[WARNING] /tmp/tmp20vn3r9g/archistar-smc/src/main/java/at/archistar/crypto/symmetric/AESEncryptor.java: Some input files use or override a deprecated API.
[WARNING] /tmp/tmp20vn3r9g/archistar-smc/src/main/java/at/archistar/crypto/symmetric/AESEncryptor.java: Recompile with -Xlint:deprecation for details.
[INFO] 
[INFO] >>> findbugs-maven-plugin:3.0.5:check (analyze-compile) > :findbugs @ archistar-smc >>>
[INFO] 
[INFO] --- findbugs-maven-plugin:3.0.5:findbugs (findbugs) @ archistar-smc ---
[INFO] Fork Value is true
     [java] Aug 03, 2020 11:09:22 AM java.util.prefs.FileSystemPreferences$1 run
     [java] INFO: Created user preferences directory.
     [java] Warnings generated: 26
[INFO] Done FindBugs Analysis....
[INFO] 
[INFO] <<< findbugs-maven-plugin:3.0.5:check (analyze-compile) < :findbugs @ archistar-smc <<<
[INFO] 
[INFO] 
[INFO] --- findbugs-maven-plugin:3.0.5:check (analyze-compile) @ archistar-smc ---
[INFO] BugInstance size is 26
[INFO] Error size is 0
[INFO] Total bugs: 26
[INFO] org.fest.assertions.api.AbstractAssert.equals(Object) is unusual [org.fest.assertions.api.AbstractAssert] At AbstractAssert.java:[line 290] EQ_UNUSUAL
[INFO] Unread field: org.fest.assertions.api.filter.Filters.initialIterable [org.fest.assertions.api.filter.Filters] At Filters.java:[line 153] URF_UNREAD_FIELD
[INFO] org.fest.assertions.error.AbstractShouldHaveTextContent doesn't override BasicErrorMessageFactory.equals(Object) [org.fest.assertions.error.AbstractShouldHaveTextContent] At AbstractShouldHaveTextContent.java:[line 1] EQ_DOESNT_OVERRIDE_EQUALS
[INFO] Call to method of static java.text.DateFormat in new org.fest.assertions.error.ShouldBeInSameMillisecond(Date, Date) [org.fest.assertions.error.ShouldBeInSameMillisecond, org.fest.assertions.error.ShouldBeInSameMillisecond] At ShouldBeInSameMillisecond.java:[line 42]Another occurrence at ShouldBeInSameMillisecond.java:[line 43] STCAL_INVOKE_ON_STATIC_DATE_FORMAT_INSTANCE
[INFO] Return value of java.util.Comparator.compare(Object, Object) ignored, but method has no side effect [org.fest.assertions.internal.Arrays] At Arrays.java:[line 711] RV_RETURN_VALUE_IGNORED_NO_SIDE_EFFECT
[INFO] Use of non-localized String.toUpperCase() or String.toLowerCase() in org.fest.assertions.internal.BinaryDiffResult.describe(int) [org.fest.assertions.internal.BinaryDiffResult] At BinaryDiffResult.java:[line 51] DM_CONVERT_CASE
[INFO] Found reliance on default encoding in org.fest.assertions.internal.Diff.readerFor(InputStream): new java.io.InputStreamReader(InputStream) [org.fest.assertions.internal.Diff] At Diff.java:[line 90] DM_DEFAULT_ENCODING
[INFO] org.fest.assertions.internal.Diff.readerFor(File) may fail to clean up java.io.InputStream [org.fest.assertions.internal.Diff] Obligation to clean up resource created at Diff.java:[line 98] is not discharged OBL_UNSATISFIED_OBLIGATION
[INFO] org.fest.assertions.internal.Diff.readerFor(File, Charset) may fail to clean up java.io.InputStream [org.fest.assertions.internal.Diff] Obligation to clean up resource created at Diff.java:[line 102] is not discharged OBL_UNSATISFIED_OBLIGATION
[INFO] The method name org.fest.assertions.internal.Doubles.NaN() doesn't start with a lower case letter [org.fest.assertions.internal.Doubles] At Doubles.java:[line 61] NM_METHOD_NAMING_CONVENTION
[INFO] Nullcheck of expected at line 84 of value previously dereferenced in org.fest.assertions.internal.Doubles.assertEqual(AssertionInfo, Double, Double, Offset) [org.fest.assertions.internal.Doubles, org.fest.assertions.internal.Doubles] At Doubles.java:[line 80]Redundant null check at Doubles.java:[line 84] RCN_REDUNDANT_NULLCHECK_WOULD_HAVE_BEEN_A_NPE
[INFO] The method name org.fest.assertions.internal.Floats.NaN() doesn't start with a lower case letter [org.fest.assertions.internal.Floats] At Floats.java:[line 61] NM_METHOD_NAMING_CONVENTION
[INFO] Nullcheck of expected at line 88 of value previously dereferenced in org.fest.assertions.internal.Floats.assertEqual(AssertionInfo, Float, Float, Offset) [org.fest.assertions.internal.Floats, org.fest.assertions.internal.Floats] At Floats.java:[line 85]Redundant null check at Floats.java:[line 88] RCN_REDUNDANT_NULLCHECK_WOULD_HAVE_BEEN_A_NPE
[INFO] Return value of java.util.Comparator.compare(Object, Object) ignored, but method has no side effect [org.fest.assertions.internal.Lists] At Lists.java:[line 188] RV_RETURN_VALUE_IGNORED_NO_SIDE_EFFECT
[INFO] The method name org.fest.assertions.internal.RealNumbers.NaN() doesn't start with a lower case letter [org.fest.assertions.internal.RealNumbers] In RealNumbers.java NM_METHOD_NAMING_CONVENTION
[INFO] Use of non-localized String.toUpperCase() or String.toLowerCase() in org.fest.assertions.internal.Strings.assertContainsIgnoringCase(AssertionInfo, String, String) [org.fest.assertions.internal.Strings] At Strings.java:[line 237] DM_CONVERT_CASE
[INFO] Unread field: org.fest.assertions.internal.Throwables.diff [org.fest.assertions.internal.Throwables] At Throwables.java:[line 44] URF_UNREAD_FIELD
[INFO] org.fest.assertions.util.BigDecimalComparator implements Comparator but not Serializable [org.fest.assertions.util.BigDecimalComparator] At BigDecimalComparator.java:[lines 14-22] SE_COMPARATOR_SHOULD_BE_SERIALIZABLE
[INFO] Call to method of static java.text.DateFormat in org.fest.util.Dates.parse(String) [org.fest.util.Dates] At Dates.java:[line 89] STCAL_INVOKE_ON_STATIC_DATE_FORMAT_INSTANCE
[INFO] Call to method of static java.text.DateFormat in org.fest.util.Dates.parseDatetime(String) [org.fest.util.Dates] At Dates.java:[line 103] STCAL_INVOKE_ON_STATIC_DATE_FORMAT_INSTANCE
[INFO] org.fest.util.Dates.ISO_DATE_FORMAT is a static field of type java.text.DateFormat, which isn't thread safe [org.fest.util.Dates] In Dates.java STCAL_STATIC_SIMPLE_DATE_FORMAT_INSTANCE
[INFO] org.fest.util.Dates.ISO_DATE_TIME_FORMAT is a static field of type java.text.DateFormat, which isn't thread safe [org.fest.util.Dates] In Dates.java STCAL_STATIC_SIMPLE_DATE_FORMAT_INSTANCE
[INFO] org.fest.util.Dates.ISO_DATE_TIME_FORMAT_WITH_MS is a static field of type java.text.DateFormat, which isn't thread safe [org.fest.util.Dates] In Dates.java STCAL_STATIC_SIMPLE_DATE_FORMAT_INSTANCE
[INFO] Possible null pointer dereference in org.fest.util.Files.delete(File) due to return value of called method [org.fest.util.Files, org.fest.util.Files] Dereferenced at Files.java:[line 261]Known null at Files.java:[line 261] NP_NULL_ON_SOME_PATH_FROM_RETURN_VALUE
[INFO] Exceptional return value of java.io.File.delete() ignored in org.fest.util.Files.delete(File) [org.fest.util.Files, org.fest.util.Files] At Files.java:[line 255]Another occurrence at Files.java:[line 264] RV_RETURN_VALUE_IGNORED_BAD_PRACTICE
[INFO] org.fest.util.Flushables.flushFlushable(Flushable) might ignore java.lang.Exception [org.fest.util.Flushables, org.fest.util.Flushables] At Flushables.java:[line 42]At Flushables.java:[line 42] DE_MIGHT_IGNORE
[INFO] 


To see bug detail using the Findbugs GUI, use the following command "mvn findbugs:gui"



[INFO] ------------------------------------------------------------------------
[INFO] BUILD FAILURE
[INFO] ------------------------------------------------------------------------
[INFO] Total time:  27.058 s
[INFO] Finished at: 2020-08-03T11:09:28Z
[INFO] ------------------------------------------------------------------------
[ERROR] Failed to execute goal org.codehaus.mojo:findbugs-maven-plugin:3.0.5:check (analyze-compile) on project archistar-smc: failed with 26 bugs and 0 errors -> [Help 1]
org.apache.maven.lifecycle.LifecycleExecutionException: Failed to execute goal org.codehaus.mojo:findbugs-maven-plugin:3.0.5:check (analyze-compile) on project archistar-smc: failed with 26 bugs and 0 errors 
    at org.apache.maven.lifecycle.internal.MojoExecutor.execute (MojoExecutor.java:215)
    at org.apache.maven.lifecycle.internal.MojoExecutor.execute (MojoExecutor.java:156)
    at org.apache.maven.lifecycle.internal.MojoExecutor.execute (MojoExecutor.java:148)
    at org.apache.maven.lifecycle.internal.LifecycleModuleBuilder.buildProject (LifecycleModuleBuilder.java:117)
    at org.apache.maven.lifecycle.internal.LifecycleModuleBuilder.buildProject (LifecycleModuleBuilder.java:81)
    at org.apache.maven.lifecycle.internal.builder.singlethreaded.SingleThreadedBuilder.build (SingleThreadedBuilder.java:56)
    at org.apache.maven.lifecycle.internal.LifecycleStarter.execute (LifecycleStarter.java:128)
    at org.apache.maven.DefaultMaven.doExecute (DefaultMaven.java:305)
    at org.apache.maven.DefaultMaven.doExecute (DefaultMaven.java:192)
    at org.apache.maven.DefaultMaven.execute (DefaultMaven.java:105)
    at org.apache.maven.cli.MavenCli.execute (MavenCli.java:957)
    at org.apache.maven.cli.MavenCli.doMain (MavenCli.java:289)
    at org.apache.maven.cli.MavenCli.main (MavenCli.java:193)
    at sun.reflect.NativeMethodAccessorImpl.invoke0 (Native Method)
    at sun.reflect.NativeMethodAccessorImpl.invoke (NativeMethodAccessorImpl.java:62)
    at sun.reflect.DelegatingMethodAccessorImpl.invoke (DelegatingMethodAccessorImpl.java:43)
    at java.lang.reflect.Method.invoke (Method.java:498)
    at org.codehaus.plexus.classworlds.launcher.Launcher.launchEnhanced (Launcher.java:282)
    at org.codehaus.plexus.classworlds.launcher.Launcher.launch (Launcher.java:225)
    at org.codehaus.plexus.classworlds.launcher.Launcher.mainWithExitCode (Launcher.java:406)
    at org.codehaus.plexus.classworlds.launcher.Launcher.main (Launcher.java:347)
Caused by: org.apache.maven.plugin.MojoExecutionException: failed with 26 bugs and 0 errors 
    at sun.reflect.NativeConstructorAccessorImpl.newInstance0 (Native Method)
    at sun.reflect.NativeConstructorAccessorImpl.newInstance (NativeConstructorAccessorImpl.java:62)
    at sun.reflect.DelegatingConstructorAccessorImpl.newInstance (DelegatingConstructorAccessorImpl.java:45)
    at java.lang.reflect.Constructor.newInstance (Constructor.java:423)
    at org.codehaus.groovy.reflection.CachedConstructor.invoke (CachedConstructor.java:83)
    at org.codehaus.groovy.reflection.CachedConstructor.doConstructorInvoke (CachedConstructor.java:77)
    at org.codehaus.groovy.runtime.callsite.ConstructorSite$ConstructorSiteNoUnwrap.callConstructor (ConstructorSite.java:84)
    at org.codehaus.groovy.runtime.callsite.CallSiteArray.defaultCallConstructor (CallSiteArray.java:60)
    at org.codehaus.groovy.runtime.callsite.AbstractCallSite.callConstructor (AbstractCallSite.java:235)
    at org.codehaus.groovy.runtime.callsite.AbstractCallSite.callConstructor (AbstractCallSite.java:247)
    at org.codehaus.mojo.findbugs.FindbugsViolationCheckMojo.execute (FindbugsViolationCheckMojo.groovy:513)
    at org.apache.maven.plugin.DefaultBuildPluginManager.executeMojo (DefaultBuildPluginManager.java:137)
    at org.apache.maven.lifecycle.internal.MojoExecutor.execute (MojoExecutor.java:210)
    at org.apache.maven.lifecycle.internal.MojoExecutor.execute (MojoExecutor.java:156)
    at org.apache.maven.lifecycle.internal.MojoExecutor.execute (MojoExecutor.java:148)
    at org.apache.maven.lifecycle.internal.LifecycleModuleBuilder.buildProject (LifecycleModuleBuilder.java:117)
    at org.apache.maven.lifecycle.internal.LifecycleModuleBuilder.buildProject (LifecycleModuleBuilder.java:81)
    at org.apache.maven.lifecycle.internal.builder.singlethreaded.SingleThreadedBuilder.build (SingleThreadedBuilder.java:56)
    at org.apache.maven.lifecycle.internal.LifecycleStarter.execute (LifecycleStarter.java:128)
    at org.apache.maven.DefaultMaven.doExecute (DefaultMaven.java:305)
    at org.apache.maven.DefaultMaven.doExecute (DefaultMaven.java:192)
    at org.apache.maven.DefaultMaven.execute (DefaultMaven.java:105)
    at org.apache.maven.cli.MavenCli.execute (MavenCli.java:957)
    at org.apache.maven.cli.MavenCli.doMain (MavenCli.java:289)
    at org.apache.maven.cli.MavenCli.main (MavenCli.java:193)
    at sun.reflect.NativeMethodAccessorImpl.invoke0 (Native Method)
    at sun.reflect.NativeMethodAccessorImpl.invoke (NativeMethodAccessorImpl.java:62)
    at sun.reflect.DelegatingMethodAccessorImpl.invoke (DelegatingMethodAccessorImpl.java:43)
    at java.lang.reflect.Method.invoke (Method.java:498)
    at org.codehaus.plexus.classworlds.launcher.Launcher.launchEnhanced (Launcher.java:282)
    at org.codehaus.plexus.classworlds.launcher.Launcher.launch (Launcher.java:225)
    at org.codehaus.plexus.classworlds.launcher.Launcher.mainWithExitCode (Launcher.java:406)
    at org.codehaus.plexus.classworlds.launcher.Launcher.main (Launcher.java:347)
[ERROR] 
[ERROR] Re-run Maven using the -X switch to enable full debug logging.
[ERROR] 
[ERROR] For more information about the errors and possible solutions, please read the following articles:
[ERROR] [Help 1] http://cwiki.apache.org/confluence/display/MAVEN/MojoExecutionException
[INFO] Build failures were ignored.
