[INFO] Error stacktraces are turned on.
[INFO] Scanning for projects...
[INFO] Inspecting build with total of 1 modules...
[INFO] Not installing Nexus Staging features:
[INFO]  * Preexisting staging related goal bindings found in 1 modules.
[INFO] 
[INFO] -------< org.camunda.bpm.extension.mockito:camunda-bpm-mockito >--------
[INFO] Building camunda-bpm-mockito 4.13.1-SNAPSHOT
[INFO] --------------------------------[ jar ]---------------------------------
[INFO] 
[INFO] --- jacoco-maven-plugin:0.8.5:prepare-agent (default) @ camunda-bpm-mockito ---
[INFO] argLine set to -javaagent:/home/jdbl/.m2/repository/org/jacoco/org.jacoco.agent/0.8.5/org.jacoco.agent-0.8.5-runtime.jar=destfile=/tmp/tmp4ddnk95t/camunda-bpm-mockito/target/jacoco.exec
[INFO] 
[INFO] --- maven-resources-plugin:2.6:resources (default-resources) @ camunda-bpm-mockito ---
[INFO] Using 'UTF-8' encoding to copy filtered resources.
[INFO] skip non existing resourceDirectory /tmp/tmp4ddnk95t/camunda-bpm-mockito/src/main/resources
[INFO] 
[INFO] --- maven-compiler-plugin:3.8.1:compile (default-compile) @ camunda-bpm-mockito ---
[INFO] Changes detected - recompiling the module!
[INFO] Compiling 86 source files to /tmp/tmp4ddnk95t/camunda-bpm-mockito/target/classes
[INFO] /tmp/tmp4ddnk95t/camunda-bpm-mockito/src/main/java/org/camunda/bpm/extension/mockito/query/AbstractQueryMock.java: Some input files use unchecked or unsafe operations.
[INFO] /tmp/tmp4ddnk95t/camunda-bpm-mockito/src/main/java/org/camunda/bpm/extension/mockito/query/AbstractQueryMock.java: Recompile with -Xlint:unchecked for details.
[INFO] 
[INFO] --- maven-resources-plugin:2.6:testResources (default-testResources) @ camunda-bpm-mockito ---
[INFO] Using 'UTF-8' encoding to copy filtered resources.
[INFO] Copying 2 resources
[INFO] 
[INFO] --- maven-compiler-plugin:3.8.1:testCompile (default-testCompile) @ camunda-bpm-mockito ---
[INFO] Changes detected - recompiling the module!
[INFO] Compiling 29 source files to /tmp/tmp4ddnk95t/camunda-bpm-mockito/target/test-classes
[INFO] /tmp/tmp4ddnk95t/camunda-bpm-mockito/src/test/java/org/camunda/bpm/extension/mockito/cases/CaseInstanceFakeTest.java: Some input files use or override a deprecated API.
[INFO] /tmp/tmp4ddnk95t/camunda-bpm-mockito/src/test/java/org/camunda/bpm/extension/mockito/cases/CaseInstanceFakeTest.java: Recompile with -Xlint:deprecation for details.
[INFO] /tmp/tmp4ddnk95t/camunda-bpm-mockito/src/test/java/org/camunda/bpm/extension/mockito/delegate/VariableScopeFakeTest.java: /tmp/tmp4ddnk95t/camunda-bpm-mockito/src/test/java/org/camunda/bpm/extension/mockito/delegate/VariableScopeFakeTest.java uses unchecked or unsafe operations.
[INFO] /tmp/tmp4ddnk95t/camunda-bpm-mockito/src/test/java/org/camunda/bpm/extension/mockito/delegate/VariableScopeFakeTest.java: Recompile with -Xlint:unchecked for details.
[INFO] 
[INFO] --- maven-surefire-plugin:2.19.1:test (default-test) @ camunda-bpm-mockito ---
[INFO] Surefire report directory: /tmp/tmp4ddnk95t/camunda-bpm-mockito/target/surefire-reports

-------------------------------------------------------
 T E S T S
-------------------------------------------------------
Running org.camunda.bpm.extension.mockito.ManualMockProcessTest
[main] INFO org.camunda.feel.FeelEngine - Engine created. [value-mapper: CompositeValueMapper(List(org.camunda.feel.impl.JavaValueMapper@762bf32d)), function-provider: org.camunda.bpm.dmn.feel.impl.scala.function.CustomFunctionTransformer@17d2b646, configuration: Configuration(false)]
[main] INFO org.camunda.bpm.engine.persistence - ENGINE-03016 Performing database operation 'create' on component 'engine' with resource 'org/camunda/bpm/engine/db/create/activiti.h2.create.engine.sql'
[main] INFO org.camunda.bpm.engine.persistence - ENGINE-03016 Performing database operation 'create' on component 'history' with resource 'org/camunda/bpm/engine/db/create/activiti.h2.create.history.sql'
[main] INFO org.camunda.bpm.engine.persistence - ENGINE-03016 Performing database operation 'create' on component 'identity' with resource 'org/camunda/bpm/engine/db/create/activiti.h2.create.identity.sql'
[main] INFO org.camunda.bpm.engine.persistence - ENGINE-03016 Performing database operation 'create' on component 'case.engine' with resource 'org/camunda/bpm/engine/db/create/activiti.h2.create.case.engine.sql'
[main] INFO org.camunda.bpm.engine.persistence - ENGINE-03016 Performing database operation 'create' on component 'case.history' with resource 'org/camunda/bpm/engine/db/create/activiti.h2.create.case.history.sql'
[main] INFO org.camunda.bpm.engine.persistence - ENGINE-03016 Performing database operation 'create' on component 'decision.engine' with resource 'org/camunda/bpm/engine/db/create/activiti.h2.create.decision.engine.sql'
[main] INFO org.camunda.bpm.engine.persistence - ENGINE-03016 Performing database operation 'create' on component 'decision.history' with resource 'org/camunda/bpm/engine/db/create/activiti.h2.create.decision.history.sql'
[main] INFO org.camunda.bpm.engine.persistence - ENGINE-03067 No history level property found in database
[main] INFO org.camunda.bpm.engine.persistence - ENGINE-03065 Creating historyLevel property in database for level: HistoryLevelFull(name=full, id=3)
[main] INFO org.camunda.bpm.engine - ENGINE-00001 Process Engine default created.
Tests run: 1, Failures: 0, Errors: 0, Skipped: 0, Time elapsed: 16.303 sec - in org.camunda.bpm.extension.mockito.ManualMockProcessTest
Running org.camunda.bpm.extension.mockito.function.ReadXmlDocumentFromResourceTest
[main] INFO org.camunda.bpm.extension.mockito.function.ReadXmlDocumentFromResourceTest - com.sun.org.apache.xerces.internal.dom.DeepNodeListImpl@26dcb45f
[main] INFO org.camunda.bpm.extension.mockito.function.ReadXmlDocumentFromResourceTest - [bpmn2:serviceTask: null]
Tests run: 2, Failures: 0, Errors: 0, Skipped: 0, Time elapsed: 0.192 sec - in org.camunda.bpm.extension.mockito.function.ReadXmlDocumentFromResourceTest
Running org.camunda.bpm.extension.mockito.function.NameForExpressionTypeTest
Tests run: 12, Failures: 0, Errors: 0, Skipped: 0, Time elapsed: 0.142 sec - in org.camunda.bpm.extension.mockito.function.NameForExpressionTypeTest
Running org.camunda.bpm.extension.mockito.function.ParseDelegateExpressionsTest
Tests run: 1, Failures: 0, Errors: 0, Skipped: 0, Time elapsed: 0.029 sec - in org.camunda.bpm.extension.mockito.function.ParseDelegateExpressionsTest
Running org.camunda.bpm.extension.mockito.typedvalues.VariableContextFakeTest
Tests run: 2, Failures: 0, Errors: 0, Skipped: 0, Time elapsed: 0.009 sec - in org.camunda.bpm.extension.mockito.typedvalues.VariableContextFakeTest
Running org.camunda.bpm.extension.mockito.CallActivityMockExampleTest
[main] INFO org.camunda.feel.FeelEngine - Engine created. [value-mapper: CompositeValueMapper(List(org.camunda.feel.impl.JavaValueMapper@193f3daf)), function-provider: org.camunda.bpm.dmn.feel.impl.scala.function.CustomFunctionTransformer@66e35af9, configuration: Configuration(false)]
[main] INFO org.camunda.bpm.engine - ENGINE-00001 Process Engine default created.
[main] INFO org.camunda.feel.FeelEngine - Engine created. [value-mapper: CompositeValueMapper(List(org.camunda.feel.impl.JavaValueMapper@dfaff72)), function-provider: org.camunda.bpm.dmn.feel.impl.scala.function.CustomFunctionTransformer@6c79d49f, configuration: Configuration(false)]
[main] INFO org.camunda.bpm.engine - ENGINE-00001 Process Engine default created.
[main] INFO org.camunda.feel.FeelEngine - Engine created. [value-mapper: CompositeValueMapper(List(org.camunda.feel.impl.JavaValueMapper@7a477438)), function-provider: org.camunda.bpm.dmn.feel.impl.scala.function.CustomFunctionTransformer@42dda18, configuration: Configuration(false)]
[main] INFO org.camunda.bpm.engine - ENGINE-00001 Process Engine default created.
[main] INFO org.camunda.feel.FeelEngine - Engine created. [value-mapper: CompositeValueMapper(List(org.camunda.feel.impl.JavaValueMapper@45808eef)), function-provider: org.camunda.bpm.dmn.feel.impl.scala.function.CustomFunctionTransformer@69a7866b, configuration: Configuration(false)]
[main] INFO org.camunda.bpm.engine - ENGINE-00001 Process Engine default created.
[main] INFO org.camunda.feel.FeelEngine - Engine created. [value-mapper: CompositeValueMapper(List(org.camunda.feel.impl.JavaValueMapper@128955d4)), function-provider: org.camunda.bpm.dmn.feel.impl.scala.function.CustomFunctionTransformer@3f1b551, configuration: Configuration(false)]
[main] INFO org.camunda.bpm.engine - ENGINE-00001 Process Engine default created.
[main] ERROR org.camunda.bpm.engine.context - ENGINE-16004 Exception while closing command context: java.lang.Exception: No
java.lang.RuntimeException: java.lang.Exception: No
	at org.camunda.bpm.extension.mockito.process.CallActivityMock.lambda$onExecutionRunIntoError$4(CallActivityMock.java:192)
	at org.camunda.bpm.engine.impl.bpmn.delegate.JavaDelegateInvocation.invoke(JavaDelegateInvocation.java:40)
	at org.camunda.bpm.engine.impl.delegate.DelegateInvocation.proceed(DelegateInvocation.java:58)
	at org.camunda.bpm.engine.impl.delegate.DefaultDelegateInterceptor.handleInvocationInContext(DefaultDelegateInterceptor.java:92)
	at org.camunda.bpm.engine.impl.delegate.DefaultDelegateInterceptor.handleInvocation(DefaultDelegateInterceptor.java:63)
	at org.camunda.bpm.engine.impl.bpmn.behavior.ServiceTaskDelegateExpressionActivityBehavior$3.call(ServiceTaskDelegateExpressionActivityBehavior.java:118)
	at org.camunda.bpm.engine.impl.bpmn.behavior.ServiceTaskDelegateExpressionActivityBehavior$3.call(ServiceTaskDelegateExpressionActivityBehavior.java:102)
	at org.camunda.bpm.engine.impl.bpmn.behavior.AbstractBpmnActivityBehavior.executeWithErrorPropagation(AbstractBpmnActivityBehavior.java:90)
	at org.camunda.bpm.engine.impl.bpmn.behavior.ServiceTaskDelegateExpressionActivityBehavior.performExecution(ServiceTaskDelegateExpressionActivityBehavior.java:127)
	at org.camunda.bpm.engine.impl.bpmn.behavior.TaskActivityBehavior.execute(TaskActivityBehavior.java:69)
	at org.camunda.bpm.engine.impl.pvm.runtime.operation.PvmAtomicOperationActivityExecute$2.callback(PvmAtomicOperationActivityExecute.java:61)
	at org.camunda.bpm.engine.impl.pvm.runtime.operation.PvmAtomicOperationActivityExecute$2.callback(PvmAtomicOperationActivityExecute.java:50)
	at org.camunda.bpm.engine.impl.pvm.runtime.PvmExecutionImpl.continueIfExecutionDoesNotAffectNextOperation(PvmExecutionImpl.java:1998)
	at org.camunda.bpm.engine.impl.pvm.runtime.operation.PvmAtomicOperationActivityExecute.execute(PvmAtomicOperationActivityExecute.java:42)
	at org.camunda.bpm.engine.impl.pvm.runtime.operation.PvmAtomicOperationActivityExecute.execute(PvmAtomicOperationActivityExecute.java:31)
	at org.camunda.bpm.engine.impl.interceptor.AtomicOperationInvocation.execute(AtomicOperationInvocation.java:99)
	at org.camunda.bpm.engine.impl.interceptor.CommandInvocationContext.invokeNext(CommandInvocationContext.java:131)
	at org.camunda.bpm.engine.impl.interceptor.CommandInvocationContext.performNext(CommandInvocationContext.java:111)
	at org.camunda.bpm.engine.impl.interceptor.CommandInvocationContext.performOperation(CommandInvocationContext.java:86)
	at org.camunda.bpm.engine.impl.persistence.entity.ExecutionEntity.performOperation(ExecutionEntity.java:645)
	at org.camunda.bpm.engine.impl.persistence.entity.ExecutionEntity.performOperation(ExecutionEntity.java:619)
	at org.camunda.bpm.engine.impl.pvm.runtime.PvmExecutionImpl$6.callback(PvmExecutionImpl.java:1937)
	at org.camunda.bpm.engine.impl.pvm.runtime.PvmExecutionImpl$6.callback(PvmExecutionImpl.java:1934)
	at org.camunda.bpm.engine.impl.pvm.runtime.PvmExecutionImpl.continueExecutionIfNotCanceled(PvmExecutionImpl.java:2004)
	at org.camunda.bpm.engine.impl.pvm.runtime.PvmExecutionImpl.dispatchDelayedEventsAndPerformOperation(PvmExecutionImpl.java:1953)
	at org.camunda.bpm.engine.impl.pvm.runtime.PvmExecutionImpl.dispatchDelayedEventsAndPerformOperation(PvmExecutionImpl.java:1934)
	at org.camunda.bpm.engine.impl.pvm.runtime.operation.PvmAtomicOperationTransitionNotifyListenerStart.eventNotificationsCompleted(PvmAtomicOperationTransitionNotifyListenerStart.java:60)
	at org.camunda.bpm.engine.impl.pvm.runtime.operation.PvmAtomicOperationTransitionNotifyListenerStart.eventNotificationsCompleted(PvmAtomicOperationTransitionNotifyListenerStart.java:30)
	at org.camunda.bpm.engine.impl.core.operation.AbstractEventAtomicOperation.execute(AbstractEventAtomicOperation.java:66)
	at org.camunda.bpm.engine.impl.interceptor.AtomicOperationInvocation.execute(AtomicOperationInvocation.java:99)
	at org.camunda.bpm.engine.impl.interceptor.CommandInvocationContext.invokeNext(CommandInvocationContext.java:131)
	at org.camunda.bpm.engine.impl.interceptor.CommandInvocationContext.performNext(CommandInvocationContext.java:111)
	at org.camunda.bpm.engine.impl.interceptor.CommandInvocationContext.performOperation(CommandInvocationContext.java:86)
	at org.camunda.bpm.engine.impl.interceptor.CommandInvocationContext.performOperation(CommandInvocationContext.java:76)
	at org.camunda.bpm.engine.impl.persistence.entity.ExecutionEntity.performOperationSync(ExecutionEntity.java:654)
	at org.camunda.bpm.engine.impl.persistence.entity.ExecutionEntity.performOperationSync(ExecutionEntity.java:629)
	at org.camunda.bpm.engine.impl.core.operation.AbstractEventAtomicOperation.execute(AbstractEventAtomicOperation.java:62)
	at org.camunda.bpm.engine.impl.interceptor.AtomicOperationInvocation.execute(AtomicOperationInvocation.java:99)
	at org.camunda.bpm.engine.impl.interceptor.CommandInvocationContext.invokeNext(CommandInvocationContext.java:131)
	at org.camunda.bpm.engine.impl.interceptor.CommandInvocationContext.performNext(CommandInvocationContext.java:111)
	at org.camunda.bpm.engine.impl.interceptor.CommandInvocationContext.performOperation(CommandInvocationContext.java:86)
	at org.camunda.bpm.engine.impl.interceptor.CommandInvocationContext.performOperation(CommandInvocationContext.java:76)
	at org.camunda.bpm.engine.impl.persistence.entity.ExecutionEntity.performOperationSync(ExecutionEntity.java:654)
	at org.camunda.bpm.engine.impl.persistence.entity.ExecutionEntity.performOperationSync(ExecutionEntity.java:629)
	at org.camunda.bpm.engine.impl.core.operation.AbstractEventAtomicOperation.execute(AbstractEventAtomicOperation.java:62)
	at org.camunda.bpm.engine.impl.interceptor.AtomicOperationInvocation.execute(AtomicOperationInvocation.java:99)
	at org.camunda.bpm.engine.impl.interceptor.CommandInvocationContext.invokeNext(CommandInvocationContext.java:131)
	at org.camunda.bpm.engine.impl.interceptor.CommandInvocationContext.performNext(CommandInvocationContext.java:111)
	at org.camunda.bpm.engine.impl.interceptor.CommandInvocationContext.performOperation(CommandInvocationContext.java:86)
	at org.camunda.bpm.engine.impl.persistence.entity.ExecutionEntity.performOperation(ExecutionEntity.java:645)
	at org.camunda.bpm.engine.impl.persistence.entity.ExecutionEntity.performOperation(ExecutionEntity.java:619)
	at org.camunda.bpm.engine.impl.pvm.runtime.operation.PvmAtomicOperationTransitionCreateScope.scopeCreated(PvmAtomicOperationTransitionCreateScope.java:38)
	at org.camunda.bpm.engine.impl.pvm.runtime.operation.PvmAtomicOperationCreateScope.execute(PvmAtomicOperationCreateScope.java:54)
	at org.camunda.bpm.engine.impl.pvm.runtime.operation.PvmAtomicOperationCreateScope.execute(PvmAtomicOperationCreateScope.java:28)
	at org.camunda.bpm.engine.impl.interceptor.AtomicOperationInvocation.execute(AtomicOperationInvocation.java:99)
	at org.camunda.bpm.engine.impl.interceptor.CommandInvocationContext.invokeNext(CommandInvocationContext.java:131)
	at org.camunda.bpm.engine.impl.interceptor.CommandInvocationContext.performNext(CommandInvocationContext.java:118)
	at org.camunda.bpm.engine.impl.interceptor.CommandInvocationContext.performOperation(CommandInvocationContext.java:86)
	at org.camunda.bpm.engine.impl.persistence.entity.ExecutionEntity.performOperation(ExecutionEntity.java:645)
	at org.camunda.bpm.engine.impl.persistence.entity.ExecutionEntity.performOperation(ExecutionEntity.java:619)
	at org.camunda.bpm.engine.impl.pvm.runtime.PvmExecutionImpl.start(PvmExecutionImpl.java:249)
	at org.camunda.bpm.engine.impl.persistence.entity.ExecutionEntity.start(ExecutionEntity.java:454)
	at org.camunda.bpm.engine.impl.cmd.StartProcessInstanceCmd.execute(StartProcessInstanceCmd.java:66)
	at org.camunda.bpm.engine.impl.cmd.StartProcessInstanceCmd.execute(StartProcessInstanceCmd.java:38)
	at org.camunda.bpm.engine.impl.interceptor.CommandExecutorImpl.execute(CommandExecutorImpl.java:28)
	at org.camunda.bpm.engine.impl.interceptor.CommandContextInterceptor.execute(CommandContextInterceptor.java:110)
	at org.camunda.bpm.engine.impl.interceptor.ProcessApplicationContextInterceptor.execute(ProcessApplicationContextInterceptor.java:70)
	at org.camunda.bpm.engine.impl.interceptor.LogInterceptor.execute(LogInterceptor.java:33)
	at org.camunda.bpm.engine.impl.ProcessInstantiationBuilderImpl.executeWithVariablesInReturn(ProcessInstantiationBuilderImpl.java:166)
	at org.camunda.bpm.engine.impl.ProcessInstantiationBuilderImpl.execute(ProcessInstantiationBuilderImpl.java:132)
	at org.camunda.bpm.engine.impl.ProcessInstantiationBuilderImpl.execute(ProcessInstantiationBuilderImpl.java:128)
	at org.camunda.bpm.engine.impl.RuntimeServiceImpl.startProcessInstanceByKey(RuntimeServiceImpl.java:86)
	at org.camunda.bpm.extension.mockito.CallActivityMockExampleTest.startProcess(CallActivityMockExampleTest.java:267)
	at org.camunda.bpm.extension.mockito.CallActivityMockExampleTest.register_subprocess_mock_withException(CallActivityMockExampleTest.java:164)
	at sun.reflect.NativeMethodAccessorImpl.invoke0(Native Method)
	at sun.reflect.NativeMethodAccessorImpl.invoke(NativeMethodAccessorImpl.java:62)
	at sun.reflect.DelegatingMethodAccessorImpl.invoke(DelegatingMethodAccessorImpl.java:43)
	at java.lang.reflect.Method.invoke(Method.java:498)
	at org.junit.runners.model.FrameworkMethod$1.runReflectiveCall(FrameworkMethod.java:50)
	at org.junit.internal.runners.model.ReflectiveCallable.run(ReflectiveCallable.java:12)
	at org.junit.runners.model.FrameworkMethod.invokeExplosively(FrameworkMethod.java:47)
	at org.junit.internal.runners.statements.InvokeMethod.evaluate(InvokeMethod.java:17)
	at org.junit.internal.runners.statements.ExpectException.evaluate(ExpectException.java:19)
	at org.junit.internal.runners.statements.RunBefores.evaluate(RunBefores.java:26)
	at org.junit.rules.TestWatcher$1.evaluate(TestWatcher.java:55)
	at org.camunda.bpm.engine.test.ProcessEngineRule$1.evaluate(ProcessEngineRule.java:172)
	at org.junit.rules.RunRules.evaluate(RunRules.java:20)
	at org.junit.runners.ParentRunner.runLeaf(ParentRunner.java:325)
	at org.junit.runners.BlockJUnit4ClassRunner.runChild(BlockJUnit4ClassRunner.java:78)
	at org.junit.runners.BlockJUnit4ClassRunner.runChild(BlockJUnit4ClassRunner.java:57)
	at org.junit.runners.ParentRunner$3.run(ParentRunner.java:290)
	at org.junit.runners.ParentRunner$1.schedule(ParentRunner.java:71)
	at org.junit.runners.ParentRunner.runChildren(ParentRunner.java:288)
	at org.junit.runners.ParentRunner.access$000(ParentRunner.java:58)
	at org.junit.runners.ParentRunner$2.evaluate(ParentRunner.java:268)
	at org.junit.runners.ParentRunner.run(ParentRunner.java:363)
	at org.apache.maven.surefire.junit4.JUnit4Provider.execute(JUnit4Provider.java:367)
	at org.apache.maven.surefire.junit4.JUnit4Provider.executeWithRerun(JUnit4Provider.java:274)
	at org.apache.maven.surefire.junit4.JUnit4Provider.executeTestSet(JUnit4Provider.java:238)
	at org.apache.maven.surefire.junit4.JUnit4Provider.invoke(JUnit4Provider.java:161)
	at org.apache.maven.surefire.booter.ForkedBooter.invokeProviderInSameClassLoader(ForkedBooter.java:290)
	at org.apache.maven.surefire.booter.ForkedBooter.runSuitesInProcess(ForkedBooter.java:242)
	at org.apache.maven.surefire.booter.ForkedBooter.main(ForkedBooter.java:121)
Caused by: java.lang.Exception: No
	at org.camunda.bpm.extension.mockito.CallActivityMockExampleTest.register_subprocess_mock_withException(CallActivityMockExampleTest.java:160)
	... 29 more
[main] INFO org.camunda.feel.FeelEngine - Engine created. [value-mapper: CompositeValueMapper(List(org.camunda.feel.impl.JavaValueMapper@67d70df0)), function-provider: org.camunda.bpm.dmn.feel.impl.scala.function.CustomFunctionTransformer@1a4564f, configuration: Configuration(false)]
[main] INFO org.camunda.bpm.engine - ENGINE-00001 Process Engine default created.
[main] INFO org.camunda.feel.FeelEngine - Engine created. [value-mapper: CompositeValueMapper(List(org.camunda.feel.impl.JavaValueMapper@360b204a)), function-provider: org.camunda.bpm.dmn.feel.impl.scala.function.CustomFunctionTransformer@5ef7936b, configuration: Configuration(false)]
[main] INFO org.camunda.bpm.engine - ENGINE-00001 Process Engine default created.
[main] INFO org.camunda.feel.FeelEngine - Engine created. [value-mapper: CompositeValueMapper(List(org.camunda.feel.impl.JavaValueMapper@3cbe3580)), function-provider: org.camunda.bpm.dmn.feel.impl.scala.function.CustomFunctionTransformer@9dac6dc, configuration: Configuration(false)]
[main] INFO org.camunda.bpm.engine - ENGINE-00001 Process Engine default created.
[main] INFO org.camunda.feel.FeelEngine - Engine created. [value-mapper: CompositeValueMapper(List(org.camunda.feel.impl.JavaValueMapper@6e36fb78)), function-provider: org.camunda.bpm.dmn.feel.impl.scala.function.CustomFunctionTransformer@6e08e591, configuration: Configuration(false)]
[main] INFO org.camunda.bpm.engine - ENGINE-00001 Process Engine default created.
[main] INFO org.camunda.feel.FeelEngine - Engine created. [value-mapper: CompositeValueMapper(List(org.camunda.feel.impl.JavaValueMapper@3c46fb09)), function-provider: org.camunda.bpm.dmn.feel.impl.scala.function.CustomFunctionTransformer@388f46eb, configuration: Configuration(false)]
[main] INFO org.camunda.bpm.engine - ENGINE-00001 Process Engine default created.
Tests run: 10, Failures: 0, Errors: 0, Skipped: 0, Time elapsed: 47.335 sec - in org.camunda.bpm.extension.mockito.CallActivityMockExampleTest
Running org.camunda.bpm.extension.mockito.service.RuntimeServiceFluentMockTest
Tests run: 4, Failures: 0, Errors: 0, Skipped: 0, Time elapsed: 0.321 sec - in org.camunda.bpm.extension.mockito.service.RuntimeServiceFluentMockTest
Running org.camunda.bpm.extension.mockito.AutoMockProcessTest
[main] INFO org.camunda.feel.FeelEngine - Engine created. [value-mapper: CompositeValueMapper(List(org.camunda.feel.impl.JavaValueMapper@1bf1e30c)), function-provider: org.camunda.bpm.dmn.feel.impl.scala.function.CustomFunctionTransformer@368e8ea7, configuration: Configuration(false)]
[main] INFO org.camunda.bpm.engine - ENGINE-00001 Process Engine default created.
[main] INFO org.camunda.feel.FeelEngine - Engine created. [value-mapper: CompositeValueMapper(List(org.camunda.feel.impl.JavaValueMapper@5743a94e)), function-provider: org.camunda.bpm.dmn.feel.impl.scala.function.CustomFunctionTransformer@7dd25ac5, configuration: Configuration(false)]
[main] INFO org.camunda.bpm.engine - ENGINE-00001 Process Engine default created.
Tests run: 2, Failures: 0, Errors: 0, Skipped: 0, Time elapsed: 7.556 sec - in org.camunda.bpm.extension.mockito.AutoMockProcessTest
Running org.camunda.bpm.extension.mockito.query.AuthorizationQueryMockTest
Tests run: 1, Failures: 0, Errors: 0, Skipped: 1, Time elapsed: 0 sec - in org.camunda.bpm.extension.mockito.query.AuthorizationQueryMockTest
Running org.camunda.bpm.extension.mockito.query.ProcessInstanceQueryMockTest
Tests run: 2, Failures: 0, Errors: 0, Skipped: 0, Time elapsed: 0.234 sec - in org.camunda.bpm.extension.mockito.query.ProcessInstanceQueryMockTest
Running org.camunda.bpm.extension.mockito.query.TaskQueryMockTest
Tests run: 4, Failures: 0, Errors: 0, Skipped: 0, Time elapsed: 0.481 sec - in org.camunda.bpm.extension.mockito.query.TaskQueryMockTest
Running org.camunda.bpm.extension.mockito.verify.MockitoVerificationTest
Tests run: 3, Failures: 0, Errors: 0, Skipped: 0, Time elapsed: 0.053 sec - in org.camunda.bpm.extension.mockito.verify.MockitoVerificationTest
Running org.camunda.bpm.extension.mockito.process.ProcessDefinitionFakeTest
Tests run: 3, Failures: 0, Errors: 0, Skipped: 0, Time elapsed: 0.001 sec - in org.camunda.bpm.extension.mockito.process.ProcessDefinitionFakeTest
Running org.camunda.bpm.extension.mockito.process.ProcessInstanceFakeTest
Tests run: 3, Failures: 0, Errors: 0, Skipped: 0, Time elapsed: 0.026 sec - in org.camunda.bpm.extension.mockito.process.ProcessInstanceFakeTest
Running org.camunda.bpm.extension.mockito.mock.FluentJavaDelegateMockTest
Tests run: 3, Failures: 0, Errors: 0, Skipped: 0, Time elapsed: 0.086 sec - in org.camunda.bpm.extension.mockito.mock.FluentJavaDelegateMockTest
Running org.camunda.bpm.extension.mockito.delegate.DelegateTaskFakeTest
Tests run: 14, Failures: 0, Errors: 0, Skipped: 0, Time elapsed: 0.075 sec - in org.camunda.bpm.extension.mockito.delegate.DelegateTaskFakeTest
Running org.camunda.bpm.extension.mockito.delegate.ProcessEngineServicesAwareFakeTest
Tests run: 3, Failures: 0, Errors: 0, Skipped: 0, Time elapsed: 0.019 sec - in org.camunda.bpm.extension.mockito.delegate.ProcessEngineServicesAwareFakeTest
Running org.camunda.bpm.extension.mockito.delegate.VariableScopeFakeTest
Tests run: 3, Failures: 0, Errors: 0, Skipped: 0, Time elapsed: 0.001 sec - in org.camunda.bpm.extension.mockito.delegate.VariableScopeFakeTest
Running org.camunda.bpm.extension.mockito.delegate.DelegateCaseVariableInstanceFakeTest
Tests run: 6, Failures: 0, Errors: 0, Skipped: 0, Time elapsed: 0.006 sec - in org.camunda.bpm.extension.mockito.delegate.DelegateCaseVariableInstanceFakeTest
Running org.camunda.bpm.extension.mockito.delegate.DelegateExecutionFakeTest
Tests run: 3, Failures: 0, Errors: 0, Skipped: 0, Time elapsed: 0.029 sec - in org.camunda.bpm.extension.mockito.delegate.DelegateExecutionFakeTest
Running org.camunda.bpm.extension.mockito.delegate.DelegateCaseExecutionFakeTest
Tests run: 22, Failures: 0, Errors: 0, Skipped: 0, Time elapsed: 0.019 sec - in org.camunda.bpm.extension.mockito.delegate.DelegateCaseExecutionFakeTest
Running org.camunda.bpm.extension.mockito.answer.AbstractAnswerTest
Tests run: 1, Failures: 0, Errors: 0, Skipped: 0, Time elapsed: 0.046 sec - in org.camunda.bpm.extension.mockito.answer.AbstractAnswerTest
Running org.camunda.bpm.extension.mockito.answer.FluentAnswerTest
Tests run: 2, Failures: 0, Errors: 0, Skipped: 0, Time elapsed: 0.079 sec - in org.camunda.bpm.extension.mockito.answer.FluentAnswerTest
Running org.camunda.bpm.extension.mockito.cases.CaseInstanceFakeTest
Tests run: 4, Failures: 0, Errors: 0, Skipped: 0, Time elapsed: 0.095 sec - in org.camunda.bpm.extension.mockito.cases.CaseInstanceFakeTest
Running org.camunda.bpm.extension.mockito.cases.CaseExecutionFakeTest
Tests run: 3, Failures: 0, Errors: 0, Skipped: 0, Time elapsed: 0.011 sec - in org.camunda.bpm.extension.mockito.cases.CaseExecutionFakeTest

Results :

Tests run: 114, Failures: 0, Errors: 0, Skipped: 1

[INFO] 
[INFO] --- jacoco-maven-plugin:0.8.5:report (report) @ camunda-bpm-mockito ---
[INFO] Loading execution data file /tmp/tmp4ddnk95t/camunda-bpm-mockito/target/jacoco.exec
[INFO] Analyzed bundle 'camunda-bpm-mockito' with 344 classes
[INFO] ------------------------------------------------------------------------
[INFO] BUILD SUCCESS
[INFO] ------------------------------------------------------------------------
[INFO] Total time:  01:45 min
[INFO] Finished at: 2020-07-30T21:27:28Z
[INFO] ------------------------------------------------------------------------
