[INFO] Error stacktraces are turned on.
[INFO] Scanning for projects...
[INFO] 
[INFO] -------------------------< loklak:loklakj_lib >-------------------------
[INFO] Building loklakj_lib 0.0.1-SNAPSHOT
[INFO] --------------------------------[ jar ]---------------------------------
[INFO] 
[INFO] --- jacoco-maven-plugin:0.8.5:prepare-agent (default) @ loklakj_lib ---
[INFO] argLine set to -javaagent:/home/jdbl/.m2/repository/org/jacoco/org.jacoco.agent/0.8.5/org.jacoco.agent-0.8.5-runtime.jar=destfile=/tmp/tmp0l681jm5/loklak_jlib_api/target/jacoco.exec
[INFO] 
[INFO] --- maven-resources-plugin:2.6:resources (default-resources) @ loklakj_lib ---
[INFO] Using 'UTF-8' encoding to copy filtered resources.
[INFO] skip non existing resourceDirectory /tmp/tmp0l681jm5/loklak_jlib_api/src/main/resources
[INFO] 
[INFO] --- maven-compiler-plugin:3.5.1:compile (default-compile) @ loklakj_lib ---
[INFO] Changes detected - recompiling the module!
[INFO] Compiling 6 source files to /tmp/tmp0l681jm5/loklak_jlib_api/target/classes
[INFO] /tmp/tmp0l681jm5/loklak_jlib_api/src/org/loklak/client/APIGenerator.java: /tmp/tmp0l681jm5/loklak_jlib_api/src/org/loklak/client/APIGenerator.java uses unchecked or unsafe operations.
[INFO] /tmp/tmp0l681jm5/loklak_jlib_api/src/org/loklak/client/APIGenerator.java: Recompile with -Xlint:unchecked for details.
[INFO] 
[INFO] --- maven-resources-plugin:2.6:testResources (default-testResources) @ loklakj_lib ---
[INFO] Using 'UTF-8' encoding to copy filtered resources.
[INFO] skip non existing resourceDirectory /tmp/tmp0l681jm5/loklak_jlib_api/src/test/resources
[INFO] 
[INFO] --- maven-compiler-plugin:3.5.1:testCompile (default-testCompile) @ loklakj_lib ---
[INFO] Changes detected - recompiling the module!
[INFO] Compiling 6 source files to /tmp/tmp0l681jm5/loklak_jlib_api/target/test-classes
[INFO] 
[INFO] --- maven-surefire-plugin:2.19.1:test (default-test) @ loklakj_lib ---
[INFO] Surefire report directory: /tmp/tmp0l681jm5/loklak_jlib_api/target/surefire-reports

-------------------------------------------------------
 T E S T S
-------------------------------------------------------
Running org.loklak.client.APIGeneratorTest
Tests run: 4, Failures: 0, Errors: 3, Skipped: 0, Time elapsed: 0.262 sec <<< FAILURE! - in org.loklak.client.APIGeneratorTest
testParametricGetMethods(org.loklak.client.APIGeneratorTest)  Time elapsed: 0.033 sec  <<< ERROR!
java.lang.IllegalArgumentException: wrong number of arguments
	at org.loklak.client.APIGeneratorTest.testParametricGetMethods(APIGeneratorTest.java:90)

testNonParametricGetMethods(org.loklak.client.APIGeneratorTest)  Time elapsed: 0 sec  <<< ERROR!
java.lang.IllegalArgumentException: wrong number of arguments
	at org.loklak.client.APIGeneratorTest.testNonParametricGetMethods(APIGeneratorTest.java:63)

testPostMethods(org.loklak.client.APIGeneratorTest)  Time elapsed: 0.001 sec  <<< ERROR!
java.lang.IllegalArgumentException: wrong number of arguments
	at org.loklak.client.APIGeneratorTest.testPostMethods(APIGeneratorTest.java:117)

Running org.loklak.tools.UTF8Test
Tests run: 1, Failures: 0, Errors: 0, Skipped: 0, Time elapsed: 0 sec - in org.loklak.tools.UTF8Test
Running org.loklak.tools.NetworkIOTest
Tests run: 2, Failures: 0, Errors: 0, Skipped: 0, Time elapsed: 1.13 sec - in org.loklak.tools.NetworkIOTest
Running org.loklak.tools.JsonIOTest
Tests run: 2, Failures: 0, Errors: 0, Skipped: 0, Time elapsed: 0.368 sec - in org.loklak.tools.JsonIOTest

Results :

Tests in error: 
  APIGeneratorTest.testNonParametricGetMethods:63 » IllegalArgument wrong number...
  APIGeneratorTest.testParametricGetMethods:90 » IllegalArgument wrong number of...
  APIGeneratorTest.testPostMethods:117 » IllegalArgument wrong number of argumen...

Tests run: 9, Failures: 0, Errors: 3, Skipped: 0

[ERROR] There are test failures.

Please refer to /tmp/tmp0l681jm5/loklak_jlib_api/target/surefire-reports for the individual test results.
[INFO] 
[INFO] --- jacoco-maven-plugin:0.8.5:report (report) @ loklakj_lib ---
[INFO] Loading execution data file /tmp/tmp0l681jm5/loklak_jlib_api/target/jacoco.exec
[INFO] Analyzed bundle 'loklakj_lib' with 261 classes
[INFO] ------------------------------------------------------------------------
[INFO] BUILD SUCCESS
[INFO] ------------------------------------------------------------------------
[INFO] Total time:  9.404 s
[INFO] Finished at: 2020-07-30T22:06:26Z
[INFO] ------------------------------------------------------------------------
