[INFO] Error stacktraces are turned on.
[INFO] Scanning for projects...
[WARNING] 
[WARNING] Some problems were encountered while building the effective model for com.actiontech:dble:jar:9.9.9.9
[WARNING] 'dependencies.dependency.(groupId:artifactId:type:classifier)' must be unique: com.google.protobuf:protobuf-java:jar -> version 2.6.1 vs 3.5.0 @ line 183, column 17
[WARNING] 
[WARNING] It is highly recommended to fix these problems because they threaten the stability of your build.
[WARNING] 
[WARNING] For this reason, future Maven versions might no longer support building such malformed projects.
[WARNING] 
[INFO] 
[INFO] ------------------------< com.actiontech:dble >-------------------------
[INFO] Building dble-server 9.9.9.9
[INFO] --------------------------------[ jar ]---------------------------------
[WARNING] Could not transfer metadata io.grpc:grpc-core/maven-metadata.xml from/to repo2 (https://repo2.maven.org/maven2/): Transfer failed for https://repo2.maven.org/maven2/io/grpc/grpc-core/maven-metadata.xml
[WARNING] Could not transfer metadata io.netty:netty-codec-http2/maven-metadata.xml from/to repo2 (https://repo2.maven.org/maven2/): Transfer failed for https://repo2.maven.org/maven2/io/netty/netty-codec-http2/maven-metadata.xml
[INFO] 
[INFO] --- buildnumber-maven-plugin:1.3:create-timestamp (default) @ dble ---
[INFO] 
[INFO] --- maven-checkstyle-plugin:3.1.0:check (checkstyle) @ dble ---
[INFO] There are 52 errors reported by Checkstyle 8.29 with dble_checkstyle.xml ruleset.
[ERROR] target/classes/org/joda/time/format/messages_fr.properties:[1] (regexp) RegexpSingleline: Line has trailing spaces.
[ERROR] target/classes/org/joda/time/format/messages_fr.properties:[3] (regexp) RegexpSingleline: Line has trailing spaces.
[ERROR] target/classes/org/joda/time/format/messages_fr.properties:[4] (regexp) RegexpSingleline: Line has trailing spaces.
[ERROR] target/classes/org/joda/time/format/messages_fr.properties:[5] (regexp) RegexpSingleline: Line has trailing spaces.
[ERROR] target/classes/org/joda/time/format/messages_fr.properties:[6] (regexp) RegexpSingleline: Line has trailing spaces.
[ERROR] target/classes/org/joda/time/format/messages_de.properties:[1] (regexp) RegexpSingleline: Line has trailing spaces.
[ERROR] target/classes/org/joda/time/format/messages_de.properties:[3] (regexp) RegexpSingleline: Line has trailing spaces.
[ERROR] target/classes/org/joda/time/format/messages_de.properties:[4] (regexp) RegexpSingleline: Line has trailing spaces.
[ERROR] target/classes/org/joda/time/format/messages_de.properties:[5] (regexp) RegexpSingleline: Line has trailing spaces.
[ERROR] target/classes/org/joda/time/format/messages_de.properties:[6] (regexp) RegexpSingleline: Line has trailing spaces.
[ERROR] target/classes/org/joda/time/format/messages_nl.properties:[1] (regexp) RegexpSingleline: Line has trailing spaces.
[ERROR] target/classes/org/joda/time/format/messages_nl.properties:[3] (regexp) RegexpSingleline: Line has trailing spaces.
[ERROR] target/classes/org/joda/time/format/messages_nl.properties:[4] (regexp) RegexpSingleline: Line has trailing spaces.
[ERROR] target/classes/org/joda/time/format/messages_nl.properties:[5] (regexp) RegexpSingleline: Line has trailing spaces.
[ERROR] target/classes/org/joda/time/format/messages_nl.properties:[6] (regexp) RegexpSingleline: Line has trailing spaces.
[ERROR] target/classes/org/joda/time/format/messages_it.properties:[1] (regexp) RegexpSingleline: Line has trailing spaces.
[ERROR] target/classes/org/joda/time/format/messages_it.properties:[5] (regexp) RegexpSingleline: Line has trailing spaces.
[ERROR] target/classes/org/joda/time/format/messages_it.properties:[6] (regexp) RegexpSingleline: Line has trailing spaces.
[ERROR] target/classes/org/joda/time/format/messages_da.properties:[1] (regexp) RegexpSingleline: Line has trailing spaces.
[ERROR] target/classes/org/joda/time/format/messages_da.properties:[5] (regexp) RegexpSingleline: Line has trailing spaces.
[ERROR] target/classes/org/joda/time/format/messages_da.properties:[6] (regexp) RegexpSingleline: Line has trailing spaces.
[ERROR] target/classes/org/joda/time/format/messages_en.properties:[1] (misc) NewlineAtEndOfFile: File does not end with a newline.
[ERROR] target/classes/org/joda/time/format/messages_pl.properties:[1] (regexp) RegexpSingleline: Line has trailing spaces.
[ERROR] target/classes/org/joda/time/format/messages_pl.properties:[3] (regexp) RegexpSingleline: Line has trailing spaces.
[ERROR] target/classes/org/joda/time/format/messages_pl.properties:[4] (regexp) RegexpSingleline: Line has trailing spaces.
[ERROR] target/classes/org/joda/time/format/messages_pl.properties:[5] (regexp) RegexpSingleline: Line has trailing spaces.
[ERROR] target/classes/org/joda/time/format/messages_pl.properties:[6] (regexp) RegexpSingleline: Line has trailing spaces.
[ERROR] target/classes/org/joda/time/format/messages_tr.properties:[1] (regexp) RegexpSingleline: Line has trailing spaces.
[ERROR] target/classes/org/joda/time/format/messages_tr.properties:[3] (regexp) RegexpSingleline: Line has trailing spaces.
[ERROR] target/classes/org/joda/time/format/messages_tr.properties:[4] (regexp) RegexpSingleline: Line has trailing spaces.
[ERROR] target/classes/org/joda/time/format/messages_tr.properties:[5] (regexp) RegexpSingleline: Line has trailing spaces.
[ERROR] target/classes/org/joda/time/format/messages_tr.properties:[6] (regexp) RegexpSingleline: Line has trailing spaces.
[ERROR] target/classes/org/joda/time/format/messages_es.properties:[1] (regexp) RegexpSingleline: Line has trailing spaces.
[ERROR] target/classes/org/joda/time/format/messages_es.properties:[3] (regexp) RegexpSingleline: Line has trailing spaces.
[ERROR] target/classes/org/joda/time/format/messages_es.properties:[4] (regexp) RegexpSingleline: Line has trailing spaces.
[ERROR] target/classes/org/joda/time/format/messages_es.properties:[5] (regexp) RegexpSingleline: Line has trailing spaces.
[ERROR] target/classes/org/joda/time/format/messages_es.properties:[6] (regexp) RegexpSingleline: Line has trailing spaces.
[ERROR] target/classes/org/joda/time/format/messages_cs.properties:[1] (regexp) RegexpSingleline: Line has trailing spaces.
[ERROR] target/classes/org/joda/time/format/messages_cs.properties:[3] (regexp) RegexpSingleline: Line has trailing spaces.
[ERROR] target/classes/org/joda/time/format/messages_cs.properties:[4] (regexp) RegexpSingleline: Line has trailing spaces.
[ERROR] target/classes/org/joda/time/format/messages_cs.properties:[5] (regexp) RegexpSingleline: Line has trailing spaces.
[ERROR] target/classes/org/joda/time/format/messages_cs.properties:[6] (regexp) RegexpSingleline: Line has trailing spaces.
[ERROR] target/classes/org/joda/time/format/messages_pt.properties:[1] (regexp) RegexpSingleline: Line has trailing spaces.
[ERROR] target/classes/org/joda/time/format/messages_pt.properties:[3] (regexp) RegexpSingleline: Line has trailing spaces.
[ERROR] target/classes/org/joda/time/format/messages_pt.properties:[4] (regexp) RegexpSingleline: Line has trailing spaces.
[ERROR] target/classes/org/joda/time/format/messages_pt.properties:[5] (regexp) RegexpSingleline: Line has trailing spaces.
[ERROR] target/classes/org/joda/time/format/messages_pt.properties:[6] (regexp) RegexpSingleline: Line has trailing spaces.
[ERROR] target/classes/org/joda/time/format/messages.properties:[1] (regexp) RegexpSingleline: Line has trailing spaces.
[ERROR] target/classes/org/joda/time/format/messages.properties:[3] (regexp) RegexpSingleline: Line has trailing spaces.
[ERROR] target/classes/org/joda/time/format/messages.properties:[4] (regexp) RegexpSingleline: Line has trailing spaces.
[ERROR] target/classes/org/joda/time/format/messages.properties:[5] (regexp) RegexpSingleline: Line has trailing spaces.
[ERROR] target/classes/org/joda/time/format/messages.properties:[6] (regexp) RegexpSingleline: Line has trailing spaces.
[INFO] ------------------------------------------------------------------------
[INFO] BUILD FAILURE
[INFO] ------------------------------------------------------------------------
[INFO] Total time:  46.407 s
[INFO] Finished at: 2020-08-03T11:04:13Z
[INFO] ------------------------------------------------------------------------
[ERROR] Failed to execute goal org.apache.maven.plugins:maven-checkstyle-plugin:3.1.0:check (checkstyle) on project dble: You have 52 Checkstyle violations. -> [Help 1]
org.apache.maven.lifecycle.LifecycleExecutionException: Failed to execute goal org.apache.maven.plugins:maven-checkstyle-plugin:3.1.0:check (checkstyle) on project dble: You have 52 Checkstyle violations.
    at org.apache.maven.lifecycle.internal.MojoExecutor.execute (MojoExecutor.java:215)
    at org.apache.maven.lifecycle.internal.MojoExecutor.execute (MojoExecutor.java:156)
    at org.apache.maven.lifecycle.internal.MojoExecutor.execute (MojoExecutor.java:148)
    at org.apache.maven.lifecycle.internal.LifecycleModuleBuilder.buildProject (LifecycleModuleBuilder.java:117)
    at org.apache.maven.lifecycle.internal.LifecycleModuleBuilder.buildProject (LifecycleModuleBuilder.java:81)
    at org.apache.maven.lifecycle.internal.builder.singlethreaded.SingleThreadedBuilder.build (SingleThreadedBuilder.java:56)
    at org.apache.maven.lifecycle.internal.LifecycleStarter.execute (LifecycleStarter.java:128)
    at org.apache.maven.DefaultMaven.doExecute (DefaultMaven.java:305)
    at org.apache.maven.DefaultMaven.doExecute (DefaultMaven.java:192)
    at org.apache.maven.DefaultMaven.execute (DefaultMaven.java:105)
    at org.apache.maven.cli.MavenCli.execute (MavenCli.java:957)
    at org.apache.maven.cli.MavenCli.doMain (MavenCli.java:289)
    at org.apache.maven.cli.MavenCli.main (MavenCli.java:193)
    at sun.reflect.NativeMethodAccessorImpl.invoke0 (Native Method)
    at sun.reflect.NativeMethodAccessorImpl.invoke (NativeMethodAccessorImpl.java:62)
    at sun.reflect.DelegatingMethodAccessorImpl.invoke (DelegatingMethodAccessorImpl.java:43)
    at java.lang.reflect.Method.invoke (Method.java:498)
    at org.codehaus.plexus.classworlds.launcher.Launcher.launchEnhanced (Launcher.java:282)
    at org.codehaus.plexus.classworlds.launcher.Launcher.launch (Launcher.java:225)
    at org.codehaus.plexus.classworlds.launcher.Launcher.mainWithExitCode (Launcher.java:406)
    at org.codehaus.plexus.classworlds.launcher.Launcher.main (Launcher.java:347)
Caused by: org.apache.maven.plugin.MojoFailureException: You have 52 Checkstyle violations.
    at org.apache.maven.plugins.checkstyle.CheckstyleViolationCheckMojo.execute (CheckstyleViolationCheckMojo.java:584)
    at org.apache.maven.plugin.DefaultBuildPluginManager.executeMojo (DefaultBuildPluginManager.java:137)
    at org.apache.maven.lifecycle.internal.MojoExecutor.execute (MojoExecutor.java:210)
    at org.apache.maven.lifecycle.internal.MojoExecutor.execute (MojoExecutor.java:156)
    at org.apache.maven.lifecycle.internal.MojoExecutor.execute (MojoExecutor.java:148)
    at org.apache.maven.lifecycle.internal.LifecycleModuleBuilder.buildProject (LifecycleModuleBuilder.java:117)
    at org.apache.maven.lifecycle.internal.LifecycleModuleBuilder.buildProject (LifecycleModuleBuilder.java:81)
    at org.apache.maven.lifecycle.internal.builder.singlethreaded.SingleThreadedBuilder.build (SingleThreadedBuilder.java:56)
    at org.apache.maven.lifecycle.internal.LifecycleStarter.execute (LifecycleStarter.java:128)
    at org.apache.maven.DefaultMaven.doExecute (DefaultMaven.java:305)
    at org.apache.maven.DefaultMaven.doExecute (DefaultMaven.java:192)
    at org.apache.maven.DefaultMaven.execute (DefaultMaven.java:105)
    at org.apache.maven.cli.MavenCli.execute (MavenCli.java:957)
    at org.apache.maven.cli.MavenCli.doMain (MavenCli.java:289)
    at org.apache.maven.cli.MavenCli.main (MavenCli.java:193)
    at sun.reflect.NativeMethodAccessorImpl.invoke0 (Native Method)
    at sun.reflect.NativeMethodAccessorImpl.invoke (NativeMethodAccessorImpl.java:62)
    at sun.reflect.DelegatingMethodAccessorImpl.invoke (DelegatingMethodAccessorImpl.java:43)
    at java.lang.reflect.Method.invoke (Method.java:498)
    at org.codehaus.plexus.classworlds.launcher.Launcher.launchEnhanced (Launcher.java:282)
    at org.codehaus.plexus.classworlds.launcher.Launcher.launch (Launcher.java:225)
    at org.codehaus.plexus.classworlds.launcher.Launcher.mainWithExitCode (Launcher.java:406)
    at org.codehaus.plexus.classworlds.launcher.Launcher.main (Launcher.java:347)
[ERROR] 
[ERROR] Re-run Maven using the -X switch to enable full debug logging.
[ERROR] 
[ERROR] For more information about the errors and possible solutions, please read the following articles:
[ERROR] [Help 1] http://cwiki.apache.org/confluence/display/MAVEN/MojoFailureException
[INFO] Build failures were ignored.
