[INFO] Error stacktraces are turned on.
[INFO] Scanning for projects...
[INFO] Inspecting build with total of 1 modules...
[INFO] Installing Nexus Staging features:
[INFO]   ... total of 1 executions of maven-deploy-plugin replaced with nexus-staging-maven-plugin
[INFO] 
[INFO] ------------------< com.talanlabs:sonar-gate-breaker >------------------
[INFO] Building Sonar Gate Breaker 1.1.0-SNAPSHOT
[INFO] --------------------------------[ jar ]---------------------------------
[INFO] 
[INFO] --- jacoco-maven-plugin:0.8.5:prepare-agent (default) @ sonar-gate-breaker ---
[INFO] argLine set to -javaagent:/home/jdbl/.m2/repository/org/jacoco/org.jacoco.agent/0.8.5/org.jacoco.agent-0.8.5-runtime.jar=destfile=/tmp/tmp55utht2k/sonar-gate-breaker/target/jacoco.exec
[INFO] 
[INFO] --- maven-resources-plugin:3.0.1:resources (default-resources) @ sonar-gate-breaker ---
[INFO] Using 'UTF-8' encoding to copy filtered resources.
[INFO] Copying 1 resource
[INFO] 
[INFO] --- maven-compiler-plugin:3.5.1:compile (default-compile) @ sonar-gate-breaker ---
[INFO] Changes detected - recompiling the module!
[INFO] Compiling 2 source files to /tmp/tmp55utht2k/sonar-gate-breaker/target/classes
[INFO] 
[INFO] --- maven-resources-plugin:3.0.1:testResources (default-testResources) @ sonar-gate-breaker ---
[INFO] Using 'UTF-8' encoding to copy filtered resources.
[INFO] Copying 1 resource
[INFO] 
[INFO] --- maven-compiler-plugin:3.5.1:testCompile (default-testCompile) @ sonar-gate-breaker ---
[INFO] Changes detected - recompiling the module!
[INFO] Compiling 1 source file to /tmp/tmp55utht2k/sonar-gate-breaker/target/test-classes
[INFO] 
[INFO] --- maven-surefire-plugin:2.19.1:test (default-test) @ sonar-gate-breaker ---
[INFO] Surefire report directory: /tmp/tmp55utht2k/sonar-gate-breaker/target/surefire-reports

-------------------------------------------------------
 T E S T S
-------------------------------------------------------
Running com.talanlabs.sonargatebreaker.CheckerTest
Jul 30, 2020 11:16:55 PM com.squareup.okhttp.mockwebserver.MockWebServer$3 execute
INFO: MockWebServer[54215] starting to accept connections
Jul 30, 2020 11:16:56 PM com.squareup.okhttp.mockwebserver.MockWebServer$4 processOneRequest
INFO: MockWebServer[54215] received request: GET /api/ce/task?id=AVz4Pj0lCGu3nUwPQk4H HTTP/1.1 and responded: HTTP/1.1 200 OK
Jul 30, 2020 11:16:56 PM com.squareup.okhttp.mockwebserver.MockWebServer$4 processOneRequest
INFO: MockWebServer[54215] received request: GET /api/qualitygates/project_status?analysisId=AVz4Pj8EKLxfdP2AyK4d HTTP/1.1 and responded: HTTP/1.1 200 OK
Jul 30, 2020 11:16:57 PM com.squareup.okhttp.mockwebserver.MockWebServer$3 acceptConnections
INFO: MockWebServer[54215] done accepting connections: Socket closed
Jul 30, 2020 11:16:57 PM com.squareup.okhttp.mockwebserver.MockWebServer$3 execute
INFO: MockWebServer[44655] starting to accept connections
Jul 30, 2020 11:16:57 PM com.squareup.okhttp.mockwebserver.MockWebServer$4 processOneRequest
INFO: MockWebServer[44655] received request: GET /api/ce/task?id=AVz4Pj0lCGu3nUwPQk4H HTTP/1.1 and responded: HTTP/1.1 200 OK
Jul 30, 2020 11:16:57 PM com.squareup.okhttp.mockwebserver.MockWebServer$4 processOneRequest
INFO: MockWebServer[44655] received request: GET /api/qualitygates/project_status?analysisId=AVz4Pj8EKLxfdP2AyK4d HTTP/1.1 and responded: HTTP/1.1 200 OK
Jul 30, 2020 11:16:57 PM com.squareup.okhttp.mockwebserver.MockWebServer$3 acceptConnections
INFO: MockWebServer[44655] done accepting connections: Socket closed
Jul 30, 2020 11:16:57 PM com.squareup.okhttp.mockwebserver.MockWebServer$3 execute
INFO: MockWebServer[42671] starting to accept connections
Jul 30, 2020 11:16:57 PM com.squareup.okhttp.mockwebserver.MockWebServer$4 processOneRequest
INFO: MockWebServer[42671] received request: GET /api/ce/task?id=AVz4Pj0lCGu3nUwPQk4H HTTP/1.1 and responded: HTTP/1.1 200 OK
Jul 30, 2020 11:16:57 PM com.squareup.okhttp.mockwebserver.MockWebServer$4 processOneRequest
INFO: MockWebServer[42671] received request: GET /api/qualitygates/project_status?analysisId=AVz4Pj8EKLxfdP2AyK4d HTTP/1.1 and responded: HTTP/1.1 200 OK
blocker_violations => OK ( Actual : 0 GT Error : 0 )
critical_violations => OK ( Actual : 0 GT Error : 0 )
open_issues => OK ( Actual : 1 GT Warning : 10 )
reopened_issues => OK ( Actual : 0 GT Warning : 0 )
new_coverage => ERROR ( Actual : 0.0 LT Error : 70 )
major_violations => OK ( Actual : 0 GT Warning : 1 Error : 10 )
Jul 30, 2020 11:16:57 PM com.squareup.okhttp.mockwebserver.MockWebServer$3 acceptConnections
INFO: MockWebServer[42671] done accepting connections: Socket closed
Jul 30, 2020 11:16:57 PM com.squareup.okhttp.mockwebserver.MockWebServer$3 execute
INFO: MockWebServer[46433] starting to accept connections
Jul 30, 2020 11:16:57 PM com.squareup.okhttp.mockwebserver.MockWebServer$4 processOneRequest
INFO: MockWebServer[46433] received request: GET /api/ce/task?id=AVz4Pj0lCGu3nUwPQk4H HTTP/1.1 and responded: HTTP/1.1 200 OK
Jul 30, 2020 11:16:57 PM com.squareup.okhttp.mockwebserver.MockWebServer$4 processOneRequest
INFO: MockWebServer[46433] received request: GET /api/qualitygates/project_status?analysisId=AVz4Pj8EKLxfdP2AyK4d HTTP/1.1 and responded: HTTP/1.1 200 OK
blocker_violations => OK ( Actual : 0 GT Error : 0 )
critical_violations => OK ( Actual : 0 GT Error : 0 )
open_issues => OK ( Actual : 1 GT Warning : 10 )
reopened_issues => OK ( Actual : 0 GT Warning : 0 )
new_coverage => ERROR ( Actual : 0.0 LT Error : 70 )
major_violations => OK ( Actual : 0 GT Warning : 1 Error : 10 )
Jul 30, 2020 11:16:57 PM com.squareup.okhttp.mockwebserver.MockWebServer$3 acceptConnections
INFO: MockWebServer[46433] done accepting connections: Socket closed
Jul 30, 2020 11:16:57 PM com.squareup.okhttp.mockwebserver.MockWebServer$3 execute
INFO: MockWebServer[49989] starting to accept connections
Jul 30, 2020 11:16:57 PM com.squareup.okhttp.mockwebserver.MockWebServer$4 processOneRequest
INFO: MockWebServer[49989] received request: GET /api/ce/task?id=AVz4Pj0lCGu3nUwPQk4H HTTP/1.1 and responded: HTTP/1.1 200 OK
Jul 30, 2020 11:16:57 PM com.squareup.okhttp.mockwebserver.MockWebServer$4 processOneRequest
INFO: MockWebServer[49989] received request: GET /api/qualitygates/project_status?analysisId=AVz4Pj8EKLxfdP2AyK4d HTTP/1.1 and responded: HTTP/1.1 200 OK
blocker_violations => OK ( Actual : 0 GT Error : 0 )
critical_violations => OK ( Actual : 0 GT Error : 0 )
open_issues => OK ( Actual : 1 GT Warning : 10 )
reopened_issues => OK ( Actual : 0 GT Warning : 0 )
new_coverage => ERROR ( Actual : 0.0 LT Error : 70 )
major_violations => OK ( Actual : 0 GT Warning : 1 Error : 10 )
Jul 30, 2020 11:16:57 PM com.squareup.okhttp.mockwebserver.MockWebServer$3 acceptConnections
INFO: MockWebServer[49989] done accepting connections: Socket closed
Jul 30, 2020 11:16:57 PM com.squareup.okhttp.mockwebserver.MockWebServer$3 execute
INFO: MockWebServer[32863] starting to accept connections
Jul 30, 2020 11:16:57 PM com.squareup.okhttp.mockwebserver.MockWebServer$4 processOneRequest
INFO: MockWebServer[32863] received request: GET /api/ce/task?id=AVz4Pj0lCGu3nUwPQk4H HTTP/1.1 and responded: HTTP/1.1 200 OK
Jul 30, 2020 11:16:57 PM com.squareup.okhttp.mockwebserver.MockWebServer$4 processOneRequest
INFO: MockWebServer[32863] received request: GET /api/qualitygates/project_status?analysisId=AVz4Pj8EKLxfdP2AyK4d HTTP/1.1 and responded: HTTP/1.1 200 OK
blocker_violations => OK ( Actual : 0 GT Error : 0 )
critical_violations => OK ( Actual : 0 GT Error : 0 )
open_issues => OK ( Actual : 1 GT Warning : 10 )
reopened_issues => OK ( Actual : 0 GT Warning : 0 )
new_coverage => ERROR ( Actual : 0.0 LT Error : 70 )
major_violations => OK ( Actual : 0 GT Warning : 1 Error : 10 )
23:16:57.444 [main]    INFO  com.talanlabs.sonargatebreaker.Checker - Quality Gate in SonarQube is not success (WARN)
Jul 30, 2020 11:16:57 PM com.squareup.okhttp.mockwebserver.MockWebServer$3 acceptConnections
INFO: MockWebServer[32863] done accepting connections: Socket closed
Jul 30, 2020 11:16:57 PM com.squareup.okhttp.mockwebserver.MockWebServer$3 execute
INFO: MockWebServer[46965] starting to accept connections
Jul 30, 2020 11:16:57 PM com.squareup.okhttp.mockwebserver.MockWebServer$4 processOneRequest
INFO: MockWebServer[46965] received request: GET /api/ce/task?id=AVz4Pj0lCGu3nUwPQk4H HTTP/1.1 and responded: HTTP/1.1 200 OK
Jul 30, 2020 11:16:58 PM com.squareup.okhttp.mockwebserver.MockWebServer$4 processOneRequest
INFO: MockWebServer[46965] received request: GET /api/ce/task?id=AVz4Pj0lCGu3nUwPQk4H HTTP/1.1 and responded: HTTP/1.1 200 OK
Jul 30, 2020 11:16:59 PM com.squareup.okhttp.mockwebserver.MockWebServer$4 processOneRequest
INFO: MockWebServer[46965] received request: GET /api/ce/task?id=AVz4Pj0lCGu3nUwPQk4H HTTP/1.1 and responded: HTTP/1.1 200 OK
Jul 30, 2020 11:17:00 PM com.squareup.okhttp.mockwebserver.MockWebServer$4 processOneRequest
INFO: MockWebServer[46965] received request: GET /api/ce/task?id=AVz4Pj0lCGu3nUwPQk4H HTTP/1.1 and responded: HTTP/1.1 200 OK
Jul 30, 2020 11:17:00 PM com.squareup.okhttp.mockwebserver.MockWebServer$4 processOneRequest
INFO: MockWebServer[46965] received request: GET /api/qualitygates/project_status?analysisId=AVz4Pj8EKLxfdP2AyK4d HTTP/1.1 and responded: HTTP/1.1 200 OK
blocker_violations => OK ( Actual : 0 GT Error : 0 )
critical_violations => OK ( Actual : 0 GT Error : 0 )
open_issues => OK ( Actual : 1 GT Warning : 10 )
reopened_issues => OK ( Actual : 0 GT Warning : 0 )
new_coverage => ERROR ( Actual : 0.0 LT Error : 70 )
major_violations => OK ( Actual : 0 GT Warning : 1 Error : 10 )
Jul 30, 2020 11:17:00 PM com.squareup.okhttp.mockwebserver.MockWebServer$3 acceptConnections
INFO: MockWebServer[46965] done accepting connections: Socket closed
Jul 30, 2020 11:17:00 PM com.squareup.okhttp.mockwebserver.MockWebServer$3 execute
INFO: MockWebServer[42351] starting to accept connections
Jul 30, 2020 11:17:00 PM com.squareup.okhttp.mockwebserver.MockWebServer$4 processOneRequest
INFO: MockWebServer[42351] received request: GET /api/ce/task?id=AVz4Pj0lCGu3nUwPQk4H HTTP/1.1 and responded: HTTP/1.1 200 OK
Jul 30, 2020 11:17:00 PM com.squareup.okhttp.mockwebserver.MockWebServer$4 processOneRequest
INFO: MockWebServer[42351] received request: GET /api/qualitygates/project_status?analysisId=AVz4Pj8EKLxfdP2AyK4d HTTP/1.1 and responded: HTTP/1.1 200 OK
blocker_violations => OK ( Actual : 0 GT Error : 0 )
critical_violations => OK ( Actual : 0 GT Error : 0 )
open_issues => OK ( Actual : 1 GT Warning : 10 )
reopened_issues => OK ( Actual : 0 GT Warning : 0 )
new_coverage => ERROR ( Actual : 0.0 LT Error : 70 )
major_violations => OK ( Actual : 0 GT Warning : 1 Error : 10 )
23:17:00.589 [main]    INFO  com.talanlabs.sonargatebreaker.Checker - Quality Gate in SonarQube is not success (ERROR)
Jul 30, 2020 11:17:00 PM com.squareup.okhttp.mockwebserver.MockWebServer$3 acceptConnections
INFO: MockWebServer[42351] done accepting connections: Socket closed
Jul 30, 2020 11:17:00 PM com.squareup.okhttp.mockwebserver.MockWebServer$3 execute
INFO: MockWebServer[44079] starting to accept connections
Jul 30, 2020 11:17:00 PM com.squareup.okhttp.mockwebserver.MockWebServer$4 processOneRequest
INFO: MockWebServer[44079] received request: GET /api/ce/task?id=AVz4Pj0lCGu3nUwPQk4H HTTP/1.1 and responded: HTTP/1.1 200 OK
23:17:00.604 [main]    INFO  com.talanlabs.sonargatebreaker.Checker - Analyze in SonarQube is not success (ERROR)
23:17:00.604 [main]    INFO  com.talanlabs.sonargatebreaker.Checker - Quality Gate in SonarQube is not success (null)
Jul 30, 2020 11:17:00 PM com.squareup.okhttp.mockwebserver.MockWebServer$3 acceptConnections
INFO: MockWebServer[44079] done accepting connections: Socket closed
Jul 30, 2020 11:17:00 PM com.squareup.okhttp.mockwebserver.MockWebServer$3 execute
INFO: MockWebServer[37063] starting to accept connections
Jul 30, 2020 11:17:00 PM com.squareup.okhttp.mockwebserver.MockWebServer$4 processOneRequest
INFO: MockWebServer[37063] received request: GET /api/ce/task?id=AVz4Pj0lCGu3nUwPQk4H HTTP/1.1 and responded: HTTP/1.1 404 OK
23:17:00.612 [main]    ERROR com.talanlabs.sonargatebreaker.Checker - Failed to read analyze in SonarQube
java.lang.Exception: Failed to read http://localhost:37063/api/ce/task?id=AVz4Pj0lCGu3nUwPQk4H return status 404
	at com.talanlabs.sonargatebreaker.Checker.getStatusOfAnalyze(Checker.java:129) ~[classes/:?]
	at com.talanlabs.sonargatebreaker.Checker.getStatus(Checker.java:95) [classes/:?]
	at com.talanlabs.sonargatebreaker.Checker.check(Checker.java:69) [classes/:?]
	at com.talanlabs.sonargatebreaker.CheckerTest.testError3(CheckerTest.java:118) [test-classes/:?]
	at sun.reflect.NativeMethodAccessorImpl.invoke0(Native Method) ~[?:1.8.0_262]
	at sun.reflect.NativeMethodAccessorImpl.invoke(NativeMethodAccessorImpl.java:62) ~[?:1.8.0_262]
	at sun.reflect.DelegatingMethodAccessorImpl.invoke(DelegatingMethodAccessorImpl.java:43) ~[?:1.8.0_262]
	at java.lang.reflect.Method.invoke(Method.java:498) ~[?:1.8.0_262]
	at org.junit.runners.model.FrameworkMethod$1.runReflectiveCall(FrameworkMethod.java:50) [junit-4.12.jar:4.12]
	at org.junit.internal.runners.model.ReflectiveCallable.run(ReflectiveCallable.java:12) [junit-4.12.jar:4.12]
	at org.junit.runners.model.FrameworkMethod.invokeExplosively(FrameworkMethod.java:47) [junit-4.12.jar:4.12]
	at org.junit.internal.runners.statements.InvokeMethod.evaluate(InvokeMethod.java:17) [junit-4.12.jar:4.12]
	at org.junit.internal.runners.statements.RunBefores.evaluate(RunBefores.java:26) [junit-4.12.jar:4.12]
	at com.squareup.okhttp.mockwebserver.MockWebServer$2.evaluate(MockWebServer.java:149) [mockwebserver-2.6.0.jar:?]
	at org.junit.rules.ExternalResource$1.evaluate(ExternalResource.java:48) [junit-4.12.jar:4.12]
	at org.junit.rules.RunRules.evaluate(RunRules.java:20) [junit-4.12.jar:4.12]
	at org.junit.runners.ParentRunner.runLeaf(ParentRunner.java:325) [junit-4.12.jar:4.12]
	at org.junit.runners.BlockJUnit4ClassRunner.runChild(BlockJUnit4ClassRunner.java:78) [junit-4.12.jar:4.12]
	at org.junit.runners.BlockJUnit4ClassRunner.runChild(BlockJUnit4ClassRunner.java:57) [junit-4.12.jar:4.12]
	at org.junit.runners.ParentRunner$3.run(ParentRunner.java:290) [junit-4.12.jar:4.12]
	at org.junit.runners.ParentRunner$1.schedule(ParentRunner.java:71) [junit-4.12.jar:4.12]
	at org.junit.runners.ParentRunner.runChildren(ParentRunner.java:288) [junit-4.12.jar:4.12]
	at org.junit.runners.ParentRunner.access$000(ParentRunner.java:58) [junit-4.12.jar:4.12]
	at org.junit.runners.ParentRunner$2.evaluate(ParentRunner.java:268) [junit-4.12.jar:4.12]
	at org.junit.runners.ParentRunner.run(ParentRunner.java:363) [junit-4.12.jar:4.12]
	at org.apache.maven.surefire.junit4.JUnit4Provider.execute(JUnit4Provider.java:367) [surefire-junit4-2.19.1.jar:2.19.1]
	at org.apache.maven.surefire.junit4.JUnit4Provider.executeWithRerun(JUnit4Provider.java:274) [surefire-junit4-2.19.1.jar:2.19.1]
	at org.apache.maven.surefire.junit4.JUnit4Provider.executeTestSet(JUnit4Provider.java:238) [surefire-junit4-2.19.1.jar:2.19.1]
	at org.apache.maven.surefire.junit4.JUnit4Provider.invoke(JUnit4Provider.java:161) [surefire-junit4-2.19.1.jar:2.19.1]
	at org.apache.maven.surefire.booter.ForkedBooter.invokeProviderInSameClassLoader(ForkedBooter.java:290) [surefire-booter-2.19.1.jar:2.19.1]
	at org.apache.maven.surefire.booter.ForkedBooter.runSuitesInProcess(ForkedBooter.java:242) [surefire-booter-2.19.1.jar:2.19.1]
	at org.apache.maven.surefire.booter.ForkedBooter.main(ForkedBooter.java:121) [surefire-booter-2.19.1.jar:2.19.1]
23:17:00.624 [main]    INFO  com.talanlabs.sonargatebreaker.Checker - Quality Gate in SonarQube is not success (null)
Jul 30, 2020 11:17:00 PM com.squareup.okhttp.mockwebserver.MockWebServer$3 acceptConnections
INFO: MockWebServer[37063] done accepting connections: Socket closed
Jul 30, 2020 11:17:00 PM com.squareup.okhttp.mockwebserver.MockWebServer$3 execute
INFO: MockWebServer[48233] starting to accept connections
23:17:00.642 [main]    ERROR com.talanlabs.sonargatebreaker.Checker - Failed to read file /tmp/junit7188286259559056527/junit5181053718969072085.tmp
java.io.IOException: Failed to read file, not content serverUrl or ceTaskId or ceTaskUrl
	at com.talanlabs.sonargatebreaker.Checker.readReportTask(Checker.java:160) ~[classes/:?]
	at com.talanlabs.sonargatebreaker.Checker.getStatus(Checker.java:87) [classes/:?]
	at com.talanlabs.sonargatebreaker.Checker.check(Checker.java:69) [classes/:?]
	at com.talanlabs.sonargatebreaker.CheckerTest.testError4(CheckerTest.java:126) [test-classes/:?]
	at sun.reflect.NativeMethodAccessorImpl.invoke0(Native Method) ~[?:1.8.0_262]
	at sun.reflect.NativeMethodAccessorImpl.invoke(NativeMethodAccessorImpl.java:62) ~[?:1.8.0_262]
	at sun.reflect.DelegatingMethodAccessorImpl.invoke(DelegatingMethodAccessorImpl.java:43) ~[?:1.8.0_262]
	at java.lang.reflect.Method.invoke(Method.java:498) ~[?:1.8.0_262]
	at org.junit.runners.model.FrameworkMethod$1.runReflectiveCall(FrameworkMethod.java:50) [junit-4.12.jar:4.12]
	at org.junit.internal.runners.model.ReflectiveCallable.run(ReflectiveCallable.java:12) [junit-4.12.jar:4.12]
	at org.junit.runners.model.FrameworkMethod.invokeExplosively(FrameworkMethod.java:47) [junit-4.12.jar:4.12]
	at org.junit.internal.runners.statements.InvokeMethod.evaluate(InvokeMethod.java:17) [junit-4.12.jar:4.12]
	at org.junit.internal.runners.statements.RunBefores.evaluate(RunBefores.java:26) [junit-4.12.jar:4.12]
	at com.squareup.okhttp.mockwebserver.MockWebServer$2.evaluate(MockWebServer.java:149) [mockwebserver-2.6.0.jar:?]
	at org.junit.rules.ExternalResource$1.evaluate(ExternalResource.java:48) [junit-4.12.jar:4.12]
	at org.junit.rules.RunRules.evaluate(RunRules.java:20) [junit-4.12.jar:4.12]
	at org.junit.runners.ParentRunner.runLeaf(ParentRunner.java:325) [junit-4.12.jar:4.12]
	at org.junit.runners.BlockJUnit4ClassRunner.runChild(BlockJUnit4ClassRunner.java:78) [junit-4.12.jar:4.12]
	at org.junit.runners.BlockJUnit4ClassRunner.runChild(BlockJUnit4ClassRunner.java:57) [junit-4.12.jar:4.12]
	at org.junit.runners.ParentRunner$3.run(ParentRunner.java:290) [junit-4.12.jar:4.12]
	at org.junit.runners.ParentRunner$1.schedule(ParentRunner.java:71) [junit-4.12.jar:4.12]
	at org.junit.runners.ParentRunner.runChildren(ParentRunner.java:288) [junit-4.12.jar:4.12]
	at org.junit.runners.ParentRunner.access$000(ParentRunner.java:58) [junit-4.12.jar:4.12]
	at org.junit.runners.ParentRunner$2.evaluate(ParentRunner.java:268) [junit-4.12.jar:4.12]
	at org.junit.runners.ParentRunner.run(ParentRunner.java:363) [junit-4.12.jar:4.12]
	at org.apache.maven.surefire.junit4.JUnit4Provider.execute(JUnit4Provider.java:367) [surefire-junit4-2.19.1.jar:2.19.1]
	at org.apache.maven.surefire.junit4.JUnit4Provider.executeWithRerun(JUnit4Provider.java:274) [surefire-junit4-2.19.1.jar:2.19.1]
	at org.apache.maven.surefire.junit4.JUnit4Provider.executeTestSet(JUnit4Provider.java:238) [surefire-junit4-2.19.1.jar:2.19.1]
	at org.apache.maven.surefire.junit4.JUnit4Provider.invoke(JUnit4Provider.java:161) [surefire-junit4-2.19.1.jar:2.19.1]
	at org.apache.maven.surefire.booter.ForkedBooter.invokeProviderInSameClassLoader(ForkedBooter.java:290) [surefire-booter-2.19.1.jar:2.19.1]
	at org.apache.maven.surefire.booter.ForkedBooter.runSuitesInProcess(ForkedBooter.java:242) [surefire-booter-2.19.1.jar:2.19.1]
	at org.apache.maven.surefire.booter.ForkedBooter.main(ForkedBooter.java:121) [surefire-booter-2.19.1.jar:2.19.1]
23:17:00.646 [main]    INFO  com.talanlabs.sonargatebreaker.Checker - Quality Gate in SonarQube is not success (null)
Jul 30, 2020 11:17:00 PM com.squareup.okhttp.mockwebserver.MockWebServer$3 acceptConnections
INFO: MockWebServer[48233] done accepting connections: Socket closed
Jul 30, 2020 11:17:00 PM com.squareup.okhttp.mockwebserver.MockWebServer$3 execute
INFO: MockWebServer[42659] starting to accept connections
Jul 30, 2020 11:17:00 PM com.squareup.okhttp.mockwebserver.MockWebServer$4 processOneRequest
INFO: MockWebServer[42659] received request: GET /api/ce/task?id=AVz4Pj0lCGu3nUwPQk4H HTTP/1.1 and responded: HTTP/1.1 200 OK
Jul 30, 2020 11:17:00 PM com.squareup.okhttp.mockwebserver.MockWebServer$4 processOneRequest
INFO: MockWebServer[42659] received request: GET /api/qualitygates/project_status?analysisId=AVz4Pj8EKLxfdP2AyK4d HTTP/1.1 and responded: HTTP/1.1 404 OK
23:17:00.676 [main]    ERROR com.talanlabs.sonargatebreaker.Checker - Failed to read quality gate in SonarQube
java.lang.Exception: Failed to read project status 404
	at com.talanlabs.sonargatebreaker.Checker.getQualityGateStatus(Checker.java:144) ~[classes/:?]
	at com.talanlabs.sonargatebreaker.Checker.getStatus(Checker.java:114) [classes/:?]
	at com.talanlabs.sonargatebreaker.Checker.check(Checker.java:69) [classes/:?]
	at com.talanlabs.sonargatebreaker.CheckerTest.testError5(CheckerTest.java:159) [test-classes/:?]
	at sun.reflect.NativeMethodAccessorImpl.invoke0(Native Method) ~[?:1.8.0_262]
	at sun.reflect.NativeMethodAccessorImpl.invoke(NativeMethodAccessorImpl.java:62) ~[?:1.8.0_262]
	at sun.reflect.DelegatingMethodAccessorImpl.invoke(DelegatingMethodAccessorImpl.java:43) ~[?:1.8.0_262]
	at java.lang.reflect.Method.invoke(Method.java:498) ~[?:1.8.0_262]
	at org.junit.runners.model.FrameworkMethod$1.runReflectiveCall(FrameworkMethod.java:50) [junit-4.12.jar:4.12]
	at org.junit.internal.runners.model.ReflectiveCallable.run(ReflectiveCallable.java:12) [junit-4.12.jar:4.12]
	at org.junit.runners.model.FrameworkMethod.invokeExplosively(FrameworkMethod.java:47) [junit-4.12.jar:4.12]
	at org.junit.internal.runners.statements.InvokeMethod.evaluate(InvokeMethod.java:17) [junit-4.12.jar:4.12]
	at org.junit.internal.runners.statements.RunBefores.evaluate(RunBefores.java:26) [junit-4.12.jar:4.12]
	at com.squareup.okhttp.mockwebserver.MockWebServer$2.evaluate(MockWebServer.java:149) [mockwebserver-2.6.0.jar:?]
	at org.junit.rules.ExternalResource$1.evaluate(ExternalResource.java:48) [junit-4.12.jar:4.12]
	at org.junit.rules.RunRules.evaluate(RunRules.java:20) [junit-4.12.jar:4.12]
	at org.junit.runners.ParentRunner.runLeaf(ParentRunner.java:325) [junit-4.12.jar:4.12]
	at org.junit.runners.BlockJUnit4ClassRunner.runChild(BlockJUnit4ClassRunner.java:78) [junit-4.12.jar:4.12]
	at org.junit.runners.BlockJUnit4ClassRunner.runChild(BlockJUnit4ClassRunner.java:57) [junit-4.12.jar:4.12]
	at org.junit.runners.ParentRunner$3.run(ParentRunner.java:290) [junit-4.12.jar:4.12]
	at org.junit.runners.ParentRunner$1.schedule(ParentRunner.java:71) [junit-4.12.jar:4.12]
	at org.junit.runners.ParentRunner.runChildren(ParentRunner.java:288) [junit-4.12.jar:4.12]
	at org.junit.runners.ParentRunner.access$000(ParentRunner.java:58) [junit-4.12.jar:4.12]
	at org.junit.runners.ParentRunner$2.evaluate(ParentRunner.java:268) [junit-4.12.jar:4.12]
	at org.junit.runners.ParentRunner.run(ParentRunner.java:363) [junit-4.12.jar:4.12]
	at org.apache.maven.surefire.junit4.JUnit4Provider.execute(JUnit4Provider.java:367) [surefire-junit4-2.19.1.jar:2.19.1]
	at org.apache.maven.surefire.junit4.JUnit4Provider.executeWithRerun(JUnit4Provider.java:274) [surefire-junit4-2.19.1.jar:2.19.1]
	at org.apache.maven.surefire.junit4.JUnit4Provider.executeTestSet(JUnit4Provider.java:238) [surefire-junit4-2.19.1.jar:2.19.1]
	at org.apache.maven.surefire.junit4.JUnit4Provider.invoke(JUnit4Provider.java:161) [surefire-junit4-2.19.1.jar:2.19.1]
	at org.apache.maven.surefire.booter.ForkedBooter.invokeProviderInSameClassLoader(ForkedBooter.java:290) [surefire-booter-2.19.1.jar:2.19.1]
	at org.apache.maven.surefire.booter.ForkedBooter.runSuitesInProcess(ForkedBooter.java:242) [surefire-booter-2.19.1.jar:2.19.1]
	at org.apache.maven.surefire.booter.ForkedBooter.main(ForkedBooter.java:121) [surefire-booter-2.19.1.jar:2.19.1]
23:17:00.677 [main]    INFO  com.talanlabs.sonargatebreaker.Checker - Quality Gate in SonarQube is not success (null)
Jul 30, 2020 11:17:00 PM com.squareup.okhttp.mockwebserver.MockWebServer$3 acceptConnections
INFO: MockWebServer[42659] done accepting connections: Socket closed
Tests run: 12, Failures: 0, Errors: 0, Skipped: 0, Time elapsed: 5.563 sec - in com.talanlabs.sonargatebreaker.CheckerTest

Results :

Tests run: 12, Failures: 0, Errors: 0, Skipped: 0

[INFO] 
[INFO] --- jacoco-maven-plugin:0.8.5:report (report) @ sonar-gate-breaker ---
[INFO] Loading execution data file /tmp/tmp55utht2k/sonar-gate-breaker/target/jacoco.exec
[INFO] Analyzed bundle 'Sonar Gate Breaker' with 120 classes
[INFO] ------------------------------------------------------------------------
[INFO] BUILD SUCCESS
[INFO] ------------------------------------------------------------------------
[INFO] Total time:  25.053 s
[INFO] Finished at: 2020-07-30T23:17:02Z
[INFO] ------------------------------------------------------------------------
