[INFO] Error stacktraces are turned on.
[INFO] Scanning for projects...
[INFO] 
[INFO] --------------------< com.daikit:java-data-graphql >--------------------
[INFO] Building com.daikit:java-data-graphql 1.21-SNAPSHOT
[INFO] --------------------------------[ jar ]---------------------------------
[INFO] 
[INFO] --- jacoco-maven-plugin:0.8.5:prepare-agent (default) @ java-data-graphql ---
[INFO] argLine set to -javaagent:/home/jdbl/.m2/repository/org/jacoco/org.jacoco.agent/0.8.5/org.jacoco.agent-0.8.5-runtime.jar=destfile=/tmp/tmpzxvulie6/java-data-graphql/target/jacoco.exec
[INFO] 
[INFO] --- maven-resources-plugin:2.6:resources (default-resources) @ java-data-graphql ---
[INFO] Using 'UTF-8' encoding to copy filtered resources.
[INFO] Copying 3 resources
[INFO] 
[INFO] --- maven-compiler-plugin:3.8.1:compile (default-compile) @ java-data-graphql ---
[INFO] Changes detected - recompiling the module!
[INFO] Compiling 114 source files to /tmp/tmpzxvulie6/java-data-graphql/target/classes
[INFO] 
[INFO] --- maven-resources-plugin:2.6:testResources (default-testResources) @ java-data-graphql ---
[INFO] Using 'UTF-8' encoding to copy filtered resources.
[INFO] Copying 12 resources
[INFO] 
[INFO] --- maven-compiler-plugin:3.8.1:testCompile (default-testCompile) @ java-data-graphql ---
[INFO] Changes detected - recompiling the module!
[INFO] Compiling 32 source files to /tmp/tmpzxvulie6/java-data-graphql/target/test-classes
[INFO] 
[INFO] --- maven-surefire-plugin:2.19.1:test (default-test) @ java-data-graphql ---
[INFO] Surefire report directory: /tmp/tmpzxvulie6/java-data-graphql/target/surefire-reports

-------------------------------------------------------
 T E S T S
-------------------------------------------------------
Running com.daikit.graphql.test.SchemaIntrospectionOutputerTest
2020/07/30 22:49:52,721 [INFO ] [SchemaIntrospectionOutputerTest] - Initialize test graphQL schema & data entity
Tests run: 1, Failures: 0, Errors: 1, Skipped: 0, Time elapsed: 1.269 sec <<< FAILURE! - in com.daikit.graphql.test.SchemaIntrospectionOutputerTest
testIntrospection(com.daikit.graphql.test.SchemaIntrospectionOutputerTest)  Time elapsed: 0.401 sec  <<< ERROR!
graphql.AssertException: Name must be non-null, non-empty and match [_A-Za-z][_0-9A-Za-z]* - was 'boolean[]'

Running com.daikit.graphql.test.QueryExecutionTest
2020/07/30 22:49:53,118 [INFO ] [QueryExecutionTest] - Initialize test graphQL schema & data entity
2020/07/30 22:49:53,145 [INFO ] [QueryExecutionTest] - Initialize test graphQL schema & data entity
2020/07/30 22:49:53,167 [INFO ] [QueryExecutionTest] - Initialize test graphQL schema & data entity
2020/07/30 22:49:53,187 [INFO ] [QueryExecutionTest] - Initialize test graphQL schema & data entity
2020/07/30 22:49:53,206 [INFO ] [QueryExecutionTest] - Initialize test graphQL schema & data entity
2020/07/30 22:49:53,221 [INFO ] [QueryExecutionTest] - Initialize test graphQL schema & data entity
Tests run: 6, Failures: 0, Errors: 6, Skipped: 0, Time elapsed: 0.009 sec <<< FAILURE! - in com.daikit.graphql.test.QueryExecutionTest
testGetDynamicAttribute(com.daikit.graphql.test.QueryExecutionTest)  Time elapsed: 0 sec  <<< ERROR!
graphql.AssertException: Name must be non-null, non-empty and match [_A-Za-z][_0-9A-Za-z]* - was 'boolean[]'

testGetEntity1(com.daikit.graphql.test.QueryExecutionTest)  Time elapsed: 0.001 sec  <<< ERROR!
graphql.AssertException: Name must be non-null, non-empty and match [_A-Za-z][_0-9A-Za-z]* - was 'boolean[]'

testEntity1ById(com.daikit.graphql.test.QueryExecutionTest)  Time elapsed: 0 sec  <<< ERROR!
graphql.AssertException: Name must be non-null, non-empty and match [_A-Za-z][_0-9A-Za-z]* - was 'boolean[]'

testCustomMethodQuery1(com.daikit.graphql.test.QueryExecutionTest)  Time elapsed: 0 sec  <<< ERROR!
graphql.AssertException: Name must be non-null, non-empty and match [_A-Za-z][_0-9A-Za-z]* - was 'boolean[]'

testCustomMethodQuery2(com.daikit.graphql.test.QueryExecutionTest)  Time elapsed: 0.006 sec  <<< ERROR!
graphql.AssertException: Name must be non-null, non-empty and match [_A-Za-z][_0-9A-Za-z]* - was 'boolean[]'

testCustomMethodQuery3(com.daikit.graphql.test.QueryExecutionTest)  Time elapsed: 0 sec  <<< ERROR!
graphql.AssertException: Name must be non-null, non-empty and match [_A-Za-z][_0-9A-Za-z]* - was 'boolean[]'

Running com.daikit.graphql.test.SchemaBuildTest
2020/07/30 22:49:53,243 [INFO ] [SchemaBuildTest] - Initialize test graphQL schema & data entity
2020/07/30 22:49:53,257 [INFO ] [SchemaBuildTest] - Initialize test graphQL schema & data entity
2020/07/30 22:49:53,270 [INFO ] [SchemaBuildTest] - Initialize test graphQL schema & data entity
2020/07/30 22:49:53,282 [INFO ] [SchemaBuildTest] - Initialize test graphQL schema & data entity
2020/07/30 22:49:53,294 [INFO ] [SchemaBuildTest] - Initialize test graphQL schema & data entity
2020/07/30 22:49:53,305 [INFO ] [SchemaBuildTest] - Initialize test graphQL schema & data entity
2020/07/30 22:49:53,315 [INFO ] [SchemaBuildTest] - Initialize test graphQL schema & data entity
2020/07/30 22:49:53,325 [INFO ] [SchemaBuildTest] - Initialize test graphQL schema & data entity
2020/07/30 22:49:53,334 [INFO ] [SchemaBuildTest] - Initialize test graphQL schema & data entity
2020/07/30 22:49:53,341 [INFO ] [SchemaBuildTest] - Initialize test graphQL schema & data entity
2020/07/30 22:49:53,352 [INFO ] [SchemaBuildTest] - Initialize test graphQL schema & data entity
2020/07/30 22:49:53,362 [INFO ] [SchemaBuildTest] - Initialize test graphQL schema & data entity
Tests run: 12, Failures: 0, Errors: 12, Skipped: 0, Time elapsed: 0.008 sec <<< FAILURE! - in com.daikit.graphql.test.SchemaBuildTest
testEntity1(com.daikit.graphql.test.SchemaBuildTest)  Time elapsed: 0 sec  <<< ERROR!
graphql.AssertException: Name must be non-null, non-empty and match [_A-Za-z][_0-9A-Za-z]* - was 'boolean[]'

testEntity2(com.daikit.graphql.test.SchemaBuildTest)  Time elapsed: 0 sec  <<< ERROR!
graphql.AssertException: Name must be non-null, non-empty and match [_A-Za-z][_0-9A-Za-z]* - was 'boolean[]'

testEntity3(com.daikit.graphql.test.SchemaBuildTest)  Time elapsed: 0.001 sec  <<< ERROR!
graphql.AssertException: Name must be non-null, non-empty and match [_A-Za-z][_0-9A-Za-z]* - was 'boolean[]'

testQueryTypes(com.daikit.graphql.test.SchemaBuildTest)  Time elapsed: 0 sec  <<< ERROR!
graphql.AssertException: Name must be non-null, non-empty and match [_A-Za-z][_0-9A-Za-z]* - was 'boolean[]'

testInternalTypes(com.daikit.graphql.test.SchemaBuildTest)  Time elapsed: 0 sec  <<< ERROR!
graphql.AssertException: Name must be non-null, non-empty and match [_A-Za-z][_0-9A-Za-z]* - was 'boolean[]'

testMutationTypes(com.daikit.graphql.test.SchemaBuildTest)  Time elapsed: 0.001 sec  <<< ERROR!
graphql.AssertException: Name must be non-null, non-empty and match [_A-Za-z][_0-9A-Za-z]* - was 'boolean[]'

testAutomaticSchemaGeneration(com.daikit.graphql.test.SchemaBuildTest)  Time elapsed: 0 sec  <<< ERROR!
graphql.AssertException: Name must be non-null, non-empty and match [_A-Za-z][_0-9A-Za-z]* - was 'boolean[]'

testEmbeddedData1(com.daikit.graphql.test.SchemaBuildTest)  Time elapsed: 0 sec  <<< ERROR!
graphql.AssertException: Name must be non-null, non-empty and match [_A-Za-z][_0-9A-Za-z]* - was 'boolean[]'

testInternalEntityRelatedTypes(com.daikit.graphql.test.SchemaBuildTest)  Time elapsed: 0.001 sec  <<< ERROR!
graphql.AssertException: Name must be non-null, non-empty and match [_A-Za-z][_0-9A-Za-z]* - was 'boolean[]'

testCustomMethodTypes(com.daikit.graphql.test.SchemaBuildTest)  Time elapsed: 0 sec  <<< ERROR!
graphql.AssertException: Name must be non-null, non-empty and match [_A-Za-z][_0-9A-Za-z]* - was 'boolean[]'

testFieldCRUDConfig(com.daikit.graphql.test.SchemaBuildTest)  Time elapsed: 0 sec  <<< ERROR!
graphql.AssertException: Name must be non-null, non-empty and match [_A-Za-z][_0-9A-Za-z]* - was 'boolean[]'

testMethodCRUDConfig(com.daikit.graphql.test.SchemaBuildTest)  Time elapsed: 0.005 sec  <<< ERROR!
graphql.AssertException: Name must be non-null, non-empty and match [_A-Za-z][_0-9A-Za-z]* - was 'boolean[]'

Running com.daikit.graphql.test.MutationExecutionTest
2020/07/30 22:49:53,373 [INFO ] [MutationExecutionTest] - Initialize test graphQL schema & data entity
2020/07/30 22:49:53,384 [INFO ] [MutationExecutionTest] - Initialize test graphQL schema & data entity
2020/07/30 22:49:53,394 [INFO ] [MutationExecutionTest] - Initialize test graphQL schema & data entity
2020/07/30 22:49:53,403 [INFO ] [MutationExecutionTest] - Initialize test graphQL schema & data entity
Tests run: 4, Failures: 0, Errors: 4, Skipped: 0, Time elapsed: 0.037 sec <<< FAILURE! - in com.daikit.graphql.test.MutationExecutionTest
testDeleteEntity(com.daikit.graphql.test.MutationExecutionTest)  Time elapsed: 0.007 sec  <<< ERROR!
graphql.AssertException: Name must be non-null, non-empty and match [_A-Za-z][_0-9A-Za-z]* - was 'boolean[]'

testSaveEntity(com.daikit.graphql.test.MutationExecutionTest)  Time elapsed: 0.01 sec  <<< ERROR!
graphql.AssertException: Name must be non-null, non-empty and match [_A-Za-z][_0-9A-Za-z]* - was 'boolean[]'

testSaveDynamicAttribute(com.daikit.graphql.test.MutationExecutionTest)  Time elapsed: 0.009 sec  <<< ERROR!
graphql.AssertException: Name must be non-null, non-empty and match [_A-Za-z][_0-9A-Za-z]* - was 'boolean[]'

testCustomMethodMutation1(com.daikit.graphql.test.MutationExecutionTest)  Time elapsed: 0.011 sec  <<< ERROR!
graphql.AssertException: Name must be non-null, non-empty and match [_A-Za-z][_0-9A-Za-z]* - was 'boolean[]'


Results :

Tests in error: 
  MutationExecutionTest>AbstractTestSuite.createExecutor:88->AbstractTestSuite.createExecutor:95 » Assert
  MutationExecutionTest>AbstractTestSuite.createExecutor:88->AbstractTestSuite.createExecutor:95 » Assert
  MutationExecutionTest>AbstractTestSuite.createExecutor:88->AbstractTestSuite.createExecutor:95 » Assert
  MutationExecutionTest>AbstractTestSuite.createExecutor:88->AbstractTestSuite.createExecutor:95 » Assert
  QueryExecutionTest>AbstractTestSuite.createExecutor:88->AbstractTestSuite.createExecutor:95 » Assert
  QueryExecutionTest>AbstractTestSuite.createExecutor:88->AbstractTestSuite.createExecutor:95 » Assert
  QueryExecutionTest>AbstractTestSuite.createExecutor:88->AbstractTestSuite.createExecutor:95 » Assert
  QueryExecutionTest>AbstractTestSuite.createExecutor:88->AbstractTestSuite.createExecutor:95 » Assert
  QueryExecutionTest>AbstractTestSuite.createExecutor:88->AbstractTestSuite.createExecutor:95 » Assert
  QueryExecutionTest>AbstractTestSuite.createExecutor:88->AbstractTestSuite.createExecutor:95 » Assert
  SchemaBuildTest>AbstractTestSuite.createExecutor:88->AbstractTestSuite.createExecutor:95 » Assert
  SchemaBuildTest>AbstractTestSuite.createExecutor:88->AbstractTestSuite.createExecutor:95 » Assert
  SchemaBuildTest>AbstractTestSuite.createExecutor:88->AbstractTestSuite.createExecutor:95 » Assert
  SchemaBuildTest>AbstractTestSuite.createExecutor:88->AbstractTestSuite.createExecutor:95 » Assert
  SchemaBuildTest>AbstractTestSuite.createExecutor:88->AbstractTestSuite.createExecutor:95 » Assert
  SchemaBuildTest>AbstractTestSuite.createExecutor:88->AbstractTestSuite.createExecutor:95 » Assert
  SchemaBuildTest>AbstractTestSuite.createExecutor:88->AbstractTestSuite.createExecutor:95 » Assert
  SchemaBuildTest>AbstractTestSuite.createExecutor:88->AbstractTestSuite.createExecutor:95 » Assert
  SchemaBuildTest>AbstractTestSuite.createExecutor:88->AbstractTestSuite.createExecutor:95 » Assert
  SchemaBuildTest>AbstractTestSuite.createExecutor:88->AbstractTestSuite.createExecutor:95 » Assert
  SchemaBuildTest>AbstractTestSuite.createExecutor:88->AbstractTestSuite.createExecutor:95 » Assert
  SchemaBuildTest>AbstractTestSuite.createExecutor:88->AbstractTestSuite.createExecutor:95 » Assert
  SchemaIntrospectionOutputerTest>AbstractTestSuite.createExecutor:88->AbstractTestSuite.createExecutor:95 » Assert

Tests run: 23, Failures: 0, Errors: 23, Skipped: 0

[ERROR] There are test failures.

Please refer to /tmp/tmpzxvulie6/java-data-graphql/target/surefire-reports for the individual test results.
[INFO] 
[INFO] --- jacoco-maven-plugin:0.8.5:report (report) @ java-data-graphql ---
[INFO] Loading execution data file /tmp/tmpzxvulie6/java-data-graphql/target/jacoco.exec
[INFO] Analyzed bundle 'com.daikit:java-data-graphql' with 479 classes
[INFO] ------------------------------------------------------------------------
[INFO] BUILD SUCCESS
[INFO] ------------------------------------------------------------------------
[INFO] Total time:  9.772 s
[INFO] Finished at: 2020-07-30T22:49:54Z
[INFO] ------------------------------------------------------------------------
