[INFO] Error stacktraces are turned on.
[INFO] Scanning for projects...
[WARNING] 
[WARNING] Some problems were encountered while building the effective model for org.yaml:snakeyaml:bundle:1.19
[WARNING] 'build.plugins.plugin.version' for org.apache.maven.plugins:maven-jar-plugin is missing. @ line 621, column 19
[WARNING] 
[WARNING] It is highly recommended to fix these problems because they threaten the stability of your build.
[WARNING] 
[WARNING] For this reason, future Maven versions might no longer support building such malformed projects.
[WARNING] 
[WARNING] The project org.yaml:snakeyaml:bundle:1.19 uses prerequisites which is only intended for maven-plugin projects but not for non maven-plugin projects. For such purposes you should use the maven-enforcer-plugin. See https://maven.apache.org/enforcer/enforcer-rules/requireMavenVersion.html
[INFO] 
[INFO] -------------------------< org.yaml:snakeyaml >-------------------------
[INFO] Building SnakeYAML 1.19
[INFO] -------------------------------[ bundle ]-------------------------------
[INFO] 
[INFO] --- maven-resources-plugin:2.7:copy-resources (copy-src-for-android) @ snakeyaml ---
[INFO] Using 'UTF-8' encoding to copy filtered resources.
[INFO] Copying 106 resources
[INFO] 
[INFO] --- maven-patch-plugin:1.2:apply (android-patches) @ snakeyaml ---
[INFO] Applying patch: CompactConstructor.patch
[INFO] Applying patch: Constructor.patch
[INFO] Applying patch: PropertyUtils.patch
[INFO] Applying patch: Representer.patch
[INFO] 
[INFO] --- maven-resources-plugin:2.7:resources (default-resources) @ snakeyaml ---
[INFO] Using 'UTF-8' encoding to copy filtered resources.
[INFO] skip non existing resourceDirectory /tmp/tmp6ua5iji7/snake-yaml/src/main/resources
[INFO] 
[INFO] --- maven-compiler-plugin:3.5.1:compile (default-compile) @ snakeyaml ---
[INFO] Changes detected - recompiling the module!
[INFO] Compiling 107 source files to /tmp/tmp6ua5iji7/snake-yaml/target/classes
[INFO] 
[INFO] --- maven-antrun-plugin:1.8:run (build-for-android) @ snakeyaml ---
[INFO] Executing tasks

main:
    [mkdir] Created dir: /tmp/tmp6ua5iji7/snake-yaml/target/android/classes
    [mkdir] Created dir: /tmp/tmp6ua5iji7/snake-yaml/target/android/test-classes
    [javac] Compiling 106 source files to /tmp/tmp6ua5iji7/snake-yaml/target/android/classes
    [javac] warning: [options] bootstrap class path not set in conjunction with -source 1.5
    [javac] warning: [options] source value 1.5 is obsolete and will be removed in a future release
    [javac] warning: [options] target value 1.5 is obsolete and will be removed in a future release
    [javac] warning: [options] To suppress warnings about obsolete options, use -Xlint:-options.
    [javac] 4 warnings
    [javac] Compiling 416 source files to /tmp/tmp6ua5iji7/snake-yaml/target/android/test-classes
    [javac] warning: [options] bootstrap class path not set in conjunction with -source 1.5
    [javac] warning: [options] source value 1.5 is obsolete and will be removed in a future release
    [javac] warning: [options] target value 1.5 is obsolete and will be removed in a future release
    [javac] warning: [options] To suppress warnings about obsolete options, use -Xlint:-options.
    [javac] Note: Some input files use unchecked or unsafe operations.
    [javac] Note: Recompile with -Xlint:unchecked for details.
    [javac] 4 warnings
[INFO] Executed tasks
[INFO] 
[INFO] --- maven-resources-plugin:2.7:testResources (default-testResources) @ snakeyaml ---
[INFO] Using 'UTF-8' encoding to copy filtered resources.
[INFO] Copying 592 resources
[INFO] 
[INFO] --- maven-resources-plugin:2.7:copy-resources (copy-test-resources-for-android) @ snakeyaml ---
[INFO] Using 'UTF-8' encoding to copy filtered resources.
[INFO] Copying 592 resources
[INFO] 
[INFO] --- maven-compiler-plugin:3.5.1:testCompile (default-testCompile) @ snakeyaml ---
[INFO] Changes detected - recompiling the module!
[INFO] Compiling 420 source files to /tmp/tmp6ua5iji7/snake-yaml/target/test-classes
[INFO] /tmp/tmp6ua5iji7/snake-yaml/src/test/java/org/yaml/snakeyaml/emitter/EmitterTest.java: Some input files use unchecked or unsafe operations.
[INFO] /tmp/tmp6ua5iji7/snake-yaml/src/test/java/org/yaml/snakeyaml/emitter/EmitterTest.java: Recompile with -Xlint:unchecked for details.
[INFO] 
[INFO] --- maven-surefire-plugin:2.19.1:test (default-test) @ snakeyaml ---
[INFO] Surefire report directory: /tmp/tmp6ua5iji7/snake-yaml/target/surefire-reports

-------------------------------------------------------
 T E S T S
-------------------------------------------------------
Running biz.source_code.base64Coder.Base64CoderTest
Tests run: 3, Failures: 0, Errors: 0, Skipped: 0, Time elapsed: 0.004 sec - in biz.source_code.base64Coder.Base64CoderTest
Running examples.resolver.CustomResolverTest
Tests run: 2, Failures: 0, Errors: 0, Skipped: 0, Time elapsed: 0.023 sec - in examples.resolver.CustomResolverTest
Running examples.SelectiveConstructorTest
Tests run: 1, Failures: 0, Errors: 0, Skipped: 0, Time elapsed: 0.001 sec - in examples.SelectiveConstructorTest
Running examples.DiceExampleTest
Tests run: 6, Failures: 0, Errors: 0, Skipped: 0, Time elapsed: 0.01 sec - in examples.DiceExampleTest
Running examples.IgnoreTagsExampleTest
Tests run: 1, Failures: 0, Errors: 0, Skipped: 0, Time elapsed: 0.002 sec - in examples.IgnoreTagsExampleTest
Running examples.CustomListExampleTest
Tests run: 1, Failures: 0, Errors: 0, Skipped: 0, Time elapsed: 0.001 sec - in examples.CustomListExampleTest
Running examples.DumpExampleTest
Tests run: 8, Failures: 0, Errors: 0, Skipped: 0, Time elapsed: 0.01 sec - in examples.DumpExampleTest
Running examples.CollectionStyleTest
Tests run: 2, Failures: 0, Errors: 0, Skipped: 0, Time elapsed: 0.001 sec - in examples.CollectionStyleTest
Running examples.LoadExampleTest
Tests run: 4, Failures: 0, Errors: 0, Skipped: 0, Time elapsed: 0.004 sec - in examples.LoadExampleTest
Running examples.CustomJavaObjectWithBinaryStringTest
Tests run: 1, Failures: 0, Errors: 0, Skipped: 0, Time elapsed: 0.001 sec - in examples.CustomJavaObjectWithBinaryStringTest
Running examples.CustomBeanResolverTest
Tests run: 2, Failures: 0, Errors: 0, Skipped: 0, Time elapsed: 0.003 sec - in examples.CustomBeanResolverTest
Running examples.AnyObjectExampleTest
Tests run: 1, Failures: 0, Errors: 0, Skipped: 0, Time elapsed: 0 sec - in examples.AnyObjectExampleTest
Running examples.staticstate.StaticFieldsWrapperTest
Tests run: 3, Failures: 0, Errors: 0, Skipped: 0, Time elapsed: 0.003 sec - in examples.staticstate.StaticFieldsWrapperTest
Running examples.staticstate.StaticFieldsTest
Tests run: 3, Failures: 0, Errors: 0, Skipped: 0, Time elapsed: 0.002 sec - in examples.staticstate.StaticFieldsTest
Running examples.CustomImplicitResolverTest
Tests run: 2, Failures: 0, Errors: 0, Skipped: 0, Time elapsed: 0 sec - in examples.CustomImplicitResolverTest
Running examples.jodatime.JodaTimeFlowStylesTest
Tests run: 2, Failures: 0, Errors: 0, Skipped: 0, Time elapsed: 0.042 sec - in examples.jodatime.JodaTimeFlowStylesTest
Running examples.jodatime.JodaTimeExampleTest
Tests run: 3, Failures: 0, Errors: 0, Skipped: 0, Time elapsed: 0.005 sec - in examples.jodatime.JodaTimeExampleTest
Running examples.SafeConstructorExampleTest
Tests run: 2, Failures: 0, Errors: 0, Skipped: 0, Time elapsed: 0.001 sec - in examples.SafeConstructorExampleTest
Running examples.SpringTest
Jul 30, 2020 4:30:05 PM org.springframework.context.support.AbstractApplicationContext prepareRefresh
INFO: Refreshing org.springframework.context.support.ClassPathXmlApplicationContext@551bdc27: display name [org.springframework.context.support.ClassPathXmlApplicationContext@551bdc27]; startup date [Thu Jul 30 16:30:05 UTC 2020]; root of context hierarchy
Jul 30, 2020 4:30:05 PM org.springframework.beans.factory.xml.XmlBeanDefinitionReader loadBeanDefinitions
INFO: Loading XML bean definitions from class path resource [examples/spring.xml]
Jul 30, 2020 4:30:05 PM org.springframework.context.support.AbstractApplicationContext obtainFreshBeanFactory
INFO: Bean factory for application context [org.springframework.context.support.ClassPathXmlApplicationContext@551bdc27]: org.springframework.beans.factory.support.DefaultListableBeanFactory@3d121db3
Jul 30, 2020 4:30:05 PM org.springframework.beans.factory.support.DefaultListableBeanFactory preInstantiateSingletons
INFO: Pre-instantiating singletons in org.springframework.beans.factory.support.DefaultListableBeanFactory@3d121db3: defining beans [yamlConstructor,yamlRepresenter,yamlOptions,snakeYaml,beanConstructor,javabeanYaml,standardYaml]; root of factory hierarchy
Tests run: 1, Failures: 0, Errors: 0, Skipped: 0, Time elapsed: 0.137 sec - in examples.SpringTest
Running examples.collections.TypeSafeMapTest
Tests run: 4, Failures: 0, Errors: 0, Skipped: 0, Time elapsed: 0.014 sec - in examples.collections.TypeSafeMapTest
Running examples.collections.ListFileldBeanTest
Tests run: 2, Failures: 0, Errors: 0, Skipped: 0, Time elapsed: 0.002 sec - in examples.collections.ListFileldBeanTest
Running examples.collections.TypeSafeListNoGerericsTest
Tests run: 2, Failures: 0, Errors: 0, Skipped: 0, Time elapsed: 0.002 sec - in examples.collections.TypeSafeListNoGerericsTest
Running examples.collections.TypeSafeMapImplementationsTest
Tests run: 7, Failures: 0, Errors: 0, Skipped: 0, Time elapsed: 0.005 sec - in examples.collections.TypeSafeMapImplementationsTest
Running examples.collections.TypeSafeMap2Test
Tests run: 3, Failures: 0, Errors: 0, Skipped: 0, Time elapsed: 0.005 sec - in examples.collections.TypeSafeMap2Test
Running examples.collections.TypeSafePriorityTest
Tests run: 1, Failures: 0, Errors: 0, Skipped: 0, Time elapsed: 0.001 sec - in examples.collections.TypeSafePriorityTest
Running examples.collections.TypeSafeSetImplementationsTest
Tests run: 7, Failures: 0, Errors: 0, Skipped: 0, Time elapsed: 0.009 sec - in examples.collections.TypeSafeSetImplementationsTest
Running examples.collections.TypeSafeListWithInterfaceTest
Tests run: 3, Failures: 0, Errors: 0, Skipped: 0, Time elapsed: 0.003 sec - in examples.collections.TypeSafeListWithInterfaceTest
Running examples.collections.TypeSafeListTest
Tests run: 2, Failures: 0, Errors: 0, Skipped: 0, Time elapsed: 0.002 sec - in examples.collections.TypeSafeListTest
Running examples.CustomMapExampleTest
Tests run: 1, Failures: 0, Errors: 0, Skipped: 0, Time elapsed: 0 sec - in examples.CustomMapExampleTest
Running org.pyyaml.PyTokensTest
Tests run: 2, Failures: 0, Errors: 0, Skipped: 0, Time elapsed: 0.021 sec - in org.pyyaml.PyTokensTest
Running org.pyyaml.PyStructureTest
Tests run: 4, Failures: 0, Errors: 0, Skipped: 0, Time elapsed: 0.057 sec - in org.pyyaml.PyStructureTest
Running org.pyyaml.PyErrorsTest
Tests run: 4, Failures: 0, Errors: 0, Skipped: 0, Time elapsed: 0.088 sec - in org.pyyaml.PyErrorsTest
Running org.pyyaml.PyRecursiveTest
Tests run: 6, Failures: 0, Errors: 0, Skipped: 0, Time elapsed: 0.012 sec - in org.pyyaml.PyRecursiveTest
Running org.pyyaml.PyMarkTest
Tests run: 1, Failures: 0, Errors: 0, Skipped: 0, Time elapsed: 0.001 sec - in org.pyyaml.PyMarkTest
Running org.pyyaml.PyCanonicalTest
Tests run: 2, Failures: 0, Errors: 0, Skipped: 0, Time elapsed: 0.016 sec - in org.pyyaml.PyCanonicalTest
Running org.pyyaml.PyEmitterTest
Tests run: 5, Failures: 0, Errors: 0, Skipped: 0, Time elapsed: 0.134 sec - in org.pyyaml.PyEmitterTest
Running org.pyyaml.PyReaderTest
Tests run: 1, Failures: 0, Errors: 0, Skipped: 0, Time elapsed: 0.002 sec - in org.pyyaml.PyReaderTest
Running org.yaml.snakeyaml.YamlParseTest
Tests run: 3, Failures: 0, Errors: 0, Skipped: 0, Time elapsed: 0 sec - in org.yaml.snakeyaml.YamlParseTest
Running org.yaml.snakeyaml.EnumTest
Tests run: 15, Failures: 0, Errors: 0, Skipped: 0, Time elapsed: 0.004 sec - in org.yaml.snakeyaml.EnumTest
Running org.yaml.snakeyaml.introspector.MethodPropertyTest
Tests run: 1, Failures: 0, Errors: 0, Skipped: 0, Time elapsed: 0 sec - in org.yaml.snakeyaml.introspector.MethodPropertyTest
Running org.yaml.snakeyaml.array.PrimitiveArrayTest
Tests run: 7, Failures: 0, Errors: 0, Skipped: 0, Time elapsed: 0.014 sec - in org.yaml.snakeyaml.array.PrimitiveArrayTest
Running org.yaml.snakeyaml.composer.ComposerImplTest
Tests run: 2, Failures: 0, Errors: 0, Skipped: 0, Time elapsed: 0 sec - in org.yaml.snakeyaml.composer.ComposerImplTest
Running org.yaml.snakeyaml.resolver.ResolverTest
Tests run: 2, Failures: 0, Errors: 0, Skipped: 0, Time elapsed: 0.002 sec - in org.yaml.snakeyaml.resolver.ResolverTest
Running org.yaml.snakeyaml.resolver.ImplicitResolverTest
Tests run: 1, Failures: 0, Errors: 0, Skipped: 0, Time elapsed: 0.002 sec - in org.yaml.snakeyaml.resolver.ImplicitResolverTest
Running org.yaml.snakeyaml.resolver.ResolverTupleTest
Tests run: 1, Failures: 0, Errors: 0, Skipped: 0, Time elapsed: 0 sec - in org.yaml.snakeyaml.resolver.ResolverTupleTest
Running org.yaml.snakeyaml.extensions.compactnotation.CompactConstructorExampleTest
Tests run: 11, Failures: 0, Errors: 0, Skipped: 0, Time elapsed: 0.012 sec - in org.yaml.snakeyaml.extensions.compactnotation.CompactConstructorExampleTest
Running org.yaml.snakeyaml.extensions.compactnotation.CompactConstructorErrorsTest
Tests run: 9, Failures: 0, Errors: 0, Skipped: 0, Time elapsed: 2.944 sec - in org.yaml.snakeyaml.extensions.compactnotation.CompactConstructorErrorsTest
Running org.yaml.snakeyaml.extensions.compactnotation.CompactConstructorTest
Tests run: 9, Failures: 0, Errors: 0, Skipped: 0, Time elapsed: 0 sec - in org.yaml.snakeyaml.extensions.compactnotation.CompactConstructorTest
Running org.yaml.snakeyaml.extensions.compactnotation.PackageCompactConstructorTest
Tests run: 3, Failures: 0, Errors: 0, Skipped: 0, Time elapsed: 0 sec - in org.yaml.snakeyaml.extensions.compactnotation.PackageCompactConstructorTest
Running org.yaml.snakeyaml.json.JsonTest
Tests run: 10, Failures: 0, Errors: 0, Skipped: 0, Time elapsed: 0 sec - in org.yaml.snakeyaml.json.JsonTest
Running org.yaml.snakeyaml.JavaBeanWithNullValuesTest
Tests run: 4, Failures: 0, Errors: 0, Skipped: 0, Time elapsed: 0.002 sec - in org.yaml.snakeyaml.JavaBeanWithNullValuesTest
Running org.yaml.snakeyaml.generics.ObjectValuesTest
Tests run: 2, Failures: 0, Errors: 0, Skipped: 0, Time elapsed: 0.003 sec - in org.yaml.snakeyaml.generics.ObjectValuesTest
Running org.yaml.snakeyaml.generics.GenericArrayTypeTest
Tests run: 2, Failures: 0, Errors: 0, Skipped: 0, Time elapsed: 0.001 sec - in org.yaml.snakeyaml.generics.GenericArrayTypeTest
Running org.yaml.snakeyaml.generics.BirdTest
java.vm.name: OpenJDK 64-Bit Server VM
Tests run: 1, Failures: 0, Errors: 0, Skipped: 0, Time elapsed: 0 sec - in org.yaml.snakeyaml.generics.BirdTest
Running org.yaml.snakeyaml.events.ScalarEventTest
Tests run: 2, Failures: 0, Errors: 0, Skipped: 0, Time elapsed: 0 sec - in org.yaml.snakeyaml.events.ScalarEventTest
Running org.yaml.snakeyaml.javabeans.TriangleBeanTest
Tests run: 3, Failures: 0, Errors: 0, Skipped: 0, Time elapsed: 0.001 sec - in org.yaml.snakeyaml.javabeans.TriangleBeanTest
Running org.yaml.snakeyaml.javabeans.HouseTest
Tests run: 3, Failures: 0, Errors: 0, Skipped: 0, Time elapsed: 0.002 sec - in org.yaml.snakeyaml.javabeans.HouseTest
Running org.yaml.snakeyaml.javabeans.StringArrayTest
Tests run: 2, Failures: 0, Errors: 0, Skipped: 0, Time elapsed: 0.001 sec - in org.yaml.snakeyaml.javabeans.StringArrayTest
Running org.yaml.snakeyaml.javabeans.ConstructEmptyBeanTest
Tests run: 7, Failures: 0, Errors: 0, Skipped: 0, Time elapsed: 0 sec - in org.yaml.snakeyaml.javabeans.ConstructEmptyBeanTest
Running org.yaml.snakeyaml.javabeans.LongTest
Tests run: 3, Failures: 0, Errors: 0, Skipped: 0, Time elapsed: 0 sec - in org.yaml.snakeyaml.javabeans.LongTest
Running org.yaml.snakeyaml.error.MarkTest
Tests run: 3, Failures: 0, Errors: 0, Skipped: 0, Time elapsed: 0 sec - in org.yaml.snakeyaml.error.MarkTest
Running org.yaml.snakeyaml.error.MarkedYAMLExceptionTest
Tests run: 5, Failures: 0, Errors: 0, Skipped: 0, Time elapsed: 0 sec - in org.yaml.snakeyaml.error.MarkedYAMLExceptionTest
Running org.yaml.snakeyaml.representer.FilterPropertyToDumpTest
Tests run: 3, Failures: 0, Errors: 0, Skipped: 0, Time elapsed: 0 sec - in org.yaml.snakeyaml.representer.FilterPropertyToDumpTest
Running org.yaml.snakeyaml.representer.DumpStackTraceTest
Tests run: 4, Failures: 0, Errors: 0, Skipped: 0, Time elapsed: 0 sec - in org.yaml.snakeyaml.representer.DumpStackTraceTest
Running org.yaml.snakeyaml.representer.RepresentTest
Tests run: 1, Failures: 0, Errors: 0, Skipped: 0, Time elapsed: 0 sec - in org.yaml.snakeyaml.representer.RepresentTest
Running org.yaml.snakeyaml.representer.RepresentIterableTest
Tests run: 2, Failures: 0, Errors: 0, Skipped: 0, Time elapsed: 0 sec - in org.yaml.snakeyaml.representer.RepresentIterableTest
Running org.yaml.snakeyaml.representer.SafeRepresenterTest
Tests run: 8, Failures: 0, Errors: 0, Skipped: 0, Time elapsed: 0.001 sec - in org.yaml.snakeyaml.representer.SafeRepresenterTest
Running org.yaml.snakeyaml.representer.RepresenterTest
Tests run: 5, Failures: 0, Errors: 0, Skipped: 0, Time elapsed: 0.002 sec - in org.yaml.snakeyaml.representer.RepresenterTest
Running org.yaml.snakeyaml.representer.RepresentFieldTest
Tests run: 3, Failures: 0, Errors: 0, Skipped: 0, Time elapsed: 0.001 sec - in org.yaml.snakeyaml.representer.RepresentFieldTest
Running org.yaml.snakeyaml.Chapter2_4Test
Tests run: 9, Failures: 0, Errors: 0, Skipped: 0, Time elapsed: 0.007 sec - in org.yaml.snakeyaml.Chapter2_4Test
Running org.yaml.snakeyaml.recursive.generics.HumanGenericsTest
Tests run: 9, Failures: 0, Errors: 0, Skipped: 0, Time elapsed: 0.016 sec - in org.yaml.snakeyaml.recursive.generics.HumanGenericsTest
Running org.yaml.snakeyaml.recursive.Human_WithArrayOfChildrenTest
Tests run: 3, Failures: 0, Errors: 0, Skipped: 0, Time elapsed: 0.004 sec - in org.yaml.snakeyaml.recursive.Human_WithArrayOfChildrenTest
Running org.yaml.snakeyaml.recursive.HumanTest
Tests run: 11, Failures: 0, Errors: 0, Skipped: 0, Time elapsed: 0.019 sec - in org.yaml.snakeyaml.recursive.HumanTest
Running org.yaml.snakeyaml.reader.ReaderStringTest
Tests run: 5, Failures: 0, Errors: 0, Skipped: 0, Time elapsed: 0.035 sec - in org.yaml.snakeyaml.reader.ReaderStringTest
Running org.yaml.snakeyaml.reader.IoReaderTest
Tests run: 2, Failures: 0, Errors: 0, Skipped: 0, Time elapsed: 0.005 sec - in org.yaml.snakeyaml.reader.IoReaderTest
Running org.yaml.snakeyaml.reader.ReaderBomTest
Tests run: 5, Failures: 0, Errors: 0, Skipped: 0, Time elapsed: 0 sec - in org.yaml.snakeyaml.reader.ReaderBomTest
Running org.yaml.snakeyaml.immutable.DogImmutableTest
Tests run: 2, Failures: 0, Errors: 0, Skipped: 0, Time elapsed: 0.001 sec - in org.yaml.snakeyaml.immutable.DogImmutableTest
Running org.yaml.snakeyaml.immutable.MoreImmutablesTest
Tests run: 4, Failures: 0, Errors: 0, Skipped: 0, Time elapsed: 0.055 sec - in org.yaml.snakeyaml.immutable.MoreImmutablesTest
Running org.yaml.snakeyaml.immutable.primitives.ImmutablePrimitivesTest
Tests run: 3, Failures: 0, Errors: 0, Skipped: 0, Time elapsed: 0.001 sec - in org.yaml.snakeyaml.immutable.primitives.ImmutablePrimitivesTest
Running org.yaml.snakeyaml.immutable.ShapeImmutableTest
Tests run: 14, Failures: 0, Errors: 0, Skipped: 0, Time elapsed: 0.005 sec - in org.yaml.snakeyaml.immutable.ShapeImmutableTest
Running org.yaml.snakeyaml.util.UriEncoderTest
Tests run: 3, Failures: 0, Errors: 0, Skipped: 0, Time elapsed: 0 sec - in org.yaml.snakeyaml.util.UriEncoderTest
Running org.yaml.snakeyaml.util.ArrayStackTest
Tests run: 1, Failures: 0, Errors: 0, Skipped: 0, Time elapsed: 0 sec - in org.yaml.snakeyaml.util.ArrayStackTest
Running org.yaml.snakeyaml.partialconstruct.FragmentComposerTest
Tests run: 1, Failures: 0, Errors: 0, Skipped: 0, Time elapsed: 0.001 sec - in org.yaml.snakeyaml.partialconstruct.FragmentComposerTest
Running org.yaml.snakeyaml.Chapter2_3Test
Tests run: 12, Failures: 0, Errors: 0, Skipped: 0, Time elapsed: 0.007 sec - in org.yaml.snakeyaml.Chapter2_3Test
Running org.yaml.snakeyaml.emitter.EmitterMultiLineTest
Tests run: 5, Failures: 0, Errors: 0, Skipped: 0, Time elapsed: 0.001 sec - in org.yaml.snakeyaml.emitter.EmitterMultiLineTest
Running org.yaml.snakeyaml.emitter.template.VelocityTest
Tests run: 2, Failures: 0, Errors: 0, Skipped: 0, Time elapsed: 0.052 sec - in org.yaml.snakeyaml.emitter.template.VelocityTest
Running org.yaml.snakeyaml.emitter.EmitterTest
Tests run: 12, Failures: 0, Errors: 0, Skipped: 0, Time elapsed: 0.002 sec - in org.yaml.snakeyaml.emitter.EmitterTest
Running org.yaml.snakeyaml.TypeDescriptionTest
Tests run: 2, Failures: 0, Errors: 0, Skipped: 0, Time elapsed: 0 sec - in org.yaml.snakeyaml.TypeDescriptionTest
Running org.yaml.snakeyaml.stress.StressEmitterTest

Single dump was 0.0 ms.

One instance.
Duration for r=1000 was 0.12 ms/dump.
Duration for r=2000 was 0.077 ms/dump.

Many instances.
Duration for r=1000 was 0.113 ms/dump.
Duration for r=2000 was 0.082 ms/dump.
Tests run: 1, Failures: 0, Errors: 0, Skipped: 0, Time elapsed: 0.557 sec - in org.yaml.snakeyaml.stress.StressEmitterTest
Running org.yaml.snakeyaml.BinaryJavaBeanTest
Tests run: 1, Failures: 0, Errors: 0, Skipped: 0, Time elapsed: 0 sec - in org.yaml.snakeyaml.BinaryJavaBeanTest
Running org.yaml.snakeyaml.ruby.RubyTest
Tests run: 4, Failures: 0, Errors: 0, Skipped: 0, Time elapsed: 0.004 sec - in org.yaml.snakeyaml.ruby.RubyTest
Running org.yaml.snakeyaml.InputOutputExceptionTest
Tests run: 2, Failures: 0, Errors: 0, Skipped: 0, Time elapsed: 0 sec - in org.yaml.snakeyaml.InputOutputExceptionTest
Running org.yaml.snakeyaml.JavaBeanTimeStampTest
Tests run: 2, Failures: 0, Errors: 0, Skipped: 0, Time elapsed: 0.001 sec - in org.yaml.snakeyaml.JavaBeanTimeStampTest
Running org.yaml.snakeyaml.YamlComposeTest
Tests run: 4, Failures: 0, Errors: 0, Skipped: 0, Time elapsed: 0 sec - in org.yaml.snakeyaml.YamlComposeTest
Running org.yaml.snakeyaml.PropertyUtilsSharingTest
Tests run: 4, Failures: 0, Errors: 0, Skipped: 0, Time elapsed: 0 sec - in org.yaml.snakeyaml.PropertyUtilsSharingTest
Running org.yaml.snakeyaml.DumperOptionsTest
Tests run: 26, Failures: 0, Errors: 0, Skipped: 0, Time elapsed: 0.013 sec - in org.yaml.snakeyaml.DumperOptionsTest
Running org.yaml.snakeyaml.constructor.ImplicitTagsTest
Tests run: 4, Failures: 0, Errors: 0, Skipped: 0, Time elapsed: 0.004 sec - in org.yaml.snakeyaml.constructor.ImplicitTagsTest
Running org.yaml.snakeyaml.constructor.ArrayTagsTest
Tests run: 5, Failures: 0, Errors: 0, Skipped: 0, Time elapsed: 0.002 sec - in org.yaml.snakeyaml.constructor.ArrayTagsTest
Running org.yaml.snakeyaml.constructor.FilterClassesConstructorTest
Tests run: 1, Failures: 0, Errors: 0, Skipped: 0, Time elapsed: 0 sec - in org.yaml.snakeyaml.constructor.FilterClassesConstructorTest
Running org.yaml.snakeyaml.constructor.ClassTagsTest
Tests run: 6, Failures: 0, Errors: 0, Skipped: 0, Time elapsed: 0.001 sec - in org.yaml.snakeyaml.constructor.ClassTagsTest
Running org.yaml.snakeyaml.constructor.TypeSafeCollectionsTest
Tests run: 3, Failures: 0, Errors: 0, Skipped: 0, Time elapsed: 0.003 sec - in org.yaml.snakeyaml.constructor.TypeSafeCollectionsTest
Running org.yaml.snakeyaml.constructor.AbstractConstructTest
Tests run: 2, Failures: 0, Errors: 0, Skipped: 0, Time elapsed: 0 sec - in org.yaml.snakeyaml.constructor.AbstractConstructTest
Running org.yaml.snakeyaml.constructor.ConstructorMappingTest
Tests run: 2, Failures: 0, Errors: 0, Skipped: 0, Time elapsed: 0 sec - in org.yaml.snakeyaml.constructor.ConstructorMappingTest
Running org.yaml.snakeyaml.constructor.BigDecimalBeanConstructorTest
Tests run: 3, Failures: 0, Errors: 0, Skipped: 0, Time elapsed: 0.002 sec - in org.yaml.snakeyaml.constructor.BigDecimalBeanConstructorTest
Running org.yaml.snakeyaml.constructor.CustomClassLoaderConstructorTest
Tests run: 4, Failures: 0, Errors: 0, Skipped: 0, Time elapsed: 0 sec - in org.yaml.snakeyaml.constructor.CustomClassLoaderConstructorTest
Running org.yaml.snakeyaml.constructor.ConstructorTest
Tests run: 6, Failures: 0, Errors: 0, Skipped: 0, Time elapsed: 0.001 sec - in org.yaml.snakeyaml.constructor.ConstructorTest
Running org.yaml.snakeyaml.constructor.VectorTest
Tests run: 1, Failures: 0, Errors: 0, Skipped: 0, Time elapsed: 0 sec - in org.yaml.snakeyaml.constructor.VectorTest
Running org.yaml.snakeyaml.constructor.IncompleteBeanConstructorTest
Tests run: 3, Failures: 0, Errors: 0, Skipped: 0, Time elapsed: 0.001 sec - in org.yaml.snakeyaml.constructor.IncompleteBeanConstructorTest
Running org.yaml.snakeyaml.constructor.SafeConstructorTest
Tests run: 3, Failures: 0, Errors: 0, Skipped: 0, Time elapsed: 0 sec - in org.yaml.snakeyaml.constructor.SafeConstructorTest
Running org.yaml.snakeyaml.constructor.BeanConstructorTest
Tests run: 12, Failures: 0, Errors: 0, Skipped: 0, Time elapsed: 0.004 sec - in org.yaml.snakeyaml.constructor.BeanConstructorTest
Running org.yaml.snakeyaml.constructor.ConstructorSequenceTest
Tests run: 4, Failures: 0, Errors: 0, Skipped: 0, Time elapsed: 0.001 sec - in org.yaml.snakeyaml.constructor.ConstructorSequenceTest
Running org.yaml.snakeyaml.constructor.MockDateBeanConstructorTest
Tests run: 1, Failures: 0, Errors: 0, Skipped: 0, Time elapsed: 0.001 sec - in org.yaml.snakeyaml.constructor.MockDateBeanConstructorTest
Running org.yaml.snakeyaml.constructor.PrefixConstructorTest
Tests run: 1, Failures: 0, Errors: 0, Skipped: 0, Time elapsed: 0.001 sec - in org.yaml.snakeyaml.constructor.PrefixConstructorTest
Running org.yaml.snakeyaml.Chapter2_5Test
Tests run: 1, Failures: 0, Errors: 0, Skipped: 0, Time elapsed: 0.001 sec - in org.yaml.snakeyaml.Chapter2_5Test
Running org.yaml.snakeyaml.nodes.MappingNodeTest
Tests run: 1, Failures: 0, Errors: 0, Skipped: 0, Time elapsed: 0 sec - in org.yaml.snakeyaml.nodes.MappingNodeTest
Running org.yaml.snakeyaml.nodes.ScalarNodeTest
Tests run: 2, Failures: 0, Errors: 0, Skipped: 0, Time elapsed: 0 sec - in org.yaml.snakeyaml.nodes.ScalarNodeTest
Running org.yaml.snakeyaml.nodes.TagTest
Tests run: 10, Failures: 0, Errors: 0, Skipped: 0, Time elapsed: 0 sec - in org.yaml.snakeyaml.nodes.TagTest
Running org.yaml.snakeyaml.nodes.NodeTupleTest
Tests run: 3, Failures: 0, Errors: 0, Skipped: 0, Time elapsed: 0 sec - in org.yaml.snakeyaml.nodes.NodeTupleTest
Running org.yaml.snakeyaml.nodes.TagsTest
Tests run: 2, Failures: 0, Errors: 0, Skipped: 0, Time elapsed: 0 sec - in org.yaml.snakeyaml.nodes.TagsTest
Running org.yaml.snakeyaml.nodes.SequenceNodeTest
Tests run: 2, Failures: 0, Errors: 0, Skipped: 0, Time elapsed: 0 sec - in org.yaml.snakeyaml.nodes.SequenceNodeTest
Running org.yaml.snakeyaml.nodes.NodeTest
Tests run: 3, Failures: 0, Errors: 0, Skipped: 0, Time elapsed: 0.001 sec - in org.yaml.snakeyaml.nodes.NodeTest
Running org.yaml.snakeyaml.Chapter2_2Test
Tests run: 6, Failures: 0, Errors: 0, Skipped: 0, Time elapsed: 0 sec - in org.yaml.snakeyaml.Chapter2_2Test
Running org.yaml.snakeyaml.issues.issue56.PerlTest
Tests run: 3, Failures: 0, Errors: 0, Skipped: 0, Time elapsed: 0.019 sec - in org.yaml.snakeyaml.issues.issue56.PerlTest
Running org.yaml.snakeyaml.issues.issue72.CollectionTest
Tests run: 2, Failures: 0, Errors: 0, Skipped: 0, Time elapsed: 0.002 sec - in org.yaml.snakeyaml.issues.issue72.CollectionTest
Running org.yaml.snakeyaml.issues.issue182.InfinityFloatBeanTest
Tests run: 1, Failures: 0, Errors: 0, Skipped: 0, Time elapsed: 0.001 sec - in org.yaml.snakeyaml.issues.issue182.InfinityFloatBeanTest
Running org.yaml.snakeyaml.issues.issue148.PrintableUnicodeTest
Tests run: 4, Failures: 0, Errors: 0, Skipped: 0, Time elapsed: 0.83 sec - in org.yaml.snakeyaml.issues.issue148.PrintableUnicodeTest
Running org.yaml.snakeyaml.issues.issue38.BigNumberIdTest
Tests run: 1, Failures: 0, Errors: 0, Skipped: 0, Time elapsed: 0.019 sec - in org.yaml.snakeyaml.issues.issue38.BigNumberIdTest
Running org.yaml.snakeyaml.issues.issue94.ChangeRuntimeClassTest
Tests run: 2, Failures: 0, Errors: 0, Skipped: 0, Time elapsed: 0.022 sec - in org.yaml.snakeyaml.issues.issue94.ChangeRuntimeClassTest
Running org.yaml.snakeyaml.issues.issue55.YamlFieldAccessCollectionTest
Tests run: 4, Failures: 0, Errors: 0, Skipped: 0, Time elapsed: 0.002 sec - in org.yaml.snakeyaml.issues.issue55.YamlFieldAccessCollectionTest
Running org.yaml.snakeyaml.issues.issue55.JavaBeanListTest
Tests run: 2, Failures: 0, Errors: 0, Skipped: 0, Time elapsed: 0.001 sec - in org.yaml.snakeyaml.issues.issue55.JavaBeanListTest
Running org.yaml.snakeyaml.issues.issue55.FieldListTest
Tests run: 2, Failures: 0, Errors: 0, Skipped: 0, Time elapsed: 0 sec - in org.yaml.snakeyaml.issues.issue55.FieldListTest
Running org.yaml.snakeyaml.issues.issue68.NonAsciiCharacterTest
Tests run: 4, Failures: 0, Errors: 0, Skipped: 0, Time elapsed: 0.001 sec - in org.yaml.snakeyaml.issues.issue68.NonAsciiCharacterTest
Running org.yaml.snakeyaml.issues.issue141.ConfigurableTimezoneTest
Tests run: 2, Failures: 0, Errors: 0, Skipped: 0, Time elapsed: 0 sec - in org.yaml.snakeyaml.issues.issue141.ConfigurableTimezoneTest
Running org.yaml.snakeyaml.issues.issue49.CalendarTest
Tests run: 7, Failures: 0, Errors: 0, Skipped: 0, Time elapsed: 0.002 sec - in org.yaml.snakeyaml.issues.issue49.CalendarTest
Running org.yaml.snakeyaml.issues.issue193.AbstractBeanTest
Tests run: 1, Failures: 0, Errors: 0, Skipped: 0, Time elapsed: 0 sec - in org.yaml.snakeyaml.issues.issue193.AbstractBeanTest
Running org.yaml.snakeyaml.issues.issue143.GenericMapTest
Tests run: 1, Failures: 0, Errors: 0, Skipped: 0, Time elapsed: 0 sec - in org.yaml.snakeyaml.issues.issue143.GenericMapTest
Running org.yaml.snakeyaml.issues.issue192.EqualsSignTest
Tests run: 2, Failures: 0, Errors: 0, Skipped: 0, Time elapsed: 0 sec - in org.yaml.snakeyaml.issues.issue192.EqualsSignTest
Running org.yaml.snakeyaml.issues.issue136.TabInScalarTest
Tests run: 5, Failures: 0, Errors: 0, Skipped: 0, Time elapsed: 0 sec - in org.yaml.snakeyaml.issues.issue136.TabInScalarTest
Running org.yaml.snakeyaml.issues.issue8.PrattleRepresenterTest
Tests run: 2, Failures: 0, Errors: 0, Skipped: 0, Time elapsed: 0 sec - in org.yaml.snakeyaml.issues.issue8.PrattleRepresenterTest
Running org.yaml.snakeyaml.issues.issue311.BooleanEnumTest
Tests run: 3, Failures: 0, Errors: 0, Skipped: 0, Time elapsed: 0 sec - in org.yaml.snakeyaml.issues.issue311.BooleanEnumTest
Running org.yaml.snakeyaml.issues.issue149.GlobalDirectivesTest
Tests run: 3, Failures: 0, Errors: 0, Skipped: 0, Time elapsed: 0 sec - in org.yaml.snakeyaml.issues.issue149.GlobalDirectivesTest
Running org.yaml.snakeyaml.issues.issue11.YamlMapTest
Tests run: 3, Failures: 0, Errors: 0, Skipped: 0, Time elapsed: 0 sec - in org.yaml.snakeyaml.issues.issue11.YamlMapTest
Running org.yaml.snakeyaml.issues.issue102.BigDataLoadTest
Long data size: 1344 kBytes.
Long data size: 1344 kBytes.
Tests run: 2, Failures: 0, Errors: 0, Skipped: 0, Time elapsed: 0.866 sec - in org.yaml.snakeyaml.issues.issue102.BigDataLoadTest
Running org.yaml.snakeyaml.issues.issue183.NumberBeanTest
Tests run: 7, Failures: 0, Errors: 0, Skipped: 0, Time elapsed: 0.001 sec - in org.yaml.snakeyaml.issues.issue183.NumberBeanTest
Running org.yaml.snakeyaml.issues.issue97.YamlSortedSetTest
Tests run: 1, Failures: 0, Errors: 0, Skipped: 0, Time elapsed: 0 sec - in org.yaml.snakeyaml.issues.issue97.YamlSortedSetTest
Running org.yaml.snakeyaml.issues.issue82.PropOrderInfluenceWhenAliasedInGenericCollectionTest
Tests run: 9, Failures: 0, Errors: 0, Skipped: 0, Time elapsed: 0.004 sec - in org.yaml.snakeyaml.issues.issue82.PropOrderInfluenceWhenAliasedInGenericCollectionTest
Running org.yaml.snakeyaml.issues.issue139.MergeValueTest
Tests run: 3, Failures: 0, Errors: 0, Skipped: 0, Time elapsed: 0 sec - in org.yaml.snakeyaml.issues.issue139.MergeValueTest
Running org.yaml.snakeyaml.issues.issue139.UniqueKeyTest
Tests run: 1, Failures: 0, Errors: 0, Skipped: 0, Time elapsed: 0.001 sec - in org.yaml.snakeyaml.issues.issue139.UniqueKeyTest
Running org.yaml.snakeyaml.issues.issue177.PointBeanTest
Tests run: 1, Failures: 0, Errors: 0, Skipped: 0, Time elapsed: 0.001 sec - in org.yaml.snakeyaml.issues.issue177.PointBeanTest
Running org.yaml.snakeyaml.issues.issue132.ScalarEventTagTest
Tests run: 2, Failures: 0, Errors: 0, Skipped: 0, Time elapsed: 0 sec - in org.yaml.snakeyaml.issues.issue132.ScalarEventTagTest
Running org.yaml.snakeyaml.issues.issue306.UuidSupportTest
Tests run: 6, Failures: 0, Errors: 0, Skipped: 0, Time elapsed: 0.007 sec - in org.yaml.snakeyaml.issues.issue306.UuidSupportTest
Running org.yaml.snakeyaml.issues.issue111.LongUriTest
Tests run: 1, Failures: 0, Errors: 0, Skipped: 0, Time elapsed: 0 sec - in org.yaml.snakeyaml.issues.issue111.LongUriTest
Running org.yaml.snakeyaml.issues.issue145.LineNumberInExceptionTest
Tests run: 3, Failures: 0, Errors: 0, Skipped: 0, Time elapsed: 0.001 sec - in org.yaml.snakeyaml.issues.issue145.LineNumberInExceptionTest
Running org.yaml.snakeyaml.issues.issue203.GenericTest
Tests run: 1, Failures: 0, Errors: 0, Skipped: 0, Time elapsed: 0 sec - in org.yaml.snakeyaml.issues.issue203.GenericTest
Running org.yaml.snakeyaml.issues.issue74.ArrayBeanTest
Tests run: 1, Failures: 0, Errors: 0, Skipped: 0, Time elapsed: 0 sec - in org.yaml.snakeyaml.issues.issue74.ArrayBeanTest
Running org.yaml.snakeyaml.issues.issue47.ReadOnlyPropertiesTest
Tests run: 2, Failures: 0, Errors: 0, Skipped: 0, Time elapsed: 0 sec - in org.yaml.snakeyaml.issues.issue47.ReadOnlyPropertiesTest
Running org.yaml.snakeyaml.issues.issue46.FileTest
Tests run: 1, Failures: 0, Errors: 0, Skipped: 0, Time elapsed: 0 sec - in org.yaml.snakeyaml.issues.issue46.FileTest
Running org.yaml.snakeyaml.issues.issue73.ArrayListTest
Tests run: 1, Failures: 0, Errors: 0, Skipped: 0, Time elapsed: 0 sec - in org.yaml.snakeyaml.issues.issue73.ArrayListTest
Running org.yaml.snakeyaml.issues.issue73.RecursiveSetTest
Tests run: 3, Failures: 0, Errors: 0, Skipped: 0, Time elapsed: 0.003 sec - in org.yaml.snakeyaml.issues.issue73.RecursiveSetTest
Running org.yaml.snakeyaml.issues.issue73.RecursiveSortedSetTest
Tests run: 3, Failures: 0, Errors: 0, Skipped: 0, Time elapsed: 0.001 sec - in org.yaml.snakeyaml.issues.issue73.RecursiveSortedSetTest
Running org.yaml.snakeyaml.issues.issue73.TreeSetTest
Tests run: 1, Failures: 0, Errors: 0, Skipped: 0, Time elapsed: 0 sec - in org.yaml.snakeyaml.issues.issue73.TreeSetTest
Running org.yaml.snakeyaml.issues.issue73.DumpSetAsSequenceExampleTest
Tests run: 2, Failures: 0, Errors: 0, Skipped: 0, Time elapsed: 0.002 sec - in org.yaml.snakeyaml.issues.issue73.DumpSetAsSequenceExampleTest
Running org.yaml.snakeyaml.issues.issue73.SetAsSequenceTest
Tests run: 7, Failures: 0, Errors: 0, Skipped: 0, Time elapsed: 0.002 sec - in org.yaml.snakeyaml.issues.issue73.SetAsSequenceTest
Running org.yaml.snakeyaml.issues.issue50.SnakeyamlTest
Tests run: 1, Failures: 0, Errors: 0, Skipped: 0, Time elapsed: 0.001 sec - in org.yaml.snakeyaml.issues.issue50.SnakeyamlTest
Running org.yaml.snakeyaml.issues.issue150.YamlLoadAsIssueTest
Tests run: 2, Failures: 0, Errors: 0, Skipped: 0, Time elapsed: 0.001 sec - in org.yaml.snakeyaml.issues.issue150.YamlLoadAsIssueTest
Running org.yaml.snakeyaml.issues.issue9.NopropTest
Tests run: 12, Failures: 0, Errors: 0, Skipped: 0, Time elapsed: 0.004 sec - in org.yaml.snakeyaml.issues.issue9.NopropTest
Running org.yaml.snakeyaml.issues.issue207.OctalNumberTest
Tests run: 1, Failures: 0, Errors: 0, Skipped: 0, Time elapsed: 0 sec - in org.yaml.snakeyaml.issues.issue207.OctalNumberTest
Running org.yaml.snakeyaml.issues.issue99.YamlBase64Test
Tests run: 5, Failures: 0, Errors: 0, Skipped: 0, Time elapsed: 0.006 sec - in org.yaml.snakeyaml.issues.issue99.YamlBase64Test
Running org.yaml.snakeyaml.issues.issue124.DumpTest
Tests run: 7, Failures: 0, Errors: 0, Skipped: 0, Time elapsed: 0.001 sec - in org.yaml.snakeyaml.issues.issue124.DumpTest
Running org.yaml.snakeyaml.issues.issue103.MergingTest
Tests run: 2, Failures: 0, Errors: 0, Skipped: 0, Time elapsed: 0.001 sec - in org.yaml.snakeyaml.issues.issue103.MergingTest
Running org.yaml.snakeyaml.issues.issue61.GenericMapBeanTest
Tests run: 2, Failures: 0, Errors: 0, Skipped: 0, Time elapsed: 0.001 sec - in org.yaml.snakeyaml.issues.issue61.GenericMapBeanTest
Running org.yaml.snakeyaml.issues.issue61.GenericListBeanTest
Tests run: 2, Failures: 0, Errors: 0, Skipped: 0, Time elapsed: 0.001 sec - in org.yaml.snakeyaml.issues.issue61.GenericListBeanTest
Running org.yaml.snakeyaml.issues.issue95.ArrayInGenericCollectionTest
Tests run: 5, Failures: 0, Errors: 0, Skipped: 0, Time elapsed: 0.001 sec - in org.yaml.snakeyaml.issues.issue95.ArrayInGenericCollectionTest
Running org.yaml.snakeyaml.issues.issue116.NoFieldsTest
Tests run: 3, Failures: 0, Errors: 0, Skipped: 0, Time elapsed: 0.001 sec - in org.yaml.snakeyaml.issues.issue116.NoFieldsTest
Running org.yaml.snakeyaml.issues.issue114.PreserveTypeTest
Tests run: 2, Failures: 0, Errors: 0, Skipped: 0, Time elapsed: 0.001 sec - in org.yaml.snakeyaml.issues.issue114.PreserveTypeTest
Running org.yaml.snakeyaml.issues.issue173.RecursiveAnchorTest
Tests run: 2, Failures: 0, Errors: 0, Skipped: 0, Time elapsed: 0 sec - in org.yaml.snakeyaml.issues.issue173.RecursiveAnchorTest
Running org.yaml.snakeyaml.issues.issue188.ErrorMessageTest
Tests run: 1, Failures: 0, Errors: 0, Skipped: 0, Time elapsed: 0 sec - in org.yaml.snakeyaml.issues.issue188.ErrorMessageTest
Running org.yaml.snakeyaml.issues.issue127.NullAliasTest
Tests run: 1, Failures: 0, Errors: 0, Skipped: 0, Time elapsed: 0.001 sec - in org.yaml.snakeyaml.issues.issue127.NullAliasTest
Running org.yaml.snakeyaml.issues.issue205.AppleSmileTest
Tests run: 1, Failures: 0, Errors: 0, Skipped: 0, Time elapsed: 0 sec - in org.yaml.snakeyaml.issues.issue205.AppleSmileTest
Running org.yaml.snakeyaml.issues.issue318.ContextClassLoaderTest
Tests run: 3, Failures: 0, Errors: 0, Skipped: 0, Time elapsed: 0.032 sec - in org.yaml.snakeyaml.issues.issue318.ContextClassLoaderTest
Running org.yaml.snakeyaml.issues.issue151.EscapedUnicodeTest
Tests run: 2, Failures: 0, Errors: 0, Skipped: 0, Time elapsed: 0 sec - in org.yaml.snakeyaml.issues.issue151.EscapedUnicodeTest
Running org.yaml.snakeyaml.issues.issue171.GenericExtendsObjectTest
Tests run: 1, Failures: 0, Errors: 0, Skipped: 0, Time elapsed: 0 sec - in org.yaml.snakeyaml.issues.issue171.GenericExtendsObjectTest
Running org.yaml.snakeyaml.issues.issue137.SupplementaryCharactersTest
Tests run: 4, Failures: 0, Errors: 0, Skipped: 0, Time elapsed: 0 sec - in org.yaml.snakeyaml.issues.issue137.SupplementaryCharactersTest
Running org.yaml.snakeyaml.issues.issue155.BinaryTest
Tests run: 1, Failures: 0, Errors: 0, Skipped: 0, Time elapsed: 0 sec - in org.yaml.snakeyaml.issues.issue155.BinaryTest
Running org.yaml.snakeyaml.issues.issue10.BasicDumpTest
Tests run: 3, Failures: 0, Errors: 0, Skipped: 0, Time elapsed: 0.003 sec - in org.yaml.snakeyaml.issues.issue10.BasicDumpTest
Running org.yaml.snakeyaml.issues.issue60.SkipBeanTest
Tests run: 2, Failures: 0, Errors: 0, Skipped: 0, Time elapsed: 0.004 sec - in org.yaml.snakeyaml.issues.issue60.SkipBeanTest
Running org.yaml.snakeyaml.issues.issue60.CustomOrderTest
Tests run: 2, Failures: 0, Errors: 0, Skipped: 0, Time elapsed: 0.002 sec - in org.yaml.snakeyaml.issues.issue60.CustomOrderTest
Running org.yaml.snakeyaml.issues.issue64.ParameterizedTypeTest
Tests run: 1, Failures: 0, Errors: 0, Skipped: 0, Time elapsed: 0.002 sec - in org.yaml.snakeyaml.issues.issue64.ParameterizedTypeTest
Running org.yaml.snakeyaml.issues.issue52.LineBreakDooubleQuotedTest
Tests run: 2, Failures: 0, Errors: 0, Skipped: 0, Time elapsed: 0 sec - in org.yaml.snakeyaml.issues.issue52.LineBreakDooubleQuotedTest
Running org.yaml.snakeyaml.issues.issue100.MergeJavaBeanTest
Tests run: 7, Failures: 0, Errors: 0, Skipped: 0, Time elapsed: 0.004 sec - in org.yaml.snakeyaml.issues.issue100.MergeJavaBeanTest
Running org.yaml.snakeyaml.issues.issue100.MergeMapsTest
Tests run: 1, Failures: 0, Errors: 0, Skipped: 0, Time elapsed: 0 sec - in org.yaml.snakeyaml.issues.issue100.MergeMapsTest
Running org.yaml.snakeyaml.issues.issue29.FlexibleScalarStyleTest
Tests run: 4, Failures: 0, Errors: 0, Skipped: 0, Time elapsed: 0.001 sec - in org.yaml.snakeyaml.issues.issue29.FlexibleScalarStyleTest
Running org.yaml.snakeyaml.issues.issue29.FlexibleScalarStylesInJavaBeanTest
Tests run: 1, Failures: 0, Errors: 0, Skipped: 0, Time elapsed: 0.002 sec - in org.yaml.snakeyaml.issues.issue29.FlexibleScalarStylesInJavaBeanTest
Running org.yaml.snakeyaml.issues.issue40.DogFoodBeanTest
Tests run: 5, Failures: 0, Errors: 0, Skipped: 0, Time elapsed: 0 sec - in org.yaml.snakeyaml.issues.issue40.DogFoodBeanTest
Running org.yaml.snakeyaml.issues.issue24.LineNumberTest
Tests run: 1, Failures: 0, Errors: 0, Skipped: 0, Time elapsed: 0 sec - in org.yaml.snakeyaml.issues.issue24.LineNumberTest
Running org.yaml.snakeyaml.issues.issue176.SingleQuoteTest
Tests run: 2, Failures: 0, Errors: 0, Skipped: 0, Time elapsed: 0 sec - in org.yaml.snakeyaml.issues.issue176.SingleQuoteTest
Running org.yaml.snakeyaml.issues.issue147.PrintableTest
Tests run: 1, Failures: 0, Errors: 0, Skipped: 0, Time elapsed: 0.001 sec - in org.yaml.snakeyaml.issues.issue147.PrintableTest
Running org.yaml.snakeyaml.issues.issue310.PropertyWithPrivateCostructorTest
Tests run: 2, Failures: 0, Errors: 0, Skipped: 0, Time elapsed: 0 sec - in org.yaml.snakeyaml.issues.issue310.PropertyWithPrivateCostructorTest
Running org.yaml.snakeyaml.issues.issue335.JavaLangObjectTest
Tests run: 2, Failures: 0, Errors: 0, Skipped: 0, Time elapsed: 0 sec - in org.yaml.snakeyaml.issues.issue335.JavaLangObjectTest
Running org.yaml.snakeyaml.issues.issue133.StackOverflowTest
Tests run: 2, Failures: 0, Errors: 0, Skipped: 0, Time elapsed: 0.003 sec - in org.yaml.snakeyaml.issues.issue133.StackOverflowTest
Running org.yaml.snakeyaml.issues.issue115.ParameterizedJavaBeanTest
Tests run: 2, Failures: 0, Errors: 0, Skipped: 0, Time elapsed: 0 sec - in org.yaml.snakeyaml.issues.issue115.ParameterizedJavaBeanTest
Running org.yaml.snakeyaml.issues.issue115.ParameterizedTest
Tests run: 2, Failures: 0, Errors: 0, Skipped: 0, Time elapsed: 0 sec - in org.yaml.snakeyaml.issues.issue115.ParameterizedTest
Running org.yaml.snakeyaml.issues.issue138.ReaderExceptionTest
Tests run: 1, Failures: 0, Errors: 0, Skipped: 0, Time elapsed: 0 sec - in org.yaml.snakeyaml.issues.issue138.ReaderExceptionTest
Running org.yaml.snakeyaml.issues.issue144.FloatPropertyTest
Tests run: 2, Failures: 0, Errors: 0, Skipped: 0, Time elapsed: 0 sec - in org.yaml.snakeyaml.issues.issue144.FloatPropertyTest
Running org.yaml.snakeyaml.issues.issue48.SkipJavaBeanPropertyTest
Tests run: 2, Failures: 0, Errors: 0, Skipped: 0, Time elapsed: 0 sec - in org.yaml.snakeyaml.issues.issue48.SkipJavaBeanPropertyTest
Running org.yaml.snakeyaml.issues.issue154.MissingPropertyTest
Tests run: 4, Failures: 0, Errors: 0, Skipped: 0, Time elapsed: 0 sec - in org.yaml.snakeyaml.issues.issue154.MissingPropertyTest
Running org.yaml.snakeyaml.issues.issue332.DataTest
Tests run: 2, Failures: 0, Errors: 0, Skipped: 0, Time elapsed: 0 sec - in org.yaml.snakeyaml.issues.issue332.DataTest
Running org.yaml.snakeyaml.issues.issue67.NonAsciiCharsInClassNameTest
Tests run: 6, Failures: 0, Errors: 0, Skipped: 0, Time elapsed: 0 sec - in org.yaml.snakeyaml.issues.issue67.NonAsciiCharsInClassNameTest
Running org.yaml.snakeyaml.issues.issue51.UnicodeStyleTest
Tests run: 2, Failures: 0, Errors: 0, Skipped: 0, Time elapsed: 0 sec - in org.yaml.snakeyaml.issues.issue51.UnicodeStyleTest
Running org.yaml.snakeyaml.issues.issue163.LinearScalaTralingTest
Tests run: 2, Failures: 0, Errors: 0, Skipped: 0, Time elapsed: 0 sec - in org.yaml.snakeyaml.issues.issue163.LinearScalaTralingTest
Running org.yaml.snakeyaml.issues.issue58.NullValueDumperTest
Tests run: 2, Failures: 0, Errors: 0, Skipped: 0, Time elapsed: 0 sec - in org.yaml.snakeyaml.issues.issue58.NullValueDumperTest
Running org.yaml.snakeyaml.YamlTest
Tests run: 4, Failures: 0, Errors: 0, Skipped: 0, Time elapsed: 0 sec - in org.yaml.snakeyaml.YamlTest
Running org.yaml.snakeyaml.CollectionWithBeanYamlTest
Tests run: 2, Failures: 0, Errors: 0, Skipped: 0, Time elapsed: 0 sec - in org.yaml.snakeyaml.CollectionWithBeanYamlTest
Running org.yaml.snakeyaml.serializer.AnchorGeneratorTest
Tests run: 2, Failures: 0, Errors: 0, Skipped: 0, Time elapsed: 0 sec - in org.yaml.snakeyaml.serializer.AnchorGeneratorTest
Running org.yaml.snakeyaml.serializer.SerializerTest
Tests run: 7, Failures: 0, Errors: 0, Skipped: 0, Time elapsed: 0 sec - in org.yaml.snakeyaml.serializer.SerializerTest
Running org.yaml.snakeyaml.parser.ParserImplTest
Tests run: 2, Failures: 0, Errors: 0, Skipped: 0, Time elapsed: 0 sec - in org.yaml.snakeyaml.parser.ParserImplTest
Running org.yaml.snakeyaml.parser.VersionTagsTupleTest
Tests run: 1, Failures: 0, Errors: 0, Skipped: 0, Time elapsed: 0 sec - in org.yaml.snakeyaml.parser.VersionTagsTupleTest
Running org.yaml.snakeyaml.scanner.SimpleKeyTest
Tests run: 1, Failures: 0, Errors: 0, Skipped: 0, Time elapsed: 0 sec - in org.yaml.snakeyaml.scanner.SimpleKeyTest
Running org.yaml.snakeyaml.scanner.ScannerImplTest
Tests run: 2, Failures: 0, Errors: 0, Skipped: 0, Time elapsed: 0 sec - in org.yaml.snakeyaml.scanner.ScannerImplTest
Running org.yaml.snakeyaml.scanner.ConstantTest
Tests run: 3, Failures: 0, Errors: 0, Skipped: 0, Time elapsed: 0.001 sec - in org.yaml.snakeyaml.scanner.ConstantTest
Running org.yaml.snakeyaml.Example2_24Test
Tests run: 1, Failures: 0, Errors: 0, Skipped: 0, Time elapsed: 0 sec - in org.yaml.snakeyaml.Example2_24Test
Running org.yaml.snakeyaml.Example2_27Test
Tests run: 1, Failures: 0, Errors: 0, Skipped: 0, Time elapsed: 0 sec - in org.yaml.snakeyaml.Example2_27Test
Running org.yaml.snakeyaml.lowlevel.LowLevelApiTest
Tests run: 1, Failures: 0, Errors: 0, Skipped: 0, Time elapsed: 0 sec - in org.yaml.snakeyaml.lowlevel.LowLevelApiTest
Running org.yaml.snakeyaml.types.FloatTagTest
Tests run: 8, Failures: 0, Errors: 0, Skipped: 0, Time elapsed: 0 sec - in org.yaml.snakeyaml.types.FloatTagTest
Running org.yaml.snakeyaml.types.BinaryTagTest
Tests run: 5, Failures: 0, Errors: 0, Skipped: 0, Time elapsed: 0 sec - in org.yaml.snakeyaml.types.BinaryTagTest
Running org.yaml.snakeyaml.types.SetTagTest
Tests run: 1, Failures: 0, Errors: 0, Skipped: 0, Time elapsed: 0.001 sec - in org.yaml.snakeyaml.types.SetTagTest
Running org.yaml.snakeyaml.types.ValueTagTest
Tests run: 1, Failures: 0, Errors: 0, Skipped: 0, Time elapsed: 0 sec - in org.yaml.snakeyaml.types.ValueTagTest
Running org.yaml.snakeyaml.types.PairsTagTest
Tests run: 1, Failures: 0, Errors: 0, Skipped: 0, Time elapsed: 0.001 sec - in org.yaml.snakeyaml.types.PairsTagTest
Running org.yaml.snakeyaml.types.TimestampTagTest
Tests run: 7, Failures: 0, Errors: 0, Skipped: 0, Time elapsed: 0.001 sec - in org.yaml.snakeyaml.types.TimestampTagTest
Running org.yaml.snakeyaml.types.SeqTagTest
Tests run: 4, Failures: 0, Errors: 0, Skipped: 0, Time elapsed: 0.031 sec - in org.yaml.snakeyaml.types.SeqTagTest
Running org.yaml.snakeyaml.types.MergeTagTest
Tests run: 1, Failures: 0, Errors: 0, Skipped: 0, Time elapsed: 0.001 sec - in org.yaml.snakeyaml.types.MergeTagTest
Running org.yaml.snakeyaml.types.StrTagTest
Tests run: 16, Failures: 0, Errors: 0, Skipped: 0, Time elapsed: 0.003 sec - in org.yaml.snakeyaml.types.StrTagTest
Running org.yaml.snakeyaml.types.OmapTagTest
Tests run: 1, Failures: 0, Errors: 0, Skipped: 0, Time elapsed: 0 sec - in org.yaml.snakeyaml.types.OmapTagTest
Running org.yaml.snakeyaml.types.MapTagTest
Tests run: 2, Failures: 0, Errors: 0, Skipped: 0, Time elapsed: 0 sec - in org.yaml.snakeyaml.types.MapTagTest
Running org.yaml.snakeyaml.types.IntTagTest
Tests run: 5, Failures: 0, Errors: 0, Skipped: 0, Time elapsed: 0.001 sec - in org.yaml.snakeyaml.types.IntTagTest
Running org.yaml.snakeyaml.types.NullTagTest
Tests run: 10, Failures: 0, Errors: 0, Skipped: 0, Time elapsed: 0.001 sec - in org.yaml.snakeyaml.types.NullTagTest
Running org.yaml.snakeyaml.types.BoolTagTest
Tests run: 8, Failures: 0, Errors: 0, Skipped: 0, Time elapsed: 0.001 sec - in org.yaml.snakeyaml.types.BoolTagTest
Running org.yaml.snakeyaml.tokens.DocumentStartTokenTest
Tests run: 1, Failures: 0, Errors: 0, Skipped: 0, Time elapsed: 0 sec - in org.yaml.snakeyaml.tokens.DocumentStartTokenTest
Running org.yaml.snakeyaml.tokens.DirectiveTokenTest
Tests run: 5, Failures: 0, Errors: 0, Skipped: 0, Time elapsed: 0.001 sec - in org.yaml.snakeyaml.tokens.DirectiveTokenTest
Running org.yaml.snakeyaml.tokens.AnchorTokenTest
Tests run: 2, Failures: 0, Errors: 0, Skipped: 0, Time elapsed: 0 sec - in org.yaml.snakeyaml.tokens.AnchorTokenTest
Running org.yaml.snakeyaml.tokens.FlowMappingStartTokenTest
Tests run: 1, Failures: 0, Errors: 0, Skipped: 0, Time elapsed: 0 sec - in org.yaml.snakeyaml.tokens.FlowMappingStartTokenTest
Running org.yaml.snakeyaml.tokens.DocumentEndTokenTest
Tests run: 1, Failures: 0, Errors: 0, Skipped: 0, Time elapsed: 0 sec - in org.yaml.snakeyaml.tokens.DocumentEndTokenTest
Running org.yaml.snakeyaml.tokens.TagTokenTest
Tests run: 4, Failures: 0, Errors: 0, Skipped: 0, Time elapsed: 0 sec - in org.yaml.snakeyaml.tokens.TagTokenTest
Running org.yaml.snakeyaml.tokens.AliasTokenTest
Tests run: 3, Failures: 0, Errors: 0, Skipped: 0, Time elapsed: 0 sec - in org.yaml.snakeyaml.tokens.AliasTokenTest
Running org.yaml.snakeyaml.tokens.StreamStartTokenTest
Tests run: 1, Failures: 0, Errors: 0, Skipped: 0, Time elapsed: 0 sec - in org.yaml.snakeyaml.tokens.StreamStartTokenTest
Running org.yaml.snakeyaml.tokens.FlowSequenceStartTokenTest
Tests run: 1, Failures: 0, Errors: 0, Skipped: 0, Time elapsed: 0 sec - in org.yaml.snakeyaml.tokens.FlowSequenceStartTokenTest
Running org.yaml.snakeyaml.tokens.BlockSequenceStartTokenTest
Tests run: 1, Failures: 0, Errors: 0, Skipped: 0, Time elapsed: 0 sec - in org.yaml.snakeyaml.tokens.BlockSequenceStartTokenTest
Running org.yaml.snakeyaml.tokens.FlowEntryTokenTest
Tests run: 1, Failures: 0, Errors: 0, Skipped: 0, Time elapsed: 0 sec - in org.yaml.snakeyaml.tokens.FlowEntryTokenTest
Running org.yaml.snakeyaml.tokens.BlockEndTokenTest
Tests run: 2, Failures: 0, Errors: 0, Skipped: 0, Time elapsed: 0 sec - in org.yaml.snakeyaml.tokens.BlockEndTokenTest
Running org.yaml.snakeyaml.tokens.BlockEntryTokenTest
Tests run: 1, Failures: 0, Errors: 0, Skipped: 0, Time elapsed: 0 sec - in org.yaml.snakeyaml.tokens.BlockEntryTokenTest
Running org.yaml.snakeyaml.Chapter2_1Test
Tests run: 6, Failures: 0, Errors: 0, Skipped: 0, Time elapsed: 0 sec - in org.yaml.snakeyaml.Chapter2_1Test

Results :

Tests run: 846, Failures: 0, Errors: 0, Skipped: 0

[INFO] 
[INFO] --- maven-surefire-plugin:2.19.1:test (test-android) @ snakeyaml ---
[INFO] Surefire report directory: /tmp/tmp6ua5iji7/snake-yaml/target/android/surefire-reports

-------------------------------------------------------
 T E S T S
-------------------------------------------------------
Running biz.source_code.base64Coder.Base64CoderTest
Tests run: 3, Failures: 0, Errors: 0, Skipped: 0, Time elapsed: 0.026 sec - in biz.source_code.base64Coder.Base64CoderTest
Running examples.resolver.CustomResolverTest
Tests run: 2, Failures: 0, Errors: 0, Skipped: 0, Time elapsed: 0.054 sec - in examples.resolver.CustomResolverTest
Running examples.SelectiveConstructorTest
Tests run: 1, Failures: 0, Errors: 0, Skipped: 0, Time elapsed: 0.005 sec - in examples.SelectiveConstructorTest
Running examples.DiceExampleTest
Tests run: 6, Failures: 0, Errors: 0, Skipped: 0, Time elapsed: 0.008 sec - in examples.DiceExampleTest
Running examples.IgnoreTagsExampleTest
Tests run: 1, Failures: 0, Errors: 0, Skipped: 0, Time elapsed: 0.005 sec - in examples.IgnoreTagsExampleTest
Running examples.CustomListExampleTest
Tests run: 1, Failures: 0, Errors: 0, Skipped: 0, Time elapsed: 0.002 sec - in examples.CustomListExampleTest
Running examples.DumpExampleTest
Tests run: 8, Failures: 0, Errors: 0, Skipped: 0, Time elapsed: 0.008 sec - in examples.DumpExampleTest
Running examples.CollectionStyleTest
Tests run: 2, Failures: 0, Errors: 0, Skipped: 0, Time elapsed: 0.003 sec - in examples.CollectionStyleTest
Running examples.LoadExampleTest
Tests run: 4, Failures: 0, Errors: 0, Skipped: 0, Time elapsed: 0.004 sec - in examples.LoadExampleTest
Running examples.CustomJavaObjectWithBinaryStringTest
Tests run: 1, Failures: 0, Errors: 0, Skipped: 0, Time elapsed: 0.001 sec - in examples.CustomJavaObjectWithBinaryStringTest
Running examples.CustomBeanResolverTest
Tests run: 2, Failures: 0, Errors: 0, Skipped: 0, Time elapsed: 0.003 sec - in examples.CustomBeanResolverTest
Running examples.AnyObjectExampleTest
Tests run: 1, Failures: 0, Errors: 0, Skipped: 0, Time elapsed: 0.001 sec - in examples.AnyObjectExampleTest
Running examples.staticstate.StaticFieldsWrapperTest
Tests run: 3, Failures: 0, Errors: 0, Skipped: 0, Time elapsed: 0.003 sec - in examples.staticstate.StaticFieldsWrapperTest
Running examples.staticstate.StaticFieldsTest
Tests run: 3, Failures: 0, Errors: 0, Skipped: 0, Time elapsed: 0.002 sec - in examples.staticstate.StaticFieldsTest
Running examples.CustomImplicitResolverTest
Tests run: 2, Failures: 0, Errors: 0, Skipped: 0, Time elapsed: 0.001 sec - in examples.CustomImplicitResolverTest
Running examples.jodatime.JodaTimeFlowStylesTest
Tests run: 2, Failures: 0, Errors: 0, Skipped: 0, Time elapsed: 0.041 sec - in examples.jodatime.JodaTimeFlowStylesTest
Running examples.jodatime.JodaTimeExampleTest
Tests run: 3, Failures: 0, Errors: 0, Skipped: 0, Time elapsed: 0.005 sec - in examples.jodatime.JodaTimeExampleTest
Running examples.SafeConstructorExampleTest
Tests run: 2, Failures: 0, Errors: 0, Skipped: 0, Time elapsed: 0.001 sec - in examples.SafeConstructorExampleTest
Running examples.SpringTest
Jul 30, 2020 4:30:12 PM org.springframework.context.support.AbstractApplicationContext prepareRefresh
INFO: Refreshing org.springframework.context.support.ClassPathXmlApplicationContext@516be40f: display name [org.springframework.context.support.ClassPathXmlApplicationContext@516be40f]; startup date [Thu Jul 30 16:30:12 UTC 2020]; root of context hierarchy
Jul 30, 2020 4:30:13 PM org.springframework.beans.factory.xml.XmlBeanDefinitionReader loadBeanDefinitions
INFO: Loading XML bean definitions from class path resource [examples/spring.xml]
Jul 30, 2020 4:30:13 PM org.springframework.context.support.AbstractApplicationContext obtainFreshBeanFactory
INFO: Bean factory for application context [org.springframework.context.support.ClassPathXmlApplicationContext@516be40f]: org.springframework.beans.factory.support.DefaultListableBeanFactory@223f3642
Jul 30, 2020 4:30:13 PM org.springframework.beans.factory.support.DefaultListableBeanFactory preInstantiateSingletons
INFO: Pre-instantiating singletons in org.springframework.beans.factory.support.DefaultListableBeanFactory@223f3642: defining beans [yamlConstructor,yamlRepresenter,yamlOptions,snakeYaml,beanConstructor,javabeanYaml,standardYaml]; root of factory hierarchy
Tests run: 1, Failures: 0, Errors: 0, Skipped: 0, Time elapsed: 0.157 sec - in examples.SpringTest
Running examples.collections.TypeSafeMapTest
Tests run: 4, Failures: 0, Errors: 0, Skipped: 0, Time elapsed: 0.004 sec - in examples.collections.TypeSafeMapTest
Running examples.collections.ListFileldBeanTest
Tests run: 2, Failures: 0, Errors: 0, Skipped: 0, Time elapsed: 0.002 sec - in examples.collections.ListFileldBeanTest
Running examples.collections.TypeSafeListNoGerericsTest
Tests run: 2, Failures: 0, Errors: 0, Skipped: 0, Time elapsed: 0.007 sec - in examples.collections.TypeSafeListNoGerericsTest
Running examples.collections.TypeSafeMapImplementationsTest
Tests run: 7, Failures: 0, Errors: 0, Skipped: 0, Time elapsed: 0.007 sec - in examples.collections.TypeSafeMapImplementationsTest
Running examples.collections.TypeSafeMap2Test
Tests run: 3, Failures: 0, Errors: 0, Skipped: 0, Time elapsed: 0.004 sec - in examples.collections.TypeSafeMap2Test
Running examples.collections.TypeSafePriorityTest
Tests run: 1, Failures: 0, Errors: 0, Skipped: 0, Time elapsed: 0.001 sec - in examples.collections.TypeSafePriorityTest
Running examples.collections.TypeSafeSetImplementationsTest
Tests run: 7, Failures: 0, Errors: 0, Skipped: 0, Time elapsed: 0.004 sec - in examples.collections.TypeSafeSetImplementationsTest
Running examples.collections.TypeSafeListWithInterfaceTest
Tests run: 3, Failures: 0, Errors: 0, Skipped: 0, Time elapsed: 0.001 sec - in examples.collections.TypeSafeListWithInterfaceTest
Running examples.collections.TypeSafeListTest
Tests run: 2, Failures: 0, Errors: 0, Skipped: 0, Time elapsed: 0.001 sec - in examples.collections.TypeSafeListTest
Running examples.CustomMapExampleTest
Tests run: 1, Failures: 0, Errors: 0, Skipped: 0, Time elapsed: 0 sec - in examples.CustomMapExampleTest
Running org.pyyaml.PyTokensTest
Tests run: 2, Failures: 0, Errors: 0, Skipped: 0, Time elapsed: 0.014 sec - in org.pyyaml.PyTokensTest
Running org.pyyaml.PyStructureTest
Tests run: 4, Failures: 0, Errors: 0, Skipped: 0, Time elapsed: 0.053 sec - in org.pyyaml.PyStructureTest
Running org.pyyaml.PyErrorsTest
Tests run: 4, Failures: 0, Errors: 0, Skipped: 0, Time elapsed: 0.096 sec - in org.pyyaml.PyErrorsTest
Running org.pyyaml.PyRecursiveTest
Tests run: 6, Failures: 0, Errors: 0, Skipped: 0, Time elapsed: 0.005 sec - in org.pyyaml.PyRecursiveTest
Running org.pyyaml.PyMarkTest
Tests run: 1, Failures: 0, Errors: 0, Skipped: 0, Time elapsed: 0 sec - in org.pyyaml.PyMarkTest
Running org.pyyaml.PyCanonicalTest
Tests run: 2, Failures: 0, Errors: 0, Skipped: 0, Time elapsed: 0.011 sec - in org.pyyaml.PyCanonicalTest
Running org.pyyaml.PyEmitterTest
Tests run: 5, Failures: 0, Errors: 0, Skipped: 0, Time elapsed: 0.126 sec - in org.pyyaml.PyEmitterTest
Running org.pyyaml.PyReaderTest
Tests run: 1, Failures: 0, Errors: 0, Skipped: 0, Time elapsed: 0.007 sec - in org.pyyaml.PyReaderTest
Running org.yaml.snakeyaml.YamlParseTest
Tests run: 3, Failures: 0, Errors: 0, Skipped: 0, Time elapsed: 0.005 sec - in org.yaml.snakeyaml.YamlParseTest
Running org.yaml.snakeyaml.EnumTest
Tests run: 15, Failures: 0, Errors: 0, Skipped: 0, Time elapsed: 0.01 sec - in org.yaml.snakeyaml.EnumTest
Running org.yaml.snakeyaml.array.PrimitiveArrayTest
Tests run: 7, Failures: 0, Errors: 0, Skipped: 0, Time elapsed: 0.013 sec - in org.yaml.snakeyaml.array.PrimitiveArrayTest
Running org.yaml.snakeyaml.composer.ComposerImplTest
Tests run: 2, Failures: 0, Errors: 0, Skipped: 0, Time elapsed: 0.001 sec - in org.yaml.snakeyaml.composer.ComposerImplTest
Running org.yaml.snakeyaml.resolver.ResolverTest
Tests run: 2, Failures: 0, Errors: 0, Skipped: 0, Time elapsed: 0.002 sec - in org.yaml.snakeyaml.resolver.ResolverTest
Running org.yaml.snakeyaml.resolver.ImplicitResolverTest
Tests run: 1, Failures: 0, Errors: 0, Skipped: 0, Time elapsed: 0.001 sec - in org.yaml.snakeyaml.resolver.ImplicitResolverTest
Running org.yaml.snakeyaml.resolver.ResolverTupleTest
Tests run: 1, Failures: 0, Errors: 0, Skipped: 0, Time elapsed: 0 sec - in org.yaml.snakeyaml.resolver.ResolverTupleTest
Running org.yaml.snakeyaml.extensions.compactnotation.CompactConstructorExampleTest
Tests run: 11, Failures: 0, Errors: 0, Skipped: 0, Time elapsed: 0.01 sec - in org.yaml.snakeyaml.extensions.compactnotation.CompactConstructorExampleTest
Running org.yaml.snakeyaml.extensions.compactnotation.CompactConstructorErrorsTest
Tests run: 9, Failures: 0, Errors: 0, Skipped: 0, Time elapsed: 2.891 sec - in org.yaml.snakeyaml.extensions.compactnotation.CompactConstructorErrorsTest
Running org.yaml.snakeyaml.extensions.compactnotation.CompactConstructorTest
Tests run: 9, Failures: 0, Errors: 0, Skipped: 0, Time elapsed: 0 sec - in org.yaml.snakeyaml.extensions.compactnotation.CompactConstructorTest
Running org.yaml.snakeyaml.extensions.compactnotation.PackageCompactConstructorTest
Tests run: 3, Failures: 0, Errors: 0, Skipped: 0, Time elapsed: 0 sec - in org.yaml.snakeyaml.extensions.compactnotation.PackageCompactConstructorTest
Running org.yaml.snakeyaml.json.JsonTest
Tests run: 10, Failures: 0, Errors: 0, Skipped: 0, Time elapsed: 0 sec - in org.yaml.snakeyaml.json.JsonTest
Running org.yaml.snakeyaml.JavaBeanWithNullValuesTest
Tests run: 4, Failures: 0, Errors: 0, Skipped: 0, Time elapsed: 0.004 sec - in org.yaml.snakeyaml.JavaBeanWithNullValuesTest
Running org.yaml.snakeyaml.generics.ObjectValuesTest
Tests run: 2, Failures: 0, Errors: 0, Skipped: 0, Time elapsed: 0.002 sec - in org.yaml.snakeyaml.generics.ObjectValuesTest
Running org.yaml.snakeyaml.generics.GenericArrayTypeTest
Tests run: 2, Failures: 0, Errors: 0, Skipped: 0, Time elapsed: 0.004 sec - in org.yaml.snakeyaml.generics.GenericArrayTypeTest
Running org.yaml.snakeyaml.generics.BirdTest
java.vm.name: OpenJDK 64-Bit Server VM
Tests run: 1, Failures: 0, Errors: 0, Skipped: 0, Time elapsed: 0 sec - in org.yaml.snakeyaml.generics.BirdTest
Running org.yaml.snakeyaml.events.ScalarEventTest
Tests run: 2, Failures: 0, Errors: 0, Skipped: 0, Time elapsed: 0 sec - in org.yaml.snakeyaml.events.ScalarEventTest
Running org.yaml.snakeyaml.javabeans.TriangleBeanTest
Tests run: 3, Failures: 0, Errors: 0, Skipped: 0, Time elapsed: 0 sec - in org.yaml.snakeyaml.javabeans.TriangleBeanTest
Running org.yaml.snakeyaml.javabeans.HouseTest
Tests run: 3, Failures: 0, Errors: 0, Skipped: 0, Time elapsed: 0.002 sec - in org.yaml.snakeyaml.javabeans.HouseTest
Running org.yaml.snakeyaml.javabeans.StringArrayTest
Tests run: 2, Failures: 0, Errors: 0, Skipped: 0, Time elapsed: 0 sec - in org.yaml.snakeyaml.javabeans.StringArrayTest
Running org.yaml.snakeyaml.javabeans.ConstructEmptyBeanTest
Tests run: 7, Failures: 0, Errors: 0, Skipped: 0, Time elapsed: 0 sec - in org.yaml.snakeyaml.javabeans.ConstructEmptyBeanTest
Running org.yaml.snakeyaml.javabeans.LongTest
Tests run: 3, Failures: 0, Errors: 0, Skipped: 0, Time elapsed: 0 sec - in org.yaml.snakeyaml.javabeans.LongTest
Running org.yaml.snakeyaml.error.MarkTest
Tests run: 3, Failures: 0, Errors: 0, Skipped: 0, Time elapsed: 0 sec - in org.yaml.snakeyaml.error.MarkTest
Running org.yaml.snakeyaml.error.MarkedYAMLExceptionTest
Tests run: 5, Failures: 0, Errors: 0, Skipped: 0, Time elapsed: 0 sec - in org.yaml.snakeyaml.error.MarkedYAMLExceptionTest
Running org.yaml.snakeyaml.representer.DumpStackTraceTest
Tests run: 4, Failures: 0, Errors: 0, Skipped: 0, Time elapsed: 0.001 sec - in org.yaml.snakeyaml.representer.DumpStackTraceTest
Running org.yaml.snakeyaml.representer.RepresentTest
Tests run: 1, Failures: 0, Errors: 0, Skipped: 0, Time elapsed: 0.001 sec - in org.yaml.snakeyaml.representer.RepresentTest
Running org.yaml.snakeyaml.representer.RepresentIterableTest
Tests run: 2, Failures: 1, Errors: 0, Skipped: 0, Time elapsed: 0.005 sec <<< FAILURE! - in org.yaml.snakeyaml.representer.RepresentIterableTest
testIterable(org.yaml.snakeyaml.representer.RepresentIterableTest)  Time elapsed: 0.005 sec  <<< FAILURE!
junit.framework.AssertionFailedError: Iterable should not be treated as sequence by default.
	at org.yaml.snakeyaml.representer.RepresentIterableTest.testIterable(RepresentIterableTest.java:33)

Running org.yaml.snakeyaml.representer.SafeRepresenterTest
Tests run: 8, Failures: 0, Errors: 0, Skipped: 0, Time elapsed: 0.004 sec - in org.yaml.snakeyaml.representer.SafeRepresenterTest
Running org.yaml.snakeyaml.representer.RepresenterTest
Tests run: 5, Failures: 4, Errors: 0, Skipped: 0, Time elapsed: 0.005 sec <<< FAILURE! - in org.yaml.snakeyaml.representer.RepresenterTest
testRepresenterEmptyBean(org.yaml.snakeyaml.representer.RepresenterTest)  Time elapsed: 0.001 sec  <<< FAILURE!
junit.framework.AssertionFailedError: EmptyBean has empty representation.
	at org.yaml.snakeyaml.representer.RepresenterTest.testRepresenterEmptyBean(RepresenterTest.java:173)

testRepresenterGetterWithException(org.yaml.snakeyaml.representer.RepresenterTest)  Time elapsed: 0.001 sec  <<< FAILURE!
junit.framework.AssertionFailedError: 
Exception must be reported: !!org.yaml.snakeyaml.representer.RepresenterTest$MyBean3 {boolProperty: true, name: Gnome,
  valid: false}

	at org.yaml.snakeyaml.representer.RepresenterTest.testRepresenterGetterWithException(RepresenterTest.java:111)

testRepresenterNoConstructorAvailable(org.yaml.snakeyaml.representer.RepresenterTest)  Time elapsed: 0.001 sec  <<< FAILURE!
junit.framework.ComparisonFailure: 
expected:<...senterTest$MyBean2 {[]valid: true}
> but was:<...senterTest$MyBean2 {[name: Gnome, ]valid: true}
>
	at org.yaml.snakeyaml.representer.RepresenterTest.testRepresenterNoConstructorAvailable(RepresenterTest.java:72)

testRepresenter(org.yaml.snakeyaml.representer.RepresenterTest)  Time elapsed: 0.001 sec  <<< FAILURE!
junit.framework.ComparisonFailure: 
expected:<...ome, primitive: true[]}
> but was:<...ome, primitive: true[,
  valid: true]}
>
	at org.yaml.snakeyaml.representer.RepresenterTest.testRepresenter(RepresenterTest.java:32)

Running org.yaml.snakeyaml.representer.RepresentFieldTest
Tests run: 3, Failures: 2, Errors: 0, Skipped: 0, Time elapsed: 0.001 sec <<< FAILURE! - in org.yaml.snakeyaml.representer.RepresentFieldTest
testWrongNotPublicField(org.yaml.snakeyaml.representer.RepresentFieldTest)  Time elapsed: 0 sec  <<< FAILURE!
junit.framework.AssertionFailedError: Only public fields can be used.
	at org.yaml.snakeyaml.representer.RepresentFieldTest.testWrongNotPublicField(RepresentFieldTest.java:42)

testRepresent1(org.yaml.snakeyaml.representer.RepresentFieldTest)  Time elapsed: 0 sec  <<< FAILURE!
junit.framework.ComparisonFailure: 
expected:<...ter.WrongJavaBean {p[]ublicField: Michael ...> but was:<...ter.WrongJavaBean {p[ackageField: Value, privateValue: 1,
  p]ublicField: Michael ...>
	at org.yaml.snakeyaml.representer.RepresentFieldTest.testRepresent1(RepresentFieldTest.java:31)

Running org.yaml.snakeyaml.Chapter2_4Test
Tests run: 9, Failures: 0, Errors: 0, Skipped: 0, Time elapsed: 0.008 sec - in org.yaml.snakeyaml.Chapter2_4Test
Running org.yaml.snakeyaml.recursive.generics.HumanGenericsTest
Tests run: 9, Failures: 6, Errors: 1, Skipped: 0, Time elapsed: 0.01 sec <<< FAILURE! - in org.yaml.snakeyaml.recursive.generics.HumanGenericsTest
testChildren(org.yaml.snakeyaml.recursive.generics.HumanGenericsTest)  Time elapsed: 0.002 sec  <<< FAILURE!
junit.framework.ComparisonFailure: 
expected:<...AccountOwner: &id001[
  bankAccountOwner: *id001
  birthPlace: Leningrad
  birthday: 1970-01-12T13:46:40Z
  children: &id003 !!set
    *id002: null
    ? !!org.yaml.snakeyaml.recursive.generics.HumanGen
      bankAccountOwner: *id001
      birthPlace: New York
      birthday: 1983-04-24T02:40:00Z
      children: !!set {}
      father: *id001
      mother: &id004]
        bankAccount...> but was:<...AccountOwner: &id001[ !!org.yaml.snakeyaml.recursive.generics.HumanGen
  bankAccountOwner: *id001
  birthPlace: Leningrad
  birthday: 1970-01-12T13:46:40Z
  children: &id003 !!set
    *id002: null
    ? !!org.yaml.snakeyaml.recursive.generics.HumanGen
      bankAccountOwner: *id001
      birthPlace: New York
      birthday: 1983-04-24T02:40:00Z
      children: !!set {}
      father: *id001
      mother: &id004 !!org.yaml.snakeyaml.recursive.generics.HumanGen]
        bankAccount...>
	at org.yaml.snakeyaml.recursive.generics.HumanGenericsTest.testChildren(HumanGenericsTest.java:156)

testChildren2(org.yaml.snakeyaml.recursive.generics.HumanGenericsTest)  Time elapsed: 0.002 sec  <<< ERROR!
org.yaml.snakeyaml.constructor.ConstructorException: 
Can't construct a second step for a java object for tag:yaml.org,2002:org.yaml.snakeyaml.recursive.generics.HumanGen2; exception=Cannot create property=bankAccountOwner for JavaBean=org.yaml.snakeyaml.recursive.generics.HumanGen2@6df7988f
 in 'string', line 1, column 1:
    &id002
    ^
java.lang.InstantiationException
 in 'string', line 2, column 19:
    bankAccountOwner: &id001
                      ^

 in 'string', line 1, column 1:
    &id002
    ^

	at org.yaml.snakeyaml.recursive.generics.HumanGenericsTest.testChildren2(HumanGenericsTest.java:231)
Caused by: org.yaml.snakeyaml.constructor.ConstructorException: 
Cannot create property=bankAccountOwner for JavaBean=org.yaml.snakeyaml.recursive.generics.HumanGen2@6df7988f
 in 'string', line 1, column 1:
    &id002
    ^
java.lang.InstantiationException
 in 'string', line 2, column 19:
    bankAccountOwner: &id001
                      ^

	at org.yaml.snakeyaml.recursive.generics.HumanGenericsTest.testChildren2(HumanGenericsTest.java:231)
Caused by: org.yaml.snakeyaml.error.YAMLException: java.lang.InstantiationException
	at org.yaml.snakeyaml.recursive.generics.HumanGenericsTest.testChildren2(HumanGenericsTest.java:231)
Caused by: java.lang.InstantiationException
	at org.yaml.snakeyaml.recursive.generics.HumanGenericsTest.testChildren2(HumanGenericsTest.java:231)

testChildren3(org.yaml.snakeyaml.recursive.generics.HumanGenericsTest)  Time elapsed: 0.001 sec  <<< FAILURE!
junit.framework.ComparisonFailure: 
expected:<...AccountOwner: &id001[
  bankAccountOwner: *id001
  birthPlace: Leningrad
  birthday: 1970-01-12T13:46:40Z
  children: &id003
  - *id002
  - !!org.yaml.snakeyaml.recursive.generics.HumanGen3
    bankAccountOwner: *id001
    birthPlace: New York
    birthday: 1983-04-24T02:40:00Z
    children: []
    father: *id001
    mother: &id004]
      bankAccountOw...> but was:<...AccountOwner: &id001[ !!org.yaml.snakeyaml.recursive.generics.HumanGen3
  bankAccountOwner: *id001
  birthPlace: Leningrad
  birthday: 1970-01-12T13:46:40Z
  children: &id003
  - *id002
  - !!org.yaml.snakeyaml.recursive.generics.HumanGen3
    bankAccountOwner: *id001
    birthPlace: New York
    birthday: 1983-04-24T02:40:00Z
    children: []
    father: *id001
    mother: &id004 !!org.yaml.snakeyaml.recursive.generics.HumanGen3]
      bankAccountOw...>
	at org.yaml.snakeyaml.recursive.generics.HumanGenericsTest.testChildren3(HumanGenericsTest.java:298)

testNoChildren2(org.yaml.snakeyaml.recursive.generics.HumanGenericsTest)  Time elapsed: 0.001 sec  <<< FAILURE!
junit.framework.ComparisonFailure: 
expected:<...ame: Father
partner:[]
  bankAccountOwner:...> but was:<...ame: Father
partner:[ !!org.yaml.snakeyaml.recursive.generics.HumanGen]
  bankAccountOwner:...>
	at org.yaml.snakeyaml.recursive.generics.HumanGenericsTest.testNoChildren2(HumanGenericsTest.java:95)

testBeanRing(org.yaml.snakeyaml.recursive.generics.HumanGenericsTest)  Time elapsed: 0.001 sec  <<< FAILURE!
junit.framework.ComparisonFailure: 
expected:<...en
bankAccountOwner:[
  bankAccountOwner:]
    bankAccountOwne...> but was:<...en
bankAccountOwner:[ !!org.yaml.snakeyaml.recursive.generics.HumanGen
  bankAccountOwner: !!org.yaml.snakeyaml.recursive.generics.HumanGen]
    bankAccountOwne...>
	at org.yaml.snakeyaml.recursive.generics.HumanGenericsTest.testBeanRing(HumanGenericsTest.java:490)

testChildrenListRoot(org.yaml.snakeyaml.recursive.generics.HumanGenericsTest)  Time elapsed: 0.001 sec  <<< FAILURE!
junit.framework.ComparisonFailure: 
expected:<...AccountOwner: &id001[
    bankAccountOwner: *id001
    birthPlace: Leningrad
    birthday: 1970-01-12T13:46:40Z
    children: *id002
    father: null
    mother: null
    name: Father
    partner: &id00]3
      bankAccountO...> but was:<...AccountOwner: &id001[ !!org.yaml.snakeyaml.recursive.generics.HumanGen3
    bankAccountOwner: *id001
    birthPlace: Leningrad
    birthday: 1970-01-12T13:46:40Z
    children: *id002
    father: null
    mother: null
    name: Father
    partner: &id003 !!org.yaml.snakeyaml.recursive.generics.HumanGen]3
      bankAccountO...>
	at org.yaml.snakeyaml.recursive.generics.HumanGenericsTest.testChildrenListRoot(HumanGenericsTest.java:449)

testNoChildren(org.yaml.snakeyaml.recursive.generics.HumanGenericsTest)  Time elapsed: 0.001 sec  <<< FAILURE!
junit.framework.ComparisonFailure: 
expected:<...ame: Father
partner:[]
  bankAccountOwner:...> but was:<...ame: Father
partner:[ !!org.yaml.snakeyaml.recursive.generics.HumanGen]
  bankAccountOwner:...>
	at org.yaml.snakeyaml.recursive.generics.HumanGenericsTest.testNoChildren(HumanGenericsTest.java:61)

Running org.yaml.snakeyaml.recursive.Human_WithArrayOfChildrenTest
Tests run: 3, Failures: 0, Errors: 0, Skipped: 0, Time elapsed: 0 sec - in org.yaml.snakeyaml.recursive.Human_WithArrayOfChildrenTest
Running org.yaml.snakeyaml.recursive.HumanTest
Tests run: 11, Failures: 0, Errors: 0, Skipped: 0, Time elapsed: 0.013 sec - in org.yaml.snakeyaml.recursive.HumanTest
Running org.yaml.snakeyaml.reader.ReaderStringTest
Tests run: 5, Failures: 0, Errors: 0, Skipped: 0, Time elapsed: 0.033 sec - in org.yaml.snakeyaml.reader.ReaderStringTest
Running org.yaml.snakeyaml.reader.IoReaderTest
Tests run: 2, Failures: 0, Errors: 0, Skipped: 0, Time elapsed: 0.007 sec - in org.yaml.snakeyaml.reader.IoReaderTest
Running org.yaml.snakeyaml.reader.ReaderBomTest
Tests run: 5, Failures: 0, Errors: 0, Skipped: 0, Time elapsed: 0.001 sec - in org.yaml.snakeyaml.reader.ReaderBomTest
Running org.yaml.snakeyaml.immutable.DogImmutableTest
Tests run: 2, Failures: 0, Errors: 0, Skipped: 0, Time elapsed: 0 sec - in org.yaml.snakeyaml.immutable.DogImmutableTest
Running org.yaml.snakeyaml.immutable.MoreImmutablesTest
Tests run: 4, Failures: 0, Errors: 0, Skipped: 0, Time elapsed: 0.043 sec - in org.yaml.snakeyaml.immutable.MoreImmutablesTest
Running org.yaml.snakeyaml.immutable.primitives.ImmutablePrimitivesTest
Tests run: 3, Failures: 0, Errors: 0, Skipped: 0, Time elapsed: 0 sec - in org.yaml.snakeyaml.immutable.primitives.ImmutablePrimitivesTest
Running org.yaml.snakeyaml.immutable.ShapeImmutableTest
Tests run: 14, Failures: 0, Errors: 0, Skipped: 0, Time elapsed: 0.004 sec - in org.yaml.snakeyaml.immutable.ShapeImmutableTest
Running org.yaml.snakeyaml.util.UriEncoderTest
Tests run: 3, Failures: 0, Errors: 0, Skipped: 0, Time elapsed: 0 sec - in org.yaml.snakeyaml.util.UriEncoderTest
Running org.yaml.snakeyaml.util.ArrayStackTest
Tests run: 1, Failures: 0, Errors: 0, Skipped: 0, Time elapsed: 0 sec - in org.yaml.snakeyaml.util.ArrayStackTest
Running org.yaml.snakeyaml.partialconstruct.FragmentComposerTest
Tests run: 1, Failures: 0, Errors: 0, Skipped: 0, Time elapsed: 0 sec - in org.yaml.snakeyaml.partialconstruct.FragmentComposerTest
Running org.yaml.snakeyaml.Chapter2_3Test
Tests run: 12, Failures: 0, Errors: 0, Skipped: 0, Time elapsed: 0.004 sec - in org.yaml.snakeyaml.Chapter2_3Test
Running org.yaml.snakeyaml.emitter.EmitterMultiLineTest
Tests run: 5, Failures: 0, Errors: 0, Skipped: 0, Time elapsed: 0.001 sec - in org.yaml.snakeyaml.emitter.EmitterMultiLineTest
Running org.yaml.snakeyaml.emitter.template.VelocityTest
Tests run: 2, Failures: 0, Errors: 0, Skipped: 0, Time elapsed: 0.05 sec - in org.yaml.snakeyaml.emitter.template.VelocityTest
Running org.yaml.snakeyaml.emitter.EmitterTest
Tests run: 12, Failures: 0, Errors: 0, Skipped: 0, Time elapsed: 0.002 sec - in org.yaml.snakeyaml.emitter.EmitterTest
Running org.yaml.snakeyaml.TypeDescriptionTest
Tests run: 2, Failures: 0, Errors: 0, Skipped: 0, Time elapsed: 0 sec - in org.yaml.snakeyaml.TypeDescriptionTest
Running org.yaml.snakeyaml.stress.StressEmitterTest

Single dump was 0.0 ms.

One instance.
Duration for r=1000 was 0.109 ms/dump.
Duration for r=2000 was 0.0855 ms/dump.

Many instances.
Duration for r=1000 was 0.102 ms/dump.
Duration for r=2000 was 0.0775 ms/dump.
Tests run: 1, Failures: 0, Errors: 0, Skipped: 0, Time elapsed: 0.54 sec - in org.yaml.snakeyaml.stress.StressEmitterTest
Running org.yaml.snakeyaml.BinaryJavaBeanTest
Tests run: 1, Failures: 0, Errors: 0, Skipped: 0, Time elapsed: 0 sec - in org.yaml.snakeyaml.BinaryJavaBeanTest
Running org.yaml.snakeyaml.ruby.RubyTest
Tests run: 4, Failures: 0, Errors: 0, Skipped: 0, Time elapsed: 0.002 sec - in org.yaml.snakeyaml.ruby.RubyTest
Running org.yaml.snakeyaml.InputOutputExceptionTest
Tests run: 2, Failures: 0, Errors: 0, Skipped: 0, Time elapsed: 0 sec - in org.yaml.snakeyaml.InputOutputExceptionTest
Running org.yaml.snakeyaml.JavaBeanTimeStampTest
Tests run: 2, Failures: 0, Errors: 0, Skipped: 0, Time elapsed: 0 sec - in org.yaml.snakeyaml.JavaBeanTimeStampTest
Running org.yaml.snakeyaml.YamlComposeTest
Tests run: 4, Failures: 0, Errors: 0, Skipped: 0, Time elapsed: 0 sec - in org.yaml.snakeyaml.YamlComposeTest
Running org.yaml.snakeyaml.PropertyUtilsSharingTest
Tests run: 4, Failures: 0, Errors: 0, Skipped: 0, Time elapsed: 0 sec - in org.yaml.snakeyaml.PropertyUtilsSharingTest
Running org.yaml.snakeyaml.DumperOptionsTest
Tests run: 26, Failures: 0, Errors: 0, Skipped: 0, Time elapsed: 0.002 sec - in org.yaml.snakeyaml.DumperOptionsTest
Running org.yaml.snakeyaml.constructor.ImplicitTagsTest
Tests run: 4, Failures: 0, Errors: 0, Skipped: 0, Time elapsed: 0.002 sec - in org.yaml.snakeyaml.constructor.ImplicitTagsTest
Running org.yaml.snakeyaml.constructor.ArrayTagsTest
Tests run: 5, Failures: 0, Errors: 0, Skipped: 0, Time elapsed: 0.001 sec - in org.yaml.snakeyaml.constructor.ArrayTagsTest
Running org.yaml.snakeyaml.constructor.FilterClassesConstructorTest
Tests run: 1, Failures: 0, Errors: 0, Skipped: 0, Time elapsed: 0.001 sec - in org.yaml.snakeyaml.constructor.FilterClassesConstructorTest
Running org.yaml.snakeyaml.constructor.ClassTagsTest
Tests run: 6, Failures: 0, Errors: 0, Skipped: 0, Time elapsed: 0.002 sec - in org.yaml.snakeyaml.constructor.ClassTagsTest
Running org.yaml.snakeyaml.constructor.TypeSafeCollectionsTest
Tests run: 3, Failures: 0, Errors: 0, Skipped: 0, Time elapsed: 0.003 sec - in org.yaml.snakeyaml.constructor.TypeSafeCollectionsTest
Running org.yaml.snakeyaml.constructor.AbstractConstructTest
Tests run: 2, Failures: 0, Errors: 0, Skipped: 0, Time elapsed: 0 sec - in org.yaml.snakeyaml.constructor.AbstractConstructTest
Running org.yaml.snakeyaml.constructor.ConstructorMappingTest
Tests run: 2, Failures: 0, Errors: 0, Skipped: 0, Time elapsed: 0 sec - in org.yaml.snakeyaml.constructor.ConstructorMappingTest
Running org.yaml.snakeyaml.constructor.BigDecimalBeanConstructorTest
Tests run: 3, Failures: 1, Errors: 0, Skipped: 0, Time elapsed: 0 sec <<< FAILURE! - in org.yaml.snakeyaml.constructor.BigDecimalBeanConstructorTest
testConstructorAtomic(org.yaml.snakeyaml.constructor.BigDecimalBeanConstructorTest)  Time elapsed: 0 sec  <<< FAILURE!
junit.framework.ComparisonFailure: expected:<[argument type mismatch]> but was:<[Can not set java.util.concurrent.atomic.AtomicLong field org.yaml.snakeyaml.constructor.AtomicJavaBean.atomic to java.lang.Long]>
	at org.yaml.snakeyaml.constructor.BigDecimalBeanConstructorTest.testConstructorAtomic(BigDecimalBeanConstructorTest.java:55)

Running org.yaml.snakeyaml.constructor.CustomClassLoaderConstructorTest
Tests run: 4, Failures: 0, Errors: 0, Skipped: 0, Time elapsed: 0.001 sec - in org.yaml.snakeyaml.constructor.CustomClassLoaderConstructorTest
Running org.yaml.snakeyaml.constructor.ConstructorTest
Tests run: 6, Failures: 0, Errors: 0, Skipped: 0, Time elapsed: 0.001 sec - in org.yaml.snakeyaml.constructor.ConstructorTest
Running org.yaml.snakeyaml.constructor.VectorTest
Tests run: 1, Failures: 0, Errors: 0, Skipped: 0, Time elapsed: 0 sec - in org.yaml.snakeyaml.constructor.VectorTest
Running org.yaml.snakeyaml.constructor.IncompleteBeanConstructorTest
Tests run: 3, Failures: 2, Errors: 0, Skipped: 0, Time elapsed: 0.001 sec <<< FAILURE! - in org.yaml.snakeyaml.constructor.IncompleteBeanConstructorTest
testConstructor2(org.yaml.snakeyaml.constructor.IncompleteBeanConstructorTest)  Time elapsed: 0 sec  <<< FAILURE!
junit.framework.AssertionFailedError: 'name' property does not have setter.
	at org.yaml.snakeyaml.constructor.IncompleteBeanConstructorTest.testConstructor2(IncompleteBeanConstructorTest.java:52)

testRepresentor(org.yaml.snakeyaml.constructor.IncompleteBeanConstructorTest)  Time elapsed: 0 sec  <<< FAILURE!
junit.framework.ComparisonFailure: 
expected:<...IncompleteJavaBean {[name: No name]}
> but was:<...IncompleteJavaBean {[amount: 0.0, name: No name, number: 0]}
>
	at org.yaml.snakeyaml.constructor.IncompleteBeanConstructorTest.testRepresentor(IncompleteBeanConstructorTest.java:33)

Running org.yaml.snakeyaml.constructor.SafeConstructorTest
Tests run: 3, Failures: 0, Errors: 0, Skipped: 0, Time elapsed: 0 sec - in org.yaml.snakeyaml.constructor.SafeConstructorTest
Running org.yaml.snakeyaml.constructor.BeanConstructorTest
Tests run: 12, Failures: 0, Errors: 0, Skipped: 0, Time elapsed: 0.004 sec - in org.yaml.snakeyaml.constructor.BeanConstructorTest
Running org.yaml.snakeyaml.constructor.ConstructorSequenceTest
Tests run: 4, Failures: 0, Errors: 0, Skipped: 0, Time elapsed: 0 sec - in org.yaml.snakeyaml.constructor.ConstructorSequenceTest
Running org.yaml.snakeyaml.constructor.MockDateBeanConstructorTest
Tests run: 1, Failures: 0, Errors: 0, Skipped: 0, Time elapsed: 0 sec - in org.yaml.snakeyaml.constructor.MockDateBeanConstructorTest
Running org.yaml.snakeyaml.constructor.PrefixConstructorTest
Tests run: 1, Failures: 0, Errors: 0, Skipped: 0, Time elapsed: 0 sec - in org.yaml.snakeyaml.constructor.PrefixConstructorTest
Running org.yaml.snakeyaml.Chapter2_5Test
Tests run: 1, Failures: 0, Errors: 0, Skipped: 0, Time elapsed: 0.001 sec - in org.yaml.snakeyaml.Chapter2_5Test
Running org.yaml.snakeyaml.nodes.MappingNodeTest
Tests run: 1, Failures: 0, Errors: 0, Skipped: 0, Time elapsed: 0 sec - in org.yaml.snakeyaml.nodes.MappingNodeTest
Running org.yaml.snakeyaml.nodes.ScalarNodeTest
Tests run: 2, Failures: 0, Errors: 0, Skipped: 0, Time elapsed: 0 sec - in org.yaml.snakeyaml.nodes.ScalarNodeTest
Running org.yaml.snakeyaml.nodes.TagTest
Tests run: 10, Failures: 0, Errors: 0, Skipped: 0, Time elapsed: 0 sec - in org.yaml.snakeyaml.nodes.TagTest
Running org.yaml.snakeyaml.nodes.NodeTupleTest
Tests run: 3, Failures: 0, Errors: 0, Skipped: 0, Time elapsed: 0 sec - in org.yaml.snakeyaml.nodes.NodeTupleTest
Running org.yaml.snakeyaml.nodes.TagsTest
Tests run: 2, Failures: 0, Errors: 0, Skipped: 0, Time elapsed: 0 sec - in org.yaml.snakeyaml.nodes.TagsTest
Running org.yaml.snakeyaml.nodes.SequenceNodeTest
Tests run: 2, Failures: 0, Errors: 0, Skipped: 0, Time elapsed: 0 sec - in org.yaml.snakeyaml.nodes.SequenceNodeTest
Running org.yaml.snakeyaml.nodes.NodeTest
Tests run: 3, Failures: 0, Errors: 0, Skipped: 0, Time elapsed: 0 sec - in org.yaml.snakeyaml.nodes.NodeTest
Running org.yaml.snakeyaml.Chapter2_2Test
Tests run: 6, Failures: 0, Errors: 0, Skipped: 0, Time elapsed: 0 sec - in org.yaml.snakeyaml.Chapter2_2Test
Running org.yaml.snakeyaml.issues.issue56.PerlTest
Tests run: 3, Failures: 0, Errors: 0, Skipped: 0, Time elapsed: 0.016 sec - in org.yaml.snakeyaml.issues.issue56.PerlTest
Running org.yaml.snakeyaml.issues.issue72.CollectionTest
Tests run: 2, Failures: 0, Errors: 0, Skipped: 0, Time elapsed: 0.001 sec - in org.yaml.snakeyaml.issues.issue72.CollectionTest
Running org.yaml.snakeyaml.issues.issue182.InfinityFloatBeanTest
Tests run: 1, Failures: 0, Errors: 0, Skipped: 0, Time elapsed: 0 sec - in org.yaml.snakeyaml.issues.issue182.InfinityFloatBeanTest
Running org.yaml.snakeyaml.issues.issue148.PrintableUnicodeTest
Tests run: 4, Failures: 0, Errors: 0, Skipped: 0, Time elapsed: 0.815 sec - in org.yaml.snakeyaml.issues.issue148.PrintableUnicodeTest
Running org.yaml.snakeyaml.issues.issue38.BigNumberIdTest
Tests run: 1, Failures: 0, Errors: 0, Skipped: 0, Time elapsed: 0.021 sec - in org.yaml.snakeyaml.issues.issue38.BigNumberIdTest
Running org.yaml.snakeyaml.issues.issue94.ChangeRuntimeClassTest
Tests run: 2, Failures: 2, Errors: 0, Skipped: 0, Time elapsed: 0.01 sec <<< FAILURE! - in org.yaml.snakeyaml.issues.issue94.ChangeRuntimeClassTest
testNoTag(org.yaml.snakeyaml.issues.issue94.ChangeRuntimeClassTest)  Time elapsed: 0.002 sec  <<< FAILURE!
org.junit.ComparisonFailure: expected:<J[J-J]ava> but was:<J[]ava>
	at org.yaml.snakeyaml.issues.issue94.ChangeRuntimeClassTest.testNoTag(ChangeRuntimeClassTest.java:61)

testWithGlobalTag(org.yaml.snakeyaml.issues.issue94.ChangeRuntimeClassTest)  Time elapsed: 0 sec  <<< FAILURE!
org.junit.ComparisonFailure: expected:<J[J-J]ava> but was:<J[]ava>
	at org.yaml.snakeyaml.issues.issue94.ChangeRuntimeClassTest.testWithGlobalTag(ChangeRuntimeClassTest.java:50)

Running org.yaml.snakeyaml.issues.issue55.YamlFieldAccessCollectionTest
Tests run: 4, Failures: 1, Errors: 0, Skipped: 0, Time elapsed: 0 sec <<< FAILURE! - in org.yaml.snakeyaml.issues.issue55.YamlFieldAccessCollectionTest
testYamlFailure(org.yaml.snakeyaml.issues.issue55.YamlFieldAccessCollectionTest)  Time elapsed: 0 sec  <<< FAILURE!
junit.framework.AssertionFailedError: BeanAccess.FIELD is required.
	at org.yaml.snakeyaml.issues.issue55.YamlFieldAccessCollectionTest.testYamlFailure(YamlFieldAccessCollectionTest.java:54)

Running org.yaml.snakeyaml.issues.issue55.JavaBeanListTest
Tests run: 2, Failures: 1, Errors: 0, Skipped: 0, Time elapsed: 0 sec <<< FAILURE! - in org.yaml.snakeyaml.issues.issue55.JavaBeanListTest
testFailureWithoutFieldAccess(org.yaml.snakeyaml.issues.issue55.JavaBeanListTest)  Time elapsed: 0 sec  <<< FAILURE!
junit.framework.AssertionFailedError: Private field must not be available
	at org.yaml.snakeyaml.issues.issue55.JavaBeanListTest.testFailureWithoutFieldAccess(JavaBeanListTest.java:41)

Running org.yaml.snakeyaml.issues.issue55.FieldListTest
Tests run: 2, Failures: 1, Errors: 0, Skipped: 0, Time elapsed: 0 sec <<< FAILURE! - in org.yaml.snakeyaml.issues.issue55.FieldListTest
testFailureWithoutFieldAccess(org.yaml.snakeyaml.issues.issue55.FieldListTest)  Time elapsed: 0 sec  <<< FAILURE!
junit.framework.AssertionFailedError: Private field must not be available
	at org.yaml.snakeyaml.issues.issue55.FieldListTest.testFailureWithoutFieldAccess(FieldListTest.java:41)

Running org.yaml.snakeyaml.issues.issue68.NonAsciiCharacterTest
Tests run: 4, Failures: 0, Errors: 0, Skipped: 0, Time elapsed: 0.001 sec - in org.yaml.snakeyaml.issues.issue68.NonAsciiCharacterTest
Running org.yaml.snakeyaml.issues.issue141.ConfigurableTimezoneTest
Tests run: 2, Failures: 0, Errors: 0, Skipped: 0, Time elapsed: 0 sec - in org.yaml.snakeyaml.issues.issue141.ConfigurableTimezoneTest
Running org.yaml.snakeyaml.issues.issue49.CalendarTest
Tests run: 7, Failures: 0, Errors: 0, Skipped: 0, Time elapsed: 0.002 sec - in org.yaml.snakeyaml.issues.issue49.CalendarTest
Running org.yaml.snakeyaml.issues.issue193.AbstractBeanTest
Tests run: 1, Failures: 0, Errors: 0, Skipped: 0, Time elapsed: 0 sec - in org.yaml.snakeyaml.issues.issue193.AbstractBeanTest
Running org.yaml.snakeyaml.issues.issue143.GenericMapTest
Tests run: 1, Failures: 0, Errors: 0, Skipped: 0, Time elapsed: 0 sec - in org.yaml.snakeyaml.issues.issue143.GenericMapTest
Running org.yaml.snakeyaml.issues.issue192.EqualsSignTest
Tests run: 2, Failures: 0, Errors: 0, Skipped: 0, Time elapsed: 0 sec - in org.yaml.snakeyaml.issues.issue192.EqualsSignTest
Running org.yaml.snakeyaml.issues.issue136.TabInScalarTest
Tests run: 5, Failures: 0, Errors: 0, Skipped: 0, Time elapsed: 0 sec - in org.yaml.snakeyaml.issues.issue136.TabInScalarTest
Running org.yaml.snakeyaml.issues.issue8.PrattleRepresenterTest
Tests run: 2, Failures: 0, Errors: 0, Skipped: 0, Time elapsed: 0 sec - in org.yaml.snakeyaml.issues.issue8.PrattleRepresenterTest
Running org.yaml.snakeyaml.issues.issue311.BooleanEnumTest
Tests run: 3, Failures: 0, Errors: 0, Skipped: 0, Time elapsed: 0 sec - in org.yaml.snakeyaml.issues.issue311.BooleanEnumTest
Running org.yaml.snakeyaml.issues.issue149.GlobalDirectivesTest
Tests run: 3, Failures: 0, Errors: 0, Skipped: 0, Time elapsed: 0 sec - in org.yaml.snakeyaml.issues.issue149.GlobalDirectivesTest
Running org.yaml.snakeyaml.issues.issue11.YamlMapTest
Tests run: 3, Failures: 0, Errors: 0, Skipped: 0, Time elapsed: 0.001 sec - in org.yaml.snakeyaml.issues.issue11.YamlMapTest
Running org.yaml.snakeyaml.issues.issue102.BigDataLoadTest
Long data size: 1344 kBytes.
Long data size: 1344 kBytes.
Tests run: 2, Failures: 0, Errors: 0, Skipped: 0, Time elapsed: 0.816 sec - in org.yaml.snakeyaml.issues.issue102.BigDataLoadTest
Running org.yaml.snakeyaml.issues.issue183.NumberBeanTest
Tests run: 7, Failures: 0, Errors: 0, Skipped: 0, Time elapsed: 0.001 sec - in org.yaml.snakeyaml.issues.issue183.NumberBeanTest
Running org.yaml.snakeyaml.issues.issue97.YamlSortedSetTest
Tests run: 1, Failures: 0, Errors: 0, Skipped: 0, Time elapsed: 0.001 sec - in org.yaml.snakeyaml.issues.issue97.YamlSortedSetTest
Running org.yaml.snakeyaml.issues.issue82.PropOrderInfluenceWhenAliasedInGenericCollectionTest
Tests run: 9, Failures: 0, Errors: 0, Skipped: 0, Time elapsed: 0.004 sec - in org.yaml.snakeyaml.issues.issue82.PropOrderInfluenceWhenAliasedInGenericCollectionTest
Running org.yaml.snakeyaml.issues.issue139.MergeValueTest
Tests run: 3, Failures: 0, Errors: 0, Skipped: 0, Time elapsed: 0 sec - in org.yaml.snakeyaml.issues.issue139.MergeValueTest
Running org.yaml.snakeyaml.issues.issue139.UniqueKeyTest
Tests run: 1, Failures: 0, Errors: 0, Skipped: 0, Time elapsed: 0 sec - in org.yaml.snakeyaml.issues.issue139.UniqueKeyTest
Running org.yaml.snakeyaml.issues.issue177.PointBeanTest
Tests run: 1, Failures: 0, Errors: 0, Skipped: 0, Time elapsed: 0 sec - in org.yaml.snakeyaml.issues.issue177.PointBeanTest
Running org.yaml.snakeyaml.issues.issue132.ScalarEventTagTest
Tests run: 2, Failures: 0, Errors: 0, Skipped: 0, Time elapsed: 0 sec - in org.yaml.snakeyaml.issues.issue132.ScalarEventTagTest
Running org.yaml.snakeyaml.issues.issue306.UuidSupportTest
Tests run: 6, Failures: 0, Errors: 0, Skipped: 0, Time elapsed: 0.006 sec - in org.yaml.snakeyaml.issues.issue306.UuidSupportTest
Running org.yaml.snakeyaml.issues.issue111.LongUriTest
Tests run: 1, Failures: 0, Errors: 0, Skipped: 0, Time elapsed: 0 sec - in org.yaml.snakeyaml.issues.issue111.LongUriTest
Running org.yaml.snakeyaml.issues.issue145.LineNumberInExceptionTest
Tests run: 3, Failures: 0, Errors: 0, Skipped: 0, Time elapsed: 0 sec - in org.yaml.snakeyaml.issues.issue145.LineNumberInExceptionTest
Running org.yaml.snakeyaml.issues.issue203.GenericTest
Tests run: 1, Failures: 0, Errors: 0, Skipped: 0, Time elapsed: 0 sec - in org.yaml.snakeyaml.issues.issue203.GenericTest
Running org.yaml.snakeyaml.issues.issue74.ArrayBeanTest
Tests run: 1, Failures: 0, Errors: 0, Skipped: 0, Time elapsed: 0 sec - in org.yaml.snakeyaml.issues.issue74.ArrayBeanTest
Running org.yaml.snakeyaml.issues.issue47.ReadOnlyPropertiesTest
Tests run: 2, Failures: 2, Errors: 0, Skipped: 0, Time elapsed: 0 sec <<< FAILURE! - in org.yaml.snakeyaml.issues.issue47.ReadOnlyPropertiesTest
testBean1(org.yaml.snakeyaml.issues.issue47.ReadOnlyPropertiesTest)  Time elapsed: 0 sec  <<< FAILURE!
junit.framework.ComparisonFailure: 
expected:<[]name: lunch
> but was:<[id: 10
]name: lunch
>
	at org.yaml.snakeyaml.issues.issue47.ReadOnlyPropertiesTest.testBean1(ReadOnlyPropertiesTest.java:31)

testBean2(org.yaml.snakeyaml.issues.issue47.ReadOnlyPropertiesTest)  Time elapsed: 0 sec  <<< FAILURE!
junit.framework.AssertionFailedError: Setter is missing.
	at org.yaml.snakeyaml.issues.issue47.ReadOnlyPropertiesTest.testBean2(ReadOnlyPropertiesTest.java:51)

Running org.yaml.snakeyaml.issues.issue46.FileTest
Tests run: 1, Failures: 0, Errors: 0, Skipped: 0, Time elapsed: 0 sec - in org.yaml.snakeyaml.issues.issue46.FileTest
Running org.yaml.snakeyaml.issues.issue73.ArrayListTest
Tests run: 1, Failures: 0, Errors: 0, Skipped: 0, Time elapsed: 0 sec - in org.yaml.snakeyaml.issues.issue73.ArrayListTest
Running org.yaml.snakeyaml.issues.issue73.RecursiveSetTest
Tests run: 3, Failures: 0, Errors: 0, Skipped: 0, Time elapsed: 0 sec - in org.yaml.snakeyaml.issues.issue73.RecursiveSetTest
Running org.yaml.snakeyaml.issues.issue73.RecursiveSortedSetTest
Tests run: 3, Failures: 0, Errors: 0, Skipped: 0, Time elapsed: 0 sec - in org.yaml.snakeyaml.issues.issue73.RecursiveSortedSetTest
Running org.yaml.snakeyaml.issues.issue73.TreeSetTest
Tests run: 1, Failures: 0, Errors: 0, Skipped: 0, Time elapsed: 0 sec - in org.yaml.snakeyaml.issues.issue73.TreeSetTest
Running org.yaml.snakeyaml.issues.issue73.DumpSetAsSequenceExampleTest
Tests run: 2, Failures: 0, Errors: 0, Skipped: 0, Time elapsed: 0.001 sec - in org.yaml.snakeyaml.issues.issue73.DumpSetAsSequenceExampleTest
Running org.yaml.snakeyaml.issues.issue73.SetAsSequenceTest
Tests run: 7, Failures: 0, Errors: 0, Skipped: 0, Time elapsed: 0 sec - in org.yaml.snakeyaml.issues.issue73.SetAsSequenceTest
Running org.yaml.snakeyaml.issues.issue50.SnakeyamlTest
Tests run: 1, Failures: 0, Errors: 0, Skipped: 0, Time elapsed: 0 sec - in org.yaml.snakeyaml.issues.issue50.SnakeyamlTest
Running org.yaml.snakeyaml.issues.issue150.YamlLoadAsIssueTest
Tests run: 2, Failures: 0, Errors: 0, Skipped: 0, Time elapsed: 0 sec - in org.yaml.snakeyaml.issues.issue150.YamlLoadAsIssueTest
Running org.yaml.snakeyaml.issues.issue9.NopropTest
Tests run: 12, Failures: 0, Errors: 0, Skipped: 0, Time elapsed: 0.002 sec - in org.yaml.snakeyaml.issues.issue9.NopropTest
Running org.yaml.snakeyaml.issues.issue207.OctalNumberTest
Tests run: 1, Failures: 0, Errors: 0, Skipped: 0, Time elapsed: 0 sec - in org.yaml.snakeyaml.issues.issue207.OctalNumberTest
Running org.yaml.snakeyaml.issues.issue99.YamlBase64Test
Tests run: 5, Failures: 0, Errors: 0, Skipped: 0, Time elapsed: 0.005 sec - in org.yaml.snakeyaml.issues.issue99.YamlBase64Test
Running org.yaml.snakeyaml.issues.issue124.DumpTest
Tests run: 7, Failures: 0, Errors: 0, Skipped: 0, Time elapsed: 0 sec - in org.yaml.snakeyaml.issues.issue124.DumpTest
Running org.yaml.snakeyaml.issues.issue103.MergingTest
Tests run: 2, Failures: 0, Errors: 0, Skipped: 0, Time elapsed: 0.001 sec - in org.yaml.snakeyaml.issues.issue103.MergingTest
Running org.yaml.snakeyaml.issues.issue61.GenericMapBeanTest
Tests run: 2, Failures: 0, Errors: 0, Skipped: 0, Time elapsed: 0.001 sec - in org.yaml.snakeyaml.issues.issue61.GenericMapBeanTest
Running org.yaml.snakeyaml.issues.issue61.GenericListBeanTest
Tests run: 2, Failures: 0, Errors: 0, Skipped: 0, Time elapsed: 0.001 sec - in org.yaml.snakeyaml.issues.issue61.GenericListBeanTest
Running org.yaml.snakeyaml.issues.issue95.ArrayInGenericCollectionTest
Tests run: 5, Failures: 0, Errors: 0, Skipped: 0, Time elapsed: 0.002 sec - in org.yaml.snakeyaml.issues.issue95.ArrayInGenericCollectionTest
Running org.yaml.snakeyaml.issues.issue116.NoFieldsTest
Tests run: 3, Failures: 2, Errors: 0, Skipped: 0, Time elapsed: 0.001 sec <<< FAILURE! - in org.yaml.snakeyaml.issues.issue116.NoFieldsTest
testHiddenParameter(org.yaml.snakeyaml.issues.issue116.NoFieldsTest)  Time elapsed: 0.001 sec  <<< FAILURE!
junit.framework.AssertionFailedError: an exception should have been thrown
	at org.yaml.snakeyaml.issues.issue116.NoFieldsTest.testHiddenParameter(NoFieldsTest.java:39)

testSpecialHiddenParameter(org.yaml.snakeyaml.issues.issue116.NoFieldsTest)  Time elapsed: 0 sec  <<< FAILURE!
junit.framework.AssertionFailedError: an exception should have been thrown
	at org.yaml.snakeyaml.issues.issue116.NoFieldsTest.testSpecialHiddenParameter(NoFieldsTest.java:53)

Running org.yaml.snakeyaml.issues.issue114.PreserveTypeTest
Tests run: 2, Failures: 0, Errors: 0, Skipped: 0, Time elapsed: 0 sec - in org.yaml.snakeyaml.issues.issue114.PreserveTypeTest
Running org.yaml.snakeyaml.issues.issue173.RecursiveAnchorTest
Tests run: 2, Failures: 0, Errors: 0, Skipped: 0, Time elapsed: 0 sec - in org.yaml.snakeyaml.issues.issue173.RecursiveAnchorTest
Running org.yaml.snakeyaml.issues.issue188.ErrorMessageTest
Tests run: 1, Failures: 0, Errors: 0, Skipped: 0, Time elapsed: 0 sec - in org.yaml.snakeyaml.issues.issue188.ErrorMessageTest
Running org.yaml.snakeyaml.issues.issue127.NullAliasTest
Tests run: 1, Failures: 0, Errors: 0, Skipped: 0, Time elapsed: 0 sec - in org.yaml.snakeyaml.issues.issue127.NullAliasTest
Running org.yaml.snakeyaml.issues.issue205.AppleSmileTest
Tests run: 1, Failures: 0, Errors: 0, Skipped: 0, Time elapsed: 0 sec - in org.yaml.snakeyaml.issues.issue205.AppleSmileTest
Running org.yaml.snakeyaml.issues.issue318.ContextClassLoaderTest
Tests run: 3, Failures: 0, Errors: 2, Skipped: 0, Time elapsed: 0.004 sec <<< FAILURE! - in org.yaml.snakeyaml.issues.issue318.ContextClassLoaderTest
yamlClassInYAMLCL(org.yaml.snakeyaml.issues.issue318.ContextClassLoaderTest)  Time elapsed: 0.002 sec  <<< ERROR!
java.lang.ClassNotFoundException: org.yaml.snakeyaml.Yaml
	at org.yaml.snakeyaml.issues.issue318.ContextClassLoaderTest.yamlClassInYAMLCL(ContextClassLoaderTest.java:112)

domainInDifferentConstructor(org.yaml.snakeyaml.issues.issue318.ContextClassLoaderTest)  Time elapsed: 0.001 sec  <<< ERROR!
java.lang.ClassNotFoundException: org.yaml.snakeyaml.Yaml
	at org.yaml.snakeyaml.issues.issue318.ContextClassLoaderTest.domainInDifferentConstructor(ContextClassLoaderTest.java:120)

Running org.yaml.snakeyaml.issues.issue151.EscapedUnicodeTest
Tests run: 2, Failures: 0, Errors: 0, Skipped: 0, Time elapsed: 0 sec - in org.yaml.snakeyaml.issues.issue151.EscapedUnicodeTest
Running org.yaml.snakeyaml.issues.issue171.GenericExtendsObjectTest
Tests run: 1, Failures: 0, Errors: 0, Skipped: 0, Time elapsed: 0 sec - in org.yaml.snakeyaml.issues.issue171.GenericExtendsObjectTest
Running org.yaml.snakeyaml.issues.issue137.SupplementaryCharactersTest
Tests run: 4, Failures: 0, Errors: 0, Skipped: 0, Time elapsed: 0 sec - in org.yaml.snakeyaml.issues.issue137.SupplementaryCharactersTest
Running org.yaml.snakeyaml.issues.issue155.BinaryTest
Tests run: 1, Failures: 0, Errors: 0, Skipped: 0, Time elapsed: 0 sec - in org.yaml.snakeyaml.issues.issue155.BinaryTest
Running org.yaml.snakeyaml.issues.issue10.BasicDumpTest
Tests run: 3, Failures: 0, Errors: 0, Skipped: 0, Time elapsed: 0.002 sec - in org.yaml.snakeyaml.issues.issue10.BasicDumpTest
Running org.yaml.snakeyaml.issues.issue60.SkipBeanTest
Tests run: 2, Failures: 0, Errors: 0, Skipped: 0, Time elapsed: 0.002 sec - in org.yaml.snakeyaml.issues.issue60.SkipBeanTest
Running org.yaml.snakeyaml.issues.issue64.ParameterizedTypeTest
Tests run: 1, Failures: 0, Errors: 0, Skipped: 0, Time elapsed: 0.001 sec - in org.yaml.snakeyaml.issues.issue64.ParameterizedTypeTest
Running org.yaml.snakeyaml.issues.issue52.LineBreakDooubleQuotedTest
Tests run: 2, Failures: 0, Errors: 0, Skipped: 0, Time elapsed: 0 sec - in org.yaml.snakeyaml.issues.issue52.LineBreakDooubleQuotedTest
Running org.yaml.snakeyaml.issues.issue100.MergeJavaBeanTest
Tests run: 7, Failures: 0, Errors: 0, Skipped: 0, Time elapsed: 0.002 sec - in org.yaml.snakeyaml.issues.issue100.MergeJavaBeanTest
Running org.yaml.snakeyaml.issues.issue100.MergeMapsTest
Tests run: 1, Failures: 0, Errors: 0, Skipped: 0, Time elapsed: 0 sec - in org.yaml.snakeyaml.issues.issue100.MergeMapsTest
Running org.yaml.snakeyaml.issues.issue29.FlexibleScalarStyleTest
Tests run: 4, Failures: 0, Errors: 0, Skipped: 0, Time elapsed: 0.001 sec - in org.yaml.snakeyaml.issues.issue29.FlexibleScalarStyleTest
Running org.yaml.snakeyaml.issues.issue40.DogFoodBeanTest
Tests run: 5, Failures: 0, Errors: 0, Skipped: 0, Time elapsed: 0 sec - in org.yaml.snakeyaml.issues.issue40.DogFoodBeanTest
Running org.yaml.snakeyaml.issues.issue24.LineNumberTest
Tests run: 1, Failures: 0, Errors: 0, Skipped: 0, Time elapsed: 0 sec - in org.yaml.snakeyaml.issues.issue24.LineNumberTest
Running org.yaml.snakeyaml.issues.issue176.SingleQuoteTest
Tests run: 2, Failures: 0, Errors: 0, Skipped: 0, Time elapsed: 0 sec - in org.yaml.snakeyaml.issues.issue176.SingleQuoteTest
Running org.yaml.snakeyaml.issues.issue147.PrintableTest
Tests run: 1, Failures: 0, Errors: 0, Skipped: 0, Time elapsed: 0 sec - in org.yaml.snakeyaml.issues.issue147.PrintableTest
Running org.yaml.snakeyaml.issues.issue310.PropertyWithPrivateCostructorTest
Tests run: 2, Failures: 0, Errors: 0, Skipped: 0, Time elapsed: 0.001 sec - in org.yaml.snakeyaml.issues.issue310.PropertyWithPrivateCostructorTest
Running org.yaml.snakeyaml.issues.issue335.JavaLangObjectTest
Tests run: 2, Failures: 0, Errors: 0, Skipped: 0, Time elapsed: 0 sec - in org.yaml.snakeyaml.issues.issue335.JavaLangObjectTest
Running org.yaml.snakeyaml.issues.issue133.StackOverflowTest
Tests run: 2, Failures: 1, Errors: 0, Skipped: 0, Time elapsed: 0.001 sec <<< FAILURE! - in org.yaml.snakeyaml.issues.issue133.StackOverflowTest
testDumpRecursiveObject(org.yaml.snakeyaml.issues.issue133.StackOverflowTest)  Time elapsed: 0.001 sec  <<< FAILURE!
junit.framework.AssertionFailedError: StackOverflow has no message: getLocation() is recursive.
	at org.yaml.snakeyaml.issues.issue133.StackOverflowTest.testDumpRecursiveObject(StackOverflowTest.java:40)

Running org.yaml.snakeyaml.issues.issue115.ParameterizedJavaBeanTest
Tests run: 2, Failures: 0, Errors: 0, Skipped: 0, Time elapsed: 0.001 sec - in org.yaml.snakeyaml.issues.issue115.ParameterizedJavaBeanTest
Running org.yaml.snakeyaml.issues.issue115.ParameterizedTest
Tests run: 2, Failures: 0, Errors: 0, Skipped: 0, Time elapsed: 0.001 sec - in org.yaml.snakeyaml.issues.issue115.ParameterizedTest
Running org.yaml.snakeyaml.issues.issue138.ReaderExceptionTest
Tests run: 1, Failures: 0, Errors: 0, Skipped: 0, Time elapsed: 0 sec - in org.yaml.snakeyaml.issues.issue138.ReaderExceptionTest
Running org.yaml.snakeyaml.issues.issue144.FloatPropertyTest
Tests run: 2, Failures: 0, Errors: 0, Skipped: 0, Time elapsed: 0.001 sec - in org.yaml.snakeyaml.issues.issue144.FloatPropertyTest
Running org.yaml.snakeyaml.issues.issue48.SkipJavaBeanPropertyTest
Tests run: 2, Failures: 0, Errors: 0, Skipped: 0, Time elapsed: 0.001 sec - in org.yaml.snakeyaml.issues.issue48.SkipJavaBeanPropertyTest
Running org.yaml.snakeyaml.issues.issue154.MissingPropertyTest
Tests run: 4, Failures: 0, Errors: 0, Skipped: 0, Time elapsed: 0.001 sec - in org.yaml.snakeyaml.issues.issue154.MissingPropertyTest
Running org.yaml.snakeyaml.issues.issue332.DataTest
Tests run: 2, Failures: 1, Errors: 0, Skipped: 0, Time elapsed: 0.001 sec <<< FAILURE! - in org.yaml.snakeyaml.issues.issue332.DataTest
testGetUnit(org.yaml.snakeyaml.issues.issue332.DataTest)  Time elapsed: 0.001 sec  <<< FAILURE!
org.junit.ComparisonFailure: expected:<...sues.issue332.Data {[]}> but was:<...sues.issue332.Data {[label: Voltage, unit: V, value: !!float '10']}>
	at org.yaml.snakeyaml.issues.issue332.DataTest.testGetUnit(DataTest.java:30)

Running org.yaml.snakeyaml.issues.issue67.NonAsciiCharsInClassNameTest
Tests run: 6, Failures: 0, Errors: 0, Skipped: 0, Time elapsed: 0.001 sec - in org.yaml.snakeyaml.issues.issue67.NonAsciiCharsInClassNameTest
Running org.yaml.snakeyaml.issues.issue51.UnicodeStyleTest
Tests run: 2, Failures: 0, Errors: 0, Skipped: 0, Time elapsed: 0 sec - in org.yaml.snakeyaml.issues.issue51.UnicodeStyleTest
Running org.yaml.snakeyaml.issues.issue163.LinearScalaTralingTest
Tests run: 2, Failures: 0, Errors: 0, Skipped: 0, Time elapsed: 0 sec - in org.yaml.snakeyaml.issues.issue163.LinearScalaTralingTest
Running org.yaml.snakeyaml.issues.issue58.NullValueDumperTest
Tests run: 2, Failures: 0, Errors: 0, Skipped: 0, Time elapsed: 0 sec - in org.yaml.snakeyaml.issues.issue58.NullValueDumperTest
Running org.yaml.snakeyaml.YamlTest
Tests run: 4, Failures: 0, Errors: 0, Skipped: 0, Time elapsed: 0 sec - in org.yaml.snakeyaml.YamlTest
Running org.yaml.snakeyaml.CollectionWithBeanYamlTest
Tests run: 2, Failures: 0, Errors: 0, Skipped: 0, Time elapsed: 0.001 sec - in org.yaml.snakeyaml.CollectionWithBeanYamlTest
Running org.yaml.snakeyaml.serializer.AnchorGeneratorTest
Tests run: 2, Failures: 0, Errors: 0, Skipped: 0, Time elapsed: 0.002 sec - in org.yaml.snakeyaml.serializer.AnchorGeneratorTest
Running org.yaml.snakeyaml.serializer.SerializerTest
Tests run: 7, Failures: 0, Errors: 0, Skipped: 0, Time elapsed: 0 sec - in org.yaml.snakeyaml.serializer.SerializerTest
Running org.yaml.snakeyaml.parser.ParserImplTest
Tests run: 2, Failures: 0, Errors: 0, Skipped: 0, Time elapsed: 0 sec - in org.yaml.snakeyaml.parser.ParserImplTest
Running org.yaml.snakeyaml.parser.VersionTagsTupleTest
Tests run: 1, Failures: 0, Errors: 0, Skipped: 0, Time elapsed: 0 sec - in org.yaml.snakeyaml.parser.VersionTagsTupleTest
Running org.yaml.snakeyaml.scanner.SimpleKeyTest
Tests run: 1, Failures: 0, Errors: 0, Skipped: 0, Time elapsed: 0 sec - in org.yaml.snakeyaml.scanner.SimpleKeyTest
Running org.yaml.snakeyaml.scanner.ScannerImplTest
Tests run: 2, Failures: 0, Errors: 0, Skipped: 0, Time elapsed: 0 sec - in org.yaml.snakeyaml.scanner.ScannerImplTest
Running org.yaml.snakeyaml.scanner.ConstantTest
Tests run: 3, Failures: 0, Errors: 0, Skipped: 0, Time elapsed: 0 sec - in org.yaml.snakeyaml.scanner.ConstantTest
Running org.yaml.snakeyaml.Example2_24Test
Tests run: 1, Failures: 0, Errors: 0, Skipped: 0, Time elapsed: 0.004 sec - in org.yaml.snakeyaml.Example2_24Test
Running org.yaml.snakeyaml.Example2_27Test
Tests run: 1, Failures: 0, Errors: 0, Skipped: 0, Time elapsed: 0.001 sec - in org.yaml.snakeyaml.Example2_27Test
Running org.yaml.snakeyaml.lowlevel.LowLevelApiTest
Tests run: 1, Failures: 0, Errors: 0, Skipped: 0, Time elapsed: 0 sec - in org.yaml.snakeyaml.lowlevel.LowLevelApiTest
Running org.yaml.snakeyaml.types.FloatTagTest
Tests run: 8, Failures: 0, Errors: 0, Skipped: 0, Time elapsed: 0.001 sec - in org.yaml.snakeyaml.types.FloatTagTest
Running org.yaml.snakeyaml.types.BinaryTagTest
Tests run: 5, Failures: 0, Errors: 0, Skipped: 0, Time elapsed: 0 sec - in org.yaml.snakeyaml.types.BinaryTagTest
Running org.yaml.snakeyaml.types.SetTagTest
Tests run: 1, Failures: 0, Errors: 0, Skipped: 0, Time elapsed: 0 sec - in org.yaml.snakeyaml.types.SetTagTest
Running org.yaml.snakeyaml.types.ValueTagTest
Tests run: 1, Failures: 0, Errors: 0, Skipped: 0, Time elapsed: 0 sec - in org.yaml.snakeyaml.types.ValueTagTest
Running org.yaml.snakeyaml.types.PairsTagTest
Tests run: 1, Failures: 0, Errors: 0, Skipped: 0, Time elapsed: 0 sec - in org.yaml.snakeyaml.types.PairsTagTest
Running org.yaml.snakeyaml.types.TimestampTagTest
Tests run: 7, Failures: 0, Errors: 0, Skipped: 0, Time elapsed: 0.001 sec - in org.yaml.snakeyaml.types.TimestampTagTest
Running org.yaml.snakeyaml.types.SeqTagTest
Tests run: 4, Failures: 0, Errors: 0, Skipped: 0, Time elapsed: 0 sec - in org.yaml.snakeyaml.types.SeqTagTest
Running org.yaml.snakeyaml.types.MergeTagTest
Tests run: 1, Failures: 0, Errors: 0, Skipped: 0, Time elapsed: 0 sec - in org.yaml.snakeyaml.types.MergeTagTest
Running org.yaml.snakeyaml.types.StrTagTest
Tests run: 16, Failures: 0, Errors: 0, Skipped: 0, Time elapsed: 0.002 sec - in org.yaml.snakeyaml.types.StrTagTest
Running org.yaml.snakeyaml.types.OmapTagTest
Tests run: 1, Failures: 0, Errors: 0, Skipped: 0, Time elapsed: 0 sec - in org.yaml.snakeyaml.types.OmapTagTest
Running org.yaml.snakeyaml.types.MapTagTest
Tests run: 2, Failures: 0, Errors: 0, Skipped: 0, Time elapsed: 0 sec - in org.yaml.snakeyaml.types.MapTagTest
Running org.yaml.snakeyaml.types.IntTagTest
Tests run: 5, Failures: 0, Errors: 0, Skipped: 0, Time elapsed: 0.001 sec - in org.yaml.snakeyaml.types.IntTagTest
Running org.yaml.snakeyaml.types.NullTagTest
Tests run: 10, Failures: 0, Errors: 0, Skipped: 0, Time elapsed: 0.001 sec - in org.yaml.snakeyaml.types.NullTagTest
Running org.yaml.snakeyaml.types.BoolTagTest
Tests run: 8, Failures: 0, Errors: 0, Skipped: 0, Time elapsed: 0.001 sec - in org.yaml.snakeyaml.types.BoolTagTest
Running org.yaml.snakeyaml.tokens.DocumentStartTokenTest
Tests run: 1, Failures: 0, Errors: 0, Skipped: 0, Time elapsed: 0 sec - in org.yaml.snakeyaml.tokens.DocumentStartTokenTest
Running org.yaml.snakeyaml.tokens.DirectiveTokenTest
Tests run: 5, Failures: 0, Errors: 0, Skipped: 0, Time elapsed: 0 sec - in org.yaml.snakeyaml.tokens.DirectiveTokenTest
Running org.yaml.snakeyaml.tokens.AnchorTokenTest
Tests run: 2, Failures: 0, Errors: 0, Skipped: 0, Time elapsed: 0 sec - in org.yaml.snakeyaml.tokens.AnchorTokenTest
Running org.yaml.snakeyaml.tokens.FlowMappingStartTokenTest
Tests run: 1, Failures: 0, Errors: 0, Skipped: 0, Time elapsed: 0 sec - in org.yaml.snakeyaml.tokens.FlowMappingStartTokenTest
Running org.yaml.snakeyaml.tokens.DocumentEndTokenTest
Tests run: 1, Failures: 0, Errors: 0, Skipped: 0, Time elapsed: 0 sec - in org.yaml.snakeyaml.tokens.DocumentEndTokenTest
Running org.yaml.snakeyaml.tokens.TagTokenTest
Tests run: 4, Failures: 0, Errors: 0, Skipped: 0, Time elapsed: 0 sec - in org.yaml.snakeyaml.tokens.TagTokenTest
Running org.yaml.snakeyaml.tokens.AliasTokenTest
Tests run: 3, Failures: 0, Errors: 0, Skipped: 0, Time elapsed: 0 sec - in org.yaml.snakeyaml.tokens.AliasTokenTest
Running org.yaml.snakeyaml.tokens.StreamStartTokenTest
Tests run: 1, Failures: 0, Errors: 0, Skipped: 0, Time elapsed: 0 sec - in org.yaml.snakeyaml.tokens.StreamStartTokenTest
Running org.yaml.snakeyaml.tokens.FlowSequenceStartTokenTest
Tests run: 1, Failures: 0, Errors: 0, Skipped: 0, Time elapsed: 0 sec - in org.yaml.snakeyaml.tokens.FlowSequenceStartTokenTest
Running org.yaml.snakeyaml.tokens.BlockSequenceStartTokenTest
Tests run: 1, Failures: 0, Errors: 0, Skipped: 0, Time elapsed: 0.001 sec - in org.yaml.snakeyaml.tokens.BlockSequenceStartTokenTest
Running org.yaml.snakeyaml.tokens.FlowEntryTokenTest
Tests run: 1, Failures: 0, Errors: 0, Skipped: 0, Time elapsed: 0 sec - in org.yaml.snakeyaml.tokens.FlowEntryTokenTest
Running org.yaml.snakeyaml.tokens.BlockEndTokenTest
Tests run: 2, Failures: 0, Errors: 0, Skipped: 0, Time elapsed: 0 sec - in org.yaml.snakeyaml.tokens.BlockEndTokenTest
Running org.yaml.snakeyaml.tokens.BlockEntryTokenTest
Tests run: 1, Failures: 0, Errors: 0, Skipped: 0, Time elapsed: 0 sec - in org.yaml.snakeyaml.tokens.BlockEntryTokenTest
Running org.yaml.snakeyaml.Chapter2_1Test
Tests run: 6, Failures: 0, Errors: 0, Skipped: 0, Time elapsed: 0 sec - in org.yaml.snakeyaml.Chapter2_1Test

Results :

Failed tests: 
  BigDecimalBeanConstructorTest.testConstructorAtomic:55 expected:<[argument type mismatch]> but was:<[Can not set java.util.concurrent.atomic.AtomicLong field org.yaml.snakeyaml.constructor.AtomicJavaBean.atomic to java.lang.Long]>
  IncompleteBeanConstructorTest.testConstructor2:52 'name' property does not have setter.
  IncompleteBeanConstructorTest.testRepresentor:33 expected:<...IncompleteJavaBean {[name: No name]}
> but was:<...IncompleteJavaBean {[amount: 0.0, name: No name, number: 0]}
>
  NoFieldsTest.testHiddenParameter:39 an exception should have been thrown
  NoFieldsTest.testSpecialHiddenParameter:53 an exception should have been thrown
  StackOverflowTest.testDumpRecursiveObject:40 StackOverflow has no message: getLocation() is recursive.
  DataTest.testGetUnit:30 expected:<...sues.issue332.Data {[]}> but was:<...sues.issue332.Data {[label: Voltage, unit: V, value: !!float '10']}>
  ReadOnlyPropertiesTest.testBean1:31 expected:<[]name: lunch
> but was:<[id: 10
]name: lunch
>
  ReadOnlyPropertiesTest.testBean2:51 Setter is missing.
  FieldListTest.testFailureWithoutFieldAccess:41 Private field must not be available
  JavaBeanListTest.testFailureWithoutFieldAccess:41 Private field must not be available
  YamlFieldAccessCollectionTest.testYamlFailure:54 BeanAccess.FIELD is required.
  ChangeRuntimeClassTest.testNoTag:61 expected:<J[J-J]ava> but was:<J[]ava>
  ChangeRuntimeClassTest.testWithGlobalTag:50 expected:<J[J-J]ava> but was:<J[]ava>
  HumanGenericsTest.testBeanRing:490 expected:<...en
bankAccountOwner:[
  bankAccountOwner:]
    bankAccountOwne...> but was:<...en
bankAccountOwner:[ !!org.yaml.snakeyaml.recursive.generics.HumanGen
  bankAccountOwner: !!org.yaml.snakeyaml.recursive.generics.HumanGen]
    bankAccountOwne...>
  HumanGenericsTest.testChildren:156 expected:<...AccountOwner: &id001[
  bankAccountOwner: *id001
  birthPlace: Leningrad
  birthday: 1970-01-12T13:46:40Z
  children: &id003 !!set
    *id002: null
    ? !!org.yaml.snakeyaml.recursive.generics.HumanGen
      bankAccountOwner: *id001
      birthPlace: New York
      birthday: 1983-04-24T02:40:00Z
      children: !!set {}
      father: *id001
      mother: &id004]
        bankAccount...> but was:<...AccountOwner: &id001[ !!org.yaml.snakeyaml.recursive.generics.HumanGen
  bankAccountOwner: *id001
  birthPlace: Leningrad
  birthday: 1970-01-12T13:46:40Z
  children: &id003 !!set
    *id002: null
    ? !!org.yaml.snakeyaml.recursive.generics.HumanGen
      bankAccountOwner: *id001
      birthPlace: New York
      birthday: 1983-04-24T02:40:00Z
      children: !!set {}
      father: *id001
      mother: &id004 !!org.yaml.snakeyaml.recursive.generics.HumanGen]
        bankAccount...>
  HumanGenericsTest.testChildren3:298 expected:<...AccountOwner: &id001[
  bankAccountOwner: *id001
  birthPlace: Leningrad
  birthday: 1970-01-12T13:46:40Z
  children: &id003
  - *id002
  - !!org.yaml.snakeyaml.recursive.generics.HumanGen3
    bankAccountOwner: *id001
    birthPlace: New York
    birthday: 1983-04-24T02:40:00Z
    children: []
    father: *id001
    mother: &id004]
      bankAccountOw...> but was:<...AccountOwner: &id001[ !!org.yaml.snakeyaml.recursive.generics.HumanGen3
  bankAccountOwner: *id001
  birthPlace: Leningrad
  birthday: 1970-01-12T13:46:40Z
  children: &id003
  - *id002
  - !!org.yaml.snakeyaml.recursive.generics.HumanGen3
    bankAccountOwner: *id001
    birthPlace: New York
    birthday: 1983-04-24T02:40:00Z
    children: []
    father: *id001
    mother: &id004 !!org.yaml.snakeyaml.recursive.generics.HumanGen3]
      bankAccountOw...>
  HumanGenericsTest.testChildrenListRoot:449 expected:<...AccountOwner: &id001[
    bankAccountOwner: *id001
    birthPlace: Leningrad
    birthday: 1970-01-12T13:46:40Z
    children: *id002
    father: null
    mother: null
    name: Father
    partner: &id00]3
      bankAccountO...> but was:<...AccountOwner: &id001[ !!org.yaml.snakeyaml.recursive.generics.HumanGen3
    bankAccountOwner: *id001
    birthPlace: Leningrad
    birthday: 1970-01-12T13:46:40Z
    children: *id002
    father: null
    mother: null
    name: Father
    partner: &id003 !!org.yaml.snakeyaml.recursive.generics.HumanGen]3
      bankAccountO...>
  HumanGenericsTest.testNoChildren:61 expected:<...ame: Father
partner:[]
  bankAccountOwner:...> but was:<...ame: Father
partner:[ !!org.yaml.snakeyaml.recursive.generics.HumanGen]
  bankAccountOwner:...>
  HumanGenericsTest.testNoChildren2:95 expected:<...ame: Father
partner:[]
  bankAccountOwner:...> but was:<...ame: Father
partner:[ !!org.yaml.snakeyaml.recursive.generics.HumanGen]
  bankAccountOwner:...>
  RepresentFieldTest.testRepresent1:31 expected:<...ter.WrongJavaBean {p[]ublicField: Michael ...> but was:<...ter.WrongJavaBean {p[ackageField: Value, privateValue: 1,
  p]ublicField: Michael ...>
  RepresentFieldTest.testWrongNotPublicField:42 Only public fields can be used.
  RepresentIterableTest.testIterable:33 Iterable should not be treated as sequence by default.
  RepresenterTest.testRepresenter:32 expected:<...ome, primitive: true[]}
> but was:<...ome, primitive: true[,
  valid: true]}
>
  RepresenterTest.testRepresenterEmptyBean:173 EmptyBean has empty representation.
  RepresenterTest.testRepresenterGetterWithException:111 Exception must be reported: !!org.yaml.snakeyaml.representer.RepresenterTest$MyBean3 {boolProperty: true, name: Gnome,
  valid: false}

  RepresenterTest.testRepresenterNoConstructorAvailable:72 expected:<...senterTest$MyBean2 {[]valid: true}
> but was:<...senterTest$MyBean2 {[name: Gnome, ]valid: true}
>
Tests in error: 
  ContextClassLoaderTest.domainInDifferentConstructor:120  ClassNotFound org.ya...
  ContextClassLoaderTest.yamlClassInYAMLCL:112  ClassNotFound org.yaml.snakeyam...
  HumanGenericsTest.testChildren2:231  Constructor Can't construct a second ste...

Tests run: 839, Failures: 27, Errors: 3, Skipped: 0

[ERROR] There are test failures.

Please refer to /tmp/tmp6ua5iji7/snake-yaml/target/android/surefire-reports for the individual test results.
[INFO] 
[INFO] --- maven-bundle-plugin:3.0.1:bundle (default-bundle) @ snakeyaml ---
[INFO] 
[INFO] >>> maven-source-plugin:3.0.0:jar (default) > generate-sources @ snakeyaml >>>
[INFO] 
[INFO] --- maven-resources-plugin:2.7:copy-resources (copy-src-for-android) @ snakeyaml ---
[INFO] Using 'UTF-8' encoding to copy filtered resources.
[INFO] Copying 106 resources
[INFO] 
[INFO] <<< maven-source-plugin:3.0.0:jar (default) < generate-sources @ snakeyaml <<<
[INFO] 
[INFO] 
[INFO] --- maven-source-plugin:3.0.0:jar (default) @ snakeyaml ---
[INFO] Building jar: /tmp/tmp6ua5iji7/snake-yaml/target/snakeyaml-1.19-sources.jar
[INFO] 
[INFO] --- maven-javadoc-plugin:2.10.3:jar (attach-javadocs) @ snakeyaml ---
[INFO] Skipping javadoc generation
[INFO] 
[INFO] --- maven-site-plugin:3.4:attach-descriptor (attach-descriptor) @ snakeyaml ---
[INFO] 
[INFO] --- maven-assembly-plugin:3.2.0:single (default) @ snakeyaml ---
[INFO] Building jar: /tmp/tmp6ua5iji7/snake-yaml/target/snakeyaml-1.19-jar-with-dependencies.jar
[INFO] 
[INFO] --- maven-jar-plugin:3.2.0:jar (package-android-jar) @ snakeyaml ---
[INFO] Building jar: /tmp/tmp6ua5iji7/snake-yaml/target/snakeyaml-1.19-android.jar
[INFO] ------------------------------------------------------------------------
[INFO] BUILD SUCCESS
[INFO] ------------------------------------------------------------------------
[INFO] Total time:  26.460 s
[INFO] Finished at: 2020-07-30T16:30:23Z
[INFO] ------------------------------------------------------------------------
