[INFO] Error stacktraces are turned on.
[INFO] Scanning for projects...
[INFO] 
[INFO] -----------------------< com.uber:jvm-profiler >------------------------
[INFO] Building uber-jvm-profiler 1.0.0
[INFO] --------------------------------[ jar ]---------------------------------
[INFO] 
[INFO] --- jacoco-maven-plugin:0.8.5:prepare-agent (default) @ jvm-profiler ---
[INFO] argLine set to -javaagent:/home/jdbl/.m2/repository/org/jacoco/org.jacoco.agent/0.8.5/org.jacoco.agent-0.8.5-runtime.jar=destfile=/tmp/tmpzo83kloo/jvm-profiler/target/jacoco.exec
[INFO] 
[INFO] --- maven-resources-plugin:2.6:resources (default-resources) @ jvm-profiler ---
[INFO] Using 'UTF-8' encoding to copy filtered resources.
[INFO] skip non existing resourceDirectory /tmp/tmpzo83kloo/jvm-profiler/src/main/resources
[INFO] 
[INFO] --- maven-compiler-plugin:3.3:compile (default-compile) @ jvm-profiler ---
[INFO] Changes detected - recompiling the module!
[INFO] Compiling 54 source files to /tmp/tmpzo83kloo/jvm-profiler/target/classes
[INFO] /tmp/tmpzo83kloo/jvm-profiler/src/main/java/com/uber/profiling/util/StringUtils.java: /tmp/tmpzo83kloo/jvm-profiler/src/main/java/com/uber/profiling/util/StringUtils.java uses or overrides a deprecated API.
[INFO] /tmp/tmpzo83kloo/jvm-profiler/src/main/java/com/uber/profiling/util/StringUtils.java: Recompile with -Xlint:deprecation for details.
[INFO] /tmp/tmpzo83kloo/jvm-profiler/src/main/java/com/uber/profiling/util/ReflectionUtils.java: Some input files use unchecked or unsafe operations.
[INFO] /tmp/tmpzo83kloo/jvm-profiler/src/main/java/com/uber/profiling/util/ReflectionUtils.java: Recompile with -Xlint:unchecked for details.
[INFO] 
[INFO] --- maven-resources-plugin:2.6:testResources (default-testResources) @ jvm-profiler ---
[INFO] Using 'UTF-8' encoding to copy filtered resources.
[INFO] skip non existing resourceDirectory /tmp/tmpzo83kloo/jvm-profiler/src/test/resources
[INFO] 
[INFO] --- maven-compiler-plugin:3.3:testCompile (default-testCompile) @ jvm-profiler ---
[INFO] Changes detected - recompiling the module!
[INFO] Compiling 24 source files to /tmp/tmpzo83kloo/jvm-profiler/target/test-classes
[INFO] /tmp/tmpzo83kloo/jvm-profiler/src/test/java/com/uber/profiling/profilers/CpuAndMemoryProfilerTest.java: Some input files use unchecked or unsafe operations.
[INFO] /tmp/tmpzo83kloo/jvm-profiler/src/test/java/com/uber/profiling/profilers/CpuAndMemoryProfilerTest.java: Recompile with -Xlint:unchecked for details.
[INFO] 
[INFO] --- maven-surefire-plugin:2.19.1:test (default-test) @ jvm-profiler ---
[INFO] Surefire report directory: /tmp/tmpzo83kloo/jvm-profiler/target/surefire-reports

-------------------------------------------------------
 T E S T S
-------------------------------------------------------
Running com.uber.profiling.profilers.MethodDurationProfilerTest
Tests run: 1, Failures: 0, Errors: 0, Skipped: 0, Time elapsed: 0.3 sec - in com.uber.profiling.profilers.MethodDurationProfilerTest
Running com.uber.profiling.profilers.ProcessInfoProfilerTest
Metric list:
[{jvmInputArguments=, cmdline=/usr/local/openjdk-8/jre/bin/java -javaagent:/home/jdbl/.m2/repository/org/jacoco/org.jacoco.agent/0.8.5/org.jacoco.agent-0.8.5-runtime.jar=destfile=/tmp/tmpzo83kloo/jvm-profiler/target/jacoco.exec -jar /tmp/tmpzo83kloo/jvm-profiler/target/surefire/surefirebooter2995397243111413802.jar /tmp/tmpzo83kloo/jvm-profiler/target/surefire/surefire1347782956088552706tmp /tmp/tmpzo83kloo/jvm-profiler/target/surefire/surefire_02450898007330111119tmp , jvmClassPath=, appId=null, name=204@887c7e80addd, host=887c7e80addd, processUuid=b9fd165b-1cfe-4a72-a41f-1704b5b7b450, agentVersion=1.0.0, appClass=null, epochMillis=1596148313147, appJar=null}, {jvmInputArguments=, cmdline=/usr/local/openjdk-8/jre/bin/java -javaagent:/home/jdbl/.m2/repository/org/jacoco/org.jacoco.agent/0.8.5/org.jacoco.agent-0.8.5-runtime.jar=destfile=/tmp/tmpzo83kloo/jvm-profiler/target/jacoco.exec -jar /tmp/tmpzo83kloo/jvm-profiler/target/surefire/surefirebooter2995397243111413802.jar /tmp/tmpzo83kloo/jvm-profiler/target/surefire/surefire1347782956088552706tmp /tmp/tmpzo83kloo/jvm-profiler/target/surefire/surefire_02450898007330111119tmp , jvmClassPath=, appId=null, name=204@887c7e80addd, host=887c7e80addd, processUuid=b9fd165b-1cfe-4a72-a41f-1704b5b7b450, agentVersion=1.0.0, appClass=null, epochMillis=1596148313149, appJar=null}]
Tests run: 1, Failures: 0, Errors: 0, Skipped: 0, Time elapsed: 0.008 sec - in com.uber.profiling.profilers.ProcessInfoProfilerTest
Running com.uber.profiling.profilers.CpuAndMemoryProfilerTest
Tests run: 1, Failures: 0, Errors: 0, Skipped: 0, Time elapsed: 0.102 sec - in com.uber.profiling.profilers.CpuAndMemoryProfilerTest
Running com.uber.profiling.profilers.StacktraceReporterProfilerTest
Tests run: 1, Failures: 0, Errors: 0, Skipped: 0, Time elapsed: 0.009 sec - in com.uber.profiling.profilers.StacktraceReporterProfilerTest
Running com.uber.profiling.profilers.StacktraceCollectorProfilerTest
Tests run: 3, Failures: 0, Errors: 0, Skipped: 0, Time elapsed: 0.372 sec - in com.uber.profiling.profilers.StacktraceCollectorProfilerTest
Running com.uber.profiling.profilers.MethodArgumentProfilerTest
Tests run: 1, Failures: 0, Errors: 0, Skipped: 0, Time elapsed: 0.022 sec - in com.uber.profiling.profilers.MethodArgumentProfilerTest
Running com.uber.profiling.reporters.GraphiteOutputReporterTest
Tests run: 2, Failures: 0, Errors: 0, Skipped: 0, Time elapsed: 0.023 sec - in com.uber.profiling.reporters.GraphiteOutputReporterTest
Running com.uber.profiling.reporters.ConsoleOutputReporterTest
ConsoleOutputReporter - Test: {}
Tests run: 1, Failures: 0, Errors: 0, Skipped: 0, Time elapsed: 1.2 sec - in com.uber.profiling.reporters.ConsoleOutputReporterTest
Running com.uber.profiling.transformers.MethodProfilerStaticProxyTest
Tests run: 2, Failures: 0, Errors: 0, Skipped: 0, Time elapsed: 0.056 sec - in com.uber.profiling.transformers.MethodProfilerStaticProxyTest
Running com.uber.profiling.YamlConfigProviderTest
1596148314985 com.uber.profiling.util.ExponentialBackoffRetryPolicy: Retrying (after sleeping 186 milliseconds) on exception: java.nio.file.NoSuchFileException: not_exiting_file
1596148315171 com.uber.profiling.util.ExponentialBackoffRetryPolicy: Retrying (after sleeping 325 milliseconds) on exception: java.nio.file.NoSuchFileException: not_exiting_file
[WARNING] 1596148315497 com.uber.profiling.YamlConfigProvider: Failed to read file: not_exiting_file java.lang.RuntimeException: Failed after trying 3 times
	at com.uber.profiling.util.ExponentialBackoffRetryPolicy.attempt(ExponentialBackoffRetryPolicy.java:77)
	at com.uber.profiling.YamlConfigProvider.getConfig(YamlConfigProvider.java:74)
	at com.uber.profiling.YamlConfigProvider.getConfig(YamlConfigProvider.java:61)
	at com.uber.profiling.YamlConfigProviderTest.getConfig(YamlConfigProviderTest.java:43)
	at sun.reflect.NativeMethodAccessorImpl.invoke0(Native Method)
	at sun.reflect.NativeMethodAccessorImpl.invoke(NativeMethodAccessorImpl.java:62)
	at sun.reflect.DelegatingMethodAccessorImpl.invoke(DelegatingMethodAccessorImpl.java:43)
	at java.lang.reflect.Method.invoke(Method.java:498)
	at org.junit.runners.model.FrameworkMethod$1.runReflectiveCall(FrameworkMethod.java:44)
	at org.junit.internal.runners.model.ReflectiveCallable.run(ReflectiveCallable.java:15)
	at org.junit.runners.model.FrameworkMethod.invokeExplosively(FrameworkMethod.java:41)
	at org.junit.internal.runners.statements.InvokeMethod.evaluate(InvokeMethod.java:20)
	at org.junit.runners.BlockJUnit4ClassRunner.runChild(BlockJUnit4ClassRunner.java:76)
	at org.junit.runners.BlockJUnit4ClassRunner.runChild(BlockJUnit4ClassRunner.java:50)
	at org.junit.runners.ParentRunner$3.run(ParentRunner.java:193)
	at org.junit.runners.ParentRunner$1.schedule(ParentRunner.java:52)
	at org.junit.runners.ParentRunner.runChildren(ParentRunner.java:191)
	at org.junit.runners.ParentRunner.access$000(ParentRunner.java:42)
	at org.junit.runners.ParentRunner$2.evaluate(ParentRunner.java:184)
	at org.junit.runners.ParentRunner.run(ParentRunner.java:236)
	at org.apache.maven.surefire.junit4.JUnit4Provider.execute(JUnit4Provider.java:367)
	at org.apache.maven.surefire.junit4.JUnit4Provider.executeWithRerun(JUnit4Provider.java:274)
	at org.apache.maven.surefire.junit4.JUnit4Provider.executeTestSet(JUnit4Provider.java:238)
	at org.apache.maven.surefire.junit4.JUnit4Provider.invoke(JUnit4Provider.java:161)
	at org.apache.maven.surefire.booter.ForkedBooter.invokeProviderInSameClassLoader(ForkedBooter.java:290)
	at org.apache.maven.surefire.booter.ForkedBooter.runSuitesInProcess(ForkedBooter.java:242)
	at org.apache.maven.surefire.booter.ForkedBooter.main(ForkedBooter.java:121)
Caused by: java.nio.file.NoSuchFileException: not_exiting_file
	at sun.nio.fs.UnixException.translateToIOException(UnixException.java:86)
	at sun.nio.fs.UnixException.rethrowAsIOException(UnixException.java:102)
	at sun.nio.fs.UnixException.rethrowAsIOException(UnixException.java:107)
	at sun.nio.fs.UnixFileSystemProvider.newByteChannel(UnixFileSystemProvider.java:214)
	at java.nio.file.Files.newByteChannel(Files.java:361)
	at java.nio.file.Files.newByteChannel(Files.java:407)
	at java.nio.file.Files.readAllBytes(Files.java:3152)
	at com.uber.profiling.YamlConfigProvider.lambda$getConfig$0(YamlConfigProvider.java:79)
	at com.uber.profiling.util.ExponentialBackoffRetryPolicy.attempt(ExponentialBackoffRetryPolicy.java:66)
	... 26 more

1596148315503 com.uber.profiling.YamlConfigProvider: Read YAML config from: /tmp/test517237149332516354test
1596148315503 com.uber.profiling.YamlConfigProvider: Read YAML config from: /tmp/test1761476934011744654test
1596148316274 com.uber.profiling.util.ExponentialBackoffRetryPolicy: Retrying (after sleeping 132 milliseconds) on exception: java.lang.RuntimeException: Failed getting url: http://localhost/bad_url
1596148316409 com.uber.profiling.util.ExponentialBackoffRetryPolicy: Retrying (after sleeping 260 milliseconds) on exception: java.lang.RuntimeException: Failed getting url: http://localhost/bad_url
[WARNING] 1596148316671 com.uber.profiling.YamlConfigProvider: Failed to read file: http://localhost/bad_url java.lang.RuntimeException: Failed after trying 3 times
	at com.uber.profiling.util.ExponentialBackoffRetryPolicy.attempt(ExponentialBackoffRetryPolicy.java:77)
	at com.uber.profiling.YamlConfigProvider.getConfig(YamlConfigProvider.java:74)
	at com.uber.profiling.YamlConfigProvider.getConfig(YamlConfigProvider.java:61)
	at com.uber.profiling.YamlConfigProviderTest.getConfigFromBadHttpUrl(YamlConfigProviderTest.java:103)
	at sun.reflect.NativeMethodAccessorImpl.invoke0(Native Method)
	at sun.reflect.NativeMethodAccessorImpl.invoke(NativeMethodAccessorImpl.java:62)
	at sun.reflect.DelegatingMethodAccessorImpl.invoke(DelegatingMethodAccessorImpl.java:43)
	at java.lang.reflect.Method.invoke(Method.java:498)
	at org.junit.runners.model.FrameworkMethod$1.runReflectiveCall(FrameworkMethod.java:44)
	at org.junit.internal.runners.model.ReflectiveCallable.run(ReflectiveCallable.java:15)
	at org.junit.runners.model.FrameworkMethod.invokeExplosively(FrameworkMethod.java:41)
	at org.junit.internal.runners.statements.InvokeMethod.evaluate(InvokeMethod.java:20)
	at org.junit.runners.BlockJUnit4ClassRunner.runChild(BlockJUnit4ClassRunner.java:76)
	at org.junit.runners.BlockJUnit4ClassRunner.runChild(BlockJUnit4ClassRunner.java:50)
	at org.junit.runners.ParentRunner$3.run(ParentRunner.java:193)
	at org.junit.runners.ParentRunner$1.schedule(ParentRunner.java:52)
	at org.junit.runners.ParentRunner.runChildren(ParentRunner.java:191)
	at org.junit.runners.ParentRunner.access$000(ParentRunner.java:42)
	at org.junit.runners.ParentRunner$2.evaluate(ParentRunner.java:184)
	at org.junit.runners.ParentRunner.run(ParentRunner.java:236)
	at org.apache.maven.surefire.junit4.JUnit4Provider.execute(JUnit4Provider.java:367)
	at org.apache.maven.surefire.junit4.JUnit4Provider.executeWithRerun(JUnit4Provider.java:274)
	at org.apache.maven.surefire.junit4.JUnit4Provider.executeTestSet(JUnit4Provider.java:238)
	at org.apache.maven.surefire.junit4.JUnit4Provider.invoke(JUnit4Provider.java:161)
	at org.apache.maven.surefire.booter.ForkedBooter.invokeProviderInSameClassLoader(ForkedBooter.java:290)
	at org.apache.maven.surefire.booter.ForkedBooter.runSuitesInProcess(ForkedBooter.java:242)
	at org.apache.maven.surefire.booter.ForkedBooter.main(ForkedBooter.java:121)
Caused by: java.lang.RuntimeException: Failed getting url: http://localhost/bad_url
	at com.uber.profiling.YamlConfigProvider.getHttp(YamlConfigProvider.java:202)
	at com.uber.profiling.YamlConfigProvider.lambda$getConfig$0(YamlConfigProvider.java:77)
	at com.uber.profiling.util.ExponentialBackoffRetryPolicy.attempt(ExponentialBackoffRetryPolicy.java:66)
	... 26 more
Caused by: org.apache.http.conn.HttpHostConnectException: Connect to localhost:80 [localhost/127.0.0.1] failed: Connection refused (Connection refused)
	at org.apache.http.impl.conn.HttpClientConnectionOperator.connect(HttpClientConnectionOperator.java:142)
	at org.apache.http.impl.conn.PoolingHttpClientConnectionManager.connect(PoolingHttpClientConnectionManager.java:319)
	at org.apache.http.impl.execchain.MainClientExec.establishRoute(MainClientExec.java:363)
	at org.apache.http.impl.execchain.MainClientExec.execute(MainClientExec.java:219)
	at org.apache.http.impl.execchain.ProtocolExec.execute(ProtocolExec.java:195)
	at org.apache.http.impl.execchain.RetryExec.execute(RetryExec.java:86)
	at org.apache.http.impl.execchain.RedirectExec.execute(RedirectExec.java:108)
	at org.apache.http.impl.client.InternalHttpClient.doExecute(InternalHttpClient.java:184)
	at org.apache.http.impl.client.CloseableHttpClient.execute(CloseableHttpClient.java:82)
	at org.apache.http.impl.client.CloseableHttpClient.execute(CloseableHttpClient.java:106)
	at com.uber.profiling.YamlConfigProvider.getHttp(YamlConfigProvider.java:191)
	... 28 more
Caused by: java.net.ConnectException: Connection refused (Connection refused)
	at java.net.PlainSocketImpl.socketConnect(Native Method)
	at java.net.AbstractPlainSocketImpl.doConnect(AbstractPlainSocketImpl.java:350)
	at java.net.AbstractPlainSocketImpl.connectToAddress(AbstractPlainSocketImpl.java:206)
	at java.net.AbstractPlainSocketImpl.connect(AbstractPlainSocketImpl.java:188)
	at java.net.SocksSocketImpl.connect(SocksSocketImpl.java:392)
	at java.net.Socket.connect(Socket.java:607)
	at org.apache.http.conn.socket.PlainConnectionSocketFactory.connectSocket(PlainConnectionSocketFactory.java:72)
	at org.apache.http.impl.conn.HttpClientConnectionOperator.connect(HttpClientConnectionOperator.java:125)
	... 38 more

1596148316674 com.uber.profiling.YamlConfigProvider: Read YAML config from: /tmp/jvm-profiler_4335525251680499304.yaml
Tests run: 3, Failures: 0, Errors: 0, Skipped: 0, Time elapsed: 1.711 sec - in com.uber.profiling.YamlConfigProviderTest
Running com.uber.profiling.AgentThreadFactoryTest
Tests run: 1, Failures: 0, Errors: 0, Skipped: 0, Time elapsed: 0 sec - in com.uber.profiling.AgentThreadFactoryTest
Running com.uber.profiling.util.ClassAndMethodMetricBufferTest
Tests run: 2, Failures: 0, Errors: 0, Skipped: 0, Time elapsed: 1.366 sec - in com.uber.profiling.util.ClassAndMethodMetricBufferTest
Running com.uber.profiling.util.ReflectionUtilsTest
Tests run: 1, Failures: 0, Errors: 0, Skipped: 0, Time elapsed: 0.002 sec - in com.uber.profiling.util.ReflectionUtilsTest
Running com.uber.profiling.util.StringUtilsTest
Tests run: 5, Failures: 0, Errors: 0, Skipped: 0, Time elapsed: 0.004 sec - in com.uber.profiling.util.StringUtilsTest
Running com.uber.profiling.util.ClassMethodArgumentFilterTest
Tests run: 4, Failures: 0, Errors: 0, Skipped: 0, Time elapsed: 0.003 sec - in com.uber.profiling.util.ClassMethodArgumentFilterTest
Running com.uber.profiling.util.ClassAndMethodFilterTest
Tests run: 4, Failures: 0, Errors: 0, Skipped: 0, Time elapsed: 0.01 sec - in com.uber.profiling.util.ClassAndMethodFilterTest
Running com.uber.profiling.util.SparkUtilsTest
Tests run: 3, Failures: 0, Errors: 0, Skipped: 0, Time elapsed: 0.002 sec - in com.uber.profiling.util.SparkUtilsTest
Running com.uber.profiling.util.StacktraceMetricBufferTest
Tests run: 1, Failures: 0, Errors: 0, Skipped: 0, Time elapsed: 0.011 sec - in com.uber.profiling.util.StacktraceMetricBufferTest
Running com.uber.profiling.util.IOUtilsTest
Tests run: 1, Failures: 0, Errors: 0, Skipped: 0, Time elapsed: 0.004 sec - in com.uber.profiling.util.IOUtilsTest
Running com.uber.profiling.util.ProcFileUtilsTest
Tests run: 12, Failures: 0, Errors: 0, Skipped: 0, Time elapsed: 0.029 sec - in com.uber.profiling.util.ProcFileUtilsTest
Running com.uber.profiling.util.ClassMethodArgmentMetricBufferTest
Tests run: 2, Failures: 0, Errors: 0, Skipped: 0, Time elapsed: 0.942 sec - in com.uber.profiling.util.ClassMethodArgmentMetricBufferTest
Running com.uber.profiling.ArgumentsTest
1596148319095 com.uber.profiling.Arguments: Got argument value for noop: true
1596148319095 com.uber.profiling.Arguments: Got argument value for durationProfiling: a.bc.foo
1596148319095 com.uber.profiling.Arguments: Got argument value for durationProfiling: ab.c.d.test
1596148319095 com.uber.profiling.Arguments: Got argument value for reporter: com.uber.profiling.ArgumentsTest$DummyReporter
1596148319096 com.uber.profiling.Arguments: Got argument value for metricInterval: 123
1596148319096 com.uber.profiling.Arguments: Got argument value for appIdVariable: APP_ID1
1596148319096 com.uber.profiling.Arguments: Got argument value for appIdRegex: app123
1596148319096 com.uber.profiling.Arguments: Got argument value for durationProfiling: a.bc.foo
1596148319096 com.uber.profiling.Arguments: Got argument value for argumentProfiling: {className='package1.class1', methodName='method1', argumentIndex='1'}
1596148319096 com.uber.profiling.Arguments: Got argument value for durationProfiling: a.bc.foo
1596148319096 com.uber.profiling.Arguments: Got argument value for durationProfiling: ab.c.d.test
1596148319096 com.uber.profiling.Arguments: Got argument value for durationProfiling: a.bc.foo
1596148319096 com.uber.profiling.Arguments: Got argument value for durationProfiling: ab.c.d.test
1596148319097 com.uber.profiling.Arguments: Got argument value for configProvider: com.uber.profiling.ArgumentsTest$DummyConfigProvider
1596148319097 com.uber.profiling.Arguments: Got argument value for metricInterval: 1000
1596148319097 com.uber.profiling.Arguments: Got argument value for tag: tag1
1596148319097 com.uber.profiling.Arguments: Got argument value for cluster: cluster1
1596148319097 com.uber.profiling.Arguments: Got argument value for durationProfiling: a.bc.foo
1596148319097 com.uber.profiling.Arguments: Got argument value for durationProfiling: ab.c.d.test
1596148319097 com.uber.profiling.Arguments: Got argument value for ioProfiling: true
1596148319098 com.uber.profiling.Arguments: Got argument value for configProvider: com.uber.profiling.ArgumentsTest$SimpleConfigProvider
1596148319098 com.uber.profiling.Arguments: Got argument value for metricInterval: 1000
1596148319098 com.uber.profiling.Arguments: Got argument value for tag: tag1
1596148319098 com.uber.profiling.Arguments: Got argument value for durationProfiling: a.bc.foo
1596148319098 com.uber.profiling.Arguments: Got argument value for durationProfiling: ab.c.d.test
1596148319098 com.uber.profiling.Arguments: Got argument value for ioProfiling: true
1596148319098 com.uber.profiling.Arguments: Got argument value for metricInterval: 9000
1596148319098 com.uber.profiling.Arguments: Got argument value for durationProfiling: package.c900.m900
1596148319098 com.uber.profiling.Arguments: Got argument value for durationProfiling: package.c901.m901
1596148319098 com.uber.profiling.Arguments: Got argument value for ioProfiling: false
1596148319103 com.uber.profiling.Arguments: Updated arguments based on config: {"metricInterval":["9000"],"ioProfiling":["false"],"durationProfiling":["package.c900.m900","package.c901.m901"]}
1596148319104 com.uber.profiling.Arguments: Got argument value for configProvider: com.uber.profiling.ArgumentsTest$OverrideConfigProvider
1596148319104 com.uber.profiling.Arguments: Got argument value for metricInterval: 1000
1596148319104 com.uber.profiling.Arguments: Got argument value for tag: tag1
1596148319104 com.uber.profiling.Arguments: Got argument value for durationProfiling: a.bc.foo
1596148319104 com.uber.profiling.Arguments: Got argument value for durationProfiling: ab.c.d.test
1596148319104 com.uber.profiling.Arguments: Got argument value for ioProfiling: true
1596148319104 com.uber.profiling.Arguments: Got argument value for metricInterval: 9000
1596148319104 com.uber.profiling.Arguments: Got argument value for durationProfiling: package.c900.m900
1596148319104 com.uber.profiling.Arguments: Got argument value for durationProfiling: package.c901.m901
1596148319104 com.uber.profiling.Arguments: Got argument value for ioProfiling: true
1596148319104 com.uber.profiling.Arguments: Updated arguments based on config: {"metricInterval":["9000"],"ioProfiling":["true"],"durationProfiling":["package.c900.m900","package.c901.m901"]}
1596148319104 com.uber.profiling.Arguments: Got argument value for metricInterval: 9001
1596148319104 com.uber.profiling.Arguments: Got argument value for durationProfiling: package.c900.m910
1596148319104 com.uber.profiling.Arguments: Got argument value for durationProfiling: package.c901.m911
1596148319104 com.uber.profiling.Arguments: Got argument value for ioProfiling: false
1596148319104 com.uber.profiling.Arguments: Updated arguments based on config override: {"metricInterval":["9001"],"ioProfiling":["false"],"durationProfiling":["package.c900.m910","package.c901.m911"]}
1596148319104 com.uber.profiling.Arguments: Got argument value for configProvider: com.uber.profiling.ArgumentsTest$OverrideConfigProvider
1596148319104 com.uber.profiling.Arguments: Got argument value for metricInterval: 1000
1596148319104 com.uber.profiling.Arguments: Got argument value for tag: tag2
1596148319104 com.uber.profiling.Arguments: Got argument value for durationProfiling: a.bc.foo
1596148319104 com.uber.profiling.Arguments: Got argument value for durationProfiling: ab.c.d.test
1596148319104 com.uber.profiling.Arguments: Got argument value for ioProfiling: true
1596148319104 com.uber.profiling.Arguments: Got argument value for metricInterval: 9000
1596148319104 com.uber.profiling.Arguments: Got argument value for durationProfiling: package.c900.m900
1596148319104 com.uber.profiling.Arguments: Got argument value for durationProfiling: package.c901.m901
1596148319104 com.uber.profiling.Arguments: Got argument value for ioProfiling: true
1596148319104 com.uber.profiling.Arguments: Updated arguments based on config: {"metricInterval":["9000"],"ioProfiling":["true"],"durationProfiling":["package.c900.m900","package.c901.m901"]}
1596148319105 com.uber.profiling.Arguments: Got argument value for metricInterval: 9002
1596148319105 com.uber.profiling.Arguments: Got argument value for durationProfiling: package.c900.m920
1596148319105 com.uber.profiling.Arguments: Got argument value for durationProfiling: package.c901.m921
1596148319105 com.uber.profiling.Arguments: Got argument value for ioProfiling: true
1596148319105 com.uber.profiling.Arguments: Updated arguments based on config override: {"metricInterval":["9002"],"ioProfiling":["true"],"durationProfiling":["package.c900.m920","package.c901.m921"]}
1596148319105 com.uber.profiling.Arguments: Got argument value for configProvider: com.uber.profiling.ArgumentsTest$OverrideConfigProvider
1596148319105 com.uber.profiling.Arguments: Got argument value for metricInterval: 1000
1596148319105 com.uber.profiling.Arguments: Got argument value for tag: tag3
1596148319105 com.uber.profiling.Arguments: Got argument value for durationProfiling: a.bc.foo
1596148319105 com.uber.profiling.Arguments: Got argument value for durationProfiling: ab.c.d.test
1596148319105 com.uber.profiling.Arguments: Got argument value for ioProfiling: true
1596148319105 com.uber.profiling.Arguments: Got argument value for metricInterval: 9000
1596148319105 com.uber.profiling.Arguments: Got argument value for durationProfiling: package.c900.m900
1596148319105 com.uber.profiling.Arguments: Got argument value for durationProfiling: package.c901.m901
1596148319105 com.uber.profiling.Arguments: Got argument value for ioProfiling: true
1596148319105 com.uber.profiling.Arguments: Updated arguments based on config: {"metricInterval":["9000"],"ioProfiling":["true"],"durationProfiling":["package.c900.m900","package.c901.m901"]}
Tests run: 11, Failures: 0, Errors: 0, Skipped: 0, Time elapsed: 0.045 sec - in com.uber.profiling.ArgumentsTest
Running com.uber.profiling.ProfilerRunnableTest
Tests run: 1, Failures: 0, Errors: 0, Skipped: 0, Time elapsed: 0 sec - in com.uber.profiling.ProfilerRunnableTest

Results :

Tests run: 64, Failures: 0, Errors: 0, Skipped: 0

[INFO] 
[INFO] --- jacoco-maven-plugin:0.8.5:report (report) @ jvm-profiler ---
[INFO] Loading execution data file /tmp/tmpzo83kloo/jvm-profiler/target/jacoco.exec
[INFO] Analyzed bundle 'uber-jvm-profiler' with 242 classes
[INFO] ------------------------------------------------------------------------
[INFO] BUILD SUCCESS
[INFO] ------------------------------------------------------------------------
[INFO] Total time:  27.125 s
[INFO] Finished at: 2020-07-30T22:32:01Z
[INFO] ------------------------------------------------------------------------
