[INFO] Error stacktraces are turned on.
[INFO] Scanning for projects...
[INFO] 
[INFO] --------< org.apache.sling:org.apache.sling.scripting.sightly >---------
[INFO] Building Apache Sling Scripting HTL Engine 1.4.1-1.4.0-SNAPSHOT
[INFO] --------------------------------[ jar ]---------------------------------
[INFO] 
[INFO] --- maven-enforcer-plugin:3.0.0-M3:enforce (enforce-maven-version) @ org.apache.sling.scripting.sightly ---
[INFO] 
[INFO] --- maven-enforcer-plugin:3.0.0-M3:enforce (enforce-property-values) @ org.apache.sling.scripting.sightly ---
[INFO] 
[INFO] --- maven-enforcer-plugin:3.0.0-M3:enforce (enforce-java-version) @ org.apache.sling.scripting.sightly ---
[INFO] 
[INFO] --- maven-enforcer-plugin:3.0.0-M3:enforce (ban-maven-scr-plugin) @ org.apache.sling.scripting.sightly ---
[INFO] 
[INFO] --- maven-enforcer-plugin:3.0.0-M3:enforce (ban-felix-scr-annotations) @ org.apache.sling.scripting.sightly ---
[INFO] 
[INFO] --- maven-enforcer-plugin:3.0.0-M3:enforce (ban-maven-bundle-plugin) @ org.apache.sling.scripting.sightly ---
[INFO] 
[INFO] --- maven-enforcer-plugin:3.0.0-M3:enforce (ban-maven-sling-plugin) @ org.apache.sling.scripting.sightly ---
[INFO] 
[INFO] --- jacoco-maven-plugin:0.8.5:prepare-agent (default) @ org.apache.sling.scripting.sightly ---
[INFO] argLine set to -javaagent:/home/jdbl/.m2/repository/org/jacoco/org.jacoco.agent/0.8.5/org.jacoco.agent-0.8.5-runtime.jar=destfile=/tmp/tmpp18pks9x/sling-org-apache-sling-scripting-sightly/target/jacoco.exec
[INFO] 
[INFO] --- maven-remote-resources-plugin:1.7.0:process (process-resource-bundles) @ org.apache.sling.scripting.sightly ---
[INFO] Preparing remote bundle org.apache:apache-jar-resource-bundle:1.4
[INFO] Copying 3 resources from 1 bundle.
[INFO] 
[INFO] --- maven-remote-resources-plugin:1.7.0:process (remote-resources-custom-notice) @ org.apache.sling.scripting.sightly ---
[INFO] Preparing remote bundle org.apache.sling:apache-sling-jar-resource-bundle:1.0.0
[INFO] Preparing remote bundle org.apache:apache-jar-resource-bundle:1.4
[INFO] Copying 3 resources from 1 bundle.
[INFO] 
[INFO] --- maven-resources-plugin:3.1.0:resources (default-resources) @ org.apache.sling.scripting.sightly ---
[INFO] Using 'UTF-8' encoding to copy filtered resources.
[INFO] skip non existing resourceDirectory /tmp/tmpp18pks9x/sling-org-apache-sling-scripting-sightly/src/main/resources
[INFO] Copying 3 resources
[INFO] Copying 3 resources
[INFO] 
[INFO] --- maven-compiler-plugin:3.8.1:compile (default-compile) @ org.apache.sling.scripting.sightly ---
[INFO] Changes detected - recompiling the module!
[INFO] Compiling 35 source files to /tmp/tmpp18pks9x/sling-org-apache-sling-scripting-sightly/target/classes
[INFO] /tmp/tmpp18pks9x/sling-org-apache-sling-scripting-sightly/src/main/java/org/apache/sling/scripting/sightly/impl/engine/extension/FormatFilterExtension.java: Some input files use unchecked or unsafe operations.
[INFO] /tmp/tmpp18pks9x/sling-org-apache-sling-scripting-sightly/src/main/java/org/apache/sling/scripting/sightly/impl/engine/extension/FormatFilterExtension.java: Recompile with -Xlint:unchecked for details.
[INFO] 
[INFO] --- animal-sniffer-maven-plugin:1.18:check (default) @ org.apache.sling.scripting.sightly ---
[INFO] Signature checking is skipped.
[INFO] 
[INFO] --- bnd-maven-plugin:5.0.0:bnd-process (bnd-process) @ org.apache.sling.scripting.sightly ---
[INFO] 
[INFO] >>> spotbugs-maven-plugin:3.1.11:check (find-bugs) > :spotbugs @ org.apache.sling.scripting.sightly >>>
[INFO] 
[INFO] --- spotbugs-maven-plugin:3.1.11:spotbugs (spotbugs) @ org.apache.sling.scripting.sightly ---
[INFO] Fork Value is true
     [java] Warnings generated: 22
[INFO] Done SpotBugs Analysis....
[INFO] 
[INFO] <<< spotbugs-maven-plugin:3.1.11:check (find-bugs) < :spotbugs @ org.apache.sling.scripting.sightly <<<
[INFO] 
[INFO] 
[INFO] --- spotbugs-maven-plugin:3.1.11:check (find-bugs) @ org.apache.sling.scripting.sightly ---
[INFO] BugInstance size is 22
[INFO] Error size is 0
[INFO] Total bugs: 22
[ERROR] Comparison of String parameter using == or != in org.apache.commons.lang3.BooleanUtils.toBooleanObject(String)  [org.apache.commons.lang3.BooleanUtils] At BooleanUtils.java:[line 553] ES_COMPARING_PARAMETER_STRING_WITH_EQ
[ERROR] org.apache.commons.lang3.BooleanUtils.negate(Boolean) has Boolean return type and returns explicit null [org.apache.commons.lang3.BooleanUtils] At BooleanUtils.java:[line 64] NP_BOOLEAN_RETURN_NULL
[ERROR] org.apache.commons.lang3.BooleanUtils.toBooleanObject(int, int, int, int) has Boolean return type and returns explicit null [org.apache.commons.lang3.BooleanUtils] At BooleanUtils.java:[line 331] NP_BOOLEAN_RETURN_NULL
[ERROR] org.apache.commons.lang3.BooleanUtils.toBooleanObject(Integer) has Boolean return type and returns explicit null [org.apache.commons.lang3.BooleanUtils] At BooleanUtils.java:[line 239] NP_BOOLEAN_RETURN_NULL
[ERROR] org.apache.commons.lang3.BooleanUtils.toBooleanObject(Integer, Integer, Integer, Integer) has Boolean return type and returns explicit null [org.apache.commons.lang3.BooleanUtils, org.apache.commons.lang3.BooleanUtils] At BooleanUtils.java:[line 364]Another occurrence at BooleanUtils.java:[line 371] NP_BOOLEAN_RETURN_NULL
[ERROR] org.apache.commons.lang3.BooleanUtils.toBooleanObject(String) has Boolean return type and returns explicit null [org.apache.commons.lang3.BooleanUtils, org.apache.commons.lang3.BooleanUtils] At BooleanUtils.java:[line 557]Another occurrence at BooleanUtils.java:[line 633] NP_BOOLEAN_RETURN_NULL
[ERROR] org.apache.commons.lang3.BooleanUtils.toBooleanObject(String, String, String, String) has Boolean return type and returns explicit null [org.apache.commons.lang3.BooleanUtils, org.apache.commons.lang3.BooleanUtils] At BooleanUtils.java:[line 664]Another occurrence at BooleanUtils.java:[line 671] NP_BOOLEAN_RETURN_NULL
[ERROR] Suspicious comparison of Boolean references in org.apache.commons.lang3.BooleanUtils.toBoolean(String) [org.apache.commons.lang3.BooleanUtils] At BooleanUtils.java:[line 709] RC_REF_COMPARISON_BAD_PRACTICE_BOOLEAN
[ERROR] Comparison of String parameter using == or != in org.apache.commons.lang3.StringUtils.compare(String, String, boolean)  [org.apache.commons.lang3.StringUtils] At StringUtils.java:[line 1033] ES_COMPARING_PARAMETER_STRING_WITH_EQ
[ERROR] Comparison of String parameter using == or != in org.apache.commons.lang3.StringUtils.compareIgnoreCase(String, String, boolean)  [org.apache.commons.lang3.StringUtils] At StringUtils.java:[line 1126] ES_COMPARING_PARAMETER_STRING_WITH_EQ
[ERROR] Switch statement found in org.apache.commons.lang3.math.NumberUtils.createNumber(String) where one case falls through to the next case [org.apache.commons.lang3.math.NumberUtils] At NumberUtils.java:[lines 550-557] SF_SWITCH_FALLTHROUGH
[ERROR] Switch statement found in org.apache.commons.lang3.math.NumberUtils.createNumber(String) where default case is missing [org.apache.commons.lang3.math.NumberUtils] At NumberUtils.java:[lines 525-566] SF_SWITCH_NO_DEFAULT
[ERROR] registry isn't initialized in org.apache.commons.lang3.text.ExtendedMessageFormat.applyPattern(String) when invoked from constructor for superclass [java.text.MessageFormat, org.apache.commons.lang3.text.ExtendedMessageFormat, org.apache.commons.lang3.text.ExtendedMessageFormat] Call from superclass constructor at MessageFormat.java:[line 362]Field set (too late) at ExtendedMessageFormat.java:[line 124]At ExtendedMessageFormat.java:[line 143] UR_UNINIT_READ_CALLED_FROM_SUPER_CONSTRUCTOR
[ERROR] org.apache.commons.lang3.text.StrTokenizer.clone() does not call super.clone() [org.apache.commons.lang3.text.StrTokenizer] At StrTokenizer.java:[lines 1076-1078] CN_IDIOM_NO_SUPER_CALL
[ERROR] Switch statement found in org.apache.commons.lang3.time.CalendarReflection.getWeekYear(Calendar) where default case is missing [org.apache.commons.lang3.time.CalendarReflection] At CalendarReflection.java:[lines 84-92] SF_SWITCH_NO_DEFAULT
[ERROR] Switch statement found in org.apache.commons.lang3.time.DateUtils.getFragment(Calendar, int, TimeUnit) where one case falls through to the next case [org.apache.commons.lang3.time.DateUtils, org.apache.commons.lang3.time.DateUtils, org.apache.commons.lang3.time.DateUtils] At DateUtils.java:[lines 1706-1709]Another occurrence at DateUtils.java:[lines 1709-1712]Another occurrence at DateUtils.java:[lines 1712-1715] SF_SWITCH_FALLTHROUGH
[ERROR] Switch statement found in org.apache.commons.lang3.time.FastDateParser.simpleQuote(StringBuilder, String) where default case is missing [org.apache.commons.lang3.time.FastDateParser] At FastDateParser.java:[lines 437-450] SF_SWITCH_NO_DEFAULT
[ERROR] Switch statement found in new org.apache.commons.lang3.time.FastDateParser$TimeZoneStrategy(Locale) where default case is missing [org.apache.commons.lang3.time.FastDateParser$TimeZoneStrategy] At FastDateParser.java:[lines 860-866] SF_SWITCH_NO_DEFAULT
[ERROR] Switch statement found in org.apache.commons.lang3.time.FastDatePrinter.appendFullDigits(Appendable, int, int) where one case falls through to the next case [org.apache.commons.lang3.time.FastDatePrinter, org.apache.commons.lang3.time.FastDatePrinter, org.apache.commons.lang3.time.FastDatePrinter] At FastDatePrinter.java:[lines 717-719]Another occurrence at FastDatePrinter.java:[lines 723-726]Another occurrence at FastDatePrinter.java:[lines 730-733] SF_SWITCH_FALLTHROUGH
[ERROR] Switch statement found in org.apache.commons.lang3.time.FastDatePrinter.appendFullDigits(Appendable, int, int) where default case is missing [org.apache.commons.lang3.time.FastDatePrinter] At FastDatePrinter.java:[lines 714-733] SF_SWITCH_NO_DEFAULT
[ERROR] Equals method for org.apache.commons.lang3.time.FormatCache$MultipartKey assumes the argument is of type FormatCache$MultipartKey [org.apache.commons.lang3.time.FormatCache$MultipartKey] At FormatCache.java:[line 244] BC_EQUALS_METHOD_SHOULD_WORK_FOR_ALL_OBJECTS
[ERROR] org.apache.commons.lang3.time.FormatCache$MultipartKey.equals(Object) does not check for null argument [org.apache.commons.lang3.time.FormatCache$MultipartKey] At FormatCache.java:[line 244] NP_EQUALS_SHOULD_HANDLE_NULL_ARGUMENT
[INFO] 


To see bug detail using the Spotbugs GUI, use the following command "mvn spotbugs:gui"



[INFO] ------------------------------------------------------------------------
[INFO] BUILD FAILURE
[INFO] ------------------------------------------------------------------------
[INFO] Total time:  01:41 min
[INFO] Finished at: 2020-08-03T11:03:44Z
[INFO] ------------------------------------------------------------------------
[ERROR] Failed to execute goal com.github.spotbugs:spotbugs-maven-plugin:3.1.11:check (find-bugs) on project org.apache.sling.scripting.sightly: failed with 22 bugs and 0 errors -> [Help 1]
org.apache.maven.lifecycle.LifecycleExecutionException: Failed to execute goal com.github.spotbugs:spotbugs-maven-plugin:3.1.11:check (find-bugs) on project org.apache.sling.scripting.sightly: failed with 22 bugs and 0 errors 
    at org.apache.maven.lifecycle.internal.MojoExecutor.execute (MojoExecutor.java:215)
    at org.apache.maven.lifecycle.internal.MojoExecutor.execute (MojoExecutor.java:156)
    at org.apache.maven.lifecycle.internal.MojoExecutor.execute (MojoExecutor.java:148)
    at org.apache.maven.lifecycle.internal.LifecycleModuleBuilder.buildProject (LifecycleModuleBuilder.java:117)
    at org.apache.maven.lifecycle.internal.LifecycleModuleBuilder.buildProject (LifecycleModuleBuilder.java:81)
    at org.apache.maven.lifecycle.internal.builder.singlethreaded.SingleThreadedBuilder.build (SingleThreadedBuilder.java:56)
    at org.apache.maven.lifecycle.internal.LifecycleStarter.execute (LifecycleStarter.java:128)
    at org.apache.maven.DefaultMaven.doExecute (DefaultMaven.java:305)
    at org.apache.maven.DefaultMaven.doExecute (DefaultMaven.java:192)
    at org.apache.maven.DefaultMaven.execute (DefaultMaven.java:105)
    at org.apache.maven.cli.MavenCli.execute (MavenCli.java:957)
    at org.apache.maven.cli.MavenCli.doMain (MavenCli.java:289)
    at org.apache.maven.cli.MavenCli.main (MavenCli.java:193)
    at sun.reflect.NativeMethodAccessorImpl.invoke0 (Native Method)
    at sun.reflect.NativeMethodAccessorImpl.invoke (NativeMethodAccessorImpl.java:62)
    at sun.reflect.DelegatingMethodAccessorImpl.invoke (DelegatingMethodAccessorImpl.java:43)
    at java.lang.reflect.Method.invoke (Method.java:498)
    at org.codehaus.plexus.classworlds.launcher.Launcher.launchEnhanced (Launcher.java:282)
    at org.codehaus.plexus.classworlds.launcher.Launcher.launch (Launcher.java:225)
    at org.codehaus.plexus.classworlds.launcher.Launcher.mainWithExitCode (Launcher.java:406)
    at org.codehaus.plexus.classworlds.launcher.Launcher.main (Launcher.java:347)
Caused by: org.apache.maven.plugin.MojoExecutionException: failed with 22 bugs and 0 errors 
    at sun.reflect.NativeConstructorAccessorImpl.newInstance0 (Native Method)
    at sun.reflect.NativeConstructorAccessorImpl.newInstance (NativeConstructorAccessorImpl.java:62)
    at sun.reflect.DelegatingConstructorAccessorImpl.newInstance (DelegatingConstructorAccessorImpl.java:45)
    at java.lang.reflect.Constructor.newInstance (Constructor.java:423)
    at org.codehaus.groovy.reflection.CachedConstructor.invoke (CachedConstructor.java:83)
    at org.codehaus.groovy.reflection.CachedConstructor.doConstructorInvoke (CachedConstructor.java:77)
    at org.codehaus.groovy.runtime.callsite.ConstructorSite$ConstructorSiteNoUnwrap.callConstructor (ConstructorSite.java:84)
    at org.codehaus.groovy.runtime.callsite.CallSiteArray.defaultCallConstructor (CallSiteArray.java:59)
    at org.codehaus.groovy.runtime.callsite.AbstractCallSite.callConstructor (AbstractCallSite.java:237)
    at org.codehaus.groovy.runtime.callsite.AbstractCallSite.callConstructor (AbstractCallSite.java:249)
    at org.codehaus.mojo.spotbugs.SpotbugsViolationCheckMojo.execute (SpotbugsViolationCheckMojo.groovy:533)
    at org.apache.maven.plugin.DefaultBuildPluginManager.executeMojo (DefaultBuildPluginManager.java:137)
    at org.apache.maven.lifecycle.internal.MojoExecutor.execute (MojoExecutor.java:210)
    at org.apache.maven.lifecycle.internal.MojoExecutor.execute (MojoExecutor.java:156)
    at org.apache.maven.lifecycle.internal.MojoExecutor.execute (MojoExecutor.java:148)
    at org.apache.maven.lifecycle.internal.LifecycleModuleBuilder.buildProject (LifecycleModuleBuilder.java:117)
    at org.apache.maven.lifecycle.internal.LifecycleModuleBuilder.buildProject (LifecycleModuleBuilder.java:81)
    at org.apache.maven.lifecycle.internal.builder.singlethreaded.SingleThreadedBuilder.build (SingleThreadedBuilder.java:56)
    at org.apache.maven.lifecycle.internal.LifecycleStarter.execute (LifecycleStarter.java:128)
    at org.apache.maven.DefaultMaven.doExecute (DefaultMaven.java:305)
    at org.apache.maven.DefaultMaven.doExecute (DefaultMaven.java:192)
    at org.apache.maven.DefaultMaven.execute (DefaultMaven.java:105)
    at org.apache.maven.cli.MavenCli.execute (MavenCli.java:957)
    at org.apache.maven.cli.MavenCli.doMain (MavenCli.java:289)
    at org.apache.maven.cli.MavenCli.main (MavenCli.java:193)
    at sun.reflect.NativeMethodAccessorImpl.invoke0 (Native Method)
    at sun.reflect.NativeMethodAccessorImpl.invoke (NativeMethodAccessorImpl.java:62)
    at sun.reflect.DelegatingMethodAccessorImpl.invoke (DelegatingMethodAccessorImpl.java:43)
    at java.lang.reflect.Method.invoke (Method.java:498)
    at org.codehaus.plexus.classworlds.launcher.Launcher.launchEnhanced (Launcher.java:282)
    at org.codehaus.plexus.classworlds.launcher.Launcher.launch (Launcher.java:225)
    at org.codehaus.plexus.classworlds.launcher.Launcher.mainWithExitCode (Launcher.java:406)
    at org.codehaus.plexus.classworlds.launcher.Launcher.main (Launcher.java:347)
[ERROR] 
[ERROR] Re-run Maven using the -X switch to enable full debug logging.
[ERROR] 
[ERROR] For more information about the errors and possible solutions, please read the following articles:
[ERROR] [Help 1] http://cwiki.apache.org/confluence/display/MAVEN/MojoExecutionException
[INFO] Build failures were ignored.
