[INFO] Error stacktraces are turned on.
[INFO] Scanning for projects...
[INFO] 
[INFO] ----------------< com.thoughtworks.go:script-executor >-----------------
[INFO] Building script-executor 0.3.0
[INFO] --------------------------------[ jar ]---------------------------------
[INFO] 
[INFO] --- jacoco-maven-plugin:0.8.5:prepare-agent (default) @ script-executor ---
[INFO] argLine set to -javaagent:/home/jdbl/.m2/repository/org/jacoco/org.jacoco.agent/0.8.5/org.jacoco.agent-0.8.5-runtime.jar=destfile=/tmp/tmpbd0zxagf/script-executor-task/target/jacoco.exec
[INFO] 
[INFO] --- maven-resources-plugin:2.6:resources (default-resources) @ script-executor ---
[INFO] Using 'UTF-8' encoding to copy filtered resources.
[INFO] Copying 2 resources
[INFO] 
[INFO] --- maven-compiler-plugin:3.1:compile (default-compile) @ script-executor ---
[INFO] Changes detected - recompiling the module!
[INFO] Compiling 1 source file to /tmp/tmpbd0zxagf/script-executor-task/target/classes
[WARNING] /tmp/tmpbd0zxagf/script-executor-task/src/com/tw/go/plugin/task/GoPluginImpl.java: /tmp/tmpbd0zxagf/script-executor-task/src/com/tw/go/plugin/task/GoPluginImpl.java uses unchecked or unsafe operations.
[WARNING] /tmp/tmpbd0zxagf/script-executor-task/src/com/tw/go/plugin/task/GoPluginImpl.java: Recompile with -Xlint:unchecked for details.
[INFO] 
[INFO] --- maven-dependency-plugin:2.4:copy-dependencies (copy-dependencies) @ script-executor ---
[INFO] Copying gson-2.3.1.jar to /tmp/tmpbd0zxagf/script-executor-task/target/classes/lib/gson-2.3.1.jar
[INFO] Copying commons-lang-2.6.jar to /tmp/tmpbd0zxagf/script-executor-task/target/classes/lib/commons-lang-2.6.jar
[INFO] Copying commons-io-2.4.jar to /tmp/tmpbd0zxagf/script-executor-task/target/classes/lib/commons-io-2.4.jar
[INFO] Copying commons-beanutils-1.8.3.jar to /tmp/tmpbd0zxagf/script-executor-task/target/classes/lib/commons-beanutils-1.8.3.jar
[INFO] Copying commons-digester-1.8.jar to /tmp/tmpbd0zxagf/script-executor-task/target/classes/lib/commons-digester-1.8.jar
[INFO] Copying commons-logging-1.1.1.jar to /tmp/tmpbd0zxagf/script-executor-task/target/classes/lib/commons-logging-1.1.1.jar
[INFO] Copying commons-validator-1.4.0.jar to /tmp/tmpbd0zxagf/script-executor-task/target/classes/lib/commons-validator-1.4.0.jar
[INFO] 
[INFO] --- maven-resources-plugin:2.6:testResources (default-testResources) @ script-executor ---
[INFO] Using 'UTF-8' encoding to copy filtered resources.
[INFO] skip non existing resourceDirectory /tmp/tmpbd0zxagf/script-executor-task/test-resources
[INFO] 
[INFO] --- maven-compiler-plugin:3.1:testCompile (default-testCompile) @ script-executor ---
[INFO] Changes detected - recompiling the module!
[INFO] Compiling 1 source file to /tmp/tmpbd0zxagf/script-executor-task/target/test-classes
[INFO] 
[INFO] --- maven-surefire-plugin:2.19.1:test (default-test) @ script-executor ---
[INFO] Surefire report directory: /tmp/tmpbd0zxagf/script-executor-task/target/surefire-reports

-------------------------------------------------------
 T E S T S
-------------------------------------------------------
Running com.tw.go.plugin.task.GoPluginImplTest
Could not find pluginId for logger: class com.tw.go.plugin.task.GoPluginImpl
Tests run: 1, Failures: 0, Errors: 0, Skipped: 0, Time elapsed: 0.203 sec - in com.tw.go.plugin.task.GoPluginImplTest

Results :

Tests run: 1, Failures: 0, Errors: 0, Skipped: 0

[INFO] 
[INFO] --- jacoco-maven-plugin:0.8.5:report (report) @ script-executor ---
[INFO] Loading execution data file /tmp/tmpbd0zxagf/script-executor-task/target/jacoco.exec
[INFO] ------------------------------------------------------------------------
[INFO] BUILD FAILURE
[INFO] ------------------------------------------------------------------------
[INFO] Total time:  8.503 s
[INFO] Finished at: 2020-07-30T21:14:44Z
[INFO] ------------------------------------------------------------------------
[ERROR] Failed to execute goal org.jacoco:jacoco-maven-plugin:0.8.5:report (report) on project script-executor: An error has occurred in JaCoCo report generation. Error while creating report: Error while analyzing /tmp/tmpbd0zxagf/script-executor-task/target/classes/org/apache/commons/validator/CreditCardValidator.class. Can't add different class with same name: org/apache/commons/validator/CreditCardValidator -> [Help 1]
org.apache.maven.lifecycle.LifecycleExecutionException: Failed to execute goal org.jacoco:jacoco-maven-plugin:0.8.5:report (report) on project script-executor: An error has occurred in JaCoCo report generation.
    at org.apache.maven.lifecycle.internal.MojoExecutor.execute (MojoExecutor.java:215)
    at org.apache.maven.lifecycle.internal.MojoExecutor.execute (MojoExecutor.java:156)
    at org.apache.maven.lifecycle.internal.MojoExecutor.execute (MojoExecutor.java:148)
    at org.apache.maven.lifecycle.internal.LifecycleModuleBuilder.buildProject (LifecycleModuleBuilder.java:117)
    at org.apache.maven.lifecycle.internal.LifecycleModuleBuilder.buildProject (LifecycleModuleBuilder.java:81)
    at org.apache.maven.lifecycle.internal.builder.singlethreaded.SingleThreadedBuilder.build (SingleThreadedBuilder.java:56)
    at org.apache.maven.lifecycle.internal.LifecycleStarter.execute (LifecycleStarter.java:128)
    at org.apache.maven.DefaultMaven.doExecute (DefaultMaven.java:305)
    at org.apache.maven.DefaultMaven.doExecute (DefaultMaven.java:192)
    at org.apache.maven.DefaultMaven.execute (DefaultMaven.java:105)
    at org.apache.maven.cli.MavenCli.execute (MavenCli.java:957)
    at org.apache.maven.cli.MavenCli.doMain (MavenCli.java:289)
    at org.apache.maven.cli.MavenCli.main (MavenCli.java:193)
    at sun.reflect.NativeMethodAccessorImpl.invoke0 (Native Method)
    at sun.reflect.NativeMethodAccessorImpl.invoke (NativeMethodAccessorImpl.java:62)
    at sun.reflect.DelegatingMethodAccessorImpl.invoke (DelegatingMethodAccessorImpl.java:43)
    at java.lang.reflect.Method.invoke (Method.java:498)
    at org.codehaus.plexus.classworlds.launcher.Launcher.launchEnhanced (Launcher.java:282)
    at org.codehaus.plexus.classworlds.launcher.Launcher.launch (Launcher.java:225)
    at org.codehaus.plexus.classworlds.launcher.Launcher.mainWithExitCode (Launcher.java:406)
    at org.codehaus.plexus.classworlds.launcher.Launcher.main (Launcher.java:347)
Caused by: org.apache.maven.plugin.MojoExecutionException: An error has occurred in JaCoCo report generation.
    at org.jacoco.maven.AbstractReportMojo.execute (AbstractReportMojo.java:168)
    at org.apache.maven.plugin.DefaultBuildPluginManager.executeMojo (DefaultBuildPluginManager.java:137)
    at org.apache.maven.lifecycle.internal.MojoExecutor.execute (MojoExecutor.java:210)
    at org.apache.maven.lifecycle.internal.MojoExecutor.execute (MojoExecutor.java:156)
    at org.apache.maven.lifecycle.internal.MojoExecutor.execute (MojoExecutor.java:148)
    at org.apache.maven.lifecycle.internal.LifecycleModuleBuilder.buildProject (LifecycleModuleBuilder.java:117)
    at org.apache.maven.lifecycle.internal.LifecycleModuleBuilder.buildProject (LifecycleModuleBuilder.java:81)
    at org.apache.maven.lifecycle.internal.builder.singlethreaded.SingleThreadedBuilder.build (SingleThreadedBuilder.java:56)
    at org.apache.maven.lifecycle.internal.LifecycleStarter.execute (LifecycleStarter.java:128)
    at org.apache.maven.DefaultMaven.doExecute (DefaultMaven.java:305)
    at org.apache.maven.DefaultMaven.doExecute (DefaultMaven.java:192)
    at org.apache.maven.DefaultMaven.execute (DefaultMaven.java:105)
    at org.apache.maven.cli.MavenCli.execute (MavenCli.java:957)
    at org.apache.maven.cli.MavenCli.doMain (MavenCli.java:289)
    at org.apache.maven.cli.MavenCli.main (MavenCli.java:193)
    at sun.reflect.NativeMethodAccessorImpl.invoke0 (Native Method)
    at sun.reflect.NativeMethodAccessorImpl.invoke (NativeMethodAccessorImpl.java:62)
    at sun.reflect.DelegatingMethodAccessorImpl.invoke (DelegatingMethodAccessorImpl.java:43)
    at java.lang.reflect.Method.invoke (Method.java:498)
    at org.codehaus.plexus.classworlds.launcher.Launcher.launchEnhanced (Launcher.java:282)
    at org.codehaus.plexus.classworlds.launcher.Launcher.launch (Launcher.java:225)
    at org.codehaus.plexus.classworlds.launcher.Launcher.mainWithExitCode (Launcher.java:406)
    at org.codehaus.plexus.classworlds.launcher.Launcher.main (Launcher.java:347)
Caused by: org.apache.maven.reporting.MavenReportException: Error while creating report: Error while analyzing /tmp/tmpbd0zxagf/script-executor-task/target/classes/org/apache/commons/validator/CreditCardValidator.class.
    at org.jacoco.maven.AbstractReportMojo.executeReport (AbstractReportMojo.java:184)
    at org.jacoco.maven.AbstractReportMojo.execute (AbstractReportMojo.java:166)
    at org.apache.maven.plugin.DefaultBuildPluginManager.executeMojo (DefaultBuildPluginManager.java:137)
    at org.apache.maven.lifecycle.internal.MojoExecutor.execute (MojoExecutor.java:210)
    at org.apache.maven.lifecycle.internal.MojoExecutor.execute (MojoExecutor.java:156)
    at org.apache.maven.lifecycle.internal.MojoExecutor.execute (MojoExecutor.java:148)
    at org.apache.maven.lifecycle.internal.LifecycleModuleBuilder.buildProject (LifecycleModuleBuilder.java:117)
    at org.apache.maven.lifecycle.internal.LifecycleModuleBuilder.buildProject (LifecycleModuleBuilder.java:81)
    at org.apache.maven.lifecycle.internal.builder.singlethreaded.SingleThreadedBuilder.build (SingleThreadedBuilder.java:56)
    at org.apache.maven.lifecycle.internal.LifecycleStarter.execute (LifecycleStarter.java:128)
    at org.apache.maven.DefaultMaven.doExecute (DefaultMaven.java:305)
    at org.apache.maven.DefaultMaven.doExecute (DefaultMaven.java:192)
    at org.apache.maven.DefaultMaven.execute (DefaultMaven.java:105)
    at org.apache.maven.cli.MavenCli.execute (MavenCli.java:957)
    at org.apache.maven.cli.MavenCli.doMain (MavenCli.java:289)
    at org.apache.maven.cli.MavenCli.main (MavenCli.java:193)
    at sun.reflect.NativeMethodAccessorImpl.invoke0 (Native Method)
    at sun.reflect.NativeMethodAccessorImpl.invoke (NativeMethodAccessorImpl.java:62)
    at sun.reflect.DelegatingMethodAccessorImpl.invoke (DelegatingMethodAccessorImpl.java:43)
    at java.lang.reflect.Method.invoke (Method.java:498)
    at org.codehaus.plexus.classworlds.launcher.Launcher.launchEnhanced (Launcher.java:282)
    at org.codehaus.plexus.classworlds.launcher.Launcher.launch (Launcher.java:225)
    at org.codehaus.plexus.classworlds.launcher.Launcher.mainWithExitCode (Launcher.java:406)
    at org.codehaus.plexus.classworlds.launcher.Launcher.main (Launcher.java:347)
Caused by: java.io.IOException: Error while analyzing /tmp/tmpbd0zxagf/script-executor-task/target/classes/org/apache/commons/validator/CreditCardValidator.class.
    at org.jacoco.core.analysis.Analyzer.analyzerError (Analyzer.java:162)
    at org.jacoco.core.analysis.Analyzer.analyzeClass (Analyzer.java:134)
    at org.jacoco.core.analysis.Analyzer.analyzeClass (Analyzer.java:157)
    at org.jacoco.core.analysis.Analyzer.analyzeAll (Analyzer.java:193)
    at org.jacoco.core.analysis.Analyzer.analyzeAll (Analyzer.java:226)
    at org.jacoco.maven.ReportSupport.processProject (ReportSupport.java:202)
    at org.jacoco.maven.ReportSupport.processProject (ReportSupport.java:185)
    at org.jacoco.maven.ReportMojo.createReport (ReportMojo.java:74)
    at org.jacoco.maven.AbstractReportMojo.executeReport (AbstractReportMojo.java:181)
    at org.jacoco.maven.AbstractReportMojo.execute (AbstractReportMojo.java:166)
    at org.apache.maven.plugin.DefaultBuildPluginManager.executeMojo (DefaultBuildPluginManager.java:137)
    at org.apache.maven.lifecycle.internal.MojoExecutor.execute (MojoExecutor.java:210)
    at org.apache.maven.lifecycle.internal.MojoExecutor.execute (MojoExecutor.java:156)
    at org.apache.maven.lifecycle.internal.MojoExecutor.execute (MojoExecutor.java:148)
    at org.apache.maven.lifecycle.internal.LifecycleModuleBuilder.buildProject (LifecycleModuleBuilder.java:117)
    at org.apache.maven.lifecycle.internal.LifecycleModuleBuilder.buildProject (LifecycleModuleBuilder.java:81)
    at org.apache.maven.lifecycle.internal.builder.singlethreaded.SingleThreadedBuilder.build (SingleThreadedBuilder.java:56)
    at org.apache.maven.lifecycle.internal.LifecycleStarter.execute (LifecycleStarter.java:128)
    at org.apache.maven.DefaultMaven.doExecute (DefaultMaven.java:305)
    at org.apache.maven.DefaultMaven.doExecute (DefaultMaven.java:192)
    at org.apache.maven.DefaultMaven.execute (DefaultMaven.java:105)
    at org.apache.maven.cli.MavenCli.execute (MavenCli.java:957)
    at org.apache.maven.cli.MavenCli.doMain (MavenCli.java:289)
    at org.apache.maven.cli.MavenCli.main (MavenCli.java:193)
    at sun.reflect.NativeMethodAccessorImpl.invoke0 (Native Method)
    at sun.reflect.NativeMethodAccessorImpl.invoke (NativeMethodAccessorImpl.java:62)
    at sun.reflect.DelegatingMethodAccessorImpl.invoke (DelegatingMethodAccessorImpl.java:43)
    at java.lang.reflect.Method.invoke (Method.java:498)
    at org.codehaus.plexus.classworlds.launcher.Launcher.launchEnhanced (Launcher.java:282)
    at org.codehaus.plexus.classworlds.launcher.Launcher.launch (Launcher.java:225)
    at org.codehaus.plexus.classworlds.launcher.Launcher.mainWithExitCode (Launcher.java:406)
    at org.codehaus.plexus.classworlds.launcher.Launcher.main (Launcher.java:347)
Caused by: java.lang.IllegalStateException: Can't add different class with same name: org/apache/commons/validator/CreditCardValidator
    at org.jacoco.core.analysis.CoverageBuilder.visitCoverage (CoverageBuilder.java:106)
    at org.jacoco.core.analysis.Analyzer$1.visitEnd (Analyzer.java:99)
    at org.objectweb.asm.ClassVisitor.visitEnd (ClassVisitor.java:326)
    at org.jacoco.core.internal.flow.ClassProbesAdapter.visitEnd (ClassProbesAdapter.java:100)
    at org.objectweb.asm.ClassReader.accept (ClassReader.java:692)
    at org.objectweb.asm.ClassReader.accept (ClassReader.java:400)
    at org.jacoco.core.analysis.Analyzer.analyzeClass (Analyzer.java:116)
    at org.jacoco.core.analysis.Analyzer.analyzeClass (Analyzer.java:132)
    at org.jacoco.core.analysis.Analyzer.analyzeClass (Analyzer.java:157)
    at org.jacoco.core.analysis.Analyzer.analyzeAll (Analyzer.java:193)
    at org.jacoco.core.analysis.Analyzer.analyzeAll (Analyzer.java:226)
    at org.jacoco.maven.ReportSupport.processProject (ReportSupport.java:202)
    at org.jacoco.maven.ReportSupport.processProject (ReportSupport.java:185)
    at org.jacoco.maven.ReportMojo.createReport (ReportMojo.java:74)
    at org.jacoco.maven.AbstractReportMojo.executeReport (AbstractReportMojo.java:181)
    at org.jacoco.maven.AbstractReportMojo.execute (AbstractReportMojo.java:166)
    at org.apache.maven.plugin.DefaultBuildPluginManager.executeMojo (DefaultBuildPluginManager.java:137)
    at org.apache.maven.lifecycle.internal.MojoExecutor.execute (MojoExecutor.java:210)
    at org.apache.maven.lifecycle.internal.MojoExecutor.execute (MojoExecutor.java:156)
    at org.apache.maven.lifecycle.internal.MojoExecutor.execute (MojoExecutor.java:148)
    at org.apache.maven.lifecycle.internal.LifecycleModuleBuilder.buildProject (LifecycleModuleBuilder.java:117)
    at org.apache.maven.lifecycle.internal.LifecycleModuleBuilder.buildProject (LifecycleModuleBuilder.java:81)
    at org.apache.maven.lifecycle.internal.builder.singlethreaded.SingleThreadedBuilder.build (SingleThreadedBuilder.java:56)
    at org.apache.maven.lifecycle.internal.LifecycleStarter.execute (LifecycleStarter.java:128)
    at org.apache.maven.DefaultMaven.doExecute (DefaultMaven.java:305)
    at org.apache.maven.DefaultMaven.doExecute (DefaultMaven.java:192)
    at org.apache.maven.DefaultMaven.execute (DefaultMaven.java:105)
    at org.apache.maven.cli.MavenCli.execute (MavenCli.java:957)
    at org.apache.maven.cli.MavenCli.doMain (MavenCli.java:289)
    at org.apache.maven.cli.MavenCli.main (MavenCli.java:193)
    at sun.reflect.NativeMethodAccessorImpl.invoke0 (Native Method)
    at sun.reflect.NativeMethodAccessorImpl.invoke (NativeMethodAccessorImpl.java:62)
    at sun.reflect.DelegatingMethodAccessorImpl.invoke (DelegatingMethodAccessorImpl.java:43)
    at java.lang.reflect.Method.invoke (Method.java:498)
    at org.codehaus.plexus.classworlds.launcher.Launcher.launchEnhanced (Launcher.java:282)
    at org.codehaus.plexus.classworlds.launcher.Launcher.launch (Launcher.java:225)
    at org.codehaus.plexus.classworlds.launcher.Launcher.mainWithExitCode (Launcher.java:406)
    at org.codehaus.plexus.classworlds.launcher.Launcher.main (Launcher.java:347)
[ERROR] 
[ERROR] Re-run Maven using the -X switch to enable full debug logging.
[ERROR] 
[ERROR] For more information about the errors and possible solutions, please read the following articles:
[ERROR] [Help 1] http://cwiki.apache.org/confluence/display/MAVEN/MojoExecutionException
[INFO] Build failures were ignored.
