[INFO] Error stacktraces are turned on.
[INFO] Scanning for projects...
[INFO] 
[INFO] -------------< org.mutabilitydetector:MutabilityDetector >--------------
[INFO] Building MutabilityDetector 0.10.4-SNAPSHOT
[INFO] --------------------------------[ jar ]---------------------------------
[INFO] 
[INFO] --- jacoco-maven-plugin:0.8.5:prepare-agent (default) @ MutabilityDetector ---
[INFO] argLine set to -javaagent:/home/jdbl/.m2/repository/org/jacoco/org.jacoco.agent/0.8.5/org.jacoco.agent-0.8.5-runtime.jar=destfile=/tmp/tmp_gvkzy88/MutabilityDetector/target/jacoco.exec
[INFO] 
[INFO] --- build-helper-maven-plugin:3.1.0:add-test-source (default) @ MutabilityDetector ---
[INFO] Test Source directory: /tmp/tmp_gvkzy88/MutabilityDetector/src/test/benchmarks added.
[INFO] 
[INFO] --- license-maven-plugin:2.0.0:update-file-header (first) @ MutabilityDetector ---
[INFO] Adding a license repository jar:file:/home/jdbl/.m2/repository/org/codehaus/mojo/license-maven-plugin/2.0.0/license-maven-plugin-2.0.0.jar!/META-INF/licenses
[INFO] register COMMON DEVELOPMENT AND DISTRIBUTION LICENSE (CDDL) Version 1.0
[INFO] register GNU General Public License (GPL) version 3.0
[INFO] register MIT-License
[INFO] register GNU General Public License (GPL) version 2.0
[INFO] register GNU General Public License (GPL) version 1.0
[INFO] register GNU Free Documentation License (FDL) version 1.3
[INFO] register Eclipse Public License - v 2.0 with Secondary License
[INFO] register Eclipse Public + Distribution License - v 1.0
[INFO] register Eclipse Public License - v 2.0
[INFO] register Eclipse Public License - v 1.0
[INFO] register GNU Affero General Public License (AGPL) version 3.0
[INFO] register GNU General Lesser Public License (LGPL) version 3.0
[INFO] register GNU General Lesser Public License (LGPL) version 2.1
[INFO] register Apache License version 2.0
[INFO] register European Union Public License v1.1
[INFO] register BSD 3-Clause License
[INFO] register BSD 2-Clause License
[INFO] Will search files to update from root /tmp/tmp_gvkzy88/MutabilityDetector/src/main/java
[INFO] Will search files to update from root /tmp/tmp_gvkzy88/MutabilityDetector/src/test/java
[INFO] Scan 214 files header done in 251.252ms.
[INFO] All files are up-to-date.
[INFO] 
[INFO] --- maven-resources-plugin:2.6:resources (default-resources) @ MutabilityDetector ---
[INFO] Using 'UTF-8' encoding to copy filtered resources.
[INFO] skip non existing resourceDirectory /tmp/tmp_gvkzy88/MutabilityDetector/src/main/resources
[INFO] 
[INFO] --- maven-compiler-plugin:3.8.1:compile (default-compile) @ MutabilityDetector ---
[INFO] Changes detected - recompiling the module!
[INFO] Compiling 132 source files to /tmp/tmp_gvkzy88/MutabilityDetector/target/classes
[INFO] /tmp/tmp_gvkzy88/MutabilityDetector/src/main/java/org/mutabilitydetector/cli/CommandLineOptions.java: Some input files use or override a deprecated API.
[INFO] /tmp/tmp_gvkzy88/MutabilityDetector/src/main/java/org/mutabilitydetector/cli/CommandLineOptions.java: Recompile with -Xlint:deprecation for details.
[INFO] /tmp/tmp_gvkzy88/MutabilityDetector/src/main/java/org/mutabilitydetector/unittesting/MutabilityAsserter.java: Some input files use unchecked or unsafe operations.
[INFO] /tmp/tmp_gvkzy88/MutabilityDetector/src/main/java/org/mutabilitydetector/unittesting/MutabilityAsserter.java: Recompile with -Xlint:unchecked for details.
[INFO] 
[INFO] --- maven-resources-plugin:2.6:testResources (default-testResources) @ MutabilityDetector ---
[INFO] Using 'UTF-8' encoding to copy filtered resources.
[INFO] Copying 1 resource
[INFO] 
[INFO] --- maven-compiler-plugin:3.8.1:testCompile (default-testCompile) @ MutabilityDetector ---
[INFO] Changes detected - recompiling the module!
[INFO] Compiling 168 source files to /tmp/tmp_gvkzy88/MutabilityDetector/target/test-classes
[INFO] /tmp/tmp_gvkzy88/MutabilityDetector/src/test/java/org/mutabilitydetector/checkers/info/MutableTypeInformationTest.java: Some input files use or override a deprecated API.
[INFO] /tmp/tmp_gvkzy88/MutabilityDetector/src/test/java/org/mutabilitydetector/checkers/info/MutableTypeInformationTest.java: Recompile with -Xlint:deprecation for details.
[INFO] /tmp/tmp_gvkzy88/MutabilityDetector/src/test/java/org/mutabilitydetector/ErrorLocationTest.java: /tmp/tmp_gvkzy88/MutabilityDetector/src/test/java/org/mutabilitydetector/ErrorLocationTest.java uses unchecked or unsafe operations.
[INFO] /tmp/tmp_gvkzy88/MutabilityDetector/src/test/java/org/mutabilitydetector/ErrorLocationTest.java: Recompile with -Xlint:unchecked for details.
[INFO] 
[INFO] --- maven-surefire-plugin:2.19.1:test (default-test) @ MutabilityDetector ---
[INFO] Surefire report directory: /tmp/tmp_gvkzy88/MutabilityDetector/target/surefire-reports

-------------------------------------------------------
 T E S T S
-------------------------------------------------------
Running org.mutabilitydetector.ConfigurationTest
Tests run: 1, Failures: 0, Errors: 0, Skipped: 0, Time elapsed: 0.375 sec - in org.mutabilitydetector.ConfigurationTest
Running org.mutabilitydetector.unittesting.matchers.IsImmutableMatcherTest
Tests run: 3, Failures: 0, Errors: 0, Skipped: 0, Time elapsed: 0 sec - in org.mutabilitydetector.unittesting.matchers.IsImmutableMatcherTest
Running org.mutabilitydetector.unittesting.matchers.reasons.AssumeCopiedIntoUnmodifiableTest
Tests run: 2, Failures: 0, Errors: 0, Skipped: 0, Time elapsed: 0 sec - in org.mutabilitydetector.unittesting.matchers.reasons.AssumeCopiedIntoUnmodifiableTest
Running org.mutabilitydetector.unittesting.matchers.reasons.ProvidedOtherClassTest
Tests run: 10, Failures: 0, Errors: 0, Skipped: 0, Time elapsed: 0.406 sec - in org.mutabilitydetector.unittesting.matchers.reasons.ProvidedOtherClassTest
Running org.mutabilitydetector.unittesting.matchers.reasons.AssumingArrayFieldsTest
Tests run: 5, Failures: 0, Errors: 0, Skipped: 0, Time elapsed: 0.566 sec - in org.mutabilitydetector.unittesting.matchers.reasons.AssumingArrayFieldsTest
Running org.mutabilitydetector.unittesting.matchers.reasons.AllowingNonFinalFieldsTest
Tests run: 2, Failures: 0, Errors: 0, Skipped: 0, Time elapsed: 0.006 sec - in org.mutabilitydetector.unittesting.matchers.reasons.AllowingNonFinalFieldsTest
Running org.mutabilitydetector.unittesting.matchers.reasons.FieldAssumptionsTest
Tests run: 8, Failures: 0, Errors: 0, Skipped: 0, Time elapsed: 1.326 sec - in org.mutabilitydetector.unittesting.matchers.reasons.FieldAssumptionsTest
Running org.mutabilitydetector.unittesting.matchers.reasons.AllowingForSubclassingTest
Tests run: 3, Failures: 0, Errors: 0, Skipped: 0, Time elapsed: 0 sec - in org.mutabilitydetector.unittesting.matchers.reasons.AllowingForSubclassingTest
Running org.mutabilitydetector.unittesting.matchers.reasons.WithAllowedReasonsMatcherTest
Tests run: 8, Failures: 0, Errors: 0, Skipped: 0, Time elapsed: 1.777 sec - in org.mutabilitydetector.unittesting.matchers.reasons.WithAllowedReasonsMatcherTest
Running org.mutabilitydetector.unittesting.clientusage.MutabilityAssertTest
Tests run: 26, Failures: 0, Errors: 0, Skipped: 0, Time elapsed: 0.263 sec - in org.mutabilitydetector.unittesting.clientusage.MutabilityAssertTest
Running org.mutabilitydetector.unittesting.AllowedReasonTest
Tests run: 6, Failures: 0, Errors: 0, Skipped: 0, Time elapsed: 0.006 sec - in org.mutabilitydetector.unittesting.AllowedReasonTest
Running org.mutabilitydetector.unittesting.internal.AssertionReporterTest
Tests run: 5, Failures: 0, Errors: 0, Skipped: 0, Time elapsed: 0 sec - in org.mutabilitydetector.unittesting.internal.AssertionReporterTest
Running org.mutabilitydetector.GuavaPrimitiveArrayTypesTest
Tests run: 3, Failures: 0, Errors: 0, Skipped: 0, Time elapsed: 0.056 sec - in org.mutabilitydetector.GuavaPrimitiveArrayTypesTest
Running org.mutabilitydetector.MutabilityReasonTest
Tests run: 3, Failures: 0, Errors: 0, Skipped: 0, Time elapsed: 0.004 sec - in org.mutabilitydetector.MutabilityReasonTest
Running org.mutabilitydetector.MutabilityCheckerTest
Tests run: 14, Failures: 0, Errors: 0, Skipped: 0, Time elapsed: 0.154 sec - in org.mutabilitydetector.MutabilityCheckerTest
Running org.mutabilitydetector.WellKnownJavaTypesTest
Tests run: 13, Failures: 0, Errors: 0, Skipped: 0, Time elapsed: 0.913 sec - in org.mutabilitydetector.WellKnownJavaTypesTest
Running org.mutabilitydetector.checkers.MethodIsTest
Tests run: 1, Failures: 0, Errors: 0, Skipped: 0, Time elapsed: 0.001 sec - in org.mutabilitydetector.checkers.MethodIsTest
Running org.mutabilitydetector.checkers.UnhandledExceptionBuilderTest
Tests run: 5, Failures: 0, Errors: 0, Skipped: 0, Time elapsed: 0.405 sec - in org.mutabilitydetector.checkers.UnhandledExceptionBuilderTest
Running org.mutabilitydetector.checkers.CheckerRunnerTest
Tests run: 7, Failures: 0, Errors: 0, Skipped: 0, Time elapsed: 0.306 sec - in org.mutabilitydetector.checkers.CheckerRunnerTest
Running org.mutabilitydetector.checkers.util.TypeStructureInformationAnalyserTest
Tests run: 4, Failures: 0, Errors: 0, Skipped: 0, Time elapsed: 0.11 sec - in org.mutabilitydetector.checkers.util.TypeStructureInformationAnalyserTest
Running org.mutabilitydetector.checkers.util.AnalysisDatabaseTest
Tests run: 4, Failures: 0, Errors: 0, Skipped: 0, Time elapsed: 0.175 sec - in org.mutabilitydetector.checkers.util.AnalysisDatabaseTest
Running org.mutabilitydetector.checkers.util.PrivateMethodInvocationInformationTest
Tests run: 2, Failures: 0, Errors: 0, Skipped: 0, Time elapsed: 0.068 sec - in org.mutabilitydetector.checkers.util.PrivateMethodInvocationInformationTest
Running org.mutabilitydetector.checkers.util.PrivateMethodInvocationAnalyserTest
Tests run: 2, Failures: 0, Errors: 0, Skipped: 0, Time elapsed: 0.047 sec - in org.mutabilitydetector.checkers.util.PrivateMethodInvocationAnalyserTest
Running org.mutabilitydetector.checkers.util.StackPushingOpcodesTest
Tests run: 2, Failures: 0, Errors: 0, Skipped: 0, Time elapsed: 0.002 sec - in org.mutabilitydetector.checkers.util.StackPushingOpcodesTest
Running org.mutabilitydetector.checkers.ResultCalculatorTest
Tests run: 3, Failures: 0, Errors: 0, Skipped: 0, Time elapsed: 0.015 sec - in org.mutabilitydetector.checkers.ResultCalculatorTest
Running org.mutabilitydetector.checkers.hint.WrappingHintGeneratorTest
Tests run: 7, Failures: 0, Errors: 0, Skipped: 0, Time elapsed: 0.011 sec - in org.mutabilitydetector.checkers.hint.WrappingHintGeneratorTest
Running org.mutabilitydetector.checkers.AccessModifierQueryTest
Tests run: 10, Failures: 0, Errors: 0, Skipped: 0, Time elapsed: 0.027 sec - in org.mutabilitydetector.checkers.AccessModifierQueryTest
Running org.mutabilitydetector.checkers.CollectionFieldTest
Tests run: 9, Failures: 0, Errors: 0, Skipped: 1, Time elapsed: 0.015 sec - in org.mutabilitydetector.checkers.CollectionFieldTest
Running org.mutabilitydetector.checkers.CollectionTypeWrappedInUnmodifiableIdiomCheckerTest
Tests run: 16, Failures: 0, Errors: 0, Skipped: 0, Time elapsed: 0.106 sec - in org.mutabilitydetector.checkers.CollectionTypeWrappedInUnmodifiableIdiomCheckerTest
Running org.mutabilitydetector.checkers.info.MutableTypeInformationTest
Tests run: 5, Failures: 0, Errors: 0, Skipped: 0, Time elapsed: 0.468 sec - in org.mutabilitydetector.checkers.info.MutableTypeInformationTest
Running org.mutabilitydetector.checkers.info.TypeStructureInformationTest
Tests run: 4, Failures: 0, Errors: 0, Skipped: 0, Time elapsed: 0.115 sec - in org.mutabilitydetector.checkers.info.TypeStructureInformationTest
Running org.mutabilitydetector.ConfigurationBuilderTest
Tests run: 8, Failures: 0, Errors: 0, Skipped: 0, Time elapsed: 0.141 sec - in org.mutabilitydetector.ConfigurationBuilderTest
Running org.mutabilitydetector.AnalysisResultTest
Tests run: 6, Failures: 0, Errors: 0, Skipped: 0, Time elapsed: 0.002 sec - in org.mutabilitydetector.AnalysisResultTest
Running org.mutabilitydetector.AnalysisSessionTest
Tests run: 2, Failures: 0, Errors: 0, Skipped: 0, Time elapsed: 0.064 sec - in org.mutabilitydetector.AnalysisSessionTest
Running org.mutabilitydetector.ErrorLocationTest
Tests run: 1, Failures: 0, Errors: 0, Skipped: 1, Time elapsed: 0 sec - in org.mutabilitydetector.ErrorLocationTest
Running org.mutabilitydetector.ClassPathScannerTest
[main] INFO org.reflections.Reflections - Reflections took 457 ms to scan 3 urls, producing 78 keys and 249 values 
Tests run: 1, Failures: 0, Errors: 0, Skipped: 0, Time elapsed: 0.606 sec - in org.mutabilitydetector.ClassPathScannerTest
Running org.mutabilitydetector.MutableReasonDetailTest
Tests run: 3, Failures: 0, Errors: 0, Skipped: 0, Time elapsed: 0.003 sec - in org.mutabilitydetector.MutableReasonDetailTest
Running org.mutabilitydetector.cli.CommandLineOptionsTest
Tests run: 13, Failures: 0, Errors: 0, Skipped: 0, Time elapsed: 0.049 sec - in org.mutabilitydetector.cli.CommandLineOptionsTest
Running org.mutabilitydetector.cli.ClassListToReportReaderTest
Tests run: 2, Failures: 0, Errors: 0, Skipped: 0, Time elapsed: 0.22 sec - in org.mutabilitydetector.cli.ClassListToReportReaderTest
Running org.mutabilitydetector.cli.BatchAnalysisSessionTest
Tests run: 1, Failures: 0, Errors: 0, Skipped: 0, Time elapsed: 0.009 sec - in org.mutabilitydetector.cli.BatchAnalysisSessionTest
Running org.mutabilitydetector.cli.SessionResultsFormatterTest
Tests run: 3, Failures: 0, Errors: 0, Skipped: 0, Time elapsed: 0.161 sec - in org.mutabilitydetector.cli.SessionResultsFormatterTest
Running org.mutabilitydetector.cli.NamesFromClassResourcesTest
Tests run: 2, Failures: 0, Errors: 0, Skipped: 0, Time elapsed: 0.006 sec - in org.mutabilitydetector.cli.NamesFromClassResourcesTest
Running org.mutabilitydetector.cli.ClassListReaderFactoryTest
Tests run: 2, Failures: 0, Errors: 0, Skipped: 0, Time elapsed: 0.007 sec - in org.mutabilitydetector.cli.ClassListReaderFactoryTest
Running org.mutabilitydetector.benchmarks.inheritance.TestSubclassingOfImmutableType
Tests run: 4, Failures: 0, Errors: 0, Skipped: 0, Time elapsed: 0.015 sec - in org.mutabilitydetector.benchmarks.inheritance.TestSubclassingOfImmutableType
Running org.mutabilitydetector.benchmarks.inheritance.TestSubclassingOfMutableType
Tests run: 6, Failures: 0, Errors: 0, Skipped: 0, Time elapsed: 0.011 sec - in org.mutabilitydetector.benchmarks.inheritance.TestSubclassingOfMutableType
Running org.mutabilitydetector.benchmarks.escapedthis.EscapedThisReferenceCheckerTest
Tests run: 13, Failures: 0, Errors: 0, Skipped: 1, Time elapsed: 0.72 sec - in org.mutabilitydetector.benchmarks.escapedthis.EscapedThisReferenceCheckerTest
Running org.mutabilitydetector.benchmarks.PublishedNonFinalFieldCheckerTest
Tests run: 6, Failures: 0, Errors: 0, Skipped: 0, Time elapsed: 0.121 sec - in org.mutabilitydetector.benchmarks.PublishedNonFinalFieldCheckerTest
Running org.mutabilitydetector.benchmarks.visibility.NonFinalFieldsCheckerTest
Tests run: 3, Failures: 0, Errors: 0, Skipped: 0, Time elapsed: 0.071 sec - in org.mutabilitydetector.benchmarks.visibility.NonFinalFieldsCheckerTest
Running org.mutabilitydetector.benchmarks.cyclic.CyclicReferenceAnalysisOfBothImmutableTest
Tests run: 3, Failures: 0, Errors: 0, Skipped: 0, Time elapsed: 0.067 sec - in org.mutabilitydetector.benchmarks.cyclic.CyclicReferenceAnalysisOfBothImmutableTest
Running org.mutabilitydetector.benchmarks.cyclic.CyclicReferenceAnalysisTest
Tests run: 7, Failures: 0, Errors: 0, Skipped: 0, Time elapsed: 0.037 sec - in org.mutabilitydetector.benchmarks.cyclic.CyclicReferenceAnalysisTest
Running org.mutabilitydetector.benchmarks.InherentTypeMutabilityCheckerTest
Tests run: 5, Failures: 0, Errors: 0, Skipped: 0, Time elapsed: 0.304 sec - in org.mutabilitydetector.benchmarks.InherentTypeMutabilityCheckerTest
Running org.mutabilitydetector.benchmarks.settermethod.SetterMethodCheckerTest
Tests run: 17, Failures: 0, Errors: 0, Skipped: 0, Time elapsed: 1.356 sec - in org.mutabilitydetector.benchmarks.settermethod.SetterMethodCheckerTest
Running org.mutabilitydetector.benchmarks.CollectionWithMutableElementTypeToFieldCheckerTest
Tests run: 10, Failures: 0, Errors: 0, Skipped: 1, Time elapsed: 0.328 sec - in org.mutabilitydetector.benchmarks.CollectionWithMutableElementTypeToFieldCheckerTest
Running org.mutabilitydetector.benchmarks.CanSubclassCheckerTest
Tests run: 6, Failures: 0, Errors: 0, Skipped: 0, Time elapsed: 0.201 sec - in org.mutabilitydetector.benchmarks.CanSubclassCheckerTest
Running org.mutabilitydetector.benchmarks.StackOverflowInAnalysisTest
Tests run: 6, Failures: 0, Errors: 0, Skipped: 0, Time elapsed: 0.158 sec - in org.mutabilitydetector.benchmarks.StackOverflowInAnalysisTest
Running org.mutabilitydetector.benchmarks.mutabletofield.array.ArrayFieldMutabilityCheckerTest
Tests run: 4, Failures: 0, Errors: 0, Skipped: 1, Time elapsed: 0.132 sec - in org.mutabilitydetector.benchmarks.mutabletofield.array.ArrayFieldMutabilityCheckerTest
Running org.mutabilitydetector.benchmarks.mutabletofield.MutableTypeToFieldCheckerTest
Tests run: 22, Failures: 0, Errors: 0, Skipped: 0, Time elapsed: 2.134 sec - in org.mutabilitydetector.benchmarks.mutabletofield.MutableTypeToFieldCheckerTest
Running org.mutabilitydetector.locations.ClassLocationTest
Tests run: 4, Failures: 0, Errors: 0, Skipped: 0, Time elapsed: 0 sec - in org.mutabilitydetector.locations.ClassLocationTest
Running org.mutabilitydetector.locations.FieldLocationTest
Tests run: 3, Failures: 0, Errors: 0, Skipped: 0, Time elapsed: 0.002 sec - in org.mutabilitydetector.locations.FieldLocationTest
Running org.mutabilitydetector.locations.DottedTest
Tests run: 3, Failures: 0, Errors: 3, Skipped: 0, Time elapsed: 0.041 sec <<< FAILURE! - in org.mutabilitydetector.locations.DottedTest
boundedParameterisedFieldTypesExtracted(org.mutabilitydetector.locations.DottedTest)  Time elapsed: 0.016 sec  <<< ERROR!
java.lang.NullPointerException
	at org.mutabilitydetector.locations.DottedTest.assertAsmTypesMatcheReflection(DottedTest.java:158)
	at org.mutabilitydetector.locations.DottedTest.boundedParameterisedFieldTypesExtracted(DottedTest.java:135)

simplePojoFieldTypesExtracted(org.mutabilitydetector.locations.DottedTest)  Time elapsed: 0.012 sec  <<< ERROR!
java.lang.NullPointerException
	at org.mutabilitydetector.locations.DottedTest.assertAsmTypesMatcheReflection(DottedTest.java:158)
	at org.mutabilitydetector.locations.DottedTest.simplePojoFieldTypesExtracted(DottedTest.java:79)

parameterisedFieldTypesExtracted(org.mutabilitydetector.locations.DottedTest)  Time elapsed: 0.013 sec  <<< ERROR!
java.lang.NullPointerException
	at org.mutabilitydetector.locations.DottedTest.assertAsmTypesMatcheReflection(DottedTest.java:158)
	at org.mutabilitydetector.locations.DottedTest.parameterisedFieldTypesExtracted(DottedTest.java:107)

Running org.mutabilitydetector.locations.ClassNameConverterTest
Tests run: 8, Failures: 0, Errors: 0, Skipped: 0, Time elapsed: 0 sec - in org.mutabilitydetector.locations.ClassNameConverterTest
Running org.mutabilitydetector.MutabilityAsserterTest
Tests run: 4, Failures: 0, Errors: 0, Skipped: 0, Time elapsed: 0.038 sec - in org.mutabilitydetector.MutabilityAsserterTest

Results :

Tests in error: 
  DottedTest.boundedParameterisedFieldTypesExtracted:135->assertAsmTypesMatcheReflection:158 NullPointer
  DottedTest.parameterisedFieldTypesExtracted:107->assertAsmTypesMatcheReflection:158 NullPointer
  DottedTest.simplePojoFieldTypesExtracted:79->assertAsmTypesMatcheReflection:158 NullPointer

Tests run: 371, Failures: 0, Errors: 3, Skipped: 5

[ERROR] There are test failures.

Please refer to /tmp/tmp_gvkzy88/MutabilityDetector/target/surefire-reports for the individual test results.
[INFO] 
[INFO] --- jacoco-maven-plugin:0.8.5:report (report) @ MutabilityDetector ---
[INFO] Loading execution data file /tmp/tmp_gvkzy88/MutabilityDetector/target/jacoco.exec
[INFO] Analyzed bundle 'MutabilityDetector' with 981 classes
[INFO] ------------------------------------------------------------------------
[INFO] BUILD SUCCESS
[INFO] ------------------------------------------------------------------------
[INFO] Total time:  32.401 s
[INFO] Finished at: 2020-07-30T22:06:38Z
[INFO] ------------------------------------------------------------------------
