<?xml version="1.0" encoding="UTF-8"?>
<testsuite xmlns:xsi="http://www.w3.org/2001/XMLSchema-instance" xsi:schemaLocation="https://maven.apache.org/surefire/maven-surefire-plugin/xsd/surefire-test-report.xsd" name="org.makersoft.shards.unit.transaction.MultipleDataSourcesTransactionManagerTests" time="1.416" tests="1" errors="1" skipped="0" failures="0">
  <properties>
    <property name="java.runtime.name" value="OpenJDK Runtime Environment"/>
    <property name="sun.boot.library.path" value="/usr/local/openjdk-8/jre/lib/amd64"/>
    <property name="java.vm.version" value="25.262-b10"/>
    <property name="animal.sniffer.skip" value="true"/>
    <property name="java.vm.vendor" value="Oracle Corporation"/>
    <property name="maven.multiModuleProjectDirectory" value="/tmp/tmpwb9km5zk/mybatis-shards"/>
    <property name="maven.javadoc.skip" value="true"/>
    <property name="java.vendor.url" value="http://java.oracle.com/"/>
    <property name="path.separator" value=":"/>
    <property name="guice.disable.misplaced.annotation.check" value="true"/>
    <property name="java.vm.name" value="OpenJDK 64-Bit Server VM"/>
    <property name="file.encoding.pkg" value="sun.io"/>
    <property name="sun.java.launcher" value="SUN_STANDARD"/>
    <property name="sun.os.patch.level" value="unknown"/>
    <property name="source.skip" value="true"/>
    <property name="java.vm.specification.name" value="Java Virtual Machine Specification"/>
    <property name="user.dir" value="/tmp/tmpwb9km5zk/mybatis-shards"/>
    <property name="java.runtime.version" value="1.8.0_262-b10"/>
    <property name="java.awt.graphicsenv" value="sun.awt.X11GraphicsEnvironment"/>
    <property name="java.endorsed.dirs" value="/usr/local/openjdk-8/jre/lib/endorsed"/>
    <property name="os.arch" value="amd64"/>
    <property name="java.io.tmpdir" value="/tmp"/>
    <property name="line.separator" value="&#10;"/>
    <property name="java.vm.specification.vendor" value="Oracle Corporation"/>
    <property name="os.name" value="Linux"/>
    <property name="classworlds.conf" value="/usr/share/maven/bin/m2.conf"/>
    <property name="sun.jnu.encoding" value="UTF-8"/>
    <property name="java.library.path" value="/usr/java/packages/lib/amd64:/usr/lib64:/lib64:/lib:/usr/lib"/>
    <property name="license.skip" value="true"/>
    <property name="maven.conf" value="/usr/share/maven/conf"/>
    <property name="java.specification.name" value="Java Platform API Specification"/>
    <property name="java.class.version" value="52.0"/>
    <property name="sun.management.compiler" value="HotSpot 64-Bit Tiered Compilers"/>
    <property name="maven.test.failure.ignore" value="true"/>
    <property name="os.version" value="4.15.0-109-generic"/>
    <property name="library.jansi.path" value="/usr/share/maven/lib/jansi-native"/>
    <property name="user.home" value="/home/jdbl"/>
    <property name="user.timezone" value="Etc/UTC"/>
    <property name="java.awt.printerjob" value="sun.print.PSPrinterJob"/>
    <property name="java.specification.version" value="1.8"/>
    <property name="file.encoding" value="UTF-8"/>
    <property name="user.name" value="jdbl"/>
    <property name="java.class.path" value="/usr/share/maven/boot/plexus-classworlds-2.6.0.jar"/>
    <property name="java.vm.specification.version" value="1.8"/>
    <property name="sun.arch.data.model" value="64"/>
    <property name="java.home" value="/usr/local/openjdk-8/jre"/>
    <property name="sun.java.command" value="org.codehaus.plexus.classworlds.launcher.Launcher test -e --fail-never -ntp -Dmaven.test.failure.ignore=true -B -Dmaven.javadoc.skip=true -Drat.skip=true -Danimal.sniffer.skip=true -Dmaven.javadoc.skip=true -Dlicense.skip=true -Dsource.skip=true"/>
    <property name="java.specification.vendor" value="Oracle Corporation"/>
    <property name="user.language" value="en"/>
    <property name="awt.toolkit" value="sun.awt.X11.XToolkit"/>
    <property name="java.vm.info" value="mixed mode"/>
    <property name="java.version" value="1.8.0_262"/>
    <property name="java.ext.dirs" value="/usr/local/openjdk-8/jre/lib/ext:/usr/java/packages/lib/ext"/>
    <property name="securerandom.source" value="file:/dev/./urandom"/>
    <property name="sun.boot.class.path" value="/usr/local/openjdk-8/jre/lib/resources.jar:/usr/local/openjdk-8/jre/lib/rt.jar:/usr/local/openjdk-8/jre/lib/sunrsasign.jar:/usr/local/openjdk-8/jre/lib/jsse.jar:/usr/local/openjdk-8/jre/lib/jce.jar:/usr/local/openjdk-8/jre/lib/charsets.jar:/usr/local/openjdk-8/jre/lib/jfr.jar:/usr/local/openjdk-8/jre/classes"/>
    <property name="java.vendor" value="Oracle Corporation"/>
    <property name="rat.skip" value="true"/>
    <property name="maven.home" value="/usr/share/maven"/>
    <property name="file.separator" value="/"/>
    <property name="java.vendor.url.bug" value="http://bugreport.sun.com/bugreport/"/>
    <property name="sun.cpu.endian" value="little"/>
    <property name="sun.io.unicode.encoding" value="UnicodeLittle"/>
    <property name="sun.cpu.isalist" value=""/>
  </properties>
  <testcase name="test_transaction_commit_and_rollback" classname="org.makersoft.shards.unit.transaction.MultipleDataSourcesTransactionManagerTests" time="1.197">
    <error message="StatementCallback; bad SQL grammar [insert into maker_shards_user (id,username,password,age,gender) values (1,&apos;makersoft&apos;,&apos;makersoft&apos;,23,1)]; nested exception is org.h2.jdbc.JdbcSQLException: Table &quot;MAKER_SHARDS_USER&quot; not found; SQL statement:&#10;insert into maker_shards_user (id,username,password,age,gender) values (1,&apos;makersoft&apos;,&apos;makersoft&apos;,23,1) [42102-168]" type="org.springframework.jdbc.BadSqlGrammarException">org.springframework.jdbc.BadSqlGrammarException: 
StatementCallback; bad SQL grammar [insert into maker_shards_user (id,username,password,age,gender) values (1,'makersoft','makersoft',23,1)]; nested exception is org.h2.jdbc.JdbcSQLException: Table "MAKER_SHARDS_USER" not found; SQL statement:
insert into maker_shards_user (id,username,password,age,gender) values (1,'makersoft','makersoft',23,1) [42102-168]
	at org.makersoft.shards.unit.transaction.MultipleDataSourcesTransactionManagerTests.test_transaction_commit_and_rollback(MultipleDataSourcesTransactionManagerTests.java:37)
Caused by: org.h2.jdbc.JdbcSQLException: 
Table "MAKER_SHARDS_USER" not found; SQL statement:
insert into maker_shards_user (id,username,password,age,gender) values (1,'makersoft','makersoft',23,1) [42102-168]
	at org.makersoft.shards.unit.transaction.MultipleDataSourcesTransactionManagerTests.test_transaction_commit_and_rollback(MultipleDataSourcesTransactionManagerTests.java:37)
</error>
    <system-out><![CDATA[ INFO 2020-07-31 05:46:39,677 org.springframework.beans.factory.xml.XmlBeanDefinitionReader: Loading XML bean definitions from URL [file:/tmp/tmpwb9km5zk/mybatis-shards/target/test-classes/applicationContext-tx.xml]
 INFO 2020-07-31 05:46:39,837 org.springframework.context.support.AbstractApplicationContext: Refreshing org.springframework.context.support.GenericApplicationContext@54e81b21: startup date [Fri Jul 31 05:46:39 UTC 2020]; root of context hierarchy
 INFO 2020-07-31 05:46:39,915 org.springframework.core.io.support.PropertiesLoaderSupport: Loading properties file from URL [file:/tmp/tmpwb9km5zk/mybatis-shards/target/test-classes/application.properties]
 INFO 2020-07-31 05:46:39,929 org.springframework.beans.factory.support.DefaultListableBeanFactory: Pre-instantiating singletons in org.springframework.beans.factory.support.DefaultListableBeanFactory@5a97b17c: defining beans [org.springframework.context.annotation.internalConfigurationAnnotationProcessor,org.springframework.context.annotation.internalAutowiredAnnotationProcessor,org.springframework.context.annotation.internalRequiredAnnotationProcessor,org.springframework.context.annotation.internalCommonAnnotationProcessor,multiDataSourcesTransactionManager,jdbcTemplate_1,jdbcTemplate_2,org.springframework.context.support.PropertySourcesPlaceholderConfigurer#0,dataSource_1,dataSource_2,lazyConnectionDataSource_1,lazyConnectionDataSource_2,org.springframework.context.annotation.ConfigurationClassPostProcessor.importAwareProcessor]; root of factory hierarchy
 INFO 2020-07-31 05:46:40,573 org.springframework.test.context.transaction.TransactionalTestExecutionListener: Began transaction (1): transaction manager [org.makersoft.shards.transaction.MultiDataSourcesTransactionManager@d140627]; rollback [true]
 INFO 2020-07-31 05:46:40,666 org.springframework.beans.factory.xml.XmlBeanDefinitionReader: Loading XML bean definitions from class path resource [org/springframework/jdbc/support/sql-error-codes.xml]
 INFO 2020-07-31 05:46:40,700 org.springframework.jdbc.support.SQLErrorCodesFactory: SQLErrorCodes loaded: [DB2, Derby, H2, HSQL, Informix, MS-SQL, MySQL, Oracle, PostgreSQL, Sybase]
 INFO 2020-07-31 05:46:40,705 org.makersoft.shards.transaction.MultiDataSourcesTransactionManager: Roll back JDBC transaction success
 INFO 2020-07-31 05:46:40,761 org.makersoft.shards.transaction.MultiDataSourcesTransactionManager: Roll back JDBC transaction success
 INFO 2020-07-31 05:46:40,761 org.springframework.test.context.transaction.TransactionalTestExecutionListener: Rolled back transaction after test execution for test context [TestContext@5e8f1db2 testClass = MultipleDataSourcesTransactionManagerTests, testInstance = org.makersoft.shards.unit.transaction.MultipleDataSourcesTransactionManagerTests@64bb6ba7, testMethod = test_transaction_commit_and_rollback@MultipleDataSourcesTransactionManagerTests, testException = org.springframework.jdbc.BadSqlGrammarException: StatementCallback; bad SQL grammar [insert into maker_shards_user (id,username,password,age,gender) values (1,'makersoft','makersoft',23,1)]; nested exception is org.h2.jdbc.JdbcSQLException: Table "MAKER_SHARDS_USER" not found; SQL statement:
insert into maker_shards_user (id,username,password,age,gender) values (1,'makersoft','makersoft',23,1) [42102-168], mergedContextConfiguration = [MergedContextConfiguration@571360b2 testClass = MultipleDataSourcesTransactionManagerTests, locations = '{classpath*:applicationContext-tx.xml}', classes = '{}', contextInitializerClasses = '[]', activeProfiles = '{}', contextLoader = 'org.springframework.test.context.support.DelegatingSmartContextLoader', parent = [null]]]
]]></system-out>
  </testcase>
</testsuite>