[INFO] Error stacktraces are turned on.
[INFO] Scanning for projects...
[INFO] 
[INFO] ----------------------------< org.jbei:ice >----------------------------
[INFO] Building ice 5.7.2
[INFO] --------------------------------[ war ]---------------------------------
[INFO] 
[INFO] --- jacoco-maven-plugin:0.8.5:prepare-agent (default) @ ice ---
[INFO] argLine set to -javaagent:/home/jdbl/.m2/repository/org/jacoco/org.jacoco.agent/0.8.5/org.jacoco.agent-0.8.5-runtime.jar=destfile=/tmp/tmp5xbepabu/ice/target/jacoco.exec
[INFO] 
[INFO] --- maven-resources-plugin:2.6:resources (default-resources) @ ice ---
[INFO] Using 'UTF-8' encoding to copy filtered resources.
[INFO] Copying 2 resources
[INFO] Copying 0 resource
[INFO] 
[INFO] --- maven-compiler-plugin:3.8.1:compile (default-compile) @ ice ---
[INFO] Changes detected - recompiling the module!
[INFO] Compiling 424 source files to /tmp/tmp5xbepabu/ice/target
[INFO] /tmp/tmp5xbepabu/ice/src/main/java/org/jbei/ice/lib/bulkupload/BulkFileSBOLUpload.java: Some input files use or override a deprecated API.
[INFO] /tmp/tmp5xbepabu/ice/src/main/java/org/jbei/ice/lib/bulkupload/BulkFileSBOLUpload.java: Recompile with -Xlint:deprecation for details.
[INFO] 
[INFO] --- maven-resources-plugin:2.6:testResources (default-testResources) @ ice ---
[INFO] Using 'UTF-8' encoding to copy filtered resources.
[INFO] Copying 0 resource
[INFO] 
[INFO] --- maven-compiler-plugin:3.8.1:testCompile (default-testCompile) @ ice ---
[INFO] Changes detected - recompiling the module!
[INFO] Compiling 48 source files to /tmp/tmp5xbepabu/ice/target/test-classes
[INFO] 
[INFO] --- maven-surefire-plugin:2.19.1:test (default-test) @ ice ---
[INFO] Surefire report directory: /tmp/tmp5xbepabu/ice/target/surefire-reports

-------------------------------------------------------
 T E S T S
-------------------------------------------------------
Running org.jbei.ice.lib.folder.FolderControllerTest
20:03:25.657 [main] INFO  org.jbei.ice - Initializing session factory for type MOCK
20:03:26.120 [main] INFO  org.hibernate.Version - HHH000412: Hibernate ORM core version 5.4.14.Final
20:03:26.770 [main] INFO  o.h.annotations.common.Version - HCANN000001: Hibernate Commons Annotations {5.1.0.Final}
20:03:27.099 [main] INFO  o.h.c.i.C3P0ConnectionProvider - HHH010002: C3P0 using driver: org.h2.Driver at URL: jdbc:h2:mem:test
20:03:27.100 [main] INFO  o.h.c.i.C3P0ConnectionProvider - HHH10001001: Connection properties: {user=sa}
20:03:27.100 [main] INFO  o.h.c.i.C3P0ConnectionProvider - HHH10001003: Autocommit mode: false
20:03:27.140 [MLog-Init-Reporter] INFO  com.mchange.v2.log.MLog - MLog clients using slf4j logging.
20:03:27.388 [main] INFO  com.mchange.v2.c3p0.C3P0Registry - Initializing c3p0-0.9.5.3 [built 27-January-2019 00:11:37 -0800; debug? true; trace: 10]
20:03:27.453 [main] INFO  o.h.c.i.C3P0ConnectionProvider - HHH10001007: JDBC isolation level: <unknown>
20:03:27.506 [main] INFO  c.m.v.c.i.AbstractPoolBackedDataSource - Initializing c3p0 pool... com.mchange.v2.c3p0.PoolBackedDataSource@ab5cf006 [ connectionPoolDataSource -> com.mchange.v2.c3p0.WrapperConnectionPoolDataSource@76ce8c29 [ acquireIncrement -> 3, acquireRetryAttempts -> 30, acquireRetryDelay -> 1000, autoCommitOnClose -> false, automaticTestTable -> null, breakAfterAcquireFailure -> false, checkoutTimeout -> 0, connectionCustomizerClassName -> null, connectionTesterClassName -> com.mchange.v2.c3p0.impl.DefaultConnectionTester, contextClassLoaderSource -> caller, debugUnreturnedConnectionStackTraces -> false, factoryClassLocation -> null, forceIgnoreUnresolvedTransactions -> false, forceSynchronousCheckins -> false, identityToken -> 1bqq1i6ab18rejxe7le46c|2d26c6a2, idleConnectionTestPeriod -> 0, initialPoolSize -> 3, maxAdministrativeTaskTime -> 0, maxConnectionAge -> 0, maxIdleTime -> 0, maxIdleTimeExcessConnections -> 0, maxPoolSize -> 15, maxStatements -> 0, maxStatementsPerConnection -> 0, minPoolSize -> 3, nestedDataSource -> com.mchange.v2.c3p0.DriverManagerDataSource@c56f0ff [ description -> null, driverClass -> null, factoryClassLocation -> null, forceUseNamedDriverClass -> false, identityToken -> 1bqq1i6ab18rejxe7le46c|5fe4848, jdbcUrl -> jdbc:h2:mem:test, properties -> {user=******} ], preferredTestQuery -> null, privilegeSpawnedThreads -> false, propertyCycle -> 0, statementCacheNumDeferredCloseThreads -> 0, testConnectionOnCheckin -> false, testConnectionOnCheckout -> false, unreturnedConnectionTimeout -> 0, usesTraditionalReflectiveProxies -> false; userOverrides: {} ], dataSourceName -> null, extensions -> {}, factoryClassLocation -> null, identityToken -> 1bqq1i6ab18rejxe7le46c|d4dbb34, numHelperThreads -> 3 ]
20:03:28.302 [main] INFO  org.hibernate.dialect.Dialect - HHH000400: Using dialect: org.hibernate.dialect.H2Dialect
20:03:29.500 [main] INFO  o.h.validator.internal.util.Version - HV000001: Hibernate Validator 6.1.3.Final
20:03:29.580 [main] INFO  org.hibernate.search.engine.Version - HSEARCH000034: Hibernate Search 5.11.5.Final
20:03:32.204 [main] INFO  org.hibernate.orm.connections.access - HHH10001501: Connection obtained from JdbcConnectionAccess [org.hibernate.engine.jdbc.env.internal.JdbcEnvironmentInitiator$ConnectionProviderJdbcConnectionAccess@10418c7] for (non-JTA) DDL execution was not in auto-commit mode; the Connection 'local transaction' will be committed and the Connection will be set into auto-commit mode.
20:03:33.315 [main] WARN  o.h.s.i.i.LuceneEmbeddedIndexFamilyImpl - HSEARCH000075: Configuration setting hibernate.search.lucene_version was not specified: using LUCENE_CURRENT.
Tests run: 2, Failures: 0, Errors: 0, Skipped: 0, Time elapsed: 9.516 sec - in org.jbei.ice.lib.folder.FolderControllerTest
Running org.jbei.ice.lib.folder.FolderContentsTest
Tests run: 4, Failures: 0, Errors: 0, Skipped: 0, Time elapsed: 6.404 sec - in org.jbei.ice.lib.folder.FolderContentsTest
Running org.jbei.ice.lib.folder.FolderPermissionsTest
Tests run: 1, Failures: 0, Errors: 0, Skipped: 0, Time elapsed: 0.107 sec - in org.jbei.ice.lib.folder.FolderPermissionsTest
Running org.jbei.ice.lib.folder.collection.CollectionEntriesTest
Tests run: 5, Failures: 0, Errors: 0, Skipped: 0, Time elapsed: 0.115 sec - in org.jbei.ice.lib.folder.collection.CollectionEntriesTest
Running org.jbei.ice.lib.net.WebPartnersTest
20:03:41.278 [main] INFO  org.jbei.ice - webpartnerstest.testupdateapikey@tester: adding WoR partner [registry-test20.jbei.org]
20:03:41.291 [main] INFO  org.jbei.ice - Processing request to connect by registry-test10.jbei.org
20:03:41.331 [main] INFO  org.jbei.ice - Successfully added remote partner registry-test10.jbei.org
20:03:41.400 [main] INFO  org.jbei.ice - Refreshing local api key for registry-test10.jbei.org
20:03:41.546 [main] INFO  org.jbei.ice - Refreshing local api key for registry-test10.jbei.org
20:03:41.667 [main] INFO  org.jbei.ice - Refreshing local api key for registry-test10.jbei.org
Tests run: 2, Failures: 0, Errors: 0, Skipped: 0, Time elapsed: 0.504 sec - in org.jbei.ice.lib.net.WebPartnersTest
Running org.jbei.ice.lib.net.RemoteTransferTest
Tests run: 1, Failures: 0, Errors: 0, Skipped: 0, Time elapsed: 0.076 sec - in org.jbei.ice.lib.net.RemoteTransferTest
Running org.jbei.ice.lib.net.TransferredPartsTest
20:03:41.864 [main] INFO  org.jbei.ice - Transferred entry found locally 08e0259f-96c8-4b88-a162-00b2798e16ff
20:03:41.871 [main] INFO  org.jbei.ice - Transferred entry found locally c68f4884-8ba9-4dae-9342-07559efee084
Tests run: 1, Failures: 0, Errors: 0, Skipped: 0, Time elapsed: 0.08 sec - in org.jbei.ice.lib.net.TransferredPartsTest
Running org.jbei.ice.lib.account.AccountControllerTest
Tests run: 16, Failures: 0, Errors: 0, Skipped: 0, Time elapsed: 0.455 sec - in org.jbei.ice.lib.account.AccountControllerTest
Running org.jbei.ice.lib.account.PreferencesControllerTest
Tests run: 5, Failures: 0, Errors: 0, Skipped: 0, Time elapsed: 0.163 sec - in org.jbei.ice.lib.account.PreferencesControllerTest
Running org.jbei.ice.lib.account.UserApiKeysTest
Tests run: 3, Failures: 0, Errors: 0, Skipped: 0, Time elapsed: 0.396 sec - in org.jbei.ice.lib.account.UserApiKeysTest
Running org.jbei.ice.lib.group.GroupControllerTest
Tests run: 7, Failures: 0, Errors: 0, Skipped: 0, Time elapsed: 0.398 sec - in org.jbei.ice.lib.group.GroupControllerTest
Running org.jbei.ice.lib.group.GroupsTest
Tests run: 2, Failures: 0, Errors: 0, Skipped: 0, Time elapsed: 0.232 sec - in org.jbei.ice.lib.group.GroupsTest
Running org.jbei.ice.lib.entry.EntriesTest
6
Tests run: 2, Failures: 0, Errors: 0, Skipped: 0, Time elapsed: 0.201 sec - in org.jbei.ice.lib.entry.EntriesTest
Running org.jbei.ice.lib.entry.sample.SampleServiceTest
20:03:43.800 [main] INFO  org.jbei.ice - sTrain
Tests run: 5, Failures: 0, Errors: 0, Skipped: 0, Time elapsed: 17.662 sec - in org.jbei.ice.lib.entry.sample.SampleServiceTest
Running org.jbei.ice.lib.entry.EntryControllerTest
Tests run: 2, Failures: 0, Errors: 0, Skipped: 0, Time elapsed: 0.532 sec - in org.jbei.ice.lib.entry.EntryControllerTest
Running org.jbei.ice.lib.entry.EntryLinksTest
Tests run: 3, Failures: 0, Errors: 0, Skipped: 0, Time elapsed: 0.354 sec - in org.jbei.ice.lib.entry.EntryLinksTest
Running org.jbei.ice.lib.entry.EntryHistoryTest
Tests run: 4, Failures: 0, Errors: 0, Skipped: 0, Time elapsed: 0.511 sec - in org.jbei.ice.lib.entry.EntryHistoryTest
Running org.jbei.ice.lib.entry.sequence.SequencesTest
Tests run: 1, Failures: 0, Errors: 0, Skipped: 0, Time elapsed: 0.004 sec - in org.jbei.ice.lib.entry.sequence.SequencesTest
Running org.jbei.ice.lib.entry.sequence.PartSequenceTest
Tests run: 5, Failures: 0, Errors: 3, Skipped: 0, Time elapsed: 1.102 sec <<< FAILURE! - in org.jbei.ice.lib.entry.sequence.PartSequenceTest
testParseSequence(org.jbei.ice.lib.entry.sequence.PartSequenceTest)  Time elapsed: 0.066 sec  <<< ERROR!
java.nio.file.NoSuchFileException: data/sequences
	at org.jbei.ice.lib.entry.sequence.PartSequenceTest.testParseSequence(PartSequenceTest.java:72)

testGet(org.jbei.ice.lib.entry.sequence.PartSequenceTest)  Time elapsed: 0.047 sec  <<< ERROR!
java.nio.file.NoSuchFileException: data/sequences
	at org.jbei.ice.lib.entry.sequence.PartSequenceTest.testGet(PartSequenceTest.java:54)

testUpdate(org.jbei.ice.lib.entry.sequence.PartSequenceTest)  Time elapsed: 0.064 sec  <<< ERROR!
java.nio.file.NoSuchFileException: data/sequences
	at org.jbei.ice.lib.entry.sequence.PartSequenceTest.testUpdate(PartSequenceTest.java:118)

Running org.jbei.ice.lib.entry.sequence.annotation.AnnotationsTest
Tests run: 1, Failures: 0, Errors: 0, Skipped: 0, Time elapsed: 0.082 sec - in org.jbei.ice.lib.entry.sequence.annotation.AnnotationsTest
Running org.jbei.ice.lib.entry.EntriesAsCSVTest
Tests run: 1, Failures: 0, Errors: 0, Skipped: 0, Time elapsed: 0.001 sec - in org.jbei.ice.lib.entry.EntriesAsCSVTest
Running org.jbei.ice.lib.bulkupload.BulkUploadEntriesTest
Tests run: 4, Failures: 1, Errors: 0, Skipped: 0, Time elapsed: 0.23 sec <<< FAILURE! - in org.jbei.ice.lib.bulkupload.BulkUploadEntriesTest
testUpdateStatus(org.jbei.ice.lib.bulkupload.BulkUploadEntriesTest)  Time elapsed: 0.042 sec  <<< FAILURE!
java.lang.AssertionError
	at org.jbei.ice.lib.bulkupload.BulkUploadEntriesTest.testUpdateStatus(BulkUploadEntriesTest.java:198)

Running org.jbei.ice.lib.bulkupload.BulkUploadsTest
Tests run: 9, Failures: 0, Errors: 0, Skipped: 0, Time elapsed: 4.785 sec - in org.jbei.ice.lib.bulkupload.BulkUploadsTest
Running org.jbei.ice.lib.access.RemoteAccessTest
Tests run: 1, Failures: 0, Errors: 0, Skipped: 0, Time elapsed: 0.059 sec - in org.jbei.ice.lib.access.RemoteAccessTest
Running org.jbei.ice.lib.access.TokenVerificationTest
Tests run: 2, Failures: 0, Errors: 0, Skipped: 0, Time elapsed: 0.263 sec - in org.jbei.ice.lib.access.TokenVerificationTest
Running org.jbei.ice.lib.experiment.ExperimentsTest
Tests run: 3, Failures: 0, Errors: 0, Skipped: 0, Time elapsed: 0.245 sec - in org.jbei.ice.lib.experiment.ExperimentsTest
Running org.jbei.ice.lib.dto.entry.CustomFieldsTest
Tests run: 7, Failures: 0, Errors: 0, Skipped: 0, Time elapsed: 0.306 sec - in org.jbei.ice.lib.dto.entry.CustomFieldsTest
Running org.jbei.ice.lib.search.SearchIndexesTest
20:04:10.175 [main] INFO  org.jbei.ice - testrunsearch@tester: 1 results for "testPlasmid"
20:04:10.207 [main] INFO  org.jbei.ice - testrunsearch@tester: 1 results for "testPlasmid"
20:04:10.226 [main] INFO  org.jbei.ice - testrunsearch@tester: 1 results for "pTet"
20:04:10.273 [main] INFO  org.jbei.ice - testrunsearch@tester: 1 results for "testrunsearch@tester"
20:04:10.287 [main] INFO  org.jbei.ice - testrunsearch@tester: 0 results for "FAKE_SEARCH"
Tests run: 2, Failures: 0, Errors: 0, Skipped: 0, Time elapsed: 0.392 sec - in org.jbei.ice.lib.search.SearchIndexesTest
Running org.jbei.ice.lib.parsers.genbank.GenBankParserTest
Tests run: 1, Failures: 0, Errors: 0, Skipped: 0, Time elapsed: 0.008 sec - in org.jbei.ice.lib.parsers.genbank.GenBankParserTest
Running org.jbei.ice.lib.parsers.genbank.FeaturesSectionTest
Tests run: 4, Failures: 0, Errors: 0, Skipped: 0, Time elapsed: 0.008 sec - in org.jbei.ice.lib.parsers.genbank.FeaturesSectionTest
Running org.jbei.ice.storage.hibernate.dao.PermissionDAOTest
Tests run: 2, Failures: 0, Errors: 0, Skipped: 0, Time elapsed: 0.03 sec - in org.jbei.ice.storage.hibernate.dao.PermissionDAOTest
Running org.jbei.ice.storage.hibernate.dao.EntryDAOTest
Tests run: 7, Failures: 0, Errors: 0, Skipped: 0, Time elapsed: 0.326 sec - in org.jbei.ice.storage.hibernate.dao.EntryDAOTest
Running org.jbei.ice.storage.hibernate.dao.AuditDAOTest
Tests run: 4, Failures: 0, Errors: 0, Skipped: 0, Time elapsed: 0.096 sec - in org.jbei.ice.storage.hibernate.dao.AuditDAOTest
Running org.jbei.ice.storage.hibernate.dao.AccountDAOTest
Tests run: 5, Failures: 0, Errors: 0, Skipped: 0, Time elapsed: 0.02 sec - in org.jbei.ice.storage.hibernate.dao.AccountDAOTest
Running org.jbei.ice.storage.hibernate.dao.BulkUploadDAOTest
Tests run: 4, Failures: 0, Errors: 0, Skipped: 0, Time elapsed: 0.002 sec - in org.jbei.ice.storage.hibernate.dao.BulkUploadDAOTest
Running org.jbei.ice.storage.hibernate.dao.ApiKeyDAOTest
Tests run: 5, Failures: 0, Errors: 0, Skipped: 0, Time elapsed: 0.238 sec - in org.jbei.ice.storage.hibernate.dao.ApiKeyDAOTest
Running org.jbei.ice.storage.hibernate.dao.ConfigurationDAOTest
Tests run: 2, Failures: 0, Errors: 0, Skipped: 0, Time elapsed: 0.011 sec - in org.jbei.ice.storage.hibernate.dao.ConfigurationDAOTest
Running org.jbei.ice.storage.hibernate.dao.FolderDAOTest
Tests run: 9, Failures: 0, Errors: 0, Skipped: 0, Time elapsed: 0.317 sec - in org.jbei.ice.storage.hibernate.dao.FolderDAOTest
Running org.jbei.ice.storage.hibernate.dao.SelectionMarkerDAOTest
Tests run: 1, Failures: 0, Errors: 0, Skipped: 0, Time elapsed: 0.001 sec - in org.jbei.ice.storage.hibernate.dao.SelectionMarkerDAOTest
Running org.jbei.ice.storage.hibernate.dao.SequenceDAOTest
Tests run: 11, Failures: 0, Errors: 0, Skipped: 0, Time elapsed: 0.459 sec - in org.jbei.ice.storage.hibernate.dao.SequenceDAOTest
Running org.jbei.ice.storage.hibernate.dao.GroupDAOTest
Tests run: 9, Failures: 0, Errors: 0, Skipped: 0, Time elapsed: 0.113 sec - in org.jbei.ice.storage.hibernate.dao.GroupDAOTest
Running org.jbei.ice.storage.hibernate.dao.CustomEntryFieldDAOTest
Tests run: 2, Failures: 0, Errors: 0, Skipped: 0, Time elapsed: 0.002 sec - in org.jbei.ice.storage.hibernate.dao.CustomEntryFieldDAOTest
Running org.jbei.auth.hmac.HmacSignatureFactoryTest
Tests run: 5, Failures: 0, Errors: 0, Skipped: 0, Time elapsed: 0.375 sec - in org.jbei.auth.hmac.HmacSignatureFactoryTest
Running org.jbei.auth.hmac.HmacStreamTest
Tests run: 1, Failures: 0, Errors: 0, Skipped: 0, Time elapsed: 0.03 sec - in org.jbei.auth.hmac.HmacStreamTest

Results :

Failed tests: 
  BulkUploadEntriesTest.testUpdateStatus:198
Tests in error: 
  PartSequenceTest.testGet:54 » NoSuchFile data/sequences
  PartSequenceTest.testParseSequence:72 » NoSuchFile data/sequences
  PartSequenceTest.testUpdate:118 » NoSuchFile data/sequences

Tests run: 173, Failures: 1, Errors: 3, Skipped: 0

[ERROR] There are test failures.

Please refer to /tmp/tmp5xbepabu/ice/target/surefire-reports for the individual test results.
[INFO] 
[INFO] --- jacoco-maven-plugin:0.8.5:report (report) @ ice ---
[INFO] Loading execution data file /tmp/tmp5xbepabu/ice/target/jacoco.exec
[INFO] Analyzed bundle 'ice' with 1216 classes
[WARNING] Classes in bundle 'ice' do no match with execution data. For report generation the same class files must be used as at runtime.
[WARNING] Execution data for class org/apache/commons/validator/routines/UrlValidator does not match.
[WARNING] Execution data for class org/apache/commons/validator/routines/DomainValidator does not match.
[INFO] ------------------------------------------------------------------------
[INFO] BUILD SUCCESS
[INFO] ------------------------------------------------------------------------
[INFO] Total time:  01:28 min
[INFO] Finished at: 2020-07-30T20:04:15Z
[INFO] ------------------------------------------------------------------------
