[INFO] Error stacktraces are turned on.
[INFO] Scanning for projects...
[WARNING] The POM for org.jenkins-ci.tools:maven-hpi-plugin:jar:1.120 is missing, no dependency information available
[WARNING] Failed to build parent project for org.jenkins-ci.plugins:token-macro:hpi:2.3
[INFO] 
[INFO] -----------------< org.jenkins-ci.plugins:token-macro >-----------------
[INFO] Building Token Macro Plugin 2.3
[INFO] --------------------------------[ hpi ]---------------------------------
[INFO] 
[INFO] --- maven-hpi-plugin:1.120:validate (default-validate) @ token-macro ---
[INFO] 
[INFO] --- maven-enforcer-plugin:1.3.1:display-info (display-info) @ token-macro ---
[INFO] Maven Version: 3.6.3
[INFO] JDK Version: 1.8.0_262 normalized as: 1.8.0-262
[INFO] OS Info: Arch: amd64 Family: unix Name: linux Version: 4.15.0-109-generic
[INFO] 
[INFO] --- maven-enforcer-plugin:1.3.1:enforce (display-info) @ token-macro ---
[INFO] 
[INFO] --- maven-localizer-plugin:1.23:generate (default) @ token-macro ---
[INFO] 
[INFO] >>> maven-javadoc-plugin:2.10.1:javadoc (default) > generate-sources @ token-macro >>>
[INFO] 
[INFO] --- maven-hpi-plugin:1.120:validate (default-validate) @ token-macro ---
[INFO] 
[INFO] --- maven-enforcer-plugin:1.3.1:display-info (display-info) @ token-macro ---
[INFO] Maven Version: 3.6.3
[INFO] JDK Version: 1.8.0_262 normalized as: 1.8.0-262
[INFO] OS Info: Arch: amd64 Family: unix Name: linux Version: 4.15.0-109-generic
[INFO] 
[INFO] --- maven-enforcer-plugin:1.3.1:enforce (display-info) @ token-macro ---
[INFO] 
[INFO] --- maven-localizer-plugin:1.23:generate (default) @ token-macro ---
[INFO] 
[INFO] <<< maven-javadoc-plugin:2.10.1:javadoc (default) < generate-sources @ token-macro <<<
[INFO] 
[INFO] 
[INFO] --- maven-javadoc-plugin:2.10.1:javadoc (default) @ token-macro ---
[INFO] Skipping javadoc generation
[INFO] 
[INFO] --- maven-resources-plugin:2.7:resources (default-resources) @ token-macro ---
[INFO] Using 'UTF-8' encoding to copy filtered resources.
[INFO] Copying 25 resources
[INFO] 
[INFO] --- maven-compiler-plugin:3.3:compile (default-compile) @ token-macro ---
[INFO] Changes detected - recompiling the module!
[INFO] Compiling 35 source files to /tmp/tmpy6dthiut/token-macro-plugin/target/classes
[INFO] /tmp/tmpy6dthiut/token-macro-plugin/src/main/java/org/jenkinsci/plugins/tokenmacro/TokenMacro.java: Some input files use unchecked or unsafe operations.
[INFO] /tmp/tmpy6dthiut/token-macro-plugin/src/main/java/org/jenkinsci/plugins/tokenmacro/TokenMacro.java: Recompile with -Xlint:unchecked for details.
[INFO] 
[INFO] --- access-modifier-checker:1.7:enforce (default-enforce) @ token-macro ---
[INFO] 
[INFO] --- animal-sniffer-maven-plugin:1.14:check (check) @ token-macro ---
[INFO] Signature checking is skipped.
[INFO] 
[INFO] --- maven-hpi-plugin:1.120:insert-test (default-insert-test) @ token-macro ---
[INFO] 
[INFO] --- gmaven-plugin:1.5-jenkins-3:generateTestStubs (test-in-groovy) @ token-macro ---
[INFO] No sources found for Java stub generation
[INFO] 
[INFO] --- maven-resources-plugin:2.7:testResources (default-testResources) @ token-macro ---
[INFO] Using 'UTF-8' encoding to copy filtered resources.
[INFO] skip non existing resourceDirectory /tmp/tmpy6dthiut/token-macro-plugin/src/test/resources
[INFO] 
[INFO] --- maven-compiler-plugin:3.3:testCompile (default-testCompile) @ token-macro ---
[INFO] Changes detected - recompiling the module!
[INFO] Compiling 28 source files to /tmp/tmpy6dthiut/token-macro-plugin/target/test-classes
[INFO] /tmp/tmpy6dthiut/token-macro-plugin/src/test/java/org/jenkinsci/plugins/tokenmacro/impl/ChangesSinceLastUnstableBuildMacroTest.java: Some input files use or override a deprecated API.
[INFO] /tmp/tmpy6dthiut/token-macro-plugin/src/test/java/org/jenkinsci/plugins/tokenmacro/impl/ChangesSinceLastUnstableBuildMacroTest.java: Recompile with -Xlint:deprecation for details.
[INFO] /tmp/tmpy6dthiut/token-macro-plugin/src/test/java/org/jenkinsci/plugins/tokenmacro/TokenMacroTest.java: Some input files use unchecked or unsafe operations.
[INFO] /tmp/tmpy6dthiut/token-macro-plugin/src/test/java/org/jenkinsci/plugins/tokenmacro/TokenMacroTest.java: Recompile with -Xlint:unchecked for details.
[INFO] 
[INFO] --- maven-hpi-plugin:1.120:test-hpl (default-test-hpl) @ token-macro ---
[INFO] Generating /tmp/tmpy6dthiut/token-macro-plugin/target/test-classes/the.hpl
[INFO] 
[INFO] --- maven-hpi-plugin:1.120:resolve-test-dependencies (default-resolve-test-dependencies) @ token-macro ---
[INFO] 
[INFO] --- gmaven-plugin:1.5-jenkins-3:testCompile (test-in-groovy) @ token-macro ---
[INFO] No sources found to compile
[INFO] 
[INFO] --- maven-surefire-plugin:2.19.1:test (default-test) @ token-macro ---
[INFO] Surefire report directory: /tmp/tmpy6dthiut/token-macro-plugin/target/surefire-reports

-------------------------------------------------------
 T E S T S
-------------------------------------------------------
RRuunnnniinngg  Ionrjge.cjteendkTiensstc
i.plugins.tokenmacro.TokenMacroStepTest
Running org.jenkinsci.plugins.tokenmacro.impl.ChangesSinceLastUnstableBuildMacroTest
Tests run: 11, Failures: 0, Errors: 0, Skipped: 0, Time elapsed: 1.919 sec - in org.jenkinsci.plugins.tokenmacro.impl.ChangesSinceLastUnstableBuildMacroTest
Running org.jenkinsci.plugins.tokenmacro.impl.BuildLogMultilineRegexMacroTest
Tests run: 15, Failures: 0, Errors: 0, Skipped: 0, Time elapsed: 0.307 sec - in org.jenkinsci.plugins.tokenmacro.impl.BuildLogMultilineRegexMacroTest
Running org.jenkinsci.plugins.tokenmacro.impl.ProjectNameMacroTest
Tests run: 1, Failures: 0, Errors: 0, Skipped: 0, Time elapsed: 31.184 sec - in org.jenkinsci.plugins.tokenmacro.impl.ProjectNameMacroTest
Running org.jenkinsci.plugins.tokenmacro.impl.AdminEmailMacroTest
Tests run: 1, Failures: 0, Errors: 0, Skipped: 0, Time elapsed: 1.593 sec - in org.jenkinsci.plugins.tokenmacro.impl.AdminEmailMacroTest
Running org.jenkinsci.plugins.tokenmacro.impl.BuildLogRegexMacroTest
Tests run: 17, Failures: 0, Errors: 0, Skipped: 0, Time elapsed: 0.008 sec - in org.jenkinsci.plugins.tokenmacro.impl.BuildLogRegexMacroTest
Running org.jenkinsci.plugins.tokenmacro.impl.LogRegExMacroTest
Tests run: 1, Failures: 0, Errors: 0, Skipped: 0, Time elapsed: 35.583 sec - in org.jenkinsci.plugins.tokenmacro.TokenMacroStepTest
Running org.jenkinsci.plugins.tokenmacro.impl.BuildLogMacroTest
Tests run: 5, Failures: 0, Errors: 0, Skipped: 0, Time elapsed: 0.414 sec - in org.jenkinsci.plugins.tokenmacro.impl.BuildLogMacroTest
Running org.jenkinsci.plugins.tokenmacro.impl.BuildStatusMacroTest
Tests run: 11, Failures: 0, Errors: 0, Skipped: 0, Time elapsed: 36.592 sec - in InjectedTest
Running org.jenkinsci.plugins.tokenmacro.impl.BuildNumberMacroTest
Tests run: 1, Failures: 0, Errors: 0, Skipped: 0, Time elapsed: 2.408 sec - in org.jenkinsci.plugins.tokenmacro.impl.LogRegExMacroTest
Running org.jenkinsci.plugins.tokenmacro.impl.JsonFileMacroTest
Tests run: 1, Failures: 0, Errors: 0, Skipped: 0, Time elapsed: 2.987 sec - in org.jenkinsci.plugins.tokenmacro.impl.BuildNumberMacroTest
Running org.jenkinsci.plugins.tokenmacro.impl.ChangesSinceLastBuildMacroTest
Tests run: 12, Failures: 0, Errors: 0, Skipped: 0, Time elapsed: 0.416 sec - in org.jenkinsci.plugins.tokenmacro.impl.ChangesSinceLastBuildMacroTest
Running org.jenkinsci.plugins.tokenmacro.impl.WorkspaceFileMacroTest
Tests run: 2, Failures: 0, Errors: 0, Skipped: 0, Time elapsed: 4.48 sec - in org.jenkinsci.plugins.tokenmacro.impl.BuildStatusMacroTest
Running org.jenkinsci.plugins.tokenmacro.impl.ChangesSinceLastSuccessfulBuildMacroTest
Tests run: 12, Failures: 0, Errors: 0, Skipped: 0, Time elapsed: 0.113 sec - in org.jenkinsci.plugins.tokenmacro.impl.ChangesSinceLastSuccessfulBuildMacroTest
Running org.jenkinsci.plugins.tokenmacro.impl.XmlFileMacroTest
Tests run: 1, Failures: 0, Errors: 0, Skipped: 0, Time elapsed: 2.777 sec - in org.jenkinsci.plugins.tokenmacro.impl.XmlFileMacroTest
Running org.jenkinsci.plugins.tokenmacro.impl.BuildLogExcerptMacroTest
Tests run: 4, Failures: 0, Errors: 0, Skipped: 0, Time elapsed: 0.003 sec - in org.jenkinsci.plugins.tokenmacro.impl.BuildLogExcerptMacroTest
Running org.jenkinsci.plugins.tokenmacro.impl.JobDescriptionMacroTest
Tests run: 2, Failures: 0, Errors: 0, Skipped: 0, Time elapsed: 3.814 sec - in org.jenkinsci.plugins.tokenmacro.impl.WorkspaceFileMacroTest
Running org.jenkinsci.plugins.tokenmacro.impl.JenkinsUrlMacroTest
Tests run: 1, Failures: 0, Errors: 0, Skipped: 0, Time elapsed: 1.802 sec - in org.jenkinsci.plugins.tokenmacro.impl.JenkinsUrlMacroTest
Running org.jenkinsci.plugins.tokenmacro.impl.PropertyFromFileMacroTest
Tests run: 1, Failures: 0, Errors: 0, Skipped: 0, Time elapsed: 1.398 sec - in org.jenkinsci.plugins.tokenmacro.impl.PropertyFromFileMacroTest
Running org.jenkinsci.plugins.tokenmacro.impl.ProjectUrlMacroTest
Tests run: 6, Failures: 0, Errors: 0, Skipped: 0, Time elapsed: 9.513 sec - in org.jenkinsci.plugins.tokenmacro.impl.JsonFileMacroTest
Running org.jenkinsci.plugins.tokenmacro.impl.UpstreamRunNameMacroTest
Tests run: 3, Failures: 0, Errors: 0, Skipped: 0, Time elapsed: 4.904 sec - in org.jenkinsci.plugins.tokenmacro.impl.JobDescriptionMacroTest
Running org.jenkinsci.plugins.tokenmacro.impl.EnvironmentVariableMacroTest
Tests run: 1, Failures: 0, Errors: 0, Skipped: 0, Time elapsed: 1.696 sec - in org.jenkinsci.plugins.tokenmacro.impl.ProjectUrlMacroTest
Running org.jenkinsci.plugins.tokenmacro.impl.BuildCauseMacroTest
Tests run: 4, Failures: 0, Errors: 0, Skipped: 0, Time elapsed: 0.112 sec - in org.jenkinsci.plugins.tokenmacro.impl.BuildCauseMacroTest
Running org.jenkinsci.plugins.tokenmacro.DataBoundTokenMacroTest
Tests run: 2, Failures: 0, Errors: 0, Skipped: 0, Time elapsed: 2.993 sec - in org.jenkinsci.plugins.tokenmacro.impl.UpstreamRunNameMacroTest
Running org.jenkinsci.plugins.tokenmacro.PipelineTest
Tests run: 3, Failures: 0, Errors: 0, Skipped: 0, Time elapsed: 4.198 sec - in org.jenkinsci.plugins.tokenmacro.impl.EnvironmentVariableMacroTest
Running org.jenkinsci.plugins.tokenmacro.TokenMacroTest
Tests run: 3, Failures: 0, Errors: 0, Skipped: 0, Time elapsed: 4.103 sec - in org.jenkinsci.plugins.tokenmacro.DataBoundTokenMacroTest
Running org.jenkinsci.plugins.tokenmacro.TransformTest
Tests run: 3, Failures: 0, Errors: 0, Skipped: 0, Time elapsed: 3.817 sec - in org.jenkinsci.plugins.tokenmacro.TransformTest
Tests run: 3, Failures: 0, Errors: 0, Skipped: 0, Time elapsed: 8.998 sec - in org.jenkinsci.plugins.tokenmacro.PipelineTest
Tests run: 15, Failures: 0, Errors: 0, Skipped: 0, Time elapsed: 10.1 sec - in org.jenkinsci.plugins.tokenmacro.TokenMacroTest

Results :

Tests run: 142, Failures: 0, Errors: 0, Skipped: 0

[INFO] 
[INFO] --- maven-license-plugin:1.7:process (default) @ token-macro ---
[INFO] Generated /tmp/tmpy6dthiut/token-macro-plugin/target/token-macro/WEB-INF/licenses.xml
[INFO] 
[INFO] --- maven-hpi-plugin:1.120:hpi (default-hpi) @ token-macro ---
[INFO] Generating /tmp/tmpy6dthiut/token-macro-plugin/target/token-macro/META-INF/MANIFEST.MF
[INFO] Checking for attached .jar artifact ...
[INFO] Generating jar /tmp/tmpy6dthiut/token-macro-plugin/target/token-macro.jar
[INFO] Building jar: /tmp/tmpy6dthiut/token-macro-plugin/target/token-macro.jar
[INFO] Exploding webapp...
[INFO] Copy webapp webResources to /tmp/tmpy6dthiut/token-macro-plugin/target/token-macro
[INFO] Assembling webapp token-macro in /tmp/tmpy6dthiut/token-macro-plugin/target/token-macro
[INFO] Generating hpi /tmp/tmpy6dthiut/token-macro-plugin/target/token-macro.hpi
[INFO] Building jar: /tmp/tmpy6dthiut/token-macro-plugin/target/token-macro.hpi
[INFO] 
[INFO] --- maven-jar-plugin:2.6:test-jar (maybe-test-jar) @ token-macro ---
[INFO] Skipping packaging of the test-jar
[INFO] 
[INFO] --- maven-assembly-plugin:3.2.0:single (default) @ token-macro ---
[WARNING] The POM for org.jenkins-ci.tools:maven-hpi-plugin:jar:1.120 is missing, no dependency information available
[WARNING] Failed to build parent project for org.jenkins-ci.plugins.workflow:workflow-step-api:hpi:2.7
[WARNING] The POM for org.jenkins-ci.tools:maven-hpi-plugin:jar:1.119 is missing, no dependency information available
[WARNING] Failed to build parent project for org.jenkins-ci.plugins:structs-parent:pom:1.5
[WARNING] Failed to build parent project for org.jenkins-ci.plugins:structs:hpi:1.5
[WARNING] Failed to build parent project for org.jenkins-ci.plugins:structs-parent:pom:1.5
[WARNING] Failed to build parent project for org.jenkins-ci:symbol-annotation:jar:1.5
[WARNING] The POM for org.jenkins-ci.tools:maven-hpi-plugin:jar:1.117 is missing, no dependency information available
[WARNING] Failed to build parent project for org.jenkins-ci.plugins.workflow:workflow-job:hpi:2.0
[WARNING] The POM for org.jenkins-ci.tools:maven-hpi-plugin:jar:1.115 is missing, no dependency information available
[WARNING] Failed to build parent project for org.jenkins-ci.plugins.workflow:workflow-pom:pom:1.15
[WARNING] Failed to build parent project for org.jenkins-ci.plugins.workflow:workflow-support:hpi:1.15
[WARNING] Failed to build parent project for org.jenkins-ci.plugins:script-security:hpi:1.18
[WARNING] The POM for org.jenkins-ci.tools:maven-hpi-plugin:jar:1.106 is missing, no dependency information available
[WARNING] Failed to build parent project for org.jenkins-ci.plugins:durable-task:hpi:1.5
[WARNING] Failed to build parent project for org.jenkins-ci.plugins:token-macro:hpi:2.3
[INFO] ------------------------------------------------------------------------
[INFO] BUILD FAILURE
[INFO] ------------------------------------------------------------------------
[INFO] Total time:  04:25 min
[INFO] Finished at: 2020-08-03T09:53:15Z
[INFO] ------------------------------------------------------------------------
[ERROR] Failed to execute goal org.apache.maven.plugins:maven-assembly-plugin:3.2.0:single (default) on project token-macro: Failed to create assembly: Error adding file-set for 'org.jenkins-ci.plugins:token-macro:hpi:2.3' to archive: Error adding archived file-set. PlexusIoResourceCollection not found for: /tmp/tmpy6dthiut/token-macro-plugin/target/token-macro.hpi: No such archiver: 'hpi'. -> [Help 1]
org.apache.maven.lifecycle.LifecycleExecutionException: Failed to execute goal org.apache.maven.plugins:maven-assembly-plugin:3.2.0:single (default) on project token-macro: Failed to create assembly: Error adding file-set for 'org.jenkins-ci.plugins:token-macro:hpi:2.3' to archive: Error adding archived file-set. PlexusIoResourceCollection not found for: /tmp/tmpy6dthiut/token-macro-plugin/target/token-macro.hpi
    at org.apache.maven.lifecycle.internal.MojoExecutor.execute (MojoExecutor.java:215)
    at org.apache.maven.lifecycle.internal.MojoExecutor.execute (MojoExecutor.java:156)
    at org.apache.maven.lifecycle.internal.MojoExecutor.execute (MojoExecutor.java:148)
    at org.apache.maven.lifecycle.internal.LifecycleModuleBuilder.buildProject (LifecycleModuleBuilder.java:117)
    at org.apache.maven.lifecycle.internal.LifecycleModuleBuilder.buildProject (LifecycleModuleBuilder.java:81)
    at org.apache.maven.lifecycle.internal.builder.singlethreaded.SingleThreadedBuilder.build (SingleThreadedBuilder.java:56)
    at org.apache.maven.lifecycle.internal.LifecycleStarter.execute (LifecycleStarter.java:128)
    at org.apache.maven.DefaultMaven.doExecute (DefaultMaven.java:305)
    at org.apache.maven.DefaultMaven.doExecute (DefaultMaven.java:192)
    at org.apache.maven.DefaultMaven.execute (DefaultMaven.java:105)
    at org.apache.maven.cli.MavenCli.execute (MavenCli.java:957)
    at org.apache.maven.cli.MavenCli.doMain (MavenCli.java:289)
    at org.apache.maven.cli.MavenCli.main (MavenCli.java:193)
    at sun.reflect.NativeMethodAccessorImpl.invoke0 (Native Method)
    at sun.reflect.NativeMethodAccessorImpl.invoke (NativeMethodAccessorImpl.java:62)
    at sun.reflect.DelegatingMethodAccessorImpl.invoke (DelegatingMethodAccessorImpl.java:43)
    at java.lang.reflect.Method.invoke (Method.java:498)
    at org.codehaus.plexus.classworlds.launcher.Launcher.launchEnhanced (Launcher.java:282)
    at org.codehaus.plexus.classworlds.launcher.Launcher.launch (Launcher.java:225)
    at org.codehaus.plexus.classworlds.launcher.Launcher.mainWithExitCode (Launcher.java:406)
    at org.codehaus.plexus.classworlds.launcher.Launcher.main (Launcher.java:347)
Caused by: org.apache.maven.plugin.MojoExecutionException: Failed to create assembly: Error adding file-set for 'org.jenkins-ci.plugins:token-macro:hpi:2.3' to archive: Error adding archived file-set. PlexusIoResourceCollection not found for: /tmp/tmpy6dthiut/token-macro-plugin/target/token-macro.hpi
    at org.apache.maven.plugins.assembly.mojos.AbstractAssemblyMojo.execute (AbstractAssemblyMojo.java:542)
    at org.apache.maven.plugins.assembly.mojos.SingleAssemblyMojo.execute (SingleAssemblyMojo.java:61)
    at org.apache.maven.plugin.DefaultBuildPluginManager.executeMojo (DefaultBuildPluginManager.java:137)
    at org.apache.maven.lifecycle.internal.MojoExecutor.execute (MojoExecutor.java:210)
    at org.apache.maven.lifecycle.internal.MojoExecutor.execute (MojoExecutor.java:156)
    at org.apache.maven.lifecycle.internal.MojoExecutor.execute (MojoExecutor.java:148)
    at org.apache.maven.lifecycle.internal.LifecycleModuleBuilder.buildProject (LifecycleModuleBuilder.java:117)
    at org.apache.maven.lifecycle.internal.LifecycleModuleBuilder.buildProject (LifecycleModuleBuilder.java:81)
    at org.apache.maven.lifecycle.internal.builder.singlethreaded.SingleThreadedBuilder.build (SingleThreadedBuilder.java:56)
    at org.apache.maven.lifecycle.internal.LifecycleStarter.execute (LifecycleStarter.java:128)
    at org.apache.maven.DefaultMaven.doExecute (DefaultMaven.java:305)
    at org.apache.maven.DefaultMaven.doExecute (DefaultMaven.java:192)
    at org.apache.maven.DefaultMaven.execute (DefaultMaven.java:105)
    at org.apache.maven.cli.MavenCli.execute (MavenCli.java:957)
    at org.apache.maven.cli.MavenCli.doMain (MavenCli.java:289)
    at org.apache.maven.cli.MavenCli.main (MavenCli.java:193)
    at sun.reflect.NativeMethodAccessorImpl.invoke0 (Native Method)
    at sun.reflect.NativeMethodAccessorImpl.invoke (NativeMethodAccessorImpl.java:62)
    at sun.reflect.DelegatingMethodAccessorImpl.invoke (DelegatingMethodAccessorImpl.java:43)
    at java.lang.reflect.Method.invoke (Method.java:498)
    at org.codehaus.plexus.classworlds.launcher.Launcher.launchEnhanced (Launcher.java:282)
    at org.codehaus.plexus.classworlds.launcher.Launcher.launch (Launcher.java:225)
    at org.codehaus.plexus.classworlds.launcher.Launcher.mainWithExitCode (Launcher.java:406)
    at org.codehaus.plexus.classworlds.launcher.Launcher.main (Launcher.java:347)
Caused by: org.apache.maven.plugins.assembly.archive.ArchiveCreationException: Error adding file-set for 'org.jenkins-ci.plugins:token-macro:hpi:2.3' to archive: Error adding archived file-set. PlexusIoResourceCollection not found for: /tmp/tmpy6dthiut/token-macro-plugin/target/token-macro.hpi
    at org.apache.maven.plugins.assembly.archive.task.AddArtifactTask.unpacked (AddArtifactTask.java:239)
    at org.apache.maven.plugins.assembly.archive.task.AddArtifactTask.execute (AddArtifactTask.java:128)
    at org.apache.maven.plugins.assembly.archive.task.AddDependencySetsTask.addNormalArtifact (AddDependencySetsTask.java:263)
    at org.apache.maven.plugins.assembly.archive.task.AddDependencySetsTask.addDependencySet (AddDependencySetsTask.java:175)
    at org.apache.maven.plugins.assembly.archive.task.AddDependencySetsTask.execute (AddDependencySetsTask.java:120)
    at org.apache.maven.plugins.assembly.archive.phase.DependencySetAssemblyPhase.execute (DependencySetAssemblyPhase.java:104)
    at org.apache.maven.plugins.assembly.archive.DefaultAssemblyArchiver.createArchive (DefaultAssemblyArchiver.java:182)
    at org.apache.maven.plugins.assembly.mojos.AbstractAssemblyMojo.execute (AbstractAssemblyMojo.java:488)
    at org.apache.maven.plugins.assembly.mojos.SingleAssemblyMojo.execute (SingleAssemblyMojo.java:61)
    at org.apache.maven.plugin.DefaultBuildPluginManager.executeMojo (DefaultBuildPluginManager.java:137)
    at org.apache.maven.lifecycle.internal.MojoExecutor.execute (MojoExecutor.java:210)
    at org.apache.maven.lifecycle.internal.MojoExecutor.execute (MojoExecutor.java:156)
    at org.apache.maven.lifecycle.internal.MojoExecutor.execute (MojoExecutor.java:148)
    at org.apache.maven.lifecycle.internal.LifecycleModuleBuilder.buildProject (LifecycleModuleBuilder.java:117)
    at org.apache.maven.lifecycle.internal.LifecycleModuleBuilder.buildProject (LifecycleModuleBuilder.java:81)
    at org.apache.maven.lifecycle.internal.builder.singlethreaded.SingleThreadedBuilder.build (SingleThreadedBuilder.java:56)
    at org.apache.maven.lifecycle.internal.LifecycleStarter.execute (LifecycleStarter.java:128)
    at org.apache.maven.DefaultMaven.doExecute (DefaultMaven.java:305)
    at org.apache.maven.DefaultMaven.doExecute (DefaultMaven.java:192)
    at org.apache.maven.DefaultMaven.execute (DefaultMaven.java:105)
    at org.apache.maven.cli.MavenCli.execute (MavenCli.java:957)
    at org.apache.maven.cli.MavenCli.doMain (MavenCli.java:289)
    at org.apache.maven.cli.MavenCli.main (MavenCli.java:193)
    at sun.reflect.NativeMethodAccessorImpl.invoke0 (Native Method)
    at sun.reflect.NativeMethodAccessorImpl.invoke (NativeMethodAccessorImpl.java:62)
    at sun.reflect.DelegatingMethodAccessorImpl.invoke (DelegatingMethodAccessorImpl.java:43)
    at java.lang.reflect.Method.invoke (Method.java:498)
    at org.codehaus.plexus.classworlds.launcher.Launcher.launchEnhanced (Launcher.java:282)
    at org.codehaus.plexus.classworlds.launcher.Launcher.launch (Launcher.java:225)
    at org.codehaus.plexus.classworlds.launcher.Launcher.mainWithExitCode (Launcher.java:406)
    at org.codehaus.plexus.classworlds.launcher.Launcher.main (Launcher.java:347)
Caused by: org.codehaus.plexus.archiver.ArchiverException: Error adding archived file-set. PlexusIoResourceCollection not found for: /tmp/tmpy6dthiut/token-macro-plugin/target/token-macro.hpi
    at org.codehaus.plexus.archiver.AbstractArchiver.asResourceCollection (AbstractArchiver.java:761)
    at org.codehaus.plexus.archiver.AbstractArchiver.addArchivedFileSet (AbstractArchiver.java:836)
    at org.apache.maven.plugins.assembly.archive.archiver.AssemblyProxyArchiver.addArchivedFileSet (AssemblyProxyArchiver.java:697)
    at org.apache.maven.plugins.assembly.archive.task.AddArtifactTask.unpacked (AddArtifactTask.java:234)
    at org.apache.maven.plugins.assembly.archive.task.AddArtifactTask.execute (AddArtifactTask.java:128)
    at org.apache.maven.plugins.assembly.archive.task.AddDependencySetsTask.addNormalArtifact (AddDependencySetsTask.java:263)
    at org.apache.maven.plugins.assembly.archive.task.AddDependencySetsTask.addDependencySet (AddDependencySetsTask.java:175)
    at org.apache.maven.plugins.assembly.archive.task.AddDependencySetsTask.execute (AddDependencySetsTask.java:120)
    at org.apache.maven.plugins.assembly.archive.phase.DependencySetAssemblyPhase.execute (DependencySetAssemblyPhase.java:104)
    at org.apache.maven.plugins.assembly.archive.DefaultAssemblyArchiver.createArchive (DefaultAssemblyArchiver.java:182)
    at org.apache.maven.plugins.assembly.mojos.AbstractAssemblyMojo.execute (AbstractAssemblyMojo.java:488)
    at org.apache.maven.plugins.assembly.mojos.SingleAssemblyMojo.execute (SingleAssemblyMojo.java:61)
    at org.apache.maven.plugin.DefaultBuildPluginManager.executeMojo (DefaultBuildPluginManager.java:137)
    at org.apache.maven.lifecycle.internal.MojoExecutor.execute (MojoExecutor.java:210)
    at org.apache.maven.lifecycle.internal.MojoExecutor.execute (MojoExecutor.java:156)
    at org.apache.maven.lifecycle.internal.MojoExecutor.execute (MojoExecutor.java:148)
    at org.apache.maven.lifecycle.internal.LifecycleModuleBuilder.buildProject (LifecycleModuleBuilder.java:117)
    at org.apache.maven.lifecycle.internal.LifecycleModuleBuilder.buildProject (LifecycleModuleBuilder.java:81)
    at org.apache.maven.lifecycle.internal.builder.singlethreaded.SingleThreadedBuilder.build (SingleThreadedBuilder.java:56)
    at org.apache.maven.lifecycle.internal.LifecycleStarter.execute (LifecycleStarter.java:128)
    at org.apache.maven.DefaultMaven.doExecute (DefaultMaven.java:305)
    at org.apache.maven.DefaultMaven.doExecute (DefaultMaven.java:192)
    at org.apache.maven.DefaultMaven.execute (DefaultMaven.java:105)
    at org.apache.maven.cli.MavenCli.execute (MavenCli.java:957)
    at org.apache.maven.cli.MavenCli.doMain (MavenCli.java:289)
    at org.apache.maven.cli.MavenCli.main (MavenCli.java:193)
    at sun.reflect.NativeMethodAccessorImpl.invoke0 (Native Method)
    at sun.reflect.NativeMethodAccessorImpl.invoke (NativeMethodAccessorImpl.java:62)
    at sun.reflect.DelegatingMethodAccessorImpl.invoke (DelegatingMethodAccessorImpl.java:43)
    at java.lang.reflect.Method.invoke (Method.java:498)
    at org.codehaus.plexus.classworlds.launcher.Launcher.launchEnhanced (Launcher.java:282)
    at org.codehaus.plexus.classworlds.launcher.Launcher.launch (Launcher.java:225)
    at org.codehaus.plexus.classworlds.launcher.Launcher.mainWithExitCode (Launcher.java:406)
    at org.codehaus.plexus.classworlds.launcher.Launcher.main (Launcher.java:347)
Caused by: org.codehaus.plexus.archiver.manager.NoSuchArchiverException: No such archiver: 'hpi'.
    at org.codehaus.plexus.archiver.manager.DefaultArchiverManager.getResourceCollection (DefaultArchiverManager.java:94)
    at org.codehaus.plexus.archiver.manager.DefaultArchiverManager.getResourceCollection (DefaultArchiverManager.java:140)
    at org.codehaus.plexus.archiver.AbstractArchiver.asResourceCollection (AbstractArchiver.java:757)
    at org.codehaus.plexus.archiver.AbstractArchiver.addArchivedFileSet (AbstractArchiver.java:836)
    at org.apache.maven.plugins.assembly.archive.archiver.AssemblyProxyArchiver.addArchivedFileSet (AssemblyProxyArchiver.java:697)
    at org.apache.maven.plugins.assembly.archive.task.AddArtifactTask.unpacked (AddArtifactTask.java:234)
    at org.apache.maven.plugins.assembly.archive.task.AddArtifactTask.execute (AddArtifactTask.java:128)
    at org.apache.maven.plugins.assembly.archive.task.AddDependencySetsTask.addNormalArtifact (AddDependencySetsTask.java:263)
    at org.apache.maven.plugins.assembly.archive.task.AddDependencySetsTask.addDependencySet (AddDependencySetsTask.java:175)
    at org.apache.maven.plugins.assembly.archive.task.AddDependencySetsTask.execute (AddDependencySetsTask.java:120)
    at org.apache.maven.plugins.assembly.archive.phase.DependencySetAssemblyPhase.execute (DependencySetAssemblyPhase.java:104)
    at org.apache.maven.plugins.assembly.archive.DefaultAssemblyArchiver.createArchive (DefaultAssemblyArchiver.java:182)
    at org.apache.maven.plugins.assembly.mojos.AbstractAssemblyMojo.execute (AbstractAssemblyMojo.java:488)
    at org.apache.maven.plugins.assembly.mojos.SingleAssemblyMojo.execute (SingleAssemblyMojo.java:61)
    at org.apache.maven.plugin.DefaultBuildPluginManager.executeMojo (DefaultBuildPluginManager.java:137)
    at org.apache.maven.lifecycle.internal.MojoExecutor.execute (MojoExecutor.java:210)
    at org.apache.maven.lifecycle.internal.MojoExecutor.execute (MojoExecutor.java:156)
    at org.apache.maven.lifecycle.internal.MojoExecutor.execute (MojoExecutor.java:148)
    at org.apache.maven.lifecycle.internal.LifecycleModuleBuilder.buildProject (LifecycleModuleBuilder.java:117)
    at org.apache.maven.lifecycle.internal.LifecycleModuleBuilder.buildProject (LifecycleModuleBuilder.java:81)
    at org.apache.maven.lifecycle.internal.builder.singlethreaded.SingleThreadedBuilder.build (SingleThreadedBuilder.java:56)
    at org.apache.maven.lifecycle.internal.LifecycleStarter.execute (LifecycleStarter.java:128)
    at org.apache.maven.DefaultMaven.doExecute (DefaultMaven.java:305)
    at org.apache.maven.DefaultMaven.doExecute (DefaultMaven.java:192)
    at org.apache.maven.DefaultMaven.execute (DefaultMaven.java:105)
    at org.apache.maven.cli.MavenCli.execute (MavenCli.java:957)
    at org.apache.maven.cli.MavenCli.doMain (MavenCli.java:289)
    at org.apache.maven.cli.MavenCli.main (MavenCli.java:193)
    at sun.reflect.NativeMethodAccessorImpl.invoke0 (Native Method)
    at sun.reflect.NativeMethodAccessorImpl.invoke (NativeMethodAccessorImpl.java:62)
    at sun.reflect.DelegatingMethodAccessorImpl.invoke (DelegatingMethodAccessorImpl.java:43)
    at java.lang.reflect.Method.invoke (Method.java:498)
    at org.codehaus.plexus.classworlds.launcher.Launcher.launchEnhanced (Launcher.java:282)
    at org.codehaus.plexus.classworlds.launcher.Launcher.launch (Launcher.java:225)
    at org.codehaus.plexus.classworlds.launcher.Launcher.mainWithExitCode (Launcher.java:406)
    at org.codehaus.plexus.classworlds.launcher.Launcher.main (Launcher.java:347)
[ERROR] 
[ERROR] Re-run Maven using the -X switch to enable full debug logging.
[ERROR] 
[ERROR] For more information about the errors and possible solutions, please read the following articles:
[ERROR] [Help 1] http://cwiki.apache.org/confluence/display/MAVEN/MojoExecutionException
[INFO] Build failures were ignored.
