[INFO] Error stacktraces are turned on.
[INFO] Scanning for projects...
[INFO] 
[INFO] -----------< jp.co.acroquest.acromusashi:acromusashi-stream >-----------
[INFO] Building acromusashi-stream 0.6.8-SNAPSHOT
[INFO] --------------------------------[ jar ]---------------------------------
[INFO] 
[INFO] --- jacoco-maven-plugin:0.8.5:prepare-agent (default) @ acromusashi-stream ---
[INFO] argLine set to -javaagent:/home/jdbl/.m2/repository/org/jacoco/org.jacoco.agent/0.8.5/org.jacoco.agent-0.8.5-runtime.jar=destfile=/tmp/tmp0nt7w7fb/acromusashi-stream/target/jacoco.exec
[INFO] 
[INFO] --- maven-resources-plugin:2.6:resources (default-resources) @ acromusashi-stream ---
[INFO] Using 'UTF-8' encoding to copy filtered resources.
[INFO] Copying 3 resources
[INFO] 
[INFO] --- maven-compiler-plugin:2.3.2:compile (default-compile) @ acromusashi-stream ---
[INFO] Compiling 89 source files to /tmp/tmp0nt7w7fb/acromusashi-stream/target/classes
[INFO] 
[INFO] --- maven-resources-plugin:2.6:testResources (default-testResources) @ acromusashi-stream ---
[INFO] Using 'UTF-8' encoding to copy filtered resources.
[INFO] Copying 8 resources
[INFO] 
[INFO] --- maven-compiler-plugin:2.3.2:testCompile (default-testCompile) @ acromusashi-stream ---
[INFO] Compiling 31 source files to /tmp/tmp0nt7w7fb/acromusashi-stream/target/test-classes
[INFO] 
[INFO] --- maven-surefire-plugin:2.19.1:test (default-test) @ acromusashi-stream ---
[INFO] Surefire report directory: /tmp/tmp0nt7w7fb/acromusashi-stream/target/surefire-reports

-------------------------------------------------------
 T E S T S
-------------------------------------------------------
Running acromusashi.stream.client.DrpcRequestClientTest
22:28:07,096 |-INFO in ch.qos.logback.classic.LoggerContext[default] - Could NOT find resource [logback.groovy]
22:28:07,097 |-INFO in ch.qos.logback.classic.LoggerContext[default] - Could NOT find resource [logback-test.xml]
22:28:07,097 |-INFO in ch.qos.logback.classic.LoggerContext[default] - Found resource [logback.xml] at [file:/tmp/tmp0nt7w7fb/acromusashi-stream/target/test-classes/logback.xml]
22:28:07,097 |-WARN in ch.qos.logback.classic.LoggerContext[default] - Resource [logback.xml] occurs multiple times on the classpath.
22:28:07,098 |-WARN in ch.qos.logback.classic.LoggerContext[default] - Resource [logback.xml] occurs at [file:/tmp/tmp0nt7w7fb/acromusashi-stream/target/test-classes/logback.xml]
22:28:07,098 |-WARN in ch.qos.logback.classic.LoggerContext[default] - Resource [logback.xml] occurs at [jar:file:/home/jdbl/.m2/repository/org/apache/storm/storm-core/0.9.4/storm-core-0.9.4.jar!/logback.xml]
22:28:07,380 |-INFO in ch.qos.logback.classic.joran.action.ConfigurationAction - debug attribute not set
22:28:07,389 |-INFO in ch.qos.logback.classic.joran.action.ConfigurationAction - Setting ReconfigureOnChangeFilter scanning period to 30 seconds
22:28:07,389 |-INFO in ReconfigureOnChangeFilter{invocationCounter=0} - Will scan for changes in [[/tmp/tmp0nt7w7fb/acromusashi-stream/target/test-classes/logback.xml]] every 30 seconds. 
22:28:07,389 |-INFO in ch.qos.logback.classic.joran.action.ConfigurationAction - Adding ReconfigureOnChangeFilter as a turbo filter
22:28:07,391 |-INFO in ch.qos.logback.classic.joran.action.JMXConfiguratorAction - begin
22:28:07,460 |-INFO in ch.qos.logback.core.joran.action.AppenderAction - About to instantiate appender of type [ch.qos.logback.core.rolling.RollingFileAppender]
22:28:07,485 |-INFO in ch.qos.logback.core.joran.action.AppenderAction - Naming appender as [FILE]
22:28:07,557 |-INFO in c.q.l.core.rolling.TimeBasedRollingPolicy - No compression will be used
22:28:07,559 |-INFO in c.q.l.core.rolling.TimeBasedRollingPolicy - Will use the pattern /var/log/storm/storm-logfile.name_IS_UNDEFINED.%d{yyyy-MM-dd} for the active file
22:28:07,563 |-INFO in c.q.l.core.rolling.DefaultTimeBasedFileNamingAndTriggeringPolicy - The date pattern is 'yyyy-MM-dd' from file name pattern '/var/log/storm/storm-logfile.name_IS_UNDEFINED.%d{yyyy-MM-dd}'.
22:28:07,563 |-INFO in c.q.l.core.rolling.DefaultTimeBasedFileNamingAndTriggeringPolicy - Roll-over at midnight.
22:28:07,566 |-INFO in c.q.l.core.rolling.DefaultTimeBasedFileNamingAndTriggeringPolicy - Setting initial period to Thu Jul 30 22:28:07 UTC 2020
22:28:07,567 |-INFO in ch.qos.logback.core.joran.action.NestedComplexPropertyIA - Assuming default type [ch.qos.logback.classic.encoder.PatternLayoutEncoder] for [encoder] property
22:28:07,600 |-INFO in ch.qos.logback.core.rolling.RollingFileAppender[FILE] - Active log file name: /var/log/storm/storm-logfile.name_IS_UNDEFINED
22:28:07,600 |-INFO in ch.qos.logback.core.rolling.RollingFileAppender[FILE] - File property is set to [/var/log/storm/storm-logfile.name_IS_UNDEFINED]
22:28:07,601 |-ERROR in ch.qos.logback.core.rolling.RollingFileAppender[FILE] - Failed to create parent directories for [/var/log/storm/storm-logfile.name_IS_UNDEFINED]
22:28:07,602 |-ERROR in ch.qos.logback.core.rolling.RollingFileAppender[FILE] - openFile(/var/log/storm/storm-logfile.name_IS_UNDEFINED,true) call failed. java.io.FileNotFoundException: /var/log/storm/storm-logfile.name_IS_UNDEFINED (No such file or directory)
	at java.io.FileNotFoundException: /var/log/storm/storm-logfile.name_IS_UNDEFINED (No such file or directory)
	at 	at java.io.FileOutputStream.open0(Native Method)
	at 	at java.io.FileOutputStream.open(FileOutputStream.java:270)
	at 	at java.io.FileOutputStream.<init>(FileOutputStream.java:213)
	at 	at ch.qos.logback.core.recovery.ResilientFileOutputStream.<init>(ResilientFileOutputStream.java:28)
	at 	at ch.qos.logback.core.FileAppender.openFile(FileAppender.java:149)
	at 	at ch.qos.logback.core.FileAppender.start(FileAppender.java:108)
	at 	at ch.qos.logback.core.rolling.RollingFileAppender.start(RollingFileAppender.java:86)
	at 	at ch.qos.logback.core.joran.action.AppenderAction.end(AppenderAction.java:96)
	at 	at ch.qos.logback.core.joran.spi.Interpreter.callEndAction(Interpreter.java:317)
	at 	at ch.qos.logback.core.joran.spi.Interpreter.endElement(Interpreter.java:196)
	at 	at ch.qos.logback.core.joran.spi.Interpreter.endElement(Interpreter.java:182)
	at 	at ch.qos.logback.core.joran.spi.EventPlayer.play(EventPlayer.java:62)
	at 	at ch.qos.logback.core.joran.GenericConfigurator.doConfigure(GenericConfigurator.java:149)
	at 	at ch.qos.logback.core.joran.GenericConfigurator.doConfigure(GenericConfigurator.java:135)
	at 	at ch.qos.logback.core.joran.GenericConfigurator.doConfigure(GenericConfigurator.java:99)
	at 	at ch.qos.logback.core.joran.GenericConfigurator.doConfigure(GenericConfigurator.java:49)
	at 	at ch.qos.logback.classic.util.ContextInitializer.configureByResource(ContextInitializer.java:75)
	at 	at ch.qos.logback.classic.util.ContextInitializer.autoConfig(ContextInitializer.java:148)
	at 	at org.slf4j.impl.StaticLoggerBinder.init(StaticLoggerBinder.java:85)
	at 	at org.slf4j.impl.StaticLoggerBinder.<clinit>(StaticLoggerBinder.java:55)
	at 	at org.slf4j.LoggerFactory.bind(LoggerFactory.java:128)
	at 	at org.slf4j.LoggerFactory.performInitialization(LoggerFactory.java:107)
	at 	at org.slf4j.LoggerFactory.getILoggerFactory(LoggerFactory.java:295)
	at 	at org.slf4j.LoggerFactory.getLogger(LoggerFactory.java:269)
	at 	at org.slf4j.LoggerFactory.getLogger(LoggerFactory.java:281)
	at 	at acromusashi.stream.client.DrpcRequestClient.<clinit>(DrpcRequestClient.java:42)
	at 	at acromusashi.stream.client.DrpcRequestClientTest.setUp(DrpcRequestClientTest.java:52)
	at 	at sun.reflect.NativeMethodAccessorImpl.invoke0(Native Method)
	at 	at sun.reflect.NativeMethodAccessorImpl.invoke(NativeMethodAccessorImpl.java:62)
	at 	at sun.reflect.DelegatingMethodAccessorImpl.invoke(DelegatingMethodAccessorImpl.java:43)
	at 	at java.lang.reflect.Method.invoke(Method.java:498)
	at 	at org.junit.runners.model.FrameworkMethod$1.runReflectiveCall(FrameworkMethod.java:47)
	at 	at org.junit.internal.runners.model.ReflectiveCallable.run(ReflectiveCallable.java:12)
	at 	at org.junit.runners.model.FrameworkMethod.invokeExplosively(FrameworkMethod.java:44)
	at 	at org.junit.internal.runners.statements.RunBefores.evaluate(RunBefores.java:24)
	at 	at org.junit.internal.runners.statements.RunAfters.evaluate(RunAfters.java:27)
	at 	at org.junit.runners.ParentRunner.runLeaf(ParentRunner.java:271)
	at 	at org.junit.runners.BlockJUnit4ClassRunner.runChild(BlockJUnit4ClassRunner.java:70)
	at 	at org.junit.runners.BlockJUnit4ClassRunner.runChild(BlockJUnit4ClassRunner.java:50)
	at 	at org.junit.runners.ParentRunner$3.run(ParentRunner.java:238)
	at 	at org.junit.runners.ParentRunner$1.schedule(ParentRunner.java:63)
	at 	at org.junit.runners.ParentRunner.runChildren(ParentRunner.java:236)
	at 	at org.junit.runners.ParentRunner.access$000(ParentRunner.java:53)
	at 	at org.junit.runners.ParentRunner$2.evaluate(ParentRunner.java:229)
	at 	at org.junit.runners.ParentRunner.run(ParentRunner.java:309)
	at 	at org.apache.maven.surefire.junit4.JUnit4Provider.execute(JUnit4Provider.java:367)
	at 	at org.apache.maven.surefire.junit4.JUnit4Provider.executeWithRerun(JUnit4Provider.java:274)
	at 	at org.apache.maven.surefire.junit4.JUnit4Provider.executeTestSet(JUnit4Provider.java:238)
	at 	at org.apache.maven.surefire.junit4.JUnit4Provider.invoke(JUnit4Provider.java:161)
	at 	at org.apache.maven.surefire.booter.ForkedBooter.invokeProviderInSameClassLoader(ForkedBooter.java:290)
	at 	at org.apache.maven.surefire.booter.ForkedBooter.runSuitesInProcess(ForkedBooter.java:242)
	at 	at org.apache.maven.surefire.booter.ForkedBooter.main(ForkedBooter.java:121)
22:28:07,602 |-INFO in ch.qos.logback.classic.joran.action.LoggerAction - Setting level of logger [backtype.storm.daemon.task] to WARN
22:28:07,602 |-INFO in ch.qos.logback.classic.joran.action.LoggerAction - Setting additivity of logger [backtype.storm.daemon.task] to false
22:28:07,603 |-INFO in ch.qos.logback.core.joran.action.AppenderRefAction - Attaching appender named [FILE] to Logger[backtype.storm.daemon.task]
22:28:07,603 |-INFO in ch.qos.logback.classic.joran.action.LoggerAction - Setting level of logger [backtype.storm.daemon.executor] to WARN
22:28:07,603 |-INFO in ch.qos.logback.classic.joran.action.LoggerAction - Setting additivity of logger [backtype.storm.daemon.executor] to false
22:28:07,603 |-INFO in ch.qos.logback.core.joran.action.AppenderRefAction - Attaching appender named [FILE] to Logger[backtype.storm.daemon.executor]
22:28:07,603 |-INFO in ch.qos.logback.classic.joran.action.LoggerAction - Setting level of logger [org.apache.zookeeper.ClientCnxn] to INFO
22:28:07,604 |-INFO in ch.qos.logback.classic.joran.action.LoggerAction - Setting additivity of logger [org.apache.zookeeper.ClientCnxn] to false
22:28:07,604 |-INFO in ch.qos.logback.core.joran.action.AppenderRefAction - Attaching appender named [FILE] to Logger[org.apache.zookeeper.ClientCnxn]
22:28:07,608 |-INFO in ch.qos.logback.classic.joran.action.LoggerAction - Setting level of logger [backtype.storm.daemon.worker] to INFO
22:28:07,608 |-INFO in ch.qos.logback.classic.joran.action.LoggerAction - Setting additivity of logger [backtype.storm.daemon.worker] to false
22:28:07,608 |-INFO in ch.qos.logback.core.joran.action.AppenderRefAction - Attaching appender named [FILE] to Logger[backtype.storm.daemon.worker]
22:28:07,608 |-INFO in ch.qos.logback.classic.joran.action.RootLoggerAction - Setting level of ROOT logger to INFO
22:28:07,608 |-INFO in ch.qos.logback.core.joran.action.AppenderRefAction - Attaching appender named [FILE] to Logger[ROOT]
22:28:07,608 |-INFO in ch.qos.logback.classic.joran.action.ConfigurationAction - End of configuration.
22:28:07,608 |-INFO in ch.qos.logback.classic.joran.JoranConfigurator@1b1c538d - Registering current configuration as safe fallback point

usage: acromusashi.stream.client.DrpcRequestClient -a <DRPC Function Arg>
       -f <DRPC Function> -h <DRPCServer Host> [-p <DRPCServer Port>]
       [-sh] [-t <DRPC Request Timeout>]
 -a <DRPC Function Arg>      DRPC Function Arg
 -f <DRPC Function>          DRPC Function
 -h <DRPCServer Host>        DRPCServer Host
 -p <DRPCServer Port>        DRPCServer Port
 -sh                         show help
 -t <DRPC Request Timeout>   DRPC Request Timeout
usage: acromusashi.stream.client.DrpcRequestClient -a <DRPC Function Arg>
       -f <DRPC Function> -h <DRPCServer Host> [-p <DRPCServer Port>]
       [-sh] [-t <DRPC Request Timeout>]
 -a <DRPC Function Arg>      DRPC Function Arg
 -f <DRPC Function>          DRPC Function
 -h <DRPCServer Host>        DRPCServer Host
 -p <DRPCServer Port>        DRPCServer Port
 -sh                         show help
 -t <DRPC Request Timeout>   DRPC Request Timeout
Tests run: 7, Failures: 0, Errors: 0, Skipped: 0, Time elapsed: 1.088 sec - in acromusashi.stream.client.DrpcRequestClientTest
Running acromusashi.stream.config.StormConfigGeneratorTest
Tests run: 2, Failures: 0, Errors: 0, Skipped: 0, Time elapsed: 0.099 sec - in acromusashi.stream.config.StormConfigGeneratorTest
Running acromusashi.stream.config.ConfigFileWatcherTest
Tests run: 6, Failures: 0, Errors: 0, Skipped: 0, Time elapsed: 0.031 sec - in acromusashi.stream.config.ConfigFileWatcherTest
Running acromusashi.stream.config.StormConfigUtilTest
Tests run: 8, Failures: 0, Errors: 0, Skipped: 0, Time elapsed: 0.054 sec - in acromusashi.stream.config.StormConfigUtilTest
Running acromusashi.stream.bean.FieldExtractorTest
Tests run: 6, Failures: 0, Errors: 0, Skipped: 0, Time elapsed: 0.105 sec - in acromusashi.stream.bean.FieldExtractorTest
Running acromusashi.stream.component.mqtt.spout.MqttSpoutTest
Tests run: 5, Failures: 0, Errors: 0, Skipped: 0, Time elapsed: 0.101 sec - in acromusashi.stream.component.mqtt.spout.MqttSpoutTest
Running acromusashi.stream.component.infinispan.bolt.InfinispanLookupBoltTest
Tests run: 5, Failures: 0, Errors: 0, Skipped: 0, Time elapsed: 0.094 sec - in acromusashi.stream.component.infinispan.bolt.InfinispanLookupBoltTest
Running acromusashi.stream.component.infinispan.bolt.InfinispanStoreBoltTest
Tests run: 4, Failures: 0, Errors: 0, Skipped: 0, Time elapsed: 0.031 sec - in acromusashi.stream.component.infinispan.bolt.InfinispanStoreBoltTest
Running acromusashi.stream.component.rabbitmq.AbstractContextBuilderTest
Tests run: 2, Failures: 0, Errors: 0, Skipped: 0, Time elapsed: 0.053 sec - in acromusashi.stream.component.rabbitmq.AbstractContextBuilderTest
Running acromusashi.stream.component.rabbitmq.RabbitmqClusterContextTest
Tests run: 6, Failures: 0, Errors: 0, Skipped: 0, Time elapsed: 0.032 sec - in acromusashi.stream.component.rabbitmq.RabbitmqClusterContextTest
Running acromusashi.stream.component.rabbitmq.QueueSizeCallBackTest
Tests run: 2, Failures: 0, Errors: 0, Skipped: 0, Time elapsed: 0.033 sec - in acromusashi.stream.component.rabbitmq.QueueSizeCallBackTest
Running acromusashi.stream.component.rabbitmq.AmqpTemplateFactoryTest
Tests run: 2, Failures: 0, Errors: 0, Skipped: 0, Time elapsed: 0.113 sec - in acromusashi.stream.component.rabbitmq.AmqpTemplateFactoryTest
Running acromusashi.stream.component.rabbitmq.RabbitmqCommunicateExceptionTest
Tests run: 4, Failures: 0, Errors: 0, Skipped: 0, Time elapsed: 0.002 sec - in acromusashi.stream.component.rabbitmq.RabbitmqCommunicateExceptionTest
Running acromusashi.stream.component.rabbitmq.DefaultRabbitmqClientTest
Tests run: 12, Failures: 0, Errors: 0, Skipped: 0, Time elapsed: 0.663 sec - in acromusashi.stream.component.rabbitmq.DefaultRabbitmqClientTest
Running acromusashi.stream.util.TimeUnitUtilTest
Tests run: 2, Failures: 0, Errors: 0, Skipped: 0, Time elapsed: 0.001 sec - in acromusashi.stream.util.TimeUnitUtilTest
Running acromusashi.stream.util.JsonValueExtractorTest
Tests run: 1, Failures: 0, Errors: 0, Skipped: 0, Time elapsed: 0.092 sec - in acromusashi.stream.util.JsonValueExtractorTest
Running acromusashi.stream.util.TimeIntervalFormatUtilTest
Tests run: 3, Failures: 0, Errors: 0, Skipped: 0, Time elapsed: 0.005 sec - in acromusashi.stream.util.TimeIntervalFormatUtilTest
Running acromusashi.stream.bolt.AmBaseBoltUnitTest
Tests run: 1, Failures: 0, Errors: 0, Skipped: 0, Time elapsed: 8.877 sec - in acromusashi.stream.bolt.AmBaseBoltUnitTest
Running acromusashi.stream.bolt.AmBaseBoltTest
Tests run: 8, Failures: 0, Errors: 0, Skipped: 0, Time elapsed: 0.063 sec - in acromusashi.stream.bolt.AmBaseBoltTest
Running acromusashi.stream.spout.DrpcTridentEmitterTest
Tests run: 10, Failures: 0, Errors: 0, Skipped: 0, Time elapsed: 0.227 sec - in acromusashi.stream.spout.DrpcTridentEmitterTest
Running acromusashi.stream.spout.DrpcFetchHelperTest
Tests run: 7, Failures: 0, Errors: 0, Skipped: 0, Time elapsed: 0.02 sec - in acromusashi.stream.spout.DrpcFetchHelperTest
Running acromusashi.stream.spout.AmBaseSpoutUnitTest
Tests run: 1, Failures: 0, Errors: 0, Skipped: 0, Time elapsed: 2.128 sec - in acromusashi.stream.spout.AmBaseSpoutUnitTest
Running acromusashi.stream.spout.AmBaseSpoutTest
Tests run: 15, Failures: 0, Errors: 0, Skipped: 0, Time elapsed: 0.02 sec - in acromusashi.stream.spout.AmBaseSpoutTest

Results :

Tests run: 119, Failures: 0, Errors: 0, Skipped: 0

[INFO] 
[INFO] --- jacoco-maven-plugin:0.8.5:report (report) @ acromusashi-stream ---
[INFO] Loading execution data file /tmp/tmp0nt7w7fb/acromusashi-stream/target/jacoco.exec
[INFO] Analyzed bundle 'acromusashi-stream' with 108 classes
[INFO] ------------------------------------------------------------------------
[INFO] BUILD SUCCESS
[INFO] ------------------------------------------------------------------------
[INFO] Total time:  09:35 min
[INFO] Finished at: 2020-07-30T22:28:22Z
[INFO] ------------------------------------------------------------------------
