[INFO] Error stacktraces are turned on.
[INFO] Scanning for projects...
[INFO] 
[INFO] -------------< org.multibit.exchange:mbex-matching-engine >-------------
[INFO] Building MultiBit Exchange develop-SNAPSHOT
[INFO] --------------------------------[ jar ]---------------------------------
[INFO] 
[INFO] --- jacoco-maven-plugin:0.8.5:prepare-agent (default) @ mbex-matching-engine ---
[INFO] argLine set to -javaagent:/home/jdbl/.m2/repository/org/jacoco/org.jacoco.agent/0.8.5/org.jacoco.agent-0.8.5-runtime.jar=destfile=/tmp/tmpbws4rsm8/MultiBitExchange/target/jacoco.exec
[INFO] 
[INFO] --- maven-resources-plugin:2.6:resources (default-resources) @ mbex-matching-engine ---
[INFO] Using 'UTF-8' encoding to copy filtered resources.
[INFO] Copying 120 resources
[INFO] 
[INFO] --- maven-compiler-plugin:3.1:compile (default-compile) @ mbex-matching-engine ---
[INFO] Changes detected - recompiling the module!
[INFO] Compiling 108 source files to /tmp/tmpbws4rsm8/MultiBitExchange/target/classes
[WARNING] /tmp/tmpbws4rsm8/MultiBitExchange/src/main/java/org/multibit/exchange/infrastructure/common/StreamUtils.java: Some input files use or override a deprecated API.
[WARNING] /tmp/tmpbws4rsm8/MultiBitExchange/src/main/java/org/multibit/exchange/infrastructure/common/StreamUtils.java: Recompile with -Xlint:deprecation for details.
[WARNING] /tmp/tmpbws4rsm8/MultiBitExchange/src/main/java/org/multibit/exchange/infrastructure/adaptor/web/config/DefaultCommandGatewayProvider.java: /tmp/tmpbws4rsm8/MultiBitExchange/src/main/java/org/multibit/exchange/infrastructure/adaptor/web/config/DefaultCommandGatewayProvider.java uses unchecked or unsafe operations.
[WARNING] /tmp/tmpbws4rsm8/MultiBitExchange/src/main/java/org/multibit/exchange/infrastructure/adaptor/web/config/DefaultCommandGatewayProvider.java: Recompile with -Xlint:unchecked for details.
[INFO] 
[INFO] --- maven-resources-plugin:2.6:testResources (default-testResources) @ mbex-matching-engine ---
[INFO] Using 'UTF-8' encoding to copy filtered resources.
[INFO] Copying 6 resources
[INFO] 
[INFO] --- maven-compiler-plugin:3.1:testCompile (default-testCompile) @ mbex-matching-engine ---
[INFO] Changes detected - recompiling the module!
[INFO] Compiling 59 source files to /tmp/tmpbws4rsm8/MultiBitExchange/target/test-classes
[INFO] -------------------------------------------------------------
[WARNING] COMPILATION WARNING : 
[INFO] -------------------------------------------------------------
[WARNING] /tmp/tmpbws4rsm8/MultiBitExchange/src/test/java/org/multibit/exchange/cucumber/OrderBookSteps.java: Some input files use or override a deprecated API.
[WARNING] /tmp/tmpbws4rsm8/MultiBitExchange/src/test/java/org/multibit/exchange/cucumber/OrderBookSteps.java: Recompile with -Xlint:deprecation for details.
[WARNING] /tmp/tmpbws4rsm8/MultiBitExchange/src/test/java/org/multibit/exchange/infrastructure/adaptor/web/integration/BaseDropWizardSerializationTest.java: /tmp/tmpbws4rsm8/MultiBitExchange/src/test/java/org/multibit/exchange/infrastructure/adaptor/web/integration/BaseDropWizardSerializationTest.java uses unchecked or unsafe operations.
[WARNING] /tmp/tmpbws4rsm8/MultiBitExchange/src/test/java/org/multibit/exchange/infrastructure/adaptor/web/integration/BaseDropWizardSerializationTest.java: Recompile with -Xlint:unchecked for details.
[INFO] 4 warnings 
[INFO] -------------------------------------------------------------
[INFO] -------------------------------------------------------------
[ERROR] COMPILATION ERROR : 
[INFO] -------------------------------------------------------------
[ERROR] /tmp/tmpbws4rsm8/MultiBitExchange/src/test/java/org/multibit/exchange/testing/BrokerFaker.java:[20,22] cannot find symbol
  symbol:   method firstName()
  location: variable faker of type com.github.javafaker.Faker
[ERROR] /tmp/tmpbws4rsm8/MultiBitExchange/src/test/java/org/multibit/exchange/testing/BrokerFaker.java:[21,22] cannot find symbol
  symbol:   method lastName()
  location: variable faker of type com.github.javafaker.Faker
[INFO] 2 errors 
[INFO] -------------------------------------------------------------
[INFO] ------------------------------------------------------------------------
[INFO] BUILD FAILURE
[INFO] ------------------------------------------------------------------------
[INFO] Total time:  23.034 s
[INFO] Finished at: 2020-08-03T11:09:28Z
[INFO] ------------------------------------------------------------------------
[ERROR] Failed to execute goal org.apache.maven.plugins:maven-compiler-plugin:3.1:testCompile (default-testCompile) on project mbex-matching-engine: Compilation failure: Compilation failure: 
[ERROR] /tmp/tmpbws4rsm8/MultiBitExchange/src/test/java/org/multibit/exchange/testing/BrokerFaker.java:[20,22] cannot find symbol
[ERROR]   symbol:   method firstName()
[ERROR]   location: variable faker of type com.github.javafaker.Faker
[ERROR] /tmp/tmpbws4rsm8/MultiBitExchange/src/test/java/org/multibit/exchange/testing/BrokerFaker.java:[21,22] cannot find symbol
[ERROR]   symbol:   method lastName()
[ERROR]   location: variable faker of type com.github.javafaker.Faker
[ERROR] -> [Help 1]
org.apache.maven.lifecycle.LifecycleExecutionException: Failed to execute goal org.apache.maven.plugins:maven-compiler-plugin:3.1:testCompile (default-testCompile) on project mbex-matching-engine: Compilation failure
    at org.apache.maven.lifecycle.internal.MojoExecutor.execute (MojoExecutor.java:215)
    at org.apache.maven.lifecycle.internal.MojoExecutor.execute (MojoExecutor.java:156)
    at org.apache.maven.lifecycle.internal.MojoExecutor.execute (MojoExecutor.java:148)
    at org.apache.maven.lifecycle.internal.LifecycleModuleBuilder.buildProject (LifecycleModuleBuilder.java:117)
    at org.apache.maven.lifecycle.internal.LifecycleModuleBuilder.buildProject (LifecycleModuleBuilder.java:81)
    at org.apache.maven.lifecycle.internal.builder.singlethreaded.SingleThreadedBuilder.build (SingleThreadedBuilder.java:56)
    at org.apache.maven.lifecycle.internal.LifecycleStarter.execute (LifecycleStarter.java:128)
    at org.apache.maven.DefaultMaven.doExecute (DefaultMaven.java:305)
    at org.apache.maven.DefaultMaven.doExecute (DefaultMaven.java:192)
    at org.apache.maven.DefaultMaven.execute (DefaultMaven.java:105)
    at org.apache.maven.cli.MavenCli.execute (MavenCli.java:957)
    at org.apache.maven.cli.MavenCli.doMain (MavenCli.java:289)
    at org.apache.maven.cli.MavenCli.main (MavenCli.java:193)
    at sun.reflect.NativeMethodAccessorImpl.invoke0 (Native Method)
    at sun.reflect.NativeMethodAccessorImpl.invoke (NativeMethodAccessorImpl.java:62)
    at sun.reflect.DelegatingMethodAccessorImpl.invoke (DelegatingMethodAccessorImpl.java:43)
    at java.lang.reflect.Method.invoke (Method.java:498)
    at org.codehaus.plexus.classworlds.launcher.Launcher.launchEnhanced (Launcher.java:282)
    at org.codehaus.plexus.classworlds.launcher.Launcher.launch (Launcher.java:225)
    at org.codehaus.plexus.classworlds.launcher.Launcher.mainWithExitCode (Launcher.java:406)
    at org.codehaus.plexus.classworlds.launcher.Launcher.main (Launcher.java:347)
Caused by: org.apache.maven.plugin.compiler.CompilationFailureException: Compilation failure
    at org.apache.maven.plugin.compiler.AbstractCompilerMojo.execute (AbstractCompilerMojo.java:858)
    at org.apache.maven.plugin.compiler.TestCompilerMojo.execute (TestCompilerMojo.java:152)
    at org.apache.maven.plugin.DefaultBuildPluginManager.executeMojo (DefaultBuildPluginManager.java:137)
    at org.apache.maven.lifecycle.internal.MojoExecutor.execute (MojoExecutor.java:210)
    at org.apache.maven.lifecycle.internal.MojoExecutor.execute (MojoExecutor.java:156)
    at org.apache.maven.lifecycle.internal.MojoExecutor.execute (MojoExecutor.java:148)
    at org.apache.maven.lifecycle.internal.LifecycleModuleBuilder.buildProject (LifecycleModuleBuilder.java:117)
    at org.apache.maven.lifecycle.internal.LifecycleModuleBuilder.buildProject (LifecycleModuleBuilder.java:81)
    at org.apache.maven.lifecycle.internal.builder.singlethreaded.SingleThreadedBuilder.build (SingleThreadedBuilder.java:56)
    at org.apache.maven.lifecycle.internal.LifecycleStarter.execute (LifecycleStarter.java:128)
    at org.apache.maven.DefaultMaven.doExecute (DefaultMaven.java:305)
    at org.apache.maven.DefaultMaven.doExecute (DefaultMaven.java:192)
    at org.apache.maven.DefaultMaven.execute (DefaultMaven.java:105)
    at org.apache.maven.cli.MavenCli.execute (MavenCli.java:957)
    at org.apache.maven.cli.MavenCli.doMain (MavenCli.java:289)
    at org.apache.maven.cli.MavenCli.main (MavenCli.java:193)
    at sun.reflect.NativeMethodAccessorImpl.invoke0 (Native Method)
    at sun.reflect.NativeMethodAccessorImpl.invoke (NativeMethodAccessorImpl.java:62)
    at sun.reflect.DelegatingMethodAccessorImpl.invoke (DelegatingMethodAccessorImpl.java:43)
    at java.lang.reflect.Method.invoke (Method.java:498)
    at org.codehaus.plexus.classworlds.launcher.Launcher.launchEnhanced (Launcher.java:282)
    at org.codehaus.plexus.classworlds.launcher.Launcher.launch (Launcher.java:225)
    at org.codehaus.plexus.classworlds.launcher.Launcher.mainWithExitCode (Launcher.java:406)
    at org.codehaus.plexus.classworlds.launcher.Launcher.main (Launcher.java:347)
[ERROR] 
[ERROR] Re-run Maven using the -X switch to enable full debug logging.
[ERROR] 
[ERROR] For more information about the errors and possible solutions, please read the following articles:
[ERROR] [Help 1] http://cwiki.apache.org/confluence/display/MAVEN/MojoFailureException
[INFO] Build failures were ignored.
