[INFO] Error stacktraces are turned on.
[INFO] Scanning for projects...
[INFO] 
[INFO] --------------------------< com.atlantbh:owl >--------------------------
[INFO] Building owl 1.2.0-SNAPSHOT
[INFO] --------------------------------[ jar ]---------------------------------
[INFO] 
[INFO] --- frontend-maven-plugin:1.3:install-node-and-yarn (install node and yarn) @ owl ---
[INFO] Installing node version v12.5.0
[INFO] Downloading https://nodejs.org/dist/v12.5.0/node-v12.5.0-linux-x64.tar.gz to /home/jdbl/.m2/repository/com/github/eirslett/node/12.5.0/node-12.5.0-linux-x64.tar.gz
[INFO] No proxies configured
[INFO] No proxy was configured, downloading directly
[INFO] Unpacking /home/jdbl/.m2/repository/com/github/eirslett/node/12.5.0/node-12.5.0-linux-x64.tar.gz into /tmp/tmp1xcypz2_/owl/src/main/react/node/tmp
[INFO] Copying node binary from /tmp/tmp1xcypz2_/owl/src/main/react/node/tmp/node-v12.5.0-linux-x64/bin/node to /tmp/tmp1xcypz2_/owl/src/main/react/node/node
[INFO] Installed node locally.
[INFO] Installing Yarn version v0.24.6
[INFO] Downloading https://github.com/yarnpkg/yarn/releases/download/v0.24.6/yarn-v0.24.6.tar.gz to /home/jdbl/.m2/repository/com/github/eirslett/yarn/0.24.6/yarn-0.24.6./yarn-v0.24.6.tar.gz
[INFO] No proxies configured
[INFO] No proxy was configured, downloading directly
Jul 30, 2020 8:51:20 PM org.apache.http.client.protocol.ResponseProcessCookies processCookies
WARNING: Invalid cookie header: "Set-Cookie: _octo=GH1.1.768133210.1596142280; Path=/; Domain=github.com; Expires=Fri, 30 Jul 2021 20:51:20 GMT; Secure; SameSite=Lax". Invalid 'expires' attribute: Fri, 30 Jul 2021 20:51:20 GMT
Jul 30, 2020 8:51:20 PM org.apache.http.client.protocol.ResponseProcessCookies processCookies
WARNING: Invalid cookie header: "Set-Cookie: logged_in=no; Path=/; Domain=github.com; Expires=Fri, 30 Jul 2021 20:51:20 GMT; HttpOnly; Secure; SameSite=Lax". Invalid 'expires' attribute: Fri, 30 Jul 2021 20:51:20 GMT
[INFO] Unpacking /home/jdbl/.m2/repository/com/github/eirslett/yarn/0.24.6/yarn-0.24.6./yarn-v0.24.6.tar.gz into /tmp/tmp1xcypz2_/owl/src/main/react/node/yarn
[INFO] Installed Yarn locally.
[INFO] 
[INFO] --- jacoco-maven-plugin:0.8.5:prepare-agent (default) @ owl ---
[INFO] argLine set to -javaagent:/home/jdbl/.m2/repository/org/jacoco/org.jacoco.agent/0.8.5/org.jacoco.agent-0.8.5-runtime.jar=destfile=/tmp/tmp1xcypz2_/owl/target/jacoco.exec
[INFO] 
[INFO] --- frontend-maven-plugin:1.3:yarn (clean yarn caches) @ owl ---
[INFO] Running 'yarn cache clean' in /tmp/tmp1xcypz2_/owl/src/main/react
[INFO] yarn cache v0.24.6
[ERROR] (node:196) [DEP0005] DeprecationWarning: Buffer() is deprecated due to security and usability issues. Please use the Buffer.alloc(), Buffer.allocUnsafe(), or Buffer.from() methods instead.
[INFO] success Cleared cache.
[INFO] Done in 0.13s.
[INFO] 
[INFO] --- frontend-maven-plugin:1.3:yarn (yarn install) @ owl ---
[INFO] Running 'yarn ' in /tmp/tmp1xcypz2_/owl/src/main/react
[INFO] yarn install v0.24.6
[ERROR] (node:220) [DEP0005] DeprecationWarning: Buffer() is deprecated due to security and usability issues. Please use the Buffer.alloc(), Buffer.allocUnsafe(), or Buffer.from() methods instead.
[INFO] [1/4] Resolving packages...
[INFO] [2/4] Fetching packages...
[WARNING] warning fsevents@1.2.9: The platform "linux" is incompatible with this module.
[INFO] info "fsevents@1.2.9" is an optional dependency and failed compatibility check. Excluding it from installation.
[INFO] [3/4] Linking dependencies...
[WARNING] warning "eslint-config-airbnb@17.1.1" has incorrect peer dependency "eslint@^4.19.1 || ^5.3.0".
[WARNING] warning "ttf-loader@1.0.2" has incorrect peer dependency "file-loader@^1.1.6".
[WARNING] warning "eslint-config-airbnb-base@13.2.0" has incorrect peer dependency "eslint@^4.19.1 || ^5.3.0".
[INFO] [4/4] Building fresh packages...
[INFO] Done in 122.16s.
[INFO] 
[INFO] --- frontend-maven-plugin:1.3:yarn (yarn build) @ owl ---
[INFO] Running 'yarn build' in /tmp/tmp1xcypz2_/owl/src/main/react
[INFO] yarn build v0.24.6
[ERROR] (node:296) [DEP0005] DeprecationWarning: Buffer() is deprecated due to security and usability issues. Please use the Buffer.alloc(), Buffer.allocUnsafe(), or Buffer.from() methods instead.
[INFO] $ node tools/build.js 
[INFO] Starting 'build'...
[INFO] Starting 'bundle'...
[ERROR] Browserslist: caniuse-lite is outdated. Please run next command `yarn upgrade`
[INFO] Time: 22909ms
[INFO] Built at: 07/30/2020 8:53:49 PM
[INFO]                                  Asset       Size  Chunks                    Chunk Names
[INFO]   079b1a089b90415d2baa1f04390a8bae.eot   1.33 KiB          [emitted]         
[INFO]   3b115b9bc39f79987281a50b3df26d66.png   35.8 KiB          [emitted]         
[INFO] 448c34a56d699c29117adc64c43affeb.woff2   17.6 KiB          [emitted]         
[INFO]   89889688147bd7575d6327160d64e760.svg    106 KiB          [emitted]         
[INFO]   a462cf6bf80b0ee108194e05d67628f0.ttf   1.17 KiB          [emitted]         
[INFO]   e18bbf611f2a2e43afc071aa2f4e1512.ttf   44.3 KiB          [emitted]         
[INFO]   f4769f9bdb7466be65088239c12046d1.eot   19.7 KiB          [emitted]         
[INFO]  fa2772327f55d8198301fdb8bcfc8158.woff   22.9 KiB          [emitted]         
[INFO]                            favicon.ico   2.33 KiB          [emitted]         
[INFO]                             index.html  258 bytes          [emitted]         
[INFO]           main.be5ed6335a306e64177c.js    816 KiB       0  [emitted]  [big]  main
[INFO]        main.be5ed6335a306e64177c.js.gz    234 KiB          [emitted]         
[INFO] Entrypoint main [big] = main.be5ed6335a306e64177c.js
[INFO]   [0] ../node_modules/react/react.js 56 bytes {0} [built]
[INFO]   [3] ../node_modules/@babel/runtime/helpers/classCallCheck.js 196 bytes {0} [built]
[INFO]   [4] ../node_modules/@babel/runtime/helpers/createClass.js 596 bytes {0} [built]
[INFO]   [5] ../node_modules/@babel/runtime/helpers/possibleConstructorReturn.js 343 bytes {0} [built]
[INFO]   [6] ../node_modules/@babel/runtime/helpers/getPrototypeOf.js 267 bytes {0} [built]
[INFO]   [7] ../node_modules/@babel/runtime/helpers/inherits.js 505 bytes {0} [built]
[INFO]   [8] ../node_modules/@babel/runtime/helpers/defineProperty.js 289 bytes {0} [built]
[INFO]  [77] ../node_modules/react-dom/index.js 59 bytes {0} [built]
[INFO] [200] ../node_modules/whatwg-fetch/fetch.js 13 KiB {0} [built]
[INFO] [299] multi bootstrap-loader whatwg-fetch ./main.js 52 bytes {0} [built]
[INFO] [300] ../node_modules/bootstrap-loader/loader.js 123 bytes {0} [built]
[INFO] [301] ../node_modules/bootstrap-loader/lib/bootstrap.loader.js!../node_modules/bootstrap-loader/no-op.js 2.24 KiB {0} [built]
[INFO] [322] ../node_modules/babel-polyfill/lib/index.js 833 bytes {0} [built]
[INFO] [524] ../node_modules/style-loader!../node_modules/css-loader/dist/cjs.js!../node_modules/react-select/dist/react-select.css 1.04 KiB {0} [built]
[INFO] [744] ./main.js + 71 modules 257 KiB {0} [built]
[INFO]       | ./main.js 1.42 KiB [built]
[INFO]       | ../node_modules/react-router/es/index.js 1.43 KiB [built]
[INFO]       | ./containers/Error/ErrorContainer.js 2.51 KiB [built]
[INFO]       | ./api.js 3.87 KiB [built]
[INFO]       | ./containers/TestSuites/TestSuitesContainer.js 2.87 KiB [built]
[INFO]       | ./containers/TestRuns/TestRunsContainer.js 3.18 KiB [built]
[INFO]       | ./containers/TestCases/TestCasesContainer.js 5.24 KiB [built]
[INFO]       | ./containers/TestSteps/TestStepsContainer.js 9.23 KiB [built]
[INFO]       | ../node_modules/react-router/es/PatternUtils.js 7.17 KiB [built]
[INFO]       | ../node_modules/react-router/es/RouteUtils.js 2.37 KiB [built]
[INFO]       | ../node_modules/react-router/es/RouterContext.js 3.93 KiB [built]
[INFO]       | ../node_modules/react-router/es/Router.js 5.17 KiB [built]
[INFO]       | ../node_modules/react-router/es/PropTypes.js 454 bytes [built]
[INFO]       | ../node_modules/react-router/es/Link.js 4.16 KiB [built]
[INFO]       | ../node_modules/react-router/es/IndexLink.js 648 bytes [built]
[INFO]       |     + 57 hidden modules
[INFO]     + 730 hidden modules
[INFO] 
[INFO] WARNING in configuration
[INFO] The 'mode' option has not been set, webpack will fallback to 'production' for this value. Set 'mode' option to 'development' or 'production' to enable defaults for each environment.
[INFO] You can also set it to 'none' to disable any default behavior. Learn more: https://webpack.js.org/configuration/mode/
[INFO] 
[INFO] WARNING in asset size limit: The following asset(s) exceed the recommended size limit (244 KiB).
[INFO] This can impact web performance.
[INFO] Assets: 
[INFO]   main.be5ed6335a306e64177c.js (816 KiB)
[INFO] 
[INFO] WARNING in entrypoint size limit: The following entrypoint(s) combined asset size exceeds the recommended limit (244 KiB). This can impact web performance.
[INFO] Entrypoints:
[INFO]   main (816 KiB)
[INFO]       main.be5ed6335a306e64177c.js
[INFO] 
[INFO] 
[INFO] WARNING in webpack performance recommendations: 
[INFO] You can limit the size of your bundles by using import() or require.ensure to lazy load some parts of your application.
[INFO] For more info visit https://webpack.js.org/guides/code-splitting/
[INFO] Child html-webpack-plugin for "index.html":
[INFO]      1 asset
[INFO]     Entrypoint undefined = index.html
[INFO]     [0] ../node_modules/html-webpack-plugin/lib/loader.js!../node_modules/html-webpack-plugin/default_index.ejs 376 bytes {0} [built]
[INFO]     [1] ../node_modules/lodash/lodash.js 527 KiB {0} [built]
[INFO]     [2] ../node_modules/webpack/buildin/global.js 472 bytes {0} [built]
[INFO]     [3] ../node_modules/webpack/buildin/module.js 497 bytes {0} [built]
[INFO] Finished 'bundle' after 23347ms
[INFO] Starting 'html'...
[INFO] Finished 'html' after 2ms
[INFO] Finished 'build' after 23356ms
[INFO] Done in 23.82s.
[INFO] 
[INFO] --- maven-resources-plugin:2.6:resources (default-resources) @ owl ---
[INFO] Using 'UTF-8' encoding to copy filtered resources.
[INFO] Copying 6 resources
[INFO] Copying 18 resources to ./public
[INFO] 
[INFO] --- maven-compiler-plugin:3.1:compile (default-compile) @ owl ---
[INFO] Changes detected - recompiling the module!
[INFO] Compiling 32 source files to /tmp/tmp1xcypz2_/owl/target/classes
[INFO] 
[INFO] --- maven-resources-plugin:2.6:testResources (default-testResources) @ owl ---
[INFO] Using 'UTF-8' encoding to copy filtered resources.
[INFO] Copying 1 resource
[INFO] 
[INFO] --- maven-compiler-plugin:3.1:testCompile (default-testCompile) @ owl ---
[INFO] Changes detected - recompiling the module!
[INFO] Compiling 2 source files to /tmp/tmp1xcypz2_/owl/target/test-classes
[INFO] 
[INFO] --- maven-surefire-plugin:2.19.1:test (default-test) @ owl ---
[INFO] Surefire report directory: /tmp/tmp1xcypz2_/owl/target/surefire-reports

-------------------------------------------------------
 T E S T S
-------------------------------------------------------
Running com.atlantbh.test.reporter.services.TestCaseServiceTest
Tests run: 1, Failures: 0, Errors: 0, Skipped: 0, Time elapsed: 0.533 sec - in com.atlantbh.test.reporter.services.TestCaseServiceTest
Running com.atlantbh.TestReporterApplicationTest
Tests run: 1, Failures: 0, Errors: 0, Skipped: 0, Time elapsed: 0 sec - in com.atlantbh.TestReporterApplicationTest

Results :

Tests run: 2, Failures: 0, Errors: 0, Skipped: 0

[INFO] 
[INFO] --- jacoco-maven-plugin:0.8.5:report (report) @ owl ---
[INFO] Loading execution data file /tmp/tmp1xcypz2_/owl/target/jacoco.exec
[INFO] Analyzed bundle 'owl' with 270 classes
[INFO] ------------------------------------------------------------------------
[INFO] BUILD SUCCESS
[INFO] ------------------------------------------------------------------------
[INFO] Total time:  02:59 min
[INFO] Finished at: 2020-07-30T20:53:56Z
[INFO] ------------------------------------------------------------------------
