[INFO] Error stacktraces are turned on.
[INFO] Scanning for projects...
[WARNING] 
[WARNING] Some problems were encountered while building the effective model for org.easytesting:fest-assert-core:jar:2.0M2
[WARNING] 'build.plugins.plugin.version' for org.apache.maven.plugins:maven-compiler-plugin is missing. @ org.easytesting:fest:1.0.11, /home/jdbl/.m2/repository/org/easytesting/fest/1.0.11/fest-1.0.11.pom, line 196, column 15
[WARNING] 'build.plugins.plugin.version' for org.apache.maven.plugins:maven-surefire-plugin is missing. @ org.easytesting:fest:1.0.11, /home/jdbl/.m2/repository/org/easytesting/fest/1.0.11/fest-1.0.11.pom, line 212, column 15
[WARNING] 'build.plugins.plugin.version' for org.apache.maven.plugins:maven-site-plugin is missing. @ org.easytesting:fest:1.0.11, /home/jdbl/.m2/repository/org/easytesting/fest/1.0.11/fest-1.0.11.pom, line 205, column 15
[WARNING] 'build.plugins.plugin.version' for org.apache.maven.plugins:maven-source-plugin is missing. @ org.easytesting:fest:1.0.11, /home/jdbl/.m2/repository/org/easytesting/fest/1.0.11/fest-1.0.11.pom, line 222, column 15
[WARNING] 'build.plugins.plugin.version' for org.apache.maven.plugins:maven-resources-plugin is missing. @ org.easytesting:fest:1.0.11, /home/jdbl/.m2/repository/org/easytesting/fest/1.0.11/fest-1.0.11.pom, line 189, column 15
[WARNING] 
[WARNING] It is highly recommended to fix these problems because they threaten the stability of your build.
[WARNING] 
[WARNING] For this reason, future Maven versions might no longer support building such malformed projects.
[WARNING] 
[INFO] 
[INFO] ------------------< org.easytesting:fest-assert-core >------------------
[INFO] Building FEST Fluent Assertions 2.0M2
[INFO] --------------------------------[ jar ]---------------------------------
[INFO] ------------------------------------------------------------------------
[INFO] BUILD FAILURE
[INFO] ------------------------------------------------------------------------
[INFO] Total time:  1.091 s
[INFO] Finished at: 2020-08-03T09:48:53Z
[INFO] ------------------------------------------------------------------------
[ERROR] Could not find goal 'attached' in plugin org.apache.maven.plugins:maven-assembly-plugin:3.2.0 among available goals help, single -> [Help 1]
org.apache.maven.plugin.MojoNotFoundException: Could not find goal 'attached' in plugin org.apache.maven.plugins:maven-assembly-plugin:3.2.0 among available goals help, single
    at org.apache.maven.plugin.internal.DefaultMavenPluginManager.getMojoDescriptor (DefaultMavenPluginManager.java:292)
    at org.apache.maven.plugin.DefaultBuildPluginManager.getMojoDescriptor (DefaultBuildPluginManager.java:244)
    at org.apache.maven.lifecycle.internal.DefaultLifecycleExecutionPlanCalculator.setupMojoExecution (DefaultLifecycleExecutionPlanCalculator.java:169)
    at org.apache.maven.lifecycle.internal.DefaultLifecycleExecutionPlanCalculator.setupMojoExecutions (DefaultLifecycleExecutionPlanCalculator.java:154)
    at org.apache.maven.lifecycle.internal.DefaultLifecycleExecutionPlanCalculator.calculateExecutionPlan (DefaultLifecycleExecutionPlanCalculator.java:130)
    at org.apache.maven.lifecycle.internal.DefaultLifecycleExecutionPlanCalculator.calculateExecutionPlan (DefaultLifecycleExecutionPlanCalculator.java:144)
    at org.apache.maven.lifecycle.internal.builder.BuilderCommon.resolveBuildPlan (BuilderCommon.java:97)
    at org.apache.maven.lifecycle.internal.LifecycleModuleBuilder.buildProject (LifecycleModuleBuilder.java:111)
    at org.apache.maven.lifecycle.internal.LifecycleModuleBuilder.buildProject (LifecycleModuleBuilder.java:81)
    at org.apache.maven.lifecycle.internal.builder.singlethreaded.SingleThreadedBuilder.build (SingleThreadedBuilder.java:56)
    at org.apache.maven.lifecycle.internal.LifecycleStarter.execute (LifecycleStarter.java:128)
    at org.apache.maven.DefaultMaven.doExecute (DefaultMaven.java:305)
    at org.apache.maven.DefaultMaven.doExecute (DefaultMaven.java:192)
    at org.apache.maven.DefaultMaven.execute (DefaultMaven.java:105)
    at org.apache.maven.cli.MavenCli.execute (MavenCli.java:957)
    at org.apache.maven.cli.MavenCli.doMain (MavenCli.java:289)
    at org.apache.maven.cli.MavenCli.main (MavenCli.java:193)
    at sun.reflect.NativeMethodAccessorImpl.invoke0 (Native Method)
    at sun.reflect.NativeMethodAccessorImpl.invoke (NativeMethodAccessorImpl.java:62)
    at sun.reflect.DelegatingMethodAccessorImpl.invoke (DelegatingMethodAccessorImpl.java:43)
    at java.lang.reflect.Method.invoke (Method.java:498)
    at org.codehaus.plexus.classworlds.launcher.Launcher.launchEnhanced (Launcher.java:282)
    at org.codehaus.plexus.classworlds.launcher.Launcher.launch (Launcher.java:225)
    at org.codehaus.plexus.classworlds.launcher.Launcher.mainWithExitCode (Launcher.java:406)
    at org.codehaus.plexus.classworlds.launcher.Launcher.main (Launcher.java:347)
[ERROR] 
[ERROR] Re-run Maven using the -X switch to enable full debug logging.
[ERROR] 
[ERROR] For more information about the errors and possible solutions, please read the following articles:
[ERROR] [Help 1] http://cwiki.apache.org/confluence/display/MAVEN/MojoNotFoundException
[INFO] Build failures were ignored.
