[INFO] Error stacktraces are turned on.
[INFO] Scanning for projects...
[INFO] 
[INFO] ---------< com.fiestacabin.dropwizard.guice:dropwizard-guice >----------
[INFO] Building Guice Extensions for Dropwizard 0.8.2-SNAPSHOT
[INFO] --------------------------------[ jar ]---------------------------------
[INFO] 
[INFO] --- maven-enforcer-plugin:1.0:enforce (enforce-maven) @ dropwizard-guice ---
[INFO] 
[INFO] --- jacoco-maven-plugin:0.8.5:prepare-agent (default) @ dropwizard-guice ---
[INFO] argLine set to -javaagent:/home/jdbl/.m2/repository/org/jacoco/org.jacoco.agent/0.8.5/org.jacoco.agent-0.8.5-runtime.jar=destfile=/tmp/tmpjyvn15ro/dropwizard-guice/target/jacoco.exec
[INFO] 
[INFO] --- maven-resources-plugin:2.6:resources (default-resources) @ dropwizard-guice ---
[INFO] Using 'UTF-8' encoding to copy filtered resources.
[INFO] skip non existing resourceDirectory /tmp/tmpjyvn15ro/dropwizard-guice/src/main/resources
[INFO] 
[INFO] --- maven-compiler-plugin:3.2:compile (default-compile) @ dropwizard-guice ---
[INFO] Changes detected - recompiling the module!
[INFO] Compiling 2 source files to /tmp/tmpjyvn15ro/dropwizard-guice/target/classes
[INFO] 
[INFO] --- maven-resources-plugin:2.6:testResources (default-testResources) @ dropwizard-guice ---
[INFO] Using 'UTF-8' encoding to copy filtered resources.
[INFO] skip non existing resourceDirectory /tmp/tmpjyvn15ro/dropwizard-guice/src/test/resources
[INFO] 
[INFO] --- maven-compiler-plugin:3.2:testCompile (default-testCompile) @ dropwizard-guice ---
[INFO] Changes detected - recompiling the module!
[INFO] Compiling 11 source files to /tmp/tmpjyvn15ro/dropwizard-guice/target/test-classes
[INFO] 
[INFO] --- maven-surefire-plugin:2.19.1:test (default-test) @ dropwizard-guice ---
[INFO] Surefire report directory: /tmp/tmpjyvn15ro/dropwizard-guice/target/surefire-reports

-------------------------------------------------------
 T E S T S
-------------------------------------------------------
Running com.fiestacabin.dropwizard.guice.AutoConfigApplicationTest
SLF4J: Class path contains multiple SLF4J bindings.
SLF4J: Found binding in [file:/tmp/tmpjyvn15ro/dropwizard-guice/target/classes/org/slf4j/impl/StaticLoggerBinder.class]
SLF4J: Found binding in [jar:file:/home/jdbl/.m2/repository/ch/qos/logback/logback-classic/1.1.2/logback-classic-1.1.2.jar!/org/slf4j/impl/StaticLoggerBinder.class]
SLF4J: See http://www.slf4j.org/codes.html#multiple_bindings for an explanation.
Tests run: 5, Failures: 0, Errors: 5, Skipped: 0, Time elapsed: 0.467 sec <<< FAILURE! - in com.fiestacabin.dropwizard.guice.AutoConfigApplicationTest
itInstallsMultiPackageResources(com.fiestacabin.dropwizard.guice.AutoConfigApplicationTest)  Time elapsed: 0.384 sec  <<< ERROR!
java.lang.ExceptionInInitializerError
	at com.fiestacabin.dropwizard.guice.AutoConfigApplicationTest.itInstallsMultiPackageResources(AutoConfigApplicationTest.java:70)
Caused by: java.lang.ClassCastException: org.slf4j.impl.SimpleLogger cannot be cast to ch.qos.logback.classic.Logger
	at com.fiestacabin.dropwizard.guice.AutoConfigApplicationTest.itInstallsMultiPackageResources(AutoConfigApplicationTest.java:70)

itInstallsTasks(com.fiestacabin.dropwizard.guice.AutoConfigApplicationTest)  Time elapsed: 0.001 sec  <<< ERROR!
java.lang.NoClassDefFoundError: com.fiestacabin.dropwizard.guice.AutoConfigApplication
	at com.fiestacabin.dropwizard.guice.AutoConfigApplicationTest.itInstallsTasks(AutoConfigApplicationTest.java:115)

itInstallsResources(com.fiestacabin.dropwizard.guice.AutoConfigApplicationTest)  Time elapsed: 0.002 sec  <<< ERROR!
java.lang.NoClassDefFoundError: com.fiestacabin.dropwizard.guice.AutoConfigApplication
	at com.fiestacabin.dropwizard.guice.AutoConfigApplicationTest.itInstallsResources(AutoConfigApplicationTest.java:60)

itWiresUpDependencies(com.fiestacabin.dropwizard.guice.AutoConfigApplicationTest)  Time elapsed: 0.002 sec  <<< ERROR!
java.lang.NoClassDefFoundError: com.fiestacabin.dropwizard.guice.AutoConfigApplication
	at com.fiestacabin.dropwizard.guice.AutoConfigApplicationTest.itWiresUpDependencies(AutoConfigApplicationTest.java:92)

itInstallsHealthChecks(com.fiestacabin.dropwizard.guice.AutoConfigApplicationTest)  Time elapsed: 0.002 sec  <<< ERROR!
java.lang.NoClassDefFoundError: com.fiestacabin.dropwizard.guice.AutoConfigApplication
	at com.fiestacabin.dropwizard.guice.AutoConfigApplicationTest.itInstallsHealthChecks(AutoConfigApplicationTest.java:105)


Results :

Tests in error: 
  AutoConfigApplicationTest.itInstallsHealthChecks:105 NoClassDefFound com.fiest...
  AutoConfigApplicationTest.itInstallsMultiPackageResources:70 ExceptionInInitializer
  AutoConfigApplicationTest.itInstallsResources:60 NoClassDefFound com.fiestacab...
  AutoConfigApplicationTest.itInstallsTasks:115 NoClassDefFound com.fiestacabin....
  AutoConfigApplicationTest.itWiresUpDependencies:92 NoClassDefFound com.fiestac...

Tests run: 5, Failures: 0, Errors: 5, Skipped: 0

[ERROR] There are test failures.

Please refer to /tmp/tmpjyvn15ro/dropwizard-guice/target/surefire-reports for the individual test results.
[INFO] 
[INFO] --- jacoco-maven-plugin:0.8.5:report (report) @ dropwizard-guice ---
[INFO] Loading execution data file /tmp/tmpjyvn15ro/dropwizard-guice/target/jacoco.exec
[INFO] Analyzed bundle 'Guice Extensions for Dropwizard' with 2283 classes
[INFO] ------------------------------------------------------------------------
[INFO] BUILD SUCCESS
[INFO] ------------------------------------------------------------------------
[INFO] Total time:  27.349 s
[INFO] Finished at: 2020-07-30T21:37:40Z
[INFO] ------------------------------------------------------------------------
