[INFO] Error stacktraces are turned on.
[INFO] Scanning for projects...
[INFO] 
[INFO] ------------------------< org.mybatis:mybatis >-------------------------
[INFO] Building mybatis 3.3.0
[INFO] --------------------------------[ jar ]---------------------------------
[INFO] 
[INFO] --- maven-enforcer-plugin:1.4:enforce (enforce-java) @ mybatis ---
[INFO] 
[INFO] --- maven-resources-plugin:2.7:resources (default-resources) @ mybatis ---
[INFO] Using 'UTF-8' encoding to copy filtered resources.
[INFO] Copying 2 resources to META-INF
[INFO] Copying 2 resources
[INFO] 
[INFO] --- maven-compiler-plugin:3.3:compile (default-compile) @ mybatis ---
[INFO] Changes detected - recompiling the module!
[INFO] Compiling 347 source files to /tmp/tmpqgdtti0m/mybatis-3/target/classes
[INFO] /tmp/tmpqgdtti0m/mybatis-3/src/main/java/org/apache/ibatis/reflection/MetaObject.java: Some input files use unchecked or unsafe operations.
[INFO] /tmp/tmpqgdtti0m/mybatis-3/src/main/java/org/apache/ibatis/reflection/MetaObject.java: Recompile with -Xlint:unchecked for details.
[INFO] 
[INFO] --- license-maven-plugin:2.11:format (default) @ mybatis ---
[INFO] 
[INFO] --- animal-sniffer-maven-plugin:1.14:check (check-java-1.6-compat) @ mybatis ---
[INFO] Signature checking is skipped.
[INFO] 
[INFO] --- maven-bundle-plugin:2.5.3:manifest (bundle-manifest) @ mybatis ---
[INFO] 
[INFO] --- maven-resources-plugin:2.7:testResources (default-testResources) @ mybatis ---
[INFO] Using 'UTF-8' encoding to copy filtered resources.
[INFO] Copying 405 resources
[INFO] 
[INFO] --- maven-compiler-plugin:3.3:testCompile (default-testCompile) @ mybatis ---
[INFO] Changes detected - recompiling the module!
[INFO] Compiling 595 source files to /tmp/tmpqgdtti0m/mybatis-3/target/test-classes
[INFO] /tmp/tmpqgdtti0m/mybatis-3/src/test/java/org/apache/ibatis/jdbc/SelectBuilderTest.java: Some input files use or override a deprecated API.
[INFO] /tmp/tmpqgdtti0m/mybatis-3/src/test/java/org/apache/ibatis/jdbc/SelectBuilderTest.java: Recompile with -Xlint:deprecation for details.
[INFO] /tmp/tmpqgdtti0m/mybatis-3/src/test/java/org/apache/ibatis/submitted/custom_collection_handling/CustomObjectWrapper.java: Some input files use unchecked or unsafe operations.
[INFO] /tmp/tmpqgdtti0m/mybatis-3/src/test/java/org/apache/ibatis/submitted/custom_collection_handling/CustomObjectWrapper.java: Recompile with -Xlint:unchecked for details.
[INFO] 
[INFO] --- jarjar-maven-plugin:1.9:jarjar (jarjar-classes) @ mybatis ---
[INFO] Processing: /tmp/tmpqgdtti0m/mybatis-3/target/classes
[INFO] Building zip: /tmp/tmpqgdtti0m/mybatis-3/target/jarjar/uber-classes
[INFO] JarJar'ing to: /tmp/tmpqgdtti0m/mybatis-3/target/classes
[INFO] Original: /tmp/tmpqgdtti0m/mybatis-3/target/original-classes
[INFO] 
[INFO] --- jarjar-maven-plugin:1.9:jarjar (jarjar-test-classes) @ mybatis ---
[INFO] Processing: /tmp/tmpqgdtti0m/mybatis-3/target/test-classes
[INFO] Building zip: /tmp/tmpqgdtti0m/mybatis-3/target/jarjar/uber-test-classes
[INFO] JarJar'ing to: /tmp/tmpqgdtti0m/mybatis-3/target/test-classes
[INFO] Original: /tmp/tmpqgdtti0m/mybatis-3/target/original-test-classes
[INFO] 
[INFO] --- maven-surefire-plugin:2.18.1:test (default-test) @ mybatis ---
[INFO] Surefire report directory: /tmp/tmpqgdtti0m/mybatis-3/target/surefire-reports

-------------------------------------------------------
 T E S T S
-------------------------------------------------------
Running org.apache.ibatis.transaction.managed.ManagedTransactionFactoryTest
Tests run: 2, Failures: 0, Errors: 0, Skipped: 0, Time elapsed: 0.145 sec - in org.apache.ibatis.transaction.managed.ManagedTransactionFactoryTest
Running org.apache.ibatis.executor.BatchExecutorTest
Tests run: 19, Failures: 0, Errors: 0, Skipped: 0, Time elapsed: 3.81 sec - in org.apache.ibatis.executor.BatchExecutorTest
Running org.apache.ibatis.executor.loader.CglibProxyTest
Tests run: 15, Failures: 0, Errors: 0, Skipped: 0, Time elapsed: 0.562 sec - in org.apache.ibatis.executor.loader.CglibProxyTest
Running org.apache.ibatis.executor.loader.JavassistProxyTest
Tests run: 15, Failures: 0, Errors: 0, Skipped: 0, Time elapsed: 0.568 sec - in org.apache.ibatis.executor.loader.JavassistProxyTest
Running org.apache.ibatis.executor.CachingSimpleExecutorTest
Tests run: 19, Failures: 0, Errors: 0, Skipped: 0, Time elapsed: 0.888 sec - in org.apache.ibatis.executor.CachingSimpleExecutorTest
Running org.apache.ibatis.executor.ReuseExecutorTest
Tests run: 19, Failures: 0, Errors: 0, Skipped: 0, Time elapsed: 0.86 sec - in org.apache.ibatis.executor.ReuseExecutorTest
Running org.apache.ibatis.executor.BaseExecutorTest
Tests run: 18, Failures: 0, Errors: 0, Skipped: 0, Time elapsed: 0.827 sec - in org.apache.ibatis.executor.BaseExecutorTest
Running org.apache.ibatis.executor.CachingReuseExecutorTest
Tests run: 19, Failures: 0, Errors: 0, Skipped: 0, Time elapsed: 0.8 sec - in org.apache.ibatis.executor.CachingReuseExecutorTest
Running org.apache.ibatis.executor.ErrorContextTest
Tests run: 1, Failures: 0, Errors: 0, Skipped: 0, Time elapsed: 0.001 sec - in org.apache.ibatis.executor.ErrorContextTest
Running org.apache.ibatis.executor.resultset.DefaultResultSetHandlerTest
Tests run: 2, Failures: 0, Errors: 0, Skipped: 0, Time elapsed: 0.079 sec - in org.apache.ibatis.executor.resultset.DefaultResultSetHandlerTest
Running org.apache.ibatis.executor.CachingBatchExecutorTest
Tests run: 19, Failures: 0, Errors: 0, Skipped: 0, Time elapsed: 0.834 sec - in org.apache.ibatis.executor.CachingBatchExecutorTest
Running org.apache.ibatis.executor.ResultExtractorTest
Tests run: 6, Failures: 0, Errors: 0, Skipped: 0, Time elapsed: 0.025 sec - in org.apache.ibatis.executor.ResultExtractorTest
Running org.apache.ibatis.parsing.XPathParserTest
Tests run: 1, Failures: 0, Errors: 0, Skipped: 0, Time elapsed: 0.043 sec - in org.apache.ibatis.parsing.XPathParserTest
Running org.apache.ibatis.parsing.GenericTokenParserTest
Tests run: 3, Failures: 0, Errors: 0, Skipped: 0, Time elapsed: 0.018 sec - in org.apache.ibatis.parsing.GenericTokenParserTest
Running org.apache.ibatis.binding.FlushTest
Tests run: 1, Failures: 0, Errors: 0, Skipped: 0, Time elapsed: 0.74 sec - in org.apache.ibatis.binding.FlushTest
Running org.apache.ibatis.binding.WrongMapperTest
Tests run: 1, Failures: 0, Errors: 0, Skipped: 0, Time elapsed: 0.001 sec - in org.apache.ibatis.binding.WrongMapperTest
Running org.apache.ibatis.binding.BindingTest
Tests run: 42, Failures: 0, Errors: 0, Skipped: 1, Time elapsed: 2.804 sec - in org.apache.ibatis.binding.BindingTest
Running org.apache.ibatis.binding.WrongNamespacesTest
Tests run: 2, Failures: 0, Errors: 0, Skipped: 0, Time elapsed: 0.007 sec - in org.apache.ibatis.binding.WrongNamespacesTest
Running org.apache.ibatis.exceptions.GeneralExceptionsTest
Tests run: 2, Failures: 0, Errors: 0, Skipped: 0, Time elapsed: 0.001 sec - in org.apache.ibatis.exceptions.GeneralExceptionsTest
Running org.apache.ibatis.plugin.PluginTest
Tests run: 2, Failures: 0, Errors: 0, Skipped: 0, Time elapsed: 0.002 sec - in org.apache.ibatis.plugin.PluginTest
Running org.apache.ibatis.cache.SoftCacheTest
Tests run: 4, Failures: 0, Errors: 0, Skipped: 0, Time elapsed: 2.196 sec - in org.apache.ibatis.cache.SoftCacheTest
Running org.apache.ibatis.cache.CacheKeyTest
Tests run: 5, Failures: 0, Errors: 0, Skipped: 0, Time elapsed: 2.003 sec - in org.apache.ibatis.cache.CacheKeyTest
Running org.apache.ibatis.cache.PerpetualCacheTest
Tests run: 4, Failures: 0, Errors: 0, Skipped: 0, Time elapsed: 0.034 sec - in org.apache.ibatis.cache.PerpetualCacheTest
Running org.apache.ibatis.cache.SuperCacheTest
Tests run: 1, Failures: 0, Errors: 0, Skipped: 0, Time elapsed: 0.665 sec - in org.apache.ibatis.cache.SuperCacheTest
Running org.apache.ibatis.cache.WeakCacheTest
Tests run: 4, Failures: 0, Errors: 0, Skipped: 0, Time elapsed: 0.478 sec - in org.apache.ibatis.cache.WeakCacheTest
Running org.apache.ibatis.cache.ScheduledCacheTest
Tests run: 3, Failures: 0, Errors: 0, Skipped: 0, Time elapsed: 5.001 sec - in org.apache.ibatis.cache.ScheduledCacheTest
Running org.apache.ibatis.cache.FifoCacheTest
Tests run: 3, Failures: 0, Errors: 0, Skipped: 0, Time elapsed: 0 sec - in org.apache.ibatis.cache.FifoCacheTest
Running org.apache.ibatis.cache.LruCacheTest
Tests run: 3, Failures: 0, Errors: 0, Skipped: 0, Time elapsed: 0 sec - in org.apache.ibatis.cache.LruCacheTest
Running org.apache.ibatis.cache.BaseCacheTest
Tests run: 1, Failures: 0, Errors: 0, Skipped: 0, Time elapsed: 0 sec - in org.apache.ibatis.cache.BaseCacheTest
Running org.apache.ibatis.session.SqlSessionTest
Tests run: 58, Failures: 0, Errors: 0, Skipped: 0, Time elapsed: 0.882 sec - in org.apache.ibatis.session.SqlSessionTest
Running org.apache.ibatis.session.SqlSessionManagerTest
Tests run: 4, Failures: 0, Errors: 0, Skipped: 0, Time elapsed: 0.692 sec - in org.apache.ibatis.session.SqlSessionManagerTest
Running org.apache.ibatis.mapping.ResultMappingTest
Tests run: 2, Failures: 0, Errors: 0, Skipped: 0, Time elapsed: 0.001 sec - in org.apache.ibatis.mapping.ResultMappingTest
Running org.apache.ibatis.builder.XmlConfigBuilderTest
Tests run: 3, Failures: 0, Errors: 0, Skipped: 0, Time elapsed: 0.012 sec - in org.apache.ibatis.builder.XmlConfigBuilderTest
Running org.apache.ibatis.builder.xml.dynamic.DynamicSqlSourceTest
Tests run: 23, Failures: 0, Errors: 0, Skipped: 0, Time elapsed: 16.446 sec - in org.apache.ibatis.builder.xml.dynamic.DynamicSqlSourceTest
Running org.apache.ibatis.builder.xml.dynamic.ExpressionEvaluatorTest
Tests run: 7, Failures: 0, Errors: 0, Skipped: 0, Time elapsed: 0.002 sec - in org.apache.ibatis.builder.xml.dynamic.ExpressionEvaluatorTest
Running org.apache.ibatis.builder.ParameterExpressionTest
Tests run: 11, Failures: 0, Errors: 0, Skipped: 0, Time elapsed: 0 sec - in org.apache.ibatis.builder.ParameterExpressionTest
Running org.apache.ibatis.builder.XmlMapperBuilderTest
Tests run: 1, Failures: 0, Errors: 0, Skipped: 0, Time elapsed: 0.003 sec - in org.apache.ibatis.builder.XmlMapperBuilderTest
Running org.apache.ibatis.type.TypeHandlerRegistryTest
Tests run: 4, Failures: 0, Errors: 0, Skipped: 0, Time elapsed: 0.001 sec - in org.apache.ibatis.type.TypeHandlerRegistryTest
Running org.apache.ibatis.type.BooleanTypeHandlerTest
Tests run: 3, Failures: 0, Errors: 0, Skipped: 0, Time elapsed: 0.043 sec - in org.apache.ibatis.type.BooleanTypeHandlerTest
Running org.apache.ibatis.type.CharacterTypeHandlerTest
Tests run: 6, Failures: 0, Errors: 0, Skipped: 0, Time elapsed: 0.003 sec - in org.apache.ibatis.type.CharacterTypeHandlerTest
Running org.apache.ibatis.type.ByteTypeHandlerTest
Tests run: 3, Failures: 0, Errors: 0, Skipped: 0, Time elapsed: 0.002 sec - in org.apache.ibatis.type.ByteTypeHandlerTest
Running org.apache.ibatis.type.BigDecimalTypeHandlerTest
Tests run: 3, Failures: 0, Errors: 0, Skipped: 0, Time elapsed: 0.001 sec - in org.apache.ibatis.type.BigDecimalTypeHandlerTest
Running org.apache.ibatis.type.IntegerTypeHandlerTest
Tests run: 3, Failures: 0, Errors: 0, Skipped: 0, Time elapsed: 0.001 sec - in org.apache.ibatis.type.IntegerTypeHandlerTest
Running org.apache.ibatis.type.ShortTypeHandlerTest
Tests run: 3, Failures: 0, Errors: 0, Skipped: 0, Time elapsed: 0.004 sec - in org.apache.ibatis.type.ShortTypeHandlerTest
Running org.apache.ibatis.type.FloatTypeHandlerTest
Tests run: 3, Failures: 0, Errors: 0, Skipped: 0, Time elapsed: 0.002 sec - in org.apache.ibatis.type.FloatTypeHandlerTest
Running org.apache.ibatis.type.ByteArrayTypeHandlerTest
Tests run: 3, Failures: 0, Errors: 0, Skipped: 0, Time elapsed: 0.003 sec - in org.apache.ibatis.type.ByteArrayTypeHandlerTest
Running org.apache.ibatis.type.DateOnlyTypeHandlerTest
Tests run: 3, Failures: 0, Errors: 0, Skipped: 0, Time elapsed: 0.002 sec - in org.apache.ibatis.type.DateOnlyTypeHandlerTest
Running org.apache.ibatis.type.BlobTypeHandlerTest
Tests run: 3, Failures: 0, Errors: 0, Skipped: 0, Time elapsed: 0.005 sec - in org.apache.ibatis.type.BlobTypeHandlerTest
Running org.apache.ibatis.type.GenericTypeSupportedInHierarchiesTestCase
Tests run: 1, Failures: 0, Errors: 0, Skipped: 0, Time elapsed: 0.001 sec - in org.apache.ibatis.type.GenericTypeSupportedInHierarchiesTestCase
Running org.apache.ibatis.type.TimeOnlyTypeHandlerTest
Tests run: 3, Failures: 0, Errors: 0, Skipped: 0, Time elapsed: 0.002 sec - in org.apache.ibatis.type.TimeOnlyTypeHandlerTest
Running org.apache.ibatis.type.SqlDateTypeHandlerTest
Tests run: 3, Failures: 0, Errors: 0, Skipped: 0, Time elapsed: 0.001 sec - in org.apache.ibatis.type.SqlDateTypeHandlerTest
Running org.apache.ibatis.type.SqlTimetampTypeHandlerTest
Tests run: 3, Failures: 0, Errors: 0, Skipped: 0, Time elapsed: 0.001 sec - in org.apache.ibatis.type.SqlTimetampTypeHandlerTest
Running org.apache.ibatis.type.SqlTimeTypeHandlerTest
Tests run: 3, Failures: 0, Errors: 0, Skipped: 0, Time elapsed: 0.003 sec - in org.apache.ibatis.type.SqlTimeTypeHandlerTest
Running org.apache.ibatis.type.BigIntegerTypeHandlerTest
Tests run: 3, Failures: 0, Errors: 0, Skipped: 0, Time elapsed: 0.002 sec - in org.apache.ibatis.type.BigIntegerTypeHandlerTest
Running org.apache.ibatis.type.LongTypeHandlerTest
Tests run: 3, Failures: 0, Errors: 0, Skipped: 0, Time elapsed: 0.003 sec - in org.apache.ibatis.type.LongTypeHandlerTest
Running org.apache.ibatis.type.DateTypeHandlerTest
Tests run: 3, Failures: 0, Errors: 0, Skipped: 0, Time elapsed: 0.012 sec - in org.apache.ibatis.type.DateTypeHandlerTest
Running org.apache.ibatis.type.SimpleTypeRegistryTest
Tests run: 3, Failures: 0, Errors: 0, Skipped: 0, Time elapsed: 0 sec - in org.apache.ibatis.type.SimpleTypeRegistryTest
Running org.apache.ibatis.type.EnumTypeHandlerTest
Tests run: 6, Failures: 0, Errors: 0, Skipped: 0, Time elapsed: 0 sec - in org.apache.ibatis.type.EnumTypeHandlerTest
Running org.apache.ibatis.type.ObjectTypeHandlerTest
Tests run: 3, Failures: 0, Errors: 0, Skipped: 0, Time elapsed: 0 sec - in org.apache.ibatis.type.ObjectTypeHandlerTest
Running org.apache.ibatis.type.StringTypeHandlerTest
Tests run: 5, Failures: 0, Errors: 0, Skipped: 0, Time elapsed: 0.001 sec - in org.apache.ibatis.type.StringTypeHandlerTest
Running org.apache.ibatis.type.ClobTypeHandlerTest
Tests run: 3, Failures: 0, Errors: 0, Skipped: 0, Time elapsed: 0.002 sec - in org.apache.ibatis.type.ClobTypeHandlerTest
Running org.apache.ibatis.type.EnumOrdinalTypeHandlerTest
Tests run: 6, Failures: 0, Errors: 0, Skipped: 0, Time elapsed: 0.003 sec - in org.apache.ibatis.type.EnumOrdinalTypeHandlerTest
Running org.apache.ibatis.type.TypeAliasRegistryTest
Tests run: 6, Failures: 0, Errors: 0, Skipped: 0, Time elapsed: 0.001 sec - in org.apache.ibatis.type.TypeAliasRegistryTest
Running org.apache.ibatis.type.UnknownTypeHandlerTest
Tests run: 9, Failures: 0, Errors: 0, Skipped: 0, Time elapsed: 0.025 sec - in org.apache.ibatis.type.UnknownTypeHandlerTest
Running org.apache.ibatis.type.DoubleTypeHandlerTest
Tests run: 3, Failures: 0, Errors: 0, Skipped: 0, Time elapsed: 0.002 sec - in org.apache.ibatis.type.DoubleTypeHandlerTest
Running org.apache.ibatis.reflection.MetaClassTest
Tests run: 7, Failures: 0, Errors: 0, Skipped: 0, Time elapsed: 0.005 sec - in org.apache.ibatis.reflection.MetaClassTest
Running org.apache.ibatis.reflection.factory.DefaultObjectFactoryTest
Tests run: 2, Failures: 0, Errors: 0, Skipped: 0, Time elapsed: 0 sec - in org.apache.ibatis.reflection.factory.DefaultObjectFactoryTest
Running org.apache.ibatis.reflection.ExceptionUtilTest
Tests run: 1, Failures: 0, Errors: 0, Skipped: 0, Time elapsed: 0 sec - in org.apache.ibatis.reflection.ExceptionUtilTest
Running org.apache.ibatis.reflection.ReflectorTest
Tests run: 3, Failures: 0, Errors: 0, Skipped: 0, Time elapsed: 0.001 sec - in org.apache.ibatis.reflection.ReflectorTest
Running org.apache.ibatis.reflection.MetaObjectTest
Tests run: 25, Failures: 0, Errors: 0, Skipped: 0, Time elapsed: 0.008 sec - in org.apache.ibatis.reflection.MetaObjectTest
Running org.apache.ibatis.submitted.extendresultmap.ExtendResultMapTest
Tests run: 1, Failures: 0, Errors: 0, Skipped: 0, Time elapsed: 0.262 sec - in org.apache.ibatis.submitted.extendresultmap.ExtendResultMapTest
Running org.apache.ibatis.submitted.sptests.SPTest
Tests run: 31, Failures: 0, Errors: 0, Skipped: 0, Time elapsed: 0.136 sec - in org.apache.ibatis.submitted.sptests.SPTest
Running org.apache.ibatis.submitted.cacheorder.CacheOrderTest
Tests run: 1, Failures: 0, Errors: 0, Skipped: 0, Time elapsed: 0.025 sec - in org.apache.ibatis.submitted.cacheorder.CacheOrderTest
Running org.apache.ibatis.submitted.criterion.CriterionTest
Tests run: 1, Failures: 0, Errors: 0, Skipped: 0, Time elapsed: 0.024 sec - in org.apache.ibatis.submitted.criterion.CriterionTest
Running org.apache.ibatis.submitted.stringlist.StringListTest
Tests run: 1, Failures: 0, Errors: 0, Skipped: 0, Time elapsed: 0.019 sec - in org.apache.ibatis.submitted.stringlist.StringListTest
Running org.apache.ibatis.submitted.no_param_type.NoParamTypeTest
Tests run: 1, Failures: 0, Errors: 0, Skipped: 0, Time elapsed: 0.017 sec - in org.apache.ibatis.submitted.no_param_type.NoParamTypeTest
Running org.apache.ibatis.submitted.enumtypehandler_on_map.EnumTypeHandlerTest
Tests run: 2, Failures: 0, Errors: 0, Skipped: 0, Time elapsed: 0.018 sec - in org.apache.ibatis.submitted.enumtypehandler_on_map.EnumTypeHandlerTest
Running org.apache.ibatis.submitted.dynsql2.DynSqlTest
Tests run: 2, Failures: 0, Errors: 0, Skipped: 0, Time elapsed: 0.019 sec - in org.apache.ibatis.submitted.dynsql2.DynSqlTest
Running org.apache.ibatis.submitted.refid_resolution.RefidResolutionTest
Tests run: 1, Failures: 0, Errors: 0, Skipped: 0, Time elapsed: 0.003 sec - in org.apache.ibatis.submitted.refid_resolution.RefidResolutionTest
Running org.apache.ibatis.submitted.refid_resolution.ExternalRefidResolutionTest
Tests run: 1, Failures: 0, Errors: 0, Skipped: 0, Time elapsed: 0.006 sec - in org.apache.ibatis.submitted.refid_resolution.ExternalRefidResolutionTest
Running org.apache.ibatis.submitted.complex_column.ComplexColumnTest
Tests run: 5, Failures: 0, Errors: 0, Skipped: 0, Time elapsed: 0.022 sec - in org.apache.ibatis.submitted.complex_column.ComplexColumnTest
Running org.apache.ibatis.submitted.substitution_in_annots.SubstitutionInAnnotsTest
Tests run: 4, Failures: 0, Errors: 0, Skipped: 0, Time elapsed: 0.017 sec - in org.apache.ibatis.submitted.substitution_in_annots.SubstitutionInAnnotsTest
Running org.apache.ibatis.submitted.sqlprovider.SqlProviderTest
Tests run: 2, Failures: 0, Errors: 0, Skipped: 0, Time elapsed: 0.014 sec - in org.apache.ibatis.submitted.sqlprovider.SqlProviderTest
Running org.apache.ibatis.submitted.blobtest.BlobTest
Tests run: 2, Failures: 0, Errors: 0, Skipped: 0, Time elapsed: 0.019 sec - in org.apache.ibatis.submitted.blobtest.BlobTest
Running org.apache.ibatis.submitted.overwritingproperties.FooMapperTest
Tests run: 1, Failures: 0, Errors: 0, Skipped: 0, Time elapsed: 0.03 sec - in org.apache.ibatis.submitted.overwritingproperties.FooMapperTest
Running org.apache.ibatis.submitted.nestedresulthandler.NestedResultHandlerTest
Tests run: 4, Failures: 0, Errors: 0, Skipped: 0, Time elapsed: 0.019 sec - in org.apache.ibatis.submitted.nestedresulthandler.NestedResultHandlerTest
Running org.apache.ibatis.submitted.column_prefix.ColumnPrefixAutoMappingTest
Tests run: 3, Failures: 0, Errors: 0, Skipped: 0, Time elapsed: 0.055 sec - in org.apache.ibatis.submitted.column_prefix.ColumnPrefixAutoMappingTest
Running org.apache.ibatis.submitted.column_prefix.ColumnPrefixTest
Tests run: 2, Failures: 0, Errors: 0, Skipped: 0, Time elapsed: 0.018 sec - in org.apache.ibatis.submitted.column_prefix.ColumnPrefixTest
Running org.apache.ibatis.submitted.column_prefix.ColumnPrefixNestedQueryTest
Tests run: 2, Failures: 0, Errors: 0, Skipped: 0, Time elapsed: 0.019 sec - in org.apache.ibatis.submitted.column_prefix.ColumnPrefixNestedQueryTest
Running org.apache.ibatis.submitted.ognlstatic.OgnlStaticTest
Tests run: 2, Failures: 0, Errors: 0, Skipped: 0, Time elapsed: 0.014 sec - in org.apache.ibatis.submitted.ognlstatic.OgnlStaticTest
Running org.apache.ibatis.submitted.multidb.ProviderTest
Tests run: 2, Failures: 0, Errors: 0, Skipped: 0, Time elapsed: 0.012 sec - in org.apache.ibatis.submitted.multidb.ProviderTest
Running org.apache.ibatis.submitted.multidb.MultiDbTest
Tests run: 6, Failures: 0, Errors: 0, Skipped: 0, Time elapsed: 0.012 sec - in org.apache.ibatis.submitted.multidb.MultiDbTest
Running org.apache.ibatis.submitted.inheritance.InheritanceTest
Tests run: 1, Failures: 0, Errors: 0, Skipped: 0, Time elapsed: 0.036 sec - in org.apache.ibatis.submitted.inheritance.InheritanceTest
Running org.apache.ibatis.submitted.nonexistentvariables.NonExistentVariablesTest
Tests run: 1, Failures: 0, Errors: 0, Skipped: 0, Time elapsed: 0.012 sec - in org.apache.ibatis.submitted.nonexistentvariables.NonExistentVariablesTest
Running org.apache.ibatis.submitted.batch_keys.BatchKeysTest
Tests run: 2, Failures: 0, Errors: 0, Skipped: 0, Time elapsed: 0.147 sec - in org.apache.ibatis.submitted.batch_keys.BatchKeysTest
Running org.apache.ibatis.submitted.ognl_enum.EnumWithOgnlTest
Tests run: 5, Failures: 0, Errors: 0, Skipped: 0, Time elapsed: 0.015 sec - in org.apache.ibatis.submitted.ognl_enum.EnumWithOgnlTest
Running org.apache.ibatis.submitted.nested.NestedForEachTest
Tests run: 5, Failures: 0, Errors: 0, Skipped: 0, Time elapsed: 0.012 sec - in org.apache.ibatis.submitted.nested.NestedForEachTest
Running org.apache.ibatis.submitted.column_forwarding.ColumnForwardingTest
Tests run: 2, Failures: 0, Errors: 0, Skipped: 0, Time elapsed: 0.012 sec - in org.apache.ibatis.submitted.column_forwarding.ColumnForwardingTest
Running org.apache.ibatis.submitted.valueinmap.ValueInMapTest
Tests run: 2, Failures: 0, Errors: 0, Skipped: 0, Time elapsed: 0.014 sec - in org.apache.ibatis.submitted.valueinmap.ValueInMapTest
Running org.apache.ibatis.submitted.map_class_name_conflict.MapperNameTest
Tests run: 1, Failures: 0, Errors: 0, Skipped: 0, Time elapsed: 0.005 sec - in org.apache.ibatis.submitted.map_class_name_conflict.MapperNameTest
Running org.apache.ibatis.submitted.nestedresulthandler_multiple_association.NestedResultHandlerMultipleAssociationTest
Tests run: 2, Failures: 0, Errors: 0, Skipped: 0, Time elapsed: 0.018 sec - in org.apache.ibatis.submitted.nestedresulthandler_multiple_association.NestedResultHandlerMultipleAssociationTest
Running org.apache.ibatis.submitted.quotedcolumnnames.QuotedColumnNamesTest
Tests run: 2, Failures: 0, Errors: 0, Skipped: 0, Time elapsed: 0.014 sec - in org.apache.ibatis.submitted.quotedcolumnnames.QuotedColumnNamesTest
Running org.apache.ibatis.submitted.cglib_lazy_error.CglibNPELazyTest
Tests run: 5, Failures: 0, Errors: 0, Skipped: 0, Time elapsed: 0.022 sec - in org.apache.ibatis.submitted.cglib_lazy_error.CglibNPELazyTest
Running org.apache.ibatis.submitted.cglib_lazy_error.CglibNPETest
Tests run: 7, Failures: 0, Errors: 0, Skipped: 0, Time elapsed: 0.017 sec - in org.apache.ibatis.submitted.cglib_lazy_error.CglibNPETest
Running org.apache.ibatis.submitted.permissions.PermissionsTest
Tests run: 2, Failures: 0, Errors: 0, Skipped: 0, Time elapsed: 0.017 sec - in org.apache.ibatis.submitted.permissions.PermissionsTest
Running org.apache.ibatis.submitted.dynsql.DynSqlTest
Tests run: 6, Failures: 0, Errors: 0, Skipped: 0, Time elapsed: 0.013 sec - in org.apache.ibatis.submitted.dynsql.DynSqlTest
Running org.apache.ibatis.submitted.custom_collection_handling.CustomCollectionHandlingTest
Tests run: 2, Failures: 0, Errors: 0, Skipped: 0, Time elapsed: 0.594 sec - in org.apache.ibatis.submitted.custom_collection_handling.CustomCollectionHandlingTest
Running org.apache.ibatis.submitted.manyanno.ManyAnnoTest
Tests run: 1, Failures: 0, Errors: 0, Skipped: 0, Time elapsed: 1.139 sec - in org.apache.ibatis.submitted.manyanno.ManyAnnoTest
Running org.apache.ibatis.submitted.call_setters_on_nulls.DoNotCallSettersOnNullsTest
Tests run: 3, Failures: 0, Errors: 0, Skipped: 0, Time elapsed: 0.018 sec - in org.apache.ibatis.submitted.call_setters_on_nulls.DoNotCallSettersOnNullsTest
Running org.apache.ibatis.submitted.call_setters_on_nulls.CallSettersOnNullsTest
Tests run: 5, Failures: 0, Errors: 0, Skipped: 0, Time elapsed: 0.008 sec - in org.apache.ibatis.submitted.call_setters_on_nulls.CallSettersOnNullsTest
Running org.apache.ibatis.submitted.raw_sql_source.RawSqlSourceTest
Tests run: 3, Failures: 0, Errors: 0, Skipped: 0, Time elapsed: 0.013 sec - in org.apache.ibatis.submitted.raw_sql_source.RawSqlSourceTest
Running org.apache.ibatis.submitted.primitive_result_type.PrimitiveResultTypeTest
Tests run: 2, Failures: 0, Errors: 0, Skipped: 0, Time elapsed: 0.018 sec - in org.apache.ibatis.submitted.primitive_result_type.PrimitiveResultTypeTest
Running org.apache.ibatis.submitted.mapper_extend.MapperExtendTest
Tests run: 4, Failures: 0, Errors: 0, Skipped: 0, Time elapsed: 0.016 sec - in org.apache.ibatis.submitted.mapper_extend.MapperExtendTest
Running org.apache.ibatis.submitted.unknownobject.UnknownObjectTest
Tests run: 1, Failures: 0, Errors: 0, Skipped: 0, Time elapsed: 0.005 sec - in org.apache.ibatis.submitted.unknownobject.UnknownObjectTest
Running org.apache.ibatis.submitted.disallowdotsonnames.DisallowDotsOnNamesTest
Tests run: 1, Failures: 0, Errors: 0, Skipped: 0, Time elapsed: 0.011 sec - in org.apache.ibatis.submitted.disallowdotsonnames.DisallowDotsOnNamesTest
Running org.apache.ibatis.submitted.association_nested.FolderMapperTest
Tests run: 1, Failures: 0, Errors: 0, Skipped: 0, Time elapsed: 0.019 sec - in org.apache.ibatis.submitted.association_nested.FolderMapperTest
Running org.apache.ibatis.submitted.typehandlerinjection.TypeHandlerInjectionTest
Tests run: 1, Failures: 0, Errors: 0, Skipped: 0, Time elapsed: 0.014 sec - in org.apache.ibatis.submitted.typehandlerinjection.TypeHandlerInjectionTest
Running org.apache.ibatis.submitted.heavy_initial_load.HeavyInitialLoadTest
Tests run: 1, Failures: 0, Errors: 0, Skipped: 0, Time elapsed: 0.234 sec - in org.apache.ibatis.submitted.heavy_initial_load.HeavyInitialLoadTest
Running org.apache.ibatis.submitted.empty_namespace.EmptyNamespaceTest
Tests run: 1, Failures: 0, Errors: 0, Skipped: 0, Time elapsed: 0.004 sec - in org.apache.ibatis.submitted.empty_namespace.EmptyNamespaceTest
Running org.apache.ibatis.submitted.force_flush_on_select.ForceFlushOnSelectTest
Tests run: 6, Failures: 0, Errors: 0, Skipped: 0, Time elapsed: 0.052 sec - in org.apache.ibatis.submitted.force_flush_on_select.ForceFlushOnSelectTest
Running org.apache.ibatis.submitted.keycolumn.InsertTest
Tests run: 1, Failures: 0, Errors: 0, Skipped: 1, Time elapsed: 0 sec - in org.apache.ibatis.submitted.keycolumn.InsertTest
Running org.apache.ibatis.submitted.cache.CacheTest
Tests run: 3, Failures: 0, Errors: 0, Skipped: 0, Time elapsed: 0.019 sec - in org.apache.ibatis.submitted.cache.CacheTest
Running org.apache.ibatis.submitted.basetest.BaseTest
Tests run: 2, Failures: 0, Errors: 0, Skipped: 0, Time elapsed: 0.011 sec - in org.apache.ibatis.submitted.basetest.BaseTest
Running org.apache.ibatis.submitted.language.LanguageTest
Tests run: 11, Failures: 0, Errors: 0, Skipped: 0, Time elapsed: 0.12 sec - in org.apache.ibatis.submitted.language.LanguageTest
Running org.apache.ibatis.submitted.generictypes.GenericTypesTest
Tests run: 1, Failures: 0, Errors: 0, Skipped: 0, Time elapsed: 0.016 sec - in org.apache.ibatis.submitted.generictypes.GenericTypesTest
Running org.apache.ibatis.submitted.multipleresultsetswithassociation.MultipleResultSetTest
Tests run: 1, Failures: 0, Errors: 0, Skipped: 0, Time elapsed: 0.012 sec - in org.apache.ibatis.submitted.multipleresultsetswithassociation.MultipleResultSetTest
Running org.apache.ibatis.submitted.duplicate_statements.DuplicateStatementsTest
Tests run: 5, Failures: 0, Errors: 0, Skipped: 2, Time elapsed: 0.035 sec - in org.apache.ibatis.submitted.duplicate_statements.DuplicateStatementsTest
Running org.apache.ibatis.submitted.refcursor.RefCursorTest
Tests run: 1, Failures: 0, Errors: 0, Skipped: 1, Time elapsed: 0 sec - in org.apache.ibatis.submitted.refcursor.RefCursorTest
Running org.apache.ibatis.submitted.dml_return_types.DmlMapperReturnTypesTest
Tests run: 7, Failures: 0, Errors: 0, Skipped: 0, Time elapsed: 0.015 sec - in org.apache.ibatis.submitted.dml_return_types.DmlMapperReturnTypesTest
Running org.apache.ibatis.submitted.automapping.AutomappingTest
Tests run: 9, Failures: 0, Errors: 0, Skipped: 0, Time elapsed: 0.017 sec - in org.apache.ibatis.submitted.automapping.AutomappingTest
Running org.apache.ibatis.submitted.result_handler.ResulthandlerTest
Tests run: 2, Failures: 0, Errors: 0, Skipped: 0, Time elapsed: 0.006 sec - in org.apache.ibatis.submitted.result_handler.ResulthandlerTest
Running org.apache.ibatis.submitted.multiple_discriminator.MultipleDiscriminatorTest
Tests run: 3, Failures: 0, Errors: 0, Skipped: 0, Time elapsed: 0.017 sec - in org.apache.ibatis.submitted.multiple_discriminator.MultipleDiscriminatorTest
Running org.apache.ibatis.submitted.nestedresulthandler_association.NestedResultHandlerAssociationTest
Tests run: 2, Failures: 0, Errors: 0, Skipped: 0, Time elapsed: 0.01 sec - in org.apache.ibatis.submitted.nestedresulthandler_association.NestedResultHandlerAssociationTest
Running org.apache.ibatis.submitted.blocking_cache.BlockingCacheTest
Tests run: 1, Failures: 0, Errors: 0, Skipped: 0, Time elapsed: 1.01 sec - in org.apache.ibatis.submitted.blocking_cache.BlockingCacheTest
Running org.apache.ibatis.submitted.resultmapwithassociationstest.ResultMapWithAssociationsTest
Tests run: 1, Failures: 0, Errors: 0, Skipped: 0, Time elapsed: 0.011 sec - in org.apache.ibatis.submitted.resultmapwithassociationstest.ResultMapWithAssociationsTest
Running org.apache.ibatis.submitted.uuid_test.UUIDTest
Tests run: 2, Failures: 0, Errors: 0, Skipped: 0, Time elapsed: 0.01 sec - in org.apache.ibatis.submitted.uuid_test.UUIDTest
Running org.apache.ibatis.submitted.integer_enum.IntegerEnumTest
Tests run: 1, Failures: 0, Errors: 0, Skipped: 0, Time elapsed: 0.002 sec - in org.apache.ibatis.submitted.integer_enum.IntegerEnumTest
Running org.apache.ibatis.submitted.xml_references.EnumWithOgnlTest
Tests run: 2, Failures: 0, Errors: 0, Skipped: 0, Time elapsed: 0.007 sec - in org.apache.ibatis.submitted.xml_references.EnumWithOgnlTest
Running org.apache.ibatis.submitted.batch_test.BatchTest
Tests run: 1, Failures: 0, Errors: 0, Skipped: 0, Time elapsed: 0.007 sec - in org.apache.ibatis.submitted.batch_test.BatchTest
Running org.apache.ibatis.submitted.flush_statement_npe.FlushStatementNpeTest
Tests run: 3, Failures: 0, Errors: 0, Skipped: 0, Time elapsed: 0.012 sec - in org.apache.ibatis.submitted.flush_statement_npe.FlushStatementNpeTest
Running org.apache.ibatis.submitted.serializecircular.SerializeCircularTest
Tests run: 4, Failures: 0, Errors: 0, Skipped: 0, Time elapsed: 0.082 sec - in org.apache.ibatis.submitted.serializecircular.SerializeCircularTest
Running org.apache.ibatis.submitted.missing_id_property.MissingIdPropertyTest
Tests run: 1, Failures: 0, Errors: 0, Skipped: 0, Time elapsed: 0.012 sec - in org.apache.ibatis.submitted.missing_id_property.MissingIdPropertyTest
Running org.apache.ibatis.submitted.bringrags.SimpleObjectTest
Tests run: 1, Failures: 0, Errors: 0, Skipped: 0, Time elapsed: 0.01 sec - in org.apache.ibatis.submitted.bringrags.SimpleObjectTest
Running org.apache.ibatis.submitted.encoding.EncodingTest
Tests run: 2, Failures: 0, Errors: 0, Skipped: 0, Time elapsed: 0.01 sec - in org.apache.ibatis.submitted.encoding.EncodingTest
Running org.apache.ibatis.submitted.global_variables.BaseTest
Tests run: 2, Failures: 0, Errors: 0, Skipped: 0, Time elapsed: 0.011 sec - in org.apache.ibatis.submitted.global_variables.BaseTest
Running org.apache.ibatis.submitted.selectkey.SelectKeyTest
Tests run: 21, Failures: 0, Errors: 0, Skipped: 2, Time elapsed: 0.235 sec - in org.apache.ibatis.submitted.selectkey.SelectKeyTest
Running org.apache.ibatis.submitted.javassist.JavassistTest
Tests run: 1, Failures: 0, Errors: 0, Skipped: 0, Time elapsed: 0.014 sec - in org.apache.ibatis.submitted.javassist.JavassistTest
Running org.apache.ibatis.submitted.multiple_resultsets.MultipleResultTest
Tests run: 1, Failures: 0, Errors: 0, Skipped: 1, Time elapsed: 0 sec - in org.apache.ibatis.submitted.multiple_resultsets.MultipleResultTest
Running org.apache.ibatis.submitted.primitive_array.PrimitiveArrayTest
Tests run: 1, Failures: 0, Errors: 0, Skipped: 0, Time elapsed: 0.011 sec - in org.apache.ibatis.submitted.primitive_array.PrimitiveArrayTest
Running org.apache.ibatis.submitted.multipleiterates.MultipleIteratesTest
Tests run: 1, Failures: 0, Errors: 0, Skipped: 0, Time elapsed: 0.011 sec - in org.apache.ibatis.submitted.multipleiterates.MultipleIteratesTest
Running org.apache.ibatis.submitted.associationtest.AssociationTest
Tests run: 3, Failures: 0, Errors: 0, Skipped: 0, Time elapsed: 0.007 sec - in org.apache.ibatis.submitted.associationtest.AssociationTest
Running org.apache.ibatis.submitted.result_handler_type.DefaultResultHandlerTypeTest
Tests run: 3, Failures: 0, Errors: 0, Skipped: 0, Time elapsed: 0.017 sec - in org.apache.ibatis.submitted.result_handler_type.DefaultResultHandlerTypeTest
Running org.apache.ibatis.submitted.lazyload_proxyfactory_comparison.DefaultLazyTest
Tests run: 6, Failures: 0, Errors: 0, Skipped: 0, Time elapsed: 0.062 sec - in org.apache.ibatis.submitted.lazyload_proxyfactory_comparison.DefaultLazyTest
Running org.apache.ibatis.submitted.lazyload_proxyfactory_comparison.JavassistLazyTest
Tests run: 1, Failures: 0, Errors: 0, Skipped: 1, Time elapsed: 0 sec - in org.apache.ibatis.submitted.lazyload_proxyfactory_comparison.JavassistLazyTest
Running org.apache.ibatis.submitted.lazyload_proxyfactory_comparison.CglibLazyTest
Tests run: 6, Failures: 0, Errors: 0, Skipped: 0, Time elapsed: 0.082 sec - in org.apache.ibatis.submitted.lazyload_proxyfactory_comparison.CglibLazyTest
Running org.apache.ibatis.submitted.complex_type.ComplexTypeTest
Tests run: 1, Failures: 0, Errors: 0, Skipped: 0, Time elapsed: 0.011 sec - in org.apache.ibatis.submitted.complex_type.ComplexTypeTest
Running org.apache.ibatis.submitted.extends_with_constructor.NpeExtendsTest
Tests run: 4, Failures: 0, Errors: 0, Skipped: 0, Time elapsed: 0.026 sec - in org.apache.ibatis.submitted.extends_with_constructor.NpeExtendsTest
Running org.apache.ibatis.submitted.simplelistparameter.SimpleListParameterTest
Tests run: 1, Failures: 0, Errors: 0, Skipped: 0, Time elapsed: 0.011 sec - in org.apache.ibatis.submitted.simplelistparameter.SimpleListParameterTest
Running org.apache.ibatis.submitted.nested_query_cache.NestedQueryCacheTest
Tests run: 2, Failures: 0, Errors: 0, Skipped: 0, Time elapsed: 0.702 sec - in org.apache.ibatis.submitted.nested_query_cache.NestedQueryCacheTest
Running org.apache.ibatis.submitted.collectionparameters.CollectionParametersTest
Tests run: 3, Failures: 0, Errors: 0, Skipped: 0, Time elapsed: 0.011 sec - in org.apache.ibatis.submitted.collectionparameters.CollectionParametersTest
Running org.apache.ibatis.submitted.typehandler.TypeHandlerTest
Tests run: 1, Failures: 0, Errors: 0, Skipped: 0, Time elapsed: 0.004 sec - in org.apache.ibatis.submitted.typehandler.TypeHandlerTest
Running org.apache.ibatis.submitted.primitives.PrimitivesTest
Tests run: 1, Failures: 0, Errors: 0, Skipped: 0, Time elapsed: 0.008 sec - in org.apache.ibatis.submitted.primitives.PrimitivesTest
Running org.apache.ibatis.submitted.rounding.RoundingHandlersTest
Tests run: 2, Failures: 0, Errors: 0, Skipped: 0, Time elapsed: 0.01 sec - in org.apache.ibatis.submitted.rounding.RoundingHandlersTest
Running org.apache.ibatis.submitted.autodiscover.AutodiscoverTest
Tests run: 3, Failures: 0, Errors: 0, Skipped: 0, Time elapsed: 0.004 sec - in org.apache.ibatis.submitted.autodiscover.AutodiscoverTest
Running org.apache.ibatis.submitted.inline_association_with_dot.InlineCollectionWithDotTest
Tests run: 2, Failures: 0, Errors: 0, Skipped: 0, Time elapsed: 0.015 sec - in org.apache.ibatis.submitted.inline_association_with_dot.InlineCollectionWithDotTest
Running org.apache.ibatis.submitted.extend.ExtendTest
Tests run: 1, Failures: 0, Errors: 0, Skipped: 0, Time elapsed: 0.006 sec - in org.apache.ibatis.submitted.extend.ExtendTest
Running org.apache.ibatis.submitted.foreach_map.ForEachMapTest
Tests run: 4, Failures: 0, Errors: 0, Skipped: 0, Time elapsed: 0.01 sec - in org.apache.ibatis.submitted.foreach_map.ForEachMapTest
Running org.apache.ibatis.submitted.complex_property.ComponentTest
Tests run: 1, Failures: 0, Errors: 0, Skipped: 0, Time elapsed: 0.007 sec - in org.apache.ibatis.submitted.complex_property.ComponentTest
Running org.apache.ibatis.submitted.duplicate_resource_loaded.DuplicateResourceTest
Tests run: 1, Failures: 0, Errors: 0, Skipped: 0, Time elapsed: 0.783 sec - in org.apache.ibatis.submitted.duplicate_resource_loaded.DuplicateResourceTest
Running org.apache.ibatis.submitted.associationtype.AssociationTypeTest
Tests run: 1, Failures: 0, Errors: 0, Skipped: 0, Time elapsed: 0.011 sec - in org.apache.ibatis.submitted.associationtype.AssociationTypeTest
Running org.apache.ibatis.submitted.parent_childs.ParentChildTest
Tests run: 1, Failures: 0, Errors: 0, Skipped: 0, Time elapsed: 0.01 sec - in org.apache.ibatis.submitted.parent_childs.ParentChildTest
Running org.apache.ibatis.submitted.not_null_column.NotNullColumnTest
Tests run: 8, Failures: 0, Errors: 0, Skipped: 0, Time elapsed: 0.014 sec - in org.apache.ibatis.submitted.not_null_column.NotNullColumnTest
Running org.apache.ibatis.submitted.automatic_lazy_loading.AutomaticLazyLoadingTest
Tests run: 6, Failures: 0, Errors: 0, Skipped: 0, Time elapsed: 0.069 sec - in org.apache.ibatis.submitted.automatic_lazy_loading.AutomaticLazyLoadingTest
Running org.apache.ibatis.submitted.awful_table.AwfulTableTest
Tests run: 1, Failures: 0, Errors: 0, Skipped: 0, Time elapsed: 0.015 sec - in org.apache.ibatis.submitted.awful_table.AwfulTableTest
Running org.apache.ibatis.submitted.include_property.IncludePropertyTest
Tests run: 8, Failures: 0, Errors: 0, Skipped: 0, Time elapsed: 0.041 sec - in org.apache.ibatis.submitted.include_property.IncludePropertyTest
Running org.apache.ibatis.submitted.include_property.IncludePropertyErrorTest
Tests run: 1, Failures: 0, Errors: 0, Skipped: 0, Time elapsed: 0.002 sec - in org.apache.ibatis.submitted.include_property.IncludePropertyErrorTest
Running org.apache.ibatis.submitted.xml_external_ref.MultipleCrossIncludeTest
Tests run: 3, Failures: 0, Errors: 0, Skipped: 0, Time elapsed: 0.026 sec - in org.apache.ibatis.submitted.xml_external_ref.MultipleCrossIncludeTest
Running org.apache.ibatis.submitted.xml_external_ref.SameIdTest
Tests run: 2, Failures: 0, Errors: 0, Skipped: 0, Time elapsed: 0.017 sec - in org.apache.ibatis.submitted.xml_external_ref.SameIdTest
Running org.apache.ibatis.submitted.xml_external_ref.XmlExternalRefTest
Tests run: 5, Failures: 0, Errors: 0, Skipped: 0, Time elapsed: 0.034 sec - in org.apache.ibatis.submitted.xml_external_ref.XmlExternalRefTest
Running org.apache.ibatis.submitted.xml_external_ref.MultipleReverseIncludeTest
Tests run: 2, Failures: 0, Errors: 0, Skipped: 0, Time elapsed: 0.009 sec - in org.apache.ibatis.submitted.xml_external_ref.MultipleReverseIncludeTest
Running org.apache.ibatis.submitted.xml_external_ref.ShortNameTest
Tests run: 2, Failures: 0, Errors: 0, Skipped: 0, Time elapsed: 0.01 sec - in org.apache.ibatis.submitted.xml_external_ref.ShortNameTest
Running org.apache.ibatis.submitted.xml_external_ref.ResultMapExtendsTest
Tests run: 2, Failures: 0, Errors: 0, Skipped: 0, Time elapsed: 0.01 sec - in org.apache.ibatis.submitted.xml_external_ref.ResultMapExtendsTest
Running org.apache.ibatis.submitted.xml_external_ref.MultipleIncludeTest
Tests run: 2, Failures: 0, Errors: 0, Skipped: 0, Time elapsed: 0.008 sec - in org.apache.ibatis.submitted.xml_external_ref.MultipleIncludeTest
Running org.apache.ibatis.submitted.xml_external_ref.ReverseIncludeTest
Tests run: 2, Failures: 0, Errors: 0, Skipped: 0, Time elapsed: 0.008 sec - in org.apache.ibatis.submitted.xml_external_ref.ReverseIncludeTest
Running org.apache.ibatis.submitted.xml_external_ref.ResultMapReferenceTest
Tests run: 2, Failures: 0, Errors: 0, Skipped: 0, Time elapsed: 0.035 sec - in org.apache.ibatis.submitted.xml_external_ref.ResultMapReferenceTest
Running org.apache.ibatis.submitted.xml_external_ref.ParameterMapReferenceTest
Tests run: 2, Failures: 0, Errors: 0, Skipped: 0, Time elapsed: 0.01 sec - in org.apache.ibatis.submitted.xml_external_ref.ParameterMapReferenceTest
Running org.apache.ibatis.submitted.xml_external_ref.NonFullyQualifiedNamespaceTest
Tests run: 1, Failures: 0, Errors: 0, Skipped: 0, Time elapsed: 0.006 sec - in org.apache.ibatis.submitted.xml_external_ref.NonFullyQualifiedNamespaceTest
Running org.apache.ibatis.submitted.immutable_constructor.ImmutablePOJOTest
Tests run: 2, Failures: 0, Errors: 0, Skipped: 0, Time elapsed: 0.011 sec - in org.apache.ibatis.submitted.immutable_constructor.ImmutablePOJOTest
Running org.apache.ibatis.submitted.includes.IncludeTest
Tests run: 2, Failures: 0, Errors: 0, Skipped: 0, Time elapsed: 0.013 sec - in org.apache.ibatis.submitted.includes.IncludeTest
Running org.apache.ibatis.submitted.parent_reference_3level.BlogTest
Tests run: 4, Failures: 0, Errors: 0, Skipped: 0, Time elapsed: 0.026 sec - in org.apache.ibatis.submitted.parent_reference_3level.BlogTest
Running org.apache.ibatis.submitted.maptypehandler.MapTypeHandlerTest
Tests run: 2, Failures: 0, Errors: 0, Skipped: 0, Time elapsed: 0.012 sec - in org.apache.ibatis.submitted.maptypehandler.MapTypeHandlerTest
Running org.apache.ibatis.submitted.lazy_deserialize.LazyDeserializeTest
Tests run: 1, Failures: 0, Errors: 0, Skipped: 0, Time elapsed: 0.017 sec - in org.apache.ibatis.submitted.lazy_deserialize.LazyDeserializeTest
Running org.apache.ibatis.submitted.lazy_immutable.ImmutablePOJOTest
Tests run: 1, Failures: 0, Errors: 0, Skipped: 0, Time elapsed: 0.011 sec - in org.apache.ibatis.submitted.lazy_immutable.ImmutablePOJOTest
Running org.apache.ibatis.submitted.count.CountTest
Tests run: 1, Failures: 0, Errors: 0, Skipped: 0, Time elapsed: 0.004 sec - in org.apache.ibatis.submitted.count.CountTest
Running org.apache.ibatis.submitted.propertiesinmapperfiles.PropertiesInMappersTest
Tests run: 1, Failures: 0, Errors: 0, Skipped: 0, Time elapsed: 0.01 sec - in org.apache.ibatis.submitted.propertiesinmapperfiles.PropertiesInMappersTest
Running org.apache.ibatis.submitted.camelcase.CamelCaseMappingTest
Tests run: 2, Failures: 0, Errors: 0, Skipped: 0, Time elapsed: 0.007 sec - in org.apache.ibatis.submitted.camelcase.CamelCaseMappingTest
Running org.apache.ibatis.submitted.null_associations.FooMapperTest
Tests run: 2, Failures: 0, Errors: 0, Skipped: 0, Time elapsed: 0.026 sec - in org.apache.ibatis.submitted.null_associations.FooMapperTest
Running org.apache.ibatis.submitted.foreach.ForEachTest
Tests run: 4, Failures: 0, Errors: 0, Skipped: 0, Time elapsed: 0.021 sec - in org.apache.ibatis.submitted.foreach.ForEachTest
Running org.apache.ibatis.submitted.parametrizedlist.ParametrizedListTest
Tests run: 4, Failures: 0, Errors: 0, Skipped: 0, Time elapsed: 0.019 sec - in org.apache.ibatis.submitted.parametrizedlist.ParametrizedListTest
Running org.apache.ibatis.submitted.initialized_collection_property.AuthorDAOTest
Tests run: 2, Failures: 0, Errors: 0, Skipped: 1, Time elapsed: 0.012 sec - in org.apache.ibatis.submitted.initialized_collection_property.AuthorDAOTest
Running org.apache.ibatis.logging.LogFactoryTest
ERROR StatusLogger No log4j2 configuration file found. Using default configuration: logging only errors to the console.
18:28:31.224 [main] ERROR java.lang.Object - Error message.
18:28:31.225 [main] ERROR java.lang.Object - Error with Exception.
java.lang.Exception: Test exception.
	at org.apache.ibatis.logging.LogFactoryTest.logSomething(LogFactoryTest.java:106) [test-classes/:?]
	at org.apache.ibatis.logging.LogFactoryTest.shouldUseLog4J2(LogFactoryTest.java:55) [test-classes/:?]
	at sun.reflect.NativeMethodAccessorImpl.invoke0(Native Method) ~[?:1.8.0_262]
	at sun.reflect.NativeMethodAccessorImpl.invoke(NativeMethodAccessorImpl.java:62) ~[?:1.8.0_262]
	at sun.reflect.DelegatingMethodAccessorImpl.invoke(DelegatingMethodAccessorImpl.java:43) ~[?:1.8.0_262]
	at java.lang.reflect.Method.invoke(Method.java:498) ~[?:1.8.0_262]
	at org.junit.runners.model.FrameworkMethod$1.runReflectiveCall(FrameworkMethod.java:50) [junit-4.12.jar:4.12]
	at org.junit.internal.runners.model.ReflectiveCallable.run(ReflectiveCallable.java:12) [junit-4.12.jar:4.12]
	at org.junit.runners.model.FrameworkMethod.invokeExplosively(FrameworkMethod.java:47) [junit-4.12.jar:4.12]
	at org.junit.internal.runners.statements.InvokeMethod.evaluate(InvokeMethod.java:17) [junit-4.12.jar:4.12]
	at org.junit.runners.ParentRunner.runLeaf(ParentRunner.java:325) [junit-4.12.jar:4.12]
	at org.junit.runners.BlockJUnit4ClassRunner.runChild(BlockJUnit4ClassRunner.java:78) [junit-4.12.jar:4.12]
	at org.junit.runners.BlockJUnit4ClassRunner.runChild(BlockJUnit4ClassRunner.java:57) [junit-4.12.jar:4.12]
	at org.junit.runners.ParentRunner$3.run(ParentRunner.java:290) [junit-4.12.jar:4.12]
	at org.junit.runners.ParentRunner$1.schedule(ParentRunner.java:71) [junit-4.12.jar:4.12]
	at org.junit.runners.ParentRunner.runChildren(ParentRunner.java:288) [junit-4.12.jar:4.12]
	at org.junit.runners.ParentRunner.access$000(ParentRunner.java:58) [junit-4.12.jar:4.12]
	at org.junit.runners.ParentRunner$2.evaluate(ParentRunner.java:268) [junit-4.12.jar:4.12]
	at org.junit.runners.ParentRunner.run(ParentRunner.java:363) [junit-4.12.jar:4.12]
	at org.apache.maven.surefire.junit4.JUnit4Provider.execute(JUnit4Provider.java:283) [surefire-junit4-2.18.1.jar:2.18.1]
	at org.apache.maven.surefire.junit4.JUnit4Provider.executeWithRerun(JUnit4Provider.java:173) [surefire-junit4-2.18.1.jar:2.18.1]
	at org.apache.maven.surefire.junit4.JUnit4Provider.executeTestSet(JUnit4Provider.java:153) [surefire-junit4-2.18.1.jar:2.18.1]
	at org.apache.maven.surefire.junit4.JUnit4Provider.invoke(JUnit4Provider.java:128) [surefire-junit4-2.18.1.jar:2.18.1]
	at org.apache.maven.surefire.booter.ForkedBooter.invokeProviderInSameClassLoader(ForkedBooter.java:203) [surefire-booter-2.18.1.jar:2.18.1]
	at org.apache.maven.surefire.booter.ForkedBooter.runSuitesInProcess(ForkedBooter.java:155) [surefire-booter-2.18.1.jar:2.18.1]
	at org.apache.maven.surefire.booter.ForkedBooter.main(ForkedBooter.java:103) [surefire-booter-2.18.1.jar:2.18.1]
Logging initialized using 'class org.apache.ibatis.logging.stdout.StdOutImpl' adapter.
Warning message.
Debug message.
Error message.
Error with Exception.
java.lang.Exception: Test exception.
	at org.apache.ibatis.logging.LogFactoryTest.logSomething(LogFactoryTest.java:106)
	at org.apache.ibatis.logging.LogFactoryTest.shouldUseStdOut(LogFactoryTest.java:79)
	at sun.reflect.NativeMethodAccessorImpl.invoke0(Native Method)
	at sun.reflect.NativeMethodAccessorImpl.invoke(NativeMethodAccessorImpl.java:62)
	at sun.reflect.DelegatingMethodAccessorImpl.invoke(DelegatingMethodAccessorImpl.java:43)
	at java.lang.reflect.Method.invoke(Method.java:498)
	at org.junit.runners.model.FrameworkMethod$1.runReflectiveCall(FrameworkMethod.java:50)
	at org.junit.internal.runners.model.ReflectiveCallable.run(ReflectiveCallable.java:12)
	at org.junit.runners.model.FrameworkMethod.invokeExplosively(FrameworkMethod.java:47)
	at org.junit.internal.runners.statements.InvokeMethod.evaluate(InvokeMethod.java:17)
	at org.junit.runners.ParentRunner.runLeaf(ParentRunner.java:325)
	at org.junit.runners.BlockJUnit4ClassRunner.runChild(BlockJUnit4ClassRunner.java:78)
	at org.junit.runners.BlockJUnit4ClassRunner.runChild(BlockJUnit4ClassRunner.java:57)
	at org.junit.runners.ParentRunner$3.run(ParentRunner.java:290)
	at org.junit.runners.ParentRunner$1.schedule(ParentRunner.java:71)
	at org.junit.runners.ParentRunner.runChildren(ParentRunner.java:288)
	at org.junit.runners.ParentRunner.access$000(ParentRunner.java:58)
	at org.junit.runners.ParentRunner$2.evaluate(ParentRunner.java:268)
	at org.junit.runners.ParentRunner.run(ParentRunner.java:363)
	at org.apache.maven.surefire.junit4.JUnit4Provider.execute(JUnit4Provider.java:283)
	at org.apache.maven.surefire.junit4.JUnit4Provider.executeWithRerun(JUnit4Provider.java:173)
	at org.apache.maven.surefire.junit4.JUnit4Provider.executeTestSet(JUnit4Provider.java:153)
	at org.apache.maven.surefire.junit4.JUnit4Provider.invoke(JUnit4Provider.java:128)
	at org.apache.maven.surefire.booter.ForkedBooter.invokeProviderInSameClassLoader(ForkedBooter.java:203)
	at org.apache.maven.surefire.booter.ForkedBooter.runSuitesInProcess(ForkedBooter.java:155)
	at org.apache.maven.surefire.booter.ForkedBooter.main(ForkedBooter.java:103)
ERROR [main] - Error message.
ERROR [main] - Error with Exception.
java.lang.Exception: Test exception.
	at org.apache.ibatis.logging.LogFactoryTest.logSomething(LogFactoryTest.java:106)
	at org.apache.ibatis.logging.LogFactoryTest.shouldUseLog4J(LogFactoryTest.java:47)
	at sun.reflect.NativeMethodAccessorImpl.invoke0(Native Method)
	at sun.reflect.NativeMethodAccessorImpl.invoke(NativeMethodAccessorImpl.java:62)
	at sun.reflect.DelegatingMethodAccessorImpl.invoke(DelegatingMethodAccessorImpl.java:43)
	at java.lang.reflect.Method.invoke(Method.java:498)
	at org.junit.runners.model.FrameworkMethod$1.runReflectiveCall(FrameworkMethod.java:50)
	at org.junit.internal.runners.model.ReflectiveCallable.run(ReflectiveCallable.java:12)
	at org.junit.runners.model.FrameworkMethod.invokeExplosively(FrameworkMethod.java:47)
	at org.junit.internal.runners.statements.InvokeMethod.evaluate(InvokeMethod.java:17)
	at org.junit.runners.ParentRunner.runLeaf(ParentRunner.java:325)
	at org.junit.runners.BlockJUnit4ClassRunner.runChild(BlockJUnit4ClassRunner.java:78)
	at org.junit.runners.BlockJUnit4ClassRunner.runChild(BlockJUnit4ClassRunner.java:57)
	at org.junit.runners.ParentRunner$3.run(ParentRunner.java:290)
	at org.junit.runners.ParentRunner$1.schedule(ParentRunner.java:71)
	at org.junit.runners.ParentRunner.runChildren(ParentRunner.java:288)
	at org.junit.runners.ParentRunner.access$000(ParentRunner.java:58)
	at org.junit.runners.ParentRunner$2.evaluate(ParentRunner.java:268)
	at org.junit.runners.ParentRunner.run(ParentRunner.java:363)
	at org.apache.maven.surefire.junit4.JUnit4Provider.execute(JUnit4Provider.java:283)
	at org.apache.maven.surefire.junit4.JUnit4Provider.executeWithRerun(JUnit4Provider.java:173)
	at org.apache.maven.surefire.junit4.JUnit4Provider.executeTestSet(JUnit4Provider.java:153)
	at org.apache.maven.surefire.junit4.JUnit4Provider.invoke(JUnit4Provider.java:128)
	at org.apache.maven.surefire.booter.ForkedBooter.invokeProviderInSameClassLoader(ForkedBooter.java:203)
	at org.apache.maven.surefire.booter.ForkedBooter.runSuitesInProcess(ForkedBooter.java:155)
	at org.apache.maven.surefire.booter.ForkedBooter.main(ForkedBooter.java:103)
ERROR [main] - Error message.
ERROR [main] - Error with Exception.
java.lang.Exception: Test exception.
	at org.apache.ibatis.logging.LogFactoryTest.logSomething(LogFactoryTest.java:106)
	at org.apache.ibatis.logging.LogFactoryTest.shouldUseSlf4j(LogFactoryTest.java:71)
	at sun.reflect.NativeMethodAccessorImpl.invoke0(Native Method)
	at sun.reflect.NativeMethodAccessorImpl.invoke(NativeMethodAccessorImpl.java:62)
	at sun.reflect.DelegatingMethodAccessorImpl.invoke(DelegatingMethodAccessorImpl.java:43)
	at java.lang.reflect.Method.invoke(Method.java:498)
	at org.junit.runners.model.FrameworkMethod$1.runReflectiveCall(FrameworkMethod.java:50)
	at org.junit.internal.runners.model.ReflectiveCallable.run(ReflectiveCallable.java:12)
	at org.junit.runners.model.FrameworkMethod.invokeExplosively(FrameworkMethod.java:47)
	at org.junit.internal.runners.statements.InvokeMethod.evaluate(InvokeMethod.java:17)
	at org.junit.runners.ParentRunner.runLeaf(ParentRunner.java:325)
	at org.junit.runners.BlockJUnit4ClassRunner.runChild(BlockJUnit4ClassRunner.java:78)
	at org.junit.runners.BlockJUnit4ClassRunner.runChild(BlockJUnit4ClassRunner.java:57)
	at org.junit.runners.ParentRunner$3.run(ParentRunner.java:290)
	at org.junit.runners.ParentRunner$1.schedule(ParentRunner.java:71)
	at org.junit.runners.ParentRunner.runChildren(ParentRunner.java:288)
	at org.junit.runners.ParentRunner.access$000(ParentRunner.java:58)
	at org.junit.runners.ParentRunner$2.evaluate(ParentRunner.java:268)
	at org.junit.runners.ParentRunner.run(ParentRunner.java:363)
	at org.apache.maven.surefire.junit4.JUnit4Provider.execute(JUnit4Provider.java:283)
	at org.apache.maven.surefire.junit4.JUnit4Provider.executeWithRerun(JUnit4Provider.java:173)
	at org.apache.maven.surefire.junit4.JUnit4Provider.executeTestSet(JUnit4Provider.java:153)
	at org.apache.maven.surefire.junit4.JUnit4Provider.invoke(JUnit4Provider.java:128)
	at org.apache.maven.surefire.booter.ForkedBooter.invokeProviderInSameClassLoader(ForkedBooter.java:203)
	at org.apache.maven.surefire.booter.ForkedBooter.runSuitesInProcess(ForkedBooter.java:155)
	at org.apache.maven.surefire.booter.ForkedBooter.main(ForkedBooter.java:103)
Jul 30, 2020 6:28:31 PM org.apache.ibatis.logging.jdk14.Jdk14LoggingImpl warn
WARNING: Warning message.
Jul 30, 2020 6:28:31 PM org.apache.ibatis.logging.jdk14.Jdk14LoggingImpl error
SEVERE: Error message.
Jul 30, 2020 6:28:31 PM org.apache.ibatis.logging.jdk14.Jdk14LoggingImpl error
SEVERE: Error with Exception.
java.lang.Exception: Test exception.
	at org.apache.ibatis.logging.LogFactoryTest.logSomething(LogFactoryTest.java:106)
	at org.apache.ibatis.logging.LogFactoryTest.shouldUseJdKLogging(LogFactoryTest.java:63)
	at sun.reflect.NativeMethodAccessorImpl.invoke0(Native Method)
	at sun.reflect.NativeMethodAccessorImpl.invoke(NativeMethodAccessorImpl.java:62)
	at sun.reflect.DelegatingMethodAccessorImpl.invoke(DelegatingMethodAccessorImpl.java:43)
	at java.lang.reflect.Method.invoke(Method.java:498)
	at org.junit.runners.model.FrameworkMethod$1.runReflectiveCall(FrameworkMethod.java:50)
	at org.junit.internal.runners.model.ReflectiveCallable.run(ReflectiveCallable.java:12)
	at org.junit.runners.model.FrameworkMethod.invokeExplosively(FrameworkMethod.java:47)
	at org.junit.internal.runners.statements.InvokeMethod.evaluate(InvokeMethod.java:17)
	at org.junit.runners.ParentRunner.runLeaf(ParentRunner.java:325)
	at org.junit.runners.BlockJUnit4ClassRunner.runChild(BlockJUnit4ClassRunner.java:78)
	at org.junit.runners.BlockJUnit4ClassRunner.runChild(BlockJUnit4ClassRunner.java:57)
	at org.junit.runners.ParentRunner$3.run(ParentRunner.java:290)
	at org.junit.runners.ParentRunner$1.schedule(ParentRunner.java:71)
	at org.junit.runners.ParentRunner.runChildren(ParentRunner.java:288)
	at org.junit.runners.ParentRunner.access$000(ParentRunner.java:58)
	at org.junit.runners.ParentRunner$2.evaluate(ParentRunner.java:268)
	at org.junit.runners.ParentRunner.run(ParentRunner.java:363)
	at org.apache.maven.surefire.junit4.JUnit4Provider.execute(JUnit4Provider.java:283)
	at org.apache.maven.surefire.junit4.JUnit4Provider.executeWithRerun(JUnit4Provider.java:173)
	at org.apache.maven.surefire.junit4.JUnit4Provider.executeTestSet(JUnit4Provider.java:153)
	at org.apache.maven.surefire.junit4.JUnit4Provider.invoke(JUnit4Provider.java:128)
	at org.apache.maven.surefire.booter.ForkedBooter.invokeProviderInSameClassLoader(ForkedBooter.java:203)
	at org.apache.maven.surefire.booter.ForkedBooter.runSuitesInProcess(ForkedBooter.java:155)
	at org.apache.maven.surefire.booter.ForkedBooter.main(ForkedBooter.java:103)

ERROR [main] - Error message.
ERROR [main] - Error with Exception.
java.lang.Exception: Test exception.
	at org.apache.ibatis.logging.LogFactoryTest.logSomething(LogFactoryTest.java:106)
	at org.apache.ibatis.logging.LogFactoryTest.shouldUseCommonsLogging(LogFactoryTest.java:39)
	at sun.reflect.NativeMethodAccessorImpl.invoke0(Native Method)
	at sun.reflect.NativeMethodAccessorImpl.invoke(NativeMethodAccessorImpl.java:62)
	at sun.reflect.DelegatingMethodAccessorImpl.invoke(DelegatingMethodAccessorImpl.java:43)
	at java.lang.reflect.Method.invoke(Method.java:498)
	at org.junit.runners.model.FrameworkMethod$1.runReflectiveCall(FrameworkMethod.java:50)
	at org.junit.internal.runners.model.ReflectiveCallable.run(ReflectiveCallable.java:12)
	at org.junit.runners.model.FrameworkMethod.invokeExplosively(FrameworkMethod.java:47)
	at org.junit.internal.runners.statements.InvokeMethod.evaluate(InvokeMethod.java:17)
	at org.junit.runners.ParentRunner.runLeaf(ParentRunner.java:325)
	at org.junit.runners.BlockJUnit4ClassRunner.runChild(BlockJUnit4ClassRunner.java:78)
	at org.junit.runners.BlockJUnit4ClassRunner.runChild(BlockJUnit4ClassRunner.java:57)
	at org.junit.runners.ParentRunner$3.run(ParentRunner.java:290)
	at org.junit.runners.ParentRunner$1.schedule(ParentRunner.java:71)
	at org.junit.runners.ParentRunner.runChildren(ParentRunner.java:288)
	at org.junit.runners.ParentRunner.access$000(ParentRunner.java:58)
	at org.junit.runners.ParentRunner$2.evaluate(ParentRunner.java:268)
	at org.junit.runners.ParentRunner.run(ParentRunner.java:363)
	at org.apache.maven.surefire.junit4.JUnit4Provider.execute(JUnit4Provider.java:283)
	at org.apache.maven.surefire.junit4.JUnit4Provider.executeWithRerun(JUnit4Provider.java:173)
	at org.apache.maven.surefire.junit4.JUnit4Provider.executeTestSet(JUnit4Provider.java:153)
	at org.apache.maven.surefire.junit4.JUnit4Provider.invoke(JUnit4Provider.java:128)
	at org.apache.maven.surefire.booter.ForkedBooter.invokeProviderInSameClassLoader(ForkedBooter.java:203)
	at org.apache.maven.surefire.booter.ForkedBooter.runSuitesInProcess(ForkedBooter.java:155)
	at org.apache.maven.surefire.booter.ForkedBooter.main(ForkedBooter.java:103)
Tests run: 8, Failures: 0, Errors: 0, Skipped: 0, Time elapsed: 0.12 sec - in org.apache.ibatis.logging.LogFactoryTest
Running org.apache.ibatis.logging.jdbc.ResultSetLoggerTest
Tests run: 2, Failures: 0, Errors: 0, Skipped: 0, Time elapsed: 0.007 sec - in org.apache.ibatis.logging.jdbc.ResultSetLoggerTest
Running org.apache.ibatis.jdbc.SQLTest
Tests run: 8, Failures: 0, Errors: 0, Skipped: 0, Time elapsed: 0.002 sec - in org.apache.ibatis.jdbc.SQLTest
Running org.apache.ibatis.jdbc.SqlRunnerTest
Tests run: 6, Failures: 0, Errors: 0, Skipped: 0, Time elapsed: 0.613 sec - in org.apache.ibatis.jdbc.SqlRunnerTest
Running org.apache.ibatis.jdbc.SqlBuilderTest
Tests run: 5, Failures: 0, Errors: 0, Skipped: 0, Time elapsed: 0 sec - in org.apache.ibatis.jdbc.SqlBuilderTest
Running org.apache.ibatis.jdbc.PooledDataSourceTest
Tests run: 3, Failures: 0, Errors: 0, Skipped: 0, Time elapsed: 0.003 sec - in org.apache.ibatis.jdbc.PooledDataSourceTest
Running org.apache.ibatis.jdbc.ScriptRunnerTest
Tests run: 9, Failures: 0, Errors: 0, Skipped: 1, Time elapsed: 0.016 sec - in org.apache.ibatis.jdbc.ScriptRunnerTest
Running org.apache.ibatis.jdbc.SelectBuilderTest
Tests run: 5, Failures: 0, Errors: 0, Skipped: 0, Time elapsed: 0.001 sec - in org.apache.ibatis.jdbc.SelectBuilderTest
Running org.apache.ibatis.jdbc.NullTest
Tests run: 1, Failures: 0, Errors: 0, Skipped: 0, Time elapsed: 0 sec - in org.apache.ibatis.jdbc.NullTest
Running org.apache.ibatis.io.ResourcesTest
Tests run: 18, Failures: 0, Errors: 0, Skipped: 0, Time elapsed: 0.003 sec - in org.apache.ibatis.io.ResourcesTest
Running org.apache.ibatis.io.ExternalResourcesTest
Tests run: 4, Failures: 0, Errors: 0, Skipped: 0, Time elapsed: 0.001 sec - in org.apache.ibatis.io.ExternalResourcesTest
Running org.apache.ibatis.io.ClassLoaderWrapperTest
Tests run: 9, Failures: 0, Errors: 0, Skipped: 0, Time elapsed: 0.001 sec - in org.apache.ibatis.io.ClassLoaderWrapperTest
Running org.apache.ibatis.scripting.defaults.DefaultParameterHandlerTest
Tests run: 1, Failures: 0, Errors: 0, Skipped: 0, Time elapsed: 0.005 sec - in org.apache.ibatis.scripting.defaults.DefaultParameterHandlerTest
Running org.apache.ibatis.datasource.unpooled.UnpooledDataSourceTest
Tests run: 2, Failures: 0, Errors: 0, Skipped: 1, Time elapsed: 0.004 sec - in org.apache.ibatis.datasource.unpooled.UnpooledDataSourceTest
Running org.apache.ibatis.datasource.jndi.JndiDataSourceFactoryTest
Tests run: 1, Failures: 0, Errors: 0, Skipped: 0, Time elapsed: 0.002 sec - in org.apache.ibatis.datasource.jndi.JndiDataSourceFactoryTest

Results :

Tests run: 939, Failures: 0, Errors: 0, Skipped: 12

[INFO] 
[INFO] --- maven-pdf-plugin:1.3:pdf (pdf) @ mybatis ---
[INFO] Skipped report generation.
[WARNING] [FO Sink] Unknown Sink event: 'span', ignoring!
[ERROR] Image not found: http://www.mybatis.org/images/logo.png
[ERROR] Image not found: http://www.mybatis.org/images/logo.png
[WARNING] Line 1 of a paragraph overflows the available area by more than 50 points. (fo:block, location: 458/484)
[WARNING] Line 1 of a paragraph overflows the available area by 17560mpt. (fo:block, location: 556/484)
[WARNING] Line 1 of a paragraph overflows the available area by more than 50 points. (fo:block, location: 556/484)
[WARNING] Line 1 of a paragraph overflows the available area by more than 50 points. (fo:block, location: 556/484)
[WARNING] Line 1 of a paragraph overflows the available area by more than 50 points. (fo:block, location: 607/484)
[WARNING] Line 1 of a paragraph overflows the available area by more than 50 points. (fo:block, location: 718/484)
[WARNING] Line 1 of a paragraph overflows the available area by 47560mpt. (fo:block, location: 1288/484)
[WARNING] Line 1 of a paragraph overflows the available area by more than 50 points. (fo:block, location: 1288/484)
[WARNING] Line 1 of a paragraph overflows the available area by 2181mpt. (fo:block, location: 1516/100)
[WARNING] Line 1 of a paragraph overflows the available area by 16167mpt. (fo:block, location: 1774/100)
[WARNING] Line 8 of a paragraph overflows the available area by 24429mpt. (fo:block, location: 1816/100)
[WARNING] Line 1 of a paragraph overflows the available area by 22206mpt. (fo:block, location: 1897/100)
[WARNING] Line 1 of a paragraph overflows the available area by more than 50 points. (fo:block, location: 1929/100)
[WARNING] Line 1 of a paragraph overflows the available area by more than 50 points. (fo:block, location: 2076/484)
[WARNING] Line 1 of a paragraph overflows the available area by more than 50 points. (fo:block, location: 3459/484)
[WARNING] Line 1 of a paragraph overflows the available area by more than 50 points. (fo:block, location: 3459/484)
[WARNING] Line 1 of a paragraph overflows the available area by more than 50 points. (fo:block, location: 3459/484)
[WARNING] Line 1 of a paragraph overflows the available area by more than 50 points. (fo:block, location: 3459/484)
[WARNING] Line 1 of a paragraph overflows the available area by more than 50 points. (fo:block, location: 3635/484)
[WARNING] Line 1 of a paragraph overflows the available area by more than 50 points. (fo:block, location: 3635/484)
[WARNING] Line 1 of a paragraph overflows the available area by more than 50 points. (fo:block, location: 3712/484)
[WARNING] Line 1 of a paragraph overflows the available area by 41560mpt. (fo:block, location: 3747/484)
[WARNING] Line 1 of a paragraph overflows the available area by 11560mpt. (fo:block, location: 3747/484)
[WARNING] Line 1 of a paragraph overflows the available area by 47560mpt. (fo:block, location: 3747/484)
[WARNING] Line 1 of a paragraph overflows the available area by more than 50 points. (fo:block, location: 3747/484)
[WARNING] Line 1 of a paragraph overflows the available area by 17560mpt. (fo:block, location: 3747/484)
[WARNING] Line 1 of a paragraph overflows the available area by more than 50 points. (fo:block, location: 3747/484)
[WARNING] Line 1 of a paragraph overflows the available area by more than 50 points. (fo:block, location: 3861/484)
[WARNING] Line 1 of a paragraph overflows the available area by 11560mpt. (fo:block, location: 3861/484)
[WARNING] Line 1 of a paragraph overflows the available area by 5560mpt. (fo:block, location: 4004/484)
[WARNING] Line 1 of a paragraph overflows the available area by more than 50 points. (fo:block, location: 4139/484)
[WARNING] Line 1 of a paragraph overflows the available area by more than 50 points. (fo:block, location: 4139/484)
[WARNING] Line 1 of a paragraph overflows the available area by 5560mpt. (fo:block, location: 4151/484)
[WARNING] Line 1 of a paragraph overflows the available area by more than 50 points. (fo:block, location: 4151/484)
[WARNING] Line 1 of a paragraph overflows the available area by more than 50 points. (fo:block, location: 4325/484)
[WARNING] Line 1 of a paragraph overflows the available area by 29560mpt. (fo:block, location: 4721/484)
[WARNING] Line 1 of a paragraph overflows the available area by 23560mpt. (fo:block, location: 4721/484)
[WARNING] Line 1 of a paragraph overflows the available area by 5560mpt. (fo:block, location: 5131/484)
[WARNING] Line 1 of a paragraph overflows the available area by 11560mpt. (fo:block, location: 5903/484)
[WARNING] Line 1 of a paragraph overflows the available area by more than 50 points. (fo:block, location: 5903/484)
[WARNING] Line 1 of a paragraph overflows the available area by more than 50 points. (fo:block, location: 6104/484)
[WARNING] Line 1 of a paragraph overflows the available area by more than 50 points. (fo:block, location: 6114/484)
[WARNING] Line 1 of a paragraph overflows the available area by more than 50 points. (fo:block, location: 6114/484)
[WARNING] Line 1 of a paragraph overflows the available area by more than 50 points. (fo:block, location: 6323/484)
[WARNING] Line 1 of a paragraph overflows the available area by more than 50 points. (fo:block, location: 6335/484)
[WARNING] Line 1 of a paragraph overflows the available area by more than 50 points. (fo:block, location: 6735/484)
[WARNING] Line 1 of a paragraph overflows the available area by 10260mpt. (fo:block, location: 7411/100)
[WARNING] Line 1 of a paragraph overflows the available area by more than 50 points. (fo:block, location: 8015/484)
[WARNING] Line 1 of a paragraph overflows the available area by more than 50 points. (fo:block, location: 8569/484)
[WARNING] Line 1 of a paragraph overflows the available area by more than 50 points. (fo:block, location: 8585/484)
[WARNING] Line 1 of a paragraph overflows the available area by more than 50 points. (fo:block, location: 8675/484)
[WARNING] Line 1 of a paragraph overflows the available area by more than 50 points. (fo:block, location: 8709/484)
[WARNING] Line 1 of a paragraph overflows the available area by more than 50 points. (fo:block, location: 8727/484)
[WARNING] Line 1 of a paragraph overflows the available area by more than 50 points. (fo:block, location: 8817/484)
[WARNING] Line 1 of a paragraph overflows the available area by 35560mpt. (fo:block, location: 8870/484)
[WARNING] Line 1 of a paragraph overflows the available area by more than 50 points. (fo:block, location: 8882/484)
[WARNING] Line 1 of a paragraph overflows the available area by 35560mpt. (fo:block, location: 9035/484)
[WARNING] Line 1 of a paragraph overflows the available area by 5560mpt. (fo:block, location: 10037/484)
[WARNING] Line 1 of a paragraph overflows the available area by more than 50 points. (fo:block, location: 10102/484)
[WARNING] Line 1 of a paragraph overflows the available area by more than 50 points. (fo:block, location: 10102/484)
[WARNING] Line 1 of a paragraph overflows the available area by more than 50 points. (fo:block, location: 10102/484)
[WARNING] Line 1 of a paragraph overflows the available area by 11560mpt. (fo:block, location: 10116/484)
[WARNING] Line 1 of a paragraph overflows the available area by more than 50 points. (fo:block, location: 10241/156)
[WARNING] Line 1 of a paragraph overflows the available area by 11560mpt. (fo:block, location: 10331/484)
[WARNING] Line 1 of a paragraph overflows the available area by 29560mpt. (fo:block, location: 10331/484)
[WARNING] Line 1 of a paragraph overflows the available area by more than 50 points. (fo:block, location: 10331/484)
[WARNING] Line 1 of a paragraph overflows the available area by 11560mpt. (fo:block, location: 10453/484)
[WARNING] Line 1 of a paragraph overflows the available area by 29560mpt. (fo:block, location: 10453/484)
[WARNING] Line 1 of a paragraph overflows the available area by 17560mpt. (fo:block, location: 10486/484)
[WARNING] Line 1 of a paragraph overflows the available area by more than 50 points. (fo:block, location: 10486/484)
[WARNING] Line 1 of a paragraph overflows the available area by more than 50 points. (fo:block, location: 10569/484)
[WARNING] Line 1 of a paragraph overflows the available area by 11560mpt. (fo:block, location: 10569/484)
[WARNING] Line 1 of a paragraph overflows the available area by more than 50 points. (fo:block, location: 10719/484)
[WARNING] Line 1 of a paragraph overflows the available area by more than 50 points. (fo:block, location: 10755/484)
[WARNING] Line 1 of a paragraph overflows the available area by more than 50 points. (fo:block, location: 10755/484)
[WARNING] Line 1 of a paragraph overflows the available area by 47560mpt. (fo:block, location: 10755/484)
[WARNING] Line 1 of a paragraph overflows the available area by more than 50 points. (fo:block, location: 10755/484)
[WARNING] Line 1 of a paragraph overflows the available area by 2640mpt. (fo:block, location: 11093/100)
[WARNING] Line 1 of a paragraph overflows the available area by 2640mpt. (fo:block, location: 11211/100)
[WARNING] Line 13 of a paragraph overflows the available area by 2640mpt. (fo:block, location: 11394/100)
[WARNING] Line 13 of a paragraph overflows the available area by 2640mpt. (fo:block, location: 11429/100)
[WARNING] Line 20 of a paragraph overflows the available area by 29142mpt. (fo:block, location: 11491/100)
[WARNING] Line 17 of a paragraph overflows the available area by 29142mpt. (fo:block, location: 11491/100)
[WARNING] Line 16 of a paragraph overflows the available area by more than 50 points. (fo:block, location: 11491/100)
[WARNING] Line 1 of a paragraph overflows the available area by 2640mpt. (fo:block, location: 11653/11)
[WARNING] Line 1 of a paragraph overflows the available area by 2640mpt. (fo:block, location: 11662/11)
[WARNING] Line 1 of a paragraph overflows the available area by 2640mpt. (fo:block, location: 11671/11)
[WARNING] Line 1 of a paragraph overflows the available area by 2640mpt. (fo:block, location: 11680/11)
[WARNING] Line 1 of a paragraph overflows the available area by 5560mpt. (fo:block, location: 11933/484)
[WARNING] Line 1 of a paragraph overflows the available area by more than 50 points. (fo:block, location: 11933/484)
[WARNING] Line 1 of a paragraph overflows the available area by 17560mpt. (fo:block, location: 11947/484)
[WARNING] Line 1 of a paragraph overflows the available area by more than 50 points. (fo:block, location: 12141/484)
[WARNING] Line 1 of a paragraph overflows the available area by more than 50 points. (fo:block, location: 12141/484)
[WARNING] Line 1 of a paragraph overflows the available area by 23560mpt. (fo:block, location: 12141/484)
[WARNING] Content of the region-body on page 82 overflows the available area in block-progression dimension. (fo:page-sequence, location: 11980/70)
[WARNING] Page 1: Unresolved id reference "./ja/index" found.
[WARNING] Page 1: Unresolved id reference "./es/index" found.
[WARNING] Page 1: Unresolved id reference "./ko/index" found.
[WARNING] Page 1: Unresolved id reference "./zh/index" found.
[WARNING] Page 8: Unresolved id reference "./configuration#databaseIdProvider" found.
[WARNING] Page 8: Unresolved id reference "./configuration#settings" found.
[WARNING] Page 8: Unresolved id reference "./configuration#objectFactory" found.
[WARNING] Page 8: Unresolved id reference "./configuration#typeAliases" found.
[WARNING] Page 8: Unresolved id reference "./configuration#typeHandlers" found.
[WARNING] Page 8: Unresolved id reference "./configuration#environments" found.
[WARNING] Page 8: Unresolved id reference "./configuration#plugins" found.
[WARNING] Page 8: Unresolved id reference "./configuration#mappers" found.
[WARNING] Page 8: Unresolved id reference "./configuration#properties" found.
[INFO] 
[INFO] --- maven-jar-plugin:2.6:jar (default-jar) @ mybatis ---
[INFO] Building jar: /tmp/tmpqgdtti0m/mybatis-3/target/mybatis-3.3.0.jar
[INFO] 
[INFO] --- maven-site-plugin:3.4:attach-descriptor (attach-descriptor) @ mybatis ---
[INFO] 
[INFO] --- maven-assembly-plugin:3.2.0:single (default) @ mybatis ---
[INFO] Building jar: /tmp/tmpqgdtti0m/mybatis-3/target/mybatis-3.3.0-jar-with-dependencies.jar
[INFO] ------------------------------------------------------------------------
[INFO] BUILD SUCCESS
[INFO] ------------------------------------------------------------------------
[INFO] Total time:  01:17 min
[INFO] Finished at: 2020-07-30T18:28:41Z
[INFO] ------------------------------------------------------------------------
