[INFO] Error stacktraces are turned on.
[INFO] Scanning for projects...
[WARNING] 
[WARNING] Some problems were encountered while building the effective model for pgGallery:pgGallery:war:0.2.1-RELEASE
[WARNING] 'dependencies.dependency.systemPath' for org.im4java:im4java:jar should not point at files within the project directory, ${basedir}/src/main/webapp/WEB-INF/lib/im4java-1.2.0-1.5.jar will be unresolvable by dependent projects @ line 141, column 19
[WARNING] 
[WARNING] It is highly recommended to fix these problems because they threaten the stability of your build.
[WARNING] 
[WARNING] For this reason, future Maven versions might no longer support building such malformed projects.
[WARNING] 
[INFO] 
[INFO] ------------------------< pgGallery:pgGallery >-------------------------
[INFO] Building pgGallery 0.2.1-RELEASE
[INFO] --------------------------------[ war ]---------------------------------
[INFO] 
[INFO] --- jacoco-maven-plugin:0.8.5:prepare-agent (default) @ pgGallery ---
[INFO] argLine set to -javaagent:/home/jdbl/.m2/repository/org/jacoco/org.jacoco.agent/0.8.5/org.jacoco.agent-0.8.5-runtime.jar=destfile=/tmp/tmpo6oukds5/pgGallery/target/jacoco.exec
[INFO] 
[INFO] --- maven-resources-plugin:2.6:resources (default-resources) @ pgGallery ---
[WARNING] Using platform encoding (UTF-8 actually) to copy filtered resources, i.e. build is platform dependent!
[INFO] skip non existing resourceDirectory /tmp/tmpo6oukds5/pgGallery/src/main/resources
[INFO] 
[INFO] --- maven-compiler-plugin:2.3.2:compile (default-compile) @ pgGallery ---
[WARNING] File encoding has not been set, using platform encoding UTF-8, i.e. build is platform dependent!
[INFO] Compiling 44 source files to /tmp/tmpo6oukds5/pgGallery/target/classes
[INFO] 
[INFO] --- maven-resources-plugin:2.6:testResources (default-testResources) @ pgGallery ---
[WARNING] Using platform encoding (UTF-8 actually) to copy filtered resources, i.e. build is platform dependent!
[INFO] skip non existing resourceDirectory /tmp/tmpo6oukds5/pgGallery/src/test/resources
[INFO] 
[INFO] --- maven-compiler-plugin:2.3.2:testCompile (default-testCompile) @ pgGallery ---
[WARNING] File encoding has not been set, using platform encoding UTF-8, i.e. build is platform dependent!
[INFO] Compiling 1 source file to /tmp/tmpo6oukds5/pgGallery/target/test-classes
[INFO] 
[INFO] --- maven-surefire-plugin:2.19.1:test (default-test) @ pgGallery ---
[INFO] Surefire report directory: /tmp/tmpo6oukds5/pgGallery/target/surefire-reports

-------------------------------------------------------
 T E S T S
-------------------------------------------------------
Running pgGallery.security.SHA512PasswordEncoderTest
20:40:37.430 [main] INFO  p.security.SHA512PasswordEncoder - Checking hash 1$200000$5qdZIVYO5-q0XdcI6rEqxY-slcykZk_yqS2rT3puQSDQwBdad7iAdIi7fCUV64tUx2vJ-X68bqjzt0DmRfWAMQ$vF4h0gAfR61X38sOgVpmBrrBT8zBSA-x7NCd0HM1PgZXyx9SYWTGnVuh1ID4NffgKh8FDdhcSmUs-PGWv3_hYQ to Pass 11823028516244315596824888437343198920692546438797931288237263792765723117662410225515561808219608026209174539423863451653175628311456581912705014611967901274169413205655043715695840633593282035405207020081902973401632069338548068379191554957826549695438348807011959449562526369687709710301097002094700905503721536244566329288067413352542596705318468601303062279480653775961792554413912050045357801980076966032406999080306658764458652989836341161012897560705102455151091173025144456663554409783225053002737709246342009117805979888674982680533097911976151525152165175268339334991348253912245221079250879
20:40:41.865 [main] INFO  p.security.SHA512PasswordEncoder - Checking hash 1$200000$H2YTucC153RyfUklTXE2NaWvbAHZ9LWuP3DD15xyczqVc06JZ1AKqCuNjr9lkKXHAVJMMjRm4p3Pvyzz7znZJg$aRz7U5siPqO3yx-H8kLY171C9PoR0w-XFGdEjC6byT-fHN-AGgDFuHAwnCcR6kZpi_X-CXpxXBdT-2YX126oew to Pass foo
Tests run: 4, Failures: 1, Errors: 0, Skipped: 0, Time elapsed: 8.988 sec <<< FAILURE! - in pgGallery.security.SHA512PasswordEncoderTest
benchmark(pgGallery.security.SHA512PasswordEncoderTest)  Time elapsed: 1.068 sec  <<< FAILURE!
java.lang.AssertionError: 
	at pgGallery.security.SHA512PasswordEncoderTest.benchmark(SHA512PasswordEncoderTest.java:37)


Results :

Failed tests: 
  SHA512PasswordEncoderTest.benchmark:37

Tests run: 4, Failures: 1, Errors: 0, Skipped: 0

[ERROR] There are test failures.

Please refer to /tmp/tmpo6oukds5/pgGallery/target/surefire-reports for the individual test results.
[INFO] 
[INFO] --- jacoco-maven-plugin:0.8.5:report (report) @ pgGallery ---
[INFO] Loading execution data file /tmp/tmpo6oukds5/pgGallery/target/jacoco.exec
[INFO] Analyzed bundle 'pgGallery' with 138 classes
[INFO] ------------------------------------------------------------------------
[INFO] BUILD SUCCESS
[INFO] ------------------------------------------------------------------------
[INFO] Total time:  22.298 s
[INFO] Finished at: 2020-07-30T20:40:44Z
[INFO] ------------------------------------------------------------------------
