[INFO] Error stacktraces are turned on.
[INFO] Scanning for projects...
[INFO] 
[INFO] -------------< com.github.spotbugs:sonar-findbugs-plugin >--------------
[INFO] Building SonarQube SpotBugs Plugin 4.0.1-SNAPSHOT
[INFO] ----------------------------[ sonar-plugin ]----------------------------
[INFO] 
[INFO] --- sonar-packaging-maven-plugin:1.18.0.372:check (default-check) @ sonar-findbugs-plugin ---
[INFO] 
[INFO] --- jacoco-maven-plugin:0.8.5:prepare-agent (default) @ sonar-findbugs-plugin ---
[INFO] argLine set to -javaagent:/home/jdbl/.m2/repository/org/jacoco/org.jacoco.agent/0.8.5/org.jacoco.agent-0.8.5-runtime.jar=destfile=/tmp/tmpj4lt8z2i/sonar-findbugs/target/jacoco.exec
[INFO] 
[INFO] --- maven-resources-plugin:3.1.0:resources (default-resources) @ sonar-findbugs-plugin ---
[INFO] Using 'UTF-8' encoding to copy filtered resources.
[INFO] Copying 11 resources
[INFO] 
[INFO] --- maven-dependency-plugin:2.8:copy-dependencies (copy-dependencies) @ sonar-findbugs-plugin ---
[INFO] Copying jsr305-1.3.9.jar to /tmp/tmpj4lt8z2i/sonar-findbugs/target/classes/jsr305.jar
[INFO] Copying sb-contrib-7.4.7.jar to /tmp/tmpj4lt8z2i/sonar-findbugs/target/classes/sb-contrib.jar
[INFO] Copying findsecbugs-plugin-1.10.1.jar to /tmp/tmpj4lt8z2i/sonar-findbugs/target/classes/findsecbugs-plugin.jar
[INFO] Copying annotations-3.0.1.jar to /tmp/tmpj4lt8z2i/sonar-findbugs/target/classes/annotations.jar
[INFO] 
[INFO] --- maven-compiler-plugin:3.8.1:compile (default-compile) @ sonar-findbugs-plugin ---
[INFO] Changes detected - recompiling the module!
[INFO] Compiling 40 source files to /tmp/tmpj4lt8z2i/sonar-findbugs/target/classes
[INFO] /tmp/tmpj4lt8z2i/sonar-findbugs/src/main/java/org/sonar/plugins/findbugs/FindbugsProfileImporter.java: Some input files use or override a deprecated API.
[INFO] /tmp/tmpj4lt8z2i/sonar-findbugs/src/main/java/org/sonar/plugins/findbugs/FindbugsProfileImporter.java: Recompile with -Xlint:deprecation for details.
[INFO] Some messages have been simplified; recompile with -Xdiags:verbose to get full output
[INFO] -------------------------------------------------------------
[ERROR] COMPILATION ERROR : 
[INFO] -------------------------------------------------------------
[ERROR] /tmp/tmpj4lt8z2i/sonar-findbugs/src/main/java/org/sonar/plugins/findbugs/FindbugsPlugin.java:[58,22] cannot find symbol
  symbol:   class Context
  location: class org.sonar.plugins.findbugs.FindbugsPlugin
[ERROR] /tmp/tmpj4lt8z2i/sonar-findbugs/src/main/java/org/sonar/plugins/findbugs/xml/FindBugsFilter.java:[134,12] cannot find symbol
  symbol:   method setupDefaultSecurity(com.thoughtworks.xstream.XStream)
  location: class com.thoughtworks.xstream.XStream
[ERROR] /tmp/tmpj4lt8z2i/sonar-findbugs/src/main/java/org/sonar/plugins/findbugs/xml/FindBugsFilter.java:[139,14] cannot find symbol
  symbol:   method allowTypeHierarchy(java.lang.Class)
  location: variable xstream of type com.thoughtworks.xstream.XStream
[ERROR] /tmp/tmpj4lt8z2i/sonar-findbugs/src/main/java/org/sonar/plugins/findbugs/FindbugsPlugin.java:[40,8] org.sonar.plugins.findbugs.FindbugsPlugin is not abstract and does not override abstract method getExtensions() in org.sonar.api.Plugin
[ERROR] /tmp/tmpj4lt8z2i/sonar-findbugs/src/main/java/org/sonar/plugins/findbugs/FindbugsPlugin.java:[57,5] method does not override or implement a method from a supertype
[ERROR] /tmp/tmpj4lt8z2i/sonar-findbugs/src/main/java/org/sonar/plugins/findbugs/resource/ByteCodeResourceLocator.java:[62,34] cannot find symbol
  symbol:   method uri()
  location: variable input of type org.sonar.api.batch.fs.InputFile
[ERROR] /tmp/tmpj4lt8z2i/sonar-findbugs/src/main/java/org/sonar/plugins/findbugs/FindbugsSensor.java:[210,38] cannot find symbol
  symbol:   method newIssue()
  location: variable sensorContext of type org.sonar.api.batch.sensor.SensorContext
[ERROR] /tmp/tmpj4lt8z2i/sonar-findbugs/src/main/java/org/sonar/plugins/findbugs/FindbugsSensor.java:[214,25] cannot find symbol
  symbol:   method selectLine(int)
  location: variable resource of type org.sonar.api.batch.fs.InputFile
[ERROR] /tmp/tmpj4lt8z2i/sonar-findbugs/src/main/java/org/sonar/plugins/findbugs/FindbugsSensor.java:[213,17] incompatible types: org.sonar.api.batch.fs.InputFile cannot be converted to org.sonar.api.batch.fs.InputComponent
[ERROR] /tmp/tmpj4lt8z2i/sonar-findbugs/src/main/java/org/sonar/plugins/findbugs/FindbugsSensor.java:[245,15] cannot find symbol
  symbol:   method onlyOnLanguages(java.lang.String[])
  location: variable descriptor of type org.sonar.api.batch.sensor.SensorDescriptor
[INFO] 10 errors 
[INFO] -------------------------------------------------------------
[INFO] ------------------------------------------------------------------------
[INFO] BUILD FAILURE
[INFO] ------------------------------------------------------------------------
[INFO] Total time:  30.558 s
[INFO] Finished at: 2020-08-03T11:02:02Z
[INFO] ------------------------------------------------------------------------
[ERROR] Failed to execute goal org.apache.maven.plugins:maven-compiler-plugin:3.8.1:compile (default-compile) on project sonar-findbugs-plugin: Compilation failure: Compilation failure: 
[ERROR] /tmp/tmpj4lt8z2i/sonar-findbugs/src/main/java/org/sonar/plugins/findbugs/FindbugsPlugin.java:[58,22] cannot find symbol
[ERROR]   symbol:   class Context
[ERROR]   location: class org.sonar.plugins.findbugs.FindbugsPlugin
[ERROR] /tmp/tmpj4lt8z2i/sonar-findbugs/src/main/java/org/sonar/plugins/findbugs/xml/FindBugsFilter.java:[134,12] cannot find symbol
[ERROR]   symbol:   method setupDefaultSecurity(com.thoughtworks.xstream.XStream)
[ERROR]   location: class com.thoughtworks.xstream.XStream
[ERROR] /tmp/tmpj4lt8z2i/sonar-findbugs/src/main/java/org/sonar/plugins/findbugs/xml/FindBugsFilter.java:[139,14] cannot find symbol
[ERROR]   symbol:   method allowTypeHierarchy(java.lang.Class)
[ERROR]   location: variable xstream of type com.thoughtworks.xstream.XStream
[ERROR] /tmp/tmpj4lt8z2i/sonar-findbugs/src/main/java/org/sonar/plugins/findbugs/FindbugsPlugin.java:[40,8] org.sonar.plugins.findbugs.FindbugsPlugin is not abstract and does not override abstract method getExtensions() in org.sonar.api.Plugin
[ERROR] /tmp/tmpj4lt8z2i/sonar-findbugs/src/main/java/org/sonar/plugins/findbugs/FindbugsPlugin.java:[57,5] method does not override or implement a method from a supertype
[ERROR] /tmp/tmpj4lt8z2i/sonar-findbugs/src/main/java/org/sonar/plugins/findbugs/resource/ByteCodeResourceLocator.java:[62,34] cannot find symbol
[ERROR]   symbol:   method uri()
[ERROR]   location: variable input of type org.sonar.api.batch.fs.InputFile
[ERROR] /tmp/tmpj4lt8z2i/sonar-findbugs/src/main/java/org/sonar/plugins/findbugs/FindbugsSensor.java:[210,38] cannot find symbol
[ERROR]   symbol:   method newIssue()
[ERROR]   location: variable sensorContext of type org.sonar.api.batch.sensor.SensorContext
[ERROR] /tmp/tmpj4lt8z2i/sonar-findbugs/src/main/java/org/sonar/plugins/findbugs/FindbugsSensor.java:[214,25] cannot find symbol
[ERROR]   symbol:   method selectLine(int)
[ERROR]   location: variable resource of type org.sonar.api.batch.fs.InputFile
[ERROR] /tmp/tmpj4lt8z2i/sonar-findbugs/src/main/java/org/sonar/plugins/findbugs/FindbugsSensor.java:[213,17] incompatible types: org.sonar.api.batch.fs.InputFile cannot be converted to org.sonar.api.batch.fs.InputComponent
[ERROR] /tmp/tmpj4lt8z2i/sonar-findbugs/src/main/java/org/sonar/plugins/findbugs/FindbugsSensor.java:[245,15] cannot find symbol
[ERROR]   symbol:   method onlyOnLanguages(java.lang.String[])
[ERROR]   location: variable descriptor of type org.sonar.api.batch.sensor.SensorDescriptor
[ERROR] -> [Help 1]
org.apache.maven.lifecycle.LifecycleExecutionException: Failed to execute goal org.apache.maven.plugins:maven-compiler-plugin:3.8.1:compile (default-compile) on project sonar-findbugs-plugin: Compilation failure
    at org.apache.maven.lifecycle.internal.MojoExecutor.execute (MojoExecutor.java:215)
    at org.apache.maven.lifecycle.internal.MojoExecutor.execute (MojoExecutor.java:156)
    at org.apache.maven.lifecycle.internal.MojoExecutor.execute (MojoExecutor.java:148)
    at org.apache.maven.lifecycle.internal.LifecycleModuleBuilder.buildProject (LifecycleModuleBuilder.java:117)
    at org.apache.maven.lifecycle.internal.LifecycleModuleBuilder.buildProject (LifecycleModuleBuilder.java:81)
    at org.apache.maven.lifecycle.internal.builder.singlethreaded.SingleThreadedBuilder.build (SingleThreadedBuilder.java:56)
    at org.apache.maven.lifecycle.internal.LifecycleStarter.execute (LifecycleStarter.java:128)
    at org.apache.maven.DefaultMaven.doExecute (DefaultMaven.java:305)
    at org.apache.maven.DefaultMaven.doExecute (DefaultMaven.java:192)
    at org.apache.maven.DefaultMaven.execute (DefaultMaven.java:105)
    at org.apache.maven.cli.MavenCli.execute (MavenCli.java:957)
    at org.apache.maven.cli.MavenCli.doMain (MavenCli.java:289)
    at org.apache.maven.cli.MavenCli.main (MavenCli.java:193)
    at sun.reflect.NativeMethodAccessorImpl.invoke0 (Native Method)
    at sun.reflect.NativeMethodAccessorImpl.invoke (NativeMethodAccessorImpl.java:62)
    at sun.reflect.DelegatingMethodAccessorImpl.invoke (DelegatingMethodAccessorImpl.java:43)
    at java.lang.reflect.Method.invoke (Method.java:498)
    at org.codehaus.plexus.classworlds.launcher.Launcher.launchEnhanced (Launcher.java:282)
    at org.codehaus.plexus.classworlds.launcher.Launcher.launch (Launcher.java:225)
    at org.codehaus.plexus.classworlds.launcher.Launcher.mainWithExitCode (Launcher.java:406)
    at org.codehaus.plexus.classworlds.launcher.Launcher.main (Launcher.java:347)
Caused by: org.apache.maven.plugin.compiler.CompilationFailureException: Compilation failure
    at org.apache.maven.plugin.compiler.AbstractCompilerMojo.execute (AbstractCompilerMojo.java:1220)
    at org.apache.maven.plugin.compiler.CompilerMojo.execute (CompilerMojo.java:187)
    at org.apache.maven.plugin.DefaultBuildPluginManager.executeMojo (DefaultBuildPluginManager.java:137)
    at org.apache.maven.lifecycle.internal.MojoExecutor.execute (MojoExecutor.java:210)
    at org.apache.maven.lifecycle.internal.MojoExecutor.execute (MojoExecutor.java:156)
    at org.apache.maven.lifecycle.internal.MojoExecutor.execute (MojoExecutor.java:148)
    at org.apache.maven.lifecycle.internal.LifecycleModuleBuilder.buildProject (LifecycleModuleBuilder.java:117)
    at org.apache.maven.lifecycle.internal.LifecycleModuleBuilder.buildProject (LifecycleModuleBuilder.java:81)
    at org.apache.maven.lifecycle.internal.builder.singlethreaded.SingleThreadedBuilder.build (SingleThreadedBuilder.java:56)
    at org.apache.maven.lifecycle.internal.LifecycleStarter.execute (LifecycleStarter.java:128)
    at org.apache.maven.DefaultMaven.doExecute (DefaultMaven.java:305)
    at org.apache.maven.DefaultMaven.doExecute (DefaultMaven.java:192)
    at org.apache.maven.DefaultMaven.execute (DefaultMaven.java:105)
    at org.apache.maven.cli.MavenCli.execute (MavenCli.java:957)
    at org.apache.maven.cli.MavenCli.doMain (MavenCli.java:289)
    at org.apache.maven.cli.MavenCli.main (MavenCli.java:193)
    at sun.reflect.NativeMethodAccessorImpl.invoke0 (Native Method)
    at sun.reflect.NativeMethodAccessorImpl.invoke (NativeMethodAccessorImpl.java:62)
    at sun.reflect.DelegatingMethodAccessorImpl.invoke (DelegatingMethodAccessorImpl.java:43)
    at java.lang.reflect.Method.invoke (Method.java:498)
    at org.codehaus.plexus.classworlds.launcher.Launcher.launchEnhanced (Launcher.java:282)
    at org.codehaus.plexus.classworlds.launcher.Launcher.launch (Launcher.java:225)
    at org.codehaus.plexus.classworlds.launcher.Launcher.mainWithExitCode (Launcher.java:406)
    at org.codehaus.plexus.classworlds.launcher.Launcher.main (Launcher.java:347)
[ERROR] 
[ERROR] Re-run Maven using the -X switch to enable full debug logging.
[ERROR] 
[ERROR] For more information about the errors and possible solutions, please read the following articles:
[ERROR] [Help 1] http://cwiki.apache.org/confluence/display/MAVEN/MojoFailureException
[INFO] Build failures were ignored.
