[INFO] Error stacktraces are turned on.
[INFO] Scanning for projects...
[INFO] 
[INFO] ------------------< com.esotericsoftware:reflectasm >-------------------
[INFO] Building ReflectASM 1.11.7
[INFO] -------------------------------[ bundle ]-------------------------------
[INFO] 
[INFO] --- maven-enforcer-plugin:1.0:enforce (enforce-maven) @ reflectasm ---
[INFO] 
[INFO] --- maven-compiler-plugin:3.1:compile (default-compile) @ reflectasm ---
[INFO] Changes detected - recompiling the module!
[INFO] Compiling 5 source files to /tmp/tmph90c9cua/reflectasm/target/classes
[WARNING] /tmp/tmph90c9cua/reflectasm/src/com/esotericsoftware/reflectasm/MethodAccess.java: Some input files use or override a deprecated API.
[WARNING] /tmp/tmph90c9cua/reflectasm/src/com/esotericsoftware/reflectasm/MethodAccess.java: Recompile with -Xlint:deprecation for details.
[WARNING] /tmp/tmph90c9cua/reflectasm/src/com/esotericsoftware/reflectasm/ConstructorAccess.java: Some input files use unchecked or unsafe operations.
[WARNING] /tmp/tmph90c9cua/reflectasm/src/com/esotericsoftware/reflectasm/ConstructorAccess.java: Recompile with -Xlint:unchecked for details.
[INFO] 
[INFO] --- maven-compiler-plugin:3.1:testCompile (default-testCompile) @ reflectasm ---
[INFO] Changes detected - recompiling the module!
[INFO] Compiling 8 source files to /tmp/tmph90c9cua/reflectasm/target/test-classes
[WARNING] /tmp/tmph90c9cua/reflectasm/test/com/esotericsoftware/reflectasm/benchmark/Benchmark.java: Some input files use unchecked or unsafe operations.
[WARNING] /tmp/tmph90c9cua/reflectasm/test/com/esotericsoftware/reflectasm/benchmark/Benchmark.java: Recompile with -Xlint:unchecked for details.
[INFO] 
[INFO] --- maven-surefire-plugin:3.0.0-M5:test (default-test) @ reflectasm ---
[INFO] Surefire report directory: /tmp/tmph90c9cua/reflectasm/target/surefire-reports
[INFO] 
[INFO] -------------------------------------------------------
[INFO]  T E S T S
[INFO] -------------------------------------------------------
[INFO] Running com.esotericsoftware.reflectasm.MethodAccessTest
[INFO] Tests run: 3, Failures: 0, Errors: 0, Skipped: 0, Time elapsed: 0.032 s - in com.esotericsoftware.reflectasm.MethodAccessTest
[INFO] Running com.esotericsoftware.reflectasm.ClassLoaderTest
[INFO] Tests run: 3, Failures: 0, Errors: 0, Skipped: 0, Time elapsed: 0.086 s - in com.esotericsoftware.reflectasm.ClassLoaderTest
[INFO] Running com.esotericsoftware.reflectasm.ConstructorAccessTest
Expected exception happened: java.lang.RuntimeException: Class cannot be created (missing no-arg constructor): com.esotericsoftware.reflectasm.ConstructorAccessTest$HasArgumentConstructor
Expected exception happened: java.lang.RuntimeException: Class cannot be created (the no-arg constructor is private): com.esotericsoftware.reflectasm.ConstructorAccessTest$HasPrivateConstructor
[INFO] Tests run: 7, Failures: 0, Errors: 0, Skipped: 0, Time elapsed: 0.005 s - in com.esotericsoftware.reflectasm.ConstructorAccessTest
[INFO] Running com.esotericsoftware.reflectasm.FieldAccessTest
[INFO] Tests run: 3, Failures: 0, Errors: 0, Skipped: 0, Time elapsed: 0.001 s - in com.esotericsoftware.reflectasm.FieldAccessTest
[INFO] 
[INFO] Results:
[INFO] 
[INFO] Tests run: 16, Failures: 0, Errors: 0, Skipped: 0
[INFO] 
[INFO] 
[INFO] --- maven-bundle-plugin:2.5.0:bundle (default-bundle) @ reflectasm ---
[INFO] 
[INFO] --- maven-shade-plugin:2.3:shade (default) @ reflectasm ---
[INFO] Including org.ow2.asm:asm:jar:5.1 in the shaded jar.
[INFO] Minimizing jar com.esotericsoftware:reflectasm:bundle:1.11.7
[INFO] Minimized 34 -> 30 (88%)
[INFO] Replacing original artifact with shaded artifact.
[INFO] Replacing /tmp/tmph90c9cua/reflectasm/target/reflectasm-1.11.7.jar with /tmp/tmph90c9cua/reflectasm/target/reflectasm-1.11.7-shaded.jar
[INFO] Dependency-reduced POM written at: /tmp/tmph90c9cua/reflectasm/dependency-reduced-pom.xml
[INFO] 
[INFO] --- maven-assembly-plugin:3.2.0:single (default) @ reflectasm ---
[INFO] Building jar: /tmp/tmph90c9cua/reflectasm/target/reflectasm-1.11.7-jar-with-dependencies.jar
[INFO] ------------------------------------------------------------------------
[INFO] BUILD SUCCESS
[INFO] ------------------------------------------------------------------------
[INFO] Total time:  6.765 s
[INFO] Finished at: 2020-07-30T18:29:22Z
[INFO] ------------------------------------------------------------------------
