[INFO] Error stacktraces are turned on.
[INFO] Scanning for projects...
[INFO] 
[INFO] ------------------------< com.smockin:smockin >-------------------------
[INFO] Building smockin 2.9.0
[INFO] --------------------------------[ jar ]---------------------------------
[INFO] 
[INFO] --- properties-maven-plugin:1.0.0:set-system-properties (default) @ smockin ---
[INFO] Set 1 system property
[INFO] 
[INFO] --- jacoco-maven-plugin:0.8.5:prepare-agent (default) @ smockin ---
[INFO] argLine set to -javaagent:/home/jdbl/.m2/repository/org/jacoco/org.jacoco.agent/0.8.5/org.jacoco.agent-0.8.5-runtime.jar=destfile=/tmp/tmplvql4lqe/smockin/target/jacoco.exec
[INFO] 
[INFO] --- maven-resources-plugin:3.1.0:resources (default-resources) @ smockin ---
[INFO] Using 'UTF-8' encoding to copy filtered resources.
[INFO] Copying 1 resource
[INFO] Copying 117 resources
[INFO] 
[INFO] --- maven-compiler-plugin:3.8.1:compile (default-compile) @ smockin ---
[INFO] Changes detected - recompiling the module!
[INFO] Compiling 166 source files to /tmp/tmplvql4lqe/smockin/target/classes
[INFO] /tmp/tmplvql4lqe/smockin/src/main/java/com/smockin/admin/interceptor/WebMvcConfig.java: Some input files use or override a deprecated API.
[INFO] /tmp/tmplvql4lqe/smockin/src/main/java/com/smockin/admin/interceptor/WebMvcConfig.java: Recompile with -Xlint:deprecation for details.
[INFO] /tmp/tmplvql4lqe/smockin/src/main/java/com/smockin/admin/persistence/dao/RestfulMockDAOImpl.java: Some input files use unchecked or unsafe operations.
[INFO] /tmp/tmplvql4lqe/smockin/src/main/java/com/smockin/admin/persistence/dao/RestfulMockDAOImpl.java: Recompile with -Xlint:unchecked for details.
[INFO] 
[INFO] --- maven-resources-plugin:3.1.0:testResources (default-testResources) @ smockin ---
[INFO] Using 'UTF-8' encoding to copy filtered resources.
[INFO] Copying 8 resources
[INFO] 
[INFO] --- maven-compiler-plugin:3.8.1:testCompile (default-testCompile) @ smockin ---
[INFO] Changes detected - recompiling the module!
[INFO] Compiling 25 source files to /tmp/tmplvql4lqe/smockin/target/test-classes
[INFO] /tmp/tmplvql4lqe/smockin/src/test/java/com/smockin/mockserver/service/HttpProxyServiceVolumeTest.java: Some input files use unchecked or unsafe operations.
[INFO] /tmp/tmplvql4lqe/smockin/src/test/java/com/smockin/mockserver/service/HttpProxyServiceVolumeTest.java: Recompile with -Xlint:unchecked for details.
[INFO] 
[INFO] --- maven-surefire-plugin:2.19.1:test (default-test) @ smockin ---
[INFO] Surefire report directory: /tmp/tmplvql4lqe/smockin/target/surefire-reports

-------------------------------------------------------
 T E S T S
-------------------------------------------------------
Running com.smockin.utils.GeneralUtilsTest
2020-07-30 22:44:55.648 ERROR   --- [           main] com.smockin.utils.GeneralUtils           : Error de-serialising json

com.fasterxml.jackson.databind.exc.MismatchedInputException: No content to map due to end-of-input
 at [Source: (String)" "; line: 1, column: 0]
	at com.fasterxml.jackson.databind.exc.MismatchedInputException.from(MismatchedInputException.java:59)
	at com.fasterxml.jackson.databind.ObjectMapper._initForReading(ObjectMapper.java:4344)
	at com.fasterxml.jackson.databind.ObjectMapper._readMapAndClose(ObjectMapper.java:4189)
	at com.fasterxml.jackson.databind.ObjectMapper.readValue(ObjectMapper.java:3205)
	at com.fasterxml.jackson.databind.ObjectMapper.readValue(ObjectMapper.java:3188)
	at com.smockin.utils.GeneralUtils.deserialiseJson(GeneralUtils.java:241)
	at com.smockin.utils.GeneralUtils.deserialiseJson(GeneralUtils.java:230)
	at com.smockin.utils.GeneralUtils.deserialiseJSONToList(GeneralUtils.java:222)
	at com.smockin.utils.GeneralUtilsTest.deserialiseJSONToListBlankTest(GeneralUtilsTest.java:497)
	at sun.reflect.NativeMethodAccessorImpl.invoke0(Native Method)
	at sun.reflect.NativeMethodAccessorImpl.invoke(NativeMethodAccessorImpl.java:62)
	at sun.reflect.DelegatingMethodAccessorImpl.invoke(DelegatingMethodAccessorImpl.java:43)
	at java.lang.reflect.Method.invoke(Method.java:498)
	at org.junit.runners.model.FrameworkMethod$1.runReflectiveCall(FrameworkMethod.java:50)
	at org.junit.internal.runners.model.ReflectiveCallable.run(ReflectiveCallable.java:12)
	at org.junit.runners.model.FrameworkMethod.invokeExplosively(FrameworkMethod.java:47)
	at org.junit.internal.runners.statements.InvokeMethod.evaluate(InvokeMethod.java:17)
	at org.junit.rules.ExpectedException$ExpectedExceptionStatement.evaluate(ExpectedException.java:239)
	at org.junit.rules.RunRules.evaluate(RunRules.java:20)
	at org.junit.runners.ParentRunner.runLeaf(ParentRunner.java:325)
	at org.junit.runners.BlockJUnit4ClassRunner.runChild(BlockJUnit4ClassRunner.java:78)
	at org.junit.runners.BlockJUnit4ClassRunner.runChild(BlockJUnit4ClassRunner.java:57)
	at org.junit.runners.ParentRunner$3.run(ParentRunner.java:290)
	at org.junit.runners.ParentRunner$1.schedule(ParentRunner.java:71)
	at org.junit.runners.ParentRunner.runChildren(ParentRunner.java:288)
	at org.junit.runners.ParentRunner.access$000(ParentRunner.java:58)
	at org.junit.runners.ParentRunner$2.evaluate(ParentRunner.java:268)
	at org.junit.runners.ParentRunner.run(ParentRunner.java:363)
	at org.apache.maven.surefire.junit4.JUnit4Provider.execute(JUnit4Provider.java:367)
	at org.apache.maven.surefire.junit4.JUnit4Provider.executeWithRerun(JUnit4Provider.java:274)
	at org.apache.maven.surefire.junit4.JUnit4Provider.executeTestSet(JUnit4Provider.java:238)
	at org.apache.maven.surefire.junit4.JUnit4Provider.invoke(JUnit4Provider.java:161)
	at org.apache.maven.surefire.booter.ForkedBooter.invokeProviderInSameClassLoader(ForkedBooter.java:290)
	at org.apache.maven.surefire.booter.ForkedBooter.runSuitesInProcess(ForkedBooter.java:242)
	at org.apache.maven.surefire.booter.ForkedBooter.main(ForkedBooter.java:121)

2020-07-30 22:44:55.737 ERROR   --- [           main] com.smockin.utils.GeneralUtils           : Error de-serialising json

com.fasterxml.jackson.core.JsonParseException: Unexpected character (',' (code 44)): expected a valid value (JSON String, Number, Array, Object or token 'null', 'true' or 'false')
 at [Source: (String)"{ "name" :, "age" : 21 }"; line: 1, column: 12]
	at com.fasterxml.jackson.core.JsonParser._constructError(JsonParser.java:1840)
	at com.fasterxml.jackson.core.base.ParserMinimalBase._reportError(ParserMinimalBase.java:712)
	at com.fasterxml.jackson.core.base.ParserMinimalBase._reportUnexpectedChar(ParserMinimalBase.java:637)
	at com.fasterxml.jackson.core.json.ReaderBasedJsonParser._handleOddValue(ReaderBasedJsonParser.java:1916)
	at com.fasterxml.jackson.core.json.ReaderBasedJsonParser.nextToken(ReaderBasedJsonParser.java:772)
	at com.fasterxml.jackson.databind.deser.std.UntypedObjectDeserializer$Vanilla.deserialize(UntypedObjectDeserializer.java:648)
	at com.fasterxml.jackson.databind.ObjectMapper._readMapAndClose(ObjectMapper.java:4202)
	at com.fasterxml.jackson.databind.ObjectMapper.readValue(ObjectMapper.java:3205)
	at com.fasterxml.jackson.databind.ObjectMapper.readValue(ObjectMapper.java:3188)
	at com.smockin.utils.GeneralUtils.deserialiseJson(GeneralUtils.java:241)
	at com.smockin.utils.GeneralUtils.deserialiseJson(GeneralUtils.java:230)
	at com.smockin.utils.GeneralUtils.deserialiseJSONToMap(GeneralUtils.java:226)
	at com.smockin.utils.GeneralUtilsTest.deserialiseJSON_InvalidJson_Test(GeneralUtilsTest.java:200)
	at sun.reflect.NativeMethodAccessorImpl.invoke0(Native Method)
	at sun.reflect.NativeMethodAccessorImpl.invoke(NativeMethodAccessorImpl.java:62)
	at sun.reflect.DelegatingMethodAccessorImpl.invoke(DelegatingMethodAccessorImpl.java:43)
	at java.lang.reflect.Method.invoke(Method.java:498)
	at org.junit.runners.model.FrameworkMethod$1.runReflectiveCall(FrameworkMethod.java:50)
	at org.junit.internal.runners.model.ReflectiveCallable.run(ReflectiveCallable.java:12)
	at org.junit.runners.model.FrameworkMethod.invokeExplosively(FrameworkMethod.java:47)
	at org.junit.internal.runners.statements.InvokeMethod.evaluate(InvokeMethod.java:17)
	at org.junit.rules.ExpectedException$ExpectedExceptionStatement.evaluate(ExpectedException.java:239)
	at org.junit.rules.RunRules.evaluate(RunRules.java:20)
	at org.junit.runners.ParentRunner.runLeaf(ParentRunner.java:325)
	at org.junit.runners.BlockJUnit4ClassRunner.runChild(BlockJUnit4ClassRunner.java:78)
	at org.junit.runners.BlockJUnit4ClassRunner.runChild(BlockJUnit4ClassRunner.java:57)
	at org.junit.runners.ParentRunner$3.run(ParentRunner.java:290)
	at org.junit.runners.ParentRunner$1.schedule(ParentRunner.java:71)
	at org.junit.runners.ParentRunner.runChildren(ParentRunner.java:288)
	at org.junit.runners.ParentRunner.access$000(ParentRunner.java:58)
	at org.junit.runners.ParentRunner$2.evaluate(ParentRunner.java:268)
	at org.junit.runners.ParentRunner.run(ParentRunner.java:363)
	at org.apache.maven.surefire.junit4.JUnit4Provider.execute(JUnit4Provider.java:367)
	at org.apache.maven.surefire.junit4.JUnit4Provider.executeWithRerun(JUnit4Provider.java:274)
	at org.apache.maven.surefire.junit4.JUnit4Provider.executeTestSet(JUnit4Provider.java:238)
	at org.apache.maven.surefire.junit4.JUnit4Provider.invoke(JUnit4Provider.java:161)
	at org.apache.maven.surefire.booter.ForkedBooter.invokeProviderInSameClassLoader(ForkedBooter.java:290)
	at org.apache.maven.surefire.booter.ForkedBooter.runSuitesInProcess(ForkedBooter.java:242)
	at org.apache.maven.surefire.booter.ForkedBooter.main(ForkedBooter.java:121)

Tests run: 48, Failures: 0, Errors: 0, Skipped: 0, Time elapsed: 2.835 sec - in com.smockin.utils.GeneralUtilsTest
Running com.smockin.mockserver.engine.MockedRestServerEngineUtilsTest
Tests run: 4, Failures: 0, Errors: 0, Skipped: 0, Time elapsed: 0.358 sec - in com.smockin.mockserver.engine.MockedRestServerEngineUtilsTest
Running com.smockin.mockserver.service.HttpProxyServiceTest
Tests run: 3, Failures: 0, Errors: 0, Skipped: 0, Time elapsed: 6.166 sec - in com.smockin.mockserver.service.HttpProxyServiceTest
Running com.smockin.mockserver.service.MockOrderingCounterServiceTest
Tests run: 2, Failures: 0, Errors: 0, Skipped: 0, Time elapsed: 0.005 sec - in com.smockin.mockserver.service.MockOrderingCounterServiceTest
Running com.smockin.mockserver.service.RuleResolverIsMissingTest
Tests run: 6, Failures: 0, Errors: 0, Skipped: 0, Time elapsed: 0.005 sec - in com.smockin.mockserver.service.RuleResolverIsMissingTest
Running com.smockin.mockserver.service.JavaScriptResponseHandlerTest
Hello, World
Tests run: 25, Failures: 0, Errors: 0, Skipped: 0, Time elapsed: 1.244 sec - in com.smockin.mockserver.service.JavaScriptResponseHandlerTest
Running com.smockin.mockserver.service.InboundParamMatchServiceTest
Tests run: 30, Failures: 0, Errors: 0, Skipped: 0, Time elapsed: 0.154 sec - in com.smockin.mockserver.service.InboundParamMatchServiceTest
Running com.smockin.mockserver.service.StatefulServiceTest
Tests run: 24, Failures: 0, Errors: 0, Skipped: 0, Time elapsed: 0.139 sec - in com.smockin.mockserver.service.StatefulServiceTest
Running com.smockin.mockserver.service.RuleResolverEqualsTest
Tests run: 12, Failures: 0, Errors: 0, Skipped: 0, Time elapsed: 0.019 sec - in com.smockin.mockserver.service.RuleResolverEqualsTest
Running com.smockin.mockserver.service.RuleResolverContainsTest
Tests run: 5, Failures: 0, Errors: 0, Skipped: 0, Time elapsed: 0 sec - in com.smockin.mockserver.service.RuleResolverContainsTest
Running com.smockin.mockserver.service.RuleEngineTest
2020-07-30 22:45:04.060 ERROR   --- [           main] com.smockin.utils.GeneralUtils           : Error de-serialising json

com.fasterxml.jackson.core.JsonParseException: Unrecognized token 'username': was expecting (JSON String, Number, Array, Object or token 'null', 'true' or 'false')
 at [Source: (String)"username = admin"; line: 1, column: 9]
	at com.fasterxml.jackson.core.JsonParser._constructError(JsonParser.java:1840)
	at com.fasterxml.jackson.core.base.ParserMinimalBase._reportError(ParserMinimalBase.java:722)
	at com.fasterxml.jackson.core.json.ReaderBasedJsonParser._reportInvalidToken(ReaderBasedJsonParser.java:2867)
	at com.fasterxml.jackson.core.json.ReaderBasedJsonParser._handleOddValue(ReaderBasedJsonParser.java:1913)
	at com.fasterxml.jackson.core.json.ReaderBasedJsonParser.nextToken(ReaderBasedJsonParser.java:772)
	at com.fasterxml.jackson.databind.ObjectMapper._initForReading(ObjectMapper.java:4340)
	at com.fasterxml.jackson.databind.ObjectMapper._readMapAndClose(ObjectMapper.java:4189)
	at com.fasterxml.jackson.databind.ObjectMapper.readValue(ObjectMapper.java:3205)
	at com.fasterxml.jackson.databind.ObjectMapper.readValue(ObjectMapper.java:3188)
	at com.smockin.utils.GeneralUtils.deserialiseJson(GeneralUtils.java:241)
	at com.smockin.utils.GeneralUtils.deserialiseJson(GeneralUtils.java:230)
	at com.smockin.utils.GeneralUtils.deserialiseJSONToMap(GeneralUtils.java:226)
	at com.smockin.utils.RuleEngineUtils.matchOnJsonField(RuleEngineUtils.java:33)
	at com.smockin.mockserver.service.RuleEngineImpl.extractInboundValue(RuleEngineImpl.java:94)
	at com.smockin.mockserver.service.RuleEngineImpl$MockitoMock$1183739545.extractInboundValue$accessor$uSaXKkPY(Unknown Source)
	at com.smockin.mockserver.service.RuleEngineImpl$MockitoMock$1183739545$auxiliary$G6rM5PSZ.call(Unknown Source)
	at org.mockito.internal.invocation.RealMethod$FromCallable$1.call(RealMethod.java:40)
	at org.mockito.internal.invocation.RealMethod$FromBehavior.invoke(RealMethod.java:62)
	at org.mockito.internal.invocation.InterceptedInvocation.callRealMethod(InterceptedInvocation.java:152)
	at org.mockito.internal.stubbing.answers.CallsRealMethods.answer(CallsRealMethods.java:44)
	at org.mockito.Answers.answer(Answers.java:100)
	at org.mockito.internal.handler.MockHandlerImpl.handle(MockHandlerImpl.java:103)
	at org.mockito.internal.handler.NullResultGuardian.handle(NullResultGuardian.java:29)
	at org.mockito.internal.handler.InvocationNotifierHandler.handle(InvocationNotifierHandler.java:35)
	at org.mockito.internal.creation.bytebuddy.MockMethodInterceptor.doIntercept(MockMethodInterceptor.java:61)
	at org.mockito.internal.creation.bytebuddy.MockMethodInterceptor.doIntercept(MockMethodInterceptor.java:49)
	at org.mockito.internal.creation.bytebuddy.MockMethodInterceptor$DispatcherDefaultingToRealMethod.interceptSuperCallable(MockMethodInterceptor.java:108)
	at com.smockin.mockserver.service.RuleEngineImpl$MockitoMock$1183739545.extractInboundValue(Unknown Source)
	at com.smockin.mockserver.service.RuleEngineTest.extractInboundValue_jsonReqBody_invalidJson_Test(RuleEngineTest.java:245)
	at sun.reflect.NativeMethodAccessorImpl.invoke0(Native Method)
	at sun.reflect.NativeMethodAccessorImpl.invoke(NativeMethodAccessorImpl.java:62)
	at sun.reflect.DelegatingMethodAccessorImpl.invoke(DelegatingMethodAccessorImpl.java:43)
	at java.lang.reflect.Method.invoke(Method.java:498)
	at org.junit.runners.model.FrameworkMethod$1.runReflectiveCall(FrameworkMethod.java:50)
	at org.junit.internal.runners.model.ReflectiveCallable.run(ReflectiveCallable.java:12)
	at org.junit.runners.model.FrameworkMethod.invokeExplosively(FrameworkMethod.java:47)
	at org.junit.internal.runners.statements.InvokeMethod.evaluate(InvokeMethod.java:17)
	at org.junit.internal.runners.statements.RunBefores.evaluate(RunBefores.java:26)
	at org.mockito.internal.runners.DefaultInternalRunner$1$1.evaluate(DefaultInternalRunner.java:46)
	at org.junit.rules.ExpectedException$ExpectedExceptionStatement.evaluate(ExpectedException.java:239)
	at org.junit.rules.RunRules.evaluate(RunRules.java:20)
	at org.junit.runners.ParentRunner.runLeaf(ParentRunner.java:325)
	at org.junit.runners.BlockJUnit4ClassRunner.runChild(BlockJUnit4ClassRunner.java:78)
	at org.junit.runners.BlockJUnit4ClassRunner.runChild(BlockJUnit4ClassRunner.java:57)
	at org.junit.runners.ParentRunner$3.run(ParentRunner.java:290)
	at org.junit.runners.ParentRunner$1.schedule(ParentRunner.java:71)
	at org.junit.runners.ParentRunner.runChildren(ParentRunner.java:288)
	at org.junit.runners.ParentRunner.access$000(ParentRunner.java:58)
	at org.junit.runners.ParentRunner$2.evaluate(ParentRunner.java:268)
	at org.junit.runners.ParentRunner.run(ParentRunner.java:363)
	at org.mockito.internal.runners.DefaultInternalRunner$1.run(DefaultInternalRunner.java:77)
	at org.mockito.internal.runners.DefaultInternalRunner.run(DefaultInternalRunner.java:83)
	at org.mockito.internal.runners.StrictRunner.run(StrictRunner.java:39)
	at org.mockito.junit.MockitoJUnitRunner.run(MockitoJUnitRunner.java:163)
	at org.apache.maven.surefire.junit4.JUnit4Provider.execute(JUnit4Provider.java:367)
	at org.apache.maven.surefire.junit4.JUnit4Provider.executeWithRerun(JUnit4Provider.java:274)
	at org.apache.maven.surefire.junit4.JUnit4Provider.executeTestSet(JUnit4Provider.java:238)
	at org.apache.maven.surefire.junit4.JUnit4Provider.invoke(JUnit4Provider.java:161)
	at org.apache.maven.surefire.booter.ForkedBooter.invokeProviderInSameClassLoader(ForkedBooter.java:290)
	at org.apache.maven.surefire.booter.ForkedBooter.runSuitesInProcess(ForkedBooter.java:242)
	at org.apache.maven.surefire.booter.ForkedBooter.main(ForkedBooter.java:121)

Tests run: 12, Failures: 0, Errors: 0, Skipped: 0, Time elapsed: 0.21 sec - in com.smockin.mockserver.service.RuleEngineTest
Running com.smockin.mockserver.service.HttpProxyServiceVolumeTest
Tests run: 1, Failures: 0, Errors: 0, Skipped: 0, Time elapsed: 2.542 sec - in com.smockin.mockserver.service.HttpProxyServiceVolumeTest
Running com.smockin.mockserver.service.HttpProxyServiceQueueTest
Tests run: 5, Failures: 0, Errors: 0, Skipped: 0, Time elapsed: 3.033 sec - in com.smockin.mockserver.service.HttpProxyServiceQueueTest
Running com.smockin.admin.interceptor.AuthInterceptorTest
Tests run: 8, Failures: 0, Errors: 0, Skipped: 0, Time elapsed: 0.011 sec - in com.smockin.admin.interceptor.AuthInterceptorTest
Running com.smockin.admin.service.MockedServerEngineServiceTest
2020-07-30 22:45:09.921 ERROR   --- [           main] c.s.a.s.MockedServerEngineServiceImpl    : Starting REST Mocking Engine

com.smockin.mockserver.exception.MockServerException: Startup Boom
	at com.smockin.admin.service.MockedServerEngineServiceImpl.startRest(MockedServerEngineServiceImpl.java:62)
	at com.smockin.admin.service.MockedServerEngineServiceImpl.startRest(MockedServerEngineServiceImpl.java:53)
	at com.smockin.admin.service.MockedServerEngineServiceTest.startRest_GeneralFailure_Test(MockedServerEngineServiceTest.java:333)
	at sun.reflect.NativeMethodAccessorImpl.invoke0(Native Method)
	at sun.reflect.NativeMethodAccessorImpl.invoke(NativeMethodAccessorImpl.java:62)
	at sun.reflect.DelegatingMethodAccessorImpl.invoke(DelegatingMethodAccessorImpl.java:43)
	at java.lang.reflect.Method.invoke(Method.java:498)
	at org.junit.runners.model.FrameworkMethod$1.runReflectiveCall(FrameworkMethod.java:50)
	at org.junit.internal.runners.model.ReflectiveCallable.run(ReflectiveCallable.java:12)
	at org.junit.runners.model.FrameworkMethod.invokeExplosively(FrameworkMethod.java:47)
	at org.junit.internal.runners.statements.InvokeMethod.evaluate(InvokeMethod.java:17)
	at org.junit.internal.runners.statements.RunBefores.evaluate(RunBefores.java:26)
	at org.mockito.internal.runners.DefaultInternalRunner$1$1.evaluate(DefaultInternalRunner.java:46)
	at org.junit.rules.ExpectedException$ExpectedExceptionStatement.evaluate(ExpectedException.java:239)
	at org.junit.rules.RunRules.evaluate(RunRules.java:20)
	at org.junit.runners.ParentRunner.runLeaf(ParentRunner.java:325)
	at org.junit.runners.BlockJUnit4ClassRunner.runChild(BlockJUnit4ClassRunner.java:78)
	at org.junit.runners.BlockJUnit4ClassRunner.runChild(BlockJUnit4ClassRunner.java:57)
	at org.junit.runners.ParentRunner$3.run(ParentRunner.java:290)
	at org.junit.runners.ParentRunner$1.schedule(ParentRunner.java:71)
	at org.junit.runners.ParentRunner.runChildren(ParentRunner.java:288)
	at org.junit.runners.ParentRunner.access$000(ParentRunner.java:58)
	at org.junit.runners.ParentRunner$2.evaluate(ParentRunner.java:268)
	at org.junit.runners.ParentRunner.run(ParentRunner.java:363)
	at org.mockito.internal.runners.DefaultInternalRunner$1.run(DefaultInternalRunner.java:77)
	at org.mockito.internal.runners.DefaultInternalRunner.run(DefaultInternalRunner.java:83)
	at org.mockito.internal.runners.StrictRunner.run(StrictRunner.java:39)
	at org.mockito.junit.MockitoJUnitRunner.run(MockitoJUnitRunner.java:163)
	at org.apache.maven.surefire.junit4.JUnit4Provider.execute(JUnit4Provider.java:367)
	at org.apache.maven.surefire.junit4.JUnit4Provider.executeWithRerun(JUnit4Provider.java:274)
	at org.apache.maven.surefire.junit4.JUnit4Provider.executeTestSet(JUnit4Provider.java:238)
	at org.apache.maven.surefire.junit4.JUnit4Provider.invoke(JUnit4Provider.java:161)
	at org.apache.maven.surefire.booter.ForkedBooter.invokeProviderInSameClassLoader(ForkedBooter.java:290)
	at org.apache.maven.surefire.booter.ForkedBooter.runSuitesInProcess(ForkedBooter.java:242)
	at org.apache.maven.surefire.booter.ForkedBooter.main(ForkedBooter.java:121)

2020-07-30 22:45:09.958 ERROR   --- [           main] c.s.a.s.MockedServerEngineServiceImpl    : Stopping REST Mocking Engine

com.smockin.mockserver.exception.MockServerException: Shutdown Boom
	at com.smockin.admin.service.MockedServerEngineServiceImpl.shutdownRest(MockedServerEngineServiceImpl.java:106)
	at com.smockin.admin.service.MockedServerEngineServiceImpl.shutdownRest(MockedServerEngineServiceImpl.java:100)
	at com.smockin.admin.service.MockedServerEngineServiceTest.shutdownRest_GeneralFailure_Test(MockedServerEngineServiceTest.java:355)
	at sun.reflect.NativeMethodAccessorImpl.invoke0(Native Method)
	at sun.reflect.NativeMethodAccessorImpl.invoke(NativeMethodAccessorImpl.java:62)
	at sun.reflect.DelegatingMethodAccessorImpl.invoke(DelegatingMethodAccessorImpl.java:43)
	at java.lang.reflect.Method.invoke(Method.java:498)
	at org.junit.runners.model.FrameworkMethod$1.runReflectiveCall(FrameworkMethod.java:50)
	at org.junit.internal.runners.model.ReflectiveCallable.run(ReflectiveCallable.java:12)
	at org.junit.runners.model.FrameworkMethod.invokeExplosively(FrameworkMethod.java:47)
	at org.junit.internal.runners.statements.InvokeMethod.evaluate(InvokeMethod.java:17)
	at org.junit.internal.runners.statements.RunBefores.evaluate(RunBefores.java:26)
	at org.mockito.internal.runners.DefaultInternalRunner$1$1.evaluate(DefaultInternalRunner.java:46)
	at org.junit.rules.ExpectedException$ExpectedExceptionStatement.evaluate(ExpectedException.java:239)
	at org.junit.rules.RunRules.evaluate(RunRules.java:20)
	at org.junit.runners.ParentRunner.runLeaf(ParentRunner.java:325)
	at org.junit.runners.BlockJUnit4ClassRunner.runChild(BlockJUnit4ClassRunner.java:78)
	at org.junit.runners.BlockJUnit4ClassRunner.runChild(BlockJUnit4ClassRunner.java:57)
	at org.junit.runners.ParentRunner$3.run(ParentRunner.java:290)
	at org.junit.runners.ParentRunner$1.schedule(ParentRunner.java:71)
	at org.junit.runners.ParentRunner.runChildren(ParentRunner.java:288)
	at org.junit.runners.ParentRunner.access$000(ParentRunner.java:58)
	at org.junit.runners.ParentRunner$2.evaluate(ParentRunner.java:268)
	at org.junit.runners.ParentRunner.run(ParentRunner.java:363)
	at org.mockito.internal.runners.DefaultInternalRunner$1.run(DefaultInternalRunner.java:77)
	at org.mockito.internal.runners.DefaultInternalRunner.run(DefaultInternalRunner.java:83)
	at org.mockito.internal.runners.StrictRunner.run(StrictRunner.java:39)
	at org.mockito.junit.MockitoJUnitRunner.run(MockitoJUnitRunner.java:163)
	at org.apache.maven.surefire.junit4.JUnit4Provider.execute(JUnit4Provider.java:367)
	at org.apache.maven.surefire.junit4.JUnit4Provider.executeWithRerun(JUnit4Provider.java:274)
	at org.apache.maven.surefire.junit4.JUnit4Provider.executeTestSet(JUnit4Provider.java:238)
	at org.apache.maven.surefire.junit4.JUnit4Provider.invoke(JUnit4Provider.java:161)
	at org.apache.maven.surefire.booter.ForkedBooter.invokeProviderInSameClassLoader(ForkedBooter.java:290)
	at org.apache.maven.surefire.booter.ForkedBooter.runSuitesInProcess(ForkedBooter.java:242)
	at org.apache.maven.surefire.booter.ForkedBooter.main(ForkedBooter.java:121)

2020-07-30 22:45:09.964 ERROR   --- [           main] c.s.a.s.MockedServerEngineServiceImpl    : Starting REST Mocking Engine, due to missing mock server config

com.smockin.admin.exception.RecordNotFoundException: null
	at com.smockin.admin.service.MockedServerEngineServiceImpl.loadServerConfig(MockedServerEngineServiceImpl.java:123)
	at com.smockin.admin.service.MockedServerEngineServiceImpl.startRest(MockedServerEngineServiceImpl.java:60)
	at com.smockin.admin.service.MockedServerEngineServiceImpl.startRest(MockedServerEngineServiceImpl.java:53)
	at com.smockin.admin.service.MockedServerEngineServiceTest.startRest_ConfigNotFound_Test(MockedServerEngineServiceTest.java:316)
	at sun.reflect.NativeMethodAccessorImpl.invoke0(Native Method)
	at sun.reflect.NativeMethodAccessorImpl.invoke(NativeMethodAccessorImpl.java:62)
	at sun.reflect.DelegatingMethodAccessorImpl.invoke(DelegatingMethodAccessorImpl.java:43)
	at java.lang.reflect.Method.invoke(Method.java:498)
	at org.junit.runners.model.FrameworkMethod$1.runReflectiveCall(FrameworkMethod.java:50)
	at org.junit.internal.runners.model.ReflectiveCallable.run(ReflectiveCallable.java:12)
	at org.junit.runners.model.FrameworkMethod.invokeExplosively(FrameworkMethod.java:47)
	at org.junit.internal.runners.statements.InvokeMethod.evaluate(InvokeMethod.java:17)
	at org.junit.internal.runners.statements.RunBefores.evaluate(RunBefores.java:26)
	at org.mockito.internal.runners.DefaultInternalRunner$1$1.evaluate(DefaultInternalRunner.java:46)
	at org.junit.rules.ExpectedException$ExpectedExceptionStatement.evaluate(ExpectedException.java:239)
	at org.junit.rules.RunRules.evaluate(RunRules.java:20)
	at org.junit.runners.ParentRunner.runLeaf(ParentRunner.java:325)
	at org.junit.runners.BlockJUnit4ClassRunner.runChild(BlockJUnit4ClassRunner.java:78)
	at org.junit.runners.BlockJUnit4ClassRunner.runChild(BlockJUnit4ClassRunner.java:57)
	at org.junit.runners.ParentRunner$3.run(ParentRunner.java:290)
	at org.junit.runners.ParentRunner$1.schedule(ParentRunner.java:71)
	at org.junit.runners.ParentRunner.runChildren(ParentRunner.java:288)
	at org.junit.runners.ParentRunner.access$000(ParentRunner.java:58)
	at org.junit.runners.ParentRunner$2.evaluate(ParentRunner.java:268)
	at org.junit.runners.ParentRunner.run(ParentRunner.java:363)
	at org.mockito.internal.runners.DefaultInternalRunner$1.run(DefaultInternalRunner.java:77)
	at org.mockito.internal.runners.DefaultInternalRunner.run(DefaultInternalRunner.java:83)
	at org.mockito.internal.runners.StrictRunner.run(StrictRunner.java:39)
	at org.mockito.junit.MockitoJUnitRunner.run(MockitoJUnitRunner.java:163)
	at org.apache.maven.surefire.junit4.JUnit4Provider.execute(JUnit4Provider.java:367)
	at org.apache.maven.surefire.junit4.JUnit4Provider.executeWithRerun(JUnit4Provider.java:274)
	at org.apache.maven.surefire.junit4.JUnit4Provider.executeTestSet(JUnit4Provider.java:238)
	at org.apache.maven.surefire.junit4.JUnit4Provider.invoke(JUnit4Provider.java:161)
	at org.apache.maven.surefire.booter.ForkedBooter.invokeProviderInSameClassLoader(ForkedBooter.java:290)
	at org.apache.maven.surefire.booter.ForkedBooter.runSuitesInProcess(ForkedBooter.java:242)
	at org.apache.maven.surefire.booter.ForkedBooter.main(ForkedBooter.java:121)

Tests run: 19, Failures: 0, Errors: 0, Skipped: 0, Time elapsed: 0.257 sec - in com.smockin.admin.service.MockedServerEngineServiceTest
Running com.smockin.admin.service.ApiImportRouterTest
Tests run: 6, Failures: 0, Errors: 0, Skipped: 0, Time elapsed: 0.06 sec - in com.smockin.admin.service.ApiImportRouterTest
Running com.smockin.admin.service.utils.RestfulMockServiceUtilsTest
Tests run: 2, Failures: 0, Errors: 0, Skipped: 0, Time elapsed: 0.084 sec - in com.smockin.admin.service.utils.RestfulMockServiceUtilsTest
Running com.smockin.admin.service.utils.RestfulMockSortingUtilsTest
Tests run: 2, Failures: 0, Errors: 0, Skipped: 0, Time elapsed: 0.022 sec - in com.smockin.admin.service.utils.RestfulMockSortingUtilsTest
Running com.smockin.admin.service.MockDefinitionImportExportServiceTest
Tests run: 3, Failures: 0, Errors: 0, Skipped: 0, Time elapsed: 0.466 sec - in com.smockin.admin.service.MockDefinitionImportExportServiceTest
Running com.smockin.admin.service.ApiImportRouterIntTest
Tests run: 1, Failures: 0, Errors: 0, Skipped: 1, Time elapsed: 0 sec - in com.smockin.admin.service.ApiImportRouterIntTest
Running com.smockin.admin.service.RamlApiImportServiceTest
Tests run: 5, Failures: 0, Errors: 0, Skipped: 0, Time elapsed: 1.318 sec - in com.smockin.admin.service.RamlApiImportServiceTest
Running com.smockin.admin.service.HttpClientServiceTest
Tests run: 8, Failures: 0, Errors: 0, Skipped: 0, Time elapsed: 0.574 sec - in com.smockin.admin.service.HttpClientServiceTest
Running com.smockin.admin.persistence.dao.RestfulMockDAOTest
2020-07-30 22:45:16.236  INFO   --- [           main] com.zaxxer.hikari.HikariDataSource       : HikariPool-1 - Starting...
2020-07-30 22:45:16.716  INFO   --- [           main] com.zaxxer.hikari.HikariDataSource       : HikariPool-1 - Start completed.
2020-07-30 22:45:16.965  INFO   --- [           main] o.hibernate.jpa.internal.util.LogHelper  : HHH000204: Processing PersistenceUnitInfo [name: default]
2020-07-30 22:45:17.111  INFO   --- [           main] org.hibernate.Version                    : HHH000412: Hibernate Core {5.4.8.Final}
2020-07-30 22:45:17.925  INFO   --- [           main] o.hibernate.annotations.common.Version   : HCANN000001: Hibernate Commons Annotations {5.1.0.Final}
2020-07-30 22:45:18.312  INFO   --- [           main] org.hibernate.dialect.Dialect            : HHH000400: Using dialect: org.hibernate.dialect.H2Dialect
2020-07-30 22:45:20.716  INFO   --- [           main] o.h.e.t.j.p.i.JtaPlatformInitiator       : HHH000490: Using JtaPlatform implementation: [org.hibernate.engine.transaction.jta.platform.internal.NoJtaPlatform]
2020-07-30 22:45:24.837  WARN   --- [           main] o.h.engine.jdbc.spi.SqlExceptionHelper   : SQL Error: 23505, SQLState: 23505
2020-07-30 22:45:24.837 ERROR   --- [           main] o.h.engine.jdbc.spi.SqlExceptionHelper   : Unique index or primary key violation: "UKFXLF3SMGK2TQ5HXO96TBK0EIR_INDEX_3 ON PUBLIC.REST_MOCK(PATH, HTTP_METHOD, CREATED_BY) VALUES ('/foo', 'GET', 41, 42)"; SQL statement:
update rest_mock set date_created=?, last_updated=?, created_by=?, init_order=?, http_method=?, mock_type=?, path=?, proj_id=?, proxy_fw_no_rule_match=?, proxy_push_id_on_cnct=?, proxy_time_out_millis=?, random_def=?, random_lat=?, rdm_lat_range_max=?, rdm_lat_range_min=?, sse_heart_beat_millis=?, stateful_parent=?, rec_status=?, ws_time_out_millis=? where id=? [23505-194]
Tests run: 4, Failures: 0, Errors: 0, Skipped: 0, Time elapsed: 12.389 sec - in com.smockin.admin.persistence.dao.RestfulMockDAOTest
Running com.smockin.admin.persistence.dao.RestfulMockDAOPathMatchTest
Tests run: 4, Failures: 0, Errors: 0, Skipped: 0, Time elapsed: 0.003 sec - in com.smockin.admin.persistence.dao.RestfulMockDAOPathMatchTest
2020-07-30 22:45:24.951  INFO   --- [extShutdownHook] .SchemaDropperImpl$DelayedDropActionImpl : HHH000477: Starting delayed evictData of schema as part of SessionFactory shut-down'
2020-07-30 22:45:25.214  INFO   --- [extShutdownHook] com.zaxxer.hikari.HikariDataSource       : HikariPool-1 - Shutdown initiated...
2020-07-30 22:45:25.233  INFO   --- [extShutdownHook] com.zaxxer.hikari.HikariDataSource       : HikariPool-1 - Shutdown completed.

Results :

Tests run: 239, Failures: 0, Errors: 0, Skipped: 1

[INFO] 
[INFO] --- jacoco-maven-plugin:0.8.5:report (report) @ smockin ---
[INFO] Loading execution data file /tmp/tmplvql4lqe/smockin/target/jacoco.exec
[INFO] Analyzed bundle 'smockin' with 388 classes
[INFO] ------------------------------------------------------------------------
[INFO] BUILD SUCCESS
[INFO] ------------------------------------------------------------------------
[INFO] Total time:  01:08 min
[INFO] Finished at: 2020-07-30T22:45:28Z
[INFO] ------------------------------------------------------------------------
