[INFO] Error stacktraces are turned on.
[INFO] Scanning for projects...
[INFO] 
[INFO] ------------------< tw.kewang:logback-http-appender >-------------------
[INFO] Building logback-http-appender 0.2.0-SNAPSHOT
[INFO] --------------------------------[ jar ]---------------------------------
[INFO] 
[INFO] --- jacoco-maven-plugin:0.8.5:prepare-agent (default) @ logback-http-appender ---
[INFO] argLine set to -javaagent:/home/jdbl/.m2/repository/org/jacoco/org.jacoco.agent/0.8.5/org.jacoco.agent-0.8.5-runtime.jar=destfile=/tmp/tmpjn_dstn4/logback-http-appender/target/jacoco.exec
[INFO] 
[INFO] --- maven-resources-plugin:2.6:resources (default-resources) @ logback-http-appender ---
[INFO] Using 'UTF-8' encoding to copy filtered resources.
[INFO] Copying 1 resource
[INFO] 
[INFO] --- maven-compiler-plugin:3.6.1:compile (default-compile) @ logback-http-appender ---
[INFO] Changes detected - recompiling the module!
[INFO] Compiling 4 source files to /tmp/tmpjn_dstn4/logback-http-appender/target/classes
[WARNING] /tmp/tmpjn_dstn4/logback-http-appender/src/main/java/tw/kewang/logback/appender/HttpAuthenticationAppender.java:[29,52] sun.misc.BASE64Encoder is internal proprietary API and may be removed in a future release
[INFO] 
[INFO] --- maven-resources-plugin:2.6:testResources (default-testResources) @ logback-http-appender ---
[INFO] Using 'UTF-8' encoding to copy filtered resources.
[INFO] skip non existing resourceDirectory /tmp/tmpjn_dstn4/logback-http-appender/src/test/resources
[INFO] 
[INFO] --- maven-compiler-plugin:3.6.1:testCompile (default-testCompile) @ logback-http-appender ---
[INFO] Changes detected - recompiling the module!
[INFO] Compiling 1 source file to /tmp/tmpjn_dstn4/logback-http-appender/target/test-classes
[INFO] 
[INFO] --- maven-surefire-plugin:2.19.1:test (default-test) @ logback-http-appender ---
[INFO] Surefire report directory: /tmp/tmpjn_dstn4/logback-http-appender/target/surefire-reports

-------------------------------------------------------
 T E S T S
-------------------------------------------------------
Running tw.kewang.logback.appender.AppTest
21:48:57,591 |-INFO in ch.qos.logback.classic.LoggerContext[Redmine-Appender] - Could NOT find resource [logback-test.xml]
21:48:57,591 |-INFO in ch.qos.logback.classic.LoggerContext[Redmine-Appender] - Could NOT find resource [logback.groovy]
21:48:57,591 |-INFO in ch.qos.logback.classic.LoggerContext[Redmine-Appender] - Found resource [logback.xml] at [file:/tmp/tmpjn_dstn4/logback-http-appender/target/classes/logback.xml]
21:48:57,840 |-INFO in ch.qos.logback.classic.joran.action.ConfigurationAction - debug attribute not set
21:48:57,840 |-INFO in ch.qos.logback.classic.joran.action.ContextNameAction - Setting logger context name as [Redmine-Appender]
21:48:57,848 |-INFO in ch.qos.logback.core.joran.action.AppenderAction - About to instantiate appender of type [ch.qos.logback.core.ConsoleAppender]
21:48:57,861 |-INFO in ch.qos.logback.core.joran.action.AppenderAction - Naming appender as [STDOUT]
21:48:57,944 |-INFO in ch.qos.logback.core.joran.action.AppenderAction - About to instantiate appender of type [ch.qos.logback.core.FileAppender]
21:48:57,948 |-INFO in ch.qos.logback.core.joran.action.AppenderAction - Naming appender as [FILE]
21:48:57,949 |-INFO in ch.qos.logback.core.joran.action.NestedComplexPropertyIA - Assuming default type [ch.qos.logback.classic.encoder.PatternLayoutEncoder] for [encoder] property
21:48:57,950 |-INFO in ch.qos.logback.core.FileAppender[FILE] - File property is set to [logs/myLog.log]
21:48:57,952 |-INFO in ch.qos.logback.core.joran.action.AppenderAction - About to instantiate appender of type [tw.kewang.logback.appender.HttpAppender]
21:48:57,956 |-INFO in ch.qos.logback.core.joran.action.AppenderAction - Naming appender as [HTTP]
21:48:57,957 |-ERROR in ch.qos.logback.core.joran.spi.Interpreter@24:17 - no applicable action for [method], current ElementPath  is [[configuration][appender][method]]
21:48:57,959 |-ERROR in ch.qos.logback.core.joran.util.PropertySetter@fac80 - A "tw.kewang.logback.appender.HttpAppender" object is not assignable to a "ch.qos.logback.core.OutputStreamAppender" variable.
21:48:57,959 |-ERROR in ch.qos.logback.core.joran.util.PropertySetter@fac80 - The class "ch.qos.logback.core.OutputStreamAppender" was loaded by 
21:48:57,959 |-ERROR in ch.qos.logback.core.joran.util.PropertySetter@fac80 - [sun.misc.Launcher$AppClassLoader@18b4aac2] whereas object of type 
21:48:57,959 |-ERROR in ch.qos.logback.core.joran.util.PropertySetter@fac80 - "tw.kewang.logback.appender.HttpAppender" was loaded by [sun.misc.Launcher$AppClassLoader@18b4aac2].
21:48:57,959 |-INFO in tw.kewang.logback.appender.HttpAppender[HTTP] - Using url: http://example.com/issues.json
21:48:57,959 |-INFO in tw.kewang.logback.appender.HttpAppender[HTTP] - Using method: POST
21:48:57,960 |-INFO in ch.qos.logback.classic.joran.action.RootLoggerAction - Setting level of ROOT logger to INFO
21:48:57,960 |-INFO in ch.qos.logback.core.joran.action.AppenderRefAction - Attaching appender named [HTTP] to Logger[ROOT]
21:48:57,961 |-INFO in ch.qos.logback.core.joran.action.AppenderRefAction - Attaching appender named [STDOUT] to Logger[ROOT]
21:48:57,961 |-INFO in ch.qos.logback.core.joran.action.AppenderRefAction - Attaching appender named [FILE] to Logger[ROOT]
21:48:57,961 |-INFO in ch.qos.logback.classic.joran.action.ConfigurationAction - End of configuration.
21:48:57,963 |-INFO in ch.qos.logback.classic.joran.JoranConfigurator@726386ed - Registering current configuration as safe fallback point

2020-07-30 21:48:57.986 [main] ERROR tw.kewang.logback.appender.AppTest - Caught Exception: 
java.lang.RuntimeException: Oops
	at tw.kewang.logback.appender.AppTest.testApp(AppTest.java:13)
	at sun.reflect.NativeMethodAccessorImpl.invoke0(Native Method)
	at sun.reflect.NativeMethodAccessorImpl.invoke(NativeMethodAccessorImpl.java:62)
	at sun.reflect.DelegatingMethodAccessorImpl.invoke(DelegatingMethodAccessorImpl.java:43)
	at java.lang.reflect.Method.invoke(Method.java:498)
	at org.junit.runners.model.FrameworkMethod$1.runReflectiveCall(FrameworkMethod.java:50)
	at org.junit.internal.runners.model.ReflectiveCallable.run(ReflectiveCallable.java:12)
	at org.junit.runners.model.FrameworkMethod.invokeExplosively(FrameworkMethod.java:47)
	at org.junit.internal.runners.statements.InvokeMethod.evaluate(InvokeMethod.java:17)
	at org.junit.runners.ParentRunner.runLeaf(ParentRunner.java:325)
	at org.junit.runners.BlockJUnit4ClassRunner.runChild(BlockJUnit4ClassRunner.java:78)
	at org.junit.runners.BlockJUnit4ClassRunner.runChild(BlockJUnit4ClassRunner.java:57)
	at org.junit.runners.ParentRunner$3.run(ParentRunner.java:290)
	at org.junit.runners.ParentRunner$1.schedule(ParentRunner.java:71)
	at org.junit.runners.ParentRunner.runChildren(ParentRunner.java:288)
	at org.junit.runners.ParentRunner.access$000(ParentRunner.java:58)
	at org.junit.runners.ParentRunner$2.evaluate(ParentRunner.java:268)
	at org.junit.runners.ParentRunner.run(ParentRunner.java:363)
	at org.apache.maven.surefire.junit4.JUnit4Provider.execute(JUnit4Provider.java:367)
	at org.apache.maven.surefire.junit4.JUnit4Provider.executeWithRerun(JUnit4Provider.java:274)
	at org.apache.maven.surefire.junit4.JUnit4Provider.executeTestSet(JUnit4Provider.java:238)
	at org.apache.maven.surefire.junit4.JUnit4Provider.invoke(JUnit4Provider.java:161)
	at org.apache.maven.surefire.booter.ForkedBooter.invokeProviderInSameClassLoader(ForkedBooter.java:290)
	at org.apache.maven.surefire.booter.ForkedBooter.runSuitesInProcess(ForkedBooter.java:242)
	at org.apache.maven.surefire.booter.ForkedBooter.main(ForkedBooter.java:121)
Tests run: 1, Failures: 0, Errors: 0, Skipped: 0, Time elapsed: 1.604 sec - in tw.kewang.logback.appender.AppTest

Results :

Tests run: 1, Failures: 0, Errors: 0, Skipped: 0

[INFO] 
[INFO] --- jacoco-maven-plugin:0.8.5:report (report) @ logback-http-appender ---
[INFO] Loading execution data file /tmp/tmpjn_dstn4/logback-http-appender/target/jacoco.exec
[INFO] Analyzed bundle 'logback-http-appender' with 121 classes
[INFO] ------------------------------------------------------------------------
[INFO] BUILD SUCCESS
[INFO] ------------------------------------------------------------------------
[INFO] Total time:  10.107 s
[INFO] Finished at: 2020-07-30T21:48:59Z
[INFO] ------------------------------------------------------------------------
