[INFO] Error stacktraces are turned on.
[INFO] Scanning for projects...
[INFO] 
[INFO] ----------------< com.fasterxml.woodstox:woodstox-core >----------------
[INFO] Building Woodstox 5.0.3
[INFO] -------------------------------[ bundle ]-------------------------------
[INFO] 
[INFO] --- maven-enforcer-plugin:1.3.1:enforce (enforce-java) @ woodstox-core ---
[INFO] 
[INFO] --- build-helper-maven-plugin:1.7:add-source (add-generated-sources) @ woodstox-core ---
[INFO] Source directory: /tmp/tmpjwy0q_p5/woodstox/target/generated-sources added.
[INFO] 
[INFO] --- maven-resources-plugin:2.6:resources (default-resources) @ woodstox-core ---
[INFO] Using 'UTF-8' encoding to copy filtered resources.
[INFO] Copying 6 resources
[INFO] 
[INFO] --- maven-compiler-plugin:3.1:compile (default-compile) @ woodstox-core ---
[INFO] Changes detected - recompiling the module!
[INFO] Compiling 177 source files to /tmp/tmpjwy0q_p5/woodstox/target/classes
[WARNING] bootstrap class path not set in conjunction with -source 1.6
[WARNING] /tmp/tmpjwy0q_p5/woodstox/src/main/java/com/ctc/wstx/api/ReaderConfig.java:[301,44] P_SUPPORT_DTDPP in com.ctc.wstx.api.WstxInputProperties has been deprecated
[INFO] 
[INFO] --- maven-resources-plugin:2.6:testResources (default-testResources) @ woodstox-core ---
[INFO] Using 'UTF-8' encoding to copy filtered resources.
[INFO] Copying 3 resources
[INFO] 
[INFO] --- maven-compiler-plugin:3.1:testCompile (default-testCompile) @ woodstox-core ---
[INFO] Changes detected - recompiling the module!
[INFO] Compiling 190 source files to /tmp/tmpjwy0q_p5/woodstox/target/test-classes
[WARNING] bootstrap class path not set in conjunction with -source 1.6
[WARNING] /tmp/tmpjwy0q_p5/woodstox/src/test/java/org/codehaus/stax/test/BaseStaxTest.java:[154,57] toURL() in java.io.File has been deprecated
[WARNING] /tmp/tmpjwy0q_p5/woodstox/src/test/java/org/codehaus/stax/test/evt/BaseEventTest.java:[46,55] toURL() in java.io.File has been deprecated
[INFO] 
[INFO] --- maven-surefire-plugin:2.17:test (default-test) @ woodstox-core ---
[INFO] Surefire report directory: /tmp/tmpjwy0q_p5/woodstox/target/surefire-reports

-------------------------------------------------------
 T E S T S
-------------------------------------------------------
Running stax2.dtd.TestDTDInfo
Tests run: 1, Failures: 0, Errors: 0, Skipped: 0, Time elapsed: 0.067 sec - in stax2.dtd.TestDTDInfo
Running stax2.dtd.TestExternalDTD
Tests run: 5, Failures: 0, Errors: 0, Skipped: 0, Time elapsed: 0.009 sec - in stax2.dtd.TestExternalDTD
Running stax2.dtd.TestNonValidatingDtdAware
Tests run: 3, Failures: 0, Errors: 0, Skipped: 0, Time elapsed: 0.008 sec - in stax2.dtd.TestNonValidatingDtdAware
Running stax2.dtd.TestDefaultAttrs
Tests run: 1, Failures: 0, Errors: 0, Skipped: 0, Time elapsed: 0.003 sec - in stax2.dtd.TestDefaultAttrs
Running stax2.dtd.TestReaderWithDTD
Tests run: 1, Failures: 0, Errors: 0, Skipped: 0, Time elapsed: 0.001 sec - in stax2.dtd.TestReaderWithDTD
Running stax2.dtd.TestNsDefaults
Tests run: 1, Failures: 0, Errors: 0, Skipped: 0, Time elapsed: 0.001 sec - in stax2.dtd.TestNsDefaults
Running stax2.typed.TestDOMWriter
Tests run: 25, Failures: 0, Errors: 0, Skipped: 0, Time elapsed: 1.787 sec - in stax2.typed.TestDOMWriter
Running stax2.typed.TestNativeBinaryReader
Tests run: 16, Failures: 0, Errors: 0, Skipped: 0, Time elapsed: 1.343 sec - in stax2.typed.TestNativeBinaryReader
Running stax2.typed.TestWrappedWriter
Tests run: 25, Failures: 0, Errors: 0, Skipped: 0, Time elapsed: 0.351 sec - in stax2.typed.TestWrappedWriter
Running stax2.typed.TestWrappedBinaryReader
Tests run: 16, Failures: 0, Errors: 0, Skipped: 0, Time elapsed: 1.203 sec - in stax2.typed.TestWrappedBinaryReader
Running stax2.typed.TestBinaryRoundTrip
Tests run: 1, Failures: 0, Errors: 0, Skipped: 0, Time elapsed: 0.008 sec - in stax2.typed.TestBinaryRoundTrip
Running stax2.typed.TestNativeArrayReader
Tests run: 14, Failures: 0, Errors: 0, Skipped: 0, Time elapsed: 0.389 sec - in stax2.typed.TestNativeArrayReader
Running stax2.typed.TestDOMBinaryReader
Tests run: 16, Failures: 0, Errors: 0, Skipped: 0, Time elapsed: 2.18 sec - in stax2.typed.TestDOMBinaryReader
Running stax2.typed.TestWrappedArrayReader
Tests run: 14, Failures: 0, Errors: 0, Skipped: 0, Time elapsed: 0.755 sec - in stax2.typed.TestWrappedArrayReader
Running stax2.typed.TestDOMArrayReader
Tests run: 14, Failures: 0, Errors: 0, Skipped: 0, Time elapsed: 0.629 sec - in stax2.typed.TestDOMArrayReader
Running stax2.typed.TestDOMReader
WARN: (skipping TestDOMReader.testInvalidQNameElemUnbound()
WARN: (skipping TestDOMReader.testInvalidQNameAttrUnbound()
WARN: (skipping TestDOMReader.testInvalidQNameAttrBadChars)
WARN: (skipping TestDOMReader.testValidQNameAttr()
WARN: (skipping TestDOMReader.testValidQNameElem()
WARN: (skipping TestDOMReader.testInvalidQNameElemBadChars)
Tests run: 23, Failures: 0, Errors: 0, Skipped: 0, Time elapsed: 0.843 sec - in stax2.typed.TestDOMReader
Running stax2.typed.TestWrappedReader
(skipping TestWrappedReader.testInvalidQNameAttrBadChars)
(skipping TestWrappedReader.testInvalidQNameElemBadChars)
Tests run: 23, Failures: 0, Errors: 0, Skipped: 0, Time elapsed: 0.087 sec - in stax2.typed.TestWrappedReader
Running stax2.typed.TestNativeReader
Tests run: 23, Failures: 0, Errors: 0, Skipped: 0, Time elapsed: 0.073 sec - in stax2.typed.TestNativeReader
Running stax2.typed.TestNativeWriter
Tests run: 25, Failures: 0, Errors: 0, Skipped: 0, Time elapsed: 0.256 sec - in stax2.typed.TestNativeWriter
Running stax2.TestFactories
Tests run: 4, Failures: 0, Errors: 0, Skipped: 0, Time elapsed: 0.002 sec - in stax2.TestFactories
Running stax2.stream.TestAttrInfo
Tests run: 2, Failures: 0, Errors: 0, Skipped: 0, Time elapsed: 0.009 sec - in stax2.stream.TestAttrInfo
Running stax2.stream.TestAttrBasic
Tests run: 1, Failures: 0, Errors: 0, Skipped: 0, Time elapsed: 0.003 sec - in stax2.stream.TestAttrBasic
Running stax2.stream.TestStreamReader
Tests run: 4, Failures: 0, Errors: 0, Skipped: 0, Time elapsed: 0.002 sec - in stax2.stream.TestStreamReader
Running stax2.stream.TestDuplicateAttributes
Tests run: 2, Failures: 0, Errors: 0, Skipped: 0, Time elapsed: 0.004 sec - in stax2.stream.TestDuplicateAttributes
Running stax2.stream.TestClosing
Tests run: 4, Failures: 0, Errors: 0, Skipped: 0, Time elapsed: 0.002 sec - in stax2.stream.TestClosing
Running stax2.stream.TestXMLStreamReader2
Tests run: 6, Failures: 0, Errors: 0, Skipped: 0, Time elapsed: 0.004 sec - in stax2.stream.TestXMLStreamReader2
Running stax2.stream.TestReaderConstruction
Tests run: 7, Failures: 0, Errors: 0, Skipped: 0, Time elapsed: 0.028 sec - in stax2.stream.TestReaderConstruction
Running stax2.stream.TestConfig
Tests run: 5, Failures: 0, Errors: 0, Skipped: 0, Time elapsed: 0.001 sec - in stax2.stream.TestConfig
Running stax2.stream.TestLocationInfo
Tests run: 4, Failures: 0, Errors: 0, Skipped: 0, Time elapsed: 0.002 sec - in stax2.stream.TestLocationInfo
Running stax2.stream.TestNamespaces
Tests run: 1, Failures: 0, Errors: 0, Skipped: 0, Time elapsed: 0.001 sec - in stax2.stream.TestNamespaces
Running stax2.stream.TestGetElement
Tests run: 5, Failures: 0, Errors: 0, Skipped: 0, Time elapsed: 0.097 sec - in stax2.stream.TestGetElement
Running stax2.stream.TestStreamSource
Tests run: 1, Failures: 0, Errors: 0, Skipped: 0, Time elapsed: 0.001 sec - in stax2.stream.TestStreamSource
Running stax2.wstream.TestWriterConstruction
Tests run: 2, Failures: 0, Errors: 0, Skipped: 0, Time elapsed: 0.034 sec - in stax2.wstream.TestWriterConstruction
Running stax2.wstream.TestClosing
Tests run: 4, Failures: 0, Errors: 0, Skipped: 0, Time elapsed: 0.004 sec - in stax2.wstream.TestClosing
Running stax2.wstream.TestStreamWriter
Tests run: 10, Failures: 0, Errors: 0, Skipped: 0, Time elapsed: 0.056 sec - in stax2.wstream.TestStreamWriter
Running stax2.wstream.TestNamespaceCopying
Tests run: 1, Failures: 0, Errors: 0, Skipped: 0, Time elapsed: 0.019 sec - in stax2.wstream.TestNamespaceCopying
Running stax2.wstream.TestEscaping
Tests run: 3, Failures: 0, Errors: 0, Skipped: 0, Time elapsed: 0.003 sec - in stax2.wstream.TestEscaping
Running stax2.wstream.TestConfig
Tests run: 1, Failures: 0, Errors: 0, Skipped: 0, Time elapsed: 0.002 sec - in stax2.wstream.TestConfig
Running stax2.wstream.TestStreamResult
Tests run: 1, Failures: 0, Errors: 0, Skipped: 0, Time elapsed: 0.002 sec - in stax2.wstream.TestStreamResult
Running stax2.vwstream.TestOutputValidation
Tests run: 6, Failures: 0, Errors: 0, Skipped: 0, Time elapsed: 0.076 sec - in stax2.vwstream.TestOutputValidation
Running stax2.vwstream.TestStructuralValidation
Tests run: 5, Failures: 0, Errors: 0, Skipped: 0, Time elapsed: 0.023 sec - in stax2.vwstream.TestStructuralValidation
Running stax2.vwstream.TestAttributeValidation
Tests run: 6, Failures: 0, Errors: 0, Skipped: 0, Time elapsed: 0.039 sec - in stax2.vwstream.TestAttributeValidation
Running stax2.dom.TestDomResultHandling
Tests run: 4, Failures: 0, Errors: 0, Skipped: 0, Time elapsed: 0.003 sec - in stax2.dom.TestDomResultHandling
Running stax2.dom.TestDomCompat
Tests run: 9, Failures: 0, Errors: 0, Skipped: 0, Time elapsed: 0.015 sec - in stax2.dom.TestDomCompat
Running stax2.dom.TestDomWrite
Tests run: 5, Failures: 0, Errors: 0, Skipped: 0, Time elapsed: 0.005 sec - in stax2.dom.TestDomWrite
Running stax2.dom.TestFragments
Tests run: 1, Failures: 0, Errors: 0, Skipped: 0, Time elapsed: 0.001 sec - in stax2.dom.TestFragments
Running stax2.dom.TestDomNamespaces
Tests run: 1, Failures: 0, Errors: 0, Skipped: 0, Time elapsed: 0.002 sec - in stax2.dom.TestDomNamespaces
Running stax2.evt.TestEventEquality
Tests run: 1, Failures: 0, Errors: 0, Skipped: 0, Time elapsed: 0.006 sec - in stax2.evt.TestEventEquality
Running stax2.evt.TestStartElementEvent
Tests run: 1, Failures: 0, Errors: 0, Skipped: 0, Time elapsed: 0.001 sec - in stax2.evt.TestStartElementEvent
Running stax2.evt.TestEventTypes
Tests run: 1, Failures: 0, Errors: 0, Skipped: 0, Time elapsed: 0.001 sec - in stax2.evt.TestEventTypes
Running stax2.evt.TestDTDEvent
Tests run: 1, Failures: 0, Errors: 0, Skipped: 0, Time elapsed: 0.002 sec - in stax2.evt.TestDTDEvent
Running wstxtest.osgi.TestBasic
Tests run: 1, Failures: 0, Errors: 0, Skipped: 0, Time elapsed: 0.01 sec - in wstxtest.osgi.TestBasic
Running wstxtest.msv.TestW3CSchemaTypes
Tests run: 5, Failures: 0, Errors: 0, Skipped: 0, Time elapsed: 0.114 sec - in wstxtest.msv.TestW3CSchemaTypes
Running wstxtest.msv.TestWsdlValidation
Tests run: 1, Failures: 0, Errors: 0, Skipped: 0, Time elapsed: 0.129 sec - in wstxtest.msv.TestWsdlValidation
Running wstxtest.msv.TestW3CSchema
WARN: suppressing failure due to MSV bug, failure: 'Expected validation exception for invalid (missing) positive integer value, containing phrase 'does not satisfy the "positiveInteger"': got 'Unknown reason
 at [row,col {unknown-source}]: [1,21]''
WARN: suppressing failure due to MSV bug, failure: 'Expected validation exception for invalid (missing) positive integer value, containing phrase 'does not satisfy the "positiveInteger"': got 'Unknown reason
 at [row,col {unknown-source}]: [1,17]''
Tests run: 8, Failures: 0, Errors: 0, Skipped: 0, Time elapsed: 0.125 sec - in wstxtest.msv.TestW3CSchema
Running wstxtest.TestInputFactory
Tests run: 2, Failures: 0, Errors: 0, Skipped: 0, Time elapsed: 0 sec - in wstxtest.TestInputFactory
Running wstxtest.util.TestTextBuffer
Tests run: 1, Failures: 0, Errors: 0, Skipped: 0, Time elapsed: 0.001 sec - in wstxtest.util.TestTextBuffer
Running wstxtest.util.TestTextAccumulator
Tests run: 2, Failures: 0, Errors: 0, Skipped: 0, Time elapsed: 0 sec - in wstxtest.util.TestTextAccumulator
Running wstxtest.util.TestWordSet
Tests run: 1, Failures: 0, Errors: 0, Skipped: 0, Time elapsed: 0.006 sec - in wstxtest.util.TestWordSet
Running wstxtest.util.TestStringVector
Tests run: 1, Failures: 0, Errors: 0, Skipped: 0, Time elapsed: 0 sec - in wstxtest.util.TestStringVector
Running wstxtest.util.TestDataUtil
Tests run: 3, Failures: 0, Errors: 0, Skipped: 0, Time elapsed: 0.011 sec - in wstxtest.util.TestDataUtil
Running wstxtest.util.TestWordResolver
Tests run: 3, Failures: 0, Errors: 0, Skipped: 0, Time elapsed: 0 sec - in wstxtest.util.TestWordResolver
Running wstxtest.util.TestBijectiveNsMap
Tests run: 2, Failures: 0, Errors: 0, Skipped: 0, Time elapsed: 0 sec - in wstxtest.util.TestBijectiveNsMap
Running wstxtest.util.TestURLUtil
Tests run: 3, Failures: 0, Errors: 0, Skipped: 0, Time elapsed: 0 sec - in wstxtest.util.TestURLUtil
Running wstxtest.util.TestArgUtil
Tests run: 2, Failures: 0, Errors: 0, Skipped: 0, Time elapsed: 0 sec - in wstxtest.util.TestArgUtil
Running wstxtest.util.TestStringUtil
Tests run: 5, Failures: 0, Errors: 0, Skipped: 0, Time elapsed: 0 sec - in wstxtest.util.TestStringUtil
Running wstxtest.util.TestXmlChars
Tests run: 2, Failures: 0, Errors: 0, Skipped: 0, Time elapsed: 0.004 sec - in wstxtest.util.TestXmlChars
Running wstxtest.TestDefaultNamespacePrefix
Tests run: 2, Failures: 0, Errors: 0, Skipped: 0, Time elapsed: 0 sec - in wstxtest.TestDefaultNamespacePrefix
Running wstxtest.TestOutputFactory
Tests run: 2, Failures: 0, Errors: 0, Skipped: 0, Time elapsed: 0 sec - in wstxtest.TestOutputFactory
Running wstxtest.stream.TestLocation
Tests run: 3, Failures: 0, Errors: 0, Skipped: 0, Time elapsed: 0.014 sec - in wstxtest.stream.TestLocation
Running wstxtest.stream.TestComments
Tests run: 1, Failures: 0, Errors: 0, Skipped: 0, Time elapsed: 0.042 sec - in wstxtest.stream.TestComments
Running wstxtest.stream.TestEntityRead
Tests run: 4, Failures: 0, Errors: 0, Skipped: 0, Time elapsed: 0.003 sec - in wstxtest.stream.TestEntityRead
Running wstxtest.stream.TestBufferRecycling
Tests run: 2, Failures: 0, Errors: 0, Skipped: 0, Time elapsed: 0.008 sec - in wstxtest.stream.TestBufferRecycling
Running wstxtest.stream.TestElementLimits
Tests run: 4, Failures: 0, Errors: 0, Skipped: 0, Time elapsed: 0.004 sec - in wstxtest.stream.TestElementLimits
Running wstxtest.stream.TestDTD
Tests run: 1, Failures: 0, Errors: 0, Skipped: 0, Time elapsed: 0.01 sec - in wstxtest.stream.TestDTD
Running wstxtest.stream.TestParsingMode
Tests run: 3, Failures: 0, Errors: 0, Skipped: 0, Time elapsed: 0.01 sec - in wstxtest.stream.TestParsingMode
Running wstxtest.stream.TestStreaming
Tests run: 3, Failures: 0, Errors: 0, Skipped: 0, Time elapsed: 0.003 sec - in wstxtest.stream.TestStreaming
Running wstxtest.stream.TestXml11
Tests run: 3, Failures: 0, Errors: 0, Skipped: 0, Time elapsed: 0 sec - in wstxtest.stream.TestXml11
Running wstxtest.stream.TestRandomStream
Tests run: 8, Failures: 0, Errors: 0, Skipped: 0, Time elapsed: 1.057 sec - in wstxtest.stream.TestRandomStream
Running wstxtest.stream.TestEncodingDetection
Tests run: 3, Failures: 0, Errors: 0, Skipped: 0, Time elapsed: 0.022 sec - in wstxtest.stream.TestEncodingDetection
Running wstxtest.stream.TestXmlId
Tests run: 8, Failures: 0, Errors: 0, Skipped: 0, Time elapsed: 0.003 sec - in wstxtest.stream.TestXmlId
Running wstxtest.stream.TestTreatCharRefAsEnts
Tests run: 3, Failures: 0, Errors: 0, Skipped: 0, Time elapsed: 0 sec - in wstxtest.stream.TestTreatCharRefAsEnts
Running wstxtest.stream.TestConfig
Tests run: 5, Failures: 0, Errors: 0, Skipped: 0, Time elapsed: 0.001 sec - in wstxtest.stream.TestConfig
Running wstxtest.stream.TestEntityLimits
Tests run: 2, Failures: 0, Errors: 0, Skipped: 0, Time elapsed: 0.006 sec - in wstxtest.stream.TestEntityLimits
Running wstxtest.stream.TestPrologWS
Tests run: 2, Failures: 0, Errors: 0, Skipped: 0, Time elapsed: 0 sec - in wstxtest.stream.TestPrologWS
Running wstxtest.stream.TestAttr
Tests run: 4, Failures: 0, Errors: 0, Skipped: 0, Time elapsed: 0 sec - in wstxtest.stream.TestAttr
Running wstxtest.stream.TestCharacterLimits
Tests run: 10, Failures: 0, Errors: 0, Skipped: 0, Time elapsed: 0.05 sec - in wstxtest.stream.TestCharacterLimits
Running wstxtest.stream.TestAttributeLimits
Tests run: 2, Failures: 0, Errors: 0, Skipped: 0, Time elapsed: 0 sec - in wstxtest.stream.TestAttributeLimits
Running wstxtest.sax.TestBasicSax
Tests run: 3, Failures: 0, Errors: 0, Skipped: 0, Time elapsed: 0.003 sec - in wstxtest.sax.TestBasicSax
Running wstxtest.sax.TestEntityResolver
Tests run: 1, Failures: 0, Errors: 0, Skipped: 0, Time elapsed: 0.001 sec - in wstxtest.sax.TestEntityResolver
Running wstxtest.io.TestUTF8Reader
Tests run: 1, Failures: 0, Errors: 0, Skipped: 0, Time elapsed: 0 sec - in wstxtest.io.TestUTF8Reader
Running wstxtest.wstream.TestAttrValidation
Tests run: 1, Failures: 0, Errors: 0, Skipped: 0, Time elapsed: 0.001 sec - in wstxtest.wstream.TestAttrValidation
Running wstxtest.wstream.TestStructuralValidation
Tests run: 3, Failures: 0, Errors: 0, Skipped: 0, Time elapsed: 0.009 sec - in wstxtest.wstream.TestStructuralValidation
Running wstxtest.wstream.TestImplicitStartDoc
Tests run: 1, Failures: 0, Errors: 0, Skipped: 0, Time elapsed: 0 sec - in wstxtest.wstream.TestImplicitStartDoc
Running wstxtest.wstream.TestOptions
Tests run: 1, Failures: 0, Errors: 0, Skipped: 0, Time elapsed: 0 sec - in wstxtest.wstream.TestOptions
Running wstxtest.wstream.TestRepairingNsOutput
Tests run: 4, Failures: 0, Errors: 0, Skipped: 0, Time elapsed: 0.001 sec - in wstxtest.wstream.TestRepairingNsOutput
Running wstxtest.wstream.TestNameValidation
Tests run: 10, Failures: 0, Errors: 0, Skipped: 0, Time elapsed: 0.021 sec - in wstxtest.wstream.TestNameValidation
Running wstxtest.wstream.TestEscaping
Tests run: 2, Failures: 0, Errors: 0, Skipped: 0, Time elapsed: 0 sec - in wstxtest.wstream.TestEscaping
Running wstxtest.wstream.TestWriterProperties
Tests run: 2, Failures: 0, Errors: 0, Skipped: 0, Time elapsed: 0 sec - in wstxtest.wstream.TestWriterProperties
Running wstxtest.wstream.TestInvalidChars
WARN: suppressing failure 'Expected an exception for PROCESSING_INSTRUCTION' (stream writer: [StreamWriter: class com.ctc.wstx.sw.SimpleNsStreamWriter, underlying outputter: com.ctc.wstx.sw.BufferingXmlWriter@681e144])
WARN: suppressing failure 'Expected an exception for PROCESSING_INSTRUCTION' (stream writer: [StreamWriter: class com.ctc.wstx.sw.SimpleNsStreamWriter, underlying outputter: com.ctc.wstx.sw.BufferingXmlWriter@2875b016])
WARN: suppressing failure 'Expected an exception for CDATA' (stream writer: [StreamWriter: class com.ctc.wstx.sw.SimpleNsStreamWriter, underlying outputter: com.ctc.wstx.sw.BufferingXmlWriter@72ee5d84])
WARN: suppressing failure 'Expected an exception for CDATA' (stream writer: [StreamWriter: class com.ctc.wstx.sw.SimpleNsStreamWriter, underlying outputter: com.ctc.wstx.sw.BufferingXmlWriter@68c7ef83])
WARN: suppressing failure 'Failed to replace invalid char, event CDATA, xml = '<?xml version='1.0' encoding='UTF-8'?><root><![CDATA[]]></root>'' (stream writer: [StreamWriter: class com.ctc.wstx.sw.SimpleNsStreamWriter, underlying outputter: com.ctc.wstx.sw.BufferingXmlWriter@6145b81e])
WARN: suppressing failure 'Failed to replace invalid char, event CDATA, xml = '<?xml version='1.0' encoding='UTF-8'?><root><![CDATA[]]></root>'' (stream writer: [StreamWriter: class com.ctc.wstx.sw.SimpleNsStreamWriter, underlying outputter: com.ctc.wstx.sw.BufferingXmlWriter@64355120])
WARN: suppressing failure 'Expected an exception for COMMENT' (stream writer: [StreamWriter: class com.ctc.wstx.sw.SimpleNsStreamWriter, underlying outputter: com.ctc.wstx.sw.BufferingXmlWriter@64b7225f])
WARN: suppressing failure 'Expected an exception for COMMENT' (stream writer: [StreamWriter: class com.ctc.wstx.sw.SimpleNsStreamWriter, underlying outputter: com.ctc.wstx.sw.BufferingXmlWriter@33db72bd])
WARN: suppressing failure 'Failed to replace invalid char, event PROCESSING_INSTRUCTION, xml = '<?xml version='1.0' encoding='UTF-8'?><root><?pi ?></root>'' (stream writer: [StreamWriter: class com.ctc.wstx.sw.SimpleNsStreamWriter, underlying outputter: com.ctc.wstx.sw.BufferingXmlWriter@7f92b990])
WARN: suppressing failure 'Failed to replace invalid char, event PROCESSING_INSTRUCTION, xml = '<?xml version='1.0' encoding='UTF-8'?><root><?pi ?></root>'' (stream writer: [StreamWriter: class com.ctc.wstx.sw.SimpleNsStreamWriter, underlying outputter: com.ctc.wstx.sw.BufferingXmlWriter@31e04b13])
WARN: suppressing failure 'Failed to replace invalid char, event COMMENT, xml = '<?xml version='1.0' encoding='UTF-8'?><root><!----></root>'' (stream writer: [StreamWriter: class com.ctc.wstx.sw.SimpleNsStreamWriter, underlying outputter: com.ctc.wstx.sw.BufferingXmlWriter@6c1832aa])
WARN: suppressing failure 'Failed to replace invalid char, event COMMENT, xml = '<?xml version='1.0' encoding='UTF-8'?><root><!----></root>'' (stream writer: [StreamWriter: class com.ctc.wstx.sw.SimpleNsStreamWriter, underlying outputter: com.ctc.wstx.sw.BufferingXmlWriter@4beeb0e])
Tests run: 10, Failures: 0, Errors: 0, Skipped: 0, Time elapsed: 0.007 sec - in wstxtest.wstream.TestInvalidChars
Running wstxtest.wstream.TestContentValidation
Tests run: 5, Failures: 0, Errors: 0, Skipped: 0, Time elapsed: 0.007 sec - in wstxtest.wstream.TestContentValidation
Running wstxtest.wstream.TestAutoEndElems
Tests run: 2, Failures: 0, Errors: 0, Skipped: 0, Time elapsed: 0 sec - in wstxtest.wstream.TestAutoEndElems
Running wstxtest.wstream.TestEmptyElementWriter
Tests run: 3, Failures: 0, Errors: 0, Skipped: 0, Time elapsed: 0 sec - in wstxtest.wstream.TestEmptyElementWriter
Running wstxtest.vstream.TestDTD
Tests run: 4, Failures: 0, Errors: 0, Skipped: 0, Time elapsed: 0 sec - in wstxtest.vstream.TestDTD
Running wstxtest.vstream.TestRelaxNG
Tests run: 10, Failures: 0, Errors: 0, Skipped: 0, Time elapsed: 0.046 sec - in wstxtest.vstream.TestRelaxNG
Running wstxtest.vstream.TestXmlSpace
Tests run: 1, Failures: 0, Errors: 0, Skipped: 0, Time elapsed: 0.002 sec - in wstxtest.vstream.TestXmlSpace
Running wstxtest.vstream.TestXmlId
Tests run: 2, Failures: 0, Errors: 0, Skipped: 0, Time elapsed: 0.001 sec - in wstxtest.vstream.TestXmlId
Running wstxtest.vstream.TestFlattening
Tests run: 1, Failures: 0, Errors: 0, Skipped: 0, Time elapsed: 0.015 sec - in wstxtest.vstream.TestFlattening
Running wstxtest.vstream.TestXMLReporter
Tests run: 6, Failures: 0, Errors: 0, Skipped: 0, Time elapsed: 0.001 sec - in wstxtest.vstream.TestXMLReporter
Running wstxtest.evt.TestEventReader
Tests run: 3, Failures: 0, Errors: 0, Skipped: 0, Time elapsed: 0.003 sec - in wstxtest.evt.TestEventReader
Running org.codehaus.stax2.ri.TestStax2ReaderAdapter
Tests run: 3, Failures: 0, Errors: 0, Skipped: 0, Time elapsed: 0 sec - in org.codehaus.stax2.ri.TestStax2ReaderAdapter
Running org.codehaus.stax.test.dtd.TestDtdWithUnicodeEntities
Tests run: 1, Failures: 0, Errors: 0, Skipped: 0, Time elapsed: 0.001 sec - in org.codehaus.stax.test.dtd.TestDtdWithUnicodeEntities
Running org.codehaus.stax.test.stream.TestFilteredReader
Tests run: 3, Failures: 0, Errors: 0, Skipped: 0, Time elapsed: 0.002 sec - in org.codehaus.stax.test.stream.TestFilteredReader
Running org.codehaus.stax.test.stream.TestEncodingRead
Tests run: 5, Failures: 0, Errors: 0, Skipped: 0, Time elapsed: 0.009 sec - in org.codehaus.stax.test.stream.TestEncodingRead
Running org.codehaus.stax.test.stream.TestCommentRead
Tests run: 6, Failures: 0, Errors: 0, Skipped: 0, Time elapsed: 0.002 sec - in org.codehaus.stax.test.stream.TestCommentRead
Running org.codehaus.stax.test.stream.TestEpilog
Tests run: 2, Failures: 0, Errors: 0, Skipped: 0, Time elapsed: 0.001 sec - in org.codehaus.stax.test.stream.TestEpilog
Running org.codehaus.stax.test.stream.TestLinefeeds
Tests run: 5, Failures: 0, Errors: 0, Skipped: 0, Time elapsed: 0.003 sec - in org.codehaus.stax.test.stream.TestLinefeeds
Running org.codehaus.stax.test.stream.TestXmlDecl
Tests run: 4, Failures: 0, Errors: 0, Skipped: 0, Time elapsed: 0.011 sec - in org.codehaus.stax.test.stream.TestXmlDecl
Running org.codehaus.stax.test.stream.TestEntityRead
Tests run: 13, Failures: 0, Errors: 0, Skipped: 0, Time elapsed: 0.018 sec - in org.codehaus.stax.test.stream.TestEntityRead
Running org.codehaus.stax.test.stream.TestMisc
Tests run: 9, Failures: 0, Errors: 0, Skipped: 0, Time elapsed: 0.019 sec - in org.codehaus.stax.test.stream.TestMisc
Running org.codehaus.stax.test.stream.TestProperties
Tests run: 3, Failures: 0, Errors: 0, Skipped: 0, Time elapsed: 0.002 sec - in org.codehaus.stax.test.stream.TestProperties
Running org.codehaus.stax.test.stream.TestAttributeRead
Tests run: 15, Failures: 0, Errors: 0, Skipped: 0, Time elapsed: 0.007 sec - in org.codehaus.stax.test.stream.TestAttributeRead
Running org.codehaus.stax.test.stream.TestTextCoalescing
Tests run: 5, Failures: 0, Errors: 0, Skipped: 0, Time elapsed: 0.003 sec - in org.codehaus.stax.test.stream.TestTextCoalescing
Running org.codehaus.stax.test.stream.TestProcInstrRead
Tests run: 6, Failures: 0, Errors: 0, Skipped: 0, Time elapsed: 0.013 sec - in org.codehaus.stax.test.stream.TestProcInstrRead
Running org.codehaus.stax.test.stream.TestStreaming
Tests run: 3, Failures: 0, Errors: 0, Skipped: 0, Time elapsed: 0.004 sec - in org.codehaus.stax.test.stream.TestStreaming
Running org.codehaus.stax.test.stream.TestAttributeDTD
Tests run: 1, Failures: 0, Errors: 0, Skipped: 0, Time elapsed: 0.001 sec - in org.codehaus.stax.test.stream.TestAttributeDTD
Running org.codehaus.stax.test.stream.TestRandomStream
Tests run: 4, Failures: 0, Errors: 0, Skipped: 0, Time elapsed: 0.035 sec - in org.codehaus.stax.test.stream.TestRandomStream
Running org.codehaus.stax.test.stream.TestCDataRead
Tests run: 7, Failures: 0, Errors: 0, Skipped: 0, Time elapsed: 0.011 sec - in org.codehaus.stax.test.stream.TestCDataRead
Running org.codehaus.stax.test.stream.TestNamespaces
Tests run: 13, Failures: 1, Errors: 0, Skipped: 0, Time elapsed: 0.044 sec <<< FAILURE! - in org.codehaus.stax.test.stream.TestNamespaces
testDefaultNs(org.codehaus.stax.test.stream.TestNamespaces)  Time elapsed: 0.008 sec  <<< FAILURE!
junit.framework.AssertionFailedError: Attribute that does not have a prefix should be indicated with "", not null
	at junit.framework.Assert.fail(Assert.java:57)
	at junit.framework.TestCase.fail(TestCase.java:227)
	at org.codehaus.stax.test.BaseStaxTest.assertNoAttrPrefix(BaseStaxTest.java:460)
	at org.codehaus.stax.test.stream.TestNamespaces.testDefaultNs(TestNamespaces.java:288)

Running org.codehaus.stax.test.stream.TestDoctypeDecl
Tests run: 9, Failures: 0, Errors: 0, Skipped: 0, Time elapsed: 0.008 sec - in org.codehaus.stax.test.stream.TestDoctypeDecl
Running org.codehaus.stax.test.stream.TestElements
Tests run: 9, Failures: 0, Errors: 0, Skipped: 0, Time elapsed: 0.001 sec - in org.codehaus.stax.test.stream.TestElements
Running org.codehaus.stax.test.stream.TestGetSegmentedText
Tests run: 5, Failures: 0, Errors: 0, Skipped: 0, Time elapsed: 0.128 sec - in org.codehaus.stax.test.stream.TestGetSegmentedText
Running org.codehaus.stax.test.wstream.TestWriterClosing
Tests run: 1, Failures: 0, Errors: 0, Skipped: 0, Time elapsed: 0.002 sec - in org.codehaus.stax.test.wstream.TestWriterClosing
Running org.codehaus.stax.test.wstream.TestOutputEncoding
Tests run: 3, Failures: 0, Errors: 0, Skipped: 0, Time elapsed: 0.02 sec - in org.codehaus.stax.test.wstream.TestOutputEncoding
Running org.codehaus.stax.test.wstream.TestProperties
Tests run: 1, Failures: 0, Errors: 0, Skipped: 0, Time elapsed: 0.001 sec - in org.codehaus.stax.test.wstream.TestProperties
Running org.codehaus.stax.test.wstream.TestRepairingWriter
Tests run: 7, Failures: 0, Errors: 0, Skipped: 0, Time elapsed: 0.005 sec - in org.codehaus.stax.test.wstream.TestRepairingWriter
Running org.codehaus.stax.test.wstream.TestSimpleWriter
Tests run: 16, Failures: 0, Errors: 0, Skipped: 0, Time elapsed: 0.02 sec - in org.codehaus.stax.test.wstream.TestSimpleWriter
Running org.codehaus.stax.test.vstream.TestEntityAttrRead
Tests run: 7, Failures: 0, Errors: 0, Skipped: 0, Time elapsed: 0.003 sec - in org.codehaus.stax.test.vstream.TestEntityAttrRead
Running org.codehaus.stax.test.vstream.TestInvalidDTD
Tests run: 6, Failures: 0, Errors: 0, Skipped: 0, Time elapsed: 0.002 sec - in org.codehaus.stax.test.vstream.TestInvalidDTD
Running org.codehaus.stax.test.vstream.TestExternalSubset
Tests run: 2, Failures: 0, Errors: 0, Skipped: 0, Time elapsed: 0.005 sec - in org.codehaus.stax.test.vstream.TestExternalSubset
Running org.codehaus.stax.test.vstream.TestNmTokenAttrRead
Tests run: 5, Failures: 0, Errors: 0, Skipped: 0, Time elapsed: 0.002 sec - in org.codehaus.stax.test.vstream.TestNmTokenAttrRead
Running org.codehaus.stax.test.vstream.TestAttrRead
Tests run: 8, Failures: 0, Errors: 0, Skipped: 0, Time elapsed: 0.012 sec - in org.codehaus.stax.test.vstream.TestAttrRead
Running org.codehaus.stax.test.vstream.TestNotationAttrRead
Tests run: 5, Failures: 0, Errors: 0, Skipped: 0, Time elapsed: 0.011 sec - in org.codehaus.stax.test.vstream.TestNotationAttrRead
Running org.codehaus.stax.test.vstream.TestStructuralValidation
Tests run: 17, Failures: 0, Errors: 0, Skipped: 0, Time elapsed: 0.021 sec - in org.codehaus.stax.test.vstream.TestStructuralValidation
Running org.codehaus.stax.test.vstream.TestParamEntities
Tests run: 1, Failures: 0, Errors: 0, Skipped: 0, Time elapsed: 0.001 sec - in org.codehaus.stax.test.vstream.TestParamEntities
Running org.codehaus.stax.test.vstream.TestSubsetCombination
Tests run: 2, Failures: 0, Errors: 0, Skipped: 0, Time elapsed: 0.001 sec - in org.codehaus.stax.test.vstream.TestSubsetCombination
Running org.codehaus.stax.test.vstream.TestIdAttrRead
Tests run: 9, Failures: 0, Errors: 0, Skipped: 0, Time elapsed: 0.004 sec - in org.codehaus.stax.test.vstream.TestIdAttrRead
Running org.codehaus.stax.test.vstream.TestDTDElemRead
Tests run: 4, Failures: 0, Errors: 0, Skipped: 0, Time elapsed: 0.001 sec - in org.codehaus.stax.test.vstream.TestDTDElemRead
Running org.codehaus.stax.test.vstream.TestIncludes
Tests run: 4, Failures: 0, Errors: 0, Skipped: 0, Time elapsed: 0.002 sec - in org.codehaus.stax.test.vstream.TestIncludes
Running org.codehaus.stax.test.vstream.TestEnumAttrRead
Tests run: 5, Failures: 0, Errors: 0, Skipped: 0, Time elapsed: 0.002 sec - in org.codehaus.stax.test.vstream.TestEnumAttrRead
Running org.codehaus.stax.test.vstream.TestAttrTypes
Tests run: 1, Failures: 0, Errors: 0, Skipped: 0, Time elapsed: 0.001 sec - in org.codehaus.stax.test.vstream.TestAttrTypes
Running org.codehaus.stax.test.evt.TestStartDocument
Tests run: 3, Failures: 0, Errors: 0, Skipped: 0, Time elapsed: 0.002 sec - in org.codehaus.stax.test.evt.TestStartDocument
Running org.codehaus.stax.test.evt.TestFilteredReader
Tests run: 1, Failures: 0, Errors: 0, Skipped: 0, Time elapsed: 0.001 sec - in org.codehaus.stax.test.evt.TestFilteredReader
Running org.codehaus.stax.test.evt.TestEventFactory
Tests run: 15, Failures: 0, Errors: 0, Skipped: 0, Time elapsed: 0.008 sec - in org.codehaus.stax.test.evt.TestEventFactory
Running org.codehaus.stax.test.evt.TestEventWriter
Tests run: 2, Failures: 0, Errors: 0, Skipped: 0, Time elapsed: 0.007 sec - in org.codehaus.stax.test.evt.TestEventWriter
Running org.codehaus.stax.test.evt.TestStartElem
Tests run: 5, Failures: 0, Errors: 0, Skipped: 0, Time elapsed: 0.004 sec - in org.codehaus.stax.test.evt.TestStartElem
Running org.codehaus.stax.test.evt.TestEventTypes
Tests run: 1, Failures: 0, Errors: 0, Skipped: 0, Time elapsed: 0 sec - in org.codehaus.stax.test.evt.TestEventTypes
Running org.codehaus.stax.test.evt.TestEventCopy
Tests run: 2, Failures: 0, Errors: 0, Skipped: 0, Time elapsed: 0 sec - in org.codehaus.stax.test.evt.TestEventCopy
Running org.codehaus.stax.test.evt.TestEventReader
Tests run: 8, Failures: 0, Errors: 0, Skipped: 0, Time elapsed: 0.006 sec - in org.codehaus.stax.test.evt.TestEventReader
Running org.codehaus.stax.test.evt.TestEventDTD
Tests run: 2, Failures: 0, Errors: 0, Skipped: 0, Time elapsed: 0.003 sec - in org.codehaus.stax.test.evt.TestEventDTD
Running org.codehaus.stax.test.evt.TestSurrogatePairs
Tests run: 1, Failures: 0, Errors: 0, Skipped: 0, Time elapsed: 0.001 sec - in org.codehaus.stax.test.evt.TestSurrogatePairs

Results :

Failed tests: 
  TestNamespaces.testDefaultNs:288->BaseStaxTest.assertNoAttrPrefix:460 Attribute that does not have a prefix should be indicated with "", not null

Tests run: 824, Failures: 1, Errors: 0, Skipped: 0

[ERROR] There are test failures.

Please refer to /tmp/tmpjwy0q_p5/woodstox/target/surefire-reports for the individual test results.
[INFO] 
[INFO] --- maven-bundle-plugin:2.5.3:bundle (default-bundle) @ woodstox-core ---
[INFO] 
[INFO] --- maven-site-plugin:3.1:attach-descriptor (attach-descriptor) @ woodstox-core ---
[INFO] 
[INFO] --- maven-assembly-plugin:3.2.0:single (default) @ woodstox-core ---
[INFO] Building jar: /tmp/tmpjwy0q_p5/woodstox/target/woodstox-core-5.0.3-jar-with-dependencies.jar
[INFO] ------------------------------------------------------------------------
[INFO] BUILD SUCCESS
[INFO] ------------------------------------------------------------------------
[INFO] Total time:  38.179 s
[INFO] Finished at: 2020-07-30T15:12:28Z
[INFO] ------------------------------------------------------------------------
