[INFO] Error stacktraces are turned on.
[INFO] Scanning for projects...
[INFO] 
[INFO] -----------------------< yike.example:promotion >-----------------------
[INFO] Building demo 0.0.1-SNAPSHOT
[INFO] --------------------------------[ jar ]---------------------------------
[INFO] 
[INFO] --- jacoco-maven-plugin:0.8.5:prepare-agent (default) @ promotion ---
[INFO] argLine set to -javaagent:/home/jdbl/.m2/repository/org/jacoco/org.jacoco.agent/0.8.5/org.jacoco.agent-0.8.5-runtime.jar=destfile=/tmp/tmp6ck4pz_e/promotion/target/jacoco.exec
[INFO] 
[INFO] --- build-helper-maven-plugin:1.10:add-resource (add-resource) @ promotion ---
[INFO] 
[INFO] --- maven-resources-plugin:2.6:resources (default-resources) @ promotion ---
[INFO] Using 'UTF-8' encoding to copy filtered resources.
[INFO] Copying 2 resources
[INFO] Copying 1 resource
[INFO] Copying 12 resources
[INFO] 
[INFO] --- maven-compiler-plugin:3.1:compile (default-compile) @ promotion ---
[INFO] Changes detected - recompiling the module!
[INFO] Compiling 93 source files to /tmp/tmp6ck4pz_e/promotion/target/classes
[INFO] 
[INFO] --- maven-resources-plugin:2.6:testResources (default-testResources) @ promotion ---
[INFO] Using 'UTF-8' encoding to copy filtered resources.
[INFO] skip non existing resourceDirectory /tmp/tmp6ck4pz_e/promotion/src/test/resources
[INFO] 
[INFO] --- maven-compiler-plugin:3.1:testCompile (default-testCompile) @ promotion ---
[INFO] Changes detected - recompiling the module!
[INFO] Compiling 2 source files to /tmp/tmp6ck4pz_e/promotion/target/test-classes
[INFO] 
[INFO] --- maven-surefire-plugin:2.19.1:test (default-test) @ promotion ---
[INFO] Surefire report directory: /tmp/tmp6ck4pz_e/promotion/target/surefire-reports

-------------------------------------------------------
 T E S T S
-------------------------------------------------------
Running yike.example.service.profit.CashierProfitServiceTest
SLF4J: Class path contains multiple SLF4J bindings.
SLF4J: Found binding in [file:/tmp/tmp6ck4pz_e/promotion/target/classes/org/slf4j/impl/StaticLoggerBinder.class]
SLF4J: Found binding in [jar:file:/home/jdbl/.m2/repository/ch/qos/logback/logback-classic/1.1.11/logback-classic-1.1.11.jar!/org/slf4j/impl/StaticLoggerBinder.class]
SLF4J: See http://www.slf4j.org/codes.html#multiple_bindings for an explanation.
SLF4J: Actual binding is of type [org.slf4j.impl.Log4jLoggerFactory]
log4j:WARN No appenders could be found for logger (org.springframework.test.context.junit4.SpringJUnit4ClassRunner).
log4j:WARN Please initialize the log4j system properly.
log4j:WARN See http://logging.apache.org/log4j/1.2/faq.html#noconfig for more info.
Tests run: 3, Failures: 0, Errors: 3, Skipped: 0, Time elapsed: 0.459 sec <<< FAILURE! - in yike.example.service.profit.CashierProfitServiceTest
handleProfit1(yike.example.service.profit.CashierProfitServiceTest)  Time elapsed: 0.006 sec  <<< ERROR!
java.lang.IllegalStateException: Failed to load ApplicationContext
Caused by: java.lang.IllegalArgumentException: LoggerFactory is not a Logback LoggerContext but Logback is on the classpath. Either remove Logback or the competing implementation (class org.slf4j.impl.Log4jLoggerFactory loaded from file:/tmp/tmp6ck4pz_e/promotion/target/classes/). If you are using WebLogic you will need to add 'org.slf4j' to prefer-application-packages in WEB-INF/weblogic.xml: org.slf4j.impl.Log4jLoggerFactory

handleProfit2(yike.example.service.profit.CashierProfitServiceTest)  Time elapsed: 0 sec  <<< ERROR!
java.lang.IllegalStateException: Failed to load ApplicationContext
Caused by: java.lang.IllegalArgumentException: LoggerFactory is not a Logback LoggerContext but Logback is on the classpath. Either remove Logback or the competing implementation (class org.slf4j.impl.Log4jLoggerFactory loaded from file:/tmp/tmp6ck4pz_e/promotion/target/classes/). If you are using WebLogic you will need to add 'org.slf4j' to prefer-application-packages in WEB-INF/weblogic.xml: org.slf4j.impl.Log4jLoggerFactory

contextLoads(yike.example.service.profit.CashierProfitServiceTest)  Time elapsed: 0 sec  <<< ERROR!
java.lang.IllegalStateException: Failed to load ApplicationContext
Caused by: java.lang.IllegalArgumentException: LoggerFactory is not a Logback LoggerContext but Logback is on the classpath. Either remove Logback or the competing implementation (class org.slf4j.impl.Log4jLoggerFactory loaded from file:/tmp/tmp6ck4pz_e/promotion/target/classes/). If you are using WebLogic you will need to add 'org.slf4j' to prefer-application-packages in WEB-INF/weblogic.xml: org.slf4j.impl.Log4jLoggerFactory

Running yike.example.demo.DemoApplicationTests
Tests run: 1, Failures: 0, Errors: 1, Skipped: 0, Time elapsed: 0.126 sec <<< FAILURE! - in yike.example.demo.DemoApplicationTests
contextLoads(yike.example.demo.DemoApplicationTests)  Time elapsed: 0.001 sec  <<< ERROR!
java.lang.IllegalStateException: Failed to load ApplicationContext
Caused by: java.lang.IllegalArgumentException: LoggerFactory is not a Logback LoggerContext but Logback is on the classpath. Either remove Logback or the competing implementation (class org.slf4j.impl.Log4jLoggerFactory loaded from file:/tmp/tmp6ck4pz_e/promotion/target/classes/). If you are using WebLogic you will need to add 'org.slf4j' to prefer-application-packages in WEB-INF/weblogic.xml: org.slf4j.impl.Log4jLoggerFactory


Results :

Tests in error: 
  DemoApplicationTests.contextLoads » IllegalState Failed to load ApplicationCon...
  CashierProfitServiceTest.contextLoads » IllegalState Failed to load Applicatio...
  CashierProfitServiceTest.handleProfit1 » IllegalState Failed to load Applicati...
  CashierProfitServiceTest.handleProfit2 » IllegalState Failed to load Applicati...

Tests run: 4, Failures: 0, Errors: 4, Skipped: 0

[ERROR] There are test failures.

Please refer to /tmp/tmp6ck4pz_e/promotion/target/surefire-reports for the individual test results.
[INFO] 
[INFO] --- jacoco-maven-plugin:0.8.5:report (report) @ promotion ---
[INFO] Loading execution data file /tmp/tmp6ck4pz_e/promotion/target/jacoco.exec
[INFO] Analyzed bundle 'demo' with 1933 classes
[INFO] ------------------------------------------------------------------------
[INFO] BUILD SUCCESS
[INFO] ------------------------------------------------------------------------
[INFO] Total time:  05:50 min
[INFO] Finished at: 2020-08-03T11:29:57Z
[INFO] ------------------------------------------------------------------------
