[INFO] Error stacktraces are turned on.
[INFO] Scanning for projects...
[INFO] 
[INFO] --------------------< com.javadeobfuscator:javavm >---------------------
[INFO] Building javavm 2.0.0
[INFO] --------------------------------[ jar ]---------------------------------
[INFO] 
[INFO] --- jacoco-maven-plugin:0.8.5:prepare-agent (default) @ javavm ---
[INFO] argLine set to -javaagent:/home/jdbl/.m2/repository/org/jacoco/org.jacoco.agent/0.8.5/org.jacoco.agent-0.8.5-runtime.jar=destfile=/tmp/tmpl3oe22lm/javavm/target/jacoco.exec
[INFO] 
[INFO] --- maven-resources-plugin:2.6:resources (default-resources) @ javavm ---
[INFO] Using 'UTF-8' encoding to copy filtered resources.
[INFO] skip non existing resourceDirectory /tmp/tmpl3oe22lm/javavm/src/main/resources
[INFO] 
[INFO] --- maven-compiler-plugin:3.3:compile (default-compile) @ javavm ---
[INFO] Changes detected - recompiling the module!
[INFO] Compiling 154 source files to /tmp/tmpl3oe22lm/javavm/target/classes
[INFO] 
[INFO] --- maven-resources-plugin:2.6:testResources (default-testResources) @ javavm ---
[INFO] Using 'UTF-8' encoding to copy filtered resources.
[INFO] skip non existing resourceDirectory /tmp/tmpl3oe22lm/javavm/src/test/resources
[INFO] 
[INFO] --- maven-compiler-plugin:3.3:testCompile (default-testCompile) @ javavm ---
[INFO] Changes detected - recompiling the module!
[INFO] Compiling 2 source files to /tmp/tmpl3oe22lm/javavm/target/test-classes
[INFO] 
[INFO] --- maven-surefire-plugin:2.19.1:test (default-test) @ javavm ---
[INFO] Surefire report directory: /tmp/tmpl3oe22lm/javavm/target/surefire-reports

-------------------------------------------------------
 T E S T S
-------------------------------------------------------
Running com.javadeobfuscator.javavm.CompilationTest
Starting VM
Tests run: 1, Failures: 0, Errors: 1, Skipped: 0, Time elapsed: 0.728 sec <<< FAILURE! - in com.javadeobfuscator.javavm.CompilationTest
testExecution(com.javadeobfuscator.javavm.CompilationTest)  Time elapsed: 0.666 sec  <<< ERROR!
java.lang.IllegalArgumentException
	at com.javadeobfuscator.javavm.CompilationTest.setup(CompilationTest.java:53)


Results :

Tests in error: 
  CompilationTest.setup:53 Â» IllegalArgument

Tests run: 1, Failures: 0, Errors: 1, Skipped: 0

[ERROR] There are test failures.

Please refer to /tmp/tmpl3oe22lm/javavm/target/surefire-reports for the individual test results.
[INFO] 
[INFO] --- jacoco-maven-plugin:0.8.5:report (report) @ javavm ---
[INFO] Loading execution data file /tmp/tmpl3oe22lm/javavm/target/jacoco.exec
[INFO] Analyzed bundle 'javavm' with 1181 classes
[INFO] ------------------------------------------------------------------------
[INFO] BUILD SUCCESS
[INFO] ------------------------------------------------------------------------
[INFO] Total time:  11.983 s
[INFO] Finished at: 2020-07-31T08:33:53Z
[INFO] ------------------------------------------------------------------------
