[INFO] Error stacktraces are turned on.
[INFO] Scanning for projects...
[WARNING] The POM for org.jenkins-ci.tools:maven-hpi-plugin:jar:2.1 is missing, no dependency information available
[WARNING] Failed to build parent project for com.axis.jenkins.plugins.eiffel:eiffel-broadcaster:hpi:1.0.2-SNAPSHOT
[INFO] 
[INFO] ---------< com.axis.jenkins.plugins.eiffel:eiffel-broadcaster >---------
[INFO] Building Eiffel Broadcaster Plugin 1.0.2-SNAPSHOT
[INFO] --------------------------------[ hpi ]---------------------------------
[INFO] 
[INFO] --- maven-hpi-plugin:2.1:validate (default-validate) @ eiffel-broadcaster ---
[INFO] 
[INFO] --- maven-enforcer-plugin:3.0.0-M1:display-info (display-info) @ eiffel-broadcaster ---
[INFO] Maven Version: 3.6.3
[INFO] JDK Version: 1.8.0_262 normalized as: 1.8.0-262
[INFO] OS Info: Arch: amd64 Family: unix Name: linux Version: 4.15.0-109-generic
[INFO] 
[INFO] --- maven-enforcer-plugin:3.0.0-M1:enforce (display-info) @ eiffel-broadcaster ---
[INFO] 
[INFO] --- jacoco-maven-plugin:0.8.5:prepare-agent (default) @ eiffel-broadcaster ---
[INFO] argLine set to -javaagent:/home/jdbl/.m2/repository/org/jacoco/org.jacoco.agent/0.8.5/org.jacoco.agent-0.8.5-runtime.jar=destfile=/tmp/tmpexzkc0p2/eiffel-broadcaster-plugin/target/jacoco.exec -Xmx768M -Djava.awt.headless=true
[INFO] 
[INFO] --- maven-localizer-plugin:1.24:generate (default) @ eiffel-broadcaster ---
[INFO] 
[INFO] >>> maven-javadoc-plugin:2.10.4:javadoc (default) > generate-sources @ eiffel-broadcaster >>>
[INFO] 
[INFO] --- maven-hpi-plugin:2.1:validate (default-validate) @ eiffel-broadcaster ---
[INFO] 
[INFO] --- maven-enforcer-plugin:3.0.0-M1:display-info (display-info) @ eiffel-broadcaster ---
[INFO] Maven Version: 3.6.3
[INFO] JDK Version: 1.8.0_262 normalized as: 1.8.0-262
[INFO] OS Info: Arch: amd64 Family: unix Name: linux Version: 4.15.0-109-generic
[INFO] 
[INFO] --- maven-enforcer-plugin:3.0.0-M1:enforce (display-info) @ eiffel-broadcaster ---
[INFO] 
[INFO] --- jacoco-maven-plugin:0.8.5:prepare-agent (default) @ eiffel-broadcaster ---
[INFO] argLine set to -javaagent:/home/jdbl/.m2/repository/org/jacoco/org.jacoco.agent/0.8.5/org.jacoco.agent-0.8.5-runtime.jar=destfile=/tmp/tmpexzkc0p2/eiffel-broadcaster-plugin/target/jacoco.exec -Xmx768M -Djava.awt.headless=true
[INFO] 
[INFO] --- maven-localizer-plugin:1.24:generate (default) @ eiffel-broadcaster ---
[INFO] 
[INFO] <<< maven-javadoc-plugin:2.10.4:javadoc (default) < generate-sources @ eiffel-broadcaster <<<
[INFO] 
[INFO] 
[INFO] --- maven-javadoc-plugin:2.10.4:javadoc (default) @ eiffel-broadcaster ---
[INFO] Skipping javadoc generation
[INFO] 
[INFO] --- maven-resources-plugin:3.0.2:resources (default-resources) @ eiffel-broadcaster ---
[INFO] Using 'UTF-8' encoding to copy filtered resources.
[INFO] Copying 2 resources
[INFO] 
[INFO] --- maven-compiler-plugin:3.6.1:compile (default-compile) @ eiffel-broadcaster ---
[INFO] Changes detected - recompiling the module!
[INFO] Compiling 13 source files to /tmp/tmpexzkc0p2/eiffel-broadcaster-plugin/target/classes
[INFO] /tmp/tmpexzkc0p2/eiffel-broadcaster-plugin/src/main/java/com/axis/jenkins/plugins/eiffel/eiffelbroadcaster/eiffel/EiffelEvent.java: Some input files use unchecked or unsafe operations.
[INFO] /tmp/tmpexzkc0p2/eiffel-broadcaster-plugin/src/main/java/com/axis/jenkins/plugins/eiffel/eiffelbroadcaster/eiffel/EiffelEvent.java: Recompile with -Xlint:unchecked for details.
[INFO] 
[INFO] --- access-modifier-checker:1.8:enforce (default-enforce) @ eiffel-broadcaster ---
[INFO] 
[INFO] --- animal-sniffer-maven-plugin:1.15:check (check) @ eiffel-broadcaster ---
[INFO] Signature checking is skipped.
[INFO] 
[INFO] --- maven-hpi-plugin:2.1:insert-test (default-insert-test) @ eiffel-broadcaster ---
[INFO] 
[INFO] --- gmaven-plugin:1.5-jenkins-3:generateTestStubs (test-in-groovy) @ eiffel-broadcaster ---
[INFO] No sources found for Java stub generation
[INFO] 
[INFO] --- maven-resources-plugin:3.0.2:testResources (default-testResources) @ eiffel-broadcaster ---
[INFO] Using 'UTF-8' encoding to copy filtered resources.
[INFO] skip non existing resourceDirectory /tmp/tmpexzkc0p2/eiffel-broadcaster-plugin/src/test/resources
[INFO] 
[INFO] --- maven-compiler-plugin:3.6.1:testCompile (default-testCompile) @ eiffel-broadcaster ---
[INFO] Changes detected - recompiling the module!
[INFO] Compiling 1 source file to /tmp/tmpexzkc0p2/eiffel-broadcaster-plugin/target/test-classes
[INFO] 
[INFO] --- maven-hpi-plugin:2.1:test-hpl (default-test-hpl) @ eiffel-broadcaster ---
[INFO] Generating /tmp/tmpexzkc0p2/eiffel-broadcaster-plugin/target/test-classes/the.hpl
[INFO] 
[INFO] --- maven-hpi-plugin:2.1:resolve-test-dependencies (default-resolve-test-dependencies) @ eiffel-broadcaster ---
[INFO] 
[INFO] --- gmaven-plugin:1.5-jenkins-3:testCompile (test-in-groovy) @ eiffel-broadcaster ---
[INFO] No sources found to compile
[INFO] 
[INFO] --- maven-surefire-plugin:2.19.1:test (default-test) @ eiffel-broadcaster ---
[INFO] Surefire report directory: /tmp/tmpexzkc0p2/eiffel-broadcaster-plugin/target/surefire-reports

-------------------------------------------------------
 T E S T S
-------------------------------------------------------
Running InjectedTest
Exception in thread "Attach Listener" Agent failed to start!
Tests run: 1, Failures: 0, Errors: 1, Skipped: 0, Time elapsed: 0.35 sec <<< FAILURE! - in InjectedTest
InjectedTest  Time elapsed: 0.348 sec  <<< ERROR!
java.lang.NoClassDefFoundError: org.junit.runner.Runner
	at org.junit.runners.model.RunnerBuilder.safeRunnerForClass(RunnerBuilder.java:61)
	at org.junit.internal.requests.ClassRequest.getRunner(ClassRequest.java:26)
	at org.apache.maven.surefire.junit4.JUnit4Provider.execute(JUnit4Provider.java:364)
	at org.apache.maven.surefire.junit4.JUnit4Provider.executeWithRerun(JUnit4Provider.java:274)
	at org.apache.maven.surefire.junit4.JUnit4Provider.executeTestSet(JUnit4Provider.java:238)
	at org.apache.maven.surefire.junit4.JUnit4Provider.invoke(JUnit4Provider.java:161)
	at org.apache.maven.surefire.booter.ForkedBooter.invokeProviderInSameClassLoader(ForkedBooter.java:290)
	at org.apache.maven.surefire.booter.ForkedBooter.runSuitesInProcess(ForkedBooter.java:242)
	at org.apache.maven.surefire.booter.ForkedBooter.main(ForkedBooter.java:121)


Results :

Tests in error: 
  JUnit4Provider.invoke:161->executeTestSet:238->executeWithRerun:274->execute:364 Â» NoClassDefFound

Tests run: 1, Failures: 0, Errors: 1, Skipped: 0

[ERROR] There are test failures.

Please refer to /tmp/tmpexzkc0p2/eiffel-broadcaster-plugin/target/surefire-reports for the individual test results.
[INFO] 
[INFO] --- findbugs-maven-plugin:3.0.1:findbugs (findbugs) @ eiffel-broadcaster ---
[INFO] ------------------------------------------------------------------------
[INFO] BUILD FAILURE
[INFO] ------------------------------------------------------------------------
[INFO] Total time:  04:24 min
[INFO] Finished at: 2020-08-03T11:17:12Z
[INFO] ------------------------------------------------------------------------
[ERROR] Failed to execute goal org.codehaus.mojo:findbugs-maven-plugin:3.0.1:findbugs (findbugs) on project eiffel-broadcaster: Unable to parse configuration of mojo org.codehaus.mojo:findbugs-maven-plugin:3.0.1:findbugs for parameter pluginArtifacts: Cannot assign configuration entry 'pluginArtifacts' with value '${plugin.artifacts}' of type java.util.Collections.UnmodifiableRandomAccessList to property of type java.util.ArrayList -> [Help 1]
org.apache.maven.lifecycle.LifecycleExecutionException: Failed to execute goal org.codehaus.mojo:findbugs-maven-plugin:3.0.1:findbugs (findbugs) on project eiffel-broadcaster: Unable to parse configuration of mojo org.codehaus.mojo:findbugs-maven-plugin:3.0.1:findbugs for parameter pluginArtifacts: Cannot assign configuration entry 'pluginArtifacts' with value '${plugin.artifacts}' of type java.util.Collections.UnmodifiableRandomAccessList to property of type java.util.ArrayList
    at org.apache.maven.lifecycle.internal.MojoExecutor.execute (MojoExecutor.java:215)
    at org.apache.maven.lifecycle.internal.MojoExecutor.execute (MojoExecutor.java:156)
    at org.apache.maven.lifecycle.internal.MojoExecutor.execute (MojoExecutor.java:148)
    at org.apache.maven.lifecycle.internal.LifecycleModuleBuilder.buildProject (LifecycleModuleBuilder.java:117)
    at org.apache.maven.lifecycle.internal.LifecycleModuleBuilder.buildProject (LifecycleModuleBuilder.java:81)
    at org.apache.maven.lifecycle.internal.builder.singlethreaded.SingleThreadedBuilder.build (SingleThreadedBuilder.java:56)
    at org.apache.maven.lifecycle.internal.LifecycleStarter.execute (LifecycleStarter.java:128)
    at org.apache.maven.DefaultMaven.doExecute (DefaultMaven.java:305)
    at org.apache.maven.DefaultMaven.doExecute (DefaultMaven.java:192)
    at org.apache.maven.DefaultMaven.execute (DefaultMaven.java:105)
    at org.apache.maven.cli.MavenCli.execute (MavenCli.java:957)
    at org.apache.maven.cli.MavenCli.doMain (MavenCli.java:289)
    at org.apache.maven.cli.MavenCli.main (MavenCli.java:193)
    at sun.reflect.NativeMethodAccessorImpl.invoke0 (Native Method)
    at sun.reflect.NativeMethodAccessorImpl.invoke (NativeMethodAccessorImpl.java:62)
    at sun.reflect.DelegatingMethodAccessorImpl.invoke (DelegatingMethodAccessorImpl.java:43)
    at java.lang.reflect.Method.invoke (Method.java:498)
    at org.codehaus.plexus.classworlds.launcher.Launcher.launchEnhanced (Launcher.java:282)
    at org.codehaus.plexus.classworlds.launcher.Launcher.launch (Launcher.java:225)
    at org.codehaus.plexus.classworlds.launcher.Launcher.mainWithExitCode (Launcher.java:406)
    at org.codehaus.plexus.classworlds.launcher.Launcher.main (Launcher.java:347)
Caused by: org.apache.maven.plugin.PluginConfigurationException: Unable to parse configuration of mojo org.codehaus.mojo:findbugs-maven-plugin:3.0.1:findbugs for parameter pluginArtifacts: Cannot assign configuration entry 'pluginArtifacts' with value '${plugin.artifacts}' of type java.util.Collections.UnmodifiableRandomAccessList to property of type java.util.ArrayList
    at org.apache.maven.plugin.internal.DefaultMavenPluginManager.populatePluginFields (DefaultMavenPluginManager.java:665)
    at org.apache.maven.plugin.internal.DefaultMavenPluginManager.getConfiguredMojo (DefaultMavenPluginManager.java:597)
    at org.apache.maven.plugin.DefaultBuildPluginManager.executeMojo (DefaultBuildPluginManager.java:124)
    at org.apache.maven.lifecycle.internal.MojoExecutor.execute (MojoExecutor.java:210)
    at org.apache.maven.lifecycle.internal.MojoExecutor.execute (MojoExecutor.java:156)
    at org.apache.maven.lifecycle.internal.MojoExecutor.execute (MojoExecutor.java:148)
    at org.apache.maven.lifecycle.internal.LifecycleModuleBuilder.buildProject (LifecycleModuleBuilder.java:117)
    at org.apache.maven.lifecycle.internal.LifecycleModuleBuilder.buildProject (LifecycleModuleBuilder.java:81)
    at org.apache.maven.lifecycle.internal.builder.singlethreaded.SingleThreadedBuilder.build (SingleThreadedBuilder.java:56)
    at org.apache.maven.lifecycle.internal.LifecycleStarter.execute (LifecycleStarter.java:128)
    at org.apache.maven.DefaultMaven.doExecute (DefaultMaven.java:305)
    at org.apache.maven.DefaultMaven.doExecute (DefaultMaven.java:192)
    at org.apache.maven.DefaultMaven.execute (DefaultMaven.java:105)
    at org.apache.maven.cli.MavenCli.execute (MavenCli.java:957)
    at org.apache.maven.cli.MavenCli.doMain (MavenCli.java:289)
    at org.apache.maven.cli.MavenCli.main (MavenCli.java:193)
    at sun.reflect.NativeMethodAccessorImpl.invoke0 (Native Method)
    at sun.reflect.NativeMethodAccessorImpl.invoke (NativeMethodAccessorImpl.java:62)
    at sun.reflect.DelegatingMethodAccessorImpl.invoke (DelegatingMethodAccessorImpl.java:43)
    at java.lang.reflect.Method.invoke (Method.java:498)
    at org.codehaus.plexus.classworlds.launcher.Launcher.launchEnhanced (Launcher.java:282)
    at org.codehaus.plexus.classworlds.launcher.Launcher.launch (Launcher.java:225)
    at org.codehaus.plexus.classworlds.launcher.Launcher.mainWithExitCode (Launcher.java:406)
    at org.codehaus.plexus.classworlds.launcher.Launcher.main (Launcher.java:347)
Caused by: org.codehaus.plexus.component.configurator.ComponentConfigurationException: Cannot assign configuration entry 'pluginArtifacts' with value '${plugin.artifacts}' of type java.util.Collections.UnmodifiableRandomAccessList to property of type java.util.ArrayList
    at org.codehaus.plexus.component.configurator.converters.AbstractConfigurationConverter.failIfNotTypeCompatible (AbstractConfigurationConverter.java:100)
    at org.codehaus.plexus.component.configurator.converters.composite.CollectionConverter.fromConfiguration (CollectionConverter.java:82)
    at org.codehaus.plexus.component.configurator.converters.composite.CollectionConverter.fromConfiguration (CollectionConverter.java:47)
    at org.eclipse.sisu.plexus.CompositeBeanHelper.convertProperty (CompositeBeanHelper.java:273)
    at org.eclipse.sisu.plexus.CompositeBeanHelper.setProperty (CompositeBeanHelper.java:174)
    at org.codehaus.plexus.component.configurator.converters.composite.ObjectWithFieldsConverter.processConfiguration (ObjectWithFieldsConverter.java:101)
    at org.codehaus.plexus.component.configurator.BasicComponentConfigurator.configureComponent (BasicComponentConfigurator.java:34)
    at org.apache.maven.plugin.internal.DefaultMavenPluginManager.populatePluginFields (DefaultMavenPluginManager.java:635)
    at org.apache.maven.plugin.internal.DefaultMavenPluginManager.getConfiguredMojo (DefaultMavenPluginManager.java:597)
    at org.apache.maven.plugin.DefaultBuildPluginManager.executeMojo (DefaultBuildPluginManager.java:124)
    at org.apache.maven.lifecycle.internal.MojoExecutor.execute (MojoExecutor.java:210)
    at org.apache.maven.lifecycle.internal.MojoExecutor.execute (MojoExecutor.java:156)
    at org.apache.maven.lifecycle.internal.MojoExecutor.execute (MojoExecutor.java:148)
    at org.apache.maven.lifecycle.internal.LifecycleModuleBuilder.buildProject (LifecycleModuleBuilder.java:117)
    at org.apache.maven.lifecycle.internal.LifecycleModuleBuilder.buildProject (LifecycleModuleBuilder.java:81)
    at org.apache.maven.lifecycle.internal.builder.singlethreaded.SingleThreadedBuilder.build (SingleThreadedBuilder.java:56)
    at org.apache.maven.lifecycle.internal.LifecycleStarter.execute (LifecycleStarter.java:128)
    at org.apache.maven.DefaultMaven.doExecute (DefaultMaven.java:305)
    at org.apache.maven.DefaultMaven.doExecute (DefaultMaven.java:192)
    at org.apache.maven.DefaultMaven.execute (DefaultMaven.java:105)
    at org.apache.maven.cli.MavenCli.execute (MavenCli.java:957)
    at org.apache.maven.cli.MavenCli.doMain (MavenCli.java:289)
    at org.apache.maven.cli.MavenCli.main (MavenCli.java:193)
    at sun.reflect.NativeMethodAccessorImpl.invoke0 (Native Method)
    at sun.reflect.NativeMethodAccessorImpl.invoke (NativeMethodAccessorImpl.java:62)
    at sun.reflect.DelegatingMethodAccessorImpl.invoke (DelegatingMethodAccessorImpl.java:43)
    at java.lang.reflect.Method.invoke (Method.java:498)
    at org.codehaus.plexus.classworlds.launcher.Launcher.launchEnhanced (Launcher.java:282)
    at org.codehaus.plexus.classworlds.launcher.Launcher.launch (Launcher.java:225)
    at org.codehaus.plexus.classworlds.launcher.Launcher.mainWithExitCode (Launcher.java:406)
    at org.codehaus.plexus.classworlds.launcher.Launcher.main (Launcher.java:347)
[ERROR] 
[ERROR] Re-run Maven using the -X switch to enable full debug logging.
[ERROR] 
[ERROR] For more information about the errors and possible solutions, please read the following articles:
[ERROR] [Help 1] http://cwiki.apache.org/confluence/display/MAVEN/PluginConfigurationException
[INFO] Build failures were ignored.
