[INFO] Error stacktraces are turned on.
[INFO] Scanning for projects...
[WARNING] The project net.logstash.logback:logstash-logback-encoder:jar:4.8 uses prerequisites which is only intended for maven-plugin projects but not for non maven-plugin projects. For such purposes you should use the maven-enforcer-plugin. See https://maven.apache.org/enforcer/enforcer-rules/requireMavenVersion.html
[INFO] 
[INFO] -----------< net.logstash.logback:logstash-logback-encoder >------------
[INFO] Building Logstash Logback Encoder 4.8
[INFO] --------------------------------[ jar ]---------------------------------
[INFO] 
[INFO] --- maven-enforcer-plugin:1.4:enforce (enforce-maven) @ logstash-logback-encoder ---
[INFO] 
[INFO] --- maven-license-plugin:1.9.0:format (default) @ logstash-logback-encoder ---
[INFO] Updating license headers...
[INFO] 
[INFO] --- maven-resources-plugin:2.6:resources (default-resources) @ logstash-logback-encoder ---
[INFO] Using 'UTF-8' encoding to copy filtered resources.
[INFO] skip non existing resourceDirectory /tmp/tmp7zpzbtyz/logstash-logback-encoder/src/main/resources
[INFO] 
[INFO] --- maven-compiler-plugin:2.3.2:compile (default-compile) @ logstash-logback-encoder ---
[INFO] Compiling 104 source files to /tmp/tmp7zpzbtyz/logstash-logback-encoder/target/classes
[INFO] 
[INFO] --- maven-bundle-plugin:2.3.7:manifest (bundle-manifest) @ logstash-logback-encoder ---
[INFO] 
[INFO] --- maven-resources-plugin:2.6:testResources (default-testResources) @ logstash-logback-encoder ---
[INFO] Using 'UTF-8' encoding to copy filtered resources.
[INFO] Copying 1 resource
[INFO] 
[INFO] --- maven-compiler-plugin:2.3.2:testCompile (default-testCompile) @ logstash-logback-encoder ---
[INFO] Compiling 45 source files to /tmp/tmp7zpzbtyz/logstash-logback-encoder/target/test-classes
[INFO] 
[INFO] --- maven-surefire-plugin:2.12.4:test (default-test) @ logstash-logback-encoder ---
[INFO] Surefire report directory: /tmp/tmp7zpzbtyz/logstash-logback-encoder/target/surefire-reports

-------------------------------------------------------
 T E S T S
-------------------------------------------------------
Running net.logstash.logback.ConfigurationTest
18:20:11,776 |-INFO in ch.qos.logback.classic.LoggerContext[default] - Could NOT find resource [logback.groovy]
18:20:11,776 |-INFO in ch.qos.logback.classic.LoggerContext[default] - Found resource [logback-test.xml] at [file:/tmp/tmp7zpzbtyz/logstash-logback-encoder/target/test-classes/logback-test.xml]
18:20:11,833 |-INFO in ch.qos.logback.classic.joran.action.ContextNameAction - Setting logger context name as [testContext]
18:20:11,834 |-INFO in ch.qos.logback.core.joran.action.AppenderAction - About to instantiate appender of type [ch.qos.logback.core.rolling.RollingFileAppender]
18:20:11,836 |-INFO in ch.qos.logback.core.joran.action.AppenderAction - Naming appender as [stash]
18:20:11,862 |-INFO in c.q.l.core.rolling.TimeBasedRollingPolicy - No compression will be used
18:20:11,863 |-INFO in c.q.l.core.rolling.TimeBasedRollingPolicy - Will use the pattern /tmp/test.log.%d{yyyy-MM-dd}.log for the active file
18:20:11,865 |-INFO in c.q.l.core.rolling.DefaultTimeBasedFileNamingAndTriggeringPolicy - The date pattern is 'yyyy-MM-dd' from file name pattern '/tmp/test.log.%d{yyyy-MM-dd}.log'.
18:20:11,865 |-INFO in c.q.l.core.rolling.DefaultTimeBasedFileNamingAndTriggeringPolicy - Roll-over at midnight.
18:20:11,868 |-INFO in c.q.l.core.rolling.DefaultTimeBasedFileNamingAndTriggeringPolicy - Setting initial period to Thu Jul 30 18:20:11 UTC 2020
18:20:12,043 |-INFO in ch.qos.logback.core.rolling.RollingFileAppender[stash] - Active log file name: /tmp/test.log
18:20:12,044 |-INFO in ch.qos.logback.core.rolling.RollingFileAppender[stash] - File property is set to [/tmp/test.log]
18:20:12,044 |-INFO in ch.qos.logback.core.joran.action.AppenderAction - About to instantiate appender of type [ch.qos.logback.core.ConsoleAppender]
18:20:12,046 |-INFO in ch.qos.logback.core.joran.action.AppenderAction - Naming appender as [logstashEncoderAppender]
18:20:12,047 |-INFO in ch.qos.logback.core.joran.action.NestedComplexPropertyIA - Assuming default type [net.logstash.logback.fieldnames.LogstashFieldNames] for [fieldNames] property
18:20:12,067 |-INFO in ch.qos.logback.core.joran.action.NestedComplexPropertyIA - Assuming default type [net.logstash.logback.composite.loggingevent.LoggingEventJsonProviders] for [providers] property
18:20:12,082 |-INFO in ch.qos.logback.core.joran.action.AppenderAction - About to instantiate appender of type [ch.qos.logback.core.ConsoleAppender]
18:20:12,082 |-INFO in ch.qos.logback.core.joran.action.AppenderAction - Naming appender as [loggingEventCompositeJsonEncoderAppender]
18:20:12,082 |-INFO in ch.qos.logback.core.joran.action.NestedComplexPropertyIA - Assuming default type [net.logstash.logback.composite.loggingevent.LoggingEventJsonProviders] for [providers] property
18:20:12,083 |-INFO in ch.qos.logback.core.joran.action.NestedComplexPropertyIA - Assuming default type [net.logstash.logback.composite.loggingevent.LoggingEventFormattedTimestampJsonProvider] for [timestamp] property
18:20:12,085 |-INFO in ch.qos.logback.core.joran.action.NestedComplexPropertyIA - Assuming default type [net.logstash.logback.composite.LogstashVersionJsonProvider] for [version] property
18:20:12,086 |-INFO in ch.qos.logback.core.joran.action.NestedComplexPropertyIA - Assuming default type [net.logstash.logback.composite.loggingevent.MessageJsonProvider] for [message] property
18:20:12,087 |-INFO in ch.qos.logback.core.joran.action.NestedComplexPropertyIA - Assuming default type [net.logstash.logback.composite.loggingevent.LoggingEventNestedJsonProvider] for [nestedField] property
18:20:12,088 |-INFO in ch.qos.logback.core.joran.action.NestedComplexPropertyIA - Assuming default type [net.logstash.logback.composite.loggingevent.LoggingEventJsonProviders] for [providers] property
18:20:12,088 |-INFO in ch.qos.logback.core.joran.action.NestedComplexPropertyIA - Assuming default type [net.logstash.logback.composite.loggingevent.RawMessageJsonProvider] for [rawMessage] property
18:20:12,088 |-INFO in ch.qos.logback.core.joran.action.NestedComplexPropertyIA - Assuming default type [net.logstash.logback.composite.loggingevent.LoggerNameJsonProvider] for [loggerName] property
18:20:12,091 |-INFO in ch.qos.logback.core.joran.action.NestedComplexPropertyIA - Assuming default type [net.logstash.logback.composite.loggingevent.ThreadNameJsonProvider] for [threadName] property
18:20:12,092 |-INFO in ch.qos.logback.core.joran.action.NestedComplexPropertyIA - Assuming default type [net.logstash.logback.composite.loggingevent.LogLevelJsonProvider] for [logLevel] property
18:20:12,093 |-INFO in ch.qos.logback.core.joran.action.NestedComplexPropertyIA - Assuming default type [net.logstash.logback.composite.loggingevent.LogLevelValueJsonProvider] for [logLevelValue] property
18:20:12,094 |-INFO in ch.qos.logback.core.joran.action.NestedComplexPropertyIA - Assuming default type [net.logstash.logback.composite.loggingevent.CallerDataJsonProvider] for [callerData] property
18:20:12,117 |-INFO in ch.qos.logback.core.joran.action.NestedComplexPropertyIA - Assuming default type [net.logstash.logback.composite.loggingevent.StackTraceJsonProvider] for [stackTrace] property
18:20:12,119 |-INFO in ch.qos.logback.core.joran.action.NestedComplexPropertyIA - Assuming default type [net.logstash.logback.composite.ContextJsonProvider] for [context] property
18:20:12,120 |-INFO in ch.qos.logback.core.joran.action.NestedComplexPropertyIA - Assuming default type [net.logstash.logback.composite.loggingevent.ContextNameJsonProvider] for [contextName] property
18:20:12,120 |-INFO in ch.qos.logback.core.joran.action.NestedComplexPropertyIA - Assuming default type [net.logstash.logback.composite.loggingevent.JsonMessageJsonProvider] for [jsonMessage] property
18:20:12,121 |-INFO in ch.qos.logback.core.joran.action.NestedComplexPropertyIA - Assuming default type [net.logstash.logback.composite.loggingevent.MdcJsonProvider] for [mdc] property
18:20:12,122 |-INFO in ch.qos.logback.core.joran.action.NestedComplexPropertyIA - Assuming default type [net.logstash.logback.composite.loggingevent.ContextMapJsonProvider] for [contextMap] property
18:20:12,122 |-INFO in ch.qos.logback.core.joran.action.NestedComplexPropertyIA - Assuming default type [net.logstash.logback.composite.GlobalCustomFieldsJsonProvider] for [globalCustomFields] property
18:20:12,123 |-INFO in ch.qos.logback.core.joran.action.NestedComplexPropertyIA - Assuming default type [net.logstash.logback.composite.loggingevent.TagsJsonProvider] for [tags] property
18:20:12,124 |-INFO in ch.qos.logback.core.joran.action.NestedComplexPropertyIA - Assuming default type [net.logstash.logback.composite.loggingevent.LogstashMarkersJsonProvider] for [logstashMarkers] property
18:20:12,125 |-INFO in ch.qos.logback.core.joran.action.NestedComplexPropertyIA - Assuming default type [net.logstash.logback.composite.loggingevent.LoggingEventPatternJsonProvider] for [pattern] property
18:20:12,126 |-INFO in ch.qos.logback.core.joran.action.NestedComplexPropertyIA - Assuming default type [net.logstash.logback.composite.loggingevent.ArgumentsJsonProvider] for [arguments] property
18:20:12,127 |-INFO in ch.qos.logback.core.joran.action.AppenderAction - About to instantiate appender of type [ch.qos.logback.core.read.ListAppender]
18:20:12,127 |-INFO in ch.qos.logback.core.joran.action.AppenderAction - Naming appender as [listAppender]
18:20:12,127 |-INFO in ch.qos.logback.classic.joran.action.LoggerAction - Setting level of logger [net.logstash.logback.encoder.LogstashEncoderTest] to DEBUG
18:20:12,127 |-INFO in ch.qos.logback.core.joran.action.AppenderRefAction - Attaching appender named [stash] to Logger[net.logstash.logback.encoder.LogstashEncoderTest]
18:20:12,128 |-INFO in ch.qos.logback.classic.joran.action.LoggerAction - Setting level of logger [net.logstash.logback.ConfigurationTest] to DEBUG
18:20:12,128 |-INFO in ch.qos.logback.core.joran.action.AppenderRefAction - Attaching appender named [loggingEventCompositeJsonEncoderAppender] to Logger[net.logstash.logback.ConfigurationTest]
18:20:12,128 |-INFO in ch.qos.logback.core.joran.action.AppenderRefAction - Attaching appender named [logstashEncoderAppender] to Logger[net.logstash.logback.ConfigurationTest]
18:20:12,128 |-INFO in ch.qos.logback.core.joran.action.AppenderRefAction - Attaching appender named [listAppender] to Logger[net.logstash.logback.ConfigurationTest]
18:20:12,128 |-INFO in ch.qos.logback.classic.joran.action.ConfigurationAction - End of configuration.
18:20:12,129 |-INFO in ch.qos.logback.classic.joran.JoranConfigurator@45f45fa1 - Registering current configuration as safe fallback point
{"@timestamp":"2020-07-30T18:20:12.135+00:00","@version":1,"customMessage":"message arg k1=v1 k2=[v2] v3","nested":{"customRawMessage":"message {} {} {} {}"},"logger_name":"n.l.l.ConfigurationTest","thread_name":"main","level":"INFO","level_value":20000,"caller":{"class":"net.logstash.logback.ConfigurationTest","method":"verifyOutput","file":"ConfigurationTest.java","line":190},"stack_trace":"java.lang.Throwable: null\n\tat n.l.logback.ConfigurationTest.verifyOutput(ConfigurationTest.java:195)\n\tat n.l.logback.ConfigurationTest.testLogstashEncoderAppender(ConfigurationTest.java:84)\n\tat s.r.NativeMethodAccessorImpl.invoke0(NativeMethodAccessorImpl.java)\n\tat s.r.NativeMethodAccessorImpl.invoke(NativeMethodAccessorImpl.java:62)\n\tat s.r.DelegatingMethodAccessorImpl.invoke(DelegatingMethodAccessorImpl.java:43)\n\tat java.lang.reflect.Method.invoke(Method.java:498)\n\tat o.j.r.model.FrameworkMethod$1.runReflectiveCall(FrameworkMethod.java:50)\n\tat o.j.i.r.m.ReflectiveCallable.run(ReflectiveCallable.java:12)\n\tat o.j.r.model.FrameworkMethod.invokeExplosively(FrameworkMethod.java:47)\n\tat o.j.i.r.s.InvokeMethod.evaluate(InvokeMethod.java:17)\n\tat o.j.i.r.statements.RunBefores.evaluate(RunBefores.java:26)\n\tat org.junit.runners.ParentRunner.runLeaf(ParentRunner.java:325)\n\tat o.j.r.BlockJUnit4ClassRunner.runChild(BlockJUnit4ClassRunner.java:78)\n\tat o.j.r.BlockJUnit4ClassRunner.runChild(BlockJ...","HOSTNAME":"a0bb1baec4f5","context":"testContext","customName":"customValue","markerFieldName":"markerFieldValue","patternName":"patternValue","relativeTime":373,"prefix0":"arg","k1":"v1","k2":"v2","k3":"v3"}
{"@timestamp":"2020-07-30T18:20:12.135+00:00","@version":1,"customMessage":"message arg k1=v1 k2=[v2] v3","logger_name":"n.l.l.ConfigurationTest","thread_name":"main","level":"INFO","level_value":20000,"stack_trace":"java.lang.Throwable: null\n\tat n.l.logback.ConfigurationTest.verifyOutput(ConfigurationTest.java:195)\n\tat n.l.logback.ConfigurationTest.testLogstashEncoderAppender(ConfigurationTest.java:84)\n\tat s.r.NativeMethodAccessorImpl.invoke0(NativeMethodAccessorImpl.java)\n\tat s.r.NativeMethodAccessorImpl.invoke(NativeMethodAccessorImpl.java:62)\n\tat s.r.DelegatingMethodAccessorImpl.invoke(DelegatingMethodAccessorImpl.java:43)\n\tat java.lang.reflect.Method.invoke(Method.java:498)\n\tat o.j.r.model.FrameworkMethod$1.runReflectiveCall(FrameworkMethod.java:50)\n\tat o.j.i.r.m.ReflectiveCallable.run(ReflectiveCallable.java:12)\n\tat o.j.r.model.FrameworkMethod.invokeExplosively(FrameworkMethod.java:47)\n\tat o.j.i.r.s.InvokeMethod.evaluate(InvokeMethod.java:17)\n\tat o.j.i.r.statements.RunBefores.evaluate(RunBefores.java:26)\n\tat org.junit.runners.ParentRunner.runLeaf(ParentRunner.java:325)\n\tat o.j.r.BlockJUnit4ClassRunner.runChild(BlockJUnit4ClassRunner.java:78)\n\tat o.j.r.BlockJUnit4ClassRunner.runChild(BlockJ...","HOSTNAME":"a0bb1baec4f5","markerFieldName":"markerFieldValue","caller":{"class":"net.logstash.logback.ConfigurationTest","method":"verifyOutput","file":"ConfigurationTest.java","line":190},"customName":"customValue","patternName":"patternValue","relativeTime":373,"nested":{"customRawMessage":"message {} {} {} {}"},"prefix0":"arg","k1":"v1","k2":"v2","k3":"v3","context":"testContext"}
{"@timestamp":"2020-07-30T18:20:12.182+00:00","@version":1,"customMessage":"message arg k1=v1 k2=[v2] v3","nested":{"customRawMessage":"message {} {} {} {}"},"logger_name":"n.l.l.ConfigurationTest","thread_name":"main","level":"INFO","level_value":20000,"caller":{"class":"net.logstash.logback.ConfigurationTest","method":"verifyOutput","file":"ConfigurationTest.java","line":190},"stack_trace":"java.lang.Throwable: null\n\tat n.l.logback.ConfigurationTest.verifyOutput(ConfigurationTest.java:195)\n\tat n.l.logback.ConfigurationTest.testLoggingEventCompositeJsonEncoderAppender(ConfigurationTest.java:97)\n\tat s.r.NativeMethodAccessorImpl.invoke0(NativeMethodAccessorImpl.java)\n\tat s.r.NativeMethodAccessorImpl.invoke(NativeMethodAccessorImpl.java:62)\n\tat s.r.DelegatingMethodAccessorImpl.invoke(DelegatingMethodAccessorImpl.java:43)\n\tat java.lang.reflect.Method.invoke(Method.java:498)\n\tat o.j.r.model.FrameworkMethod$1.runReflectiveCall(FrameworkMethod.java:50)\n\tat o.j.i.r.m.ReflectiveCallable.run(ReflectiveCallable.java:12)\n\tat o.j.r.model.FrameworkMethod.invokeExplosively(FrameworkMethod.java:47)\n\tat o.j.i.r.s.InvokeMethod.evaluate(InvokeMethod.java:17)\n\tat o.j.i.r.statements.RunBefores.evaluate(RunBefores.java:26)\n\tat org.junit.runners.ParentRunner.runLeaf(ParentRunner.java:325)\n\tat o.j.r.BlockJUnit4ClassRunner.runChild(BlockJUnit4ClassRunner.java:78)\n\tat o.j.r.BlockJUnit4ClassRunne...","HOSTNAME":"a0bb1baec4f5","context":"testContext","customName":"customValue","markerFieldName":"markerFieldValue","patternName":"patternValue","relativeTime":420,"prefix0":"arg","k1":"v1","k2":"v2","k3":"v3"}
Tests run: 2, Failures: 0, Errors: 0, Skipped: 0, Time elapsed: 0.456 sec
Running net.logstash.logback.argument.StructuredArgumentsToStringTest
18:20:12,200 |-WARN in class net.logstash.logback.argument.StructuredArguments - Failed toString() invocation on an object of type [net.logstash.logback.argument.StructuredArgumentsToStringTest$BuguyToString] java.lang.NullPointerException: npe
	at java.lang.NullPointerException: npe
	at 	at net.logstash.logback.argument.StructuredArgumentsToStringTest$BuguyToString.toString(StructuredArgumentsToStringTest.java:32)
	at 	at java.lang.String.valueOf(String.java:2994)
	at 	at net.logstash.logback.argument.StructuredArguments.toString(StructuredArguments.java:206)
	at 	at net.logstash.logback.argument.StructuredArgumentsToStringTest.testToString(StructuredArgumentsToStringTest.java:58)
	at 	at sun.reflect.NativeMethodAccessorImpl.invoke0(Native Method)
	at 	at sun.reflect.NativeMethodAccessorImpl.invoke(NativeMethodAccessorImpl.java:62)
	at 	at sun.reflect.DelegatingMethodAccessorImpl.invoke(DelegatingMethodAccessorImpl.java:43)
	at 	at java.lang.reflect.Method.invoke(Method.java:498)
	at 	at org.junit.runners.model.FrameworkMethod$1.runReflectiveCall(FrameworkMethod.java:50)
	at 	at org.junit.internal.runners.model.ReflectiveCallable.run(ReflectiveCallable.java:12)
	at 	at org.junit.runners.model.FrameworkMethod.invokeExplosively(FrameworkMethod.java:47)
	at 	at org.junit.internal.runners.statements.InvokeMethod.evaluate(InvokeMethod.java:17)
	at 	at org.junit.runners.ParentRunner.runLeaf(ParentRunner.java:325)
	at 	at org.junit.runners.BlockJUnit4ClassRunner.runChild(BlockJUnit4ClassRunner.java:78)
	at 	at org.junit.runners.BlockJUnit4ClassRunner.runChild(BlockJUnit4ClassRunner.java:57)
	at 	at org.junit.runners.ParentRunner$3.run(ParentRunner.java:290)
	at 	at org.junit.runners.ParentRunner$1.schedule(ParentRunner.java:71)
	at 	at org.junit.runners.ParentRunner.runChildren(ParentRunner.java:288)
	at 	at org.junit.runners.ParentRunner.access$000(ParentRunner.java:58)
	at 	at org.junit.runners.ParentRunner$2.evaluate(ParentRunner.java:268)
	at 	at org.junit.runners.ParentRunner.run(ParentRunner.java:363)
	at 	at org.junit.runners.Suite.runChild(Suite.java:128)
	at 	at org.junit.runners.Suite.runChild(Suite.java:27)
	at 	at org.junit.runners.ParentRunner$3.run(ParentRunner.java:290)
	at 	at org.junit.runners.ParentRunner$1.schedule(ParentRunner.java:71)
	at 	at org.junit.runners.ParentRunner.runChildren(ParentRunner.java:288)
	at 	at org.junit.runners.ParentRunner.access$000(ParentRunner.java:58)
	at 	at org.junit.runners.ParentRunner$2.evaluate(ParentRunner.java:268)
	at 	at org.junit.runners.ParentRunner.run(ParentRunner.java:363)
	at 	at org.apache.maven.surefire.junit4.JUnit4Provider.execute(JUnit4Provider.java:252)
	at 	at org.apache.maven.surefire.junit4.JUnit4Provider.executeTestSet(JUnit4Provider.java:141)
	at 	at org.apache.maven.surefire.junit4.JUnit4Provider.invoke(JUnit4Provider.java:112)
	at 	at sun.reflect.NativeMethodAccessorImpl.invoke0(Native Method)
	at 	at sun.reflect.NativeMethodAccessorImpl.invoke(NativeMethodAccessorImpl.java:62)
	at 	at sun.reflect.DelegatingMethodAccessorImpl.invoke(DelegatingMethodAccessorImpl.java:43)
	at 	at java.lang.reflect.Method.invoke(Method.java:498)
	at 	at org.apache.maven.surefire.util.ReflectionUtils.invokeMethodWithArray(ReflectionUtils.java:189)
	at 	at org.apache.maven.surefire.booter.ProviderFactory$ProviderProxy.invoke(ProviderFactory.java:165)
	at 	at org.apache.maven.surefire.booter.ProviderFactory.invokeProvider(ProviderFactory.java:85)
	at 	at org.apache.maven.surefire.booter.ForkedBooter.runSuitesInProcess(ForkedBooter.java:115)
	at 	at org.apache.maven.surefire.booter.ForkedBooter.main(ForkedBooter.java:75)
SLF4J: Failed toString() invocation on an object of type [net.logstash.logback.argument.StructuredArgumentsToStringTest$BuguyToString]
Reported exception:
java.lang.NullPointerException: npe
	at net.logstash.logback.argument.StructuredArgumentsToStringTest$BuguyToString.toString(StructuredArgumentsToStringTest.java:32)
	at org.slf4j.helpers.MessageFormatter.safeObjectAppend(MessageFormatter.java:298)
	at org.slf4j.helpers.MessageFormatter.deeplyAppendParameter(MessageFormatter.java:270)
	at org.slf4j.helpers.MessageFormatter.arrayFormat(MessageFormatter.java:232)
	at org.slf4j.helpers.MessageFormatter.arrayFormat(MessageFormatter.java:172)
	at org.slf4j.helpers.MessageFormatter.format(MessageFormatter.java:124)
	at net.logstash.logback.argument.StructuredArgumentsToStringTest.testToString(StructuredArgumentsToStringTest.java:59)
	at sun.reflect.NativeMethodAccessorImpl.invoke0(Native Method)
	at sun.reflect.NativeMethodAccessorImpl.invoke(NativeMethodAccessorImpl.java:62)
	at sun.reflect.DelegatingMethodAccessorImpl.invoke(DelegatingMethodAccessorImpl.java:43)
	at java.lang.reflect.Method.invoke(Method.java:498)
	at org.junit.runners.model.FrameworkMethod$1.runReflectiveCall(FrameworkMethod.java:50)
	at org.junit.internal.runners.model.ReflectiveCallable.run(ReflectiveCallable.java:12)
	at org.junit.runners.model.FrameworkMethod.invokeExplosively(FrameworkMethod.java:47)
	at org.junit.internal.runners.statements.InvokeMethod.evaluate(InvokeMethod.java:17)
	at org.junit.runners.ParentRunner.runLeaf(ParentRunner.java:325)
	at org.junit.runners.BlockJUnit4ClassRunner.runChild(BlockJUnit4ClassRunner.java:78)
	at org.junit.runners.BlockJUnit4ClassRunner.runChild(BlockJUnit4ClassRunner.java:57)
	at org.junit.runners.ParentRunner$3.run(ParentRunner.java:290)
	at org.junit.runners.ParentRunner$1.schedule(ParentRunner.java:71)
	at org.junit.runners.ParentRunner.runChildren(ParentRunner.java:288)
	at org.junit.runners.ParentRunner.access$000(ParentRunner.java:58)
	at org.junit.runners.ParentRunner$2.evaluate(ParentRunner.java:268)
	at org.junit.runners.ParentRunner.run(ParentRunner.java:363)
	at org.junit.runners.Suite.runChild(Suite.java:128)
	at org.junit.runners.Suite.runChild(Suite.java:27)
	at org.junit.runners.ParentRunner$3.run(ParentRunner.java:290)
	at org.junit.runners.ParentRunner$1.schedule(ParentRunner.java:71)
	at org.junit.runners.ParentRunner.runChildren(ParentRunner.java:288)
	at org.junit.runners.ParentRunner.access$000(ParentRunner.java:58)
	at org.junit.runners.ParentRunner$2.evaluate(ParentRunner.java:268)
	at org.junit.runners.ParentRunner.run(ParentRunner.java:363)
	at org.apache.maven.surefire.junit4.JUnit4Provider.execute(JUnit4Provider.java:252)
	at org.apache.maven.surefire.junit4.JUnit4Provider.executeTestSet(JUnit4Provider.java:141)
	at org.apache.maven.surefire.junit4.JUnit4Provider.invoke(JUnit4Provider.java:112)
	at sun.reflect.NativeMethodAccessorImpl.invoke0(Native Method)
	at sun.reflect.NativeMethodAccessorImpl.invoke(NativeMethodAccessorImpl.java:62)
	at sun.reflect.DelegatingMethodAccessorImpl.invoke(DelegatingMethodAccessorImpl.java:43)
	at java.lang.reflect.Method.invoke(Method.java:498)
	at org.apache.maven.surefire.util.ReflectionUtils.invokeMethodWithArray(ReflectionUtils.java:189)
	at org.apache.maven.surefire.booter.ProviderFactory$ProviderProxy.invoke(ProviderFactory.java:165)
	at org.apache.maven.surefire.booter.ProviderFactory.invokeProvider(ProviderFactory.java:85)
	at org.apache.maven.surefire.booter.ForkedBooter.runSuitesInProcess(ForkedBooter.java:115)
	at org.apache.maven.surefire.booter.ForkedBooter.main(ForkedBooter.java:75)
18:20:12,207 |-WARN in class net.logstash.logback.argument.StructuredArguments - Failed toString() invocation on an object of type [net.logstash.logback.argument.StructuredArgumentsToStringTest$BuguyToString] java.lang.NullPointerException: npe
	at java.lang.NullPointerException: npe
	at 	at net.logstash.logback.argument.StructuredArgumentsToStringTest$BuguyToString.toString(StructuredArgumentsToStringTest.java:32)
	at 	at java.lang.String.valueOf(String.java:2994)
	at 	at net.logstash.logback.argument.StructuredArguments.toString(StructuredArguments.java:206)
	at 	at net.logstash.logback.argument.StructuredArgumentsToStringTest.testToString(StructuredArgumentsToStringTest.java:59)
	at 	at sun.reflect.NativeMethodAccessorImpl.invoke0(Native Method)
	at 	at sun.reflect.NativeMethodAccessorImpl.invoke(NativeMethodAccessorImpl.java:62)
	at 	at sun.reflect.DelegatingMethodAccessorImpl.invoke(DelegatingMethodAccessorImpl.java:43)
	at 	at java.lang.reflect.Method.invoke(Method.java:498)
	at 	at org.junit.runners.model.FrameworkMethod$1.runReflectiveCall(FrameworkMethod.java:50)
	at 	at org.junit.internal.runners.model.ReflectiveCallable.run(ReflectiveCallable.java:12)
	at 	at org.junit.runners.model.FrameworkMethod.invokeExplosively(FrameworkMethod.java:47)
	at 	at org.junit.internal.runners.statements.InvokeMethod.evaluate(InvokeMethod.java:17)
	at 	at org.junit.runners.ParentRunner.runLeaf(ParentRunner.java:325)
	at 	at org.junit.runners.BlockJUnit4ClassRunner.runChild(BlockJUnit4ClassRunner.java:78)
	at 	at org.junit.runners.BlockJUnit4ClassRunner.runChild(BlockJUnit4ClassRunner.java:57)
	at 	at org.junit.runners.ParentRunner$3.run(ParentRunner.java:290)
	at 	at org.junit.runners.ParentRunner$1.schedule(ParentRunner.java:71)
	at 	at org.junit.runners.ParentRunner.runChildren(ParentRunner.java:288)
	at 	at org.junit.runners.ParentRunner.access$000(ParentRunner.java:58)
	at 	at org.junit.runners.ParentRunner$2.evaluate(ParentRunner.java:268)
	at 	at org.junit.runners.ParentRunner.run(ParentRunner.java:363)
	at 	at org.junit.runners.Suite.runChild(Suite.java:128)
	at 	at org.junit.runners.Suite.runChild(Suite.java:27)
	at 	at org.junit.runners.ParentRunner$3.run(ParentRunner.java:290)
	at 	at org.junit.runners.ParentRunner$1.schedule(ParentRunner.java:71)
	at 	at org.junit.runners.ParentRunner.runChildren(ParentRunner.java:288)
	at 	at org.junit.runners.ParentRunner.access$000(ParentRunner.java:58)
	at 	at org.junit.runners.ParentRunner$2.evaluate(ParentRunner.java:268)
	at 	at org.junit.runners.ParentRunner.run(ParentRunner.java:363)
	at 	at org.apache.maven.surefire.junit4.JUnit4Provider.execute(JUnit4Provider.java:252)
	at 	at org.apache.maven.surefire.junit4.JUnit4Provider.executeTestSet(JUnit4Provider.java:141)
	at 	at org.apache.maven.surefire.junit4.JUnit4Provider.invoke(JUnit4Provider.java:112)
	at 	at sun.reflect.NativeMethodAccessorImpl.invoke0(Native Method)
	at 	at sun.reflect.NativeMethodAccessorImpl.invoke(NativeMethodAccessorImpl.java:62)
	at 	at sun.reflect.DelegatingMethodAccessorImpl.invoke(DelegatingMethodAccessorImpl.java:43)
	at 	at java.lang.reflect.Method.invoke(Method.java:498)
	at 	at org.apache.maven.surefire.util.ReflectionUtils.invokeMethodWithArray(ReflectionUtils.java:189)
	at 	at org.apache.maven.surefire.booter.ProviderFactory$ProviderProxy.invoke(ProviderFactory.java:165)
	at 	at org.apache.maven.surefire.booter.ProviderFactory.invokeProvider(ProviderFactory.java:85)
	at 	at org.apache.maven.surefire.booter.ForkedBooter.runSuitesInProcess(ForkedBooter.java:115)
	at 	at org.apache.maven.surefire.booter.ForkedBooter.main(ForkedBooter.java:75)
Tests run: 5, Failures: 0, Errors: 0, Skipped: 0, Time elapsed: 0.013 sec
Running net.logstash.logback.encoder.LogstashEncoderTest
Tests run: 31, Failures: 0, Errors: 0, Skipped: 0, Time elapsed: 0.153 sec
Running net.logstash.logback.encoder.CompositeJsonEncoderTest
Tests run: 5, Failures: 0, Errors: 0, Skipped: 0, Time elapsed: 0.042 sec
Running net.logstash.logback.encoder.LogstashAccessEncoderTest
Tests run: 6, Failures: 0, Errors: 0, Skipped: 0, Time elapsed: 0.012 sec
Running net.logstash.logback.marker.ObjectFieldsAppendingMarkerTest
Tests run: 4, Failures: 0, Errors: 0, Skipped: 0, Time elapsed: 0.009 sec
Running net.logstash.logback.marker.ObjectAppendingMarkerTest
Tests run: 3, Failures: 0, Errors: 0, Skipped: 0, Time elapsed: 0 sec
Running net.logstash.logback.marker.MapEntriesAppendingMarkerTest
Tests run: 3, Failures: 0, Errors: 0, Skipped: 0, Time elapsed: 0.001 sec
Running net.logstash.logback.marker.RawJsonAppendingMarkerTest
Tests run: 3, Failures: 0, Errors: 0, Skipped: 0, Time elapsed: 0 sec
Running net.logstash.logback.stacktrace.ShortenedThrowableConverterTest
Tests run: 11, Failures: 0, Errors: 0, Skipped: 0, Time elapsed: 0.008 sec
Running net.logstash.logback.composite.loggingevent.MdcJsonProviderTest
Tests run: 5, Failures: 0, Errors: 0, Skipped: 0, Time elapsed: 0.021 sec
Running net.logstash.logback.composite.loggingevent.CallerDataJsonProviderTest
Tests run: 6, Failures: 0, Errors: 0, Skipped: 0, Time elapsed: 0.013 sec
Running net.logstash.logback.composite.loggingevent.ContextNameJsonProviderTest
Tests run: 2, Failures: 0, Errors: 0, Skipped: 0, Time elapsed: 0.003 sec
Running net.logstash.logback.composite.loggingevent.LogstashMarkersJsonProviderTest
Tests run: 1, Failures: 0, Errors: 0, Skipped: 0, Time elapsed: 0.003 sec
Running net.logstash.logback.composite.loggingevent.TagsJsonProviderTest
Tests run: 3, Failures: 0, Errors: 0, Skipped: 0, Time elapsed: 0.005 sec
Running net.logstash.logback.composite.loggingevent.LoggingEventPatternJsonProviderTest
Tests run: 1, Failures: 0, Errors: 0, Skipped: 0, Time elapsed: 0.012 sec
Running net.logstash.logback.composite.loggingevent.LogLevelValueJsonProviderTest
Tests run: 3, Failures: 0, Errors: 0, Skipped: 0, Time elapsed: 0 sec
Running net.logstash.logback.composite.loggingevent.LoggerNameJsonProviderTest
Tests run: 4, Failures: 0, Errors: 0, Skipped: 0, Time elapsed: 0 sec
Running net.logstash.logback.composite.loggingevent.LoggingEventCompositeJsonFormatterTest
Tests run: 1, Failures: 0, Errors: 0, Skipped: 0, Time elapsed: 0.001 sec
Running net.logstash.logback.composite.loggingevent.MessageJsonProviderTest
Tests run: 3, Failures: 0, Errors: 0, Skipped: 0, Time elapsed: 0 sec
Running net.logstash.logback.composite.loggingevent.ThreadNameJsonProviderTest
Tests run: 3, Failures: 0, Errors: 0, Skipped: 0, Time elapsed: 0.001 sec
Running net.logstash.logback.composite.loggingevent.ArgumentsJsonProviderTest
Tests run: 4, Failures: 0, Errors: 0, Skipped: 0, Time elapsed: 0.003 sec
Running net.logstash.logback.composite.loggingevent.RawMessageJsonProviderTest
Tests run: 2, Failures: 0, Errors: 0, Skipped: 0, Time elapsed: 0 sec
Running net.logstash.logback.composite.loggingevent.LogLevelJsonProviderTest
Tests run: 3, Failures: 0, Errors: 0, Skipped: 0, Time elapsed: 0.001 sec
Running net.logstash.logback.composite.loggingevent.LoggingEventNestedJsonProviderTest
Tests run: 1, Failures: 0, Errors: 0, Skipped: 0, Time elapsed: 0.004 sec
Running net.logstash.logback.composite.loggingevent.StackTraceJsonProviderTest
Tests run: 3, Failures: 0, Errors: 0, Skipped: 0, Time elapsed: 0.006 sec
Running net.logstash.logback.composite.accessevent.ResponseHeadersJsonProviderTest
Tests run: 3, Failures: 0, Errors: 0, Skipped: 0, Time elapsed: 0.002 sec
Running net.logstash.logback.composite.accessevent.AccessEventPatternJsonProviderTest
Tests run: 1, Failures: 0, Errors: 0, Skipped: 0, Time elapsed: 0.003 sec
Running net.logstash.logback.composite.accessevent.RequestHeadersJsonProviderTest
Tests run: 3, Failures: 0, Errors: 0, Skipped: 0, Time elapsed: 0.002 sec
Running net.logstash.logback.composite.accessevent.AccessEventNestedJsonProviderTest
Tests run: 1, Failures: 0, Errors: 0, Skipped: 0, Time elapsed: 0.005 sec
Running net.logstash.logback.composite.LogstashVersionJsonProviderTest
Tests run: 6, Failures: 0, Errors: 0, Skipped: 0, Time elapsed: 0.002 sec
Running net.logstash.logback.composite.GlobalCustomFieldsJsonProviderTest
Tests run: 1, Failures: 0, Errors: 0, Skipped: 0, Time elapsed: 0 sec
Running net.logstash.logback.layout.CompositeJsonLayoutTest
Tests run: 4, Failures: 0, Errors: 0, Skipped: 0, Time elapsed: 0.006 sec
Running net.logstash.logback.appender.LogstashTcpSocketAppenderTest
Tests run: 13, Failures: 0, Errors: 0, Skipped: 0, Time elapsed: 0.865 sec
Running net.logstash.logback.appender.AsyncDisruptorAppenderTest
Tests run: 5, Failures: 0, Errors: 0, Skipped: 0, Time elapsed: 0.028 sec
Running net.logstash.logback.appender.DelegatingAsyncDisruptorAppenderTest
Tests run: 1, Failures: 0, Errors: 0, Skipped: 0, Time elapsed: 0.023 sec
Running net.logstash.logback.appender.DestinationParserTest
Tests run: 10, Failures: 0, Errors: 0, Skipped: 0, Time elapsed: 0.007 sec
Running net.logstash.logback.appender.WaitStrategyFactoryTest
Tests run: 21, Failures: 0, Errors: 0, Skipped: 0, Time elapsed: 0.007 sec
Running net.logstash.logback.appender.CachingAbbreviatorTest
Tests run: 1, Failures: 0, Errors: 0, Skipped: 0, Time elapsed: 0.002 sec
Running net.logstash.logback.appender.LogstashSocketAppenderTest
Tests run: 2, Failures: 0, Errors: 0, Skipped: 0, Time elapsed: 0.002 sec
Running net.logstash.logback.pattern.AccessEventJsonPatternParserTest
Tests run: 9, Failures: 0, Errors: 0, Skipped: 0, Time elapsed: 0.032 sec
Running net.logstash.logback.pattern.LoggingEventJsonPatternParserTest
Tests run: 9, Failures: 0, Errors: 0, Skipped: 0, Time elapsed: 0.023 sec

Results :

Tests run: 208, Failures: 0, Errors: 0, Skipped: 0

[INFO] 
[INFO] --- animal-sniffer-maven-plugin:1.15:check (ensure-java-1.6-compatible) @ logstash-logback-encoder ---
[INFO] Signature checking is skipped.
[INFO] 
[INFO] --- maven-jar-plugin:2.4:jar (default-jar) @ logstash-logback-encoder ---
[INFO] Building jar: /tmp/tmp7zpzbtyz/logstash-logback-encoder/target/logstash-logback-encoder-4.8.jar
[INFO] 
[INFO] >>> maven-source-plugin:2.1.2:jar (attach-sources) > generate-sources @ logstash-logback-encoder >>>
[INFO] 
[INFO] --- maven-enforcer-plugin:1.4:enforce (enforce-maven) @ logstash-logback-encoder ---
[INFO] 
[INFO] <<< maven-source-plugin:2.1.2:jar (attach-sources) < generate-sources @ logstash-logback-encoder <<<
[INFO] 
[INFO] 
[INFO] --- maven-source-plugin:2.1.2:jar (attach-sources) @ logstash-logback-encoder ---
[INFO] Building jar: /tmp/tmp7zpzbtyz/logstash-logback-encoder/target/logstash-logback-encoder-4.8-sources.jar
[INFO] 
[INFO] --- maven-shade-plugin:2.4.1:shade (default) @ logstash-logback-encoder ---
[INFO] Excluding ch.qos.logback:logback-core:jar:1.1.6 from the shaded jar.
[INFO] Excluding ch.qos.logback:logback-classic:jar:1.1.6 from the shaded jar.
[INFO] Excluding org.slf4j:slf4j-api:jar:1.7.18 from the shaded jar.
[INFO] Excluding ch.qos.logback:logback-access:jar:1.1.6 from the shaded jar.
[INFO] Excluding com.fasterxml.jackson.core:jackson-databind:jar:2.6.5 from the shaded jar.
[INFO] Excluding com.fasterxml.jackson.core:jackson-annotations:jar:2.6.0 from the shaded jar.
[INFO] Excluding com.fasterxml.jackson.core:jackson-core:jar:2.6.5 from the shaded jar.
[INFO] Including commons-lang:commons-lang:jar:2.6 in the shaded jar.
[INFO] Including com.lmax:disruptor:jar:3.3.4 in the shaded jar.
[INFO] Minimizing jar net.logstash.logback:logstash-logback-encoder:jar:4.8
[INFO] Minimized 357 -> 293
[INFO] Replacing original artifact with shaded artifact.
[INFO] Replacing /tmp/tmp7zpzbtyz/logstash-logback-encoder/target/logstash-logback-encoder-4.8.jar with /tmp/tmp7zpzbtyz/logstash-logback-encoder/target/logstash-logback-encoder-4.8-shaded.jar
[INFO] Dependency-reduced POM written at: /tmp/tmp7zpzbtyz/logstash-logback-encoder/dependency-reduced-pom.xml
[INFO] Dependency-reduced POM written at: /tmp/tmp7zpzbtyz/logstash-logback-encoder/dependency-reduced-pom.xml
[INFO] Dependency-reduced POM written at: /tmp/tmp7zpzbtyz/logstash-logback-encoder/dependency-reduced-pom.xml
[INFO] 
[INFO] --- maven-assembly-plugin:3.2.0:single (default) @ logstash-logback-encoder ---
[INFO] Building jar: /tmp/tmp7zpzbtyz/logstash-logback-encoder/target/logstash-logback-encoder-4.8-jar-with-dependencies.jar
[INFO] ------------------------------------------------------------------------
[INFO] BUILD SUCCESS
[INFO] ------------------------------------------------------------------------
[INFO] Total time:  25.368 s
[INFO] Finished at: 2020-07-30T18:20:25Z
[INFO] ------------------------------------------------------------------------
