[INFO] Error stacktraces are turned on.
[INFO] Scanning for projects...
[INFO] 
[INFO] ----------< org.sonarsource.samples:dcits-java-custom-rules >-----------
[INFO] Building SonarQube Java Custom Rules Example 1.0.0
[INFO] ----------------------------[ sonar-plugin ]----------------------------
[INFO] 
[INFO] --- sonar-packaging-maven-plugin:1.17:check (default-check) @ dcits-java-custom-rules ---
[INFO] 
[INFO] --- jacoco-maven-plugin:0.8.5:prepare-agent (default) @ dcits-java-custom-rules ---
[INFO] argLine set to -javaagent:/home/jdbl/.m2/repository/org/jacoco/org.jacoco.agent/0.8.5/org.jacoco.agent-0.8.5-runtime.jar=destfile=/tmp/tmp0ipw5qze/dcfs-java-custom-rules/target/jacoco.exec
[INFO] 
[INFO] --- maven-resources-plugin:3.1.0:resources (default-resources) @ dcits-java-custom-rules ---
[INFO] Using 'UTF-8' encoding to copy filtered resources.
[INFO] Copying 42 resources
[INFO] 
[INFO] --- maven-compiler-plugin:3.6.0:compile (default-compile) @ dcits-java-custom-rules ---
[INFO] Changes detected - recompiling the module!
[INFO] Compiling 27 source files to /tmp/tmp0ipw5qze/dcfs-java-custom-rules/target/classes
[INFO] /tmp/tmp0ipw5qze/dcfs-java-custom-rules/src/main/java/org/sonar/samples/java/MyJavaRulesPlugin.java: Some input files use or override a deprecated API.
[INFO] /tmp/tmp0ipw5qze/dcfs-java-custom-rules/src/main/java/org/sonar/samples/java/MyJavaRulesPlugin.java: Recompile with -Xlint:deprecation for details.
[INFO] -------------------------------------------------------------
[ERROR] COMPILATION ERROR : 
[INFO] -------------------------------------------------------------
[ERROR] /tmp/tmp0ipw5qze/dcfs-java-custom-rules/src/main/java/org/sonar/samples/java/MyJavaRulesPlugin.java:[30,22] cannot find symbol
  symbol:   class Context
  location: class org.sonar.samples.java.MyJavaRulesPlugin
[ERROR] /tmp/tmp0ipw5qze/dcfs-java-custom-rules/src/main/java/org/sonar/samples/java/MyJavaRulesPlugin.java:[27,8] org.sonar.samples.java.MyJavaRulesPlugin is not abstract and does not override abstract method getExtensions() in org.sonar.api.Plugin
[ERROR] /tmp/tmp0ipw5qze/dcfs-java-custom-rules/src/main/java/org/sonar/samples/java/MyJavaRulesPlugin.java:[29,3] method does not override or implement a method from a supertype
[ERROR] /tmp/tmp0ipw5qze/dcfs-java-custom-rules/src/main/java/org/sonar/samples/java/MyJavaRulesDefinition.java:[116,11] cannot find symbol
  symbol:   method setType(org.sonar.api.rules.RuleType)
  location: variable rule of type org.sonar.api.server.rule.RulesDefinition.NewRule
[ERROR] /tmp/tmp0ipw5qze/dcfs-java-custom-rules/src/main/java/org/sonar/samples/java/MyJavaRulesDefinition.java:[120,13] cannot find symbol
  symbol:   method setGapDescription(java.lang.String)
  location: variable rule of type org.sonar.api.server.rule.RulesDefinition.NewRule
[INFO] 5 errors 
[INFO] -------------------------------------------------------------
[INFO] ------------------------------------------------------------------------
[INFO] BUILD FAILURE
[INFO] ------------------------------------------------------------------------
[INFO] Total time:  17.636 s
[INFO] Finished at: 2020-08-03T11:25:45Z
[INFO] ------------------------------------------------------------------------
[ERROR] Failed to execute goal org.apache.maven.plugins:maven-compiler-plugin:3.6.0:compile (default-compile) on project dcits-java-custom-rules: Compilation failure: Compilation failure: 
[ERROR] /tmp/tmp0ipw5qze/dcfs-java-custom-rules/src/main/java/org/sonar/samples/java/MyJavaRulesPlugin.java:[30,22] cannot find symbol
[ERROR]   symbol:   class Context
[ERROR]   location: class org.sonar.samples.java.MyJavaRulesPlugin
[ERROR] /tmp/tmp0ipw5qze/dcfs-java-custom-rules/src/main/java/org/sonar/samples/java/MyJavaRulesPlugin.java:[27,8] org.sonar.samples.java.MyJavaRulesPlugin is not abstract and does not override abstract method getExtensions() in org.sonar.api.Plugin
[ERROR] /tmp/tmp0ipw5qze/dcfs-java-custom-rules/src/main/java/org/sonar/samples/java/MyJavaRulesPlugin.java:[29,3] method does not override or implement a method from a supertype
[ERROR] /tmp/tmp0ipw5qze/dcfs-java-custom-rules/src/main/java/org/sonar/samples/java/MyJavaRulesDefinition.java:[116,11] cannot find symbol
[ERROR]   symbol:   method setType(org.sonar.api.rules.RuleType)
[ERROR]   location: variable rule of type org.sonar.api.server.rule.RulesDefinition.NewRule
[ERROR] /tmp/tmp0ipw5qze/dcfs-java-custom-rules/src/main/java/org/sonar/samples/java/MyJavaRulesDefinition.java:[120,13] cannot find symbol
[ERROR]   symbol:   method setGapDescription(java.lang.String)
[ERROR]   location: variable rule of type org.sonar.api.server.rule.RulesDefinition.NewRule
[ERROR] -> [Help 1]
org.apache.maven.lifecycle.LifecycleExecutionException: Failed to execute goal org.apache.maven.plugins:maven-compiler-plugin:3.6.0:compile (default-compile) on project dcits-java-custom-rules: Compilation failure
    at org.apache.maven.lifecycle.internal.MojoExecutor.execute (MojoExecutor.java:215)
    at org.apache.maven.lifecycle.internal.MojoExecutor.execute (MojoExecutor.java:156)
    at org.apache.maven.lifecycle.internal.MojoExecutor.execute (MojoExecutor.java:148)
    at org.apache.maven.lifecycle.internal.LifecycleModuleBuilder.buildProject (LifecycleModuleBuilder.java:117)
    at org.apache.maven.lifecycle.internal.LifecycleModuleBuilder.buildProject (LifecycleModuleBuilder.java:81)
    at org.apache.maven.lifecycle.internal.builder.singlethreaded.SingleThreadedBuilder.build (SingleThreadedBuilder.java:56)
    at org.apache.maven.lifecycle.internal.LifecycleStarter.execute (LifecycleStarter.java:128)
    at org.apache.maven.DefaultMaven.doExecute (DefaultMaven.java:305)
    at org.apache.maven.DefaultMaven.doExecute (DefaultMaven.java:192)
    at org.apache.maven.DefaultMaven.execute (DefaultMaven.java:105)
    at org.apache.maven.cli.MavenCli.execute (MavenCli.java:957)
    at org.apache.maven.cli.MavenCli.doMain (MavenCli.java:289)
    at org.apache.maven.cli.MavenCli.main (MavenCli.java:193)
    at sun.reflect.NativeMethodAccessorImpl.invoke0 (Native Method)
    at sun.reflect.NativeMethodAccessorImpl.invoke (NativeMethodAccessorImpl.java:62)
    at sun.reflect.DelegatingMethodAccessorImpl.invoke (DelegatingMethodAccessorImpl.java:43)
    at java.lang.reflect.Method.invoke (Method.java:498)
    at org.codehaus.plexus.classworlds.launcher.Launcher.launchEnhanced (Launcher.java:282)
    at org.codehaus.plexus.classworlds.launcher.Launcher.launch (Launcher.java:225)
    at org.codehaus.plexus.classworlds.launcher.Launcher.mainWithExitCode (Launcher.java:406)
    at org.codehaus.plexus.classworlds.launcher.Launcher.main (Launcher.java:347)
Caused by: org.apache.maven.plugin.compiler.CompilationFailureException: Compilation failure
    at org.apache.maven.plugin.compiler.AbstractCompilerMojo.execute (AbstractCompilerMojo.java:1029)
    at org.apache.maven.plugin.compiler.CompilerMojo.execute (CompilerMojo.java:137)
    at org.apache.maven.plugin.DefaultBuildPluginManager.executeMojo (DefaultBuildPluginManager.java:137)
    at org.apache.maven.lifecycle.internal.MojoExecutor.execute (MojoExecutor.java:210)
    at org.apache.maven.lifecycle.internal.MojoExecutor.execute (MojoExecutor.java:156)
    at org.apache.maven.lifecycle.internal.MojoExecutor.execute (MojoExecutor.java:148)
    at org.apache.maven.lifecycle.internal.LifecycleModuleBuilder.buildProject (LifecycleModuleBuilder.java:117)
    at org.apache.maven.lifecycle.internal.LifecycleModuleBuilder.buildProject (LifecycleModuleBuilder.java:81)
    at org.apache.maven.lifecycle.internal.builder.singlethreaded.SingleThreadedBuilder.build (SingleThreadedBuilder.java:56)
    at org.apache.maven.lifecycle.internal.LifecycleStarter.execute (LifecycleStarter.java:128)
    at org.apache.maven.DefaultMaven.doExecute (DefaultMaven.java:305)
    at org.apache.maven.DefaultMaven.doExecute (DefaultMaven.java:192)
    at org.apache.maven.DefaultMaven.execute (DefaultMaven.java:105)
    at org.apache.maven.cli.MavenCli.execute (MavenCli.java:957)
    at org.apache.maven.cli.MavenCli.doMain (MavenCli.java:289)
    at org.apache.maven.cli.MavenCli.main (MavenCli.java:193)
    at sun.reflect.NativeMethodAccessorImpl.invoke0 (Native Method)
    at sun.reflect.NativeMethodAccessorImpl.invoke (NativeMethodAccessorImpl.java:62)
    at sun.reflect.DelegatingMethodAccessorImpl.invoke (DelegatingMethodAccessorImpl.java:43)
    at java.lang.reflect.Method.invoke (Method.java:498)
    at org.codehaus.plexus.classworlds.launcher.Launcher.launchEnhanced (Launcher.java:282)
    at org.codehaus.plexus.classworlds.launcher.Launcher.launch (Launcher.java:225)
    at org.codehaus.plexus.classworlds.launcher.Launcher.mainWithExitCode (Launcher.java:406)
    at org.codehaus.plexus.classworlds.launcher.Launcher.main (Launcher.java:347)
[ERROR] 
[ERROR] Re-run Maven using the -X switch to enable full debug logging.
[ERROR] 
[ERROR] For more information about the errors and possible solutions, please read the following articles:
[ERROR] [Help 1] http://cwiki.apache.org/confluence/display/MAVEN/MojoFailureException
[INFO] Build failures were ignored.
