[INFO] Error stacktraces are turned on.
[INFO] Scanning for projects...
[INFO] 
[INFO] ----------------------< com.github.wks.jhql:jhql >----------------------
[INFO] Building jhql 0.0.1
[INFO] --------------------------------[ jar ]---------------------------------
[INFO] 
[INFO] --- jacoco-maven-plugin:0.8.5:prepare-agent (default) @ jhql ---
[INFO] argLine set to -javaagent:/home/jdbl/.m2/repository/org/jacoco/org.jacoco.agent/0.8.5/org.jacoco.agent-0.8.5-runtime.jar=destfile=/tmp/tmpul9uzie3/jhql/target/jacoco.exec
[INFO] 
[INFO] --- maven-resources-plugin:2.6:resources (default-resources) @ jhql ---
[INFO] Using 'UTF-8' encoding to copy filtered resources.
[INFO] skip non existing resourceDirectory /tmp/tmpul9uzie3/jhql/src/main/resources
[INFO] 
[INFO] --- maven-compiler-plugin:3.1:compile (default-compile) @ jhql ---
[INFO] Changes detected - recompiling the module!
[INFO] Compiling 20 source files to /tmp/tmpul9uzie3/jhql/target/classes
[INFO] 
[INFO] --- maven-resources-plugin:2.6:testResources (default-testResources) @ jhql ---
[INFO] Using 'UTF-8' encoding to copy filtered resources.
[INFO] Copying 10 resources
[INFO] 
[INFO] --- maven-compiler-plugin:3.1:testCompile (default-testCompile) @ jhql ---
[INFO] Changes detected - recompiling the module!
[INFO] Compiling 2 source files to /tmp/tmpul9uzie3/jhql/target/test-classes
[INFO] 
[INFO] --- maven-surefire-plugin:2.19.1:test (default-test) @ jhql ---
[INFO] Surefire report directory: /tmp/tmpul9uzie3/jhql/target/surefire-reports

-------------------------------------------------------
 T E S T S
-------------------------------------------------------
Running org.github.wks.jhql.SingleQueryerTest
Tests run: 1, Failures: 0, Errors: 0, Skipped: 0, Time elapsed: 0.434 sec - in org.github.wks.jhql.SingleQueryerTest
Running org.github.wks.jhql.ErrorsTest
Error for error-badstringexpression.jhql: Illegal JHQL string expression: int//div
Error for error-badxpath.jhql: Cannot set property 'value' on Queryer type 'text'.
        >> caused by: java.lang.reflect.InvocationTargetException: null
        >> caused by: java.lang.IllegalArgumentException: Illegal xPath: /a/b/c/[
        >> caused by: org.jaxen.XPathSyntaxException: Expected one of '.', '..', '@', '*', <QName>
        >> caused by: org.jaxen.saxpath.XPathSyntaxException: Expected one of '.', '..', '@', '*', <QName>
Error for error-badexpression.jhql: Illegal JHQL expression: 42
Error for error-badproperty.jhql: Unexpected property 'nosuchproperty' on Queryer type 'text'.
Error for error-missingrequired.jhql: Property 'value' is required for Queryer type 'int'.
Error for error-unknowntype.jhql: Unsupported queryer type: 'nonexisting'.
Error for error-badproperty3.jhql: Cannot set property 'value' on Queryer type 'int'.
        >> caused by: java.lang.IllegalArgumentException: argument type mismatch
Error for error-badproperty2.jhql: Cannot set property 'grep' on Queryer type 'int'.
        >> caused by: java.lang.reflect.InvocationTargetException: null
        >> caused by: java.lang.IllegalArgumentException: The 'grep' property of a ScalarQueryer must have exactly 1 capturing group.
Error for error-badtype.jhql: '_type' field must be a string.
Tests run: 10, Failures: 0, Errors: 0, Skipped: 0, Time elapsed: 0.014 sec - in org.github.wks.jhql.ErrorsTest

Results :

Tests run: 11, Failures: 0, Errors: 0, Skipped: 0

[INFO] 
[INFO] --- jacoco-maven-plugin:0.8.5:report (report) @ jhql ---
[INFO] Loading execution data file /tmp/tmpul9uzie3/jhql/target/jacoco.exec
[INFO] Analyzed bundle 'jhql' with 140 classes
[INFO] ------------------------------------------------------------------------
[INFO] BUILD SUCCESS
[INFO] ------------------------------------------------------------------------
[INFO] Total time:  3.610 s
[INFO] Finished at: 2020-07-30T16:18:42Z
[INFO] ------------------------------------------------------------------------
