[INFO] Error stacktraces are turned on.
[INFO] Scanning for projects...
[INFO] 
[INFO] ---------------< cc.shanruifeng:presto-third-functions >----------------
[INFO] Building presto-third-functions 0.5.1
[INFO] --------------------------------[ jar ]---------------------------------
[INFO] 
[INFO] --- jacoco-maven-plugin:0.8.5:prepare-agent (default) @ presto-third-functions ---
[INFO] argLine set to -javaagent:/home/jdbl/.m2/repository/org/jacoco/org.jacoco.agent/0.8.5/org.jacoco.agent-0.8.5-runtime.jar=destfile=/tmp/tmp6gbzkbsb/presto-third-functions/target/jacoco.exec
[INFO] 
[INFO] --- maven-resources-plugin:2.6:resources (default-resources) @ presto-third-functions ---
[INFO] Using 'UTF-8' encoding to copy filtered resources.
[INFO] Copying 3 resources
[INFO] 
[INFO] --- maven-compiler-plugin:3.1:compile (default-compile) @ presto-third-functions ---
[INFO] Changes detected - recompiling the module!
[INFO] Compiling 21 source files to /tmp/tmp6gbzkbsb/presto-third-functions/target/classes
[WARNING] /tmp/tmp6gbzkbsb/presto-third-functions/src/main/java/cc/shanruifeng/functions/udfs/presto/json/JsonExtract.java: Some input files use or override a deprecated API.
[WARNING] /tmp/tmp6gbzkbsb/presto-third-functions/src/main/java/cc/shanruifeng/functions/udfs/presto/json/JsonExtract.java: Recompile with -Xlint:deprecation for details.
[INFO] 
[INFO] --- maven-resources-plugin:2.6:testResources (default-testResources) @ presto-third-functions ---
[INFO] Using 'UTF-8' encoding to copy filtered resources.
[INFO] skip non existing resourceDirectory /tmp/tmp6gbzkbsb/presto-third-functions/src/test/resources
[INFO] 
[INFO] --- maven-compiler-plugin:3.1:testCompile (default-testCompile) @ presto-third-functions ---
[INFO] Changes detected - recompiling the module!
[INFO] Compiling 12 source files to /tmp/tmp6gbzkbsb/presto-third-functions/target/test-classes
[WARNING] /tmp/tmp6gbzkbsb/presto-third-functions/src/test/java/cc/shanruifeng/functions/udfs/scalar/date/ChinaTypeOfDayFunctionTest.java: Some input files use or override a deprecated API.
[WARNING] /tmp/tmp6gbzkbsb/presto-third-functions/src/test/java/cc/shanruifeng/functions/udfs/scalar/date/ChinaTypeOfDayFunctionTest.java: Recompile with -Xlint:deprecation for details.
[INFO] 
[INFO] --- maven-surefire-plugin:2.19.1:test (default-test) @ presto-third-functions ---
[INFO] Surefire report directory: /tmp/tmp6gbzkbsb/presto-third-functions/target/surefire-reports

-------------------------------------------------------
 T E S T S
-------------------------------------------------------
Running cc.shanruifeng.functions.udfs.scalar.IsNullFunctionsTest
Tests run: 6, Failures: 0, Errors: 1, Skipped: 0, Time elapsed: 1.282 sec <<< FAILURE! - in cc.shanruifeng.functions.udfs.scalar.IsNullFunctionsTest
testIsNullBlock(cc.shanruifeng.functions.udfs.scalar.IsNullFunctionsTest)  Time elapsed: 0.294 sec  <<< ERROR!
java.lang.ExceptionInInitializerError
	at cc.shanruifeng.functions.udfs.scalar.IsNullFunctionsTest.testIsNullBlock(IsNullFunctionsTest.java:51)
Caused by: java.lang.IllegalArgumentException: Cannot determine size of boolean[] because it contains an array
	at cc.shanruifeng.functions.udfs.scalar.IsNullFunctionsTest.testIsNullBlock(IsNullFunctionsTest.java:51)

Running cc.shanruifeng.functions.udfs.scalar.array.ArrayValueCountFunctionTest
Tests run: 6, Failures: 0, Errors: 5, Skipped: 0, Time elapsed: 0.16 sec <<< FAILURE! - in cc.shanruifeng.functions.udfs.scalar.array.ArrayValueCountFunctionTest
testValueCountLong(cc.shanruifeng.functions.udfs.scalar.array.ArrayValueCountFunctionTest)  Time elapsed: 0.015 sec  <<< ERROR!
java.lang.NoClassDefFoundError: Could not initialize class com.facebook.presto.spi.block.BlockBuilderStatus
	at cc.shanruifeng.functions.udfs.scalar.array.ArrayValueCountFunctionTest.testValueCountLong(ArrayValueCountFunctionTest.java:69)

testValueCountBoolean(cc.shanruifeng.functions.udfs.scalar.array.ArrayValueCountFunctionTest)  Time elapsed: 0.006 sec  <<< ERROR!
java.lang.NoClassDefFoundError: Could not initialize class com.facebook.presto.spi.block.BlockBuilderStatus
	at cc.shanruifeng.functions.udfs.scalar.array.ArrayValueCountFunctionTest.testValueCountBoolean(ArrayValueCountFunctionTest.java:82)

testValueCountDouble(cc.shanruifeng.functions.udfs.scalar.array.ArrayValueCountFunctionTest)  Time elapsed: 0 sec  <<< ERROR!
java.lang.NoClassDefFoundError: Could not initialize class com.facebook.presto.spi.block.BlockBuilderStatus
	at cc.shanruifeng.functions.udfs.scalar.array.ArrayValueCountFunctionTest.testValueCountDouble(ArrayValueCountFunctionTest.java:95)

testValueCountArray(cc.shanruifeng.functions.udfs.scalar.array.ArrayValueCountFunctionTest)  Time elapsed: 0.002 sec  <<< ERROR!
java.lang.NoClassDefFoundError: Could not initialize class com.facebook.presto.spi.block.BlockBuilderStatus
	at cc.shanruifeng.functions.udfs.scalar.array.ArrayValueCountFunctionTest.testValueCountArray(ArrayValueCountFunctionTest.java:41)

testValueCountSlice(cc.shanruifeng.functions.udfs.scalar.array.ArrayValueCountFunctionTest)  Time elapsed: 0 sec  <<< ERROR!
java.lang.NoClassDefFoundError: Could not initialize class com.facebook.presto.spi.block.BlockBuilderStatus
	at cc.shanruifeng.functions.udfs.scalar.array.ArrayValueCountFunctionTest.testValueCountSlice(ArrayValueCountFunctionTest.java:56)

Running cc.shanruifeng.functions.udfs.scalar.geographic.GeographicFunctionsTest
Tests run: 1, Failures: 0, Errors: 0, Skipped: 0, Time elapsed: 0.036 sec - in cc.shanruifeng.functions.udfs.scalar.geographic.GeographicFunctionsTest
Running cc.shanruifeng.functions.udfs.scalar.json.JsonArrayExtractFunctionTest
Tests run: 2, Failures: 0, Errors: 1, Skipped: 0, Time elapsed: 0.007 sec <<< FAILURE! - in cc.shanruifeng.functions.udfs.scalar.json.JsonArrayExtractFunctionTest
testVarcharJsonExtract(cc.shanruifeng.functions.udfs.scalar.json.JsonArrayExtractFunctionTest)  Time elapsed: 0 sec  <<< ERROR!
java.lang.NoClassDefFoundError: Could not initialize class com.facebook.presto.spi.block.BlockBuilderStatus
	at cc.shanruifeng.functions.udfs.scalar.json.JsonArrayExtractFunctionTest.testVarcharJsonExtract(JsonArrayExtractFunctionTest.java:37)

Running cc.shanruifeng.functions.udfs.scalar.map.MapValueCountFunctionTest
Tests run: 6, Failures: 0, Errors: 5, Skipped: 0, Time elapsed: 0.143 sec <<< FAILURE! - in cc.shanruifeng.functions.udfs.scalar.map.MapValueCountFunctionTest
testValueCount(cc.shanruifeng.functions.udfs.scalar.map.MapValueCountFunctionTest)  Time elapsed: 0.074 sec  <<< ERROR!
java.lang.NoClassDefFoundError: Could not initialize class com.facebook.presto.spi.block.BlockBuilderStatus
	at cc.shanruifeng.functions.udfs.scalar.map.MapValueCountFunctionTest.testValueCount(MapValueCountFunctionTest.java:45)

testValueCount1(cc.shanruifeng.functions.udfs.scalar.map.MapValueCountFunctionTest)  Time elapsed: 0.028 sec  <<< ERROR!
java.lang.NoClassDefFoundError: Could not initialize class com.facebook.presto.spi.block.BlockBuilderStatus
	at cc.shanruifeng.functions.udfs.scalar.map.MapValueCountFunctionTest.testValueCount1(MapValueCountFunctionTest.java:70)

testValueCount2(cc.shanruifeng.functions.udfs.scalar.map.MapValueCountFunctionTest)  Time elapsed: 0 sec  <<< ERROR!
java.lang.NoClassDefFoundError: Could not initialize class com.facebook.presto.spi.block.BlockBuilderStatus
	at cc.shanruifeng.functions.udfs.scalar.map.MapValueCountFunctionTest.testValueCount2(MapValueCountFunctionTest.java:88)

testValueCount3(cc.shanruifeng.functions.udfs.scalar.map.MapValueCountFunctionTest)  Time elapsed: 0.001 sec  <<< ERROR!
java.lang.NoClassDefFoundError: Could not initialize class com.facebook.presto.spi.block.BlockBuilderStatus
	at cc.shanruifeng.functions.udfs.scalar.map.MapValueCountFunctionTest.testValueCount3(MapValueCountFunctionTest.java:106)

testValueCount4(cc.shanruifeng.functions.udfs.scalar.map.MapValueCountFunctionTest)  Time elapsed: 0 sec  <<< ERROR!
java.lang.NoClassDefFoundError: Could not initialize class com.facebook.presto.spi.block.BlockBuilderStatus
	at cc.shanruifeng.functions.udfs.scalar.map.MapValueCountFunctionTest.testValueCount4(MapValueCountFunctionTest.java:123)

Running cc.shanruifeng.functions.udfs.scalar.string.HashFunctionsTest
Tests run: 3, Failures: 0, Errors: 0, Skipped: 0, Time elapsed: 0.068 sec - in cc.shanruifeng.functions.udfs.scalar.string.HashFunctionsTest
Running cc.shanruifeng.functions.udfs.scalar.string.ChineseToPinYinFunctionsTest
Tests run: 2, Failures: 0, Errors: 0, Skipped: 0, Time elapsed: 0.095 sec - in cc.shanruifeng.functions.udfs.scalar.string.ChineseToPinYinFunctionsTest
Running cc.shanruifeng.functions.udfs.scalar.string.ChinaIdCardFunctionsTest
Tests run: 8, Failures: 0, Errors: 0, Skipped: 0, Time elapsed: 0.917 sec - in cc.shanruifeng.functions.udfs.scalar.string.ChinaIdCardFunctionsTest
Running cc.shanruifeng.functions.udfs.scalar.date.ChinaTypeOfDayFunctionTest
Tests run: 2, Failures: 0, Errors: 0, Skipped: 0, Time elapsed: 0.102 sec - in cc.shanruifeng.functions.udfs.scalar.date.ChinaTypeOfDayFunctionTest
Running cc.shanruifeng.functions.udfs.scalar.date.DayOfWeekFunctionsTest
Tests run: 2, Failures: 0, Errors: 0, Skipped: 0, Time elapsed: 0.004 sec - in cc.shanruifeng.functions.udfs.scalar.date.DayOfWeekFunctionsTest
Running cc.shanruifeng.functions.udfs.scalar.date.ZodiacSignFunctionsTest
Tests run: 3, Failures: 0, Errors: 0, Skipped: 0, Time elapsed: 0.039 sec - in cc.shanruifeng.functions.udfs.scalar.date.ZodiacSignFunctionsTest

Results :

Tests in error: 
  IsNullFunctionsTest.testIsNullBlock:51 ExceptionInInitializer
  ArrayValueCountFunctionTest.testValueCountArray:41 » NoClassDefFound Could not...
  ArrayValueCountFunctionTest.testValueCountBoolean:82 » NoClassDefFound Could n...
  ArrayValueCountFunctionTest.testValueCountDouble:95 » NoClassDefFound Could no...
  ArrayValueCountFunctionTest.testValueCountLong:69 » NoClassDefFound Could not ...
  ArrayValueCountFunctionTest.testValueCountSlice:56 » NoClassDefFound Could not...
  JsonArrayExtractFunctionTest.testVarcharJsonExtract:37 » NoClassDefFound Could...
  MapValueCountFunctionTest.testValueCount:45 » NoClassDefFound Could not initia...
  MapValueCountFunctionTest.testValueCount1:70 » NoClassDefFound Could not initi...
  MapValueCountFunctionTest.testValueCount2:88 » NoClassDefFound Could not initi...
  MapValueCountFunctionTest.testValueCount3:106 » NoClassDefFound Could not init...
  MapValueCountFunctionTest.testValueCount4:123 » NoClassDefFound Could not init...

Tests run: 41, Failures: 0, Errors: 12, Skipped: 0

[ERROR] There are test failures.

Please refer to /tmp/tmp6gbzkbsb/presto-third-functions/target/surefire-reports for the individual test results.
[INFO] 
[INFO] --- jacoco-maven-plugin:0.8.5:report (report) @ presto-third-functions ---
[INFO] Loading execution data file /tmp/tmp6gbzkbsb/presto-third-functions/target/jacoco.exec
[INFO] Analyzed bundle 'presto-third-functions' with 279 classes
[INFO] ------------------------------------------------------------------------
[INFO] BUILD SUCCESS
[INFO] ------------------------------------------------------------------------
[INFO] Total time:  26.016 s
[INFO] Finished at: 2020-07-30T22:08:00Z
[INFO] ------------------------------------------------------------------------
