[INFO] Error stacktraces are turned on.
[INFO] Scanning for projects...
[INFO] Inspecting build with total of 1 modules...
[INFO] Installing Nexus Staging features:
[INFO]   ... total of 1 executions of maven-deploy-plugin replaced with nexus-staging-maven-plugin
[INFO] 
[INFO] ------< com.societegenerale.commons:arch-unit-build-plugin-core >-------
[INFO] Building ArchUnit plugin core 2.5.4-SNAPSHOT
[INFO] --------------------------------[ jar ]---------------------------------
[INFO] 
[INFO] --- jacoco-maven-plugin:0.8.5:prepare-agent (default) @ arch-unit-build-plugin-core ---
[INFO] argLine set to -javaagent:/home/jdbl/.m2/repository/org/jacoco/org.jacoco.agent/0.8.5/org.jacoco.agent-0.8.5-runtime.jar=destfile=/tmp/tmpkfhv47m4/arch-unit-build-plugin-core/target/jacoco.exec
[INFO] 
[INFO] --- maven-resources-plugin:3.1.0:resources (default-resources) @ arch-unit-build-plugin-core ---
[INFO] Using 'UTF-8' encoding to copy filtered resources.
[INFO] skip non existing resourceDirectory /tmp/tmpkfhv47m4/arch-unit-build-plugin-core/src/main/resources
[INFO] 
[INFO] --- maven-compiler-plugin:3.8.1:compile (default-compile) @ arch-unit-build-plugin-core ---
[INFO] Changes detected - recompiling the module!
[INFO] Compiling 32 source files to /tmp/tmpkfhv47m4/arch-unit-build-plugin-core/target/classes
[INFO] /tmp/tmpkfhv47m4/arch-unit-build-plugin-core/src/main/java/com/societegenerale/commons/plugin/rules/NoTestIgnoreRuleTest.java: Some input files use unchecked or unsafe operations.
[INFO] /tmp/tmpkfhv47m4/arch-unit-build-plugin-core/src/main/java/com/societegenerale/commons/plugin/rules/NoTestIgnoreRuleTest.java: Recompile with -Xlint:unchecked for details.
[INFO] 
[INFO] --- maven-resources-plugin:3.1.0:testResources (default-testResources) @ arch-unit-build-plugin-core ---
[INFO] Using 'UTF-8' encoding to copy filtered resources.
[INFO] Copying 1 resource
[INFO] 
[INFO] --- maven-compiler-plugin:3.8.1:testCompile (default-testCompile) @ arch-unit-build-plugin-core ---
[INFO] Changes detected - recompiling the module!
[INFO] Compiling 82 source files to /tmp/tmpkfhv47m4/arch-unit-build-plugin-core/target/test-classes
[INFO] /tmp/tmpkfhv47m4/arch-unit-build-plugin-core/src/test/java/com/societegenerale/aut/main/ObjectWithAdateField.java: /tmp/tmpkfhv47m4/arch-unit-build-plugin-core/src/test/java/com/societegenerale/aut/main/ObjectWithAdateField.java uses or overrides a deprecated API.
[INFO] /tmp/tmpkfhv47m4/arch-unit-build-plugin-core/src/test/java/com/societegenerale/aut/main/ObjectWithAdateField.java: Recompile with -Xlint:deprecation for details.
[INFO] 
[INFO] --- maven-resources-plugin:3.1.0:testResources (copy-aut-classes-to-destination) @ arch-unit-build-plugin-core ---
[INFO] Using 'UTF-8' encoding to copy filtered resources.
[INFO] Copying 21 resources
[INFO] 
[INFO] --- maven-resources-plugin:3.1.0:testResources (copy-aut-test-classes-to-destination) @ arch-unit-build-plugin-core ---
[INFO] Using 'UTF-8' encoding to copy filtered resources.
[INFO] Copying 38 resources
[INFO] 
[INFO] --- maven-surefire-plugin:2.19.1:test (default-test) @ arch-unit-build-plugin-core ---
[INFO] Surefire report directory: /tmp/tmpkfhv47m4/arch-unit-build-plugin-core/target/surefire-reports

-------------------------------------------------------
 T E S T S
-------------------------------------------------------
Running com.societegenerale.aut.test.MethodWithCorrectNameStartingWithTestTest
Tests run: 1, Failures: 0, Errors: 0, Skipped: 0, Time elapsed: 0.03 sec - in com.societegenerale.aut.test.MethodWithCorrectNameStartingWithTestTest
Running com.societegenerale.aut.test.ClassWithCorrectName1Test
Tests run: 1, Failures: 0, Errors: 0, Skipped: 0, Time elapsed: 0.001 sec - in com.societegenerale.aut.test.ClassWithCorrectName1Test
Running com.societegenerale.aut.test.MethodWithIncorrectNameTest
Tests run: 1, Failures: 0, Errors: 0, Skipped: 0, Time elapsed: 0 sec - in com.societegenerale.aut.test.MethodWithIncorrectNameTest
Running com.societegenerale.aut.test.MethodWithCorrectNameStartingWithShouldTest
Tests run: 1, Failures: 0, Errors: 0, Skipped: 0, Time elapsed: 0 sec - in com.societegenerale.aut.test.MethodWithCorrectNameStartingWithShouldTest
Running com.societegenerale.commons.plugin.utils.ReflectionUtilsTest
Tests run: 1, Failures: 0, Errors: 0, Skipped: 0, Time elapsed: 0.22 sec - in com.societegenerale.commons.plugin.utils.ReflectionUtilsTest
Running com.societegenerale.commons.plugin.service.RuleInvokerServiceTest
Tests run: 9, Failures: 0, Errors: 0, Skipped: 0, Time elapsed: 1.32 sec - in com.societegenerale.commons.plugin.service.RuleInvokerServiceTest
Running com.societegenerale.commons.plugin.rules.NoStandardStreamRuleTestTest
Tests run: 1, Failures: 0, Errors: 0, Skipped: 0, Time elapsed: 0.017 sec - in com.societegenerale.commons.plugin.rules.NoStandardStreamRuleTestTest
Running com.societegenerale.commons.plugin.rules.ConstantsAndStaticNonFinalFieldsNamesRuleTestTest
Tests run: 6, Failures: 0, Errors: 0, Skipped: 0, Time elapsed: 0.1 sec - in com.societegenerale.commons.plugin.rules.ConstantsAndStaticNonFinalFieldsNamesRuleTestTest
Running com.societegenerale.commons.plugin.rules.NoPowerMockRuleTestTest
Tests run: 2, Failures: 0, Errors: 0, Skipped: 0, Time elapsed: 0.315 sec - in com.societegenerale.commons.plugin.rules.NoPowerMockRuleTestTest
Running com.societegenerale.commons.plugin.rules.TestMethodsNamingRuleTestTest
Tests run: 2, Failures: 0, Errors: 0, Skipped: 0, Time elapsed: 0.016 sec - in com.societegenerale.commons.plugin.rules.TestMethodsNamingRuleTestTest
Running com.societegenerale.commons.plugin.rules.StringFieldsThatAreActuallyDatesRuleTestTest
Tests run: 2, Failures: 0, Errors: 0, Skipped: 0, Time elapsed: 0.009 sec - in com.societegenerale.commons.plugin.rules.StringFieldsThatAreActuallyDatesRuleTestTest
Running com.societegenerale.commons.plugin.rules.DontReturnNullCollectionTestTest
Tests run: 2, Failures: 0, Errors: 0, Skipped: 0, Time elapsed: 0.015 sec - in com.societegenerale.commons.plugin.rules.DontReturnNullCollectionTestTest
Running com.societegenerale.commons.plugin.rules.NoJodaTimeRuleTestTest
Tests run: 3, Failures: 0, Errors: 0, Skipped: 0, Time elapsed: 0.085 sec - in com.societegenerale.commons.plugin.rules.NoJodaTimeRuleTestTest
Running com.societegenerale.commons.plugin.rules.NoAutowiredFieldTestTest
Tests run: 2, Failures: 0, Errors: 0, Skipped: 0, Time elapsed: 0.018 sec - in com.societegenerale.commons.plugin.rules.NoAutowiredFieldTestTest
Running com.societegenerale.commons.plugin.rules.NoJavaUtilDateRuleTestTest
Tests run: 2, Failures: 0, Errors: 0, Skipped: 0, Time elapsed: 0.03 sec - in com.societegenerale.commons.plugin.rules.NoJavaUtilDateRuleTestTest
Running com.societegenerale.commons.plugin.rules.NoTestIgnoreWithoutCommentRuleTestTest
Tests run: 2, Failures: 0, Errors: 0, Skipped: 0, Time elapsed: 0.367 sec - in com.societegenerale.commons.plugin.rules.NoTestIgnoreWithoutCommentRuleTestTest
Running com.societegenerale.commons.plugin.rules.NoPublicFieldRuleTestTest
Tests run: 2, Failures: 0, Errors: 0, Skipped: 0, Time elapsed: 0.007 sec - in com.societegenerale.commons.plugin.rules.NoPublicFieldRuleTestTest
Running com.societegenerale.commons.plugin.rules.ArchUtilsTest
Tests run: 3, Failures: 1, Errors: 0, Skipped: 0, Time elapsed: 15.702 sec <<< FAILURE! - in com.societegenerale.commons.plugin.rules.ArchUtilsTest
shouldLoadAllClassesWhenGivenPakageDoesntExist(com.societegenerale.commons.plugin.rules.ArchUtilsTest)  Time elapsed: 3.136 sec  <<< FAILURE!
org.junit.ComparisonFailure: expected:<[32]L> but was:<[1169]L>
	at com.societegenerale.commons.plugin.rules.ArchUtilsTest.shouldLoadAllClassesWhenGivenPakageDoesntExist(ArchUtilsTest.java:39)

Running com.societegenerale.commons.plugin.rules.HexagonalArchitectureTestTest
Tests run: 7, Failures: 0, Errors: 0, Skipped: 0, Time elapsed: 0.136 sec - in com.societegenerale.commons.plugin.rules.HexagonalArchitectureTestTest
Running com.societegenerale.commons.plugin.rules.NoPrefixForInterfacesRuleTestTest
Tests run: 2, Failures: 0, Errors: 0, Skipped: 0, Time elapsed: 0.013 sec - in com.societegenerale.commons.plugin.rules.NoPrefixForInterfacesRuleTestTest
Running com.societegenerale.commons.plugin.rules.NoTestIgnoreRuleTestTest
Tests run: 3, Failures: 0, Errors: 0, Skipped: 0, Time elapsed: 0.275 sec - in com.societegenerale.commons.plugin.rules.NoTestIgnoreRuleTestTest
Running com.societegenerale.commons.plugin.rules.TestClassesNamingRuleTestTest
Tests run: 3, Failures: 0, Errors: 0, Skipped: 0, Time elapsed: 0.02 sec - in com.societegenerale.commons.plugin.rules.TestClassesNamingRuleTestTest
Running com.societegenerale.commons.plugin.rules.NoInjectedFieldTestTest
Tests run: 2, Failures: 0, Errors: 0, Skipped: 0, Time elapsed: 0.012 sec - in com.societegenerale.commons.plugin.rules.NoInjectedFieldTestTest
Running com.societegenerale.commons.plugin.rules.FinalNonStaticFieldsHaveToBeStaticFinalFieldsRuleTestTest
Tests run: 2, Failures: 0, Errors: 0, Skipped: 0, Time elapsed: 0.004 sec - in com.societegenerale.commons.plugin.rules.FinalNonStaticFieldsHaveToBeStaticFinalFieldsRuleTestTest
Running com.societegenerale.commons.plugin.rules.NoJunitAssertRuleTestTest
Tests run: 3, Failures: 0, Errors: 0, Skipped: 0, Time elapsed: 0.167 sec - in com.societegenerale.commons.plugin.rules.NoJunitAssertRuleTestTest

Results :

Failed tests: 
  ArchUtilsTest.shouldLoadAllClassesWhenGivenPakageDoesntExist:39 expected:<[32]L> but was:<[1169]L>

Tests run: 65, Failures: 1, Errors: 0, Skipped: 0

[ERROR] There are test failures.

Please refer to /tmp/tmpkfhv47m4/arch-unit-build-plugin-core/target/surefire-reports for the individual test results.
[INFO] 
[INFO] --- jacoco-maven-plugin:0.8.5:report (report) @ arch-unit-build-plugin-core ---
[INFO] Loading execution data file /tmp/tmpkfhv47m4/arch-unit-build-plugin-core/target/jacoco.exec
[INFO] Analyzed bundle 'ArchUnit plugin core' with 3821 classes
[INFO] ------------------------------------------------------------------------
[INFO] BUILD SUCCESS
[INFO] ------------------------------------------------------------------------
[INFO] Total time:  01:18 min
[INFO] Finished at: 2020-07-31T08:56:47Z
[INFO] ------------------------------------------------------------------------
