[INFO] Error stacktraces are turned on.
[INFO] Scanning for projects...
[WARNING] The POM for org.jenkins-ci.tools:maven-hpi-plugin:jar:2.1 is missing, no dependency information available
[WARNING] Failed to build parent project for org.jenkins-ci.plugins:token-macro:hpi:2.6
[INFO] 
[INFO] -----------------< org.jenkins-ci.plugins:token-macro >-----------------
[INFO] Building Token Macro Plugin 2.6
[INFO] --------------------------------[ hpi ]---------------------------------
[INFO] 
[INFO] --- maven-hpi-plugin:2.1:validate (default-validate) @ token-macro ---
[INFO] 
[INFO] --- maven-enforcer-plugin:3.0.0-M1:display-info (display-info) @ token-macro ---
[INFO] Maven Version: 3.6.3
[INFO] JDK Version: 1.8.0_262 normalized as: 1.8.0-262
[INFO] OS Info: Arch: amd64 Family: unix Name: linux Version: 4.15.0-109-generic
[INFO] 
[INFO] --- maven-enforcer-plugin:3.0.0-M1:enforce (display-info) @ token-macro ---
[INFO] Ignoring requireUpperBoundDeps in com.google.guava:guava
[INFO] Ignoring requireUpperBoundDeps in com.google.code.findbugs:jsr305
[INFO] 
[INFO] --- maven-localizer-plugin:1.24:generate (default) @ token-macro ---
[INFO] 
[INFO] >>> maven-javadoc-plugin:2.10.4:javadoc (default) > generate-sources @ token-macro >>>
[INFO] 
[INFO] --- maven-hpi-plugin:2.1:validate (default-validate) @ token-macro ---
[INFO] 
[INFO] --- maven-enforcer-plugin:3.0.0-M1:display-info (display-info) @ token-macro ---
[INFO] Maven Version: 3.6.3
[INFO] JDK Version: 1.8.0_262 normalized as: 1.8.0-262
[INFO] OS Info: Arch: amd64 Family: unix Name: linux Version: 4.15.0-109-generic
[INFO] 
[INFO] --- maven-enforcer-plugin:3.0.0-M1:enforce (display-info) @ token-macro ---
[INFO] Ignoring requireUpperBoundDeps in com.google.guava:guava
[INFO] Ignoring requireUpperBoundDeps in com.google.code.findbugs:jsr305
[INFO] 
[INFO] --- maven-localizer-plugin:1.24:generate (default) @ token-macro ---
[INFO] 
[INFO] <<< maven-javadoc-plugin:2.10.4:javadoc (default) < generate-sources @ token-macro <<<
[INFO] 
[INFO] 
[INFO] --- maven-javadoc-plugin:2.10.4:javadoc (default) @ token-macro ---
[INFO] Skipping javadoc generation
[INFO] 
[INFO] --- maven-resources-plugin:3.0.2:resources (default-resources) @ token-macro ---
[INFO] Using 'UTF-8' encoding to copy filtered resources.
[INFO] Copying 25 resources
[INFO] 
[INFO] --- maven-compiler-plugin:3.6.1:compile (default-compile) @ token-macro ---
[INFO] Changes detected - recompiling the module!
[INFO] Compiling 35 source files to /tmp/tmpad6lklq0/token-macro-plugin/target/classes
[INFO] /tmp/tmpad6lklq0/token-macro-plugin/src/main/java/org/jenkinsci/plugins/tokenmacro/TokenMacro.java: Some input files use unchecked or unsafe operations.
[INFO] /tmp/tmpad6lklq0/token-macro-plugin/src/main/java/org/jenkinsci/plugins/tokenmacro/TokenMacro.java: Recompile with -Xlint:unchecked for details.
[INFO] 
[INFO] --- access-modifier-checker:1.8:enforce (default-enforce) @ token-macro ---
[INFO] 
[INFO] --- animal-sniffer-maven-plugin:1.15:check (check) @ token-macro ---
[INFO] Signature checking is skipped.
[INFO] 
[INFO] --- maven-hpi-plugin:2.1:insert-test (default-insert-test) @ token-macro ---
[INFO] 
[INFO] --- gmaven-plugin:1.5-jenkins-3:generateTestStubs (test-in-groovy) @ token-macro ---
[INFO] No sources found for Java stub generation
[INFO] 
[INFO] --- maven-resources-plugin:3.0.2:testResources (default-testResources) @ token-macro ---
[INFO] Using 'UTF-8' encoding to copy filtered resources.
[INFO] Copying 2 resources
[INFO] 
[INFO] --- maven-compiler-plugin:3.6.1:testCompile (default-testCompile) @ token-macro ---
[INFO] Changes detected - recompiling the module!
[INFO] Compiling 28 source files to /tmp/tmpad6lklq0/token-macro-plugin/target/test-classes
[INFO] /tmp/tmpad6lklq0/token-macro-plugin/src/test/java/org/jenkinsci/plugins/tokenmacro/impl/ChangesSinceLastSuccessfulBuildMacroTest.java: Some input files use or override a deprecated API.
[INFO] /tmp/tmpad6lklq0/token-macro-plugin/src/test/java/org/jenkinsci/plugins/tokenmacro/impl/ChangesSinceLastSuccessfulBuildMacroTest.java: Recompile with -Xlint:deprecation for details.
[INFO] /tmp/tmpad6lklq0/token-macro-plugin/src/test/java/org/jenkinsci/plugins/tokenmacro/TokenMacroTest.java: /tmp/tmpad6lklq0/token-macro-plugin/src/test/java/org/jenkinsci/plugins/tokenmacro/TokenMacroTest.java uses unchecked or unsafe operations.
[INFO] /tmp/tmpad6lklq0/token-macro-plugin/src/test/java/org/jenkinsci/plugins/tokenmacro/TokenMacroTest.java: Recompile with -Xlint:unchecked for details.
[INFO] 
[INFO] --- maven-hpi-plugin:2.1:test-hpl (default-test-hpl) @ token-macro ---
[INFO] Generating /tmp/tmpad6lklq0/token-macro-plugin/target/test-classes/the.hpl
[INFO] 
[INFO] --- maven-hpi-plugin:2.1:resolve-test-dependencies (default-resolve-test-dependencies) @ token-macro ---
[INFO] 
[INFO] --- gmaven-plugin:1.5-jenkins-3:testCompile (test-in-groovy) @ token-macro ---
[INFO] No sources found to compile
[INFO] 
[INFO] --- maven-surefire-plugin:2.20:test (default-test) @ token-macro ---
[INFO] Surefire report directory: /tmp/tmpad6lklq0/token-macro-plugin/target/surefire-reports
[INFO] 
[INFO] -------------------------------------------------------
[INFO]  T E S T S
[INFO] -------------------------------------------------------
[INFO] Running InjectedTest
[INFO] Tests run: 11, Failures: 0, Errors: 0, Skipped: 0, Time elapsed: 11.5 s - in InjectedTest
[INFO] Running org.jenkinsci.plugins.tokenmacro.DataBoundTokenMacroTest
[INFO] Tests run: 4, Failures: 0, Errors: 0, Skipped: 0, Time elapsed: 2.159 s - in org.jenkinsci.plugins.tokenmacro.DataBoundTokenMacroTest
[INFO] Running org.jenkinsci.plugins.tokenmacro.PipelineTest
[INFO] Tests run: 3, Failures: 0, Errors: 0, Skipped: 0, Time elapsed: 4.902 s - in org.jenkinsci.plugins.tokenmacro.PipelineTest
[INFO] Running org.jenkinsci.plugins.tokenmacro.TokenMacroStepTest
[INFO] Tests run: 1, Failures: 0, Errors: 0, Skipped: 0, Time elapsed: 1.564 s - in org.jenkinsci.plugins.tokenmacro.TokenMacroStepTest
[INFO] Running org.jenkinsci.plugins.tokenmacro.TokenMacroTest
[INFO] Tests run: 15, Failures: 0, Errors: 0, Skipped: 0, Time elapsed: 5.83 s - in org.jenkinsci.plugins.tokenmacro.TokenMacroTest
[INFO] Running org.jenkinsci.plugins.tokenmacro.TransformTest
[INFO] Tests run: 3, Failures: 0, Errors: 0, Skipped: 0, Time elapsed: 7.434 s - in org.jenkinsci.plugins.tokenmacro.TransformTest
[INFO] Running org.jenkinsci.plugins.tokenmacro.impl.AdminEmailMacroTest
[INFO] Tests run: 1, Failures: 0, Errors: 0, Skipped: 0, Time elapsed: 1.805 s - in org.jenkinsci.plugins.tokenmacro.impl.AdminEmailMacroTest
[INFO] Running org.jenkinsci.plugins.tokenmacro.impl.BuildCauseMacroTest
[INFO] Tests run: 5, Failures: 0, Errors: 0, Skipped: 0, Time elapsed: 0.109 s - in org.jenkinsci.plugins.tokenmacro.impl.BuildCauseMacroTest
[INFO] Running org.jenkinsci.plugins.tokenmacro.impl.BuildLogExcerptMacroTest
[INFO] Tests run: 4, Failures: 0, Errors: 0, Skipped: 0, Time elapsed: 0.011 s - in org.jenkinsci.plugins.tokenmacro.impl.BuildLogExcerptMacroTest
[INFO] Running org.jenkinsci.plugins.tokenmacro.impl.BuildLogMacroTest
[INFO] Tests run: 5, Failures: 0, Errors: 0, Skipped: 0, Time elapsed: 0.007 s - in org.jenkinsci.plugins.tokenmacro.impl.BuildLogMacroTest
[INFO] Running org.jenkinsci.plugins.tokenmacro.impl.BuildLogMultilineRegexMacroTest
[INFO] Tests run: 15, Failures: 0, Errors: 0, Skipped: 0, Time elapsed: 0.003 s - in org.jenkinsci.plugins.tokenmacro.impl.BuildLogMultilineRegexMacroTest
[INFO] Running org.jenkinsci.plugins.tokenmacro.impl.BuildLogRegexMacroTest
[INFO] Tests run: 18, Failures: 0, Errors: 0, Skipped: 0, Time elapsed: 0.003 s - in org.jenkinsci.plugins.tokenmacro.impl.BuildLogRegexMacroTest
[INFO] Running org.jenkinsci.plugins.tokenmacro.impl.BuildNumberMacroTest
[INFO] Tests run: 1, Failures: 0, Errors: 0, Skipped: 0, Time elapsed: 2.514 s - in org.jenkinsci.plugins.tokenmacro.impl.BuildNumberMacroTest
[INFO] Running org.jenkinsci.plugins.tokenmacro.impl.BuildStatusMacroTest
[INFO] Tests run: 2, Failures: 0, Errors: 0, Skipped: 0, Time elapsed: 8.413 s - in org.jenkinsci.plugins.tokenmacro.impl.BuildStatusMacroTest
[INFO] Running org.jenkinsci.plugins.tokenmacro.impl.ChangesSinceLastBuildMacroTest
[INFO] Tests run: 12, Failures: 0, Errors: 0, Skipped: 0, Time elapsed: 0.036 s - in org.jenkinsci.plugins.tokenmacro.impl.ChangesSinceLastBuildMacroTest
[INFO] Running org.jenkinsci.plugins.tokenmacro.impl.ChangesSinceLastSuccessfulBuildMacroTest
[INFO] Tests run: 12, Failures: 0, Errors: 0, Skipped: 0, Time elapsed: 0.026 s - in org.jenkinsci.plugins.tokenmacro.impl.ChangesSinceLastSuccessfulBuildMacroTest
[INFO] Running org.jenkinsci.plugins.tokenmacro.impl.ChangesSinceLastUnstableBuildMacroTest
[INFO] Tests run: 11, Failures: 0, Errors: 0, Skipped: 0, Time elapsed: 0.02 s - in org.jenkinsci.plugins.tokenmacro.impl.ChangesSinceLastUnstableBuildMacroTest
[INFO] Running org.jenkinsci.plugins.tokenmacro.impl.EnvironmentVariableMacroTest
[INFO] Tests run: 3, Failures: 0, Errors: 0, Skipped: 0, Time elapsed: 19.876 s - in org.jenkinsci.plugins.tokenmacro.impl.EnvironmentVariableMacroTest
[INFO] Running org.jenkinsci.plugins.tokenmacro.impl.JenkinsUrlMacroTest
[INFO] Tests run: 1, Failures: 0, Errors: 0, Skipped: 0, Time elapsed: 3.858 s - in org.jenkinsci.plugins.tokenmacro.impl.JenkinsUrlMacroTest
[INFO] Running org.jenkinsci.plugins.tokenmacro.impl.JobDescriptionMacroTest
[INFO] Tests run: 3, Failures: 0, Errors: 0, Skipped: 0, Time elapsed: 14.707 s - in org.jenkinsci.plugins.tokenmacro.impl.JobDescriptionMacroTest
[INFO] Running org.jenkinsci.plugins.tokenmacro.impl.JsonFileMacroTest
[INFO] Tests run: 6, Failures: 0, Errors: 0, Skipped: 0, Time elapsed: 21.892 s - in org.jenkinsci.plugins.tokenmacro.impl.JsonFileMacroTest
[INFO] Running org.jenkinsci.plugins.tokenmacro.impl.LogRegExMacroTest
[INFO] Tests run: 1, Failures: 0, Errors: 0, Skipped: 0, Time elapsed: 6.202 s - in org.jenkinsci.plugins.tokenmacro.impl.LogRegExMacroTest
[INFO] Running org.jenkinsci.plugins.tokenmacro.impl.ProjectNameMacroTest
[INFO] Tests run: 1, Failures: 0, Errors: 0, Skipped: 0, Time elapsed: 3.578 s - in org.jenkinsci.plugins.tokenmacro.impl.ProjectNameMacroTest
[INFO] Running org.jenkinsci.plugins.tokenmacro.impl.ProjectUrlMacroTest
[INFO] Tests run: 1, Failures: 0, Errors: 0, Skipped: 0, Time elapsed: 3.274 s - in org.jenkinsci.plugins.tokenmacro.impl.ProjectUrlMacroTest
[INFO] Running org.jenkinsci.plugins.tokenmacro.impl.PropertyFromFileMacroTest
[INFO] Tests run: 1, Failures: 0, Errors: 0, Skipped: 0, Time elapsed: 5.059 s - in org.jenkinsci.plugins.tokenmacro.impl.PropertyFromFileMacroTest
[INFO] Running org.jenkinsci.plugins.tokenmacro.impl.UpstreamRunNameMacroTest
[INFO] Tests run: 2, Failures: 0, Errors: 0, Skipped: 0, Time elapsed: 4.437 s - in org.jenkinsci.plugins.tokenmacro.impl.UpstreamRunNameMacroTest
[INFO] Running org.jenkinsci.plugins.tokenmacro.impl.WorkspaceFileMacroTest
[INFO] Tests run: 2, Failures: 0, Errors: 0, Skipped: 0, Time elapsed: 9.366 s - in org.jenkinsci.plugins.tokenmacro.impl.WorkspaceFileMacroTest
[INFO] Running org.jenkinsci.plugins.tokenmacro.impl.XmlFileMacroTest
[INFO] Tests run: 1, Failures: 0, Errors: 0, Skipped: 0, Time elapsed: 3.095 s - in org.jenkinsci.plugins.tokenmacro.impl.XmlFileMacroTest
[INFO] 
[INFO] Results:
[INFO] 
[INFO] Tests run: 145, Failures: 0, Errors: 0, Skipped: 0
[INFO] 
[INFO] 
[INFO] --- maven-license-plugin:1.7:process (default) @ token-macro ---
[INFO] Generated /tmp/tmpad6lklq0/token-macro-plugin/target/token-macro/WEB-INF/licenses.xml
[INFO] 
[INFO] --- maven-hpi-plugin:2.1:hpi (default-hpi) @ token-macro ---
[INFO] Generating /tmp/tmpad6lklq0/token-macro-plugin/target/token-macro/META-INF/MANIFEST.MF
[INFO] Checking for attached .jar artifact ...
[INFO] Generating jar /tmp/tmpad6lklq0/token-macro-plugin/target/token-macro.jar
[INFO] Building jar: /tmp/tmpad6lklq0/token-macro-plugin/target/token-macro.jar
[INFO] Exploding webapp...
[INFO] Copy webapp webResources to /tmp/tmpad6lklq0/token-macro-plugin/target/token-macro
[INFO] Assembling webapp token-macro in /tmp/tmpad6lklq0/token-macro-plugin/target/token-macro
[INFO] Generating hpi /tmp/tmpad6lklq0/token-macro-plugin/target/token-macro.hpi
[INFO] Building jar: /tmp/tmpad6lklq0/token-macro-plugin/target/token-macro.hpi
[INFO] 
[INFO] --- maven-jar-plugin:3.0.2:test-jar (maybe-test-jar) @ token-macro ---
[INFO] Skipping packaging of the test-jar
[INFO] 
[INFO] --- maven-assembly-plugin:3.2.0:single (default) @ token-macro ---
[WARNING] The POM for org.jenkins-ci.tools:maven-hpi-plugin:jar:1.120 is missing, no dependency information available
[WARNING] Failed to build parent project for org.jenkins-ci.plugins.workflow:workflow-step-api:hpi:2.7
[WARNING] The POM for org.jenkins-ci.tools:maven-hpi-plugin:jar:1.119 is missing, no dependency information available
[WARNING] Failed to build parent project for org.jenkins-ci.plugins:structs-parent:pom:1.5
[WARNING] Failed to build parent project for org.jenkins-ci.plugins:structs:hpi:1.5
[WARNING] Failed to build parent project for org.jenkins-ci.plugins:structs-parent:pom:1.5
[WARNING] Failed to build parent project for org.jenkins-ci:symbol-annotation:jar:1.5
[WARNING] The POM for org.jenkins-ci.tools:maven-hpi-plugin:jar:2.1 is missing, no dependency information available
[WARNING] Failed to build parent project for org.jenkins-ci.plugins:token-macro:hpi:2.6
[INFO] ------------------------------------------------------------------------
[INFO] BUILD FAILURE
[INFO] ------------------------------------------------------------------------
[INFO] Total time:  05:00 min
[INFO] Finished at: 2020-08-03T09:59:04Z
[INFO] ------------------------------------------------------------------------
[ERROR] Failed to execute goal org.apache.maven.plugins:maven-assembly-plugin:3.2.0:single (default) on project token-macro: Failed to create assembly: Error adding file-set for 'org.jenkins-ci.plugins:token-macro:hpi:2.6' to archive: Error adding archived file-set. PlexusIoResourceCollection not found for: /tmp/tmpad6lklq0/token-macro-plugin/target/token-macro.hpi: No such archiver: 'hpi'. -> [Help 1]
org.apache.maven.lifecycle.LifecycleExecutionException: Failed to execute goal org.apache.maven.plugins:maven-assembly-plugin:3.2.0:single (default) on project token-macro: Failed to create assembly: Error adding file-set for 'org.jenkins-ci.plugins:token-macro:hpi:2.6' to archive: Error adding archived file-set. PlexusIoResourceCollection not found for: /tmp/tmpad6lklq0/token-macro-plugin/target/token-macro.hpi
    at org.apache.maven.lifecycle.internal.MojoExecutor.execute (MojoExecutor.java:215)
    at org.apache.maven.lifecycle.internal.MojoExecutor.execute (MojoExecutor.java:156)
    at org.apache.maven.lifecycle.internal.MojoExecutor.execute (MojoExecutor.java:148)
    at org.apache.maven.lifecycle.internal.LifecycleModuleBuilder.buildProject (LifecycleModuleBuilder.java:117)
    at org.apache.maven.lifecycle.internal.LifecycleModuleBuilder.buildProject (LifecycleModuleBuilder.java:81)
    at org.apache.maven.lifecycle.internal.builder.singlethreaded.SingleThreadedBuilder.build (SingleThreadedBuilder.java:56)
    at org.apache.maven.lifecycle.internal.LifecycleStarter.execute (LifecycleStarter.java:128)
    at org.apache.maven.DefaultMaven.doExecute (DefaultMaven.java:305)
    at org.apache.maven.DefaultMaven.doExecute (DefaultMaven.java:192)
    at org.apache.maven.DefaultMaven.execute (DefaultMaven.java:105)
    at org.apache.maven.cli.MavenCli.execute (MavenCli.java:957)
    at org.apache.maven.cli.MavenCli.doMain (MavenCli.java:289)
    at org.apache.maven.cli.MavenCli.main (MavenCli.java:193)
    at sun.reflect.NativeMethodAccessorImpl.invoke0 (Native Method)
    at sun.reflect.NativeMethodAccessorImpl.invoke (NativeMethodAccessorImpl.java:62)
    at sun.reflect.DelegatingMethodAccessorImpl.invoke (DelegatingMethodAccessorImpl.java:43)
    at java.lang.reflect.Method.invoke (Method.java:498)
    at org.codehaus.plexus.classworlds.launcher.Launcher.launchEnhanced (Launcher.java:282)
    at org.codehaus.plexus.classworlds.launcher.Launcher.launch (Launcher.java:225)
    at org.codehaus.plexus.classworlds.launcher.Launcher.mainWithExitCode (Launcher.java:406)
    at org.codehaus.plexus.classworlds.launcher.Launcher.main (Launcher.java:347)
Caused by: org.apache.maven.plugin.MojoExecutionException: Failed to create assembly: Error adding file-set for 'org.jenkins-ci.plugins:token-macro:hpi:2.6' to archive: Error adding archived file-set. PlexusIoResourceCollection not found for: /tmp/tmpad6lklq0/token-macro-plugin/target/token-macro.hpi
    at org.apache.maven.plugins.assembly.mojos.AbstractAssemblyMojo.execute (AbstractAssemblyMojo.java:542)
    at org.apache.maven.plugins.assembly.mojos.SingleAssemblyMojo.execute (SingleAssemblyMojo.java:61)
    at org.apache.maven.plugin.DefaultBuildPluginManager.executeMojo (DefaultBuildPluginManager.java:137)
    at org.apache.maven.lifecycle.internal.MojoExecutor.execute (MojoExecutor.java:210)
    at org.apache.maven.lifecycle.internal.MojoExecutor.execute (MojoExecutor.java:156)
    at org.apache.maven.lifecycle.internal.MojoExecutor.execute (MojoExecutor.java:148)
    at org.apache.maven.lifecycle.internal.LifecycleModuleBuilder.buildProject (LifecycleModuleBuilder.java:117)
    at org.apache.maven.lifecycle.internal.LifecycleModuleBuilder.buildProject (LifecycleModuleBuilder.java:81)
    at org.apache.maven.lifecycle.internal.builder.singlethreaded.SingleThreadedBuilder.build (SingleThreadedBuilder.java:56)
    at org.apache.maven.lifecycle.internal.LifecycleStarter.execute (LifecycleStarter.java:128)
    at org.apache.maven.DefaultMaven.doExecute (DefaultMaven.java:305)
    at org.apache.maven.DefaultMaven.doExecute (DefaultMaven.java:192)
    at org.apache.maven.DefaultMaven.execute (DefaultMaven.java:105)
    at org.apache.maven.cli.MavenCli.execute (MavenCli.java:957)
    at org.apache.maven.cli.MavenCli.doMain (MavenCli.java:289)
    at org.apache.maven.cli.MavenCli.main (MavenCli.java:193)
    at sun.reflect.NativeMethodAccessorImpl.invoke0 (Native Method)
    at sun.reflect.NativeMethodAccessorImpl.invoke (NativeMethodAccessorImpl.java:62)
    at sun.reflect.DelegatingMethodAccessorImpl.invoke (DelegatingMethodAccessorImpl.java:43)
    at java.lang.reflect.Method.invoke (Method.java:498)
    at org.codehaus.plexus.classworlds.launcher.Launcher.launchEnhanced (Launcher.java:282)
    at org.codehaus.plexus.classworlds.launcher.Launcher.launch (Launcher.java:225)
    at org.codehaus.plexus.classworlds.launcher.Launcher.mainWithExitCode (Launcher.java:406)
    at org.codehaus.plexus.classworlds.launcher.Launcher.main (Launcher.java:347)
Caused by: org.apache.maven.plugins.assembly.archive.ArchiveCreationException: Error adding file-set for 'org.jenkins-ci.plugins:token-macro:hpi:2.6' to archive: Error adding archived file-set. PlexusIoResourceCollection not found for: /tmp/tmpad6lklq0/token-macro-plugin/target/token-macro.hpi
    at org.apache.maven.plugins.assembly.archive.task.AddArtifactTask.unpacked (AddArtifactTask.java:239)
    at org.apache.maven.plugins.assembly.archive.task.AddArtifactTask.execute (AddArtifactTask.java:128)
    at org.apache.maven.plugins.assembly.archive.task.AddDependencySetsTask.addNormalArtifact (AddDependencySetsTask.java:263)
    at org.apache.maven.plugins.assembly.archive.task.AddDependencySetsTask.addDependencySet (AddDependencySetsTask.java:175)
    at org.apache.maven.plugins.assembly.archive.task.AddDependencySetsTask.execute (AddDependencySetsTask.java:120)
    at org.apache.maven.plugins.assembly.archive.phase.DependencySetAssemblyPhase.execute (DependencySetAssemblyPhase.java:104)
    at org.apache.maven.plugins.assembly.archive.DefaultAssemblyArchiver.createArchive (DefaultAssemblyArchiver.java:182)
    at org.apache.maven.plugins.assembly.mojos.AbstractAssemblyMojo.execute (AbstractAssemblyMojo.java:488)
    at org.apache.maven.plugins.assembly.mojos.SingleAssemblyMojo.execute (SingleAssemblyMojo.java:61)
    at org.apache.maven.plugin.DefaultBuildPluginManager.executeMojo (DefaultBuildPluginManager.java:137)
    at org.apache.maven.lifecycle.internal.MojoExecutor.execute (MojoExecutor.java:210)
    at org.apache.maven.lifecycle.internal.MojoExecutor.execute (MojoExecutor.java:156)
    at org.apache.maven.lifecycle.internal.MojoExecutor.execute (MojoExecutor.java:148)
    at org.apache.maven.lifecycle.internal.LifecycleModuleBuilder.buildProject (LifecycleModuleBuilder.java:117)
    at org.apache.maven.lifecycle.internal.LifecycleModuleBuilder.buildProject (LifecycleModuleBuilder.java:81)
    at org.apache.maven.lifecycle.internal.builder.singlethreaded.SingleThreadedBuilder.build (SingleThreadedBuilder.java:56)
    at org.apache.maven.lifecycle.internal.LifecycleStarter.execute (LifecycleStarter.java:128)
    at org.apache.maven.DefaultMaven.doExecute (DefaultMaven.java:305)
    at org.apache.maven.DefaultMaven.doExecute (DefaultMaven.java:192)
    at org.apache.maven.DefaultMaven.execute (DefaultMaven.java:105)
    at org.apache.maven.cli.MavenCli.execute (MavenCli.java:957)
    at org.apache.maven.cli.MavenCli.doMain (MavenCli.java:289)
    at org.apache.maven.cli.MavenCli.main (MavenCli.java:193)
    at sun.reflect.NativeMethodAccessorImpl.invoke0 (Native Method)
    at sun.reflect.NativeMethodAccessorImpl.invoke (NativeMethodAccessorImpl.java:62)
    at sun.reflect.DelegatingMethodAccessorImpl.invoke (DelegatingMethodAccessorImpl.java:43)
    at java.lang.reflect.Method.invoke (Method.java:498)
    at org.codehaus.plexus.classworlds.launcher.Launcher.launchEnhanced (Launcher.java:282)
    at org.codehaus.plexus.classworlds.launcher.Launcher.launch (Launcher.java:225)
    at org.codehaus.plexus.classworlds.launcher.Launcher.mainWithExitCode (Launcher.java:406)
    at org.codehaus.plexus.classworlds.launcher.Launcher.main (Launcher.java:347)
Caused by: org.codehaus.plexus.archiver.ArchiverException: Error adding archived file-set. PlexusIoResourceCollection not found for: /tmp/tmpad6lklq0/token-macro-plugin/target/token-macro.hpi
    at org.codehaus.plexus.archiver.AbstractArchiver.asResourceCollection (AbstractArchiver.java:761)
    at org.codehaus.plexus.archiver.AbstractArchiver.addArchivedFileSet (AbstractArchiver.java:836)
    at org.apache.maven.plugins.assembly.archive.archiver.AssemblyProxyArchiver.addArchivedFileSet (AssemblyProxyArchiver.java:697)
    at org.apache.maven.plugins.assembly.archive.task.AddArtifactTask.unpacked (AddArtifactTask.java:234)
    at org.apache.maven.plugins.assembly.archive.task.AddArtifactTask.execute (AddArtifactTask.java:128)
    at org.apache.maven.plugins.assembly.archive.task.AddDependencySetsTask.addNormalArtifact (AddDependencySetsTask.java:263)
    at org.apache.maven.plugins.assembly.archive.task.AddDependencySetsTask.addDependencySet (AddDependencySetsTask.java:175)
    at org.apache.maven.plugins.assembly.archive.task.AddDependencySetsTask.execute (AddDependencySetsTask.java:120)
    at org.apache.maven.plugins.assembly.archive.phase.DependencySetAssemblyPhase.execute (DependencySetAssemblyPhase.java:104)
    at org.apache.maven.plugins.assembly.archive.DefaultAssemblyArchiver.createArchive (DefaultAssemblyArchiver.java:182)
    at org.apache.maven.plugins.assembly.mojos.AbstractAssemblyMojo.execute (AbstractAssemblyMojo.java:488)
    at org.apache.maven.plugins.assembly.mojos.SingleAssemblyMojo.execute (SingleAssemblyMojo.java:61)
    at org.apache.maven.plugin.DefaultBuildPluginManager.executeMojo (DefaultBuildPluginManager.java:137)
    at org.apache.maven.lifecycle.internal.MojoExecutor.execute (MojoExecutor.java:210)
    at org.apache.maven.lifecycle.internal.MojoExecutor.execute (MojoExecutor.java:156)
    at org.apache.maven.lifecycle.internal.MojoExecutor.execute (MojoExecutor.java:148)
    at org.apache.maven.lifecycle.internal.LifecycleModuleBuilder.buildProject (LifecycleModuleBuilder.java:117)
    at org.apache.maven.lifecycle.internal.LifecycleModuleBuilder.buildProject (LifecycleModuleBuilder.java:81)
    at org.apache.maven.lifecycle.internal.builder.singlethreaded.SingleThreadedBuilder.build (SingleThreadedBuilder.java:56)
    at org.apache.maven.lifecycle.internal.LifecycleStarter.execute (LifecycleStarter.java:128)
    at org.apache.maven.DefaultMaven.doExecute (DefaultMaven.java:305)
    at org.apache.maven.DefaultMaven.doExecute (DefaultMaven.java:192)
    at org.apache.maven.DefaultMaven.execute (DefaultMaven.java:105)
    at org.apache.maven.cli.MavenCli.execute (MavenCli.java:957)
    at org.apache.maven.cli.MavenCli.doMain (MavenCli.java:289)
    at org.apache.maven.cli.MavenCli.main (MavenCli.java:193)
    at sun.reflect.NativeMethodAccessorImpl.invoke0 (Native Method)
    at sun.reflect.NativeMethodAccessorImpl.invoke (NativeMethodAccessorImpl.java:62)
    at sun.reflect.DelegatingMethodAccessorImpl.invoke (DelegatingMethodAccessorImpl.java:43)
    at java.lang.reflect.Method.invoke (Method.java:498)
    at org.codehaus.plexus.classworlds.launcher.Launcher.launchEnhanced (Launcher.java:282)
    at org.codehaus.plexus.classworlds.launcher.Launcher.launch (Launcher.java:225)
    at org.codehaus.plexus.classworlds.launcher.Launcher.mainWithExitCode (Launcher.java:406)
    at org.codehaus.plexus.classworlds.launcher.Launcher.main (Launcher.java:347)
Caused by: org.codehaus.plexus.archiver.manager.NoSuchArchiverException: No such archiver: 'hpi'.
    at org.codehaus.plexus.archiver.manager.DefaultArchiverManager.getResourceCollection (DefaultArchiverManager.java:94)
    at org.codehaus.plexus.archiver.manager.DefaultArchiverManager.getResourceCollection (DefaultArchiverManager.java:140)
    at org.codehaus.plexus.archiver.AbstractArchiver.asResourceCollection (AbstractArchiver.java:757)
    at org.codehaus.plexus.archiver.AbstractArchiver.addArchivedFileSet (AbstractArchiver.java:836)
    at org.apache.maven.plugins.assembly.archive.archiver.AssemblyProxyArchiver.addArchivedFileSet (AssemblyProxyArchiver.java:697)
    at org.apache.maven.plugins.assembly.archive.task.AddArtifactTask.unpacked (AddArtifactTask.java:234)
    at org.apache.maven.plugins.assembly.archive.task.AddArtifactTask.execute (AddArtifactTask.java:128)
    at org.apache.maven.plugins.assembly.archive.task.AddDependencySetsTask.addNormalArtifact (AddDependencySetsTask.java:263)
    at org.apache.maven.plugins.assembly.archive.task.AddDependencySetsTask.addDependencySet (AddDependencySetsTask.java:175)
    at org.apache.maven.plugins.assembly.archive.task.AddDependencySetsTask.execute (AddDependencySetsTask.java:120)
    at org.apache.maven.plugins.assembly.archive.phase.DependencySetAssemblyPhase.execute (DependencySetAssemblyPhase.java:104)
    at org.apache.maven.plugins.assembly.archive.DefaultAssemblyArchiver.createArchive (DefaultAssemblyArchiver.java:182)
    at org.apache.maven.plugins.assembly.mojos.AbstractAssemblyMojo.execute (AbstractAssemblyMojo.java:488)
    at org.apache.maven.plugins.assembly.mojos.SingleAssemblyMojo.execute (SingleAssemblyMojo.java:61)
    at org.apache.maven.plugin.DefaultBuildPluginManager.executeMojo (DefaultBuildPluginManager.java:137)
    at org.apache.maven.lifecycle.internal.MojoExecutor.execute (MojoExecutor.java:210)
    at org.apache.maven.lifecycle.internal.MojoExecutor.execute (MojoExecutor.java:156)
    at org.apache.maven.lifecycle.internal.MojoExecutor.execute (MojoExecutor.java:148)
    at org.apache.maven.lifecycle.internal.LifecycleModuleBuilder.buildProject (LifecycleModuleBuilder.java:117)
    at org.apache.maven.lifecycle.internal.LifecycleModuleBuilder.buildProject (LifecycleModuleBuilder.java:81)
    at org.apache.maven.lifecycle.internal.builder.singlethreaded.SingleThreadedBuilder.build (SingleThreadedBuilder.java:56)
    at org.apache.maven.lifecycle.internal.LifecycleStarter.execute (LifecycleStarter.java:128)
    at org.apache.maven.DefaultMaven.doExecute (DefaultMaven.java:305)
    at org.apache.maven.DefaultMaven.doExecute (DefaultMaven.java:192)
    at org.apache.maven.DefaultMaven.execute (DefaultMaven.java:105)
    at org.apache.maven.cli.MavenCli.execute (MavenCli.java:957)
    at org.apache.maven.cli.MavenCli.doMain (MavenCli.java:289)
    at org.apache.maven.cli.MavenCli.main (MavenCli.java:193)
    at sun.reflect.NativeMethodAccessorImpl.invoke0 (Native Method)
    at sun.reflect.NativeMethodAccessorImpl.invoke (NativeMethodAccessorImpl.java:62)
    at sun.reflect.DelegatingMethodAccessorImpl.invoke (DelegatingMethodAccessorImpl.java:43)
    at java.lang.reflect.Method.invoke (Method.java:498)
    at org.codehaus.plexus.classworlds.launcher.Launcher.launchEnhanced (Launcher.java:282)
    at org.codehaus.plexus.classworlds.launcher.Launcher.launch (Launcher.java:225)
    at org.codehaus.plexus.classworlds.launcher.Launcher.mainWithExitCode (Launcher.java:406)
    at org.codehaus.plexus.classworlds.launcher.Launcher.main (Launcher.java:347)
[ERROR] 
[ERROR] Re-run Maven using the -X switch to enable full debug logging.
[ERROR] 
[ERROR] For more information about the errors and possible solutions, please read the following articles:
[ERROR] [Help 1] http://cwiki.apache.org/confluence/display/MAVEN/MojoExecutionException
[INFO] Build failures were ignored.
